{
    "0": {
        "@timestamp": "2022-10-07T09:58:09.099Z",
        "host": {
            "ip": [
                "fe80::7cd2:efa8:dba2:6fc0",
                "169.254.111.192",
                "fe80::e431:7896:8d85:5aa",
                "172.21.208.1",
                "fe80::48ae:546b:7a20:7f52",
                "172.30.112.1",
                "fe80::bc21:1b56:1d1:4b9f",
                "169.254.75.159",
                "fe80::4807:9ca5:cd67:6ac6",
                "169.254.106.198",
                "fe80::e097:4ef1:6314:5a55",
                "169.254.90.85",
                "fe80::d55:b4a9:26a4:7406",
                "192.168.1.102",
                "fe80::211f:b772:c6da:bfb3",
                "172.27.16.1",
                "fe80::f90c:d738:c01c:abc6",
                "172.28.192.1"
            ],
            "name": "Elmo"
        },
        "winlog": {
            "provider_guid": "{5770385f-c22a-43e0-bf4c-06f5698ffbd9}",
            "task": "Process Create (rule: ProcessCreate)",
            "computer_name": "Elmo",
            "provider_name": "Microsoft-Windows-Sysmon",
            "event_data": {
                "Image": "C:\\Program Files\\Wireshark\\dumpcap.exe",
                "FileVersion": "3.6.2",
                "Company": "The Wireshark developer community",
                "ProcessGuid": "{dd01dab0-f831-633f-6e4e-010000004600}",
                "Hashes": "MD5=A85C48F3129B10CF5593FBF3B02836FF",
                "OriginalFileName": "Dumpcap.exe",
                "ParentProcessGuid": "{dd01dab0-f830-633f-6d4e-010000004600}",
                "IntegrityLevel": "High",
                "ParentProcessId": "20300",
                "Description": "Dumpcap",
                "CurrentDirectory": "C:\\Users\\mrdor\\PycharmProjects\\Hunterbee\\client\\wireshark\\",
                "ProcessId": "6048",
                "RuleName": "-",
                "ParentCommandLine": "\"C:/Program Files/Wireshark/tshark.exe\" -D",
                "UtcTime": "2022-10-07 09:58:09.097",
                "Product": "Dumpcap",
                "User": "ELMO\\mrdor",
                "LogonId": "0x262837e6",
                "LogonGuid": "{dd01dab0-b9ee-633f-e637-282600000000}",
                "ParentImage": "C:\\Program Files\\Wireshark\\tshark.exe",
                "ParentUser": "ELMO\\mrdor",
                "CommandLine": "\"C:\\Program Files\\Wireshark\\dumpcap.exe\" -D -Z none",
                "TerminalSessionId": "4"
            }
        }
    },
    "1": {
        "@timestamp": "2022-10-07T09:58:09.249Z",
        "host": {
            "name": "Elmo",
            "ip": [
                "fe80::7cd2:efa8:dba2:6fc0",
                "169.254.111.192",
                "fe80::e431:7896:8d85:5aa",
                "172.21.208.1",
                "fe80::48ae:546b:7a20:7f52",
                "172.30.112.1",
                "fe80::bc21:1b56:1d1:4b9f",
                "169.254.75.159",
                "fe80::4807:9ca5:cd67:6ac6",
                "169.254.106.198",
                "fe80::e097:4ef1:6314:5a55",
                "169.254.90.85",
                "fe80::d55:b4a9:26a4:7406",
                "192.168.1.102",
                "fe80::211f:b772:c6da:bfb3",
                "172.27.16.1",
                "fe80::f90c:d738:c01c:abc6",
                "172.28.192.1"
            ]
        },
        "winlog": {
            "computer_name": "Elmo",
            "event_data": {
                "ParentImage": "C:\\Users\\mrdor\\AppData\\Local\\Programs\\Python\\Python39\\python.exe",
                "UtcTime": "2022-10-07 09:58:09.247",
                "CommandLine": "\"C:/Program Files/Wireshark/tshark.exe\" -l -n -T pdml -c 25 -w C:/Users/mrdor/PycharmProjects/Hunterbee/client/tempfiles/Logs/Wireshark/wireshark-logs-114.pcap -i -",
                "ParentCommandLine": "C:\\Users\\mrdor\\AppData\\Local\\Programs\\Python\\Python39\\python.exe C:/Users/mrdor/PycharmProjects/Hunterbee/client/wireshark/wireshark_interface.py",
                "User": "ELMO\\mrdor",
                "CurrentDirectory": "C:\\Users\\mrdor\\PycharmProjects\\Hunterbee\\client\\wireshark\\",
                "ParentProcessId": "22388",
                "Description": "TShark",
                "ProcessId": "13388",
                "IntegrityLevel": "High",
                "ProcessGuid": "{dd01dab0-f831-633f-704e-010000004600}",
                "OriginalFileName": "TShark.exe",
                "ParentProcessGuid": "{dd01dab0-f517-633f-4847-010000004600}",
                "Image": "C:\\Program Files\\Wireshark\\tshark.exe",
                "Product": "TShark",
                "Company": "The Wireshark developer community",
                "ParentUser": "ELMO\\mrdor",
                "Hashes": "MD5=2C7476F44C33FE4FE26600AE7AE3900D",
                "RuleName": "-",
                "LogonGuid": "{dd01dab0-b9ee-633f-e637-282600000000}",
                "FileVersion": "3.6.2",
                "LogonId": "0x262837e6",
                "TerminalSessionId": "4"
            },
            "provider_name": "Microsoft-Windows-Sysmon",
            "task": "Process Create (rule: ProcessCreate)",
            "provider_guid": "{5770385f-c22a-43e0-bf4c-06f5698ffbd9}"
        }
    },
    "2": {
        "@timestamp": "2022-10-07T09:58:09.487Z",
        "host": {
            "ip": [
                "fe80::7cd2:efa8:dba2:6fc0",
                "169.254.111.192",
                "fe80::e431:7896:8d85:5aa",
                "172.21.208.1",
                "fe80::48ae:546b:7a20:7f52",
                "172.30.112.1",
                "fe80::bc21:1b56:1d1:4b9f",
                "169.254.75.159",
                "fe80::4807:9ca5:cd67:6ac6",
                "169.254.106.198",
                "fe80::e097:4ef1:6314:5a55",
                "169.254.90.85",
                "fe80::d55:b4a9:26a4:7406",
                "192.168.1.102",
                "fe80::211f:b772:c6da:bfb3",
                "172.27.16.1",
                "fe80::f90c:d738:c01c:abc6",
                "172.28.192.1"
            ],
            "name": "Elmo"
        },
        "winlog": {
            "provider_name": "Microsoft-Windows-Sysmon",
            "computer_name": "Elmo",
            "event_data": {
                "UtcTime": "2022-10-07 09:58:09.485",
                "Image": "C:\\Program Files\\Wireshark\\dumpcap.exe",
                "TerminalSessionId": "4",
                "CommandLine": "\"C:\\Program Files\\Wireshark\\dumpcap.exe\" -D -Z none",
                "LogonId": "0x262837e6",
                "ParentImage": "C:\\Program Files\\Wireshark\\tshark.exe",
                "LogonGuid": "{dd01dab0-b9ee-633f-e637-282600000000}",
                "IntegrityLevel": "High",
                "User": "ELMO\\mrdor",
                "ProcessGuid": "{dd01dab0-f831-633f-714e-010000004600}",
                "FileVersion": "3.6.2",
                "CurrentDirectory": "C:\\Users\\mrdor\\PycharmProjects\\Hunterbee\\client\\wireshark\\",
                "ParentProcessGuid": "{dd01dab0-f831-633f-704e-010000004600}",
                "OriginalFileName": "Dumpcap.exe",
                "Product": "Dumpcap",
                "ParentUser": "ELMO\\mrdor",
                "ParentCommandLine": "\"C:/Program Files/Wireshark/tshark.exe\" -l -n -T pdml -c 25 -w C:/Users/mrdor/PycharmProjects/Hunterbee/client/tempfiles/Logs/Wireshark/wireshark-logs-114.pcap -i -",
                "ParentProcessId": "13388",
                "RuleName": "-",
                "Company": "The Wireshark developer community",
                "Hashes": "MD5=A85C48F3129B10CF5593FBF3B02836FF",
                "ProcessId": "12788",
                "Description": "Dumpcap"
            },
            "task": "Process Create (rule: ProcessCreate)",
            "provider_guid": "{5770385f-c22a-43e0-bf4c-06f5698ffbd9}"
        }
    },
    "3": {
        "@timestamp": "2022-10-07T09:58:09.723Z",
        "host": {
            "ip": [
                "fe80::7cd2:efa8:dba2:6fc0",
                "169.254.111.192",
                "fe80::e431:7896:8d85:5aa",
                "172.21.208.1",
                "fe80::48ae:546b:7a20:7f52",
                "172.30.112.1",
                "fe80::bc21:1b56:1d1:4b9f",
                "169.254.75.159",
                "fe80::4807:9ca5:cd67:6ac6",
                "169.254.106.198",
                "fe80::e097:4ef1:6314:5a55",
                "169.254.90.85",
                "fe80::d55:b4a9:26a4:7406",
                "192.168.1.102",
                "fe80::211f:b772:c6da:bfb3",
                "172.27.16.1",
                "fe80::f90c:d738:c01c:abc6",
                "172.28.192.1"
            ],
            "name": "Elmo"
        },
        "winlog": {
            "provider_name": "Microsoft-Windows-Sysmon",
            "computer_name": "Elmo",
            "provider_guid": "{5770385f-c22a-43e0-bf4c-06f5698ffbd9}",
            "task": "Process Create (rule: ProcessCreate)",
            "event_data": {
                "IntegrityLevel": "High",
                "ParentProcessId": "13388",
                "ProcessGuid": "{dd01dab0-f831-633f-734e-010000004600}",
                "ParentCommandLine": "\"C:/Program Files/Wireshark/tshark.exe\" -l -n -T pdml -c 25 -w C:/Users/mrdor/PycharmProjects/Hunterbee/client/tempfiles/Logs/Wireshark/wireshark-logs-114.pcap -i -",
                "ProcessId": "17628",
                "LogonGuid": "{dd01dab0-b9ee-633f-e637-282600000000}",
                "CurrentDirectory": "C:\\Users\\mrdor\\PycharmProjects\\Hunterbee\\client\\wireshark\\",
                "UtcTime": "2022-10-07 09:58:09.721",
                "CommandLine": "\"C:\\Program Files\\Wireshark\\dumpcap.exe\" -n -c 25 -i - -Z 13388 -w C:/Users/mrdor/PycharmProjects/Hunterbee/client/tempfiles/Logs/Wireshark/wireshark-logs-114.pcap",
                "Hashes": "MD5=A85C48F3129B10CF5593FBF3B02836FF",
                "ParentImage": "C:\\Program Files\\Wireshark\\tshark.exe",
                "FileVersion": "3.6.2",
                "LogonId": "0x262837e6",
                "OriginalFileName": "Dumpcap.exe",
                "ParentProcessGuid": "{dd01dab0-f831-633f-704e-010000004600}",
                "Company": "The Wireshark developer community",
                "User": "ELMO\\mrdor",
                "Product": "Dumpcap",
                "TerminalSessionId": "4",
                "Image": "C:\\Program Files\\Wireshark\\dumpcap.exe",
                "Description": "Dumpcap",
                "ParentUser": "ELMO\\mrdor",
                "RuleName": "-"
            }
        }
    },
    "4": {
        "@timestamp": "2022-10-07T09:58:10.045Z",
        "host": {
            "ip": [
                "fe80::7cd2:efa8:dba2:6fc0",
                "169.254.111.192",
                "fe80::e431:7896:8d85:5aa",
                "172.21.208.1",
                "fe80::48ae:546b:7a20:7f52",
                "172.30.112.1",
                "fe80::bc21:1b56:1d1:4b9f",
                "169.254.75.159",
                "fe80::4807:9ca5:cd67:6ac6",
                "169.254.106.198",
                "fe80::e097:4ef1:6314:5a55",
                "169.254.90.85",
                "fe80::d55:b4a9:26a4:7406",
                "192.168.1.102",
                "fe80::211f:b772:c6da:bfb3",
                "172.27.16.1",
                "fe80::f90c:d738:c01c:abc6",
                "172.28.192.1"
            ],
            "name": "Elmo"
        },
        "winlog": {
            "provider_guid": "{5770385f-c22a-43e0-bf4c-06f5698ffbd9}",
            "task": "Process Create (rule: ProcessCreate)",
            "computer_name": "Elmo",
            "provider_name": "Microsoft-Windows-Sysmon",
            "event_data": {
                "CurrentDirectory": "C:\\Users\\mrdor\\PycharmProjects\\Hunterbee\\client\\wireshark\\",
                "IntegrityLevel": "High",
                "OriginalFileName": "Cmd.Exe",
                "TerminalSessionId": "4",
                "ParentImage": "C:\\Users\\mrdor\\AppData\\Local\\Programs\\Python\\Python39\\python.exe",
                "ParentProcessId": "22388",
                "LogonGuid": "{dd01dab0-b9ee-633f-e637-282600000000}",
                "ParentProcessGuid": "{dd01dab0-f517-633f-4847-010000004600}",
                "FileVersion": "10.0.19041.746 (WinBuild.160101.0800)",
                "Product": "Microsoft\u00c2\u00ae Windows\u00c2\u00ae Operating System",
                "Company": "Microsoft Corporation",
                "Hashes": "MD5=8A2122E8162DBEF04694B9C3E0B6CDEE",
                "CommandLine": "C:\\Windows\\system32\\cmd.exe /c \"tshark -r C:/Users/mrdor/PycharmProjects/Hunterbee/client/tempfiles/Logs/Wireshark/wireshark-logs-114.pcap -T json > C:/Users/mrdor/PycharmProjects/Hunterbee/client/tempfiles/Logs/Wireshark/wireshark-logs-114.json\"",
                "ParentCommandLine": "C:\\Users\\mrdor\\AppData\\Local\\Programs\\Python\\Python39\\python.exe C:/Users/mrdor/PycharmProjects/Hunterbee/client/wireshark/wireshark_interface.py",
                "ParentUser": "ELMO\\mrdor",
                "ProcessGuid": "{dd01dab0-f832-633f-754e-010000004600}",
                "Image": "C:\\Windows\\System32\\cmd.exe",
                "LogonId": "0x262837e6",
                "RuleName": "-",
                "UtcTime": "2022-10-07 09:58:10.043",
                "Description": "Windows Command Processor",
                "User": "ELMO\\mrdor",
                "ProcessId": "12120"
            }
        }
    },
    "5": {
        "@timestamp": "2022-10-07T09:58:10.055Z",
        "host": {
            "ip": [
                "fe80::7cd2:efa8:dba2:6fc0",
                "169.254.111.192",
                "fe80::e431:7896:8d85:5aa",
                "172.21.208.1",
                "fe80::48ae:546b:7a20:7f52",
                "172.30.112.1",
                "fe80::bc21:1b56:1d1:4b9f",
                "169.254.75.159",
                "fe80::4807:9ca5:cd67:6ac6",
                "169.254.106.198",
                "fe80::e097:4ef1:6314:5a55",
                "169.254.90.85",
                "fe80::d55:b4a9:26a4:7406",
                "192.168.1.102",
                "fe80::211f:b772:c6da:bfb3",
                "172.27.16.1",
                "fe80::f90c:d738:c01c:abc6",
                "172.28.192.1"
            ],
            "name": "Elmo"
        },
        "winlog": {
            "provider_guid": "{5770385f-c22a-43e0-bf4c-06f5698ffbd9}",
            "task": "Process Create (rule: ProcessCreate)",
            "event_data": {
                "Hashes": "MD5=2C7476F44C33FE4FE26600AE7AE3900D",
                "Company": "The Wireshark developer community",
                "Product": "TShark",
                "ParentProcessGuid": "{dd01dab0-f832-633f-754e-010000004600}",
                "Description": "TShark",
                "ProcessId": "11520",
                "FileVersion": "3.6.2",
                "ParentImage": "C:\\Windows\\System32\\cmd.exe",
                "TerminalSessionId": "4",
                "UtcTime": "2022-10-07 09:58:10.054",
                "LogonId": "0x262837e6",
                "Image": "C:\\Program Files\\Wireshark\\tshark.exe",
                "OriginalFileName": "TShark.exe",
                "CommandLine": "tshark  -r C:/Users/mrdor/PycharmProjects/Hunterbee/client/tempfiles/Logs/Wireshark/wireshark-logs-114.pcap -T json ",
                "RuleName": "-",
                "ProcessGuid": "{dd01dab0-f832-633f-764e-010000004600}",
                "LogonGuid": "{dd01dab0-b9ee-633f-e637-282600000000}",
                "IntegrityLevel": "High",
                "ParentCommandLine": "C:\\Windows\\system32\\cmd.exe /c \"tshark -r C:/Users/mrdor/PycharmProjects/Hunterbee/client/tempfiles/Logs/Wireshark/wireshark-logs-114.pcap -T json > C:/Users/mrdor/PycharmProjects/Hunterbee/client/tempfiles/Logs/Wireshark/wireshark-logs-114.json\"",
                "ParentUser": "ELMO\\mrdor",
                "ParentProcessId": "12120",
                "User": "ELMO\\mrdor",
                "CurrentDirectory": "C:\\Users\\mrdor\\PycharmProjects\\Hunterbee\\client\\wireshark\\"
            },
            "computer_name": "Elmo",
            "provider_name": "Microsoft-Windows-Sysmon"
        }
    },
    "6": {
        "@timestamp": "2022-10-07T09:58:10.583Z",
        "host": {
            "ip": [
                "fe80::7cd2:efa8:dba2:6fc0",
                "169.254.111.192",
                "fe80::e431:7896:8d85:5aa",
                "172.21.208.1",
                "fe80::48ae:546b:7a20:7f52",
                "172.30.112.1",
                "fe80::bc21:1b56:1d1:4b9f",
                "169.254.75.159",
                "fe80::4807:9ca5:cd67:6ac6",
                "169.254.106.198",
                "fe80::e097:4ef1:6314:5a55",
                "169.254.90.85",
                "fe80::d55:b4a9:26a4:7406",
                "192.168.1.102",
                "fe80::211f:b772:c6da:bfb3",
                "172.27.16.1",
                "fe80::f90c:d738:c01c:abc6",
                "172.28.192.1"
            ],
            "name": "Elmo"
        },
        "winlog": {
            "event_data": {
                "Product": "TShark",
                "ProcessId": "16996",
                "ParentProcessId": "22388",
                "ParentCommandLine": "C:\\Users\\mrdor\\AppData\\Local\\Programs\\Python\\Python39\\python.exe C:/Users/mrdor/PycharmProjects/Hunterbee/client/wireshark/wireshark_interface.py",
                "Image": "C:\\Program Files\\Wireshark\\tshark.exe",
                "LogonId": "0x262837e6",
                "CommandLine": "\"C:/Program Files/Wireshark/tshark.exe\" -D",
                "TerminalSessionId": "4",
                "UtcTime": "2022-10-07 09:58:10.581",
                "CurrentDirectory": "C:\\Users\\mrdor\\PycharmProjects\\Hunterbee\\client\\wireshark\\",
                "ParentProcessGuid": "{dd01dab0-f517-633f-4847-010000004600}",
                "FileVersion": "3.6.2",
                "Description": "TShark",
                "LogonGuid": "{dd01dab0-b9ee-633f-e637-282600000000}",
                "ParentUser": "ELMO\\mrdor",
                "IntegrityLevel": "High",
                "ParentImage": "C:\\Users\\mrdor\\AppData\\Local\\Programs\\Python\\Python39\\python.exe",
                "ProcessGuid": "{dd01dab0-f832-633f-784e-010000004600}",
                "RuleName": "-",
                "Company": "The Wireshark developer community",
                "OriginalFileName": "TShark.exe",
                "User": "ELMO\\mrdor",
                "Hashes": "MD5=2C7476F44C33FE4FE26600AE7AE3900D"
            },
            "computer_name": "Elmo",
            "provider_guid": "{5770385f-c22a-43e0-bf4c-06f5698ffbd9}",
            "provider_name": "Microsoft-Windows-Sysmon",
            "task": "Process Create (rule: ProcessCreate)"
        }
    },
    "7": {
        "@timestamp": "2022-10-07T09:58:10.824Z",
        "winlog": {
            "task": "Process Create (rule: ProcessCreate)",
            "event_data": {
                "FileVersion": "3.6.2",
                "LogonGuid": "{dd01dab0-b9ee-633f-e637-282600000000}",
                "LogonId": "0x262837e6",
                "IntegrityLevel": "High",
                "Product": "Dumpcap",
                "OriginalFileName": "Dumpcap.exe",
                "ProcessId": "12404",
                "ParentProcessGuid": "{dd01dab0-f832-633f-784e-010000004600}",
                "ParentUser": "ELMO\\mrdor",
                "RuleName": "-",
                "Image": "C:\\Program Files\\Wireshark\\dumpcap.exe",
                "Description": "Dumpcap",
                "Company": "The Wireshark developer community",
                "Hashes": "MD5=A85C48F3129B10CF5593FBF3B02836FF",
                "ParentCommandLine": "\"C:/Program Files/Wireshark/tshark.exe\" -D",
                "ProcessGuid": "{dd01dab0-f832-633f-794e-010000004600}",
                "CommandLine": "\"C:\\Program Files\\Wireshark\\dumpcap.exe\" -D -Z none",
                "CurrentDirectory": "C:\\Users\\mrdor\\PycharmProjects\\Hunterbee\\client\\wireshark\\",
                "UtcTime": "2022-10-07 09:58:10.822",
                "ParentImage": "C:\\Program Files\\Wireshark\\tshark.exe",
                "ParentProcessId": "16996",
                "User": "ELMO\\mrdor",
                "TerminalSessionId": "4"
            },
            "provider_name": "Microsoft-Windows-Sysmon",
            "computer_name": "Elmo",
            "provider_guid": "{5770385f-c22a-43e0-bf4c-06f5698ffbd9}"
        },
        "host": {
            "name": "Elmo",
            "ip": [
                "fe80::7cd2:efa8:dba2:6fc0",
                "169.254.111.192",
                "fe80::e431:7896:8d85:5aa",
                "172.21.208.1",
                "fe80::48ae:546b:7a20:7f52",
                "172.30.112.1",
                "fe80::bc21:1b56:1d1:4b9f",
                "169.254.75.159",
                "fe80::4807:9ca5:cd67:6ac6",
                "169.254.106.198",
                "fe80::e097:4ef1:6314:5a55",
                "169.254.90.85",
                "fe80::d55:b4a9:26a4:7406",
                "192.168.1.102",
                "fe80::211f:b772:c6da:bfb3",
                "172.27.16.1",
                "fe80::f90c:d738:c01c:abc6",
                "172.28.192.1"
            ]
        }
    },
    "8": {
        "@timestamp": "2022-10-07T09:58:10.966Z",
        "winlog": {
            "provider_guid": "{5770385f-c22a-43e0-bf4c-06f5698ffbd9}",
            "event_data": {
                "CommandLine": "\"C:/Program Files/Wireshark/tshark.exe\" -v",
                "Image": "C:\\Program Files\\Wireshark\\tshark.exe",
                "User": "ELMO\\mrdor",
                "TerminalSessionId": "4",
                "LogonGuid": "{dd01dab0-b9ee-633f-e637-282600000000}",
                "IntegrityLevel": "High",
                "RuleName": "-",
                "ProcessId": "6576",
                "Description": "TShark",
                "Product": "TShark",
                "ParentProcessGuid": "{dd01dab0-f517-633f-4847-010000004600}",
                "CurrentDirectory": "C:\\Users\\mrdor\\PycharmProjects\\Hunterbee\\client\\wireshark\\",
                "Company": "The Wireshark developer community",
                "ParentProcessId": "22388",
                "ProcessGuid": "{dd01dab0-f832-633f-7b4e-010000004600}",
                "FileVersion": "3.6.2",
                "OriginalFileName": "TShark.exe",
                "ParentUser": "ELMO\\mrdor",
                "UtcTime": "2022-10-07 09:58:10.964",
                "LogonId": "0x262837e6",
                "Hashes": "MD5=2C7476F44C33FE4FE26600AE7AE3900D",
                "ParentImage": "C:\\Users\\mrdor\\AppData\\Local\\Programs\\Python\\Python39\\python.exe",
                "ParentCommandLine": "C:\\Users\\mrdor\\AppData\\Local\\Programs\\Python\\Python39\\python.exe C:/Users/mrdor/PycharmProjects/Hunterbee/client/wireshark/wireshark_interface.py"
            },
            "task": "Process Create (rule: ProcessCreate)",
            "computer_name": "Elmo",
            "provider_name": "Microsoft-Windows-Sysmon"
        },
        "host": {
            "name": "Elmo",
            "ip": [
                "fe80::7cd2:efa8:dba2:6fc0",
                "169.254.111.192",
                "fe80::e431:7896:8d85:5aa",
                "172.21.208.1",
                "fe80::48ae:546b:7a20:7f52",
                "172.30.112.1",
                "fe80::bc21:1b56:1d1:4b9f",
                "169.254.75.159",
                "fe80::4807:9ca5:cd67:6ac6",
                "169.254.106.198",
                "fe80::e097:4ef1:6314:5a55",
                "169.254.90.85",
                "fe80::d55:b4a9:26a4:7406",
                "192.168.1.102",
                "fe80::211f:b772:c6da:bfb3",
                "172.27.16.1",
                "fe80::f90c:d738:c01c:abc6",
                "172.28.192.1"
            ]
        }
    },
    "9": {
        "@timestamp": "2022-10-07T09:58:11.227Z",
        "winlog": {
            "provider_name": "Microsoft-Windows-Sysmon",
            "task": "Process Create (rule: ProcessCreate)",
            "provider_guid": "{5770385f-c22a-43e0-bf4c-06f5698ffbd9}",
            "computer_name": "Elmo",
            "event_data": {
                "ParentUser": "ELMO\\mrdor",
                "Description": "Dumpcap",
                "Image": "C:\\Program Files\\Wireshark\\dumpcap.exe",
                "User": "ELMO\\mrdor",
                "RuleName": "-",
                "ProcessId": "11560",
                "CurrentDirectory": "C:\\Users\\mrdor\\PycharmProjects\\Hunterbee\\client\\wireshark\\",
                "IntegrityLevel": "High",
                "ParentProcessId": "22388",
                "ParentCommandLine": "C:\\Users\\mrdor\\AppData\\Local\\Programs\\Python\\Python39\\python.exe C:/Users/mrdor/PycharmProjects/Hunterbee/client/wireshark/wireshark_interface.py",
                "CommandLine": "\"C:/Program Files/Wireshark/dumpcap.exe\" -q -i Wi-Fi -w -",
                "FileVersion": "3.6.2",
                "LogonId": "0x262837e6",
                "TerminalSessionId": "4",
                "UtcTime": "2022-10-07 09:58:11.225",
                "ProcessGuid": "{dd01dab0-f833-633f-7c4e-010000004600}",
                "Product": "Dumpcap",
                "LogonGuid": "{dd01dab0-b9ee-633f-e637-282600000000}",
                "OriginalFileName": "Dumpcap.exe",
                "Company": "The Wireshark developer community",
                "ParentImage": "C:\\Users\\mrdor\\AppData\\Local\\Programs\\Python\\Python39\\python.exe",
                "ParentProcessGuid": "{dd01dab0-f517-633f-4847-010000004600}",
                "Hashes": "MD5=A85C48F3129B10CF5593FBF3B02836FF"
            }
        },
        "host": {
            "ip": [
                "fe80::7cd2:efa8:dba2:6fc0",
                "169.254.111.192",
                "fe80::e431:7896:8d85:5aa",
                "172.21.208.1",
                "fe80::48ae:546b:7a20:7f52",
                "172.30.112.1",
                "fe80::bc21:1b56:1d1:4b9f",
                "169.254.75.159",
                "fe80::4807:9ca5:cd67:6ac6",
                "169.254.106.198",
                "fe80::e097:4ef1:6314:5a55",
                "169.254.90.85",
                "fe80::d55:b4a9:26a4:7406",
                "192.168.1.102",
                "fe80::211f:b772:c6da:bfb3",
                "172.27.16.1",
                "fe80::f90c:d738:c01c:abc6",
                "172.28.192.1"
            ],
            "name": "Elmo"
        }
    },
    "10": {
        "@timestamp": "2022-10-07T09:58:11.232Z",
        "host": {
            "name": "Elmo",
            "ip": [
                "fe80::7cd2:efa8:dba2:6fc0",
                "169.254.111.192",
                "fe80::e431:7896:8d85:5aa",
                "172.21.208.1",
                "fe80::48ae:546b:7a20:7f52",
                "172.30.112.1",
                "fe80::bc21:1b56:1d1:4b9f",
                "169.254.75.159",
                "fe80::4807:9ca5:cd67:6ac6",
                "169.254.106.198",
                "fe80::e097:4ef1:6314:5a55",
                "169.254.90.85",
                "fe80::d55:b4a9:26a4:7406",
                "192.168.1.102",
                "fe80::211f:b772:c6da:bfb3",
                "172.27.16.1",
                "fe80::f90c:d738:c01c:abc6",
                "172.28.192.1"
            ]
        },
        "winlog": {
            "computer_name": "Elmo",
            "provider_name": "Microsoft-Windows-Sysmon",
            "event_data": {
                "ParentCommandLine": "C:\\Users\\mrdor\\AppData\\Local\\Programs\\Python\\Python39\\python.exe C:/Users/mrdor/PycharmProjects/Hunterbee/client/wireshark/wireshark_interface.py",
                "Product": "TShark",
                "UtcTime": "2022-10-07 09:58:11.229",
                "LogonGuid": "{dd01dab0-b9ee-633f-e637-282600000000}",
                "Hashes": "MD5=2C7476F44C33FE4FE26600AE7AE3900D",
                "User": "ELMO\\mrdor",
                "ParentProcessId": "22388",
                "ParentUser": "ELMO\\mrdor",
                "RuleName": "-",
                "ProcessId": "23380",
                "ParentImage": "C:\\Users\\mrdor\\AppData\\Local\\Programs\\Python\\Python39\\python.exe",
                "Image": "C:\\Program Files\\Wireshark\\tshark.exe",
                "OriginalFileName": "TShark.exe",
                "Description": "TShark",
                "CommandLine": "\"C:/Program Files/Wireshark/tshark.exe\" -D",
                "ParentProcessGuid": "{dd01dab0-f517-633f-4847-010000004600}",
                "FileVersion": "3.6.2",
                "TerminalSessionId": "4",
                "IntegrityLevel": "High",
                "ProcessGuid": "{dd01dab0-f833-633f-7d4e-010000004600}",
                "CurrentDirectory": "C:\\Users\\mrdor\\PycharmProjects\\Hunterbee\\client\\wireshark\\",
                "LogonId": "0x262837e6",
                "Company": "The Wireshark developer community"
            },
            "task": "Process Create (rule: ProcessCreate)",
            "provider_guid": "{5770385f-c22a-43e0-bf4c-06f5698ffbd9}"
        }
    },
    "11": {
        "@timestamp": "2022-10-07T09:58:11.494Z",
        "host": {
            "name": "Elmo",
            "ip": [
                "fe80::7cd2:efa8:dba2:6fc0",
                "169.254.111.192",
                "fe80::e431:7896:8d85:5aa",
                "172.21.208.1",
                "fe80::48ae:546b:7a20:7f52",
                "172.30.112.1",
                "fe80::bc21:1b56:1d1:4b9f",
                "169.254.75.159",
                "fe80::4807:9ca5:cd67:6ac6",
                "169.254.106.198",
                "fe80::e097:4ef1:6314:5a55",
                "169.254.90.85",
                "fe80::d55:b4a9:26a4:7406",
                "192.168.1.102",
                "fe80::211f:b772:c6da:bfb3",
                "172.27.16.1",
                "fe80::f90c:d738:c01c:abc6",
                "172.28.192.1"
            ]
        },
        "winlog": {
            "computer_name": "Elmo",
            "provider_name": "Microsoft-Windows-Sysmon",
            "provider_guid": "{5770385f-c22a-43e0-bf4c-06f5698ffbd9}",
            "event_data": {
                "User": "ELMO\\mrdor",
                "IntegrityLevel": "High",
                "ParentUser": "ELMO\\mrdor",
                "Description": "Dumpcap",
                "LogonGuid": "{dd01dab0-b9ee-633f-e637-282600000000}",
                "TerminalSessionId": "4",
                "CommandLine": "\"C:\\Program Files\\Wireshark\\dumpcap.exe\" -D -Z none",
                "FileVersion": "3.6.2",
                "Company": "The Wireshark developer community",
                "OriginalFileName": "Dumpcap.exe",
                "ParentProcessId": "23380",
                "CurrentDirectory": "C:\\Users\\mrdor\\PycharmProjects\\Hunterbee\\client\\wireshark\\",
                "Image": "C:\\Program Files\\Wireshark\\dumpcap.exe",
                "Product": "Dumpcap",
                "UtcTime": "2022-10-07 09:58:11.493",
                "ProcessGuid": "{dd01dab0-f833-633f-7e4e-010000004600}",
                "RuleName": "-",
                "Hashes": "MD5=A85C48F3129B10CF5593FBF3B02836FF",
                "ProcessId": "21024",
                "LogonId": "0x262837e6",
                "ParentProcessGuid": "{dd01dab0-f833-633f-7d4e-010000004600}",
                "ParentImage": "C:\\Program Files\\Wireshark\\tshark.exe",
                "ParentCommandLine": "\"C:/Program Files/Wireshark/tshark.exe\" -D"
            },
            "task": "Process Create (rule: ProcessCreate)"
        }
    },
    "12": {
        "@timestamp": "2022-10-07T09:58:11.633Z",
        "host": {
            "name": "Elmo",
            "ip": [
                "fe80::7cd2:efa8:dba2:6fc0",
                "169.254.111.192",
                "fe80::e431:7896:8d85:5aa",
                "172.21.208.1",
                "fe80::48ae:546b:7a20:7f52",
                "172.30.112.1",
                "fe80::bc21:1b56:1d1:4b9f",
                "169.254.75.159",
                "fe80::4807:9ca5:cd67:6ac6",
                "169.254.106.198",
                "fe80::e097:4ef1:6314:5a55",
                "169.254.90.85",
                "fe80::d55:b4a9:26a4:7406",
                "192.168.1.102",
                "fe80::211f:b772:c6da:bfb3",
                "172.27.16.1",
                "fe80::f90c:d738:c01c:abc6",
                "172.28.192.1"
            ]
        },
        "winlog": {
            "provider_name": "Microsoft-Windows-Sysmon",
            "provider_guid": "{5770385f-c22a-43e0-bf4c-06f5698ffbd9}",
            "event_data": {
                "ParentImage": "C:\\Users\\mrdor\\AppData\\Local\\Programs\\Python\\Python39\\python.exe",
                "IntegrityLevel": "High",
                "ParentCommandLine": "C:\\Users\\mrdor\\AppData\\Local\\Programs\\Python\\Python39\\python.exe C:/Users/mrdor/PycharmProjects/Hunterbee/client/wireshark/wireshark_interface.py",
                "RuleName": "-",
                "FileVersion": "3.6.2",
                "CurrentDirectory": "C:\\Users\\mrdor\\PycharmProjects\\Hunterbee\\client\\wireshark\\",
                "Company": "The Wireshark developer community",
                "TerminalSessionId": "4",
                "Description": "TShark",
                "LogonId": "0x262837e6",
                "ParentProcessId": "22388",
                "ProcessId": "5520",
                "CommandLine": "\"C:/Program Files/Wireshark/tshark.exe\" -l -n -T pdml -c 25 -w C:/Users/mrdor/PycharmProjects/Hunterbee/client/tempfiles/Logs/Wireshark/wireshark-logs-115.pcap -i -",
                "User": "ELMO\\mrdor",
                "OriginalFileName": "TShark.exe",
                "ParentProcessGuid": "{dd01dab0-f517-633f-4847-010000004600}",
                "Product": "TShark",
                "UtcTime": "2022-10-07 09:58:11.631",
                "ProcessGuid": "{dd01dab0-f833-633f-804e-010000004600}",
                "ParentUser": "ELMO\\mrdor",
                "Hashes": "MD5=2C7476F44C33FE4FE26600AE7AE3900D",
                "Image": "C:\\Program Files\\Wireshark\\tshark.exe",
                "LogonGuid": "{dd01dab0-b9ee-633f-e637-282600000000}"
            },
            "task": "Process Create (rule: ProcessCreate)",
            "computer_name": "Elmo"
        }
    },
    "13": {
        "@timestamp": "2022-10-07T09:58:11.874Z",
        "host": {
            "name": "Elmo",
            "ip": [
                "fe80::7cd2:efa8:dba2:6fc0",
                "169.254.111.192",
                "fe80::e431:7896:8d85:5aa",
                "172.21.208.1",
                "fe80::48ae:546b:7a20:7f52",
                "172.30.112.1",
                "fe80::bc21:1b56:1d1:4b9f",
                "169.254.75.159",
                "fe80::4807:9ca5:cd67:6ac6",
                "169.254.106.198",
                "fe80::e097:4ef1:6314:5a55",
                "169.254.90.85",
                "fe80::d55:b4a9:26a4:7406",
                "192.168.1.102",
                "fe80::211f:b772:c6da:bfb3",
                "172.27.16.1",
                "fe80::f90c:d738:c01c:abc6",
                "172.28.192.1"
            ]
        },
        "winlog": {
            "computer_name": "Elmo",
            "task": "Process Create (rule: ProcessCreate)",
            "provider_guid": "{5770385f-c22a-43e0-bf4c-06f5698ffbd9}",
            "event_data": {
                "Image": "C:\\Program Files\\Wireshark\\dumpcap.exe",
                "LogonGuid": "{dd01dab0-b9ee-633f-e637-282600000000}",
                "CommandLine": "\"C:\\Program Files\\Wireshark\\dumpcap.exe\" -D -Z none",
                "IntegrityLevel": "High",
                "LogonId": "0x262837e6",
                "TerminalSessionId": "4",
                "CurrentDirectory": "C:\\Users\\mrdor\\PycharmProjects\\Hunterbee\\client\\wireshark\\",
                "ParentProcessGuid": "{dd01dab0-f833-633f-804e-010000004600}",
                "OriginalFileName": "Dumpcap.exe",
                "User": "ELMO\\mrdor",
                "UtcTime": "2022-10-07 09:58:11.872",
                "ProcessId": "10068",
                "Product": "Dumpcap",
                "ParentImage": "C:\\Program Files\\Wireshark\\tshark.exe",
                "ParentCommandLine": "\"C:/Program Files/Wireshark/tshark.exe\" -l -n -T pdml -c 25 -w C:/Users/mrdor/PycharmProjects/Hunterbee/client/tempfiles/Logs/Wireshark/wireshark-logs-115.pcap -i -",
                "Company": "The Wireshark developer community",
                "Hashes": "MD5=A85C48F3129B10CF5593FBF3B02836FF",
                "FileVersion": "3.6.2",
                "RuleName": "-",
                "ProcessGuid": "{dd01dab0-f833-633f-814e-010000004600}",
                "ParentUser": "ELMO\\mrdor",
                "Description": "Dumpcap",
                "ParentProcessId": "5520"
            },
            "provider_name": "Microsoft-Windows-Sysmon"
        }
    },
    "14": {
        "@timestamp": "2022-10-07T09:58:12.108Z",
        "host": {
            "name": "Elmo",
            "ip": [
                "fe80::7cd2:efa8:dba2:6fc0",
                "169.254.111.192",
                "fe80::e431:7896:8d85:5aa",
                "172.21.208.1",
                "fe80::48ae:546b:7a20:7f52",
                "172.30.112.1",
                "fe80::bc21:1b56:1d1:4b9f",
                "169.254.75.159",
                "fe80::4807:9ca5:cd67:6ac6",
                "169.254.106.198",
                "fe80::e097:4ef1:6314:5a55",
                "169.254.90.85",
                "fe80::d55:b4a9:26a4:7406",
                "192.168.1.102",
                "fe80::211f:b772:c6da:bfb3",
                "172.27.16.1",
                "fe80::f90c:d738:c01c:abc6",
                "172.28.192.1"
            ]
        },
        "winlog": {
            "computer_name": "Elmo",
            "event_data": {
                "ParentUser": "ELMO\\mrdor",
                "IntegrityLevel": "High",
                "TerminalSessionId": "4",
                "ParentImage": "C:\\Program Files\\Wireshark\\tshark.exe",
                "ParentProcessGuid": "{dd01dab0-f833-633f-804e-010000004600}",
                "Description": "Dumpcap",
                "LogonId": "0x262837e6",
                "ProcessGuid": "{dd01dab0-f834-633f-834e-010000004600}",
                "OriginalFileName": "Dumpcap.exe",
                "CurrentDirectory": "C:\\Users\\mrdor\\PycharmProjects\\Hunterbee\\client\\wireshark\\",
                "User": "ELMO\\mrdor",
                "Image": "C:\\Program Files\\Wireshark\\dumpcap.exe",
                "CommandLine": "\"C:\\Program Files\\Wireshark\\dumpcap.exe\" -n -c 25 -i - -Z 5520 -w C:/Users/mrdor/PycharmProjects/Hunterbee/client/tempfiles/Logs/Wireshark/wireshark-logs-115.pcap",
                "LogonGuid": "{dd01dab0-b9ee-633f-e637-282600000000}",
                "ParentCommandLine": "\"C:/Program Files/Wireshark/tshark.exe\" -l -n -T pdml -c 25 -w C:/Users/mrdor/PycharmProjects/Hunterbee/client/tempfiles/Logs/Wireshark/wireshark-logs-115.pcap -i -",
                "ProcessId": "12708",
                "ParentProcessId": "5520",
                "Product": "Dumpcap",
                "Company": "The Wireshark developer community",
                "RuleName": "-",
                "FileVersion": "3.6.2",
                "Hashes": "MD5=A85C48F3129B10CF5593FBF3B02836FF",
                "UtcTime": "2022-10-07 09:58:12.106"
            },
            "provider_guid": "{5770385f-c22a-43e0-bf4c-06f5698ffbd9}",
            "provider_name": "Microsoft-Windows-Sysmon",
            "task": "Process Create (rule: ProcessCreate)"
        }
    },
    "15": {
        "@timestamp": "2022-10-07T09:58:12.429Z",
        "winlog": {
            "computer_name": "Elmo",
            "provider_guid": "{5770385f-c22a-43e0-bf4c-06f5698ffbd9}",
            "event_data": {
                "TerminalSessionId": "4",
                "Hashes": "MD5=8A2122E8162DBEF04694B9C3E0B6CDEE",
                "Company": "Microsoft Corporation",
                "ParentCommandLine": "C:\\Users\\mrdor\\AppData\\Local\\Programs\\Python\\Python39\\python.exe C:/Users/mrdor/PycharmProjects/Hunterbee/client/wireshark/wireshark_interface.py",
                "CommandLine": "C:\\Windows\\system32\\cmd.exe /c \"tshark -r C:/Users/mrdor/PycharmProjects/Hunterbee/client/tempfiles/Logs/Wireshark/wireshark-logs-115.pcap -T json > C:/Users/mrdor/PycharmProjects/Hunterbee/client/tempfiles/Logs/Wireshark/wireshark-logs-115.json\"",
                "ParentImage": "C:\\Users\\mrdor\\AppData\\Local\\Programs\\Python\\Python39\\python.exe",
                "OriginalFileName": "Cmd.Exe",
                "LogonGuid": "{dd01dab0-b9ee-633f-e637-282600000000}",
                "LogonId": "0x262837e6",
                "Image": "C:\\Windows\\System32\\cmd.exe",
                "CurrentDirectory": "C:\\Users\\mrdor\\PycharmProjects\\Hunterbee\\client\\wireshark\\",
                "IntegrityLevel": "High",
                "Description": "Windows Command Processor",
                "Product": "Microsoft\u00c2\u00ae Windows\u00c2\u00ae Operating System",
                "RuleName": "-",
                "ProcessId": "18112",
                "ParentProcessId": "22388",
                "UtcTime": "2022-10-07 09:58:12.427",
                "ProcessGuid": "{dd01dab0-f834-633f-854e-010000004600}",
                "User": "ELMO\\mrdor",
                "ParentProcessGuid": "{dd01dab0-f517-633f-4847-010000004600}",
                "FileVersion": "10.0.19041.746 (WinBuild.160101.0800)",
                "ParentUser": "ELMO\\mrdor"
            },
            "task": "Process Create (rule: ProcessCreate)",
            "provider_name": "Microsoft-Windows-Sysmon"
        },
        "host": {
            "name": "Elmo",
            "ip": [
                "fe80::7cd2:efa8:dba2:6fc0",
                "169.254.111.192",
                "fe80::e431:7896:8d85:5aa",
                "172.21.208.1",
                "fe80::48ae:546b:7a20:7f52",
                "172.30.112.1",
                "fe80::bc21:1b56:1d1:4b9f",
                "169.254.75.159",
                "fe80::4807:9ca5:cd67:6ac6",
                "169.254.106.198",
                "fe80::e097:4ef1:6314:5a55",
                "169.254.90.85",
                "fe80::d55:b4a9:26a4:7406",
                "192.168.1.102",
                "fe80::211f:b772:c6da:bfb3",
                "172.27.16.1",
                "fe80::f90c:d738:c01c:abc6",
                "172.28.192.1"
            ]
        }
    },
    "16": {
        "@timestamp": "2022-10-07T09:58:12.439Z",
        "host": {
            "name": "Elmo",
            "ip": [
                "fe80::7cd2:efa8:dba2:6fc0",
                "169.254.111.192",
                "fe80::e431:7896:8d85:5aa",
                "172.21.208.1",
                "fe80::48ae:546b:7a20:7f52",
                "172.30.112.1",
                "fe80::bc21:1b56:1d1:4b9f",
                "169.254.75.159",
                "fe80::4807:9ca5:cd67:6ac6",
                "169.254.106.198",
                "fe80::e097:4ef1:6314:5a55",
                "169.254.90.85",
                "fe80::d55:b4a9:26a4:7406",
                "192.168.1.102",
                "fe80::211f:b772:c6da:bfb3",
                "172.27.16.1",
                "fe80::f90c:d738:c01c:abc6",
                "172.28.192.1"
            ]
        },
        "winlog": {
            "provider_name": "Microsoft-Windows-Sysmon",
            "provider_guid": "{5770385f-c22a-43e0-bf4c-06f5698ffbd9}",
            "task": "Process Create (rule: ProcessCreate)",
            "computer_name": "Elmo",
            "event_data": {
                "TerminalSessionId": "4",
                "LogonId": "0x262837e6",
                "CurrentDirectory": "C:\\Users\\mrdor\\PycharmProjects\\Hunterbee\\client\\wireshark\\",
                "ParentProcessId": "18112",
                "ProcessId": "15452",
                "IntegrityLevel": "High",
                "RuleName": "-",
                "Description": "TShark",
                "FileVersion": "3.6.2",
                "Company": "The Wireshark developer community",
                "Hashes": "MD5=2C7476F44C33FE4FE26600AE7AE3900D",
                "ParentProcessGuid": "{dd01dab0-f834-633f-854e-010000004600}",
                "ParentImage": "C:\\Windows\\System32\\cmd.exe",
                "ParentCommandLine": "C:\\Windows\\system32\\cmd.exe /c \"tshark -r C:/Users/mrdor/PycharmProjects/Hunterbee/client/tempfiles/Logs/Wireshark/wireshark-logs-115.pcap -T json > C:/Users/mrdor/PycharmProjects/Hunterbee/client/tempfiles/Logs/Wireshark/wireshark-logs-115.json\"",
                "User": "ELMO\\mrdor",
                "ParentUser": "ELMO\\mrdor",
                "Product": "TShark",
                "OriginalFileName": "TShark.exe",
                "LogonGuid": "{dd01dab0-b9ee-633f-e637-282600000000}",
                "CommandLine": "tshark  -r C:/Users/mrdor/PycharmProjects/Hunterbee/client/tempfiles/Logs/Wireshark/wireshark-logs-115.pcap -T json ",
                "Image": "C:\\Program Files\\Wireshark\\tshark.exe",
                "UtcTime": "2022-10-07 09:58:12.438",
                "ProcessGuid": "{dd01dab0-f834-633f-864e-010000004600}"
            }
        }
    },
    "17": {
        "@timestamp": "2022-10-07T09:58:12.931Z",
        "host": {
            "ip": [
                "fe80::7cd2:efa8:dba2:6fc0",
                "169.254.111.192",
                "fe80::e431:7896:8d85:5aa",
                "172.21.208.1",
                "fe80::48ae:546b:7a20:7f52",
                "172.30.112.1",
                "fe80::bc21:1b56:1d1:4b9f",
                "169.254.75.159",
                "fe80::4807:9ca5:cd67:6ac6",
                "169.254.106.198",
                "fe80::e097:4ef1:6314:5a55",
                "169.254.90.85",
                "fe80::d55:b4a9:26a4:7406",
                "192.168.1.102",
                "fe80::211f:b772:c6da:bfb3",
                "172.27.16.1",
                "fe80::f90c:d738:c01c:abc6",
                "172.28.192.1"
            ],
            "name": "Elmo"
        },
        "winlog": {
            "provider_name": "Microsoft-Windows-Sysmon",
            "computer_name": "Elmo",
            "task": "Process Create (rule: ProcessCreate)",
            "event_data": {
                "ProcessGuid": "{dd01dab0-f834-633f-874e-010000004600}",
                "ProcessId": "19192",
                "ParentProcessId": "22388",
                "Description": "TShark",
                "ParentImage": "C:\\Users\\mrdor\\AppData\\Local\\Programs\\Python\\Python39\\python.exe",
                "TerminalSessionId": "4",
                "UtcTime": "2022-10-07 09:58:12.929",
                "User": "ELMO\\mrdor",
                "Hashes": "MD5=2C7476F44C33FE4FE26600AE7AE3900D",
                "ParentUser": "ELMO\\mrdor",
                "Company": "The Wireshark developer community",
                "CurrentDirectory": "C:\\Users\\mrdor\\PycharmProjects\\Hunterbee\\client\\wireshark\\",
                "LogonGuid": "{dd01dab0-b9ee-633f-e637-282600000000}",
                "RuleName": "-",
                "ParentProcessGuid": "{dd01dab0-f517-633f-4847-010000004600}",
                "FileVersion": "3.6.2",
                "OriginalFileName": "TShark.exe",
                "CommandLine": "\"C:/Program Files/Wireshark/tshark.exe\" -D",
                "IntegrityLevel": "High",
                "Image": "C:\\Program Files\\Wireshark\\tshark.exe",
                "ParentCommandLine": "C:\\Users\\mrdor\\AppData\\Local\\Programs\\Python\\Python39\\python.exe C:/Users/mrdor/PycharmProjects/Hunterbee/client/wireshark/wireshark_interface.py",
                "Product": "TShark",
                "LogonId": "0x262837e6"
            },
            "provider_guid": "{5770385f-c22a-43e0-bf4c-06f5698ffbd9}"
        }
    },
    "18": {
        "@timestamp": "2022-10-07T09:58:13.165Z",
        "host": {
            "name": "Elmo",
            "ip": [
                "fe80::7cd2:efa8:dba2:6fc0",
                "169.254.111.192",
                "fe80::e431:7896:8d85:5aa",
                "172.21.208.1",
                "fe80::48ae:546b:7a20:7f52",
                "172.30.112.1",
                "fe80::bc21:1b56:1d1:4b9f",
                "169.254.75.159",
                "fe80::4807:9ca5:cd67:6ac6",
                "169.254.106.198",
                "fe80::e097:4ef1:6314:5a55",
                "169.254.90.85",
                "fe80::d55:b4a9:26a4:7406",
                "192.168.1.102",
                "fe80::211f:b772:c6da:bfb3",
                "172.27.16.1",
                "fe80::f90c:d738:c01c:abc6",
                "172.28.192.1"
            ]
        },
        "winlog": {
            "provider_name": "Microsoft-Windows-Sysmon",
            "provider_guid": "{5770385f-c22a-43e0-bf4c-06f5698ffbd9}",
            "computer_name": "Elmo",
            "event_data": {
                "Company": "The Wireshark developer community",
                "Hashes": "MD5=A85C48F3129B10CF5593FBF3B02836FF",
                "IntegrityLevel": "High",
                "User": "ELMO\\mrdor",
                "LogonGuid": "{dd01dab0-b9ee-633f-e637-282600000000}",
                "ParentImage": "C:\\Program Files\\Wireshark\\tshark.exe",
                "UtcTime": "2022-10-07 09:58:13.163",
                "Description": "Dumpcap",
                "FileVersion": "3.6.2",
                "ParentCommandLine": "\"C:/Program Files/Wireshark/tshark.exe\" -D",
                "TerminalSessionId": "4",
                "ProcessId": "8496",
                "Product": "Dumpcap",
                "Image": "C:\\Program Files\\Wireshark\\dumpcap.exe",
                "CurrentDirectory": "C:\\Users\\mrdor\\PycharmProjects\\Hunterbee\\client\\wireshark\\",
                "LogonId": "0x262837e6",
                "ParentProcessId": "19192",
