                "ProcessGuid": "{dd01dab0-fee1-633f-f654-010000004600}",
                "Image": "C:\\Program Files\\Oracle\\VirtualBox\\VBoxNetDHCP.exe",
                "CurrentDirectory": "C:\\Users\\mrdor\\",
                "LogonGuid": "{dd01dab0-b9ee-633f-2067-282600000000}",
                "UtcTime": "2022-10-07 10:26:41.953",
                "User": "ELMO\\mrdor",
                "RuleName": "-",
                "TerminalSessionId": "4",
                "ParentUser": "ELMO\\mrdor",
                "FileVersion": "6.1.32.149290",
                "CommandLine": "60eaff78-4bdd-042d-2e72-669728efd737-suplib-3rdchild --comment \"HostInterfaceNetworking-VirtualBox Host-Only Ethernet Adapter\" --config \"C:\\Users\\mrdor\\.VirtualBox\\HostInterfaceNetworking-VirtualBox Host-Only Ethernet Adapter-Dhcpd.config\" --log \"C:\\Users\\mrdor\\.VirtualBox\\HostInterfaceNetworking-VirtualBox Host-Only Ethernet Adapter-Dhcpd.log\"",
                "ParentImage": "C:\\Program Files\\Oracle\\VirtualBox\\VBoxNetDHCP.exe",
                "OriginalFileName": "VBoxNetDHCP.exe",
                "ParentProcessGuid": "{dd01dab0-fee1-633f-f554-010000004600}",
                "Company": "Oracle Corporation",
                "IntegrityLevel": "Medium",
                "ProcessId": "1512",
                "Description": "VirtualBox DHCP Server",
                "ParentProcessId": "10272",
                "ParentCommandLine": "60eaff78-4bdd-042d-2e72-669728efd737-suplib-2ndchild --comment \"HostInterfaceNetworking-VirtualBox Host-Only Ethernet Adapter\" --config \"C:\\Users\\mrdor\\.VirtualBox\\HostInterfaceNetworking-VirtualBox Host-Only Ethernet Adapter-Dhcpd.config\" --log \"C:\\Users\\mrdor\\.VirtualBox\\HostInterfaceNetworking-VirtualBox Host-Only Ethernet Adapter-Dhcpd.log\"",
                "LogonId": "0x26286720",
                "Hashes": "MD5=CEDD25B988E97817B3BABB78E6CE4D78"
            },
            "computer_name": "Elmo"
        }
    },
    "315": {
        "@timestamp": "2022-10-07T10:26:43.018Z",
        "winlog": {
            "provider_guid": "{5770385f-c22a-43e0-bf4c-06f5698ffbd9}",
            "task": "Driver loaded (rule: DriverLoad)",
            "provider_name": "Microsoft-Windows-Sysmon",
            "event_data": {
                "Signature": "Oracle Corporation",
                "SignatureStatus": "Valid",
                "RuleName": "-",
                "UtcTime": "2022-10-07 10:26:43.012",
                "ImageLoaded": "C:\\Program Files\\Oracle\\VirtualBox\\VBoxDDR0.r0",
                "Hashes": "MD5=1CEC9BA2040C6E739D6B76637081EB12",
                "Signed": "true"
            },
            "computer_name": "Elmo"
        },
        "host": {
            "name": "Elmo",
            "ip": [
                "fe80::7cd2:efa8:dba2:6fc0",
                "169.254.111.192",
                "fe80::e431:7896:8d85:5aa",
                "172.21.208.1",
                "fe80::48ae:546b:7a20:7f52",
                "172.30.112.1",
                "fe80::bc21:1b56:1d1:4b9f",
                "169.254.75.159",
                "fe80::4807:9ca5:cd67:6ac6",
                "169.254.106.198",
                "fe80::e097:4ef1:6314:5a55",
                "169.254.90.85",
                "fe80::d55:b4a9:26a4:7406",
                "192.168.1.102",
                "fe80::211f:b772:c6da:bfb3",
                "172.27.16.1",
                "fe80::f90c:d738:c01c:abc6",
                "172.28.192.1"
            ]
        }
    },
    "316": {
        "@timestamp": "2022-10-07T10:27:52.236Z",
        "host": {
            "ip": [
                "fe80::7cd2:efa8:dba2:6fc0",
                "169.254.111.192",
                "fe80::e431:7896:8d85:5aa",
                "172.21.208.1",
                "fe80::48ae:546b:7a20:7f52",
                "172.30.112.1",
                "fe80::f45e:e853:b6c1:9350",
                "192.168.56.1",
                "fe80::bc21:1b56:1d1:4b9f",
                "169.254.75.159",
                "fe80::4807:9ca5:cd67:6ac6",
                "169.254.106.198",
                "fe80::e097:4ef1:6314:5a55",
                "169.254.90.85",
                "fe80::d55:b4a9:26a4:7406",
                "192.168.1.102",
                "fe80::211f:b772:c6da:bfb3",
                "172.27.16.1",
                "fe80::f90c:d738:c01c:abc6",
                "172.28.192.1",
                "fe80::68fb:280b:ac6f:30de",
                "172.23.96.1"
            ],
            "name": "Elmo"
        },
        "winlog": {
            "task": "Dns query (rule: DnsQuery)",
            "provider_guid": "{5770385f-c22a-43e0-bf4c-06f5698ffbd9}",
            "provider_name": "Microsoft-Windows-Sysmon",
            "computer_name": "Elmo",
            "event_data": {
                "Image": "G:\\Steam\\steam.exe",
                "QueryResults": "type:  5 steamusercontent-a.akamaihd.net.edgesuite.net;type:  5 a323.dscb.akamai.net;23.11.206.146;23.11.206.137;",
                "QueryName": "steamusercontent-a.akamaihd.net",
                "RuleName": "-",
                "UtcTime": "2022-10-07 10:28:05.896",
                "QueryStatus": "0",
                "User": "ELMO\\mrdor",
                "ProcessGuid": "{dd01dab0-f971-633f-9854-010000004600}",
                "ProcessId": "13092"
            }
        }
    },
    "317": {
        "@timestamp": "2022-10-07T10:29:14.987Z",
        "host": {
            "ip": [
                "fe80::7cd2:efa8:dba2:6fc0",
                "169.254.111.192",
                "fe80::e431:7896:8d85:5aa",
                "172.21.208.1",
                "fe80::48ae:546b:7a20:7f52",
                "172.30.112.1",
                "fe80::f45e:e853:b6c1:9350",
                "192.168.56.1",
                "fe80::bc21:1b56:1d1:4b9f",
                "169.254.75.159",
                "fe80::4807:9ca5:cd67:6ac6",
                "169.254.106.198",
                "fe80::e097:4ef1:6314:5a55",
                "169.254.90.85",
                "fe80::d55:b4a9:26a4:7406",
                "192.168.1.102",
                "fe80::211f:b772:c6da:bfb3",
                "172.27.16.1",
                "fe80::f90c:d738:c01c:abc6",
                "172.28.192.1",
                "fe80::68fb:280b:ac6f:30de",
                "172.23.96.1"
            ],
            "name": "Elmo"
        },
        "winlog": {
            "task": "Process Create (rule: ProcessCreate)",
            "event_data": {
                "RuleName": "-",
                "ProcessId": "7092",
                "FileVersion": "1.0.0.1",
                "CurrentDirectory": "C:\\Users\\mrdor\\PycharmProjects\\Hunterbee\\",
                "UtcTime": "2022-10-07 10:29:14.985",
                "Company": "JetBrains s.r.o.",
                "OriginalFileName": "runnerw.exe",
                "LogonGuid": "{dd01dab0-b9ee-633f-e637-282600000000}",
                "ParentCommandLine": "\"C:\\Program Files\\JetBrains\\PyCharm 2021.3\\bin\\pycharm64.exe\" ",
                "LogonId": "0x262837e6",
                "TerminalSessionId": "4",
                "Hashes": "MD5=23E6EC0009C0C7081DB498A691B89E87",
                "ParentImage": "C:\\Program Files\\JetBrains\\PyCharm 2021.3\\bin\\pycharm64.exe",
                "Image": "C:\\Program Files\\JetBrains\\PyCharm 2021.3\\bin\\runnerw.exe",
                "ParentProcessId": "18532",
                "ProcessGuid": "{dd01dab0-ff7a-633f-fa54-010000004600}",
                "IntegrityLevel": "High",
                "Description": "Command line runner",
                "Product": "IntelliJ Platform",
                "User": "ELMO\\mrdor",
                "CommandLine": "\"C:\\Program Files\\JetBrains\\PyCharm 2021.3\\bin\\runnerw.exe\" \"C:\\Program Files\\Git\\cmd\\git.exe\" -c credential.helper= -c core.quotepath=false -c log.showSignature=false status --porcelain -z --untracked-files=no --ignored=no -- client/tempfiles/Logs/Sysmon/sysmon-logs-75.json client/tempfiles/Logs/Sysmon/winlogbeat-20221007-75.ndjson client/tempfiles/Logs/Sysmon/winlogbeat-20221007-76.ndjson client/tempfiles/Logs/Sysmon/winlogbeat-20221007-77.ndjson",
                "ParentProcessGuid": "{dd01dab0-e463-633f-c137-010000004600}",
                "ParentUser": "ELMO\\mrdor"
            },
            "computer_name": "Elmo",
            "provider_name": "Microsoft-Windows-Sysmon",
            "provider_guid": "{5770385f-c22a-43e0-bf4c-06f5698ffbd9}"
        }
    },
    "318": {
        "@timestamp": "2022-10-07T10:29:15.041Z",
        "winlog": {
            "provider_guid": "{5770385f-c22a-43e0-bf4c-06f5698ffbd9}",
            "computer_name": "Elmo",
            "event_data": {
                "FileVersion": "-",
                "LogonGuid": "{dd01dab0-b9ee-633f-e637-282600000000}",
                "Hashes": "MD5=E87C1D27A0D6D4B36F05407A40418E0D",
                "ProcessGuid": "{dd01dab0-ff7b-633f-fc54-010000004600}",
                "ProcessId": "18408",
                "LogonId": "0x262837e6",
                "TerminalSessionId": "4",
                "RuleName": "-",
                "ParentUser": "ELMO\\mrdor",
                "ParentProcessId": "7092",
                "CommandLine": "\"C:\\Program Files\\Git\\cmd\\git.exe\" -c credential.helper= -c core.quotepath=false -c log.showSignature=false status --porcelain -z --untracked-files=no --ignored=no -- client/tempfiles/Logs/Sysmon/sysmon-logs-75.json client/tempfiles/Logs/Sysmon/winlogbeat-20221007-75.ndjson client/tempfiles/Logs/Sysmon/winlogbeat-20221007-76.ndjson client/tempfiles/Logs/Sysmon/winlogbeat-20221007-77.ndjson",
                "Product": "Git",
                "ParentProcessGuid": "{dd01dab0-ff7a-633f-fa54-010000004600}",
                "UtcTime": "2022-10-07 10:29:15.039",
                "IntegrityLevel": "High",
                "CurrentDirectory": "C:\\Users\\mrdor\\PycharmProjects\\Hunterbee\\",
                "User": "ELMO\\mrdor",
                "Description": "Git for Windows",
                "OriginalFileName": "git.exe",
                "Company": "The Git Development Community",
                "Image": "C:\\Program Files\\Git\\cmd\\git.exe",
                "ParentImage": "C:\\Program Files\\JetBrains\\PyCharm 2021.3\\bin\\runnerw.exe",
                "ParentCommandLine": "\"C:\\Program Files\\JetBrains\\PyCharm 2021.3\\bin\\runnerw.exe\" \"C:\\Program Files\\Git\\cmd\\git.exe\" -c credential.helper= -c core.quotepath=false -c log.showSignature=false status --porcelain -z --untracked-files=no --ignored=no -- client/tempfiles/Logs/Sysmon/sysmon-logs-75.json client/tempfiles/Logs/Sysmon/winlogbeat-20221007-75.ndjson client/tempfiles/Logs/Sysmon/winlogbeat-20221007-76.ndjson client/tempfiles/Logs/Sysmon/winlogbeat-20221007-77.ndjson"
            },
            "provider_name": "Microsoft-Windows-Sysmon",
            "task": "Process Create (rule: ProcessCreate)"
        },
        "host": {
            "name": "Elmo",
            "ip": [
                "fe80::7cd2:efa8:dba2:6fc0",
                "169.254.111.192",
                "fe80::e431:7896:8d85:5aa",
                "172.21.208.1",
                "fe80::48ae:546b:7a20:7f52",
                "172.30.112.1",
                "fe80::f45e:e853:b6c1:9350",
                "192.168.56.1",
                "fe80::bc21:1b56:1d1:4b9f",
                "169.254.75.159",
                "fe80::4807:9ca5:cd67:6ac6",
                "169.254.106.198",
                "fe80::e097:4ef1:6314:5a55",
                "169.254.90.85",
                "fe80::d55:b4a9:26a4:7406",
                "192.168.1.102",
                "fe80::211f:b772:c6da:bfb3",
                "172.27.16.1",
                "fe80::f90c:d738:c01c:abc6",
                "172.28.192.1",
                "fe80::68fb:280b:ac6f:30de",
                "172.23.96.1"
            ]
        }
    },
    "319": {
        "@timestamp": "2022-10-07T10:29:15.058Z",
        "winlog": {
            "event_data": {
                "User": "ELMO\\mrdor",
                "IntegrityLevel": "High",
                "FileVersion": "-",
                "Company": "The Git Development Community",
                "RuleName": "-",
                "CurrentDirectory": "C:\\Users\\mrdor\\PycharmProjects\\Hunterbee\\",
                "CommandLine": "git.exe -c credential.helper= -c core.quotepath=false -c log.showSignature=false status --porcelain -z --untracked-files=no --ignored=no -- client/tempfiles/Logs/Sysmon/sysmon-logs-75.json client/tempfiles/Logs/Sysmon/winlogbeat-20221007-75.ndjson client/tempfiles/Logs/Sysmon/winlogbeat-20221007-76.ndjson client/tempfiles/Logs/Sysmon/winlogbeat-20221007-77.ndjson",
                "Product": "Git",
                "Hashes": "MD5=A521A4389F01D81C4E78C9129EB36D48",
                "ParentProcessGuid": "{dd01dab0-ff7b-633f-fc54-010000004600}",
                "Image": "C:\\Program Files\\Git\\mingw64\\bin\\git.exe",
                "UtcTime": "2022-10-07 10:29:15.055",
                "LogonId": "0x262837e6",
                "ParentCommandLine": "\"C:\\Program Files\\Git\\cmd\\git.exe\" -c credential.helper= -c core.quotepath=false -c log.showSignature=false status --porcelain -z --untracked-files=no --ignored=no -- client/tempfiles/Logs/Sysmon/sysmon-logs-75.json client/tempfiles/Logs/Sysmon/winlogbeat-20221007-75.ndjson client/tempfiles/Logs/Sysmon/winlogbeat-20221007-76.ndjson client/tempfiles/Logs/Sysmon/winlogbeat-20221007-77.ndjson",
                "ParentUser": "ELMO\\mrdor",
                "ProcessId": "18508",
                "TerminalSessionId": "4",
                "ParentProcessId": "18408",
                "OriginalFileName": "git.exe",
                "ParentImage": "C:\\Program Files\\Git\\cmd\\git.exe",
                "Description": "Git for Windows",
                "ProcessGuid": "{dd01dab0-ff7b-633f-fd54-010000004600}",
                "LogonGuid": "{dd01dab0-b9ee-633f-e637-282600000000}"
            },
            "computer_name": "Elmo",
            "provider_guid": "{5770385f-c22a-43e0-bf4c-06f5698ffbd9}",
            "provider_name": "Microsoft-Windows-Sysmon",
            "task": "Process Create (rule: ProcessCreate)"
        },
        "host": {
            "name": "Elmo",
            "ip": [
                "fe80::7cd2:efa8:dba2:6fc0",
                "169.254.111.192",
                "fe80::e431:7896:8d85:5aa",
                "172.21.208.1",
                "fe80::48ae:546b:7a20:7f52",
                "172.30.112.1",
                "fe80::f45e:e853:b6c1:9350",
                "192.168.56.1",
                "fe80::bc21:1b56:1d1:4b9f",
                "169.254.75.159",
                "fe80::4807:9ca5:cd67:6ac6",
                "169.254.106.198",
                "fe80::e097:4ef1:6314:5a55",
                "169.254.90.85",
                "fe80::d55:b4a9:26a4:7406",
                "192.168.1.102",
                "fe80::211f:b772:c6da:bfb3",
                "172.27.16.1",
                "fe80::f90c:d738:c01c:abc6",
                "172.28.192.1",
                "fe80::68fb:280b:ac6f:30de",
                "172.23.96.1"
            ]
        }
    },
    "320": {
        "@timestamp": "2022-10-07T10:29:15.411Z",
        "host": {
            "name": "Elmo",
            "ip": [
                "fe80::7cd2:efa8:dba2:6fc0",
                "169.254.111.192",
                "fe80::e431:7896:8d85:5aa",
                "172.21.208.1",
                "fe80::48ae:546b:7a20:7f52",
                "172.30.112.1",
                "fe80::f45e:e853:b6c1:9350",
                "192.168.56.1",
                "fe80::bc21:1b56:1d1:4b9f",
                "169.254.75.159",
                "fe80::4807:9ca5:cd67:6ac6",
                "169.254.106.198",
                "fe80::e097:4ef1:6314:5a55",
                "169.254.90.85",
                "fe80::d55:b4a9:26a4:7406",
                "192.168.1.102",
                "fe80::211f:b772:c6da:bfb3",
                "172.27.16.1",
                "fe80::f90c:d738:c01c:abc6",
                "172.28.192.1",
                "fe80::68fb:280b:ac6f:30de",
                "172.23.96.1"
            ]
        },
        "winlog": {
            "task": "Process Create (rule: ProcessCreate)",
            "computer_name": "Elmo",
            "provider_name": "Microsoft-Windows-Sysmon",
            "provider_guid": "{5770385f-c22a-43e0-bf4c-06f5698ffbd9}",
            "event_data": {
                "LogonId": "0x262837e6",
                "Image": "C:\\Users\\mrdor\\PycharmProjects\\Hunterbee\\venv\\Scripts\\python.exe",
                "RuleName": "-",
                "Product": "Python",
                "LogonGuid": "{dd01dab0-b9ee-633f-e637-282600000000}",
                "CurrentDirectory": "C:\\Users\\mrdor\\PycharmProjects\\Hunterbee\\venv\\Scripts\\",
                "ParentImage": "C:\\Program Files\\JetBrains\\PyCharm 2021.3\\bin\\pycharm64.exe",
                "ParentUser": "ELMO\\mrdor",
                "ProcessId": "16952",
                "Company": "Python Software Foundation",
                "OriginalFileName": "py.exe",
                "FileVersion": "3.9.7",
                "Description": "Python",
                "IntegrityLevel": "High",
                "ParentProcessId": "18532",
                "ParentProcessGuid": "{dd01dab0-e463-633f-c137-010000004600}",
                "CommandLine": "C:\\Users\\mrdor\\PycharmProjects\\Hunterbee\\venv\\Scripts\\python.exe \"C:\\Program Files\\JetBrains\\PyCharm 2021.3\\plugins\\python\\helpers\\pycodestyle.py\" --max-line-length=120 -",
                "Hashes": "MD5=D59663B8D5F110F55EC5507C8DFDCC82",
                "ProcessGuid": "{dd01dab0-ff7b-633f-fe54-010000004600}",
                "User": "ELMO\\mrdor",
                "ParentCommandLine": "\"C:\\Program Files\\JetBrains\\PyCharm 2021.3\\bin\\pycharm64.exe\" ",
                "TerminalSessionId": "4",
                "UtcTime": "2022-10-07 10:29:15.408"
            }
        }
    },
    "321": {
        "@timestamp": "2022-10-07T10:29:15.446Z",
        "host": {
            "name": "Elmo",
            "ip": [
                "fe80::7cd2:efa8:dba2:6fc0",
                "169.254.111.192",
                "fe80::e431:7896:8d85:5aa",
                "172.21.208.1",
                "fe80::48ae:546b:7a20:7f52",
                "172.30.112.1",
                "fe80::f45e:e853:b6c1:9350",
                "192.168.56.1",
                "fe80::bc21:1b56:1d1:4b9f",
                "169.254.75.159",
                "fe80::4807:9ca5:cd67:6ac6",
                "169.254.106.198",
                "fe80::e097:4ef1:6314:5a55",
                "169.254.90.85",
                "fe80::d55:b4a9:26a4:7406",
                "192.168.1.102",
                "fe80::211f:b772:c6da:bfb3",
                "172.27.16.1",
                "fe80::f90c:d738:c01c:abc6",
                "172.28.192.1",
                "fe80::68fb:280b:ac6f:30de",
                "172.23.96.1"
            ]
        },
        "winlog": {
            "computer_name": "Elmo",
            "event_data": {
                "ParentProcessId": "16952",
                "ParentCommandLine": "C:\\Users\\mrdor\\PycharmProjects\\Hunterbee\\venv\\Scripts\\python.exe \"C:\\Program Files\\JetBrains\\PyCharm 2021.3\\plugins\\python\\helpers\\pycodestyle.py\" --max-line-length=120 -",
                "Product": "Python",
                "Image": "C:\\Users\\mrdor\\AppData\\Local\\Programs\\Python\\Python39\\python.exe",
                "CommandLine": "C:\\Users\\mrdor\\AppData\\Local\\Programs\\Python\\Python39\\python.exe \"C:\\Program Files\\JetBrains\\PyCharm 2021.3\\plugins\\python\\helpers\\pycodestyle.py\" --max-line-length=120 -",
                "CurrentDirectory": "C:\\Users\\mrdor\\PycharmProjects\\Hunterbee\\venv\\Scripts\\",
                "ParentImage": "C:\\Users\\mrdor\\PycharmProjects\\Hunterbee\\venv\\Scripts\\python.exe",
                "ProcessGuid": "{dd01dab0-ff7b-633f-0055-010000004600}",
                "Description": "Python",
                "LogonId": "0x262837e6",
                "ProcessId": "14180",
                "LogonGuid": "{dd01dab0-b9ee-633f-e637-282600000000}",
                "IntegrityLevel": "High",
                "RuleName": "-",
                "Company": "Python Software Foundation",
                "Hashes": "MD5=9AE7FE91385052358C3E33864ADA5E4E",
                "TerminalSessionId": "4",
                "ParentProcessGuid": "{dd01dab0-ff7b-633f-fe54-010000004600}",
                "UtcTime": "2022-10-07 10:29:15.443",
                "OriginalFileName": "python.exe",
                "ParentUser": "ELMO\\mrdor",
                "User": "ELMO\\mrdor",
                "FileVersion": "3.9.7"
            },
            "provider_guid": "{5770385f-c22a-43e0-bf4c-06f5698ffbd9}",
            "provider_name": "Microsoft-Windows-Sysmon",
            "task": "Process Create (rule: ProcessCreate)"
        }
    },
    "322": {
        "@timestamp": "2022-10-07T10:29:15.520Z",
        "winlog": {
            "provider_name": "Microsoft-Windows-Sysmon",
            "event_data": {
                "TargetObject": "HKU\\S-1-5-21-328187559-2963526314-2733536162-1001\\SOFTWARE\\Microsoft\\Windows NT\\CurrentVersion\\AppCompatFlags\\Compatibility Assistant\\Store\\C:\\Program Files\\Oracle\\VirtualBox\\VirtualBox.exe",
                "Details": "Binary Data",
                "UtcTime": "2022-10-07 10:29:15.519",
                "ProcessGuid": "{dd01dab0-dca9-633b-f900-000000004600}",
                "User": "NT AUTHORITY\\SYSTEM",
                "ProcessId": "1044",
                "EventType": "SetValue",
                "Image": "C:\\Windows\\system32\\svchost.exe",
                "RuleName": "InvDB"
            },
            "provider_guid": "{5770385f-c22a-43e0-bf4c-06f5698ffbd9}",
            "computer_name": "Elmo",
            "task": "Registry value set (rule: RegistryEvent)"
        },
        "host": {
            "name": "Elmo",
            "ip": [
                "fe80::7cd2:efa8:dba2:6fc0",
                "169.254.111.192",
                "fe80::e431:7896:8d85:5aa",
                "172.21.208.1",
                "fe80::48ae:546b:7a20:7f52",
                "172.30.112.1",
                "fe80::f45e:e853:b6c1:9350",
                "192.168.56.1",
                "fe80::bc21:1b56:1d1:4b9f",
                "169.254.75.159",
                "fe80::4807:9ca5:cd67:6ac6",
                "169.254.106.198",
                "fe80::e097:4ef1:6314:5a55",
                "169.254.90.85",
                "fe80::d55:b4a9:26a4:7406",
                "192.168.1.102",
                "fe80::211f:b772:c6da:bfb3",
                "172.27.16.1",
                "fe80::f90c:d738:c01c:abc6",
                "172.28.192.1",
                "fe80::68fb:280b:ac6f:30de",
                "172.23.96.1"
            ]
        }
    },
    "323": {
        "@timestamp": "2022-10-07T10:29:15.640Z",
        "host": {
            "name": "Elmo",
            "ip": [
                "fe80::7cd2:efa8:dba2:6fc0",
                "169.254.111.192",
                "fe80::e431:7896:8d85:5aa",
                "172.21.208.1",
                "fe80::48ae:546b:7a20:7f52",
                "172.30.112.1",
                "fe80::f45e:e853:b6c1:9350",
                "192.168.56.1",
                "fe80::bc21:1b56:1d1:4b9f",
                "169.254.75.159",
                "fe80::4807:9ca5:cd67:6ac6",
                "169.254.106.198",
                "fe80::e097:4ef1:6314:5a55",
                "169.254.90.85",
                "fe80::d55:b4a9:26a4:7406",
                "192.168.1.102",
                "fe80::211f:b772:c6da:bfb3",
                "172.27.16.1",
                "fe80::f90c:d738:c01c:abc6",
                "172.28.192.1",
                "fe80::68fb:280b:ac6f:30de",
                "172.23.96.1"
            ]
        },
        "winlog": {
            "event_data": {
                "ProcessGuid": "{dd01dab0-ff7b-633f-0055-010000004600}",
                "ProcessId": "14180",
                "Image": "C:\\Users\\mrdor\\AppData\\Local\\Programs\\Python\\Python39\\python.exe",
                "User": "ELMO\\mrdor",
                "RuleName": "-",
                "UtcTime": "2022-10-07 10:29:15.640"
            },
            "provider_name": "Microsoft-Windows-Sysmon",
            "task": "Process terminated (rule: ProcessTerminate)",
            "provider_guid": "{5770385f-c22a-43e0-bf4c-06f5698ffbd9}",
            "computer_name": "Elmo"
        }
    },
    "324": {
        "@timestamp": "2022-10-07T10:29:15.644Z",
        "winlog": {
            "event_data": {
                "User": "ELMO\\mrdor",
                "RuleName": "-",
                "UtcTime": "2022-10-07 10:29:15.644",
                "ProcessGuid": "{dd01dab0-ff7b-633f-fe54-010000004600}",
                "ProcessId": "16952",
                "Image": "C:\\Users\\mrdor\\PycharmProjects\\Hunterbee\\venv\\Scripts\\python.exe"
            },
            "provider_name": "Microsoft-Windows-Sysmon",
            "task": "Process terminated (rule: ProcessTerminate)",
            "computer_name": "Elmo",
            "provider_guid": "{5770385f-c22a-43e0-bf4c-06f5698ffbd9}"
        },
        "host": {
            "ip": [
                "fe80::7cd2:efa8:dba2:6fc0",
                "169.254.111.192",
                "fe80::e431:7896:8d85:5aa",
                "172.21.208.1",
                "fe80::48ae:546b:7a20:7f52",
                "172.30.112.1",
                "fe80::f45e:e853:b6c1:9350",
                "192.168.56.1",
                "fe80::bc21:1b56:1d1:4b9f",
                "169.254.75.159",
                "fe80::4807:9ca5:cd67:6ac6",
                "169.254.106.198",
                "fe80::e097:4ef1:6314:5a55",
                "169.254.90.85",
                "fe80::d55:b4a9:26a4:7406",
                "192.168.1.102",
                "fe80::211f:b772:c6da:bfb3",
                "172.27.16.1",
                "fe80::f90c:d738:c01c:abc6",
                "172.28.192.1",
                "fe80::68fb:280b:ac6f:30de",
                "172.23.96.1"
            ],
            "name": "Elmo"
        }
    },
    "325": {
        "@timestamp": "2022-10-07T10:29:16.226Z",
        "host": {
            "ip": [
                "fe80::7cd2:efa8:dba2:6fc0",
                "169.254.111.192",
                "fe80::e431:7896:8d85:5aa",
                "172.21.208.1",
                "fe80::48ae:546b:7a20:7f52",
                "172.30.112.1",
                "fe80::f45e:e853:b6c1:9350",
                "192.168.56.1",
                "fe80::bc21:1b56:1d1:4b9f",
                "169.254.75.159",
                "fe80::4807:9ca5:cd67:6ac6",
                "169.254.106.198",
                "fe80::e097:4ef1:6314:5a55",
                "169.254.90.85",
                "fe80::d55:b4a9:26a4:7406",
                "192.168.1.102",
                "fe80::211f:b772:c6da:bfb3",
                "172.27.16.1",
                "fe80::f90c:d738:c01c:abc6",
                "172.28.192.1",
                "fe80::68fb:280b:ac6f:30de",
                "172.23.96.1"
            ],
            "name": "Elmo"
        },
        "winlog": {
            "computer_name": "Elmo",
            "provider_name": "Microsoft-Windows-Sysmon",
            "task": "Process Create (rule: ProcessCreate)",
            "provider_guid": "{5770385f-c22a-43e0-bf4c-06f5698ffbd9}",
            "event_data": {
                "RuleName": "-",
                "User": "ELMO\\mrdor",
                "CurrentDirectory": "C:\\Users\\mrdor\\PycharmProjects\\Hunterbee\\",
                "ParentCommandLine": "\"C:\\Program Files\\JetBrains\\PyCharm 2021.3\\bin\\pycharm64.exe\" ",
                "Image": "C:\\Program Files\\JetBrains\\PyCharm 2021.3\\bin\\runnerw.exe",
                "Company": "JetBrains s.r.o.",
                "ParentProcessGuid": "{dd01dab0-e463-633f-c137-010000004600}",
                "ParentUser": "ELMO\\mrdor",
                "LogonId": "0x262837e6",
                "Description": "Command line runner",
                "OriginalFileName": "runnerw.exe",
                "UtcTime": "2022-10-07 10:29:16.222",
                "CommandLine": "\"C:\\Program Files\\JetBrains\\PyCharm 2021.3\\bin\\runnerw.exe\" \"C:\\Program Files\\Git\\cmd\\git.exe\" -c credential.helper= -c core.quotepath=false -c log.showSignature=false status --porcelain -z --untracked-files=no --ignored=no -- .idea/workspace.xml",
                "FileVersion": "1.0.0.1",
                "LogonGuid": "{dd01dab0-b9ee-633f-e637-282600000000}",
                "IntegrityLevel": "High",
                "Hashes": "MD5=23E6EC0009C0C7081DB498A691B89E87",
                "ParentImage": "C:\\Program Files\\JetBrains\\PyCharm 2021.3\\bin\\pycharm64.exe",
                "ProcessId": "10080",
                "Product": "IntelliJ Platform",
                "ProcessGuid": "{dd01dab0-ff7c-633f-0155-010000004600}",
                "ParentProcessId": "18532",
                "TerminalSessionId": "4"
            }
        }
    },
    "326": {
        "@timestamp": "2022-10-07T10:29:16.278Z",
        "host": {
            "ip": [
                "fe80::7cd2:efa8:dba2:6fc0",
                "169.254.111.192",
                "fe80::e431:7896:8d85:5aa",
                "172.21.208.1",
                "fe80::48ae:546b:7a20:7f52",
                "172.30.112.1",
                "fe80::f45e:e853:b6c1:9350",
                "192.168.56.1",
                "fe80::bc21:1b56:1d1:4b9f",
                "169.254.75.159",
                "fe80::4807:9ca5:cd67:6ac6",
                "169.254.106.198",
                "fe80::e097:4ef1:6314:5a55",
                "169.254.90.85",
                "fe80::d55:b4a9:26a4:7406",
                "192.168.1.102",
                "fe80::211f:b772:c6da:bfb3",
                "172.27.16.1",
                "fe80::f90c:d738:c01c:abc6",
                "172.28.192.1",
                "fe80::68fb:280b:ac6f:30de",
                "172.23.96.1"
            ],
            "name": "Elmo"
        },
        "winlog": {
            "task": "Process Create (rule: ProcessCreate)",
            "provider_guid": "{5770385f-c22a-43e0-bf4c-06f5698ffbd9}",
            "computer_name": "Elmo",
            "provider_name": "Microsoft-Windows-Sysmon",
            "event_data": {
                "TerminalSessionId": "4",
                "IntegrityLevel": "High",
                "LogonGuid": "{dd01dab0-b9ee-633f-e637-282600000000}",
                "UtcTime": "2022-10-07 10:29:16.275",
                "ParentUser": "ELMO\\mrdor",
                "RuleName": "-",
                "ProcessId": "8264",
                "ParentImage": "C:\\Program Files\\JetBrains\\PyCharm 2021.3\\bin\\runnerw.exe",
                "FileVersion": "-",
                "ParentProcessId": "10080",
                "ProcessGuid": "{dd01dab0-ff7c-633f-0355-010000004600}",
                "Description": "Git for Windows",
                "ParentCommandLine": "\"C:\\Program Files\\JetBrains\\PyCharm 2021.3\\bin\\runnerw.exe\" \"C:\\Program Files\\Git\\cmd\\git.exe\" -c credential.helper= -c core.quotepath=false -c log.showSignature=false status --porcelain -z --untracked-files=no --ignored=no -- .idea/workspace.xml",
                "User": "ELMO\\mrdor",
                "LogonId": "0x262837e6",
                "OriginalFileName": "git.exe",
                "CurrentDirectory": "C:\\Users\\mrdor\\PycharmProjects\\Hunterbee\\",
                "CommandLine": "\"C:\\Program Files\\Git\\cmd\\git.exe\" -c credential.helper= -c core.quotepath=false -c log.showSignature=false status --porcelain -z --untracked-files=no --ignored=no -- .idea/workspace.xml",
                "ParentProcessGuid": "{dd01dab0-ff7c-633f-0155-010000004600}",
                "Company": "The Git Development Community",
                "Hashes": "MD5=E87C1D27A0D6D4B36F05407A40418E0D",
                "Product": "Git",
                "Image": "C:\\Program Files\\Git\\cmd\\git.exe"
            }
        }
    },
    "327": {
        "@timestamp": "2022-10-07T10:29:16.291Z",
        "winlog": {
            "provider_guid": "{5770385f-c22a-43e0-bf4c-06f5698ffbd9}",
            "event_data": {
                "Product": "Git",
                "RuleName": "-",
                "ParentImage": "C:\\Program Files\\Git\\cmd\\git.exe",
                "LogonId": "0x262837e6",
                "LogonGuid": "{dd01dab0-b9ee-633f-e637-282600000000}",
                "ProcessId": "13540",
                "ParentUser": "ELMO\\mrdor",
                "UtcTime": "2022-10-07 10:29:16.288",
                "CurrentDirectory": "C:\\Users\\mrdor\\PycharmProjects\\Hunterbee\\",
                "ProcessGuid": "{dd01dab0-ff7c-633f-0455-010000004600}",
                "TerminalSessionId": "4",
                "CommandLine": "git.exe -c credential.helper= -c core.quotepath=false -c log.showSignature=false status --porcelain -z --untracked-files=no --ignored=no -- .idea/workspace.xml",
                "Hashes": "MD5=A521A4389F01D81C4E78C9129EB36D48",
                "Description": "Git for Windows",
                "Company": "The Git Development Community",
                "User": "ELMO\\mrdor",
                "OriginalFileName": "git.exe",
                "ParentProcessGuid": "{dd01dab0-ff7c-633f-0355-010000004600}",
                "IntegrityLevel": "High",
                "ParentProcessId": "8264",
                "Image": "C:\\Program Files\\Git\\mingw64\\bin\\git.exe",
                "FileVersion": "-",
                "ParentCommandLine": "\"C:\\Program Files\\Git\\cmd\\git.exe\" -c credential.helper= -c core.quotepath=false -c log.showSignature=false status --porcelain -z --untracked-files=no --ignored=no -- .idea/workspace.xml"
            },
            "provider_name": "Microsoft-Windows-Sysmon",
            "computer_name": "Elmo",
            "task": "Process Create (rule: ProcessCreate)"
        },
        "host": {
            "name": "Elmo",
            "ip": [
                "fe80::7cd2:efa8:dba2:6fc0",
                "169.254.111.192",
                "fe80::e431:7896:8d85:5aa",
                "172.21.208.1",
                "fe80::48ae:546b:7a20:7f52",
                "172.30.112.1",
                "fe80::f45e:e853:b6c1:9350",
                "192.168.56.1",
                "fe80::bc21:1b56:1d1:4b9f",
                "169.254.75.159",
                "fe80::4807:9ca5:cd67:6ac6",
                "169.254.106.198",
                "fe80::e097:4ef1:6314:5a55",
                "169.254.90.85",
                "fe80::d55:b4a9:26a4:7406",
                "192.168.1.102",
                "fe80::211f:b772:c6da:bfb3",
                "172.27.16.1",
                "fe80::f90c:d738:c01c:abc6",
                "172.28.192.1",
                "fe80::68fb:280b:ac6f:30de",
                "172.23.96.1"
            ]
        }
    },
    "328": {
        "@timestamp": "2022-10-07T10:29:22.663Z",
        "host": {
            "ip": [
                "fe80::7cd2:efa8:dba2:6fc0",
                "169.254.111.192",
                "fe80::e431:7896:8d85:5aa",
                "172.21.208.1",
                "fe80::48ae:546b:7a20:7f52",
                "172.30.112.1",
                "fe80::f45e:e853:b6c1:9350",
                "192.168.56.1",
                "fe80::bc21:1b56:1d1:4b9f",
                "169.254.75.159",
                "fe80::4807:9ca5:cd67:6ac6",
                "169.254.106.198",
                "fe80::e097:4ef1:6314:5a55",
                "169.254.90.85",
                "fe80::d55:b4a9:26a4:7406",
                "192.168.1.102",
                "fe80::211f:b772:c6da:bfb3",
                "172.27.16.1",
                "fe80::f90c:d738:c01c:abc6",
                "172.28.192.1",
                "fe80::68fb:280b:ac6f:30de",
                "172.23.96.1"
            ],
            "name": "Elmo"
        },
        "winlog": {
            "task": "Process Create (rule: ProcessCreate)",
            "event_data": {
                "ParentUser": "ELMO\\mrdor",
                "LogonGuid": "{dd01dab0-b9ee-633f-2067-282600000000}",
                "Product": "Internet Download Manager (IDM)",
                "UtcTime": "2022-10-07 10:29:22.660",
                "CommandLine": "\"C:\\Program Files (x86)\\Internet Download Manager\\IDMan.exe\" ",
                "Hashes": "MD5=4B70944957B7F23793543E7AB80B34E9",
                "Description": "Internet Download Manager (IDM)",
                "ParentImage": "C:\\Windows\\explorer.exe",
                "RuleName": "-",
                "ParentProcessId": "21696",
                "Image": "C:\\Program Files (x86)\\Internet Download Manager\\IDMan.exe",
                "CurrentDirectory": "C:\\Windows\\System32\\",
                "User": "ELMO\\mrdor",
                "ProcessId": "23412",
                "ProcessGuid": "{dd01dab0-ff82-633f-0655-010000004600}",
                "LogonId": "0x26286720",
                "IntegrityLevel": "Medium",
                "ParentCommandLine": "C:\\Windows\\Explorer.EXE",
                "FileVersion": "6, 39, 8, 3",
                "TerminalSessionId": "4",
                "Company": "Tonec Inc.",
                "ParentProcessGuid": "{dd01dab0-b9fc-633f-e233-010000004600}",
                "OriginalFileName": "IDMan.exe"
            },
            "provider_guid": "{5770385f-c22a-43e0-bf4c-06f5698ffbd9}",
            "provider_name": "Microsoft-Windows-Sysmon",
            "computer_name": "Elmo"
        }
    },
    "329": {
        "@timestamp": "2022-10-07T10:29:24.955Z",
        "host": {
            "name": "Elmo",
            "ip": [
                "fe80::7cd2:efa8:dba2:6fc0",
                "169.254.111.192",
                "fe80::e431:7896:8d85:5aa",
                "172.21.208.1",
                "fe80::48ae:546b:7a20:7f52",
                "172.30.112.1",
                "fe80::f45e:e853:b6c1:9350",
                "192.168.56.1",
                "fe80::bc21:1b56:1d1:4b9f",
                "169.254.75.159",
                "fe80::4807:9ca5:cd67:6ac6",
                "169.254.106.198",
                "fe80::e097:4ef1:6314:5a55",
                "169.254.90.85",
                "fe80::d55:b4a9:26a4:7406",
                "192.168.1.102",
                "fe80::211f:b772:c6da:bfb3",
                "172.27.16.1",
                "fe80::f90c:d738:c01c:abc6",
                "172.28.192.1",
                "fe80::68fb:280b:ac6f:30de",
                "172.23.96.1"
            ]
        },
        "winlog": {
            "computer_name": "Elmo",
            "provider_guid": "{5770385f-c22a-43e0-bf4c-06f5698ffbd9}",
            "provider_name": "Microsoft-Windows-Sysmon",
            "event_data": {
                "User": "NT AUTHORITY\\SYSTEM",
                "EventType": "SetValue",
                "UtcTime": "2022-10-07 10:29:24.954",
                "Details": "Binary Data",
                "Image": "C:\\Windows\\system32\\svchost.exe",
                "ProcessGuid": "{dd01dab0-dca9-633b-f900-000000004600}",
                "ProcessId": "1044",
                "TargetObject": "HKU\\S-1-5-21-328187559-2963526314-2733536162-1001\\SOFTWARE\\Microsoft\\Windows NT\\CurrentVersion\\AppCompatFlags\\Compatibility Assistant\\Store\\C:\\Program Files (x86)\\Internet Download Manager\\IDMan.exe",
                "RuleName": "InvDB"
            },
            "task": "Registry value set (rule: RegistryEvent)"
        }
    },
    "330": {
        "@timestamp": "2022-10-07T10:30:09.239Z",
        "host": {
            "name": "Elmo",
            "ip": [
                "fe80::7cd2:efa8:dba2:6fc0",
                "169.254.111.192",
                "fe80::e431:7896:8d85:5aa",
                "172.21.208.1",
                "fe80::48ae:546b:7a20:7f52",
                "172.30.112.1",
                "fe80::f45e:e853:b6c1:9350",
                "192.168.56.1",
                "fe80::bc21:1b56:1d1:4b9f",
                "169.254.75.159",
                "fe80::4807:9ca5:cd67:6ac6",
                "169.254.106.198",
                "fe80::e097:4ef1:6314:5a55",
                "169.254.90.85",
                "fe80::d55:b4a9:26a4:7406",
                "192.168.1.102",
                "fe80::211f:b772:c6da:bfb3",
                "172.27.16.1",
                "fe80::f90c:d738:c01c:abc6",
                "172.28.192.1",
                "fe80::68fb:280b:ac6f:30de",
                "172.23.96.1"
            ]
        },
        "winlog": {
            "computer_name": "Elmo",
            "provider_name": "Microsoft-Windows-Sysmon",
            "provider_guid": "{5770385f-c22a-43e0-bf4c-06f5698ffbd9}",
            "event_data": {
                "FileVersion": "1.0.0.1",
                "OriginalFileName": "runnerw.exe",
                "Description": "Command line runner",
                "TerminalSessionId": "4",
                "ParentImage": "C:\\Program Files\\JetBrains\\PyCharm 2021.3\\bin\\pycharm64.exe",
                "LogonGuid": "{dd01dab0-b9ee-633f-e637-282600000000}",
                "IntegrityLevel": "High",
                "CurrentDirectory": "C:\\Users\\mrdor\\PycharmProjects\\Hunterbee\\",
                "ParentUser": "ELMO\\mrdor",
                "LogonId": "0x262837e6",
                "ParentProcessId": "18532",
                "Product": "IntelliJ Platform",
                "RuleName": "-",
                "UtcTime": "2022-10-07 10:30:09.232",
                "User": "ELMO\\mrdor",
                "ProcessGuid": "{dd01dab0-ffb1-633f-0755-010000004600}",
                "Hashes": "MD5=23E6EC0009C0C7081DB498A691B89E87",
                "ProcessId": "6364",
                "ParentProcessGuid": "{dd01dab0-e463-633f-c137-010000004600}",
                "ParentCommandLine": "\"C:\\Program Files\\JetBrains\\PyCharm 2021.3\\bin\\pycharm64.exe\" ",
                "CommandLine": "\"C:\\Program Files\\JetBrains\\PyCharm 2021.3\\bin\\runnerw.exe\" \"C:\\Program Files\\Git\\cmd\\git.exe\" -c credential.helper= -c core.quotepath=false -c log.showSignature=false status --porcelain -z --untracked-files=no --ignored=no -- client/tempfiles/Logs/Sysmon/sysmon-logs-76.json client/tempfiles/Logs/Sysmon/winlogbeat-20221007-76.ndjson client/tempfiles/Logs/Sysmon/winlogbeat-20221007-77.ndjson client/tempfiles/Logs/Sysmon/winlogbeat-20221007-78.ndjson",
                "Image": "C:\\Program Files\\JetBrains\\PyCharm 2021.3\\bin\\runnerw.exe",
                "Company": "JetBrains s.r.o."
            },
            "task": "Process Create (rule: ProcessCreate)"
        }
    },
    "331": {
        "@timestamp": "2022-10-07T10:30:09.292Z",
        "winlog": {
            "computer_name": "Elmo",
            "task": "Process Create (rule: ProcessCreate)",
            "provider_name": "Microsoft-Windows-Sysmon",
            "provider_guid": "{5770385f-c22a-43e0-bf4c-06f5698ffbd9}",
            "event_data": {
                "ParentUser": "ELMO\\mrdor",
                "ProcessId": "16176",
                "ParentProcessGuid": "{dd01dab0-ffb1-633f-0755-010000004600}",
                "ParentProcessId": "6364",
                "CommandLine": "\"C:\\Program Files\\Git\\cmd\\git.exe\" -c credential.helper= -c core.quotepath=false -c log.showSignature=false status --porcelain -z --untracked-files=no --ignored=no -- client/tempfiles/Logs/Sysmon/sysmon-logs-76.json client/tempfiles/Logs/Sysmon/winlogbeat-20221007-76.ndjson client/tempfiles/Logs/Sysmon/winlogbeat-20221007-77.ndjson client/tempfiles/Logs/Sysmon/winlogbeat-20221007-78.ndjson",
                "User": "ELMO\\mrdor",
                "LogonGuid": "{dd01dab0-b9ee-633f-e637-282600000000}",
                "ProcessGuid": "{dd01dab0-ffb1-633f-0955-010000004600}",
                "Image": "C:\\Program Files\\Git\\cmd\\git.exe",
                "IntegrityLevel": "High",
                "UtcTime": "2022-10-07 10:30:09.287",
                "ParentImage": "C:\\Program Files\\JetBrains\\PyCharm 2021.3\\bin\\runnerw.exe",
                "LogonId": "0x262837e6",
                "Hashes": "MD5=E87C1D27A0D6D4B36F05407A40418E0D",
                "RuleName": "-",
                "Company": "The Git Development Community",
                "OriginalFileName": "git.exe",
                "TerminalSessionId": "4",
                "FileVersion": "-",
                "Description": "Git for Windows",
                "Product": "Git",
                "ParentCommandLine": "\"C:\\Program Files\\JetBrains\\PyCharm 2021.3\\bin\\runnerw.exe\" \"C:\\Program Files\\Git\\cmd\\git.exe\" -c credential.helper= -c core.quotepath=false -c log.showSignature=false status --porcelain -z --untracked-files=no --ignored=no -- client/tempfiles/Logs/Sysmon/sysmon-logs-76.json client/tempfiles/Logs/Sysmon/winlogbeat-20221007-76.ndjson client/tempfiles/Logs/Sysmon/winlogbeat-20221007-77.ndjson client/tempfiles/Logs/Sysmon/winlogbeat-20221007-78.ndjson",
                "CurrentDirectory": "C:\\Users\\mrdor\\PycharmProjects\\Hunterbee\\"
            }
        },
        "host": {
            "name": "Elmo",
            "ip": [
                "fe80::7cd2:efa8:dba2:6fc0",
                "169.254.111.192",
                "fe80::e431:7896:8d85:5aa",
                "172.21.208.1",
                "fe80::48ae:546b:7a20:7f52",
                "172.30.112.1",
                "fe80::f45e:e853:b6c1:9350",
                "192.168.56.1",
                "fe80::bc21:1b56:1d1:4b9f",
                "169.254.75.159",
                "fe80::4807:9ca5:cd67:6ac6",
                "169.254.106.198",
                "fe80::e097:4ef1:6314:5a55",
                "169.254.90.85",
                "fe80::d55:b4a9:26a4:7406",
                "192.168.1.102",
                "fe80::211f:b772:c6da:bfb3",
                "172.27.16.1",
                "fe80::f90c:d738:c01c:abc6",
                "172.28.192.1",
                "fe80::68fb:280b:ac6f:30de",
                "172.23.96.1"
            ]
        }
    },
    "332": {
        "@timestamp": "2022-10-07T10:30:09.307Z",
        "winlog": {
            "provider_guid": "{5770385f-c22a-43e0-bf4c-06f5698ffbd9}",
            "provider_name": "Microsoft-Windows-Sysmon",
            "computer_name": "Elmo",
            "task": "Process Create (rule: ProcessCreate)",
            "event_data": {
                "ParentProcessGuid": "{dd01dab0-ffb1-633f-0955-010000004600}",
                "IntegrityLevel": "High",
                "Hashes": "MD5=A521A4389F01D81C4E78C9129EB36D48",
                "Description": "Git for Windows",
                "RuleName": "-",
                "Product": "Git",
                "LogonGuid": "{dd01dab0-b9ee-633f-e637-282600000000}",
                "ProcessId": "8436",
                "User": "ELMO\\mrdor",
                "ParentProcessId": "16176",
                "FileVersion": "-",
                "Image": "C:\\Program Files\\Git\\mingw64\\bin\\git.exe",
                "CurrentDirectory": "C:\\Users\\mrdor\\PycharmProjects\\Hunterbee\\",
                "ParentCommandLine": "\"C:\\Program Files\\Git\\cmd\\git.exe\" -c credential.helper= -c core.quotepath=false -c log.showSignature=false status --porcelain -z --untracked-files=no --ignored=no -- client/tempfiles/Logs/Sysmon/sysmon-logs-76.json client/tempfiles/Logs/Sysmon/winlogbeat-20221007-76.ndjson client/tempfiles/Logs/Sysmon/winlogbeat-20221007-77.ndjson client/tempfiles/Logs/Sysmon/winlogbeat-20221007-78.ndjson",
                "UtcTime": "2022-10-07 10:30:09.303",
                "ParentUser": "ELMO\\mrdor",
                "CommandLine": "git.exe -c credential.helper= -c core.quotepath=false -c log.showSignature=false status --porcelain -z --untracked-files=no --ignored=no -- client/tempfiles/Logs/Sysmon/sysmon-logs-76.json client/tempfiles/Logs/Sysmon/winlogbeat-20221007-76.ndjson client/tempfiles/Logs/Sysmon/winlogbeat-20221007-77.ndjson client/tempfiles/Logs/Sysmon/winlogbeat-20221007-78.ndjson",
                "LogonId": "0x262837e6",
                "TerminalSessionId": "4",
                "ParentImage": "C:\\Program Files\\Git\\cmd\\git.exe",
                "ProcessGuid": "{dd01dab0-ffb1-633f-0a55-010000004600}",
                "Company": "The Git Development Community",
                "OriginalFileName": "git.exe"
            }
        },
        "host": {
            "name": "Elmo",
            "ip": [
                "fe80::7cd2:efa8:dba2:6fc0",
                "169.254.111.192",
                "fe80::e431:7896:8d85:5aa",
                "172.21.208.1",
                "fe80::48ae:546b:7a20:7f52",
                "172.30.112.1",
                "fe80::f45e:e853:b6c1:9350",
                "192.168.56.1",
                "fe80::bc21:1b56:1d1:4b9f",
                "169.254.75.159",
                "fe80::4807:9ca5:cd67:6ac6",
                "169.254.106.198",
                "fe80::e097:4ef1:6314:5a55",
                "169.254.90.85",
                "fe80::d55:b4a9:26a4:7406",
                "192.168.1.102",
                "fe80::211f:b772:c6da:bfb3",
                "172.27.16.1",
                "fe80::f90c:d738:c01c:abc6",
                "172.28.192.1",
                "fe80::68fb:280b:ac6f:30de",
                "172.23.96.1"
            ]
        }
    },
    "333": {
        "@timestamp": "2022-10-07T10:30:09.765Z",
        "winlog": {
            "computer_name": "Elmo",
            "event_data": {
                "ProcessId": "6108",
                "Description": "Python",
                "ParentProcessGuid": "{dd01dab0-e463-633f-c137-010000004600}",
                "IntegrityLevel": "High",
                "OriginalFileName": "py.exe",
                "TerminalSessionId": "4",
                "CurrentDirectory": "C:\\Users\\mrdor\\PycharmProjects\\Hunterbee\\venv\\Scripts\\",
                "FileVersion": "3.9.7",
                "User": "ELMO\\mrdor",
                "LogonId": "0x262837e6",
                "ParentUser": "ELMO\\mrdor",
