                "ProcessGuid": "{6c5fe7fc-0347-633f-cf00-000000000300}",
                "ProcessId": "4476",
                "Details": "DWORD (0x000025f6)",
                "RuleName": "Suspicious,ImageBeginWithBackslash",
                "EventType": "SetValue",
                "Image": "\\\\?\\C:\\Windows\\system32\\wbem\\WMIADAP.EXE"
            },
            "provider_guid": "{5770385f-c22a-43e0-bf4c-06f5698ffbd9}",
            "computer_name": "cc64faae-bf24-454e-84e2-d13617cacb46",
            "provider_name": "Microsoft-Windows-Sysmon"
        },
        "host": {
            "ip": [
                "fe80::81d3:bff6:130:a96c",
                "172.30.115.76"
            ],
            "name": "cc64faae-bf24-454e-84e2-d13617cacb46"
        }
    },
    "83": {
        "@timestamp": "2022-10-06T16:33:36.956Z",
        "host": {
            "ip": [
                "fe80::81d3:bff6:130:a96c",
                "172.30.115.76"
            ],
            "name": "cc64faae-bf24-454e-84e2-d13617cacb46"
        },
        "winlog": {
            "task": "Registry value set (rule: RegistryEvent)",
            "provider_name": "Microsoft-Windows-Sysmon",
            "event_data": {
                "RuleName": "Suspicious,ImageBeginWithBackslash",
                "UtcTime": "2022-10-06 16:33:36.955",
                "TargetObject": "HKLM\\System\\CurrentControlSet\\Services\\WmiApRpl\\Performance\\First Help",
                "EventType": "SetValue",
                "Image": "\\\\?\\C:\\Windows\\system32\\wbem\\WMIADAP.EXE",
                "ProcessGuid": "{6c5fe7fc-0347-633f-cf00-000000000300}",
                "ProcessId": "4476",
                "User": "NT AUTHORITY\\SYSTEM",
                "Details": "DWORD (0x000025f7)"
            },
            "provider_guid": "{5770385f-c22a-43e0-bf4c-06f5698ffbd9}",
            "computer_name": "cc64faae-bf24-454e-84e2-d13617cacb46"
        }
    },
    "84": {
        "@timestamp": "2022-10-06T16:33:36.956Z",
        "host": {
            "name": "cc64faae-bf24-454e-84e2-d13617cacb46",
            "ip": [
                "fe80::81d3:bff6:130:a96c",
                "172.30.115.76"
            ]
        },
        "winlog": {
            "provider_guid": "{5770385f-c22a-43e0-bf4c-06f5698ffbd9}",
            "task": "Registry value set (rule: RegistryEvent)",
            "provider_name": "Microsoft-Windows-Sysmon",
            "event_data": {
                "UtcTime": "2022-10-06 16:33:36.955",
                "ProcessId": "4476",
                "Image": "\\\\?\\C:\\Windows\\system32\\wbem\\WMIADAP.EXE",
                "EventType": "SetValue",
                "ProcessGuid": "{6c5fe7fc-0347-633f-cf00-000000000300}",
                "RuleName": "Suspicious,ImageBeginWithBackslash",
                "User": "NT AUTHORITY\\SYSTEM",
                "TargetObject": "HKLM\\System\\CurrentControlSet\\Services\\WmiApRpl\\Performance\\Object List",
                "Details": "9718 9724 9734 9744 9764 9808 9818 9856 9862 9878"
            },
            "computer_name": "cc64faae-bf24-454e-84e2-d13617cacb46"
        }
    },
    "85": {
        "@timestamp": "2022-10-06T16:33:36.956Z",
        "host": {
            "ip": [
                "fe80::81d3:bff6:130:a96c",
                "172.30.115.76"
            ],
            "name": "cc64faae-bf24-454e-84e2-d13617cacb46"
        },
        "winlog": {
            "task": "Registry object added or deleted (rule: RegistryEvent)",
            "computer_name": "cc64faae-bf24-454e-84e2-d13617cacb46",
            "event_data": {
                "Image": "\\\\?\\C:\\Windows\\system32\\wbem\\WMIADAP.EXE",
                "TargetObject": "HKLM\\SOFTWARE\\Microsoft\\Windows NT\\CurrentVersion\\Perflib\\Updating",
                "User": "NT AUTHORITY\\SYSTEM",
                "RuleName": "Suspicious,ImageBeginWithBackslash",
                "EventType": "DeleteValue",
                "UtcTime": "2022-10-06 16:33:36.955",
                "ProcessGuid": "{6c5fe7fc-0347-633f-cf00-000000000300}",
                "ProcessId": "4476"
            },
            "provider_name": "Microsoft-Windows-Sysmon",
            "provider_guid": "{5770385f-c22a-43e0-bf4c-06f5698ffbd9}"
        }
    },
    "86": {
        "@timestamp": "2022-10-06T16:33:39.473Z",
        "winlog": {
            "event_data": {
                "RuleName": "Suspicious,ImageBeginWithBackslash",
                "EventType": "SetValue",
                "ProcessId": "4476",
                "User": "NT AUTHORITY\\SYSTEM",
                "UtcTime": "2022-10-06 16:33:39.472",
                "ProcessGuid": "{6c5fe7fc-0347-633f-cf00-000000000300}",
                "Image": "\\\\?\\C:\\Windows\\system32\\wbem\\WMIADAP.EXE",
                "TargetObject": "HKLM\\SOFTWARE\\Microsoft\\Wbem\\PROVIDERS\\Performance\\Performance Data",
                "Details": "Binary Data"
            },
            "computer_name": "cc64faae-bf24-454e-84e2-d13617cacb46",
            "provider_name": "Microsoft-Windows-Sysmon",
            "task": "Registry value set (rule: RegistryEvent)",
            "provider_guid": "{5770385f-c22a-43e0-bf4c-06f5698ffbd9}"
        },
        "host": {
            "ip": [
                "fe80::81d3:bff6:130:a96c",
                "172.30.115.76"
            ],
            "name": "cc64faae-bf24-454e-84e2-d13617cacb46"
        }
    },
    "87": {
        "@timestamp": "2022-10-06T16:33:39.473Z",
        "host": {
            "name": "cc64faae-bf24-454e-84e2-d13617cacb46",
            "ip": [
                "fe80::81d3:bff6:130:a96c",
                "172.30.115.76"
            ]
        },
        "winlog": {
            "task": "Registry object added or deleted (rule: RegistryEvent)",
            "event_data": {
                "TargetObject": "HKLM\\SOFTWARE\\Microsoft\\Wbem\\WDM\\DREDGE",
                "User": "NT AUTHORITY\\SYSTEM",
                "RuleName": "Suspicious,ImageBeginWithBackslash",
                "EventType": "DeleteKey",
                "UtcTime": "2022-10-06 16:33:39.472",
                "ProcessGuid": "{6c5fe7fc-0347-633f-cf00-000000000300}",
                "ProcessId": "4476",
                "Image": "\\\\?\\C:\\Windows\\system32\\wbem\\WMIADAP.EXE"
            },
            "provider_guid": "{5770385f-c22a-43e0-bf4c-06f5698ffbd9}",
            "computer_name": "cc64faae-bf24-454e-84e2-d13617cacb46",
            "provider_name": "Microsoft-Windows-Sysmon"
        }
    },
    "88": {
        "@timestamp": "2022-10-06T16:33:39.473Z",
        "winlog": {
            "provider_name": "Microsoft-Windows-Sysmon",
            "computer_name": "cc64faae-bf24-454e-84e2-d13617cacb46",
            "provider_guid": "{5770385f-c22a-43e0-bf4c-06f5698ffbd9}",
            "task": "Registry value set (rule: RegistryEvent)",
            "event_data": {
                "ProcessId": "4476",
                "Details": "LowDateTime:959001059,HighDateTime:30988171***Binary mof compiled successfully",
                "User": "NT AUTHORITY\\SYSTEM",
                "UtcTime": "2022-10-06 16:33:39.472",
                "RuleName": "Suspicious,ImageBeginWithBackslash",
                "EventType": "SetValue",
                "ProcessGuid": "{6c5fe7fc-0347-633f-cf00-000000000300}",
                "Image": "\\\\?\\C:\\Windows\\system32\\wbem\\WMIADAP.EXE",
                "TargetObject": "HKLM\\SOFTWARE\\Microsoft\\Wbem\\WDM\\DREDGE\\C:\\Windows\\system32\\kernelbase.dll[MofResourceName]"
            }
        },
        "host": {
            "name": "cc64faae-bf24-454e-84e2-d13617cacb46",
            "ip": [
                "fe80::81d3:bff6:130:a96c",
                "172.30.115.76"
            ]
        }
    },
    "89": {
        "@timestamp": "2022-10-06T16:33:39.473Z",
        "winlog": {
            "task": "Registry value set (rule: RegistryEvent)",
            "provider_name": "Microsoft-Windows-Sysmon",
            "provider_guid": "{5770385f-c22a-43e0-bf4c-06f5698ffbd9}",
            "event_data": {
                "ProcessGuid": "{6c5fe7fc-0347-633f-cf00-000000000300}",
                "Details": "LowDateTime:181867647,HighDateTime:30968543***Binary mof compiled successfully",
                "User": "NT AUTHORITY\\SYSTEM",
                "EventType": "SetValue",
                "ProcessId": "4476",
                "UtcTime": "2022-10-06 16:33:39.472",
                "Image": "\\\\?\\C:\\Windows\\system32\\wbem\\WMIADAP.EXE",
                "TargetObject": "HKLM\\SOFTWARE\\Microsoft\\Wbem\\WDM\\DREDGE\\C:\\Windows\\system32\\en-US\\kernelbase.dll.mui[MofResourceName]",
                "RuleName": "Suspicious,ImageBeginWithBackslash"
            },
            "computer_name": "cc64faae-bf24-454e-84e2-d13617cacb46"
        },
        "host": {
            "ip": [
                "fe80::81d3:bff6:130:a96c",
                "172.30.115.76"
            ],
            "name": "cc64faae-bf24-454e-84e2-d13617cacb46"
        }
    },
    "90": {
        "@timestamp": "2022-10-06T16:33:39.473Z",
        "host": {
            "ip": [
                "fe80::81d3:bff6:130:a96c",
                "172.30.115.76"
            ],
            "name": "cc64faae-bf24-454e-84e2-d13617cacb46"
        },
        "winlog": {
            "computer_name": "cc64faae-bf24-454e-84e2-d13617cacb46",
            "event_data": {
                "Image": "\\\\?\\C:\\Windows\\system32\\wbem\\WMIADAP.EXE",
                "ProcessId": "4476",
                "RuleName": "Suspicious,ImageBeginWithBackslash",
                "EventType": "SetValue",
                "TargetObject": "HKLM\\SOFTWARE\\Microsoft\\Wbem\\WDM\\DREDGE\\C:\\Windows\\System32\\drivers\\ACPI.sys[ACPIMOFResource]",
                "ProcessGuid": "{6c5fe7fc-0347-633f-cf00-000000000300}",
                "User": "NT AUTHORITY\\SYSTEM",
                "Details": "LowDateTime:-957192194,HighDateTime:30968542***Binary mof compiled successfully",
                "UtcTime": "2022-10-06 16:33:39.472"
            },
            "provider_name": "Microsoft-Windows-Sysmon",
            "task": "Registry value set (rule: RegistryEvent)",
            "provider_guid": "{5770385f-c22a-43e0-bf4c-06f5698ffbd9}"
        }
    },
    "91": {
        "@timestamp": "2022-10-06T16:33:39.473Z",
        "winlog": {
            "provider_guid": "{5770385f-c22a-43e0-bf4c-06f5698ffbd9}",
            "provider_name": "Microsoft-Windows-Sysmon",
            "computer_name": "cc64faae-bf24-454e-84e2-d13617cacb46",
            "event_data": {
                "TargetObject": "HKLM\\SOFTWARE\\Microsoft\\Wbem\\WDM\\DREDGE\\C:\\Windows\\System32\\drivers\\en-US\\ACPI.sys.mui[ACPIMOFResource]",
                "EventType": "SetValue",
                "Image": "\\\\?\\C:\\Windows\\system32\\wbem\\WMIADAP.EXE",
                "RuleName": "Suspicious,ImageBeginWithBackslash",
                "UtcTime": "2022-10-06 16:33:39.472",
                "ProcessGuid": "{6c5fe7fc-0347-633f-cf00-000000000300}",
                "ProcessId": "4476",
                "Details": "LowDateTime:-298698885,HighDateTime:30780672***Binary mof compiled successfully",
                "User": "NT AUTHORITY\\SYSTEM"
            },
            "task": "Registry value set (rule: RegistryEvent)"
        },
        "host": {
            "ip": [
                "fe80::81d3:bff6:130:a96c",
                "172.30.115.76"
            ],
            "name": "cc64faae-bf24-454e-84e2-d13617cacb46"
        }
    },
    "92": {
        "@timestamp": "2022-10-06T16:33:39.474Z",
        "host": {
            "name": "cc64faae-bf24-454e-84e2-d13617cacb46",
            "ip": [
                "fe80::81d3:bff6:130:a96c",
                "172.30.115.76"
            ]
        },
        "winlog": {
            "provider_guid": "{5770385f-c22a-43e0-bf4c-06f5698ffbd9}",
            "event_data": {
                "RuleName": "Suspicious,ImageBeginWithBackslash",
                "ProcessId": "4476",
                "User": "NT AUTHORITY\\SYSTEM",
                "EventType": "SetValue",
                "Details": "LowDateTime:633764608,HighDateTime:30780667***Binary mof compiled successfully",
                "UtcTime": "2022-10-06 16:33:39.472",
                "ProcessGuid": "{6c5fe7fc-0347-633f-cf00-000000000300}",
                "Image": "\\\\?\\C:\\Windows\\system32\\wbem\\WMIADAP.EXE",
                "TargetObject": "HKLM\\SOFTWARE\\Microsoft\\Wbem\\WDM\\DREDGE\\C:\\Windows\\System32\\drivers\\mssmbios.sys[MofResource]"
            },
            "provider_name": "Microsoft-Windows-Sysmon",
            "task": "Registry value set (rule: RegistryEvent)",
            "computer_name": "cc64faae-bf24-454e-84e2-d13617cacb46"
        }
    },
    "93": {
        "@timestamp": "2022-10-06T16:33:39.474Z",
        "winlog": {
            "task": "Registry value set (rule: RegistryEvent)",
            "provider_name": "Microsoft-Windows-Sysmon",
            "computer_name": "cc64faae-bf24-454e-84e2-d13617cacb46",
            "provider_guid": "{5770385f-c22a-43e0-bf4c-06f5698ffbd9}",
            "event_data": {
                "EventType": "SetValue",
                "UtcTime": "2022-10-06 16:33:39.472",
                "Image": "\\\\?\\C:\\Windows\\system32\\wbem\\WMIADAP.EXE",
                "TargetObject": "HKLM\\SOFTWARE\\Microsoft\\Wbem\\WDM\\DREDGE\\C:\\Windows\\System32\\drivers\\en-US\\mssmbios.sys.mui[MofResource]",
                "RuleName": "Suspicious,ImageBeginWithBackslash",
                "User": "NT AUTHORITY\\SYSTEM",
                "Details": "LowDateTime:-292917332,HighDateTime:30780672***Binary mof compiled successfully",
                "ProcessGuid": "{6c5fe7fc-0347-633f-cf00-000000000300}",
                "ProcessId": "4476"
            }
        },
        "host": {
            "name": "cc64faae-bf24-454e-84e2-d13617cacb46",
            "ip": [
                "fe80::81d3:bff6:130:a96c",
                "172.30.115.76"
            ]
        }
    },
    "94": {
        "@timestamp": "2022-10-06T16:33:39.474Z",
        "host": {
            "ip": [
                "fe80::81d3:bff6:130:a96c",
                "172.30.115.76"
            ],
            "name": "cc64faae-bf24-454e-84e2-d13617cacb46"
        },
        "winlog": {
            "computer_name": "cc64faae-bf24-454e-84e2-d13617cacb46",
            "event_data": {
                "EventType": "SetValue",
                "Details": "LowDateTime:869013687,HighDateTime:30977278***Binary mof compiled successfully",
                "User": "NT AUTHORITY\\SYSTEM",
                "RuleName": "Suspicious,ImageBeginWithBackslash",
                "ProcessId": "4476",
                "Image": "\\\\?\\C:\\Windows\\system32\\wbem\\WMIADAP.EXE",
                "TargetObject": "HKLM\\SOFTWARE\\Microsoft\\Wbem\\WDM\\DREDGE\\C:\\Windows\\System32\\drivers\\processr.sys[PROCESSORWMI]",
                "UtcTime": "2022-10-06 16:33:39.472",
                "ProcessGuid": "{6c5fe7fc-0347-633f-cf00-000000000300}"
            },
            "provider_guid": "{5770385f-c22a-43e0-bf4c-06f5698ffbd9}",
            "provider_name": "Microsoft-Windows-Sysmon",
            "task": "Registry value set (rule: RegistryEvent)"
        }
    },
    "95": {
        "@timestamp": "2022-10-06T16:33:39.474Z",
        "host": {
            "ip": [
                "fe80::81d3:bff6:130:a96c",
                "172.30.115.76"
            ],
            "name": "cc64faae-bf24-454e-84e2-d13617cacb46"
        },
        "winlog": {
            "event_data": {
                "Details": "LowDateTime:-298698885,HighDateTime:30780672***Binary mof compiled successfully",
                "EventType": "SetValue",
                "ProcessGuid": "{6c5fe7fc-0347-633f-cf00-000000000300}",
                "Image": "\\\\?\\C:\\Windows\\system32\\wbem\\WMIADAP.EXE",
                "ProcessId": "4476",
                "User": "NT AUTHORITY\\SYSTEM",
                "RuleName": "Suspicious,ImageBeginWithBackslash",
                "TargetObject": "HKLM\\SOFTWARE\\Microsoft\\Wbem\\WDM\\DREDGE\\C:\\Windows\\System32\\drivers\\en-US\\processr.sys.mui[PROCESSORWMI]",
                "UtcTime": "2022-10-06 16:33:39.472"
            },
            "task": "Registry value set (rule: RegistryEvent)",
            "computer_name": "cc64faae-bf24-454e-84e2-d13617cacb46",
            "provider_name": "Microsoft-Windows-Sysmon",
            "provider_guid": "{5770385f-c22a-43e0-bf4c-06f5698ffbd9}"
        }
    },
    "96": {
        "@timestamp": "2022-10-06T16:33:39.474Z",
        "winlog": {
            "event_data": {
                "UtcTime": "2022-10-06 16:33:39.472",
                "Image": "\\\\?\\C:\\Windows\\system32\\wbem\\WMIADAP.EXE",
                "TargetObject": "HKLM\\SOFTWARE\\Microsoft\\Wbem\\WDM\\DREDGE\\C:\\Windows\\System32\\drivers\\netvsc.sys[NdisMofResource]",
                "User": "NT AUTHORITY\\SYSTEM",
                "ProcessId": "4476",
                "ProcessGuid": "{6c5fe7fc-0347-633f-cf00-000000000300}",
                "Details": "LowDateTime:-950309712,HighDateTime:30968542***Binary mof compiled successfully",
                "RuleName": "Suspicious,ImageBeginWithBackslash",
                "EventType": "SetValue"
            },
            "computer_name": "cc64faae-bf24-454e-84e2-d13617cacb46",
            "task": "Registry value set (rule: RegistryEvent)",
            "provider_guid": "{5770385f-c22a-43e0-bf4c-06f5698ffbd9}",
            "provider_name": "Microsoft-Windows-Sysmon"
        },
        "host": {
            "name": "cc64faae-bf24-454e-84e2-d13617cacb46",
            "ip": [
                "fe80::81d3:bff6:130:a96c",
                "172.30.115.76"
            ]
        }
    },
    "97": {
        "@timestamp": "2022-10-06T16:33:39.474Z",
        "host": {
            "ip": [
                "fe80::81d3:bff6:130:a96c",
                "172.30.115.76"
            ],
            "name": "cc64faae-bf24-454e-84e2-d13617cacb46"
        },
        "winlog": {
            "event_data": {
                "UtcTime": "2022-10-06 16:33:39.472",
                "Details": "LowDateTime:-348073255,HighDateTime:30780672***Binary mof compiled successfully",
                "User": "NT AUTHORITY\\SYSTEM",
                "ProcessId": "4476",
                "TargetObject": "HKLM\\SOFTWARE\\Microsoft\\Wbem\\WDM\\DREDGE\\C:\\Windows\\System32\\drivers\\en-US\\netvsc.sys.mui[NdisMofResource]",
                "EventType": "SetValue",
                "ProcessGuid": "{6c5fe7fc-0347-633f-cf00-000000000300}",
                "RuleName": "Suspicious,ImageBeginWithBackslash",
                "Image": "\\\\?\\C:\\Windows\\system32\\wbem\\WMIADAP.EXE"
            },
            "provider_guid": "{5770385f-c22a-43e0-bf4c-06f5698ffbd9}",
            "task": "Registry value set (rule: RegistryEvent)",
            "computer_name": "cc64faae-bf24-454e-84e2-d13617cacb46",
            "provider_name": "Microsoft-Windows-Sysmon"
        }
    },
    "98": {
        "@timestamp": "2022-10-06T16:33:39.474Z",
        "host": {
            "name": "cc64faae-bf24-454e-84e2-d13617cacb46",
            "ip": [
                "fe80::81d3:bff6:130:a96c",
                "172.30.115.76"
            ]
        },
        "winlog": {
            "provider_guid": "{5770385f-c22a-43e0-bf4c-06f5698ffbd9}",
            "provider_name": "Microsoft-Windows-Sysmon",
            "computer_name": "cc64faae-bf24-454e-84e2-d13617cacb46",
            "event_data": {
                "Image": "\\\\?\\C:\\Windows\\system32\\wbem\\WMIADAP.EXE",
                "RuleName": "Suspicious,ImageBeginWithBackslash",
                "ProcessGuid": "{6c5fe7fc-0347-633f-cf00-000000000300}",
                "EventType": "SetValue",
                "ProcessId": "4476",
                "User": "NT AUTHORITY\\SYSTEM",
                "UtcTime": "2022-10-06 16:33:39.472",
                "TargetObject": "HKLM\\SOFTWARE\\Microsoft\\Wbem\\WDM\\DREDGE\\C:\\Windows\\System32\\drivers\\monitor.sys[MonitorWMI]",
                "Details": "LowDateTime:2119802144,HighDateTime:30915286***Binary mof failed, see WMIPROV.LOG"
            },
            "task": "Registry value set (rule: RegistryEvent)"
        }
    },
    "99": {
        "@timestamp": "2022-10-06T16:33:39.474Z",
        "host": {
            "name": "cc64faae-bf24-454e-84e2-d13617cacb46",
            "ip": [
                "fe80::81d3:bff6:130:a96c",
                "172.30.115.76"
            ]
        },
        "winlog": {
            "computer_name": "cc64faae-bf24-454e-84e2-d13617cacb46",
            "task": "Registry value set (rule: RegistryEvent)",
            "provider_name": "Microsoft-Windows-Sysmon",
            "provider_guid": "{5770385f-c22a-43e0-bf4c-06f5698ffbd9}",
            "event_data": {
                "RuleName": "Suspicious,ImageBeginWithBackslash",
                "EventType": "SetValue",
                "ProcessId": "4476",
                "Image": "\\\\?\\C:\\Windows\\system32\\wbem\\WMIADAP.EXE",
                "TargetObject": "HKLM\\SOFTWARE\\Microsoft\\Wbem\\PROVIDERS\\Performance\\Performance Refresh",
                "UtcTime": "2022-10-06 16:33:39.472",
                "ProcessGuid": "{6c5fe7fc-0347-633f-cf00-000000000300}",
                "Details": "DWORD (0x00000000)",
                "User": "NT AUTHORITY\\SYSTEM"
            }
        }
    },
    "100": {
        "@timestamp": "2022-10-06T16:33:39.474Z",
        "host": {
            "name": "cc64faae-bf24-454e-84e2-d13617cacb46",
            "ip": [
                "fe80::81d3:bff6:130:a96c",
                "172.30.115.76"
            ]
        },
        "winlog": {
            "event_data": {
                "ProcessGuid": "{6c5fe7fc-0347-633f-cf00-000000000300}",
                "User": "NT AUTHORITY\\SYSTEM",
                "TargetObject": "HKLM\\SOFTWARE\\Microsoft\\Wbem\\PROVIDERS\\Performance\\Performance Refreshed",
                "Details": "DWORD (0x00000001)",
                "RuleName": "Suspicious,ImageBeginWithBackslash",
                "EventType": "SetValue",
                "UtcTime": "2022-10-06 16:33:39.472",
                "ProcessId": "4476",
                "Image": "\\\\?\\C:\\Windows\\system32\\wbem\\WMIADAP.EXE"
            },
            "provider_name": "Microsoft-Windows-Sysmon",
            "provider_guid": "{5770385f-c22a-43e0-bf4c-06f5698ffbd9}",
            "computer_name": "cc64faae-bf24-454e-84e2-d13617cacb46",
            "task": "Registry value set (rule: RegistryEvent)"
        }
    },
    "101": {
        "@timestamp": "2022-10-06T16:34:03.023Z",
        "host": {
            "name": "cc64faae-bf24-454e-84e2-d13617cacb46",
            "ip": [
                "fe80::81d3:bff6:130:a96c",
                "172.30.115.76"
            ]
        },
        "winlog": {
            "event_data": {
                "UtcTime": "2022-10-06 16:34:02.997",
                "StartAddress": "0xFFFFEE5E1DEA20D0",
                "SourceUser": "Window Manager\\DWM-1",
                "SourceProcessId": "2912",
                "TargetProcessGuid": "{6c5fe7fc-01fb-633f-3a00-000000000300}",
                "RuleName": "-",
                "TargetUser": "NT AUTHORITY\\SYSTEM",
                "SourceProcessGuid": "{6c5fe7fc-01fe-633f-4000-000000000300}",
                "TargetProcessId": "2360",
                "TargetImage": "C:\\Windows\\System32\\csrss.exe",
                "StartModule": "-",
                "NewThreadId": "2692",
                "StartFunction": "-",
                "SourceImage": "C:\\Windows\\System32\\dwm.exe"
            },
            "provider_name": "Microsoft-Windows-Sysmon",
            "computer_name": "cc64faae-bf24-454e-84e2-d13617cacb46",
            "provider_guid": "{5770385f-c22a-43e0-bf4c-06f5698ffbd9}",
            "task": "CreateRemoteThread detected (rule: CreateRemoteThread)"
        }
    },
    "102": {
        "@timestamp": "2022-10-06T16:34:03.046Z",
        "host": {
            "name": "cc64faae-bf24-454e-84e2-d13617cacb46",
            "ip": [
                "fe80::81d3:bff6:130:a96c",
                "172.30.115.76"
            ]
        },
        "winlog": {
            "computer_name": "cc64faae-bf24-454e-84e2-d13617cacb46",
            "provider_guid": "{5770385f-c22a-43e0-bf4c-06f5698ffbd9}",
            "provider_name": "Microsoft-Windows-Sysmon",
            "task": "Driver loaded (rule: DriverLoad)",
            "event_data": {
                "SignatureStatus": "-",
                "RuleName": "-",
                "UtcTime": "2022-10-06 16:34:03.044",
                "ImageLoaded": "\\\\VSMB-{dcc079ae-60ba-4d07-847c-3493609c0870}\\os\\Windows\\System32\\drivers\\monitor.sys",
                "Hashes": "-",
                "Signed": "failed: Invalid hash",
                "Signature": "-"
            }
        }
    },
    "103": {
        "@timestamp": "2022-10-06T16:34:27.279Z",
        "host": {
            "ip": [
                "fe80::81d3:bff6:130:a96c",
                "172.30.115.76"
            ],
            "name": "cc64faae-bf24-454e-84e2-d13617cacb46"
        },
        "winlog": {
            "event_data": {
                "Company": "Microsoft Corporation",
                "TerminalSessionId": "1",
                "OriginalFileName": "msedge.exe",
                "ParentUser": "CC64FAAE-BF24-4\\WDAGUtilityAccount",
                "User": "CC64FAAE-BF24-4\\WDAGUtilityAccount",
                "LogonGuid": "{6c5fe7fc-0201-633f-ca17-040000000000}",
                "UtcTime": "2022-10-06 16:34:27.275",
                "ProcessGuid": "{6c5fe7fc-0393-633f-d300-000000000300}",
                "Product": "Microsoft Edge",
                "CurrentDirectory": "C:\\Program Files (x86)\\Microsoft\\Edge\\Application\\106.0.1370.34\\",
                "LogonId": "0x417ca",
                "ProcessId": "5064",
                "Description": "Microsoft Edge",
                "Hashes": "MD5=DD3A4DD70B67F66AF35B6C4F7CF5EEAE",
                "RuleName": "-",
                "CommandLine": "\"C:\\Program Files (x86)\\Microsoft\\Edge\\Application\\msedge.exe\" --type=utility --utility-sub-type=unzip.mojom.Unzipper --lang=en-US --service-sandbox-type=utility --mojo-platform-channel-handle=1892 --field-trial-handle=2092,i,14371040823821677114,17582907313627881064,131072 /prefetch:8",
                "ParentProcessGuid": "{6c5fe7fc-0339-633f-be00-000000000300}",
                "ParentProcessId": "4636",
                "FileVersion": "106.0.1370.34",
                "ParentCommandLine": "\"C:\\Program Files (x86)\\Microsoft\\Edge\\Application\\msedge.exe\" --no-startup-window /prefetch:5",
                "Image": "C:\\Program Files (x86)\\Microsoft\\Edge\\Application\\msedge.exe",
                "IntegrityLevel": "Low",
                "ParentImage": "C:\\Program Files (x86)\\Microsoft\\Edge\\Application\\msedge.exe"
            },
            "computer_name": "cc64faae-bf24-454e-84e2-d13617cacb46",
            "task": "Process Create (rule: ProcessCreate)",
            "provider_name": "Microsoft-Windows-Sysmon",
            "provider_guid": "{5770385f-c22a-43e0-bf4c-06f5698ffbd9}"
        }
    },
    "104": {
        "@timestamp": "2022-10-06T16:34:32.187Z",
        "winlog": {
            "task": "Registry value set (rule: RegistryEvent)",
            "provider_guid": "{5770385f-c22a-43e0-bf4c-06f5698ffbd9}",
            "event_data": {
                "User": "CC64FAAE-BF24-4\\WDAGUtilityAccount",
                "Details": "c:\\users\\wdagutilityaccount\\desktop\\mimikatz_trunk\\x64\\mimikatz.exe",
                "EventType": "SetValue",
                "Image": "C:\\Windows\\System32\\smartscreen.exe",
                "UtcTime": "2022-10-06 16:34:32.184",
                "ProcessGuid": "{6c5fe7fc-0210-633f-5800-000000000300}",
                "ProcessId": "4380",
                "RuleName": "InvDB-Path",
                "TargetObject": "\\REGISTRY\\A\\{ae3e6031-a823-4049-57b1-4df474859c71}\\Root\\InventoryApplicationFile\\mimikatz.exe|fc19868e4b1bfdc8\\LowerCaseLongPath"
            },
            "computer_name": "cc64faae-bf24-454e-84e2-d13617cacb46",
            "provider_name": "Microsoft-Windows-Sysmon"
        },
        "host": {
            "name": "cc64faae-bf24-454e-84e2-d13617cacb46",
            "ip": [
                "fe80::81d3:bff6:130:a96c",
                "172.30.115.76"
            ]
        }
    },
    "105": {
        "@timestamp": "2022-10-06T16:34:32.187Z",
        "winlog": {
            "provider_guid": "{5770385f-c22a-43e0-bf4c-06f5698ffbd9}",
            "event_data": {
                "ProcessGuid": "{6c5fe7fc-0210-633f-5800-000000000300}",
                "Details": "gentilkiwi (benjamin delpy)",
                "EventType": "SetValue",
                "UtcTime": "2022-10-06 16:34:32.184",
                "User": "CC64FAAE-BF24-4\\WDAGUtilityAccount",
                "RuleName": "InvDB-Pub",
                "ProcessId": "4380",
                "Image": "C:\\Windows\\System32\\smartscreen.exe",
                "TargetObject": "\\REGISTRY\\A\\{ae3e6031-a823-4049-57b1-4df474859c71}\\Root\\InventoryApplicationFile\\mimikatz.exe|fc19868e4b1bfdc8\\Publisher"
            },
            "provider_name": "Microsoft-Windows-Sysmon",
            "computer_name": "cc64faae-bf24-454e-84e2-d13617cacb46",
            "task": "Registry value set (rule: RegistryEvent)"
        },
        "host": {
            "ip": [
                "fe80::81d3:bff6:130:a96c",
                "172.30.115.76"
            ],
            "name": "cc64faae-bf24-454e-84e2-d13617cacb46"
        }
    },
    "106": {
        "@timestamp": "2022-10-06T16:34:32.188Z",
        "winlog": {
            "computer_name": "cc64faae-bf24-454e-84e2-d13617cacb46",
            "event_data": {
                "User": "CC64FAAE-BF24-4\\WDAGUtilityAccount",
                "TargetObject": "\\REGISTRY\\A\\{ae3e6031-a823-4049-57b1-4df474859c71}\\Root\\InventoryApplicationFile\\mimikatz.exe|fc19868e4b1bfdc8\\LinkDate",
                "ProcessGuid": "{6c5fe7fc-0210-633f-5800-000000000300}",
                "UtcTime": "2022-10-06 16:34:32.184",
                "Image": "C:\\Windows\\System32\\smartscreen.exe",
                "Details": "09/19/2022 15:44:39",
                "RuleName": "InvDB-CompileTimeClaim",
                "EventType": "SetValue",
                "ProcessId": "4380"
            },
            "task": "Registry value set (rule: RegistryEvent)",
            "provider_guid": "{5770385f-c22a-43e0-bf4c-06f5698ffbd9}",
            "provider_name": "Microsoft-Windows-Sysmon"
        },
        "host": {
            "name": "cc64faae-bf24-454e-84e2-d13617cacb46",
            "ip": [
                "fe80::81d3:bff6:130:a96c",
                "172.30.115.76"
            ]
        }
    },
    "107": {
        "@timestamp": "2022-10-06T16:34:32.188Z",
        "host": {
            "name": "cc64faae-bf24-454e-84e2-d13617cacb46",
            "ip": [
                "fe80::81d3:bff6:130:a96c",
                "172.30.115.76"
            ]
        },
        "winlog": {
            "event_data": {
                "Image": "C:\\Windows\\System32\\smartscreen.exe",
                "Details": "2.2.0.0",
                "ProcessGuid": "{6c5fe7fc-0210-633f-5800-000000000300}",
                "UtcTime": "2022-10-06 16:34:32.184",
                "ProcessId": "4380",
                "User": "CC64FAAE-BF24-4\\WDAGUtilityAccount",
                "EventType": "SetValue",
                "TargetObject": "\\REGISTRY\\A\\{ae3e6031-a823-4049-57b1-4df474859c71}\\Root\\InventoryApplicationFile\\mimikatz.exe|fc19868e4b1bfdc8\\BinProductVersion",
                "RuleName": "InvDB-Ver"
            },
            "computer_name": "cc64faae-bf24-454e-84e2-d13617cacb46",
            "task": "Registry value set (rule: RegistryEvent)",
            "provider_name": "Microsoft-Windows-Sysmon",
            "provider_guid": "{5770385f-c22a-43e0-bf4c-06f5698ffbd9}"
        }
    },
    "108": {
        "@timestamp": "2022-10-06T16:34:37.685Z",
        "host": {
            "name": "cc64faae-bf24-454e-84e2-d13617cacb46",
            "ip": [
                "fe80::81d3:bff6:130:a96c",
                "172.30.115.76"
            ]
        },
        "winlog": {
            "event_data": {
                "ProcessId": "4824",
                "QueryResults": "type:  5 glborigintest.trafficmanager.net;type:  5 canarywesteu1.westeurope.cloudapp.azure.com;::ffff:255.255.255.255;",
                "Image": "C:\\Windows\\SystemApps\\Microsoft.Windows.Search_cw5n1h2txyewy\\SearchApp.exe",
                "ProcessGuid": "{6c5fe7fc-0218-633f-5d00-000000000300}",
                "QueryName": "moiazureorigin.clo.footprintdns.com",
                "User": "CC64FAAE-BF24-4\\WDAGUtilityAccount",
                "RuleName": "-",
                "UtcTime": "2022-10-06 16:34:36.058",
                "QueryStatus": "0"
            },
            "computer_name": "cc64faae-bf24-454e-84e2-d13617cacb46",
            "task": "Dns query (rule: DnsQuery)",
            "provider_name": "Microsoft-Windows-Sysmon",
            "provider_guid": "{5770385f-c22a-43e0-bf4c-06f5698ffbd9}"
        }
    },
    "109": {
        "@timestamp": "2022-10-06T16:34:38.225Z",
        "host": {
            "ip": [
                "fe80::81d3:bff6:130:a96c",
                "172.30.115.76"
            ],
            "name": "cc64faae-bf24-454e-84e2-d13617cacb46"
        },
        "winlog": {
            "event_data": {
                "ParentUser": "CC64FAAE-BF24-4\\WDAGUtilityAccount",
                "ProcessId": "3536",
                "LogonGuid": "{6c5fe7fc-0201-633f-ca17-040000000000}",
                "User": "CC64FAAE-BF24-4\\WDAGUtilityAccount",
                "OriginalFileName": "mimikatz.exe",
                "IntegrityLevel": "High",
                "RuleName": "-",
                "UtcTime": "2022-10-06 16:34:38.215",
                "LogonId": "0x417ca",
                "ProcessGuid": "{6c5fe7fc-039e-633f-d600-000000000300}",
                "Company": "gentilkiwi (Benjamin DELPY)",
                "FileVersion": "2.2.0.0",
                "CurrentDirectory": "C:\\Users\\WDAGUtilityAccount\\Desktop\\mimikatz_trunk\\x64\\",
                "Description": "mimikatz for Windows",
                "Hashes": "MD5=29EFD64DD3C7FE1E2B022B7AD73A1BA5",
                "CommandLine": "\"C:\\Users\\WDAGUtilityAccount\\Desktop\\mimikatz_trunk\\x64\\mimikatz.exe\" ",
                "ParentProcessId": "3388",
                "ParentImage": "C:\\Windows\\explorer.exe",
                "ParentCommandLine": "C:\\Windows\\Explorer.EXE",
                "ParentProcessGuid": "{6c5fe7fc-0204-633f-4700-000000000300}",
                "TerminalSessionId": "1",
                "Product": "mimikatz",
                "Image": "C:\\Users\\WDAGUtilityAccount\\Desktop\\mimikatz_trunk\\x64\\mimikatz.exe"
            },
            "provider_name": "Microsoft-Windows-Sysmon",
            "computer_name": "cc64faae-bf24-454e-84e2-d13617cacb46",
            "task": "Process Create (rule: ProcessCreate)",
            "provider_guid": "{5770385f-c22a-43e0-bf4c-06f5698ffbd9}"
        }
    },
    "110": {
        "@timestamp": "2022-10-06T16:34:38.230Z",
        "host": {
            "ip": [
                "fe80::81d3:bff6:130:a96c",
                "172.30.115.76"
            ],
            "name": "cc64faae-bf24-454e-84e2-d13617cacb46"
        },
        "winlog": {
            "event_data": {
                "Details": "Binary Data",
                "UtcTime": "2022-10-06 16:34:38.216",
                "ProcessId": "468",
                "Image": "C:\\Windows\\System32\\svchost.exe",
                "RuleName": "InvDB",
                "EventType": "SetValue",
                "User": "NT AUTHORITY\\SYSTEM",
                "ProcessGuid": "{6c5fe7fc-eb2f-633b-0e00-000000000300}",
                "TargetObject": "HKU\\S-1-5-21-2047949552-857980807-821054962-504\\SOFTWARE\\Microsoft\\Windows NT\\CurrentVersion\\AppCompatFlags\\Compatibility Assistant\\Store\\C:\\Users\\WDAGUtilityAccount\\Desktop\\mimikatz_trunk\\x64\\mimikatz.exe"
            },
            "computer_name": "cc64faae-bf24-454e-84e2-d13617cacb46",
            "provider_name": "Microsoft-Windows-Sysmon",
            "task": "Registry value set (rule: RegistryEvent)",
            "provider_guid": "{5770385f-c22a-43e0-bf4c-06f5698ffbd9}"
        }
    },
    "111": {
        "@timestamp": "2022-10-06T16:34:38.700Z",
        "host": {
            "name": "cc64faae-bf24-454e-84e2-d13617cacb46",
            "ip": [
                "fe80::81d3:bff6:130:a96c",
                "172.30.115.76"
            ]
        },
        "winlog": {
            "computer_name": "cc64faae-bf24-454e-84e2-d13617cacb46",
            "task": "Dns query (rule: DnsQuery)",
            "provider_guid": "{5770385f-c22a-43e0-bf4c-06f5698ffbd9}",
            "event_data": {
                "RuleName": "-",
                "QueryStatus": "0",
                "Image": "C:\\Windows\\System32\\svchost.exe",
                "ProcessId": "1776",
                "QueryName": "moiazureorigin.clo.footprintdns.com",
                "QueryResults": "type:  5 glborigintest.trafficmanager.net;type:  5 canarywesteu1.westeurope.cloudapp.azure.com;::ffff:255.255.255.255;",
                "User": "NT AUTHORITY\\LOCAL SERVICE",
                "UtcTime": "2022-10-06 16:34:36.061",
                "ProcessGuid": "{6c5fe7fc-eb36-633b-1a00-000000000300}"
            },
            "provider_name": "Microsoft-Windows-Sysmon"
        }
    },
    "112": {
        "@timestamp": "2022-10-06T16:34:57.941Z",
        "winlog": {
            "provider_name": "Microsoft-Windows-Sysmon",
            "provider_guid": "{5770385f-c22a-43e0-bf4c-06f5698ffbd9}",
            "event_data": {
                "OriginalFileName": "msedge.exe",
                "RuleName": "-",
                "ParentImage": "C:\\Program Files (x86)\\Microsoft\\Edge\\Application\\msedge.exe",
                "ParentProcessGuid": "{6c5fe7fc-0339-633f-be00-000000000300}",
                "User": "CC64FAAE-BF24-4\\WDAGUtilityAccount",
                "ParentProcessId": "4636",
                "CurrentDirectory": "C:\\Program Files (x86)\\Microsoft\\Edge\\Application\\106.0.1370.34\\",
                "Company": "Microsoft Corporation",
                "TerminalSessionId": "1",
                "ParentUser": "CC64FAAE-BF24-4\\WDAGUtilityAccount",
                "CommandLine": "\"C:\\Program Files (x86)\\Microsoft\\Edge\\Application\\msedge.exe\" --type=gpu-process --disable-gpu-sandbox --use-gl=disabled --gpu-vendor-id=5140 --gpu-device-id=140 --gpu-sub-system-id=0 --gpu-revision=0 --gpu-driver-version=10.0.19041.2075 --gpu-preferences=UAAAAAAAAADoAAAYAAAAAAAAAAAAAAAAAABgAAAAAAAwAAAAAAAAAAAAAACQAAAAAAAAAAAAAAAAAAAAAAAAAEgAAAAAAAAASAAAAAAAAAAYAAAAAgAAABAAAAAAAAAAGAAAAAAAAAAQAAAAAAAAAAAAAAAOAAAAEAAAAAAAAAABAAAADgAAAAgAAAAAAAAACAAAAAAAAAA= --mojo-platform-channel-handle=4756 --field-trial-handle=2092,i,14371040823821677114,17582907313627881064,131072 /prefetch:2",
                "ProcessId": "3848",
                "FileVersion": "106.0.1370.34",
                "LogonId": "0x417ca",
                "IntegrityLevel": "High",
                "Image": "C:\\Program Files (x86)\\Microsoft\\Edge\\Application\\msedge.exe",
                "LogonGuid": "{6c5fe7fc-0201-633f-ca17-040000000000}",
                "Hashes": "MD5=DD3A4DD70B67F66AF35B6C4F7CF5EEAE",
                "UtcTime": "2022-10-06 16:34:57.938",
                "Description": "Microsoft Edge",
                "Product": "Microsoft Edge",
                "ProcessGuid": "{6c5fe7fc-03b1-633f-d800-000000000300}",
                "ParentCommandLine": "\"C:\\Program Files (x86)\\Microsoft\\Edge\\Application\\msedge.exe\" --no-startup-window /prefetch:5"
            },
            "computer_name": "cc64faae-bf24-454e-84e2-d13617cacb46",
            "task": "Process Create (rule: ProcessCreate)"
        },
        "host": {
            "name": "cc64faae-bf24-454e-84e2-d13617cacb46",
            "ip": [
                "fe80::81d3:bff6:130:a96c",
                "172.30.115.76"
            ]
        }
    },
    "113": {
        "@timestamp": "2022-10-06T16:35:00.417Z",
        "host": {
            "name": "cc64faae-bf24-454e-84e2-d13617cacb46",
            "ip": [
                "fe80::81d3:bff6:130:a96c",
                "172.30.115.76"
            ]
        },
        "winlog": {
            "provider_guid": "{5770385f-c22a-43e0-bf4c-06f5698ffbd9}",
            "provider_name": "Microsoft-Windows-Sysmon",
            "event_data": {
                "Product": "Microsoft Edge",
                "RuleName": "-",
                "Image": "C:\\Program Files (x86)\\Microsoft\\Edge\\Application\\msedge.exe",
                "User": "CC64FAAE-BF24-4\\WDAGUtilityAccount",
                "Company": "Microsoft Corporation",
                "ProcessId": "2500",
                "ParentImage": "C:\\Program Files (x86)\\Microsoft\\Edge\\Application\\msedge.exe",
                "ParentCommandLine": "\"C:\\Program Files (x86)\\Microsoft\\Edge\\Application\\msedge.exe\" --no-startup-window /prefetch:5",
                "IntegrityLevel": "Low",
                "Hashes": "MD5=DD3A4DD70B67F66AF35B6C4F7CF5EEAE",
                "ParentProcessId": "4636",
                "Description": "Microsoft Edge",
                "LogonId": "0x417ca",
                "LogonGuid": "{6c5fe7fc-0201-633f-ca17-040000000000}",
                "ProcessGuid": "{6c5fe7fc-03b4-633f-d900-000000000300}",
                "CurrentDirectory": "C:\\Program Files (x86)\\Microsoft\\Edge\\Application\\106.0.1370.34\\",
                "TerminalSessionId": "1",
                "ParentProcessGuid": "{6c5fe7fc-0339-633f-be00-000000000300}",
                "ParentUser": "CC64FAAE-BF24-4\\WDAGUtilityAccount",
                "FileVersion": "106.0.1370.34",
                "CommandLine": "\"C:\\Program Files (x86)\\Microsoft\\Edge\\Application\\msedge.exe\" --type=utility --utility-sub-type=unzip.mojom.Unzipper --lang=en-US --service-sandbox-type=utility --mojo-platform-channel-handle=3148 --field-trial-handle=2092,i,14371040823821677114,17582907313627881064,131072 /prefetch:8",
                "UtcTime": "2022-10-06 16:35:00.414",
                "OriginalFileName": "msedge.exe"
            },
            "task": "Process Create (rule: ProcessCreate)",
            "computer_name": "cc64faae-bf24-454e-84e2-d13617cacb46"
        }
    },
    "114": {
        "@timestamp": "2022-10-06T16:35:10.511Z",
        "host": {
            "ip": [
                "fe80::81d3:bff6:130:a96c",
                "172.30.115.76"
            ],
            "name": "cc64faae-bf24-454e-84e2-d13617cacb46"
        },
        "winlog": {
            "event_data": {
                "ProcessId": "3536",
                "Image": "C:\\Users\\WDAGUtilityAccount\\Desktop\\mimikatz_trunk\\x64\\mimikatz.exe",
                "User": "CC64FAAE-BF24-4\\WDAGUtilityAccount",
                "RuleName": "-",
                "UtcTime": "2022-10-06 16:35:10.497",
                "ProcessGuid": "{6c5fe7fc-039e-633f-d600-000000000300}"
            },
            "provider_name": "Microsoft-Windows-Sysmon",
            "task": "Process terminated (rule: ProcessTerminate)",
            "provider_guid": "{5770385f-c22a-43e0-bf4c-06f5698ffbd9}",
            "computer_name": "cc64faae-bf24-454e-84e2-d13617cacb46"
        }
    },
    "115": {
        "@timestamp": "2022-10-06T16:35:12.498Z",
        "host": {
            "name": "cc64faae-bf24-454e-84e2-d13617cacb46",
            "ip": [
                "fe80::81d3:bff6:130:a96c",
                "172.30.115.76"
            ]
        },
        "winlog": {
            "task": "Registry value set (rule: RegistryEvent)",
            "provider_guid": "{5770385f-c22a-43e0-bf4c-06f5698ffbd9}",
            "computer_name": "cc64faae-bf24-454e-84e2-d13617cacb46",
            "provider_name": "Microsoft-Windows-Sysmon",
            "event_data": {
                "EventType": "SetValue",
                "Image": "C:\\Windows\\System32\\svchost.exe",
                "ProcessId": "468",
                "Details": "Binary Data",
                "User": "NT AUTHORITY\\SYSTEM",
                "RuleName": "InvDB",
                "TargetObject": "HKU\\S-1-5-21-2047949552-857980807-821054962-504\\SOFTWARE\\Microsoft\\Windows NT\\CurrentVersion\\AppCompatFlags\\Compatibility Assistant\\Store\\C:\\Users\\WDAGUtilityAccount\\Desktop\\mimikatz_trunk\\x64\\mimikatz.exe",
                "UtcTime": "2022-10-06 16:35:12.497",
                "ProcessGuid": "{6c5fe7fc-eb2f-633b-0e00-000000000300}"
            }
        }
    },
    "116": {
        "@timestamp": "2022-10-06T16:35:15.553Z",
        "host": {
            "ip": [
                "fe80::81d3:bff6:130:a96c",
                "172.30.115.76"
            ],
            "name": "cc64faae-bf24-454e-84e2-d13617cacb46"
        },
        "winlog": {
            "provider_name": "Microsoft-Windows-Sysmon",
            "computer_name": "cc64faae-bf24-454e-84e2-d13617cacb46",
            "provider_guid": "{5770385f-c22a-43e0-bf4c-06f5698ffbd9}",
            "task": "Process Create (rule: ProcessCreate)",
            "event_data": {
                "ParentProcessId": "772",
                "IntegrityLevel": "High",
                "ParentUser": "-",
                "ParentProcessGuid": "{00000000-0000-0000-0000-000000000000}",
                "ParentImage": "-",
                "Hashes": "MD5=E4A834784FA08C17D47A1E72429C5109",
                "OriginalFileName": "OpenWith.exe",
                "Product": "Microsoft\u00c2\u00ae Windows\u00c2\u00ae Operating System",
                "ProcessId": "4796",
                "RuleName": "-",
                "TerminalSessionId": "1",
                "Image": "C:\\Windows\\System32\\OpenWith.exe",
                "CommandLine": "C:\\Windows\\system32\\OpenWith.exe -Embedding",
                "LogonId": "0x417ca",
                "ProcessGuid": "{6c5fe7fc-03c3-633f-db00-000000000300}",
                "CurrentDirectory": "C:\\Windows\\system32\\",
                "User": "CC64FAAE-BF24-4\\WDAGUtilityAccount",
                "LogonGuid": "{6c5fe7fc-0201-633f-ca17-040000000000}",
                "Description": "Pick an app",
                "FileVersion": "10.0.19041.746 (WinBuild.160101.0800)",
                "Company": "Microsoft Corporation",
                "ParentCommandLine": "-",
                "UtcTime": "2022-10-06 16:35:15.552"
            }
        }
    },
    "117": {
        "@timestamp": "2022-10-06T16:35:17.565Z",
        "host": {
            "name": "cc64faae-bf24-454e-84e2-d13617cacb46",
            "ip": [
                "fe80::81d3:bff6:130:a96c",
                "172.30.115.76"
            ]
        },
        "winlog": {
            "provider_guid": "{5770385f-c22a-43e0-bf4c-06f5698ffbd9}",
            "provider_name": "Microsoft-Windows-Sysmon",
            "event_data": {
                "TerminalSessionId": "1",
                "CurrentDirectory": "C:\\Windows\\system32\\",
                "LogonId": "0x417ca",
                "ParentUser": "CC64FAAE-BF24-4\\WDAGUtilityAccount",
                "Image": "C:\\Windows\\System32\\notepad.exe",
                "CommandLine": "\"C:\\Windows\\system32\\NOTEPAD.EXE\" C:\\Logs\\winlogbeat-20221006-4.ndjson",
                "User": "CC64FAAE-BF24-4\\WDAGUtilityAccount",
                "RuleName": "-",
                "FileVersion": "10.0.19041.1865 (WinBuild.160101.0800)",
                "Hashes": "MD5=27F71B12CB585541885A31BE22F61C83",
                "ParentProcessGuid": "{6c5fe7fc-03c3-633f-db00-000000000300}",
                "ParentCommandLine": "C:\\Windows\\system32\\OpenWith.exe -Embedding",
                "ProcessId": "5884",
                "Company": "Microsoft Corporation",
