                "ProcessGuid": "{dd01dab0-00d0-6340-6656-010000004600}",
                "UtcTime": "2022-10-07 10:34:56.333",
                "OriginalFileName": "TShark.exe",
                "LogonGuid": "{dd01dab0-b9ee-633f-e637-282600000000}",
                "ParentImage": "C:\\Users\\mrdor\\AppData\\Local\\Programs\\Python\\Python39\\python.exe",
                "ParentCommandLine": "C:\\Users\\mrdor\\AppData\\Local\\Programs\\Python\\Python39\\python.exe C:/Users/mrdor/PycharmProjects/Hunterbee/client/wireshark/wireshark_interface.py",
                "Image": "C:\\Program Files\\Wireshark\\tshark.exe",
                "RuleName": "-",
                "CommandLine": "\"C:/Program Files/Wireshark/tshark.exe\" -D",
                "CurrentDirectory": "C:\\Users\\mrdor\\PycharmProjects\\Hunterbee\\client\\wireshark\\",
                "Company": "The Wireshark developer community",
                "Product": "TShark",
                "TerminalSessionId": "4",
                "FileVersion": "3.6.2",
                "ParentProcessId": "11260",
                "ParentProcessGuid": "{dd01dab0-ffc6-633f-1855-010000004600}",
                "User": "ELMO\\mrdor",
                "Description": "TShark",
                "ParentUser": "ELMO\\mrdor",
                "IntegrityLevel": "High",
                "LogonId": "0x262837e6",
                "ProcessId": "16192"
            },
            "provider_name": "Microsoft-Windows-Sysmon",
            "computer_name": "Elmo",
            "provider_guid": "{5770385f-c22a-43e0-bf4c-06f5698ffbd9}",
            "task": "Process Create (rule: ProcessCreate)"
        },
        "host": {
            "ip": [
                "fe80::7cd2:efa8:dba2:6fc0",
                "169.254.111.192",
                "fe80::e431:7896:8d85:5aa",
                "172.21.208.1",
                "fe80::48ae:546b:7a20:7f52",
                "172.30.112.1",
                "fe80::f45e:e853:b6c1:9350",
                "192.168.56.1",
                "fe80::bc21:1b56:1d1:4b9f",
                "169.254.75.159",
                "fe80::4807:9ca5:cd67:6ac6",
                "169.254.106.198",
                "fe80::e097:4ef1:6314:5a55",
                "169.254.90.85",
                "fe80::d55:b4a9:26a4:7406",
                "192.168.1.102",
                "fe80::211f:b772:c6da:bfb3",
                "172.27.16.1",
                "fe80::f90c:d738:c01c:abc6",
                "172.28.192.1",
                "fe80::68fb:280b:ac6f:30de",
                "172.23.96.1"
            ],
            "name": "Elmo"
        }
    },
    "212": {
        "@timestamp": "2022-10-07T10:34:56.652Z",
        "host": {
            "name": "Elmo",
            "ip": [
                "fe80::7cd2:efa8:dba2:6fc0",
                "169.254.111.192",
                "fe80::e431:7896:8d85:5aa",
                "172.21.208.1",
                "fe80::48ae:546b:7a20:7f52",
                "172.30.112.1",
                "fe80::f45e:e853:b6c1:9350",
                "192.168.56.1",
                "fe80::bc21:1b56:1d1:4b9f",
                "169.254.75.159",
                "fe80::4807:9ca5:cd67:6ac6",
                "169.254.106.198",
                "fe80::e097:4ef1:6314:5a55",
                "169.254.90.85",
                "fe80::d55:b4a9:26a4:7406",
                "192.168.1.102",
                "fe80::211f:b772:c6da:bfb3",
                "172.27.16.1",
                "fe80::f90c:d738:c01c:abc6",
                "172.28.192.1",
                "fe80::68fb:280b:ac6f:30de",
                "172.23.96.1"
            ]
        },
        "winlog": {
            "provider_guid": "{5770385f-c22a-43e0-bf4c-06f5698ffbd9}",
            "provider_name": "Microsoft-Windows-Sysmon",
            "computer_name": "Elmo",
            "event_data": {
                "IntegrityLevel": "High",
                "FileVersion": "3.6.2",
                "ProcessId": "4156",
                "ParentUser": "ELMO\\mrdor",
                "LogonGuid": "{dd01dab0-b9ee-633f-e637-282600000000}",
                "ParentCommandLine": "\"C:/Program Files/Wireshark/tshark.exe\" -D",
                "UtcTime": "2022-10-07 10:34:56.650",
                "TerminalSessionId": "4",
                "Product": "Dumpcap",
                "ParentProcessId": "16192",
                "CommandLine": "\"C:\\Program Files\\Wireshark\\dumpcap.exe\" -D -Z none",
                "LogonId": "0x262837e6",
                "Description": "Dumpcap",
                "Company": "The Wireshark developer community",
                "OriginalFileName": "Dumpcap.exe",
                "User": "ELMO\\mrdor",
                "RuleName": "-",
                "ProcessGuid": "{dd01dab0-00d0-6340-6756-010000004600}",
                "Hashes": "MD5=A85C48F3129B10CF5593FBF3B02836FF",
                "ParentProcessGuid": "{dd01dab0-00d0-6340-6656-010000004600}",
                "ParentImage": "C:\\Program Files\\Wireshark\\tshark.exe",
                "CurrentDirectory": "C:\\Users\\mrdor\\PycharmProjects\\Hunterbee\\client\\wireshark\\",
                "Image": "C:\\Program Files\\Wireshark\\dumpcap.exe"
            },
            "task": "Process Create (rule: ProcessCreate)"
        }
    },
    "213": {
        "@timestamp": "2022-10-07T10:34:56.848Z",
        "winlog": {
            "task": "Process Create (rule: ProcessCreate)",
            "provider_guid": "{5770385f-c22a-43e0-bf4c-06f5698ffbd9}",
            "provider_name": "Microsoft-Windows-Sysmon",
            "event_data": {
                "RuleName": "-",
                "UtcTime": "2022-10-07 10:34:56.846",
                "ParentProcessId": "11260",
                "Product": "TShark",
                "LogonId": "0x262837e6",
                "LogonGuid": "{dd01dab0-b9ee-633f-e637-282600000000}",
                "Hashes": "MD5=2C7476F44C33FE4FE26600AE7AE3900D",
                "TerminalSessionId": "4",
                "IntegrityLevel": "High",
                "ParentUser": "ELMO\\mrdor",
                "FileVersion": "3.6.2",
                "CurrentDirectory": "C:\\Users\\mrdor\\PycharmProjects\\Hunterbee\\client\\wireshark\\",
                "User": "ELMO\\mrdor",
                "ParentCommandLine": "C:\\Users\\mrdor\\AppData\\Local\\Programs\\Python\\Python39\\python.exe C:/Users/mrdor/PycharmProjects/Hunterbee/client/wireshark/wireshark_interface.py",
                "ParentProcessGuid": "{dd01dab0-ffc6-633f-1855-010000004600}",
                "OriginalFileName": "TShark.exe",
                "Image": "C:\\Program Files\\Wireshark\\tshark.exe",
                "ProcessGuid": "{dd01dab0-00d0-6340-6956-010000004600}",
                "Description": "TShark",
                "ParentImage": "C:\\Users\\mrdor\\AppData\\Local\\Programs\\Python\\Python39\\python.exe",
                "CommandLine": "\"C:/Program Files/Wireshark/tshark.exe\" -l -n -T pdml -c 25 -w C:/Users/mrdor/PycharmProjects/Hunterbee/client/tempfiles/Logs/Wireshark/wireshark-logs-20.pcap -i -",
                "ProcessId": "13320",
                "Company": "The Wireshark developer community"
            },
            "computer_name": "Elmo"
        },
        "host": {
            "ip": [
                "fe80::7cd2:efa8:dba2:6fc0",
                "169.254.111.192",
                "fe80::e431:7896:8d85:5aa",
                "172.21.208.1",
                "fe80::48ae:546b:7a20:7f52",
                "172.30.112.1",
                "fe80::f45e:e853:b6c1:9350",
                "192.168.56.1",
                "fe80::bc21:1b56:1d1:4b9f",
                "169.254.75.159",
                "fe80::4807:9ca5:cd67:6ac6",
                "169.254.106.198",
                "fe80::e097:4ef1:6314:5a55",
                "169.254.90.85",
                "fe80::d55:b4a9:26a4:7406",
                "192.168.1.102",
                "fe80::211f:b772:c6da:bfb3",
                "172.27.16.1",
                "fe80::f90c:d738:c01c:abc6",
                "172.28.192.1",
                "fe80::68fb:280b:ac6f:30de",
                "172.23.96.1"
            ],
            "name": "Elmo"
        }
    },
    "214": {
        "@timestamp": "2022-10-07T10:34:57.141Z",
        "host": {
            "ip": [
                "fe80::7cd2:efa8:dba2:6fc0",
                "169.254.111.192",
                "fe80::e431:7896:8d85:5aa",
                "172.21.208.1",
                "fe80::48ae:546b:7a20:7f52",
                "172.30.112.1",
                "fe80::f45e:e853:b6c1:9350",
                "192.168.56.1",
                "fe80::bc21:1b56:1d1:4b9f",
                "169.254.75.159",
                "fe80::4807:9ca5:cd67:6ac6",
                "169.254.106.198",
                "fe80::e097:4ef1:6314:5a55",
                "169.254.90.85",
                "fe80::d55:b4a9:26a4:7406",
                "192.168.1.102",
                "fe80::211f:b772:c6da:bfb3",
                "172.27.16.1",
                "fe80::f90c:d738:c01c:abc6",
                "172.28.192.1",
                "fe80::68fb:280b:ac6f:30de",
                "172.23.96.1"
            ],
            "name": "Elmo"
        },
        "winlog": {
            "computer_name": "Elmo",
            "provider_name": "Microsoft-Windows-Sysmon",
            "event_data": {
                "CurrentDirectory": "C:\\Users\\mrdor\\PycharmProjects\\Hunterbee\\client\\wireshark\\",
                "ParentUser": "ELMO\\mrdor",
                "Image": "C:\\Program Files\\Wireshark\\dumpcap.exe",
                "ParentCommandLine": "\"C:/Program Files/Wireshark/tshark.exe\" -l -n -T pdml -c 25 -w C:/Users/mrdor/PycharmProjects/Hunterbee/client/tempfiles/Logs/Wireshark/wireshark-logs-20.pcap -i -",
                "ParentProcessGuid": "{dd01dab0-00d0-6340-6956-010000004600}",
                "CommandLine": "\"C:\\Program Files\\Wireshark\\dumpcap.exe\" -D -Z none",
                "UtcTime": "2022-10-07 10:34:57.139",
                "FileVersion": "3.6.2",
                "TerminalSessionId": "4",
                "IntegrityLevel": "High",
                "ProcessGuid": "{dd01dab0-00d1-6340-6a56-010000004600}",
                "Hashes": "MD5=A85C48F3129B10CF5593FBF3B02836FF",
                "ParentImage": "C:\\Program Files\\Wireshark\\tshark.exe",
                "ProcessId": "14912",
                "Product": "Dumpcap",
                "Description": "Dumpcap",
                "Company": "The Wireshark developer community",
                "ParentProcessId": "13320",
                "RuleName": "-",
                "User": "ELMO\\mrdor",
                "LogonId": "0x262837e6",
                "LogonGuid": "{dd01dab0-b9ee-633f-e637-282600000000}",
                "OriginalFileName": "Dumpcap.exe"
            },
            "task": "Process Create (rule: ProcessCreate)",
            "provider_guid": "{5770385f-c22a-43e0-bf4c-06f5698ffbd9}"
        }
    },
    "215": {
        "@timestamp": "2022-10-07T10:34:57.440Z",
        "host": {
            "name": "Elmo",
            "ip": [
                "fe80::7cd2:efa8:dba2:6fc0",
                "169.254.111.192",
                "fe80::e431:7896:8d85:5aa",
                "172.21.208.1",
                "fe80::48ae:546b:7a20:7f52",
                "172.30.112.1",
                "fe80::f45e:e853:b6c1:9350",
                "192.168.56.1",
                "fe80::bc21:1b56:1d1:4b9f",
                "169.254.75.159",
                "fe80::4807:9ca5:cd67:6ac6",
                "169.254.106.198",
                "fe80::e097:4ef1:6314:5a55",
                "169.254.90.85",
                "fe80::d55:b4a9:26a4:7406",
                "192.168.1.102",
                "fe80::211f:b772:c6da:bfb3",
                "172.27.16.1",
                "fe80::f90c:d738:c01c:abc6",
                "172.28.192.1",
                "fe80::68fb:280b:ac6f:30de",
                "172.23.96.1"
            ]
        },
        "winlog": {
            "task": "Process Create (rule: ProcessCreate)",
            "event_data": {
                "ParentUser": "ELMO\\mrdor",
                "FileVersion": "3.6.2",
                "CommandLine": "\"C:\\Program Files\\Wireshark\\dumpcap.exe\" -n -c 25 -i - -Z 13320 -w C:/Users/mrdor/PycharmProjects/Hunterbee/client/tempfiles/Logs/Wireshark/wireshark-logs-20.pcap",
                "Company": "The Wireshark developer community",
                "Product": "Dumpcap",
                "CurrentDirectory": "C:\\Users\\mrdor\\PycharmProjects\\Hunterbee\\client\\wireshark\\",
                "User": "ELMO\\mrdor",
                "ProcessGuid": "{dd01dab0-00d1-6340-6c56-010000004600}",
                "ProcessId": "1908",
                "TerminalSessionId": "4",
                "Hashes": "MD5=A85C48F3129B10CF5593FBF3B02836FF",
                "LogonId": "0x262837e6",
                "ParentProcessGuid": "{dd01dab0-00d0-6340-6956-010000004600}",
                "Image": "C:\\Program Files\\Wireshark\\dumpcap.exe",
                "LogonGuid": "{dd01dab0-b9ee-633f-e637-282600000000}",
                "OriginalFileName": "Dumpcap.exe",
                "ParentProcessId": "13320",
                "RuleName": "-",
                "ParentImage": "C:\\Program Files\\Wireshark\\tshark.exe",
                "IntegrityLevel": "High",
                "UtcTime": "2022-10-07 10:34:57.437",
                "ParentCommandLine": "\"C:/Program Files/Wireshark/tshark.exe\" -l -n -T pdml -c 25 -w C:/Users/mrdor/PycharmProjects/Hunterbee/client/tempfiles/Logs/Wireshark/wireshark-logs-20.pcap -i -",
                "Description": "Dumpcap"
            },
            "provider_name": "Microsoft-Windows-Sysmon",
            "provider_guid": "{5770385f-c22a-43e0-bf4c-06f5698ffbd9}",
            "computer_name": "Elmo"
        }
    },
    "216": {
        "@timestamp": "2022-10-07T10:35:13.309Z",
        "host": {
            "ip": [
                "fe80::7cd2:efa8:dba2:6fc0",
                "169.254.111.192",
                "fe80::e431:7896:8d85:5aa",
                "172.21.208.1",
                "fe80::48ae:546b:7a20:7f52",
                "172.30.112.1",
                "fe80::f45e:e853:b6c1:9350",
                "192.168.56.1",
                "fe80::bc21:1b56:1d1:4b9f",
                "169.254.75.159",
                "fe80::4807:9ca5:cd67:6ac6",
                "169.254.106.198",
                "fe80::e097:4ef1:6314:5a55",
                "169.254.90.85",
                "fe80::d55:b4a9:26a4:7406",
                "192.168.1.102",
                "fe80::211f:b772:c6da:bfb3",
                "172.27.16.1",
                "fe80::f90c:d738:c01c:abc6",
                "172.28.192.1",
                "fe80::68fb:280b:ac6f:30de",
                "172.23.96.1"
            ],
            "name": "Elmo"
        },
        "winlog": {
            "task": "Process Create (rule: ProcessCreate)",
            "computer_name": "Elmo",
            "provider_name": "Microsoft-Windows-Sysmon",
            "event_data": {
                "Company": "Microsoft Corporation",
                "CurrentDirectory": "C:\\Users\\mrdor\\PycharmProjects\\Hunterbee\\client\\wireshark\\",
                "TerminalSessionId": "4",
                "ParentProcessId": "11260",
                "UtcTime": "2022-10-07 10:35:13.305",
                "ParentProcessGuid": "{dd01dab0-ffc6-633f-1855-010000004600}",
                "ParentCommandLine": "C:\\Users\\mrdor\\AppData\\Local\\Programs\\Python\\Python39\\python.exe C:/Users/mrdor/PycharmProjects/Hunterbee/client/wireshark/wireshark_interface.py",
                "FileVersion": "10.0.19041.746 (WinBuild.160101.0800)",
                "ProcessGuid": "{dd01dab0-00e1-6340-6e56-010000004600}",
                "ParentUser": "ELMO\\mrdor",
                "Product": "Microsoft\u00c2\u00ae Windows\u00c2\u00ae Operating System",
                "CommandLine": "C:\\Windows\\system32\\cmd.exe /c \"tshark -r C:/Users/mrdor/PycharmProjects/Hunterbee/client/tempfiles/Logs/Wireshark/wireshark-logs-20.pcap -T json > C:/Users/mrdor/PycharmProjects/Hunterbee/client/tempfiles/Logs/Wireshark/wireshark-logs-20.json\"",
                "LogonGuid": "{dd01dab0-b9ee-633f-e637-282600000000}",
                "Hashes": "MD5=8A2122E8162DBEF04694B9C3E0B6CDEE",
                "RuleName": "-",
                "Image": "C:\\Windows\\System32\\cmd.exe",
                "ProcessId": "12688",
                "User": "ELMO\\mrdor",
                "LogonId": "0x262837e6",
                "IntegrityLevel": "High",
                "ParentImage": "C:\\Users\\mrdor\\AppData\\Local\\Programs\\Python\\Python39\\python.exe",
                "Description": "Windows Command Processor",
                "OriginalFileName": "Cmd.Exe"
            },
            "provider_guid": "{5770385f-c22a-43e0-bf4c-06f5698ffbd9}"
        }
    },
    "217": {
        "@timestamp": "2022-10-07T10:35:13.321Z",
        "host": {
            "ip": [
                "fe80::7cd2:efa8:dba2:6fc0",
                "169.254.111.192",
                "fe80::e431:7896:8d85:5aa",
                "172.21.208.1",
                "fe80::48ae:546b:7a20:7f52",
                "172.30.112.1",
                "fe80::f45e:e853:b6c1:9350",
                "192.168.56.1",
                "fe80::bc21:1b56:1d1:4b9f",
                "169.254.75.159",
                "fe80::4807:9ca5:cd67:6ac6",
                "169.254.106.198",
                "fe80::e097:4ef1:6314:5a55",
                "169.254.90.85",
                "fe80::d55:b4a9:26a4:7406",
                "192.168.1.102",
                "fe80::211f:b772:c6da:bfb3",
                "172.27.16.1",
                "fe80::f90c:d738:c01c:abc6",
                "172.28.192.1",
                "fe80::68fb:280b:ac6f:30de",
                "172.23.96.1"
            ],
            "name": "Elmo"
        },
        "winlog": {
            "event_data": {
                "TerminalSessionId": "4",
                "Hashes": "MD5=2C7476F44C33FE4FE26600AE7AE3900D",
                "ParentProcessId": "12688",
                "ProcessGuid": "{dd01dab0-00e1-6340-6f56-010000004600}",
                "OriginalFileName": "TShark.exe",
                "ParentProcessGuid": "{dd01dab0-00e1-6340-6e56-010000004600}",
                "ProcessId": "8660",
                "CurrentDirectory": "C:\\Users\\mrdor\\PycharmProjects\\Hunterbee\\client\\wireshark\\",
                "User": "ELMO\\mrdor",
                "Product": "TShark",
                "LogonId": "0x262837e6",
                "Image": "C:\\Program Files\\Wireshark\\tshark.exe",
                "Company": "The Wireshark developer community",
                "CommandLine": "tshark  -r C:/Users/mrdor/PycharmProjects/Hunterbee/client/tempfiles/Logs/Wireshark/wireshark-logs-20.pcap -T json ",
                "ParentCommandLine": "C:\\Windows\\system32\\cmd.exe /c \"tshark -r C:/Users/mrdor/PycharmProjects/Hunterbee/client/tempfiles/Logs/Wireshark/wireshark-logs-20.pcap -T json > C:/Users/mrdor/PycharmProjects/Hunterbee/client/tempfiles/Logs/Wireshark/wireshark-logs-20.json\"",
                "Description": "TShark",
                "FileVersion": "3.6.2",
                "ParentUser": "ELMO\\mrdor",
                "ParentImage": "C:\\Windows\\System32\\cmd.exe",
                "RuleName": "-",
                "LogonGuid": "{dd01dab0-b9ee-633f-e637-282600000000}",
                "IntegrityLevel": "High",
                "UtcTime": "2022-10-07 10:35:13.318"
            },
            "task": "Process Create (rule: ProcessCreate)",
            "computer_name": "Elmo",
            "provider_name": "Microsoft-Windows-Sysmon",
            "provider_guid": "{5770385f-c22a-43e0-bf4c-06f5698ffbd9}"
        }
    },
    "218": {
        "@timestamp": "2022-10-07T10:35:13.805Z",
        "host": {
            "name": "Elmo",
            "ip": [
                "fe80::7cd2:efa8:dba2:6fc0",
                "169.254.111.192",
                "fe80::e431:7896:8d85:5aa",
                "172.21.208.1",
                "fe80::48ae:546b:7a20:7f52",
                "172.30.112.1",
                "fe80::f45e:e853:b6c1:9350",
                "192.168.56.1",
                "fe80::bc21:1b56:1d1:4b9f",
                "169.254.75.159",
                "fe80::4807:9ca5:cd67:6ac6",
                "169.254.106.198",
                "fe80::e097:4ef1:6314:5a55",
                "169.254.90.85",
                "fe80::d55:b4a9:26a4:7406",
                "192.168.1.102",
                "fe80::211f:b772:c6da:bfb3",
                "172.27.16.1",
                "fe80::f90c:d738:c01c:abc6",
                "172.28.192.1",
                "fe80::68fb:280b:ac6f:30de",
                "172.23.96.1"
            ]
        },
        "winlog": {
            "task": "Process Create (rule: ProcessCreate)",
            "provider_guid": "{5770385f-c22a-43e0-bf4c-06f5698ffbd9}",
            "computer_name": "Elmo",
            "provider_name": "Microsoft-Windows-Sysmon",
            "event_data": {
                "ParentCommandLine": "C:\\Users\\mrdor\\AppData\\Local\\Programs\\Python\\Python39\\python.exe C:/Users/mrdor/PycharmProjects/Hunterbee/client/wireshark/wireshark_interface.py",
                "CommandLine": "\"C:/Program Files/Wireshark/tshark.exe\" -D",
                "RuleName": "-",
                "OriginalFileName": "TShark.exe",
                "UtcTime": "2022-10-07 10:35:13.802",
                "Hashes": "MD5=2C7476F44C33FE4FE26600AE7AE3900D",
                "IntegrityLevel": "High",
                "ParentProcessGuid": "{dd01dab0-ffc6-633f-1855-010000004600}",
                "Image": "C:\\Program Files\\Wireshark\\tshark.exe",
                "FileVersion": "3.6.2",
                "CurrentDirectory": "C:\\Users\\mrdor\\PycharmProjects\\Hunterbee\\client\\wireshark\\",
                "Company": "The Wireshark developer community",
                "LogonId": "0x262837e6",
                "Product": "TShark",
                "ParentProcessId": "11260",
                "ProcessId": "9080",
                "Description": "TShark",
                "ParentImage": "C:\\Users\\mrdor\\AppData\\Local\\Programs\\Python\\Python39\\python.exe",
                "ProcessGuid": "{dd01dab0-00e1-6340-7056-010000004600}",
                "User": "ELMO\\mrdor",
                "TerminalSessionId": "4",
                "LogonGuid": "{dd01dab0-b9ee-633f-e637-282600000000}",
                "ParentUser": "ELMO\\mrdor"
            }
        }
    },
    "219": {
        "@timestamp": "2022-10-07T10:35:14.100Z",
        "host": {
            "name": "Elmo",
            "ip": [
                "fe80::7cd2:efa8:dba2:6fc0",
                "169.254.111.192",
                "fe80::e431:7896:8d85:5aa",
                "172.21.208.1",
                "fe80::48ae:546b:7a20:7f52",
                "172.30.112.1",
                "fe80::f45e:e853:b6c1:9350",
                "192.168.56.1",
                "fe80::bc21:1b56:1d1:4b9f",
                "169.254.75.159",
                "fe80::4807:9ca5:cd67:6ac6",
                "169.254.106.198",
                "fe80::e097:4ef1:6314:5a55",
                "169.254.90.85",
                "fe80::d55:b4a9:26a4:7406",
                "192.168.1.102",
                "fe80::211f:b772:c6da:bfb3",
                "172.27.16.1",
                "fe80::f90c:d738:c01c:abc6",
                "172.28.192.1",
                "fe80::68fb:280b:ac6f:30de",
                "172.23.96.1"
            ]
        },
        "winlog": {
            "provider_guid": "{5770385f-c22a-43e0-bf4c-06f5698ffbd9}",
            "provider_name": "Microsoft-Windows-Sysmon",
            "task": "Process Create (rule: ProcessCreate)",
            "event_data": {
                "Company": "The Wireshark developer community",
                "ParentUser": "ELMO\\mrdor",
                "OriginalFileName": "Dumpcap.exe",
                "ParentProcessId": "9080",
                "ParentCommandLine": "\"C:/Program Files/Wireshark/tshark.exe\" -D",
                "ProcessId": "1932",
                "FileVersion": "3.6.2",
                "User": "ELMO\\mrdor",
                "TerminalSessionId": "4",
                "LogonGuid": "{dd01dab0-b9ee-633f-e637-282600000000}",
                "Image": "C:\\Program Files\\Wireshark\\dumpcap.exe",
                "UtcTime": "2022-10-07 10:35:14.098",
                "IntegrityLevel": "High",
                "Description": "Dumpcap",
                "ParentProcessGuid": "{dd01dab0-00e1-6340-7056-010000004600}",
                "ProcessGuid": "{dd01dab0-00e2-6340-7156-010000004600}",
                "Product": "Dumpcap",
                "Hashes": "MD5=A85C48F3129B10CF5593FBF3B02836FF",
                "ParentImage": "C:\\Program Files\\Wireshark\\tshark.exe",
                "RuleName": "-",
                "LogonId": "0x262837e6",
                "CommandLine": "\"C:\\Program Files\\Wireshark\\dumpcap.exe\" -D -Z none",
                "CurrentDirectory": "C:\\Users\\mrdor\\PycharmProjects\\Hunterbee\\client\\wireshark\\"
            },
            "computer_name": "Elmo"
        }
    },
    "220": {
        "@timestamp": "2022-10-07T10:35:14.303Z",
        "host": {
            "name": "Elmo",
            "ip": [
                "fe80::7cd2:efa8:dba2:6fc0",
                "169.254.111.192",
                "fe80::e431:7896:8d85:5aa",
                "172.21.208.1",
                "fe80::48ae:546b:7a20:7f52",
                "172.30.112.1",
                "fe80::f45e:e853:b6c1:9350",
                "192.168.56.1",
                "fe80::bc21:1b56:1d1:4b9f",
                "169.254.75.159",
                "fe80::4807:9ca5:cd67:6ac6",
                "169.254.106.198",
                "fe80::e097:4ef1:6314:5a55",
                "169.254.90.85",
                "fe80::d55:b4a9:26a4:7406",
                "192.168.1.102",
                "fe80::211f:b772:c6da:bfb3",
                "172.27.16.1",
                "fe80::f90c:d738:c01c:abc6",
                "172.28.192.1",
                "fe80::68fb:280b:ac6f:30de",
                "172.23.96.1"
            ]
        },
        "winlog": {
            "event_data": {
                "ParentProcessGuid": "{dd01dab0-ffc6-633f-1855-010000004600}",
                "UtcTime": "2022-10-07 10:35:14.301",
                "Company": "The Wireshark developer community",
                "ProcessGuid": "{dd01dab0-00e2-6340-7356-010000004600}",
                "Description": "TShark",
                "LogonGuid": "{dd01dab0-b9ee-633f-e637-282600000000}",
                "OriginalFileName": "TShark.exe",
                "TerminalSessionId": "4",
                "ParentImage": "C:\\Users\\mrdor\\AppData\\Local\\Programs\\Python\\Python39\\python.exe",
                "RuleName": "-",
                "Image": "C:\\Program Files\\Wireshark\\tshark.exe",
                "User": "ELMO\\mrdor",
                "ProcessId": "296",
                "FileVersion": "3.6.2",
                "LogonId": "0x262837e6",
                "IntegrityLevel": "High",
                "Hashes": "MD5=2C7476F44C33FE4FE26600AE7AE3900D",
                "ParentCommandLine": "C:\\Users\\mrdor\\AppData\\Local\\Programs\\Python\\Python39\\python.exe C:/Users/mrdor/PycharmProjects/Hunterbee/client/wireshark/wireshark_interface.py",
                "ParentProcessId": "11260",
                "Product": "TShark",
                "CommandLine": "\"C:/Program Files/Wireshark/tshark.exe\" -v",
                "CurrentDirectory": "C:\\Users\\mrdor\\PycharmProjects\\Hunterbee\\client\\wireshark\\",
                "ParentUser": "ELMO\\mrdor"
            },
            "task": "Process Create (rule: ProcessCreate)",
            "provider_name": "Microsoft-Windows-Sysmon",
            "provider_guid": "{5770385f-c22a-43e0-bf4c-06f5698ffbd9}",
            "computer_name": "Elmo"
        }
    },
    "221": {
        "@timestamp": "2022-10-07T10:35:14.726Z",
        "winlog": {
            "provider_name": "Microsoft-Windows-Sysmon",
            "task": "Process Create (rule: ProcessCreate)",
            "computer_name": "Elmo",
            "event_data": {
                "ParentProcessGuid": "{dd01dab0-ffc6-633f-1855-010000004600}",
                "ParentCommandLine": "C:\\Users\\mrdor\\AppData\\Local\\Programs\\Python\\Python39\\python.exe C:/Users/mrdor/PycharmProjects/Hunterbee/client/wireshark/wireshark_interface.py",
                "UtcTime": "2022-10-07 10:35:14.724",
                "Description": "Dumpcap",
                "Image": "C:\\Program Files\\Wireshark\\dumpcap.exe",
                "LogonId": "0x262837e6",
                "ParentImage": "C:\\Users\\mrdor\\AppData\\Local\\Programs\\Python\\Python39\\python.exe",
                "Product": "Dumpcap",
                "RuleName": "-",
                "ParentUser": "ELMO\\mrdor",
                "ProcessId": "8352",
                "Company": "The Wireshark developer community",
                "User": "ELMO\\mrdor",
                "CommandLine": "\"C:/Program Files/Wireshark/dumpcap.exe\" -q -i Wi-Fi -w -",
                "Hashes": "MD5=A85C48F3129B10CF5593FBF3B02836FF",
                "FileVersion": "3.6.2",
                "LogonGuid": "{dd01dab0-b9ee-633f-e637-282600000000}",
                "ProcessGuid": "{dd01dab0-00e2-6340-7456-010000004600}",
                "OriginalFileName": "Dumpcap.exe",
                "IntegrityLevel": "High",
                "ParentProcessId": "11260",
                "TerminalSessionId": "4",
                "CurrentDirectory": "C:\\Users\\mrdor\\PycharmProjects\\Hunterbee\\client\\wireshark\\"
            },
            "provider_guid": "{5770385f-c22a-43e0-bf4c-06f5698ffbd9}"
        },
        "host": {
            "ip": [
                "fe80::7cd2:efa8:dba2:6fc0",
                "169.254.111.192",
                "fe80::e431:7896:8d85:5aa",
                "172.21.208.1",
                "fe80::48ae:546b:7a20:7f52",
                "172.30.112.1",
                "fe80::f45e:e853:b6c1:9350",
                "192.168.56.1",
                "fe80::bc21:1b56:1d1:4b9f",
                "169.254.75.159",
                "fe80::4807:9ca5:cd67:6ac6",
                "169.254.106.198",
                "fe80::e097:4ef1:6314:5a55",
                "169.254.90.85",
                "fe80::d55:b4a9:26a4:7406",
                "192.168.1.102",
                "fe80::211f:b772:c6da:bfb3",
                "172.27.16.1",
                "fe80::f90c:d738:c01c:abc6",
                "172.28.192.1",
                "fe80::68fb:280b:ac6f:30de",
                "172.23.96.1"
            ],
            "name": "Elmo"
        }
    },
    "222": {
        "@timestamp": "2022-10-07T10:35:14.730Z",
        "host": {
            "name": "Elmo",
            "ip": [
                "fe80::7cd2:efa8:dba2:6fc0",
                "169.254.111.192",
                "fe80::e431:7896:8d85:5aa",
                "172.21.208.1",
                "fe80::48ae:546b:7a20:7f52",
                "172.30.112.1",
                "fe80::f45e:e853:b6c1:9350",
                "192.168.56.1",
                "fe80::bc21:1b56:1d1:4b9f",
                "169.254.75.159",
                "fe80::4807:9ca5:cd67:6ac6",
                "169.254.106.198",
                "fe80::e097:4ef1:6314:5a55",
                "169.254.90.85",
                "fe80::d55:b4a9:26a4:7406",
                "192.168.1.102",
                "fe80::211f:b772:c6da:bfb3",
                "172.27.16.1",
                "fe80::f90c:d738:c01c:abc6",
                "172.28.192.1",
                "fe80::68fb:280b:ac6f:30de",
                "172.23.96.1"
            ]
        },
        "winlog": {
            "provider_name": "Microsoft-Windows-Sysmon",
            "provider_guid": "{5770385f-c22a-43e0-bf4c-06f5698ffbd9}",
            "computer_name": "Elmo",
            "task": "Process Create (rule: ProcessCreate)",
            "event_data": {
                "TerminalSessionId": "4",
                "UtcTime": "2022-10-07 10:35:14.728",
                "User": "ELMO\\mrdor",
                "IntegrityLevel": "High",
                "Product": "TShark",
                "ParentCommandLine": "C:\\Users\\mrdor\\AppData\\Local\\Programs\\Python\\Python39\\python.exe C:/Users/mrdor/PycharmProjects/Hunterbee/client/wireshark/wireshark_interface.py",
                "ProcessGuid": "{dd01dab0-00e2-6340-7556-010000004600}",
                "LogonGuid": "{dd01dab0-b9ee-633f-e637-282600000000}",
                "LogonId": "0x262837e6",
                "ParentProcessId": "11260",
                "ProcessId": "13712",
                "FileVersion": "3.6.2",
                "Company": "The Wireshark developer community",
                "Hashes": "MD5=2C7476F44C33FE4FE26600AE7AE3900D",
                "Image": "C:\\Program Files\\Wireshark\\tshark.exe",
                "ParentImage": "C:\\Users\\mrdor\\AppData\\Local\\Programs\\Python\\Python39\\python.exe",
                "CurrentDirectory": "C:\\Users\\mrdor\\PycharmProjects\\Hunterbee\\client\\wireshark\\",
                "CommandLine": "\"C:/Program Files/Wireshark/tshark.exe\" -D",
                "Description": "TShark",
                "ParentProcessGuid": "{dd01dab0-ffc6-633f-1855-010000004600}",
                "OriginalFileName": "TShark.exe",
                "ParentUser": "ELMO\\mrdor",
                "RuleName": "-"
            }
        }
    },
    "223": {
        "@timestamp": "2022-10-07T10:35:15.037Z",
        "host": {
            "name": "Elmo",
            "ip": [
                "fe80::7cd2:efa8:dba2:6fc0",
                "169.254.111.192",
                "fe80::e431:7896:8d85:5aa",
                "172.21.208.1",
                "fe80::48ae:546b:7a20:7f52",
                "172.30.112.1",
                "fe80::f45e:e853:b6c1:9350",
                "192.168.56.1",
                "fe80::bc21:1b56:1d1:4b9f",
                "169.254.75.159",
                "fe80::4807:9ca5:cd67:6ac6",
                "169.254.106.198",
                "fe80::e097:4ef1:6314:5a55",
                "169.254.90.85",
                "fe80::d55:b4a9:26a4:7406",
                "192.168.1.102",
                "fe80::211f:b772:c6da:bfb3",
                "172.27.16.1",
                "fe80::f90c:d738:c01c:abc6",
                "172.28.192.1",
                "fe80::68fb:280b:ac6f:30de",
                "172.23.96.1"
            ]
        },
        "winlog": {
            "provider_name": "Microsoft-Windows-Sysmon",
            "event_data": {
                "Image": "C:\\Program Files\\Wireshark\\dumpcap.exe",
                "TerminalSessionId": "4",
                "ProcessId": "13564",
                "ParentProcessId": "13712",
                "ProcessGuid": "{dd01dab0-00e3-6340-7656-010000004600}",
                "ParentUser": "ELMO\\mrdor",
                "RuleName": "-",
                "Product": "Dumpcap",
                "LogonGuid": "{dd01dab0-b9ee-633f-e637-282600000000}",
                "CommandLine": "\"C:\\Program Files\\Wireshark\\dumpcap.exe\" -D -Z none",
                "Company": "The Wireshark developer community",
                "Hashes": "MD5=A85C48F3129B10CF5593FBF3B02836FF",
                "FileVersion": "3.6.2",
                "UtcTime": "2022-10-07 10:35:15.034",
                "User": "ELMO\\mrdor",
                "ParentImage": "C:\\Program Files\\Wireshark\\tshark.exe",
                "ParentProcessGuid": "{dd01dab0-00e2-6340-7556-010000004600}",
                "LogonId": "0x262837e6",
                "IntegrityLevel": "High",
                "ParentCommandLine": "\"C:/Program Files/Wireshark/tshark.exe\" -D",
                "Description": "Dumpcap",
                "CurrentDirectory": "C:\\Users\\mrdor\\PycharmProjects\\Hunterbee\\client\\wireshark\\",
                "OriginalFileName": "Dumpcap.exe"
            },
            "provider_guid": "{5770385f-c22a-43e0-bf4c-06f5698ffbd9}",
            "task": "Process Create (rule: ProcessCreate)",
            "computer_name": "Elmo"
        }
    },
    "224": {
        "@timestamp": "2022-10-07T10:35:15.231Z",
        "host": {
            "ip": [
                "fe80::7cd2:efa8:dba2:6fc0",
                "169.254.111.192",
                "fe80::e431:7896:8d85:5aa",
                "172.21.208.1",
                "fe80::48ae:546b:7a20:7f52",
                "172.30.112.1",
                "fe80::f45e:e853:b6c1:9350",
                "192.168.56.1",
                "fe80::bc21:1b56:1d1:4b9f",
                "169.254.75.159",
                "fe80::4807:9ca5:cd67:6ac6",
                "169.254.106.198",
                "fe80::e097:4ef1:6314:5a55",
                "169.254.90.85",
                "fe80::d55:b4a9:26a4:7406",
                "192.168.1.102",
                "fe80::211f:b772:c6da:bfb3",
                "172.27.16.1",
                "fe80::f90c:d738:c01c:abc6",
                "172.28.192.1",
                "fe80::68fb:280b:ac6f:30de",
                "172.23.96.1"
            ],
            "name": "Elmo"
        },
        "winlog": {
            "provider_guid": "{5770385f-c22a-43e0-bf4c-06f5698ffbd9}",
            "provider_name": "Microsoft-Windows-Sysmon",
            "task": "Process Create (rule: ProcessCreate)",
            "computer_name": "Elmo",
            "event_data": {
                "ProcessGuid": "{dd01dab0-00e3-6340-7856-010000004600}",
                "TerminalSessionId": "4",
                "IntegrityLevel": "High",
                "ParentUser": "ELMO\\mrdor",
                "RuleName": "-",
                "Product": "TShark",
                "User": "ELMO\\mrdor",
                "LogonGuid": "{dd01dab0-b9ee-633f-e637-282600000000}",
                "ParentProcessId": "11260",
                "Description": "TShark",
                "OriginalFileName": "TShark.exe",
                "Image": "C:\\Program Files\\Wireshark\\tshark.exe",
                "Hashes": "MD5=2C7476F44C33FE4FE26600AE7AE3900D",
                "UtcTime": "2022-10-07 10:35:15.228",
                "ParentImage": "C:\\Users\\mrdor\\AppData\\Local\\Programs\\Python\\Python39\\python.exe",
                "ParentCommandLine": "C:\\Users\\mrdor\\AppData\\Local\\Programs\\Python\\Python39\\python.exe C:/Users/mrdor/PycharmProjects/Hunterbee/client/wireshark/wireshark_interface.py",
                "FileVersion": "3.6.2",
                "ParentProcessGuid": "{dd01dab0-ffc6-633f-1855-010000004600}",
                "Company": "The Wireshark developer community",
                "CommandLine": "\"C:/Program Files/Wireshark/tshark.exe\" -l -n -T pdml -c 25 -w C:/Users/mrdor/PycharmProjects/Hunterbee/client/tempfiles/Logs/Wireshark/wireshark-logs-21.pcap -i -",
                "LogonId": "0x262837e6",
                "ProcessId": "8112",
                "CurrentDirectory": "C:\\Users\\mrdor\\PycharmProjects\\Hunterbee\\client\\wireshark\\"
            }
        }
    },
    "225": {
        "@timestamp": "2022-10-07T10:35:15.518Z",
        "host": {
            "name": "Elmo",
            "ip": [
                "fe80::7cd2:efa8:dba2:6fc0",
                "169.254.111.192",
                "fe80::e431:7896:8d85:5aa",
                "172.21.208.1",
                "fe80::48ae:546b:7a20:7f52",
                "172.30.112.1",
                "fe80::f45e:e853:b6c1:9350",
                "192.168.56.1",
                "fe80::bc21:1b56:1d1:4b9f",
                "169.254.75.159",
                "fe80::4807:9ca5:cd67:6ac6",
                "169.254.106.198",
                "fe80::e097:4ef1:6314:5a55",
                "169.254.90.85",
                "fe80::d55:b4a9:26a4:7406",
                "192.168.1.102",
                "fe80::211f:b772:c6da:bfb3",
                "172.27.16.1",
                "fe80::f90c:d738:c01c:abc6",
                "172.28.192.1",
                "fe80::68fb:280b:ac6f:30de",
                "172.23.96.1"
            ]
        },
        "winlog": {
            "task": "Process Create (rule: ProcessCreate)",
            "computer_name": "Elmo",
            "event_data": {
                "ParentUser": "ELMO\\mrdor",
                "RuleName": "-",
                "ProcessId": "19240",
                "User": "ELMO\\mrdor",
                "Company": "The Wireshark developer community",
                "IntegrityLevel": "High",
                "LogonId": "0x262837e6",
                "LogonGuid": "{dd01dab0-b9ee-633f-e637-282600000000}",
                "CommandLine": "\"C:\\Program Files\\Wireshark\\dumpcap.exe\" -D -Z none",
                "ProcessGuid": "{dd01dab0-00e3-6340-7956-010000004600}",
                "Image": "C:\\Program Files\\Wireshark\\dumpcap.exe",
                "FileVersion": "3.6.2",
                "CurrentDirectory": "C:\\Users\\mrdor\\PycharmProjects\\Hunterbee\\client\\wireshark\\",
                "ParentProcessGuid": "{dd01dab0-00e3-6340-7856-010000004600}",
                "UtcTime": "2022-10-07 10:35:15.516",
                "Description": "Dumpcap",
                "Product": "Dumpcap",
                "OriginalFileName": "Dumpcap.exe",
                "Hashes": "MD5=A85C48F3129B10CF5593FBF3B02836FF",
                "ParentImage": "C:\\Program Files\\Wireshark\\tshark.exe",
                "ParentProcessId": "8112",
                "TerminalSessionId": "4",
                "ParentCommandLine": "\"C:/Program Files/Wireshark/tshark.exe\" -l -n -T pdml -c 25 -w C:/Users/mrdor/PycharmProjects/Hunterbee/client/tempfiles/Logs/Wireshark/wireshark-logs-21.pcap -i -"
            },
            "provider_name": "Microsoft-Windows-Sysmon",
            "provider_guid": "{5770385f-c22a-43e0-bf4c-06f5698ffbd9}"
        }
    },
    "226": {
        "@timestamp": "2022-10-07T10:35:15.824Z",
        "host": {
            "ip": [
                "fe80::7cd2:efa8:dba2:6fc0",
                "169.254.111.192",
                "fe80::e431:7896:8d85:5aa",
                "172.21.208.1",
                "fe80::48ae:546b:7a20:7f52",
                "172.30.112.1",
                "fe80::f45e:e853:b6c1:9350",
                "192.168.56.1",
                "fe80::bc21:1b56:1d1:4b9f",
                "169.254.75.159",
                "fe80::4807:9ca5:cd67:6ac6",
                "169.254.106.198",
                "fe80::e097:4ef1:6314:5a55",
                "169.254.90.85",
                "fe80::d55:b4a9:26a4:7406",
                "192.168.1.102",
                "fe80::211f:b772:c6da:bfb3",
                "172.27.16.1",
                "fe80::f90c:d738:c01c:abc6",
                "172.28.192.1",
                "fe80::68fb:280b:ac6f:30de",
                "172.23.96.1"
            ],
            "name": "Elmo"
        },
        "winlog": {
            "provider_guid": "{5770385f-c22a-43e0-bf4c-06f5698ffbd9}",
            "computer_name": "Elmo",
            "event_data": {
                "LogonId": "0x262837e6",
                "IntegrityLevel": "High",
                "RuleName": "-",
                "Image": "C:\\Program Files\\Wireshark\\dumpcap.exe",
                "ParentProcessId": "8112",
                "Product": "Dumpcap",
                "Company": "The Wireshark developer community",
                "ParentUser": "ELMO\\mrdor",
                "ParentImage": "C:\\Program Files\\Wireshark\\tshark.exe",
                "OriginalFileName": "Dumpcap.exe",
                "Description": "Dumpcap",
                "ParentCommandLine": "\"C:/Program Files/Wireshark/tshark.exe\" -l -n -T pdml -c 25 -w C:/Users/mrdor/PycharmProjects/Hunterbee/client/tempfiles/Logs/Wireshark/wireshark-logs-21.pcap -i -",
                "User": "ELMO\\mrdor",
                "ProcessGuid": "{dd01dab0-00e3-6340-7b56-010000004600}",
                "TerminalSessionId": "4",
                "UtcTime": "2022-10-07 10:35:15.821",
                "LogonGuid": "{dd01dab0-b9ee-633f-e637-282600000000}",
                "CurrentDirectory": "C:\\Users\\mrdor\\PycharmProjects\\Hunterbee\\client\\wireshark\\",
                "ParentProcessGuid": "{dd01dab0-00e3-6340-7856-010000004600}",
                "Hashes": "MD5=A85C48F3129B10CF5593FBF3B02836FF",
                "ProcessId": "11204",
                "FileVersion": "3.6.2",
                "CommandLine": "\"C:\\Program Files\\Wireshark\\dumpcap.exe\" -n -c 25 -i - -Z 8112 -w C:/Users/mrdor/PycharmProjects/Hunterbee/client/tempfiles/Logs/Wireshark/wireshark-logs-21.pcap"
            },
            "task": "Process Create (rule: ProcessCreate)",
            "provider_name": "Microsoft-Windows-Sysmon"
        }
    },
    "227": {
        "@timestamp": "2022-10-07T10:35:29.717Z",
        "winlog": {
            "task": "Process Create (rule: ProcessCreate)",
            "provider_guid": "{5770385f-c22a-43e0-bf4c-06f5698ffbd9}",
            "computer_name": "Elmo",
            "event_data": {
                "LogonId": "0x26286720",
                "TerminalSessionId": "4",
                "ParentProcessId": "21900",
                "OriginalFileName": "OAWrapper.exe",
                "IntegrityLevel": "Medium",
                "Hashes": "MD5=317A0CDDED8011604E1C5CEC571B8C3E",
                "FileVersion": "46.0.9.0",
                "ProcessGuid": "{dd01dab0-00f1-6340-7d56-010000004600}",
                "Image": "C:\\Users\\mrdor\\AppData\\Local\\NVIDIA\\NvBackend\\ApplicationOntology\\OAWrapper.exe",
                "CommandLine": "\"C:\\Users\\mrdor\\AppData\\Local\\NVIDIA\\NvBackend\\ApplicationOntology\\OAWrapper.exe\" -a god_of_war -p \"g:\\god of war\" -g a",
                "User": "ELMO\\mrdor",
                "ParentUser": "ELMO\\mrdor",
                "RuleName": "-",
                "LogonGuid": "{dd01dab0-b9ee-633f-2067-282600000000}",
                "Company": "NVIDIA Corporation",
                "ParentImage": "C:\\Program Files\\NVIDIA Corporation\\NvContainer\\nvcontainer.exe",
                "Description": "OpenAutomate wrapper",
                "ParentProcessGuid": "{dd01dab0-b9fc-633f-e033-010000004600}",
                "ProcessId": "5520",
                "CurrentDirectory": "C:\\Program Files\\NVIDIA Corporation\\ShadowPlay\\",
                "ParentCommandLine": "\"C:\\Program Files\\NVIDIA Corporation\\NvContainer\\nvcontainer.exe\" -f \"C:\\ProgramData\\NVIDIA\\NvContainerUser%d.log\" -d \"C:\\Program Files\\NVIDIA Corporation\\NvContainer\\plugins\\User\" -r -l 3 -p 30000 -st \"C:\\Program Files\\NVIDIA Corporation\\NvContainer\\NvContainerTelemetryApi.dll\" -c",
                "UtcTime": "2022-10-07 10:35:29.713",
                "Product": "NVIDIA GeForce Experience Application Ontology"
            },
            "provider_name": "Microsoft-Windows-Sysmon"
        },
        "host": {
            "ip": [
                "fe80::7cd2:efa8:dba2:6fc0",
                "169.254.111.192",
                "fe80::e431:7896:8d85:5aa",
                "172.21.208.1",
                "fe80::48ae:546b:7a20:7f52",
                "172.30.112.1",
                "fe80::f45e:e853:b6c1:9350",
                "192.168.56.1",
                "fe80::bc21:1b56:1d1:4b9f",
                "169.254.75.159",
                "fe80::4807:9ca5:cd67:6ac6",
                "169.254.106.198",
                "fe80::e097:4ef1:6314:5a55",
                "169.254.90.85",
                "fe80::d55:b4a9:26a4:7406",
                "192.168.1.102",
                "fe80::211f:b772:c6da:bfb3",
                "172.27.16.1",
                "fe80::f90c:d738:c01c:abc6",
                "172.28.192.1",
                "fe80::68fb:280b:ac6f:30de",
                "172.23.96.1"
            ],
            "name": "Elmo"
        }
    },
    "228": {
        "@timestamp": "2022-10-07T10:35:30.026Z",
        "host": {
            "name": "Elmo",
            "ip": [
                "fe80::7cd2:efa8:dba2:6fc0",
                "169.254.111.192",
                "fe80::e431:7896:8d85:5aa",
                "172.21.208.1",
                "fe80::48ae:546b:7a20:7f52",
                "172.30.112.1",
                "fe80::f45e:e853:b6c1:9350",
                "192.168.56.1",
                "fe80::bc21:1b56:1d1:4b9f",
                "169.254.75.159",
                "fe80::4807:9ca5:cd67:6ac6",
                "169.254.106.198",
                "fe80::e097:4ef1:6314:5a55",
                "169.254.90.85",
                "fe80::d55:b4a9:26a4:7406",
                "192.168.1.102",
                "fe80::211f:b772:c6da:bfb3",
                "172.27.16.1",
                "fe80::f90c:d738:c01c:abc6",
                "172.28.192.1",
                "fe80::68fb:280b:ac6f:30de",
                "172.23.96.1"
            ]
        },
        "winlog": {
            "task": "Process terminated (rule: ProcessTerminate)",
            "provider_guid": "{5770385f-c22a-43e0-bf4c-06f5698ffbd9}",
            "computer_name": "Elmo",
            "event_data": {
                "User": "ELMO\\mrdor",
                "RuleName": "-",
                "UtcTime": "2022-10-07 10:35:30.025",
