                "ProcessGuid": "{dd01dab0-dca9-633b-f900-000000004600}",
                "ProcessId": "1044",
                "TargetObject": "HKU\\S-1-5-21-328187559-2963526314-2733536162-1001\\SOFTWARE\\Microsoft\\Windows NT\\CurrentVersion\\AppCompatFlags\\Compatibility Assistant\\Store\\C:\\Program Files\\Oracle\\VirtualBox\\VBoxSVC.exe",
                "RuleName": "InvDB",
                "User": "NT AUTHORITY\\SYSTEM",
                "EventType": "SetValue",
                "UtcTime": "2022-10-07 10:26:24.038",
                "Image": "C:\\Windows\\system32\\svchost.exe",
                "Details": "Binary Data"
            },
            "computer_name": "Elmo",
            "provider_guid": "{5770385f-c22a-43e0-bf4c-06f5698ffbd9}"
        }
    },
    "289": {
        "@timestamp": "2022-10-07T10:26:29.404Z",
        "winlog": {
            "provider_name": "Microsoft-Windows-Sysmon",
            "task": "File created (rule: FileCreate)",
            "provider_guid": "{5770385f-c22a-43e0-bf4c-06f5698ffbd9}",
            "computer_name": "Elmo",
            "event_data": {
                "ProcessId": "10620",
                "Image": "C:\\Program Files\\Oracle\\VirtualBox\\VBoxSVC.exe",
                "TargetFilename": "C:\\Windows\\System32\\drivers\\SET116F.tmp",
                "CreationUtcTime": "2022-10-07 10:26:29.403",
                "User": "ELMO\\mrdor",
                "RuleName": "-",
                "UtcTime": "2022-10-07 10:26:29.403",
                "ProcessGuid": "{dd01dab0-fecf-633f-f054-010000004600}"
            }
        },
        "host": {
            "name": "Elmo",
            "ip": [
                "fe80::7cd2:efa8:dba2:6fc0",
                "169.254.111.192",
                "fe80::e431:7896:8d85:5aa",
                "172.21.208.1",
                "fe80::48ae:546b:7a20:7f52",
                "172.30.112.1",
                "fe80::bc21:1b56:1d1:4b9f",
                "169.254.75.159",
                "fe80::4807:9ca5:cd67:6ac6",
                "169.254.106.198",
                "fe80::e097:4ef1:6314:5a55",
                "169.254.90.85",
                "fe80::d55:b4a9:26a4:7406",
                "192.168.1.102",
                "fe80::211f:b772:c6da:bfb3",
                "172.27.16.1",
                "fe80::f90c:d738:c01c:abc6",
                "172.28.192.1"
            ]
        }
    },
    "290": {
        "@timestamp": "2022-10-07T10:26:29.405Z",
        "host": {
            "name": "Elmo",
            "ip": [
                "fe80::7cd2:efa8:dba2:6fc0",
                "169.254.111.192",
                "fe80::e431:7896:8d85:5aa",
                "172.21.208.1",
                "fe80::48ae:546b:7a20:7f52",
                "172.30.112.1",
                "fe80::bc21:1b56:1d1:4b9f",
                "169.254.75.159",
                "fe80::4807:9ca5:cd67:6ac6",
                "169.254.106.198",
                "fe80::e097:4ef1:6314:5a55",
                "169.254.90.85",
                "fe80::d55:b4a9:26a4:7406",
                "192.168.1.102",
                "fe80::211f:b772:c6da:bfb3",
                "172.27.16.1",
                "fe80::f90c:d738:c01c:abc6",
                "172.28.192.1"
            ]
        },
        "winlog": {
            "provider_name": "Microsoft-Windows-Sysmon",
            "provider_guid": "{5770385f-c22a-43e0-bf4c-06f5698ffbd9}",
            "task": "File created (rule: FileCreate)",
            "event_data": {
                "User": "ELMO\\mrdor",
                "RuleName": "-",
                "UtcTime": "2022-10-07 10:26:29.404",
                "ProcessGuid": "{dd01dab0-fecf-633f-f054-010000004600}",
                "ProcessId": "10620",
                "Image": "C:\\Program Files\\Oracle\\VirtualBox\\VBoxSVC.exe",
                "TargetFilename": "C:\\Windows\\System32\\drivers\\SET116F.tmp",
                "CreationUtcTime": "2022-10-07 10:26:29.403"
            },
            "computer_name": "Elmo"
        }
    },
    "291": {
        "@timestamp": "2022-10-07T10:26:29.473Z",
        "winlog": {
            "provider_name": "Microsoft-Windows-Sysmon",
            "event_data": {
                "User": "ELMO\\mrdor",
                "UtcTime": "2022-10-07 10:26:29.472",
                "ProcessId": "10620",
                "Image": "C:\\Program Files\\Oracle\\VirtualBox\\VBoxSVC.exe",
                "EventType": "SetValue",
                "TargetObject": "HKLM\\System\\CurrentControlSet\\Control\\Class\\{4d36e972-e325-11ce-bfc1-08002be10318}\\0021\\DriverVersion",
                "RuleName": "InvDB-DriverVer",
                "ProcessGuid": "{dd01dab0-fecf-633f-f054-010000004600}",
                "Details": "6.1.32.49290"
            },
            "provider_guid": "{5770385f-c22a-43e0-bf4c-06f5698ffbd9}",
            "task": "Registry value set (rule: RegistryEvent)",
            "computer_name": "Elmo"
        },
        "host": {
            "name": "Elmo",
            "ip": [
                "fe80::7cd2:efa8:dba2:6fc0",
                "169.254.111.192",
                "fe80::e431:7896:8d85:5aa",
                "172.21.208.1",
                "fe80::48ae:546b:7a20:7f52",
                "172.30.112.1",
                "fe80::bc21:1b56:1d1:4b9f",
                "169.254.75.159",
                "fe80::4807:9ca5:cd67:6ac6",
                "169.254.106.198",
                "fe80::e097:4ef1:6314:5a55",
                "169.254.90.85",
                "fe80::d55:b4a9:26a4:7406",
                "192.168.1.102",
                "fe80::211f:b772:c6da:bfb3",
                "172.27.16.1",
                "fe80::f90c:d738:c01c:abc6",
                "172.28.192.1"
            ]
        }
    },
    "292": {
        "@timestamp": "2022-10-07T10:26:29.526Z",
        "winlog": {
            "event_data": {
                "ProcessGuid": "{dd01dab0-dc23-633b-0b00-000000004600}",
                "ProcessId": "920",
                "TargetObject": "HKLM\\System\\CurrentControlSet\\Services\\VBoxNetAdp\\Start",
                "Details": "DWORD (0x00000003)",
                "EventType": "SetValue",
                "UtcTime": "2022-10-07 10:26:29.525",
                "User": "NT AUTHORITY\\SYSTEM",
                "RuleName": "T1031,T1050",
                "Image": "C:\\Windows\\system32\\services.exe"
            },
            "provider_guid": "{5770385f-c22a-43e0-bf4c-06f5698ffbd9}",
            "computer_name": "Elmo",
            "task": "Registry value set (rule: RegistryEvent)",
            "provider_name": "Microsoft-Windows-Sysmon"
        },
        "host": {
            "name": "Elmo",
            "ip": [
                "fe80::7cd2:efa8:dba2:6fc0",
                "169.254.111.192",
                "fe80::e431:7896:8d85:5aa",
                "172.21.208.1",
                "fe80::48ae:546b:7a20:7f52",
                "172.30.112.1",
                "fe80::bc21:1b56:1d1:4b9f",
                "169.254.75.159",
                "fe80::4807:9ca5:cd67:6ac6",
                "169.254.106.198",
                "fe80::e097:4ef1:6314:5a55",
                "169.254.90.85",
                "fe80::d55:b4a9:26a4:7406",
                "192.168.1.102",
                "fe80::211f:b772:c6da:bfb3",
                "172.27.16.1",
                "fe80::f90c:d738:c01c:abc6",
                "172.28.192.1"
            ]
        }
    },
    "293": {
        "@timestamp": "2022-10-07T10:26:29.719Z",
        "winlog": {
            "computer_name": "Elmo",
            "task": "Process Create (rule: ProcessCreate)",
            "provider_name": "Microsoft-Windows-Sysmon",
            "provider_guid": "{5770385f-c22a-43e0-bf4c-06f5698ffbd9}",
            "event_data": {
                "CommandLine": "C:\\Windows\\system32\\svchost.exe -k netsvcs -p -s DsmSvc",
                "Hashes": "MD5=B7F884C1B74A263F746EE12A5F7C9F6A",
                "CurrentDirectory": "C:\\Windows\\system32\\",
                "ParentProcessId": "920",
                "RuleName": "-",
                "ParentUser": "NT AUTHORITY\\SYSTEM",
                "User": "NT AUTHORITY\\SYSTEM",
                "Company": "Microsoft Corporation",
                "ParentImage": "C:\\Windows\\System32\\services.exe",
                "Description": "Host Process for Windows Services",
                "TerminalSessionId": "0",
                "ParentCommandLine": "C:\\Windows\\system32\\services.exe",
                "Image": "C:\\Windows\\System32\\svchost.exe",
                "LogonId": "0x3e7",
                "FileVersion": "10.0.19041.1806 (WinBuild.160101.0800)",
                "ProcessGuid": "{dd01dab0-fed5-633f-f154-010000004600}",
                "Product": "Microsoft\u00c2\u00ae Windows\u00c2\u00ae Operating System",
                "LogonGuid": "{dd01dab0-dc23-633b-e703-000000000000}",
                "UtcTime": "2022-10-07 10:26:29.717",
                "OriginalFileName": "svchost.exe",
                "ParentProcessGuid": "{dd01dab0-dc23-633b-0b00-000000004600}",
                "IntegrityLevel": "System",
                "ProcessId": "3352"
            }
        },
        "host": {
            "ip": [
                "fe80::7cd2:efa8:dba2:6fc0",
                "169.254.111.192",
                "fe80::e431:7896:8d85:5aa",
                "172.21.208.1",
                "fe80::48ae:546b:7a20:7f52",
                "172.30.112.1",
                "fe80::bc21:1b56:1d1:4b9f",
                "169.254.75.159",
                "fe80::4807:9ca5:cd67:6ac6",
                "169.254.106.198",
                "fe80::e097:4ef1:6314:5a55",
                "169.254.90.85",
                "fe80::d55:b4a9:26a4:7406",
                "192.168.1.102",
                "fe80::211f:b772:c6da:bfb3",
                "172.27.16.1",
                "fe80::f90c:d738:c01c:abc6",
                "172.28.192.1"
            ],
            "name": "Elmo"
        }
    },
    "294": {
        "@timestamp": "2022-10-07T10:26:29.904Z",
        "winlog": {
            "provider_guid": "{5770385f-c22a-43e0-bf4c-06f5698ffbd9}",
            "event_data": {
                "ProcessGuid": "{dd01dab0-7311-633c-3a22-000000004600}",
                "EventType": "SetValue",
                "TargetObject": "HKLM\\System\\CurrentControlSet\\Enum\\ROOT\\NET\\0003\\FriendlyName",
                "Details": "VirtualBox Host-Only Ethernet Adapter",
                "User": "NT AUTHORITY\\SYSTEM",
                "RuleName": "Context,DeviceConnectedOrUpdated",
                "ProcessId": "11720",
                "UtcTime": "2022-10-07 10:26:29.900",
                "Image": "C:\\Windows\\System32\\svchost.exe"
            },
            "provider_name": "Microsoft-Windows-Sysmon",
            "computer_name": "Elmo",
            "task": "Registry value set (rule: RegistryEvent)"
        },
        "host": {
            "name": "Elmo",
            "ip": [
                "fe80::7cd2:efa8:dba2:6fc0",
                "169.254.111.192",
                "fe80::e431:7896:8d85:5aa",
                "172.21.208.1",
                "fe80::48ae:546b:7a20:7f52",
                "172.30.112.1",
                "fe80::bc21:1b56:1d1:4b9f",
                "169.254.75.159",
                "fe80::4807:9ca5:cd67:6ac6",
                "169.254.106.198",
                "fe80::e097:4ef1:6314:5a55",
                "169.254.90.85",
                "fe80::d55:b4a9:26a4:7406",
                "192.168.1.102",
                "fe80::211f:b772:c6da:bfb3",
                "172.27.16.1",
                "fe80::f90c:d738:c01c:abc6",
                "172.28.192.1"
            ]
        }
    },
    "295": {
        "@timestamp": "2022-10-07T10:26:30.497Z",
        "host": {
            "ip": [
                "fe80::7cd2:efa8:dba2:6fc0",
                "169.254.111.192",
                "fe80::e431:7896:8d85:5aa",
                "172.21.208.1",
                "fe80::48ae:546b:7a20:7f52",
                "172.30.112.1",
                "fe80::bc21:1b56:1d1:4b9f",
                "169.254.75.159",
                "fe80::4807:9ca5:cd67:6ac6",
                "169.254.106.198",
                "fe80::e097:4ef1:6314:5a55",
                "169.254.90.85",
                "fe80::d55:b4a9:26a4:7406",
                "192.168.1.102",
                "fe80::211f:b772:c6da:bfb3",
                "172.27.16.1",
                "fe80::f90c:d738:c01c:abc6",
                "172.28.192.1"
            ],
            "name": "Elmo"
        },
        "winlog": {
            "provider_guid": "{5770385f-c22a-43e0-bf4c-06f5698ffbd9}",
            "provider_name": "Microsoft-Windows-Sysmon",
            "event_data": {
                "Signature": "Oracle Corporation",
                "SignatureStatus": "Valid",
                "RuleName": "-",
                "UtcTime": "2022-10-07 10:26:29.951",
                "ImageLoaded": "C:\\Windows\\System32\\drivers\\VBoxNetAdp6.sys",
                "Hashes": "MD5=518581F7778E5FA0E5C9030759854AE4",
                "Signed": "true"
            },
            "task": "Driver loaded (rule: DriverLoad)",
            "computer_name": "Elmo"
        }
    },
    "296": {
        "@timestamp": "2022-10-07T10:26:30.833Z",
        "winlog": {
            "task": "Dns query (rule: DnsQuery)",
            "provider_guid": "{5770385f-c22a-43e0-bf4c-06f5698ffbd9}",
            "computer_name": "Elmo",
            "event_data": {
                "QueryName": "ELMO",
                "UtcTime": "2022-10-07 10:26:45.414",
                "ProcessGuid": "{dd01dab0-dc26-633b-5000-000000004600}",
                "ProcessId": "3756",
                "QueryStatus": "0",
                "QueryResults": "fe80::f45e:e853:b6c1:9350;fe80::48ae:546b:7a20:7f52;fe80::f90c:d738:c01c:abc6;fe80::e431:7896:8d85:5aa;fe80::211f:b772:c6da:bfb3;fe80::d55:b4a9:26a4:7406;",
                "Image": "C:\\Windows\\System32\\spoolsv.exe",
                "User": "NT AUTHORITY\\SYSTEM",
                "RuleName": "-"
            },
            "provider_name": "Microsoft-Windows-Sysmon"
        },
        "host": {
            "ip": [
                "fe80::7cd2:efa8:dba2:6fc0",
                "169.254.111.192",
                "fe80::e431:7896:8d85:5aa",
                "172.21.208.1",
                "fe80::48ae:546b:7a20:7f52",
                "172.30.112.1",
                "fe80::bc21:1b56:1d1:4b9f",
                "169.254.75.159",
                "fe80::4807:9ca5:cd67:6ac6",
                "169.254.106.198",
                "fe80::e097:4ef1:6314:5a55",
                "169.254.90.85",
                "fe80::d55:b4a9:26a4:7406",
                "192.168.1.102",
                "fe80::211f:b772:c6da:bfb3",
                "172.27.16.1",
                "fe80::f90c:d738:c01c:abc6",
                "172.28.192.1"
            ],
            "name": "Elmo"
        }
    },
    "297": {
        "@timestamp": "2022-10-07T10:26:31.059Z",
        "host": {
            "name": "Elmo",
            "ip": [
                "fe80::7cd2:efa8:dba2:6fc0",
                "169.254.111.192",
                "fe80::e431:7896:8d85:5aa",
                "172.21.208.1",
                "fe80::48ae:546b:7a20:7f52",
                "172.30.112.1",
                "fe80::bc21:1b56:1d1:4b9f",
                "169.254.75.159",
                "fe80::4807:9ca5:cd67:6ac6",
                "169.254.106.198",
                "fe80::e097:4ef1:6314:5a55",
                "169.254.90.85",
                "fe80::d55:b4a9:26a4:7406",
                "192.168.1.102",
                "fe80::211f:b772:c6da:bfb3",
                "172.27.16.1",
                "fe80::f90c:d738:c01c:abc6",
                "172.28.192.1"
            ]
        },
        "winlog": {
            "computer_name": "Elmo",
            "provider_guid": "{5770385f-c22a-43e0-bf4c-06f5698ffbd9}",
            "provider_name": "Microsoft-Windows-Sysmon",
            "task": "Registry value set (rule: RegistryEvent)",
            "event_data": {
                "UtcTime": "2022-10-07 10:26:31.059",
                "TargetObject": "HKLM\\System\\CurrentControlSet\\Services\\vmsmp\\parameters\\SwitchList\\C08CB7B8-9B3C-408E-8E30-5E16A3AEB444\\1900410B-0F22-4993-8CA6-737F24FF81F5\\FriendlyName",
                "User": "NT AUTHORITY\\SYSTEM",
                "ProcessGuid": "{dd01dab0-dc25-633b-3000-000000004600}",
                "Details": "Container NIC 1abc55db",
                "EventType": "SetValue",
                "ProcessId": "2348",
                "RuleName": "Context,DeviceConnectedOrUpdated",
                "Image": "C:\\Windows\\system32\\svchost.exe"
            }
        }
    },
    "298": {
        "@timestamp": "2022-10-07T10:26:31.073Z",
        "winlog": {
            "event_data": {
                "RuleName": "InvDB-DriverVer",
                "ProcessGuid": "{dd01dab0-dc0d-633b-eb03-000000000000}",
                "User": "NT AUTHORITY\\SYSTEM",
                "EventType": "SetValue",
                "ProcessId": "4",
                "Image": "System",
                "TargetObject": "HKLM\\System\\CurrentControlSet\\Control\\Class\\{4d36e972-e325-11ce-bfc1-08002be10318}\\0022\\DriverVersion",
                "UtcTime": "2022-10-07 10:26:31.073",
                "Details": "10.0.19041.1"
            },
            "task": "Registry value set (rule: RegistryEvent)",
            "computer_name": "Elmo",
            "provider_name": "Microsoft-Windows-Sysmon",
            "provider_guid": "{5770385f-c22a-43e0-bf4c-06f5698ffbd9}"
        },
        "host": {
            "name": "Elmo",
            "ip": [
                "fe80::7cd2:efa8:dba2:6fc0",
                "169.254.111.192",
                "fe80::e431:7896:8d85:5aa",
                "172.21.208.1",
                "fe80::48ae:546b:7a20:7f52",
                "172.30.112.1",
                "fe80::bc21:1b56:1d1:4b9f",
                "169.254.75.159",
                "fe80::4807:9ca5:cd67:6ac6",
                "169.254.106.198",
                "fe80::e097:4ef1:6314:5a55",
                "169.254.90.85",
                "fe80::d55:b4a9:26a4:7406",
                "192.168.1.102",
                "fe80::211f:b772:c6da:bfb3",
                "172.27.16.1",
                "fe80::f90c:d738:c01c:abc6",
                "172.28.192.1"
            ]
        }
    },
    "299": {
        "@timestamp": "2022-10-07T10:26:31.275Z",
        "winlog": {
            "computer_name": "Elmo",
            "task": "Registry value set (rule: RegistryEvent)",
            "event_data": {
                "TargetObject": "HKLM\\System\\CurrentControlSet\\Enum\\ROOT\\VMS_MP\\0004\\FriendlyName",
                "Details": "Hyper-V Virtual Ethernet Adapter #5",
                "ProcessId": "11720",
                "ProcessGuid": "{dd01dab0-7311-633c-3a22-000000004600}",
                "Image": "C:\\Windows\\System32\\svchost.exe",
                "EventType": "SetValue",
                "User": "NT AUTHORITY\\SYSTEM",
                "RuleName": "Context,DeviceConnectedOrUpdated",
                "UtcTime": "2022-10-07 10:26:31.271"
            },
            "provider_name": "Microsoft-Windows-Sysmon",
            "provider_guid": "{5770385f-c22a-43e0-bf4c-06f5698ffbd9}"
        },
        "host": {
            "name": "Elmo",
            "ip": [
                "fe80::7cd2:efa8:dba2:6fc0",
                "169.254.111.192",
                "fe80::e431:7896:8d85:5aa",
                "172.21.208.1",
                "fe80::48ae:546b:7a20:7f52",
                "172.30.112.1",
                "fe80::bc21:1b56:1d1:4b9f",
                "169.254.75.159",
                "fe80::4807:9ca5:cd67:6ac6",
                "169.254.106.198",
                "fe80::e097:4ef1:6314:5a55",
                "169.254.90.85",
                "fe80::d55:b4a9:26a4:7406",
                "192.168.1.102",
                "fe80::211f:b772:c6da:bfb3",
                "172.27.16.1",
                "fe80::f90c:d738:c01c:abc6",
                "172.28.192.1"
            ]
        }
    },
    "300": {
        "@timestamp": "2022-10-07T10:26:31.325Z",
        "host": {
            "name": "Elmo",
            "ip": [
                "fe80::7cd2:efa8:dba2:6fc0",
                "169.254.111.192",
                "fe80::e431:7896:8d85:5aa",
                "172.21.208.1",
                "fe80::48ae:546b:7a20:7f52",
                "172.30.112.1",
                "fe80::bc21:1b56:1d1:4b9f",
                "169.254.75.159",
                "fe80::4807:9ca5:cd67:6ac6",
                "169.254.106.198",
                "fe80::e097:4ef1:6314:5a55",
                "169.254.90.85",
                "fe80::d55:b4a9:26a4:7406",
                "192.168.1.102",
                "fe80::211f:b772:c6da:bfb3",
                "172.27.16.1",
                "fe80::f90c:d738:c01c:abc6",
                "172.28.192.1"
            ]
        },
        "winlog": {
            "task": "Registry value set (rule: RegistryEvent)",
            "event_data": {
                "TargetObject": "HKLM\\System\\CurrentControlSet\\Services\\vmsmp\\parameters\\NicList\\F71FD850-D4F4-47C6-B26C-31472BFF12D4\\FriendlyName",
                "UtcTime": "2022-10-07 10:26:31.323",
                "Image": "C:\\Windows\\system32\\svchost.exe",
                "EventType": "SetValue",
                "ProcessGuid": "{dd01dab0-dc25-633b-3000-000000004600}",
                "ProcessId": "2348",
                "Details": "Ethernet 5",
                "User": "NT AUTHORITY\\SYSTEM",
                "RuleName": "Context,DeviceConnectedOrUpdated"
            },
            "computer_name": "Elmo",
            "provider_guid": "{5770385f-c22a-43e0-bf4c-06f5698ffbd9}",
            "provider_name": "Microsoft-Windows-Sysmon"
        }
    },
    "301": {
        "@timestamp": "2022-10-07T10:26:31.435Z",
        "host": {
            "name": "Elmo",
            "ip": [
                "fe80::7cd2:efa8:dba2:6fc0",
                "169.254.111.192",
                "fe80::e431:7896:8d85:5aa",
                "172.21.208.1",
                "fe80::48ae:546b:7a20:7f52",
                "172.30.112.1",
                "fe80::bc21:1b56:1d1:4b9f",
                "169.254.75.159",
                "fe80::4807:9ca5:cd67:6ac6",
                "169.254.106.198",
                "fe80::e097:4ef1:6314:5a55",
                "169.254.90.85",
                "fe80::d55:b4a9:26a4:7406",
                "192.168.1.102",
                "fe80::211f:b772:c6da:bfb3",
                "172.27.16.1",
                "fe80::f90c:d738:c01c:abc6",
                "172.28.192.1"
            ]
        },
        "winlog": {
            "event_data": {
                "Image": "C:\\Windows\\system32\\svchost.exe",
                "ProcessId": "2348",
                "TargetObject": "HKLM\\System\\CurrentControlSet\\Services\\vmsmp\\parameters\\NicList\\F71FD850-D4F4-47C6-B26C-31472BFF12D4\\FriendlyName",
                "ProcessGuid": "{dd01dab0-dc25-633b-3000-000000004600}",
                "Details": "Ethernet 5",
                "User": "NT AUTHORITY\\SYSTEM",
                "RuleName": "Context,DeviceConnectedOrUpdated",
                "EventType": "SetValue",
                "UtcTime": "2022-10-07 10:26:31.422"
            },
            "provider_name": "Microsoft-Windows-Sysmon",
            "computer_name": "Elmo",
            "provider_guid": "{5770385f-c22a-43e0-bf4c-06f5698ffbd9}",
            "task": "Registry value set (rule: RegistryEvent)"
        }
    },
    "302": {
        "@timestamp": "2022-10-07T10:26:32.442Z",
        "winlog": {
            "provider_name": "Microsoft-Windows-Sysmon",
            "task": "Process Create (rule: ProcessCreate)",
            "event_data": {
                "ParentCommandLine": "C:\\Windows\\system32\\svchost.exe -k netsvcs -p -s Appinfo",
                "Hashes": "MD5=DD5032EF160209E470E2612A8A3D5F59",
                "ParentProcessId": "5100",
                "FileVersion": "10.0.19041.1865 (WinBuild.160101.0800)",
                "LogonId": "0x3e7",
                "TerminalSessionId": "4",
                "UtcTime": "2022-10-07 10:26:32.440",
                "CurrentDirectory": "C:\\Windows\\system32\\",
                "RuleName": "-",
                "Description": "Consent UI for administrative applications",
                "Product": "Microsoft\u00c2\u00ae Windows\u00c2\u00ae Operating System",
                "ParentImage": "C:\\Windows\\System32\\svchost.exe",
                "IntegrityLevel": "System",
                "LogonGuid": "{dd01dab0-dc23-633b-e703-000000000000}",
                "User": "NT AUTHORITY\\SYSTEM",
                "Image": "C:\\Windows\\System32\\consent.exe",
                "ProcessGuid": "{dd01dab0-fed8-633f-f254-010000004600}",
                "ProcessId": "14304",
                "OriginalFileName": "consent.exe",
                "ParentUser": "NT AUTHORITY\\SYSTEM",
                "Company": "Microsoft Corporation",
                "CommandLine": "consent.exe 5100 536 000001FBFF271000",
                "ParentProcessGuid": "{dd01dab0-dca8-633b-f700-000000004600}"
            },
            "computer_name": "Elmo",
            "provider_guid": "{5770385f-c22a-43e0-bf4c-06f5698ffbd9}"
        },
        "host": {
            "name": "Elmo",
            "ip": [
                "fe80::7cd2:efa8:dba2:6fc0",
                "169.254.111.192",
                "fe80::e431:7896:8d85:5aa",
                "172.21.208.1",
                "fe80::48ae:546b:7a20:7f52",
                "172.30.112.1",
                "fe80::bc21:1b56:1d1:4b9f",
                "169.254.75.159",
                "fe80::4807:9ca5:cd67:6ac6",
                "169.254.106.198",
                "fe80::e097:4ef1:6314:5a55",
                "169.254.90.85",
                "fe80::d55:b4a9:26a4:7406",
                "192.168.1.102",
                "fe80::211f:b772:c6da:bfb3",
                "172.27.16.1",
                "fe80::f90c:d738:c01c:abc6",
                "172.28.192.1"
            ]
        }
    },
    "303": {
        "@timestamp": "2022-10-07T10:26:34.581Z",
        "winlog": {
            "event_data": {
                "TargetObject": "HKU\\S-1-5-21-328187559-2963526314-2733536162-1001\\SOFTWARE\\Microsoft\\Windows NT\\CurrentVersion\\AppCompatFlags\\Compatibility Assistant\\Store\\C:\\Program Files\\Oracle\\VirtualBox\\VBoxSVC.exe",
                "Details": "Binary Data",
                "RuleName": "InvDB",
                "Image": "C:\\Windows\\system32\\svchost.exe",
                "User": "NT AUTHORITY\\SYSTEM",
                "EventType": "SetValue",
                "UtcTime": "2022-10-07 10:26:34.580",
                "ProcessGuid": "{dd01dab0-dca9-633b-f900-000000004600}",
                "ProcessId": "1044"
            },
            "computer_name": "Elmo",
            "provider_guid": "{5770385f-c22a-43e0-bf4c-06f5698ffbd9}",
            "provider_name": "Microsoft-Windows-Sysmon",
            "task": "Registry value set (rule: RegistryEvent)"
        },
        "host": {
            "ip": [
                "fe80::7cd2:efa8:dba2:6fc0",
                "169.254.111.192",
                "fe80::e431:7896:8d85:5aa",
                "172.21.208.1",
                "fe80::48ae:546b:7a20:7f52",
                "172.30.112.1",
                "fe80::bc21:1b56:1d1:4b9f",
                "169.254.75.159",
                "fe80::4807:9ca5:cd67:6ac6",
                "169.254.106.198",
                "fe80::e097:4ef1:6314:5a55",
                "169.254.90.85",
                "fe80::d55:b4a9:26a4:7406",
                "192.168.1.102",
                "fe80::211f:b772:c6da:bfb3",
                "172.27.16.1",
                "fe80::f90c:d738:c01c:abc6",
                "172.28.192.1"
            ],
            "name": "Elmo"
        }
    },
    "304": {
        "@timestamp": "2022-10-07T10:26:35.820Z",
        "winlog": {
            "provider_guid": "{5770385f-c22a-43e0-bf4c-06f5698ffbd9}",
            "computer_name": "Elmo",
            "provider_name": "Microsoft-Windows-Sysmon",
            "event_data": {
                "ProcessGuid": "{dd01dab0-f971-633f-9854-010000004600}",
                "ProcessId": "13092",
                "QueryStatus": "0",
                "Image": "G:\\Steam\\steam.exe",
                "RuleName": "-",
                "UtcTime": "2022-10-07 10:26:49.734",
                "QueryResults": "74.91.29.203;",
                "User": "ELMO\\mrdor",
                "QueryName": "cdn.cloudflare.steamstatic.com"
            },
            "task": "Dns query (rule: DnsQuery)"
        },
        "host": {
            "ip": [
                "fe80::7cd2:efa8:dba2:6fc0",
                "169.254.111.192",
                "fe80::e431:7896:8d85:5aa",
                "172.21.208.1",
                "fe80::48ae:546b:7a20:7f52",
                "172.30.112.1",
                "fe80::bc21:1b56:1d1:4b9f",
                "169.254.75.159",
                "fe80::4807:9ca5:cd67:6ac6",
                "169.254.106.198",
                "fe80::e097:4ef1:6314:5a55",
                "169.254.90.85",
                "fe80::d55:b4a9:26a4:7406",
                "192.168.1.102",
                "fe80::211f:b772:c6da:bfb3",
                "172.27.16.1",
                "fe80::f90c:d738:c01c:abc6",
                "172.28.192.1"
            ],
            "name": "Elmo"
        }
    },
    "305": {
        "@timestamp": "2022-10-07T10:26:36.010Z",
        "winlog": {
            "event_data": {
                "ParentImage": "C:\\Program Files\\Oracle\\VirtualBox\\VBoxSVC.exe",
                "ProcessId": "2016",
                "FileVersion": "6.1.32.149290",
                "CommandLine": "\"C:\\Program Files\\Oracle\\VirtualBox\\VBoxSVC.exe\" /Helper VirtualBox\\SVCHelper\\{21709dbb-2775-48df-b5b3-8221fcf37694}",
                "ProcessGuid": "{dd01dab0-fedc-633f-f354-010000004600}",
                "Product": "Oracle VM VirtualBox",
                "LogonGuid": "{dd01dab0-b9ee-633f-e637-282600000000}",
                "CurrentDirectory": "C:\\Users\\mrdor\\",
                "ParentProcessId": "11776",
                "OriginalFileName": "VBoxSVC.exe",
                "User": "ELMO\\mrdor",
                "RuleName": "-",
                "Company": "Oracle Corporation",
                "ParentProcessGuid": "{dd01dab0-feae-633f-e854-010000004600}",
                "UtcTime": "2022-10-07 10:26:36.008",
                "Description": "VirtualBox Interface",
                "LogonId": "0x262837e6",
                "IntegrityLevel": "High",
                "Image": "C:\\Program Files\\Oracle\\VirtualBox\\VBoxSVC.exe",
                "ParentUser": "ELMO\\mrdor",
                "ParentCommandLine": "\"C:\\Program Files\\Oracle\\VirtualBox\\VBoxSVC.exe\" -Embedding",
                "Hashes": "MD5=890F2BE83F16294BF83C2D0F26B86C9C",
                "TerminalSessionId": "4"
            },
            "provider_guid": "{5770385f-c22a-43e0-bf4c-06f5698ffbd9}",
            "provider_name": "Microsoft-Windows-Sysmon",
            "computer_name": "Elmo",
            "task": "Process Create (rule: ProcessCreate)"
        },
        "host": {
            "name": "Elmo",
            "ip": [
                "fe80::7cd2:efa8:dba2:6fc0",
                "169.254.111.192",
                "fe80::e431:7896:8d85:5aa",
                "172.21.208.1",
                "fe80::48ae:546b:7a20:7f52",
                "172.30.112.1",
                "fe80::bc21:1b56:1d1:4b9f",
                "169.254.75.159",
                "fe80::4807:9ca5:cd67:6ac6",
                "169.254.106.198",
                "fe80::e097:4ef1:6314:5a55",
                "169.254.90.85",
                "fe80::d55:b4a9:26a4:7406",
                "192.168.1.102",
                "fe80::211f:b772:c6da:bfb3",
                "172.27.16.1",
                "fe80::f90c:d738:c01c:abc6",
                "172.28.192.1"
            ]
        }
    },
    "306": {
        "@timestamp": "2022-10-07T10:26:38.320Z",
        "host": {
            "ip": [
                "fe80::7cd2:efa8:dba2:6fc0",
                "169.254.111.192",
                "fe80::e431:7896:8d85:5aa",
                "172.21.208.1",
                "fe80::48ae:546b:7a20:7f52",
                "172.30.112.1",
                "fe80::bc21:1b56:1d1:4b9f",
                "169.254.75.159",
                "fe80::4807:9ca5:cd67:6ac6",
                "169.254.106.198",
                "fe80::e097:4ef1:6314:5a55",
                "169.254.90.85",
                "fe80::d55:b4a9:26a4:7406",
                "192.168.1.102",
                "fe80::211f:b772:c6da:bfb3",
                "172.27.16.1",
                "fe80::f90c:d738:c01c:abc6",
                "172.28.192.1"
            ],
            "name": "Elmo"
        },
        "winlog": {
            "provider_guid": "{5770385f-c22a-43e0-bf4c-06f5698ffbd9}",
            "event_data": {
                "EventType": "SetValue",
                "UtcTime": "2022-10-07 10:26:38.319",
                "Image": "C:\\Windows\\system32\\svchost.exe",
                "RuleName": "InvDB",
                "TargetObject": "HKU\\S-1-5-21-328187559-2963526314-2733536162-1001\\SOFTWARE\\Microsoft\\Windows NT\\CurrentVersion\\AppCompatFlags\\Compatibility Assistant\\Store\\C:\\Program Files\\Oracle\\VirtualBox\\VBoxSVC.exe",
                "Details": "Binary Data",
                "ProcessGuid": "{dd01dab0-dca9-633b-f900-000000004600}",
                "ProcessId": "1044",
                "User": "NT AUTHORITY\\SYSTEM"
            },
            "provider_name": "Microsoft-Windows-Sysmon",
            "computer_name": "Elmo",
            "task": "Registry value set (rule: RegistryEvent)"
        }
    },
    "307": {
        "@timestamp": "2022-10-07T10:26:38.821Z",
        "winlog": {
            "computer_name": "Elmo",
            "provider_guid": "{5770385f-c22a-43e0-bf4c-06f5698ffbd9}",
            "event_data": {
                "QueryStatus": "0",
                "QueryResults": "172.23.96.1;172.30.112.1;172.28.192.1;172.21.208.1;172.27.16.1;192.168.1.102;",
                "User": "NT AUTHORITY\\SYSTEM",
                "RuleName": "-",
                "UtcTime": "2022-10-07 10:26:52.597",
                "ProcessGuid": "{dd01dab0-dc26-633b-5000-000000004600}",
                "QueryName": "ELMO",
                "Image": "C:\\Windows\\System32\\spoolsv.exe",
                "ProcessId": "3756"
            },
            "task": "Dns query (rule: DnsQuery)",
            "provider_name": "Microsoft-Windows-Sysmon"
        },
        "host": {
            "name": "Elmo",
            "ip": [
                "fe80::7cd2:efa8:dba2:6fc0",
                "169.254.111.192",
                "fe80::e431:7896:8d85:5aa",
                "172.21.208.1",
                "fe80::48ae:546b:7a20:7f52",
                "172.30.112.1",
                "fe80::bc21:1b56:1d1:4b9f",
                "169.254.75.159",
                "fe80::4807:9ca5:cd67:6ac6",
                "169.254.106.198",
                "fe80::e097:4ef1:6314:5a55",
                "169.254.90.85",
                "fe80::d55:b4a9:26a4:7406",
                "192.168.1.102",
                "fe80::211f:b772:c6da:bfb3",
                "172.27.16.1",
                "fe80::f90c:d738:c01c:abc6",
                "172.28.192.1"
            ]
        }
    },
    "308": {
        "@timestamp": "2022-10-07T10:26:38.821Z",
        "host": {
            "name": "Elmo",
            "ip": [
                "fe80::7cd2:efa8:dba2:6fc0",
                "169.254.111.192",
                "fe80::e431:7896:8d85:5aa",
                "172.21.208.1",
                "fe80::48ae:546b:7a20:7f52",
                "172.30.112.1",
                "fe80::bc21:1b56:1d1:4b9f",
                "169.254.75.159",
                "fe80::4807:9ca5:cd67:6ac6",
                "169.254.106.198",
                "fe80::e097:4ef1:6314:5a55",
                "169.254.90.85",
                "fe80::d55:b4a9:26a4:7406",
                "192.168.1.102",
                "fe80::211f:b772:c6da:bfb3",
                "172.27.16.1",
                "fe80::f90c:d738:c01c:abc6",
                "172.28.192.1"
            ]
        },
        "winlog": {
            "provider_name": "Microsoft-Windows-Sysmon",
            "computer_name": "Elmo",
            "event_data": {
                "Image": "C:\\Windows\\System32\\spoolsv.exe",
                "ProcessGuid": "{dd01dab0-dc26-633b-5000-000000004600}",
                "UtcTime": "2022-10-07 10:26:52.597",
                "QueryName": "ELMO",
                "QueryResults": "fe80::68fb:280b:ac6f:30de;fe80::f45e:e853:b6c1:9350;fe80::48ae:546b:7a20:7f52;fe80::f90c:d738:c01c:abc6;fe80::e431:7896:8d85:5aa;fe80::211f:b772:c6da:bfb3;fe80::d55:b4a9:26a4:7406;",
                "RuleName": "-",
                "ProcessId": "3756",
                "QueryStatus": "0",
                "User": "NT AUTHORITY\\SYSTEM"
            },
            "task": "Dns query (rule: DnsQuery)",
            "provider_guid": "{5770385f-c22a-43e0-bf4c-06f5698ffbd9}"
        }
    },
    "309": {
        "@timestamp": "2022-10-07T10:26:40.707Z",
        "winlog": {
            "task": "Driver loaded (rule: DriverLoad)",
            "provider_guid": "{5770385f-c22a-43e0-bf4c-06f5698ffbd9}",
            "computer_name": "Elmo",
            "provider_name": "Microsoft-Windows-Sysmon",
            "event_data": {
                "Signed": "true",
                "Signature": "Oracle Corporation",
                "SignatureStatus": "Valid",
                "RuleName": "-",
                "UtcTime": "2022-10-07 10:26:40.695",
                "ImageLoaded": "C:\\Program Files\\Oracle\\VirtualBox\\VMMR0.r0",
                "Hashes": "MD5=84C846DE396884A913F623F7727820E6"
            }
        },
        "host": {
            "name": "Elmo",
            "ip": [
                "fe80::7cd2:efa8:dba2:6fc0",
                "169.254.111.192",
                "fe80::e431:7896:8d85:5aa",
                "172.21.208.1",
                "fe80::48ae:546b:7a20:7f52",
                "172.30.112.1",
                "fe80::bc21:1b56:1d1:4b9f",
                "169.254.75.159",
                "fe80::4807:9ca5:cd67:6ac6",
                "169.254.106.198",
                "fe80::e097:4ef1:6314:5a55",
                "169.254.90.85",
                "fe80::d55:b4a9:26a4:7406",
                "192.168.1.102",
                "fe80::211f:b772:c6da:bfb3",
                "172.27.16.1",
                "fe80::f90c:d738:c01c:abc6",
                "172.28.192.1"
            ]
        }
    },
    "310": {
        "@timestamp": "2022-10-07T10:26:41.081Z",
        "host": {
            "name": "Elmo",
            "ip": [
                "fe80::7cd2:efa8:dba2:6fc0",
                "169.254.111.192",
                "fe80::e431:7896:8d85:5aa",
                "172.21.208.1",
                "fe80::48ae:546b:7a20:7f52",
                "172.30.112.1",
                "fe80::bc21:1b56:1d1:4b9f",
                "169.254.75.159",
                "fe80::4807:9ca5:cd67:6ac6",
                "169.254.106.198",
                "fe80::e097:4ef1:6314:5a55",
                "169.254.90.85",
                "fe80::d55:b4a9:26a4:7406",
                "192.168.1.102",
                "fe80::211f:b772:c6da:bfb3",
                "172.27.16.1",
                "fe80::f90c:d738:c01c:abc6",
                "172.28.192.1"
            ]
        },
        "winlog": {
            "task": "Registry value set (rule: RegistryEvent)",
            "computer_name": "Elmo",
            "provider_guid": "{5770385f-c22a-43e0-bf4c-06f5698ffbd9}",
            "provider_name": "Microsoft-Windows-Sysmon",
            "event_data": {
                "RuleName": "InvDB-DriverVer",
                "ProcessGuid": "{dd01dab0-dca9-633b-f900-000000004600}",
                "TargetObject": "\\REGISTRY\\A\\{e5caf345-3967-09fd-cdf0-188542053a2c}\\Root\\InventoryDevicePnp\\root/net/0003\\DriverVerVersion",
                "EventType": "SetValue",
                "UtcTime": "2022-10-07 10:26:41.079",
                "Details": "6.1.32.49290",
                "User": "NT AUTHORITY\\SYSTEM",
                "ProcessId": "1044",
                "Image": "C:\\Windows\\system32\\svchost.exe"
            }
        }
    },
    "311": {
        "@timestamp": "2022-10-07T10:26:41.087Z",
        "host": {
            "ip": [
                "fe80::7cd2:efa8:dba2:6fc0",
                "169.254.111.192",
                "fe80::e431:7896:8d85:5aa",
                "172.21.208.1",
                "fe80::48ae:546b:7a20:7f52",
                "172.30.112.1",
                "fe80::bc21:1b56:1d1:4b9f",
                "169.254.75.159",
                "fe80::4807:9ca5:cd67:6ac6",
                "169.254.106.198",
                "fe80::e097:4ef1:6314:5a55",
                "169.254.90.85",
                "fe80::d55:b4a9:26a4:7406",
                "192.168.1.102",
                "fe80::211f:b772:c6da:bfb3",
                "172.27.16.1",
                "fe80::f90c:d738:c01c:abc6",
                "172.28.192.1"
            ],
            "name": "Elmo"
        },
        "winlog": {
            "event_data": {
                "EventType": "SetValue",
                "UtcTime": "2022-10-07 10:26:41.086",
                "ProcessGuid": "{dd01dab0-dca9-633b-f900-000000004600}",
                "ProcessId": "1044",
                "User": "NT AUTHORITY\\SYSTEM",
                "Image": "C:\\Windows\\system32\\svchost.exe",
                "TargetObject": "\\REGISTRY\\A\\{e5caf345-3967-09fd-cdf0-188542053a2c}\\Root\\InventoryDevicePnp\\root/vms_mp/0004\\DriverVerVersion",
                "Details": "10.0.19041.1",
                "RuleName": "InvDB-DriverVer"
            },
            "provider_name": "Microsoft-Windows-Sysmon",
            "computer_name": "Elmo",
            "provider_guid": "{5770385f-c22a-43e0-bf4c-06f5698ffbd9}",
            "task": "Registry value set (rule: RegistryEvent)"
        }
    },
    "312": {
        "@timestamp": "2022-10-07T10:26:41.363Z",
        "host": {
            "ip": [
                "fe80::7cd2:efa8:dba2:6fc0",
                "169.254.111.192",
                "fe80::e431:7896:8d85:5aa",
                "172.21.208.1",
                "fe80::48ae:546b:7a20:7f52",
                "172.30.112.1",
                "fe80::bc21:1b56:1d1:4b9f",
                "169.254.75.159",
                "fe80::4807:9ca5:cd67:6ac6",
                "169.254.106.198",
                "fe80::e097:4ef1:6314:5a55",
                "169.254.90.85",
                "fe80::d55:b4a9:26a4:7406",
                "192.168.1.102",
                "fe80::211f:b772:c6da:bfb3",
                "172.27.16.1",
                "fe80::f90c:d738:c01c:abc6",
                "172.28.192.1"
            ],
            "name": "Elmo"
        },
        "winlog": {
            "provider_name": "Microsoft-Windows-Sysmon",
            "task": "Process Create (rule: ProcessCreate)",
            "computer_name": "Elmo",
            "provider_guid": "{5770385f-c22a-43e0-bf4c-06f5698ffbd9}",
            "event_data": {
                "Product": "Oracle VM VirtualBox",
                "ParentProcessGuid": "{dd01dab0-feae-633f-e854-010000004600}",
                "ParentCommandLine": "\"C:\\Program Files\\Oracle\\VirtualBox\\VBoxSVC.exe\" -Embedding",
                "UtcTime": "2022-10-07 10:26:41.355",
                "CommandLine": "\"C:\\Program Files\\Oracle\\VirtualBox\\VBoxNetDHCP.exe\" --comment \"HostInterfaceNetworking-VirtualBox Host-Only Ethernet Adapter\" --config \"C:\\Users\\mrdor\\.VirtualBox\\HostInterfaceNetworking-VirtualBox Host-Only Ethernet Adapter-Dhcpd.config\" --log \"C:\\Users\\mrdor\\.VirtualBox\\HostInterfaceNetworking-VirtualBox Host-Only Ethernet Adapter-Dhcpd.log\"",
                "TerminalSessionId": "4",
                "ParentUser": "ELMO\\mrdor",
                "User": "ELMO\\mrdor",
                "IntegrityLevel": "Medium",
                "ParentImage": "C:\\Program Files\\Oracle\\VirtualBox\\VBoxSVC.exe",
                "Image": "C:\\Program Files\\Oracle\\VirtualBox\\VBoxNetDHCP.exe",
                "Description": "VirtualBox DHCP Server",
                "FileVersion": "6.1.32.149290",
                "Company": "Oracle Corporation",
                "Hashes": "MD5=CEDD25B988E97817B3BABB78E6CE4D78",
                "ParentProcessId": "11776",
                "ProcessGuid": "{dd01dab0-fee1-633f-f454-010000004600}",
                "CurrentDirectory": "C:\\Users\\mrdor\\",
                "LogonGuid": "{dd01dab0-b9ee-633f-2067-282600000000}",
                "RuleName": "-",
                "ProcessId": "14288",
                "OriginalFileName": "VBoxNetDHCP.exe",
                "LogonId": "0x26286720"
            }
        }
    },
    "313": {
        "@timestamp": "2022-10-07T10:26:41.545Z",
        "host": {
            "ip": [
                "fe80::7cd2:efa8:dba2:6fc0",
                "169.254.111.192",
                "fe80::e431:7896:8d85:5aa",
                "172.21.208.1",
                "fe80::48ae:546b:7a20:7f52",
                "172.30.112.1",
                "fe80::bc21:1b56:1d1:4b9f",
                "169.254.75.159",
                "fe80::4807:9ca5:cd67:6ac6",
                "169.254.106.198",
                "fe80::e097:4ef1:6314:5a55",
                "169.254.90.85",
                "fe80::d55:b4a9:26a4:7406",
                "192.168.1.102",
                "fe80::211f:b772:c6da:bfb3",
                "172.27.16.1",
                "fe80::f90c:d738:c01c:abc6",
                "172.28.192.1"
            ],
            "name": "Elmo"
        },
        "winlog": {
            "task": "Process Create (rule: ProcessCreate)",
            "computer_name": "Elmo",
            "provider_guid": "{5770385f-c22a-43e0-bf4c-06f5698ffbd9}",
            "event_data": {
                "TerminalSessionId": "4",
                "LogonId": "0x26286720",
                "ParentProcessId": "14288",
                "ParentImage": "C:\\Program Files\\Oracle\\VirtualBox\\VBoxNetDHCP.exe",
                "User": "ELMO\\mrdor",
                "CurrentDirectory": "C:\\Users\\mrdor\\",
                "OriginalFileName": "VBoxNetDHCP.exe",
                "ParentCommandLine": "\"C:\\Program Files\\Oracle\\VirtualBox\\VBoxNetDHCP.exe\" --comment \"HostInterfaceNetworking-VirtualBox Host-Only Ethernet Adapter\" --config \"C:\\Users\\mrdor\\.VirtualBox\\HostInterfaceNetworking-VirtualBox Host-Only Ethernet Adapter-Dhcpd.config\" --log \"C:\\Users\\mrdor\\.VirtualBox\\HostInterfaceNetworking-VirtualBox Host-Only Ethernet Adapter-Dhcpd.log\"",
                "Company": "Oracle Corporation",
                "ProcessId": "10272",
                "Description": "VirtualBox DHCP Server",
                "ParentProcessGuid": "{dd01dab0-fee1-633f-f454-010000004600}",
                "Product": "Oracle VM VirtualBox",
                "Hashes": "MD5=CEDD25B988E97817B3BABB78E6CE4D78",
                "ProcessGuid": "{dd01dab0-fee1-633f-f554-010000004600}",
                "Image": "C:\\Program Files\\Oracle\\VirtualBox\\VBoxNetDHCP.exe",
                "RuleName": "-",
                "IntegrityLevel": "Medium",
                "FileVersion": "6.1.32.149290",
                "LogonGuid": "{dd01dab0-b9ee-633f-2067-282600000000}",
                "ParentUser": "ELMO\\mrdor",
                "UtcTime": "2022-10-07 10:26:41.544",
                "CommandLine": "60eaff78-4bdd-042d-2e72-669728efd737-suplib-2ndchild --comment \"HostInterfaceNetworking-VirtualBox Host-Only Ethernet Adapter\" --config \"C:\\Users\\mrdor\\.VirtualBox\\HostInterfaceNetworking-VirtualBox Host-Only Ethernet Adapter-Dhcpd.config\" --log \"C:\\Users\\mrdor\\.VirtualBox\\HostInterfaceNetworking-VirtualBox Host-Only Ethernet Adapter-Dhcpd.log\""
            },
            "provider_name": "Microsoft-Windows-Sysmon"
        }
    },
    "314": {
        "@timestamp": "2022-10-07T10:26:41.954Z",
        "host": {
            "name": "Elmo",
            "ip": [
                "fe80::7cd2:efa8:dba2:6fc0",
                "169.254.111.192",
                "fe80::e431:7896:8d85:5aa",
                "172.21.208.1",
                "fe80::48ae:546b:7a20:7f52",
                "172.30.112.1",
                "fe80::bc21:1b56:1d1:4b9f",
                "169.254.75.159",
                "fe80::4807:9ca5:cd67:6ac6",
                "169.254.106.198",
                "fe80::e097:4ef1:6314:5a55",
                "169.254.90.85",
                "fe80::d55:b4a9:26a4:7406",
                "192.168.1.102",
                "fe80::211f:b772:c6da:bfb3",
                "172.27.16.1",
                "fe80::f90c:d738:c01c:abc6",
                "172.28.192.1"
            ]
        },
        "winlog": {
            "provider_guid": "{5770385f-c22a-43e0-bf4c-06f5698ffbd9}",
            "provider_name": "Microsoft-Windows-Sysmon",
            "task": "Process Create (rule: ProcessCreate)",
            "event_data": {
                "Product": "Oracle VM VirtualBox",
