                "ProcessGuid": "{dd01dab0-f7d8-633f-144c-010000004600}",
                "Image": "C:\\Program Files\\Wireshark\\dumpcap.exe",
                "Product": "Dumpcap",
                "ProcessId": "1884",
                "OriginalFileName": "Dumpcap.exe",
                "Company": "The Wireshark developer community",
                "Hashes": "MD5=A85C48F3129B10CF5593FBF3B02836FF",
                "CurrentDirectory": "C:\\Users\\mrdor\\PycharmProjects\\Hunterbee\\client\\wireshark\\",
                "ParentImage": "C:\\Program Files\\Wireshark\\tshark.exe",
                "ParentCommandLine": "\"C:/Program Files/Wireshark/tshark.exe\" -D"
            },
            "provider_name": "Microsoft-Windows-Sysmon",
            "task": "Process Create (rule: ProcessCreate)",
            "provider_guid": "{5770385f-c22a-43e0-bf4c-06f5698ffbd9}"
        },
        "host": {
            "ip": [
                "fe80::7cd2:efa8:dba2:6fc0",
                "169.254.111.192",
                "fe80::e431:7896:8d85:5aa",
                "172.21.208.1",
                "fe80::48ae:546b:7a20:7f52",
                "172.30.112.1",
                "fe80::bc21:1b56:1d1:4b9f",
                "169.254.75.159",
                "fe80::4807:9ca5:cd67:6ac6",
                "169.254.106.198",
                "fe80::e097:4ef1:6314:5a55",
                "169.254.90.85",
                "fe80::d55:b4a9:26a4:7406",
                "192.168.1.102",
                "fe80::211f:b772:c6da:bfb3",
                "172.27.16.1",
                "fe80::f90c:d738:c01c:abc6",
                "172.28.192.1"
            ],
            "name": "Elmo"
        }
    },
    "227": {
        "@timestamp": "2022-10-07T09:56:40.203Z",
        "host": {
            "ip": [
                "fe80::7cd2:efa8:dba2:6fc0",
                "169.254.111.192",
                "fe80::e431:7896:8d85:5aa",
                "172.21.208.1",
                "fe80::48ae:546b:7a20:7f52",
                "172.30.112.1",
                "fe80::bc21:1b56:1d1:4b9f",
                "169.254.75.159",
                "fe80::4807:9ca5:cd67:6ac6",
                "169.254.106.198",
                "fe80::e097:4ef1:6314:5a55",
                "169.254.90.85",
                "fe80::d55:b4a9:26a4:7406",
                "192.168.1.102",
                "fe80::211f:b772:c6da:bfb3",
                "172.27.16.1",
                "fe80::f90c:d738:c01c:abc6",
                "172.28.192.1"
            ],
            "name": "Elmo"
        },
        "winlog": {
            "computer_name": "Elmo",
            "provider_guid": "{5770385f-c22a-43e0-bf4c-06f5698ffbd9}",
            "task": "Process Create (rule: ProcessCreate)",
            "provider_name": "Microsoft-Windows-Sysmon",
            "event_data": {
                "Hashes": "MD5=2C7476F44C33FE4FE26600AE7AE3900D",
                "ParentUser": "ELMO\\mrdor",
                "OriginalFileName": "TShark.exe",
                "UtcTime": "2022-10-07 09:56:40.201",
                "ParentImage": "C:\\Users\\mrdor\\AppData\\Local\\Programs\\Python\\Python39\\python.exe",
                "TerminalSessionId": "4",
                "ProcessGuid": "{dd01dab0-f7d8-633f-164c-010000004600}",
                "FileVersion": "3.6.2",
                "LogonId": "0x262837e6",
                "ParentProcessGuid": "{dd01dab0-f517-633f-4847-010000004600}",
                "CommandLine": "\"C:/Program Files/Wireshark/tshark.exe\" -l -n -T pdml -c 25 -w C:/Users/mrdor/PycharmProjects/Hunterbee/client/tempfiles/Logs/Wireshark/wireshark-logs-75.pcap -i -",
                "CurrentDirectory": "C:\\Users\\mrdor\\PycharmProjects\\Hunterbee\\client\\wireshark\\",
                "ParentProcessId": "22388",
                "ParentCommandLine": "C:\\Users\\mrdor\\AppData\\Local\\Programs\\Python\\Python39\\python.exe C:/Users/mrdor/PycharmProjects/Hunterbee/client/wireshark/wireshark_interface.py",
                "Image": "C:\\Program Files\\Wireshark\\tshark.exe",
                "Product": "TShark",
                "Description": "TShark",
                "LogonGuid": "{dd01dab0-b9ee-633f-e637-282600000000}",
                "IntegrityLevel": "High",
                "RuleName": "-",
                "Company": "The Wireshark developer community",
                "User": "ELMO\\mrdor",
                "ProcessId": "11084"
            }
        }
    },
    "228": {
        "@timestamp": "2022-10-07T09:56:40.461Z",
        "host": {
            "ip": [
                "fe80::7cd2:efa8:dba2:6fc0",
                "169.254.111.192",
                "fe80::e431:7896:8d85:5aa",
                "172.21.208.1",
                "fe80::48ae:546b:7a20:7f52",
                "172.30.112.1",
                "fe80::bc21:1b56:1d1:4b9f",
                "169.254.75.159",
                "fe80::4807:9ca5:cd67:6ac6",
                "169.254.106.198",
                "fe80::e097:4ef1:6314:5a55",
                "169.254.90.85",
                "fe80::d55:b4a9:26a4:7406",
                "192.168.1.102",
                "fe80::211f:b772:c6da:bfb3",
                "172.27.16.1",
                "fe80::f90c:d738:c01c:abc6",
                "172.28.192.1"
            ],
            "name": "Elmo"
        },
        "winlog": {
            "provider_name": "Microsoft-Windows-Sysmon",
            "computer_name": "Elmo",
            "task": "Process Create (rule: ProcessCreate)",
            "provider_guid": "{5770385f-c22a-43e0-bf4c-06f5698ffbd9}",
            "event_data": {
                "RuleName": "-",
                "User": "ELMO\\mrdor",
                "ParentProcessGuid": "{dd01dab0-f7d8-633f-164c-010000004600}",
                "Company": "The Wireshark developer community",
                "LogonGuid": "{dd01dab0-b9ee-633f-e637-282600000000}",
                "IntegrityLevel": "High",
                "ParentUser": "ELMO\\mrdor",
                "ProcessId": "19092",
                "Image": "C:\\Program Files\\Wireshark\\dumpcap.exe",
                "ProcessGuid": "{dd01dab0-f7d8-633f-174c-010000004600}",
                "Product": "Dumpcap",
                "CommandLine": "\"C:\\Program Files\\Wireshark\\dumpcap.exe\" -D -Z none",
                "OriginalFileName": "Dumpcap.exe",
                "FileVersion": "3.6.2",
                "TerminalSessionId": "4",
                "ParentImage": "C:\\Program Files\\Wireshark\\tshark.exe",
                "Description": "Dumpcap",
                "UtcTime": "2022-10-07 09:56:40.459",
                "ParentProcessId": "11084",
                "LogonId": "0x262837e6",
                "ParentCommandLine": "\"C:/Program Files/Wireshark/tshark.exe\" -l -n -T pdml -c 25 -w C:/Users/mrdor/PycharmProjects/Hunterbee/client/tempfiles/Logs/Wireshark/wireshark-logs-75.pcap -i -",
                "Hashes": "MD5=A85C48F3129B10CF5593FBF3B02836FF",
                "CurrentDirectory": "C:\\Users\\mrdor\\PycharmProjects\\Hunterbee\\client\\wireshark\\"
            }
        }
    },
    "229": {
        "@timestamp": "2022-10-07T09:56:40.695Z",
        "host": {
            "name": "Elmo",
            "ip": [
                "fe80::7cd2:efa8:dba2:6fc0",
                "169.254.111.192",
                "fe80::e431:7896:8d85:5aa",
                "172.21.208.1",
                "fe80::48ae:546b:7a20:7f52",
                "172.30.112.1",
                "fe80::bc21:1b56:1d1:4b9f",
                "169.254.75.159",
                "fe80::4807:9ca5:cd67:6ac6",
                "169.254.106.198",
                "fe80::e097:4ef1:6314:5a55",
                "169.254.90.85",
                "fe80::d55:b4a9:26a4:7406",
                "192.168.1.102",
                "fe80::211f:b772:c6da:bfb3",
                "172.27.16.1",
                "fe80::f90c:d738:c01c:abc6",
                "172.28.192.1"
            ]
        },
        "winlog": {
            "computer_name": "Elmo",
            "provider_name": "Microsoft-Windows-Sysmon",
            "provider_guid": "{5770385f-c22a-43e0-bf4c-06f5698ffbd9}",
            "task": "Process Create (rule: ProcessCreate)",
            "event_data": {
                "ProcessGuid": "{dd01dab0-f7d8-633f-194c-010000004600}",
                "ParentProcessGuid": "{dd01dab0-f7d8-633f-164c-010000004600}",
                "CurrentDirectory": "C:\\Users\\mrdor\\PycharmProjects\\Hunterbee\\client\\wireshark\\",
                "User": "ELMO\\mrdor",
                "RuleName": "-",
                "Description": "Dumpcap",
                "OriginalFileName": "Dumpcap.exe",
                "TerminalSessionId": "4",
                "Hashes": "MD5=A85C48F3129B10CF5593FBF3B02836FF",
                "Product": "Dumpcap",
                "LogonGuid": "{dd01dab0-b9ee-633f-e637-282600000000}",
                "ParentCommandLine": "\"C:/Program Files/Wireshark/tshark.exe\" -l -n -T pdml -c 25 -w C:/Users/mrdor/PycharmProjects/Hunterbee/client/tempfiles/Logs/Wireshark/wireshark-logs-75.pcap -i -",
                "CommandLine": "\"C:\\Program Files\\Wireshark\\dumpcap.exe\" -n -c 25 -i - -Z 11084 -w C:/Users/mrdor/PycharmProjects/Hunterbee/client/tempfiles/Logs/Wireshark/wireshark-logs-75.pcap",
                "Company": "The Wireshark developer community",
                "ParentImage": "C:\\Program Files\\Wireshark\\tshark.exe",
                "ParentUser": "ELMO\\mrdor",
                "UtcTime": "2022-10-07 09:56:40.693",
                "FileVersion": "3.6.2",
                "ProcessId": "22700",
                "ParentProcessId": "11084",
                "Image": "C:\\Program Files\\Wireshark\\dumpcap.exe",
                "LogonId": "0x262837e6",
                "IntegrityLevel": "High"
            }
        }
    },
    "230": {
        "@timestamp": "2022-10-07T09:56:41.019Z",
        "host": {
            "ip": [
                "fe80::7cd2:efa8:dba2:6fc0",
                "169.254.111.192",
                "fe80::e431:7896:8d85:5aa",
                "172.21.208.1",
                "fe80::48ae:546b:7a20:7f52",
                "172.30.112.1",
                "fe80::bc21:1b56:1d1:4b9f",
                "169.254.75.159",
                "fe80::4807:9ca5:cd67:6ac6",
                "169.254.106.198",
                "fe80::e097:4ef1:6314:5a55",
                "169.254.90.85",
                "fe80::d55:b4a9:26a4:7406",
                "192.168.1.102",
                "fe80::211f:b772:c6da:bfb3",
                "172.27.16.1",
                "fe80::f90c:d738:c01c:abc6",
                "172.28.192.1"
            ],
            "name": "Elmo"
        },
        "winlog": {
            "provider_guid": "{5770385f-c22a-43e0-bf4c-06f5698ffbd9}",
            "provider_name": "Microsoft-Windows-Sysmon",
            "event_data": {
                "Description": "Windows Command Processor",
                "Company": "Microsoft Corporation",
                "Hashes": "MD5=8A2122E8162DBEF04694B9C3E0B6CDEE",
                "TerminalSessionId": "4",
                "RuleName": "-",
                "ParentProcessGuid": "{dd01dab0-f517-633f-4847-010000004600}",
                "ParentProcessId": "22388",
                "ParentImage": "C:\\Users\\mrdor\\AppData\\Local\\Programs\\Python\\Python39\\python.exe",
                "FileVersion": "10.0.19041.746 (WinBuild.160101.0800)",
                "CurrentDirectory": "C:\\Users\\mrdor\\PycharmProjects\\Hunterbee\\client\\wireshark\\",
                "LogonGuid": "{dd01dab0-b9ee-633f-e637-282600000000}",
                "OriginalFileName": "Cmd.Exe",
                "CommandLine": "C:\\Windows\\system32\\cmd.exe /c \"tshark -r C:/Users/mrdor/PycharmProjects/Hunterbee/client/tempfiles/Logs/Wireshark/wireshark-logs-75.pcap -T json > C:/Users/mrdor/PycharmProjects/Hunterbee/client/tempfiles/Logs/Wireshark/wireshark-logs-75.json\"",
                "User": "ELMO\\mrdor",
                "ProcessGuid": "{dd01dab0-f7d9-633f-1b4c-010000004600}",
                "Image": "C:\\Windows\\System32\\cmd.exe",
                "LogonId": "0x262837e6",
                "UtcTime": "2022-10-07 09:56:41.016",
                "ParentUser": "ELMO\\mrdor",
                "Product": "Microsoft\u00c2\u00ae Windows\u00c2\u00ae Operating System",
                "IntegrityLevel": "High",
                "ParentCommandLine": "C:\\Users\\mrdor\\AppData\\Local\\Programs\\Python\\Python39\\python.exe C:/Users/mrdor/PycharmProjects/Hunterbee/client/wireshark/wireshark_interface.py",
                "ProcessId": "8568"
            },
            "computer_name": "Elmo",
            "task": "Process Create (rule: ProcessCreate)"
        }
    },
    "231": {
        "@timestamp": "2022-10-07T09:56:41.028Z",
        "host": {
            "ip": [
                "fe80::7cd2:efa8:dba2:6fc0",
                "169.254.111.192",
                "fe80::e431:7896:8d85:5aa",
                "172.21.208.1",
                "fe80::48ae:546b:7a20:7f52",
                "172.30.112.1",
                "fe80::bc21:1b56:1d1:4b9f",
                "169.254.75.159",
                "fe80::4807:9ca5:cd67:6ac6",
                "169.254.106.198",
                "fe80::e097:4ef1:6314:5a55",
                "169.254.90.85",
                "fe80::d55:b4a9:26a4:7406",
                "192.168.1.102",
                "fe80::211f:b772:c6da:bfb3",
                "172.27.16.1",
                "fe80::f90c:d738:c01c:abc6",
                "172.28.192.1"
            ],
            "name": "Elmo"
        },
        "winlog": {
            "provider_name": "Microsoft-Windows-Sysmon",
            "task": "Process Create (rule: ProcessCreate)",
            "provider_guid": "{5770385f-c22a-43e0-bf4c-06f5698ffbd9}",
            "event_data": {
                "Image": "C:\\Program Files\\Wireshark\\tshark.exe",
                "User": "ELMO\\mrdor",
                "ProcessGuid": "{dd01dab0-f7d9-633f-1c4c-010000004600}",
                "CommandLine": "tshark  -r C:/Users/mrdor/PycharmProjects/Hunterbee/client/tempfiles/Logs/Wireshark/wireshark-logs-75.pcap -T json ",
                "FileVersion": "3.6.2",
                "ParentImage": "C:\\Windows\\System32\\cmd.exe",
                "ParentUser": "ELMO\\mrdor",
                "RuleName": "-",
                "CurrentDirectory": "C:\\Users\\mrdor\\PycharmProjects\\Hunterbee\\client\\wireshark\\",
                "ProcessId": "19116",
                "Product": "TShark",
                "ParentCommandLine": "C:\\Windows\\system32\\cmd.exe /c \"tshark -r C:/Users/mrdor/PycharmProjects/Hunterbee/client/tempfiles/Logs/Wireshark/wireshark-logs-75.pcap -T json > C:/Users/mrdor/PycharmProjects/Hunterbee/client/tempfiles/Logs/Wireshark/wireshark-logs-75.json\"",
                "Description": "TShark",
                "ParentProcessGuid": "{dd01dab0-f7d9-633f-1b4c-010000004600}",
                "UtcTime": "2022-10-07 09:56:41.027",
                "Company": "The Wireshark developer community",
                "OriginalFileName": "TShark.exe",
                "TerminalSessionId": "4",
                "Hashes": "MD5=2C7476F44C33FE4FE26600AE7AE3900D",
                "LogonGuid": "{dd01dab0-b9ee-633f-e637-282600000000}",
                "LogonId": "0x262837e6",
                "ParentProcessId": "8568",
                "IntegrityLevel": "High"
            },
            "computer_name": "Elmo"
        }
    },
    "232": {
        "@timestamp": "2022-10-07T09:56:41.506Z",
        "host": {
            "ip": [
                "fe80::7cd2:efa8:dba2:6fc0",
                "169.254.111.192",
                "fe80::e431:7896:8d85:5aa",
                "172.21.208.1",
                "fe80::48ae:546b:7a20:7f52",
                "172.30.112.1",
                "fe80::bc21:1b56:1d1:4b9f",
                "169.254.75.159",
                "fe80::4807:9ca5:cd67:6ac6",
                "169.254.106.198",
                "fe80::e097:4ef1:6314:5a55",
                "169.254.90.85",
                "fe80::d55:b4a9:26a4:7406",
                "192.168.1.102",
                "fe80::211f:b772:c6da:bfb3",
                "172.27.16.1",
                "fe80::f90c:d738:c01c:abc6",
                "172.28.192.1"
            ],
            "name": "Elmo"
        },
        "winlog": {
            "provider_name": "Microsoft-Windows-Sysmon",
            "provider_guid": "{5770385f-c22a-43e0-bf4c-06f5698ffbd9}",
            "task": "Process Create (rule: ProcessCreate)",
            "computer_name": "Elmo",
            "event_data": {
                "ProcessGuid": "{dd01dab0-f7d9-633f-1d4c-010000004600}",
                "ProcessId": "18712",
                "Description": "TShark",
                "ParentImage": "C:\\Users\\mrdor\\AppData\\Local\\Programs\\Python\\Python39\\python.exe",
                "LogonId": "0x262837e6",
                "OriginalFileName": "TShark.exe",
                "ParentCommandLine": "C:\\Users\\mrdor\\AppData\\Local\\Programs\\Python\\Python39\\python.exe C:/Users/mrdor/PycharmProjects/Hunterbee/client/wireshark/wireshark_interface.py",
                "ParentProcessGuid": "{dd01dab0-f517-633f-4847-010000004600}",
                "RuleName": "-",
                "CommandLine": "\"C:/Program Files/Wireshark/tshark.exe\" -D",
                "CurrentDirectory": "C:\\Users\\mrdor\\PycharmProjects\\Hunterbee\\client\\wireshark\\",
                "UtcTime": "2022-10-07 09:56:41.504",
                "Image": "C:\\Program Files\\Wireshark\\tshark.exe",
                "FileVersion": "3.6.2",
                "User": "ELMO\\mrdor",
                "Company": "The Wireshark developer community",
                "LogonGuid": "{dd01dab0-b9ee-633f-e637-282600000000}",
                "Hashes": "MD5=2C7476F44C33FE4FE26600AE7AE3900D",
                "ParentProcessId": "22388",
                "ParentUser": "ELMO\\mrdor",
                "TerminalSessionId": "4",
                "IntegrityLevel": "High",
                "Product": "TShark"
            }
        }
    },
    "233": {
        "@timestamp": "2022-10-07T09:56:41.744Z",
        "host": {
            "name": "Elmo",
            "ip": [
                "fe80::7cd2:efa8:dba2:6fc0",
                "169.254.111.192",
                "fe80::e431:7896:8d85:5aa",
                "172.21.208.1",
                "fe80::48ae:546b:7a20:7f52",
                "172.30.112.1",
                "fe80::bc21:1b56:1d1:4b9f",
                "169.254.75.159",
                "fe80::4807:9ca5:cd67:6ac6",
                "169.254.106.198",
                "fe80::e097:4ef1:6314:5a55",
                "169.254.90.85",
                "fe80::d55:b4a9:26a4:7406",
                "192.168.1.102",
                "fe80::211f:b772:c6da:bfb3",
                "172.27.16.1",
                "fe80::f90c:d738:c01c:abc6",
                "172.28.192.1"
            ]
        },
        "winlog": {
            "task": "Process Create (rule: ProcessCreate)",
            "computer_name": "Elmo",
            "provider_guid": "{5770385f-c22a-43e0-bf4c-06f5698ffbd9}",
            "provider_name": "Microsoft-Windows-Sysmon",
            "event_data": {
                "ProcessId": "18820",
                "ParentCommandLine": "\"C:/Program Files/Wireshark/tshark.exe\" -D",
                "Product": "Dumpcap",
                "CommandLine": "\"C:\\Program Files\\Wireshark\\dumpcap.exe\" -D -Z none",
                "LogonId": "0x262837e6",
                "UtcTime": "2022-10-07 09:56:41.742",
                "Company": "The Wireshark developer community",
                "TerminalSessionId": "4",
                "Description": "Dumpcap",
                "ProcessGuid": "{dd01dab0-f7d9-633f-1e4c-010000004600}",
                "FileVersion": "3.6.2",
                "Hashes": "MD5=A85C48F3129B10CF5593FBF3B02836FF",
                "Image": "C:\\Program Files\\Wireshark\\dumpcap.exe",
                "CurrentDirectory": "C:\\Users\\mrdor\\PycharmProjects\\Hunterbee\\client\\wireshark\\",
                "ParentUser": "ELMO\\mrdor",
                "LogonGuid": "{dd01dab0-b9ee-633f-e637-282600000000}",
                "RuleName": "-",
                "ParentProcessId": "18712",
                "OriginalFileName": "Dumpcap.exe",
                "User": "ELMO\\mrdor",
                "IntegrityLevel": "High",
                "ParentImage": "C:\\Program Files\\Wireshark\\tshark.exe",
                "ParentProcessGuid": "{dd01dab0-f7d9-633f-1d4c-010000004600}"
            }
        }
    },
    "234": {
        "@timestamp": "2022-10-07T09:56:41.885Z",
        "host": {
            "name": "Elmo",
            "ip": [
                "fe80::7cd2:efa8:dba2:6fc0",
                "169.254.111.192",
                "fe80::e431:7896:8d85:5aa",
                "172.21.208.1",
                "fe80::48ae:546b:7a20:7f52",
                "172.30.112.1",
                "fe80::bc21:1b56:1d1:4b9f",
                "169.254.75.159",
                "fe80::4807:9ca5:cd67:6ac6",
                "169.254.106.198",
                "fe80::e097:4ef1:6314:5a55",
                "169.254.90.85",
                "fe80::d55:b4a9:26a4:7406",
                "192.168.1.102",
                "fe80::211f:b772:c6da:bfb3",
                "172.27.16.1",
                "fe80::f90c:d738:c01c:abc6",
                "172.28.192.1"
            ]
        },
        "winlog": {
            "provider_guid": "{5770385f-c22a-43e0-bf4c-06f5698ffbd9}",
            "event_data": {
                "ParentProcessGuid": "{dd01dab0-f517-633f-4847-010000004600}",
                "CommandLine": "\"C:/Program Files/Wireshark/tshark.exe\" -v",
                "UtcTime": "2022-10-07 09:56:41.883",
                "Product": "TShark",
                "User": "ELMO\\mrdor",
                "ProcessId": "21196",
                "OriginalFileName": "TShark.exe",
                "LogonGuid": "{dd01dab0-b9ee-633f-e637-282600000000}",
                "Image": "C:\\Program Files\\Wireshark\\tshark.exe",
                "FileVersion": "3.6.2",
                "ParentCommandLine": "C:\\Users\\mrdor\\AppData\\Local\\Programs\\Python\\Python39\\python.exe C:/Users/mrdor/PycharmProjects/Hunterbee/client/wireshark/wireshark_interface.py",
                "ProcessGuid": "{dd01dab0-f7d9-633f-204c-010000004600}",
                "LogonId": "0x262837e6",
                "ParentImage": "C:\\Users\\mrdor\\AppData\\Local\\Programs\\Python\\Python39\\python.exe",
                "IntegrityLevel": "High",
                "Description": "TShark",
                "ParentProcessId": "22388",
                "ParentUser": "ELMO\\mrdor",
                "Company": "The Wireshark developer community",
                "TerminalSessionId": "4",
                "RuleName": "-",
                "CurrentDirectory": "C:\\Users\\mrdor\\PycharmProjects\\Hunterbee\\client\\wireshark\\",
                "Hashes": "MD5=2C7476F44C33FE4FE26600AE7AE3900D"
            },
            "task": "Process Create (rule: ProcessCreate)",
            "computer_name": "Elmo",
            "provider_name": "Microsoft-Windows-Sysmon"
        }
    },
    "235": {
        "@timestamp": "2022-10-07T09:56:42.133Z",
        "host": {
            "name": "Elmo",
            "ip": [
                "fe80::7cd2:efa8:dba2:6fc0",
                "169.254.111.192",
                "fe80::e431:7896:8d85:5aa",
                "172.21.208.1",
                "fe80::48ae:546b:7a20:7f52",
                "172.30.112.1",
                "fe80::bc21:1b56:1d1:4b9f",
                "169.254.75.159",
                "fe80::4807:9ca5:cd67:6ac6",
                "169.254.106.198",
                "fe80::e097:4ef1:6314:5a55",
                "169.254.90.85",
                "fe80::d55:b4a9:26a4:7406",
                "192.168.1.102",
                "fe80::211f:b772:c6da:bfb3",
                "172.27.16.1",
                "fe80::f90c:d738:c01c:abc6",
                "172.28.192.1"
            ]
        },
        "winlog": {
            "provider_guid": "{5770385f-c22a-43e0-bf4c-06f5698ffbd9}",
            "task": "Process Create (rule: ProcessCreate)",
            "computer_name": "Elmo",
            "event_data": {
                "Image": "C:\\Program Files\\Wireshark\\dumpcap.exe",
                "Description": "Dumpcap",
                "Product": "Dumpcap",
                "OriginalFileName": "Dumpcap.exe",
                "UtcTime": "2022-10-07 09:56:42.131",
                "LogonId": "0x262837e6",
                "ParentProcessId": "22388",
                "LogonGuid": "{dd01dab0-b9ee-633f-e637-282600000000}",
                "ParentCommandLine": "C:\\Users\\mrdor\\AppData\\Local\\Programs\\Python\\Python39\\python.exe C:/Users/mrdor/PycharmProjects/Hunterbee/client/wireshark/wireshark_interface.py",
                "User": "ELMO\\mrdor",
                "TerminalSessionId": "4",
                "Hashes": "MD5=A85C48F3129B10CF5593FBF3B02836FF",
                "Company": "The Wireshark developer community",
                "ParentImage": "C:\\Users\\mrdor\\AppData\\Local\\Programs\\Python\\Python39\\python.exe",
                "FileVersion": "3.6.2",
                "CommandLine": "\"C:/Program Files/Wireshark/dumpcap.exe\" -q -i Wi-Fi -w -",
                "CurrentDirectory": "C:\\Users\\mrdor\\PycharmProjects\\Hunterbee\\client\\wireshark\\",
                "ParentProcessGuid": "{dd01dab0-f517-633f-4847-010000004600}",
                "ProcessGuid": "{dd01dab0-f7da-633f-214c-010000004600}",
                "IntegrityLevel": "High",
                "ProcessId": "8288",
                "ParentUser": "ELMO\\mrdor",
                "RuleName": "-"
            },
            "provider_name": "Microsoft-Windows-Sysmon"
        }
    },
    "236": {
        "@timestamp": "2022-10-07T09:56:42.138Z",
        "winlog": {
            "provider_name": "Microsoft-Windows-Sysmon",
            "task": "Process Create (rule: ProcessCreate)",
            "provider_guid": "{5770385f-c22a-43e0-bf4c-06f5698ffbd9}",
            "computer_name": "Elmo",
            "event_data": {
                "Description": "TShark",
                "OriginalFileName": "TShark.exe",
                "CommandLine": "\"C:/Program Files/Wireshark/tshark.exe\" -D",
                "ProcessId": "10616",
                "ParentProcessGuid": "{dd01dab0-f517-633f-4847-010000004600}",
                "ProcessGuid": "{dd01dab0-f7da-633f-224c-010000004600}",
                "FileVersion": "3.6.2",
                "IntegrityLevel": "High",
                "Hashes": "MD5=2C7476F44C33FE4FE26600AE7AE3900D",
                "LogonGuid": "{dd01dab0-b9ee-633f-e637-282600000000}",
                "RuleName": "-",
                "User": "ELMO\\mrdor",
                "UtcTime": "2022-10-07 09:56:42.135",
                "LogonId": "0x262837e6",
                "ParentImage": "C:\\Users\\mrdor\\AppData\\Local\\Programs\\Python\\Python39\\python.exe",
                "ParentUser": "ELMO\\mrdor",
                "ParentProcessId": "22388",
                "ParentCommandLine": "C:\\Users\\mrdor\\AppData\\Local\\Programs\\Python\\Python39\\python.exe C:/Users/mrdor/PycharmProjects/Hunterbee/client/wireshark/wireshark_interface.py",
                "Product": "TShark",
                "TerminalSessionId": "4",
                "Image": "C:\\Program Files\\Wireshark\\tshark.exe",
                "Company": "The Wireshark developer community",
                "CurrentDirectory": "C:\\Users\\mrdor\\PycharmProjects\\Hunterbee\\client\\wireshark\\"
            }
        },
        "host": {
            "name": "Elmo",
            "ip": [
                "fe80::7cd2:efa8:dba2:6fc0",
                "169.254.111.192",
                "fe80::e431:7896:8d85:5aa",
                "172.21.208.1",
                "fe80::48ae:546b:7a20:7f52",
                "172.30.112.1",
                "fe80::bc21:1b56:1d1:4b9f",
                "169.254.75.159",
                "fe80::4807:9ca5:cd67:6ac6",
                "169.254.106.198",
                "fe80::e097:4ef1:6314:5a55",
                "169.254.90.85",
                "fe80::d55:b4a9:26a4:7406",
                "192.168.1.102",
                "fe80::211f:b772:c6da:bfb3",
                "172.27.16.1",
                "fe80::f90c:d738:c01c:abc6",
                "172.28.192.1"
            ]
        }
    },
    "237": {
        "@timestamp": "2022-10-07T09:56:42.376Z",
        "host": {
            "name": "Elmo",
            "ip": [
                "fe80::7cd2:efa8:dba2:6fc0",
                "169.254.111.192",
                "fe80::e431:7896:8d85:5aa",
                "172.21.208.1",
                "fe80::48ae:546b:7a20:7f52",
                "172.30.112.1",
                "fe80::bc21:1b56:1d1:4b9f",
                "169.254.75.159",
                "fe80::4807:9ca5:cd67:6ac6",
                "169.254.106.198",
                "fe80::e097:4ef1:6314:5a55",
                "169.254.90.85",
                "fe80::d55:b4a9:26a4:7406",
                "192.168.1.102",
                "fe80::211f:b772:c6da:bfb3",
                "172.27.16.1",
                "fe80::f90c:d738:c01c:abc6",
                "172.28.192.1"
            ]
        },
        "winlog": {
            "provider_name": "Microsoft-Windows-Sysmon",
            "event_data": {
                "CurrentDirectory": "C:\\Users\\mrdor\\PycharmProjects\\Hunterbee\\client\\wireshark\\",
                "Hashes": "MD5=A85C48F3129B10CF5593FBF3B02836FF",
                "FileVersion": "3.6.2",
                "OriginalFileName": "Dumpcap.exe",
                "UtcTime": "2022-10-07 09:56:42.374",
                "ProcessId": "23424",
                "Description": "Dumpcap",
                "ParentImage": "C:\\Program Files\\Wireshark\\tshark.exe",
                "ParentCommandLine": "\"C:/Program Files/Wireshark/tshark.exe\" -D",
                "LogonGuid": "{dd01dab0-b9ee-633f-e637-282600000000}",
                "ParentProcessGuid": "{dd01dab0-f7da-633f-224c-010000004600}",
                "ParentProcessId": "10616",
                "ProcessGuid": "{dd01dab0-f7da-633f-234c-010000004600}",
                "IntegrityLevel": "High",
                "RuleName": "-",
                "Product": "Dumpcap",
                "CommandLine": "\"C:\\Program Files\\Wireshark\\dumpcap.exe\" -D -Z none",
                "LogonId": "0x262837e6",
                "TerminalSessionId": "4",
                "Company": "The Wireshark developer community",
                "ParentUser": "ELMO\\mrdor",
                "Image": "C:\\Program Files\\Wireshark\\dumpcap.exe",
                "User": "ELMO\\mrdor"
            },
            "task": "Process Create (rule: ProcessCreate)",
            "computer_name": "Elmo",
            "provider_guid": "{5770385f-c22a-43e0-bf4c-06f5698ffbd9}"
        }
    },
    "238": {
        "@timestamp": "2022-10-07T09:56:42.515Z",
        "host": {
            "name": "Elmo",
            "ip": [
                "fe80::7cd2:efa8:dba2:6fc0",
                "169.254.111.192",
                "fe80::e431:7896:8d85:5aa",
                "172.21.208.1",
                "fe80::48ae:546b:7a20:7f52",
                "172.30.112.1",
                "fe80::bc21:1b56:1d1:4b9f",
                "169.254.75.159",
                "fe80::4807:9ca5:cd67:6ac6",
                "169.254.106.198",
                "fe80::e097:4ef1:6314:5a55",
                "169.254.90.85",
                "fe80::d55:b4a9:26a4:7406",
                "192.168.1.102",
                "fe80::211f:b772:c6da:bfb3",
                "172.27.16.1",
                "fe80::f90c:d738:c01c:abc6",
                "172.28.192.1"
            ]
        },
        "winlog": {
            "event_data": {
                "IntegrityLevel": "High",
                "ParentProcessGuid": "{dd01dab0-f517-633f-4847-010000004600}",
                "Image": "C:\\Program Files\\Wireshark\\tshark.exe",
                "ParentProcessId": "22388",
                "ParentCommandLine": "C:\\Users\\mrdor\\AppData\\Local\\Programs\\Python\\Python39\\python.exe C:/Users/mrdor/PycharmProjects/Hunterbee/client/wireshark/wireshark_interface.py",
                "ParentUser": "ELMO\\mrdor",
                "UtcTime": "2022-10-07 09:56:42.513",
                "LogonGuid": "{dd01dab0-b9ee-633f-e637-282600000000}",
                "ParentImage": "C:\\Users\\mrdor\\AppData\\Local\\Programs\\Python\\Python39\\python.exe",
                "OriginalFileName": "TShark.exe",
                "CurrentDirectory": "C:\\Users\\mrdor\\PycharmProjects\\Hunterbee\\client\\wireshark\\",
                "LogonId": "0x262837e6",
                "Description": "TShark",
                "ProcessId": "7696",
                "Hashes": "MD5=2C7476F44C33FE4FE26600AE7AE3900D",
                "Product": "TShark",
                "RuleName": "-",
                "Company": "The Wireshark developer community",
                "CommandLine": "\"C:/Program Files/Wireshark/tshark.exe\" -l -n -T pdml -c 25 -w C:/Users/mrdor/PycharmProjects/Hunterbee/client/tempfiles/Logs/Wireshark/wireshark-logs-76.pcap -i -",
                "TerminalSessionId": "4",
                "FileVersion": "3.6.2",
                "User": "ELMO\\mrdor",
                "ProcessGuid": "{dd01dab0-f7da-633f-254c-010000004600}"
            },
            "computer_name": "Elmo",
            "task": "Process Create (rule: ProcessCreate)",
            "provider_name": "Microsoft-Windows-Sysmon",
            "provider_guid": "{5770385f-c22a-43e0-bf4c-06f5698ffbd9}"
        }
    },
    "239": {
        "@timestamp": "2022-10-07T09:56:42.754Z",
        "winlog": {
            "event_data": {
                "ProcessId": "8684",
                "LogonGuid": "{dd01dab0-b9ee-633f-e637-282600000000}",
                "Image": "C:\\Program Files\\Wireshark\\dumpcap.exe",
                "Description": "Dumpcap",
                "ParentImage": "C:\\Program Files\\Wireshark\\tshark.exe",
                "CommandLine": "\"C:\\Program Files\\Wireshark\\dumpcap.exe\" -D -Z none",
                "UtcTime": "2022-10-07 09:56:42.752",
                "Hashes": "MD5=A85C48F3129B10CF5593FBF3B02836FF",
                "ParentProcessId": "7696",
                "RuleName": "-",
                "CurrentDirectory": "C:\\Users\\mrdor\\PycharmProjects\\Hunterbee\\client\\wireshark\\",
                "ParentCommandLine": "\"C:/Program Files/Wireshark/tshark.exe\" -l -n -T pdml -c 25 -w C:/Users/mrdor/PycharmProjects/Hunterbee/client/tempfiles/Logs/Wireshark/wireshark-logs-76.pcap -i -",
                "Product": "Dumpcap",
                "Company": "The Wireshark developer community",
                "LogonId": "0x262837e6",
                "FileVersion": "3.6.2",
                "OriginalFileName": "Dumpcap.exe",
                "IntegrityLevel": "High",
                "ProcessGuid": "{dd01dab0-f7da-633f-264c-010000004600}",
                "User": "ELMO\\mrdor",
                "TerminalSessionId": "4",
                "ParentUser": "ELMO\\mrdor",
                "ParentProcessGuid": "{dd01dab0-f7da-633f-254c-010000004600}"
            },
            "provider_guid": "{5770385f-c22a-43e0-bf4c-06f5698ffbd9}",
            "computer_name": "Elmo",
            "task": "Process Create (rule: ProcessCreate)",
            "provider_name": "Microsoft-Windows-Sysmon"
        },
        "host": {
            "ip": [
                "fe80::7cd2:efa8:dba2:6fc0",
                "169.254.111.192",
                "fe80::e431:7896:8d85:5aa",
                "172.21.208.1",
                "fe80::48ae:546b:7a20:7f52",
                "172.30.112.1",
                "fe80::bc21:1b56:1d1:4b9f",
                "169.254.75.159",
                "fe80::4807:9ca5:cd67:6ac6",
                "169.254.106.198",
                "fe80::e097:4ef1:6314:5a55",
                "169.254.90.85",
                "fe80::d55:b4a9:26a4:7406",
                "192.168.1.102",
                "fe80::211f:b772:c6da:bfb3",
                "172.27.16.1",
                "fe80::f90c:d738:c01c:abc6",
                "172.28.192.1"
            ],
            "name": "Elmo"
        }
    },
    "240": {
        "@timestamp": "2022-10-07T09:56:42.995Z",
        "winlog": {
            "provider_guid": "{5770385f-c22a-43e0-bf4c-06f5698ffbd9}",
            "computer_name": "Elmo",
            "event_data": {
                "TerminalSessionId": "4",
                "ParentProcessId": "7696",
                "OriginalFileName": "Dumpcap.exe",
                "CommandLine": "\"C:\\Program Files\\Wireshark\\dumpcap.exe\" -n -c 25 -i - -Z 7696 -w C:/Users/mrdor/PycharmProjects/Hunterbee/client/tempfiles/Logs/Wireshark/wireshark-logs-76.pcap",
                "ParentProcessGuid": "{dd01dab0-f7da-633f-254c-010000004600}",
                "ParentImage": "C:\\Program Files\\Wireshark\\tshark.exe",
                "ParentCommandLine": "\"C:/Program Files/Wireshark/tshark.exe\" -l -n -T pdml -c 25 -w C:/Users/mrdor/PycharmProjects/Hunterbee/client/tempfiles/Logs/Wireshark/wireshark-logs-76.pcap -i -",
                "User": "ELMO\\mrdor",
                "LogonGuid": "{dd01dab0-b9ee-633f-e637-282600000000}",
                "IntegrityLevel": "High",
                "Image": "C:\\Program Files\\Wireshark\\dumpcap.exe",
                "FileVersion": "3.6.2",
                "Company": "The Wireshark developer community",
                "Hashes": "MD5=A85C48F3129B10CF5593FBF3B02836FF",
                "ProcessGuid": "{dd01dab0-f7da-633f-284c-010000004600}",
                "Description": "Dumpcap",
                "ProcessId": "6640",
                "CurrentDirectory": "C:\\Users\\mrdor\\PycharmProjects\\Hunterbee\\client\\wireshark\\",
                "Product": "Dumpcap",
                "LogonId": "0x262837e6",
                "ParentUser": "ELMO\\mrdor",
                "UtcTime": "2022-10-07 09:56:42.993",
                "RuleName": "-"
            },
            "provider_name": "Microsoft-Windows-Sysmon",
            "task": "Process Create (rule: ProcessCreate)"
        },
        "host": {
            "ip": [
                "fe80::7cd2:efa8:dba2:6fc0",
                "169.254.111.192",
                "fe80::e431:7896:8d85:5aa",
                "172.21.208.1",
                "fe80::48ae:546b:7a20:7f52",
                "172.30.112.1",
                "fe80::bc21:1b56:1d1:4b9f",
                "169.254.75.159",
                "fe80::4807:9ca5:cd67:6ac6",
                "169.254.106.198",
                "fe80::e097:4ef1:6314:5a55",
                "169.254.90.85",
                "fe80::d55:b4a9:26a4:7406",
                "192.168.1.102",
                "fe80::211f:b772:c6da:bfb3",
                "172.27.16.1",
                "fe80::f90c:d738:c01c:abc6",
                "172.28.192.1"
            ],
            "name": "Elmo"
        }
    },
    "241": {
        "@timestamp": "2022-10-07T09:56:43.335Z",
        "host": {
            "ip": [
                "fe80::7cd2:efa8:dba2:6fc0",
                "169.254.111.192",
                "fe80::e431:7896:8d85:5aa",
                "172.21.208.1",
                "fe80::48ae:546b:7a20:7f52",
                "172.30.112.1",
                "fe80::bc21:1b56:1d1:4b9f",
                "169.254.75.159",
                "fe80::4807:9ca5:cd67:6ac6",
                "169.254.106.198",
                "fe80::e097:4ef1:6314:5a55",
                "169.254.90.85",
                "fe80::d55:b4a9:26a4:7406",
                "192.168.1.102",
                "fe80::211f:b772:c6da:bfb3",
                "172.27.16.1",
                "fe80::f90c:d738:c01c:abc6",
                "172.28.192.1"
            ],
            "name": "Elmo"
        },
        "winlog": {
            "computer_name": "Elmo",
            "event_data": {
                "ProcessId": "18460",
                "Image": "C:\\Windows\\System32\\cmd.exe",
                "ParentImage": "C:\\Users\\mrdor\\AppData\\Local\\Programs\\Python\\Python39\\python.exe",
                "Hashes": "MD5=8A2122E8162DBEF04694B9C3E0B6CDEE",
                "ParentCommandLine": "C:\\Users\\mrdor\\AppData\\Local\\Programs\\Python\\Python39\\python.exe C:/Users/mrdor/PycharmProjects/Hunterbee/client/wireshark/wireshark_interface.py",
                "RuleName": "-",
                "LogonGuid": "{dd01dab0-b9ee-633f-e637-282600000000}",
                "LogonId": "0x262837e6",
                "User": "ELMO\\mrdor",
                "ParentUser": "ELMO\\mrdor",
                "IntegrityLevel": "High",
                "UtcTime": "2022-10-07 09:56:43.332",
                "TerminalSessionId": "4",
                "Company": "Microsoft Corporation",
                "CurrentDirectory": "C:\\Users\\mrdor\\PycharmProjects\\Hunterbee\\client\\wireshark\\",
                "ParentProcessId": "22388",
                "Product": "Microsoft\u00c2\u00ae Windows\u00c2\u00ae Operating System",
                "ParentProcessGuid": "{dd01dab0-f517-633f-4847-010000004600}",
                "ProcessGuid": "{dd01dab0-f7db-633f-2a4c-010000004600}",
                "FileVersion": "10.0.19041.746 (WinBuild.160101.0800)",
                "OriginalFileName": "Cmd.Exe",
                "Description": "Windows Command Processor",
                "CommandLine": "C:\\Windows\\system32\\cmd.exe /c \"tshark -r C:/Users/mrdor/PycharmProjects/Hunterbee/client/tempfiles/Logs/Wireshark/wireshark-logs-76.pcap -T json > C:/Users/mrdor/PycharmProjects/Hunterbee/client/tempfiles/Logs/Wireshark/wireshark-logs-76.json\""
            },
            "provider_name": "Microsoft-Windows-Sysmon",
            "task": "Process Create (rule: ProcessCreate)",
            "provider_guid": "{5770385f-c22a-43e0-bf4c-06f5698ffbd9}"
        }
    },
    "242": {
        "@timestamp": "2022-10-07T09:56:43.345Z",
        "host": {
            "name": "Elmo",
            "ip": [
                "fe80::7cd2:efa8:dba2:6fc0",
                "169.254.111.192",
                "fe80::e431:7896:8d85:5aa",
                "172.21.208.1",
                "fe80::48ae:546b:7a20:7f52",
                "172.30.112.1",
                "fe80::bc21:1b56:1d1:4b9f",
                "169.254.75.159",
                "fe80::4807:9ca5:cd67:6ac6",
                "169.254.106.198",
                "fe80::e097:4ef1:6314:5a55",
                "169.254.90.85",
                "fe80::d55:b4a9:26a4:7406",
                "192.168.1.102",
                "fe80::211f:b772:c6da:bfb3",
                "172.27.16.1",
                "fe80::f90c:d738:c01c:abc6",
                "172.28.192.1"
            ]
        },
        "winlog": {
            "provider_name": "Microsoft-Windows-Sysmon",
            "computer_name": "Elmo",
            "task": "Process Create (rule: ProcessCreate)",
            "provider_guid": "{5770385f-c22a-43e0-bf4c-06f5698ffbd9}",
            "event_data": {
                "TerminalSessionId": "4",
                "CurrentDirectory": "C:\\Users\\mrdor\\PycharmProjects\\Hunterbee\\client\\wireshark\\",
                "Hashes": "MD5=2C7476F44C33FE4FE26600AE7AE3900D",
                "Company": "The Wireshark developer community",
                "ParentImage": "C:\\Windows\\System32\\cmd.exe",
                "ParentCommandLine": "C:\\Windows\\system32\\cmd.exe /c \"tshark -r C:/Users/mrdor/PycharmProjects/Hunterbee/client/tempfiles/Logs/Wireshark/wireshark-logs-76.pcap -T json > C:/Users/mrdor/PycharmProjects/Hunterbee/client/tempfiles/Logs/Wireshark/wireshark-logs-76.json\"",
                "FileVersion": "3.6.2",
                "Product": "TShark",
                "UtcTime": "2022-10-07 09:56:43.344",
                "IntegrityLevel": "High",
                "CommandLine": "tshark  -r C:/Users/mrdor/PycharmProjects/Hunterbee/client/tempfiles/Logs/Wireshark/wireshark-logs-76.pcap -T json ",
                "LogonGuid": "{dd01dab0-b9ee-633f-e637-282600000000}",
                "ParentProcessId": "18460",
                "Description": "TShark",
                "User": "ELMO\\mrdor",
                "ParentUser": "ELMO\\mrdor",
                "ProcessId": "15480",
                "Image": "C:\\Program Files\\Wireshark\\tshark.exe",
                "OriginalFileName": "TShark.exe",
                "ProcessGuid": "{dd01dab0-f7db-633f-2b4c-010000004600}",
                "ParentProcessGuid": "{dd01dab0-f7db-633f-2a4c-010000004600}",
                "RuleName": "-",
                "LogonId": "0x262837e6"
            }
        }
    },
    "243": {
        "@timestamp": "2022-10-07T09:56:43.745Z",
        "host": {
            "name": "Elmo",
            "ip": [
                "fe80::7cd2:efa8:dba2:6fc0",
                "169.254.111.192",
                "fe80::e431:7896:8d85:5aa",
                "172.21.208.1",
                "fe80::48ae:546b:7a20:7f52",
                "172.30.112.1",
                "fe80::bc21:1b56:1d1:4b9f",
                "169.254.75.159",
                "fe80::4807:9ca5:cd67:6ac6",
                "169.254.106.198",
                "fe80::e097:4ef1:6314:5a55",
                "169.254.90.85",
                "fe80::d55:b4a9:26a4:7406",
                "192.168.1.102",
                "fe80::211f:b772:c6da:bfb3",
                "172.27.16.1",
                "fe80::f90c:d738:c01c:abc6",
                "172.28.192.1"
            ]
        },
        "winlog": {
            "task": "Process Create (rule: ProcessCreate)",
            "computer_name": "Elmo",
            "provider_guid": "{5770385f-c22a-43e0-bf4c-06f5698ffbd9}",
            "event_data": {
                "Image": "C:\\Program Files\\Wireshark\\tshark.exe",
                "ParentProcessId": "22388",
                "UtcTime": "2022-10-07 09:56:43.743",
                "IntegrityLevel": "High",
                "ParentImage": "C:\\Users\\mrdor\\AppData\\Local\\Programs\\Python\\Python39\\python.exe",
                "LogonId": "0x262837e6",
                "Company": "The Wireshark developer community",
                "ParentProcessGuid": "{dd01dab0-f517-633f-4847-010000004600}",
                "FileVersion": "3.6.2",
                "Hashes": "MD5=2C7476F44C33FE4FE26600AE7AE3900D",
                "ParentCommandLine": "C:\\Users\\mrdor\\AppData\\Local\\Programs\\Python\\Python39\\python.exe C:/Users/mrdor/PycharmProjects/Hunterbee/client/wireshark/wireshark_interface.py",
                "LogonGuid": "{dd01dab0-b9ee-633f-e637-282600000000}",
                "Description": "TShark",
                "OriginalFileName": "TShark.exe",
                "ParentUser": "ELMO\\mrdor",
                "ProcessGuid": "{dd01dab0-f7db-633f-2c4c-010000004600}",
                "Product": "TShark",
                "User": "ELMO\\mrdor",
                "TerminalSessionId": "4",
                "ProcessId": "2760",
                "CommandLine": "\"C:/Program Files/Wireshark/tshark.exe\" -D",
                "CurrentDirectory": "C:\\Users\\mrdor\\PycharmProjects\\Hunterbee\\client\\wireshark\\",
                "RuleName": "-"
            },
            "provider_name": "Microsoft-Windows-Sysmon"
        }
    },
    "244": {
        "@timestamp": "2022-10-07T09:56:44.009Z",
        "host": {
            "name": "Elmo",
            "ip": [
                "fe80::7cd2:efa8:dba2:6fc0",
                "169.254.111.192",
                "fe80::e431:7896:8d85:5aa",
                "172.21.208.1",
                "fe80::48ae:546b:7a20:7f52",
                "172.30.112.1",
                "fe80::bc21:1b56:1d1:4b9f",
                "169.254.75.159",
                "fe80::4807:9ca5:cd67:6ac6",
                "169.254.106.198",
                "fe80::e097:4ef1:6314:5a55",
                "169.254.90.85",
                "fe80::d55:b4a9:26a4:7406",
                "192.168.1.102",
                "fe80::211f:b772:c6da:bfb3",
                "172.27.16.1",
                "fe80::f90c:d738:c01c:abc6",
                "172.28.192.1"
            ]
        },
        "winlog": {
            "provider_guid": "{5770385f-c22a-43e0-bf4c-06f5698ffbd9}",
            "event_data": {
                "Hashes": "MD5=A85C48F3129B10CF5593FBF3B02836FF",
                "IntegrityLevel": "High",
