                "ProcessGuid": "{dd01dab0-00aa-6340-1b56-010000004600}",
                "CommandLine": "tshark  -r C:/Users/mrdor/PycharmProjects/Hunterbee/client/tempfiles/Logs/Wireshark/wireshark-logs-15.pcap -T json ",
                "CurrentDirectory": "C:\\Users\\mrdor\\PycharmProjects\\Hunterbee\\client\\wireshark\\",
                "RuleName": "-",
                "UtcTime": "2022-10-07 10:34:18.181",
                "ParentProcessGuid": "{dd01dab0-00aa-6340-1a56-010000004600}",
                "ParentProcessId": "13992",
                "ParentImage": "C:\\Windows\\System32\\cmd.exe",
                "TerminalSessionId": "4",
                "Image": "C:\\Program Files\\Wireshark\\tshark.exe",
                "OriginalFileName": "TShark.exe",
                "IntegrityLevel": "High",
                "Hashes": "MD5=2C7476F44C33FE4FE26600AE7AE3900D",
                "Product": "TShark",
                "FileVersion": "3.6.2",
                "ParentUser": "ELMO\\mrdor",
                "Company": "The Wireshark developer community",
                "Description": "TShark",
                "LogonGuid": "{dd01dab0-b9ee-633f-e637-282600000000}",
                "User": "ELMO\\mrdor",
                "ParentCommandLine": "C:\\Windows\\system32\\cmd.exe /c \"tshark -r C:/Users/mrdor/PycharmProjects/Hunterbee/client/tempfiles/Logs/Wireshark/wireshark-logs-15.pcap -T json > C:/Users/mrdor/PycharmProjects/Hunterbee/client/tempfiles/Logs/Wireshark/wireshark-logs-15.json\"",
                "LogonId": "0x262837e6",
                "ProcessId": "21644"
            }
        }
    },
    "159": {
        "@timestamp": "2022-10-07T10:34:20.336Z",
        "winlog": {
            "provider_guid": "{5770385f-c22a-43e0-bf4c-06f5698ffbd9}",
            "provider_name": "Microsoft-Windows-Sysmon",
            "task": "Process Create (rule: ProcessCreate)",
            "computer_name": "Elmo",
            "event_data": {
                "ParentProcessId": "11260",
                "TerminalSessionId": "4",
                "ParentImage": "C:\\Users\\mrdor\\AppData\\Local\\Programs\\Python\\Python39\\python.exe",
                "ProcessId": "13636",
                "ParentCommandLine": "C:\\Users\\mrdor\\AppData\\Local\\Programs\\Python\\Python39\\python.exe C:/Users/mrdor/PycharmProjects/Hunterbee/client/wireshark/wireshark_interface.py",
                "UtcTime": "2022-10-07 10:34:20.329",
                "FileVersion": "3.6.2",
                "LogonGuid": "{dd01dab0-b9ee-633f-e637-282600000000}",
                "OriginalFileName": "TShark.exe",
                "Image": "C:\\Program Files\\Wireshark\\tshark.exe",
                "CurrentDirectory": "C:\\Users\\mrdor\\PycharmProjects\\Hunterbee\\client\\wireshark\\",
                "Company": "The Wireshark developer community",
                "ParentProcessGuid": "{dd01dab0-ffc6-633f-1855-010000004600}",
                "RuleName": "-",
                "Description": "TShark",
                "CommandLine": "\"C:/Program Files/Wireshark/tshark.exe\" -D",
                "Product": "TShark",
                "IntegrityLevel": "High",
                "ParentUser": "ELMO\\mrdor",
                "User": "ELMO\\mrdor",
                "Hashes": "MD5=2C7476F44C33FE4FE26600AE7AE3900D",
                "ProcessGuid": "{dd01dab0-00ac-6340-1c56-010000004600}",
                "LogonId": "0x262837e6"
            }
        },
        "host": {
            "name": "Elmo",
            "ip": [
                "fe80::7cd2:efa8:dba2:6fc0",
                "169.254.111.192",
                "fe80::e431:7896:8d85:5aa",
                "172.21.208.1",
                "fe80::48ae:546b:7a20:7f52",
                "172.30.112.1",
                "fe80::f45e:e853:b6c1:9350",
                "192.168.56.1",
                "fe80::bc21:1b56:1d1:4b9f",
                "169.254.75.159",
                "fe80::4807:9ca5:cd67:6ac6",
                "169.254.106.198",
                "fe80::e097:4ef1:6314:5a55",
                "169.254.90.85",
                "fe80::d55:b4a9:26a4:7406",
                "192.168.1.102",
                "fe80::211f:b772:c6da:bfb3",
                "172.27.16.1",
                "fe80::f90c:d738:c01c:abc6",
                "172.28.192.1",
                "fe80::68fb:280b:ac6f:30de",
                "172.23.96.1"
            ]
        }
    },
    "160": {
        "@timestamp": "2022-10-07T10:34:21.513Z",
        "winlog": {
            "provider_name": "Microsoft-Windows-Sysmon",
            "event_data": {
                "ParentCommandLine": "\"C:/Program Files/Wireshark/tshark.exe\" -D",
                "CommandLine": "\"C:\\Program Files\\Wireshark\\dumpcap.exe\" -D -Z none",
                "LogonGuid": "{dd01dab0-b9ee-633f-e637-282600000000}",
                "FileVersion": "3.6.2",
                "RuleName": "-",
                "LogonId": "0x262837e6",
                "CurrentDirectory": "C:\\Users\\mrdor\\PycharmProjects\\Hunterbee\\client\\wireshark\\",
                "ParentProcessGuid": "{dd01dab0-00ac-6340-1c56-010000004600}",
                "User": "ELMO\\mrdor",
                "ParentUser": "ELMO\\mrdor",
                "Product": "Dumpcap",
                "IntegrityLevel": "High",
                "ParentImage": "C:\\Program Files\\Wireshark\\tshark.exe",
                "UtcTime": "2022-10-07 10:34:21.504",
                "Hashes": "MD5=A85C48F3129B10CF5593FBF3B02836FF",
                "Company": "The Wireshark developer community",
                "ProcessGuid": "{dd01dab0-00ad-6340-1d56-010000004600}",
                "TerminalSessionId": "4",
                "Description": "Dumpcap",
                "ParentProcessId": "13636",
                "Image": "C:\\Program Files\\Wireshark\\dumpcap.exe",
                "ProcessId": "14900",
                "OriginalFileName": "Dumpcap.exe"
            },
            "task": "Process Create (rule: ProcessCreate)",
            "computer_name": "Elmo",
            "provider_guid": "{5770385f-c22a-43e0-bf4c-06f5698ffbd9}"
        },
        "host": {
            "ip": [
                "fe80::7cd2:efa8:dba2:6fc0",
                "169.254.111.192",
                "fe80::e431:7896:8d85:5aa",
                "172.21.208.1",
                "fe80::48ae:546b:7a20:7f52",
                "172.30.112.1",
                "fe80::f45e:e853:b6c1:9350",
                "192.168.56.1",
                "fe80::bc21:1b56:1d1:4b9f",
                "169.254.75.159",
                "fe80::4807:9ca5:cd67:6ac6",
                "169.254.106.198",
                "fe80::e097:4ef1:6314:5a55",
                "169.254.90.85",
                "fe80::d55:b4a9:26a4:7406",
                "192.168.1.102",
                "fe80::211f:b772:c6da:bfb3",
                "172.27.16.1",
                "fe80::f90c:d738:c01c:abc6",
                "172.28.192.1",
                "fe80::68fb:280b:ac6f:30de",
                "172.23.96.1"
            ],
            "name": "Elmo"
        }
    },
    "161": {
        "@timestamp": "2022-10-07T10:34:22.249Z",
        "host": {
            "name": "Elmo",
            "ip": [
                "fe80::7cd2:efa8:dba2:6fc0",
                "169.254.111.192",
                "fe80::e431:7896:8d85:5aa",
                "172.21.208.1",
                "fe80::48ae:546b:7a20:7f52",
                "172.30.112.1",
                "fe80::f45e:e853:b6c1:9350",
                "192.168.56.1",
                "fe80::bc21:1b56:1d1:4b9f",
                "169.254.75.159",
                "fe80::4807:9ca5:cd67:6ac6",
                "169.254.106.198",
                "fe80::e097:4ef1:6314:5a55",
                "169.254.90.85",
                "fe80::d55:b4a9:26a4:7406",
                "192.168.1.102",
                "fe80::211f:b772:c6da:bfb3",
                "172.27.16.1",
                "fe80::f90c:d738:c01c:abc6",
                "172.28.192.1",
                "fe80::68fb:280b:ac6f:30de",
                "172.23.96.1"
            ]
        },
        "winlog": {
            "event_data": {
                "IntegrityLevel": "High",
                "ParentProcessId": "11260",
                "ProcessId": "15184",
                "LogonGuid": "{dd01dab0-b9ee-633f-e637-282600000000}",
                "CurrentDirectory": "C:\\Users\\mrdor\\PycharmProjects\\Hunterbee\\client\\wireshark\\",
                "Description": "TShark",
                "ParentCommandLine": "C:\\Users\\mrdor\\AppData\\Local\\Programs\\Python\\Python39\\python.exe C:/Users/mrdor/PycharmProjects/Hunterbee/client/wireshark/wireshark_interface.py",
                "UtcTime": "2022-10-07 10:34:22.243",
                "Image": "C:\\Program Files\\Wireshark\\tshark.exe",
                "ParentProcessGuid": "{dd01dab0-ffc6-633f-1855-010000004600}",
                "LogonId": "0x262837e6",
                "FileVersion": "3.6.2",
                "TerminalSessionId": "4",
                "OriginalFileName": "TShark.exe",
                "User": "ELMO\\mrdor",
                "ProcessGuid": "{dd01dab0-00ae-6340-1f56-010000004600}",
                "Company": "The Wireshark developer community",
                "ParentImage": "C:\\Users\\mrdor\\AppData\\Local\\Programs\\Python\\Python39\\python.exe",
                "CommandLine": "\"C:/Program Files/Wireshark/tshark.exe\" -v",
                "Product": "TShark",
                "Hashes": "MD5=2C7476F44C33FE4FE26600AE7AE3900D",
                "ParentUser": "ELMO\\mrdor",
                "RuleName": "-"
            },
            "provider_name": "Microsoft-Windows-Sysmon",
            "task": "Process Create (rule: ProcessCreate)",
            "computer_name": "Elmo",
            "provider_guid": "{5770385f-c22a-43e0-bf4c-06f5698ffbd9}"
        }
    },
    "162": {
        "@timestamp": "2022-10-07T10:34:23.536Z",
        "winlog": {
            "provider_guid": "{5770385f-c22a-43e0-bf4c-06f5698ffbd9}",
            "event_data": {
                "ParentProcessGuid": "{dd01dab0-ffc6-633f-1855-010000004600}",
                "TerminalSessionId": "4",
                "ParentProcessId": "11260",
                "RuleName": "-",
                "ParentCommandLine": "C:\\Users\\mrdor\\AppData\\Local\\Programs\\Python\\Python39\\python.exe C:/Users/mrdor/PycharmProjects/Hunterbee/client/wireshark/wireshark_interface.py",
                "OriginalFileName": "Dumpcap.exe",
                "User": "ELMO\\mrdor",
                "LogonGuid": "{dd01dab0-b9ee-633f-e637-282600000000}",
                "Image": "C:\\Program Files\\Wireshark\\dumpcap.exe",
                "LogonId": "0x262837e6",
                "CurrentDirectory": "C:\\Users\\mrdor\\PycharmProjects\\Hunterbee\\client\\wireshark\\",
                "UtcTime": "2022-10-07 10:34:23.529",
                "ParentUser": "ELMO\\mrdor",
                "ProcessId": "12316",
                "IntegrityLevel": "High",
                "Hashes": "MD5=A85C48F3129B10CF5593FBF3B02836FF",
                "Product": "Dumpcap",
                "ParentImage": "C:\\Users\\mrdor\\AppData\\Local\\Programs\\Python\\Python39\\python.exe",
                "Description": "Dumpcap",
                "Company": "The Wireshark developer community",
                "FileVersion": "3.6.2",
                "ProcessGuid": "{dd01dab0-00af-6340-2056-010000004600}",
                "CommandLine": "\"C:/Program Files/Wireshark/dumpcap.exe\" -q -i Wi-Fi -w -"
            },
            "provider_name": "Microsoft-Windows-Sysmon",
            "computer_name": "Elmo",
            "task": "Process Create (rule: ProcessCreate)"
        },
        "host": {
            "ip": [
                "fe80::7cd2:efa8:dba2:6fc0",
                "169.254.111.192",
                "fe80::e431:7896:8d85:5aa",
                "172.21.208.1",
                "fe80::48ae:546b:7a20:7f52",
                "172.30.112.1",
                "fe80::f45e:e853:b6c1:9350",
                "192.168.56.1",
                "fe80::bc21:1b56:1d1:4b9f",
                "169.254.75.159",
                "fe80::4807:9ca5:cd67:6ac6",
                "169.254.106.198",
                "fe80::e097:4ef1:6314:5a55",
                "169.254.90.85",
                "fe80::d55:b4a9:26a4:7406",
                "192.168.1.102",
                "fe80::211f:b772:c6da:bfb3",
                "172.27.16.1",
                "fe80::f90c:d738:c01c:abc6",
                "172.28.192.1",
                "fe80::68fb:280b:ac6f:30de",
                "172.23.96.1"
            ],
            "name": "Elmo"
        }
    },
    "163": {
        "@timestamp": "2022-10-07T10:34:23.553Z",
        "host": {
            "name": "Elmo",
            "ip": [
                "fe80::7cd2:efa8:dba2:6fc0",
                "169.254.111.192",
                "fe80::e431:7896:8d85:5aa",
                "172.21.208.1",
                "fe80::48ae:546b:7a20:7f52",
                "172.30.112.1",
                "fe80::f45e:e853:b6c1:9350",
                "192.168.56.1",
                "fe80::bc21:1b56:1d1:4b9f",
                "169.254.75.159",
                "fe80::4807:9ca5:cd67:6ac6",
                "169.254.106.198",
                "fe80::e097:4ef1:6314:5a55",
                "169.254.90.85",
                "fe80::d55:b4a9:26a4:7406",
                "192.168.1.102",
                "fe80::211f:b772:c6da:bfb3",
                "172.27.16.1",
                "fe80::f90c:d738:c01c:abc6",
                "172.28.192.1",
                "fe80::68fb:280b:ac6f:30de",
                "172.23.96.1"
            ]
        },
        "winlog": {
            "provider_name": "Microsoft-Windows-Sysmon",
            "computer_name": "Elmo",
            "provider_guid": "{5770385f-c22a-43e0-bf4c-06f5698ffbd9}",
            "task": "Process Create (rule: ProcessCreate)",
            "event_data": {
                "CurrentDirectory": "C:\\Users\\mrdor\\PycharmProjects\\Hunterbee\\client\\wireshark\\",
                "TerminalSessionId": "4",
                "Hashes": "MD5=2C7476F44C33FE4FE26600AE7AE3900D",
                "ParentProcessId": "11260",
                "IntegrityLevel": "High",
                "ParentImage": "C:\\Users\\mrdor\\AppData\\Local\\Programs\\Python\\Python39\\python.exe",
                "ProcessGuid": "{dd01dab0-00af-6340-2156-010000004600}",
                "CommandLine": "\"C:/Program Files/Wireshark/tshark.exe\" -D",
                "User": "ELMO\\mrdor",
                "ProcessId": "21000",
                "LogonId": "0x262837e6",
                "FileVersion": "3.6.2",
                "Image": "C:\\Program Files\\Wireshark\\tshark.exe",
                "OriginalFileName": "TShark.exe",
                "Product": "TShark",
                "ParentProcessGuid": "{dd01dab0-ffc6-633f-1855-010000004600}",
                "UtcTime": "2022-10-07 10:34:23.541",
                "Company": "The Wireshark developer community",
                "ParentUser": "ELMO\\mrdor",
                "ParentCommandLine": "C:\\Users\\mrdor\\AppData\\Local\\Programs\\Python\\Python39\\python.exe C:/Users/mrdor/PycharmProjects/Hunterbee/client/wireshark/wireshark_interface.py",
                "RuleName": "-",
                "LogonGuid": "{dd01dab0-b9ee-633f-e637-282600000000}",
                "Description": "TShark"
            }
        }
    },
    "164": {
        "@timestamp": "2022-10-07T10:34:24.611Z",
        "winlog": {
            "computer_name": "Elmo",
            "event_data": {
                "Product": "Dumpcap",
                "IntegrityLevel": "High",
                "ParentProcessGuid": "{dd01dab0-00af-6340-2156-010000004600}",
                "Image": "C:\\Program Files\\Wireshark\\dumpcap.exe",
                "LogonId": "0x262837e6",
                "Hashes": "MD5=A85C48F3129B10CF5593FBF3B02836FF",
                "RuleName": "-",
                "ProcessGuid": "{dd01dab0-00b0-6340-2256-010000004600}",
                "User": "ELMO\\mrdor",
                "Company": "The Wireshark developer community",
                "ParentProcessId": "21000",
                "ParentUser": "ELMO\\mrdor",
                "Description": "Dumpcap",
                "ProcessId": "13932",
                "CommandLine": "\"C:\\Program Files\\Wireshark\\dumpcap.exe\" -D -Z none",
                "CurrentDirectory": "C:\\Users\\mrdor\\PycharmProjects\\Hunterbee\\client\\wireshark\\",
                "TerminalSessionId": "4",
                "UtcTime": "2022-10-07 10:34:24.603",
                "OriginalFileName": "Dumpcap.exe",
                "FileVersion": "3.6.2",
                "ParentImage": "C:\\Program Files\\Wireshark\\tshark.exe",
                "LogonGuid": "{dd01dab0-b9ee-633f-e637-282600000000}",
                "ParentCommandLine": "\"C:/Program Files/Wireshark/tshark.exe\" -D"
            },
            "task": "Process Create (rule: ProcessCreate)",
            "provider_name": "Microsoft-Windows-Sysmon",
            "provider_guid": "{5770385f-c22a-43e0-bf4c-06f5698ffbd9}"
        },
        "host": {
            "name": "Elmo",
            "ip": [
                "fe80::7cd2:efa8:dba2:6fc0",
                "169.254.111.192",
                "fe80::e431:7896:8d85:5aa",
                "172.21.208.1",
                "fe80::48ae:546b:7a20:7f52",
                "172.30.112.1",
                "fe80::f45e:e853:b6c1:9350",
                "192.168.56.1",
                "fe80::bc21:1b56:1d1:4b9f",
                "169.254.75.159",
                "fe80::4807:9ca5:cd67:6ac6",
                "169.254.106.198",
                "fe80::e097:4ef1:6314:5a55",
                "169.254.90.85",
                "fe80::d55:b4a9:26a4:7406",
                "192.168.1.102",
                "fe80::211f:b772:c6da:bfb3",
                "172.27.16.1",
                "fe80::f90c:d738:c01c:abc6",
                "172.28.192.1",
                "fe80::68fb:280b:ac6f:30de",
                "172.23.96.1"
            ]
        }
    },
    "165": {
        "@timestamp": "2022-10-07T10:34:25.257Z",
        "host": {
            "ip": [
                "fe80::7cd2:efa8:dba2:6fc0",
                "169.254.111.192",
                "fe80::e431:7896:8d85:5aa",
                "172.21.208.1",
                "fe80::48ae:546b:7a20:7f52",
                "172.30.112.1",
                "fe80::f45e:e853:b6c1:9350",
                "192.168.56.1",
                "fe80::bc21:1b56:1d1:4b9f",
                "169.254.75.159",
                "fe80::4807:9ca5:cd67:6ac6",
                "169.254.106.198",
                "fe80::e097:4ef1:6314:5a55",
                "169.254.90.85",
                "fe80::d55:b4a9:26a4:7406",
                "192.168.1.102",
                "fe80::211f:b772:c6da:bfb3",
                "172.27.16.1",
                "fe80::f90c:d738:c01c:abc6",
                "172.28.192.1",
                "fe80::68fb:280b:ac6f:30de",
                "172.23.96.1"
            ],
            "name": "Elmo"
        },
        "winlog": {
            "computer_name": "Elmo",
            "event_data": {
                "Image": "C:\\Program Files\\Wireshark\\tshark.exe",
                "User": "ELMO\\mrdor",
                "LogonId": "0x262837e6",
                "ParentImage": "C:\\Users\\mrdor\\AppData\\Local\\Programs\\Python\\Python39\\python.exe",
                "ProcessId": "6532",
                "ParentProcessGuid": "{dd01dab0-ffc6-633f-1855-010000004600}",
                "LogonGuid": "{dd01dab0-b9ee-633f-e637-282600000000}",
                "Hashes": "MD5=2C7476F44C33FE4FE26600AE7AE3900D",
                "CommandLine": "\"C:/Program Files/Wireshark/tshark.exe\" -l -n -T pdml -c 25 -w C:/Users/mrdor/PycharmProjects/Hunterbee/client/tempfiles/Logs/Wireshark/wireshark-logs-16.pcap -i -",
                "TerminalSessionId": "4",
                "UtcTime": "2022-10-07 10:34:25.246",
                "ProcessGuid": "{dd01dab0-00b1-6340-2456-010000004600}",
                "RuleName": "-",
                "OriginalFileName": "TShark.exe",
                "FileVersion": "3.6.2",
                "Company": "The Wireshark developer community",
                "ParentUser": "ELMO\\mrdor",
                "CurrentDirectory": "C:\\Users\\mrdor\\PycharmProjects\\Hunterbee\\client\\wireshark\\",
                "IntegrityLevel": "High",
                "ParentCommandLine": "C:\\Users\\mrdor\\AppData\\Local\\Programs\\Python\\Python39\\python.exe C:/Users/mrdor/PycharmProjects/Hunterbee/client/wireshark/wireshark_interface.py",
                "Description": "TShark",
                "ParentProcessId": "11260",
                "Product": "TShark"
            },
            "provider_name": "Microsoft-Windows-Sysmon",
            "task": "Process Create (rule: ProcessCreate)",
            "provider_guid": "{5770385f-c22a-43e0-bf4c-06f5698ffbd9}"
        }
    },
    "166": {
        "@timestamp": "2022-10-07T10:34:26.168Z",
        "host": {
            "ip": [
                "fe80::7cd2:efa8:dba2:6fc0",
                "169.254.111.192",
                "fe80::e431:7896:8d85:5aa",
                "172.21.208.1",
                "fe80::48ae:546b:7a20:7f52",
                "172.30.112.1",
                "fe80::f45e:e853:b6c1:9350",
                "192.168.56.1",
                "fe80::bc21:1b56:1d1:4b9f",
                "169.254.75.159",
                "fe80::4807:9ca5:cd67:6ac6",
                "169.254.106.198",
                "fe80::e097:4ef1:6314:5a55",
                "169.254.90.85",
                "fe80::d55:b4a9:26a4:7406",
                "192.168.1.102",
                "fe80::211f:b772:c6da:bfb3",
                "172.27.16.1",
                "fe80::f90c:d738:c01c:abc6",
                "172.28.192.1",
                "fe80::68fb:280b:ac6f:30de",
                "172.23.96.1"
            ],
            "name": "Elmo"
        },
        "winlog": {
            "provider_name": "Microsoft-Windows-Sysmon",
            "task": "Process Create (rule: ProcessCreate)",
            "computer_name": "Elmo",
            "event_data": {
                "Hashes": "MD5=A85C48F3129B10CF5593FBF3B02836FF",
                "ParentUser": "ELMO\\mrdor",
                "Image": "C:\\Program Files\\Wireshark\\dumpcap.exe",
                "OriginalFileName": "Dumpcap.exe",
                "TerminalSessionId": "4",
                "ProcessId": "11988",
                "FileVersion": "3.6.2",
                "RuleName": "-",
                "ParentCommandLine": "\"C:/Program Files/Wireshark/tshark.exe\" -l -n -T pdml -c 25 -w C:/Users/mrdor/PycharmProjects/Hunterbee/client/tempfiles/Logs/Wireshark/wireshark-logs-16.pcap -i -",
                "Description": "Dumpcap",
                "UtcTime": "2022-10-07 10:34:26.163",
                "IntegrityLevel": "High",
                "CommandLine": "\"C:\\Program Files\\Wireshark\\dumpcap.exe\" -D -Z none",
                "CurrentDirectory": "C:\\Users\\mrdor\\PycharmProjects\\Hunterbee\\client\\wireshark\\",
                "LogonGuid": "{dd01dab0-b9ee-633f-e637-282600000000}",
                "ProcessGuid": "{dd01dab0-00b2-6340-2656-010000004600}",
                "ParentProcessGuid": "{dd01dab0-00b1-6340-2456-010000004600}",
                "Product": "Dumpcap",
                "User": "ELMO\\mrdor",
                "ParentImage": "C:\\Program Files\\Wireshark\\tshark.exe",
                "LogonId": "0x262837e6",
                "ParentProcessId": "6532",
                "Company": "The Wireshark developer community"
            },
            "provider_guid": "{5770385f-c22a-43e0-bf4c-06f5698ffbd9}"
        }
    },
    "167": {
        "@timestamp": "2022-10-07T10:34:26.825Z",
        "host": {
            "ip": [
                "fe80::7cd2:efa8:dba2:6fc0",
                "169.254.111.192",
                "fe80::e431:7896:8d85:5aa",
                "172.21.208.1",
                "fe80::48ae:546b:7a20:7f52",
                "172.30.112.1",
                "fe80::f45e:e853:b6c1:9350",
                "192.168.56.1",
                "fe80::bc21:1b56:1d1:4b9f",
                "169.254.75.159",
                "fe80::4807:9ca5:cd67:6ac6",
                "169.254.106.198",
                "fe80::e097:4ef1:6314:5a55",
                "169.254.90.85",
                "fe80::d55:b4a9:26a4:7406",
                "192.168.1.102",
                "fe80::211f:b772:c6da:bfb3",
                "172.27.16.1",
                "fe80::f90c:d738:c01c:abc6",
                "172.28.192.1",
                "fe80::68fb:280b:ac6f:30de",
                "172.23.96.1"
            ],
            "name": "Elmo"
        },
        "winlog": {
            "provider_name": "Microsoft-Windows-Sysmon",
            "task": "Process Create (rule: ProcessCreate)",
            "event_data": {
                "ParentProcessGuid": "{dd01dab0-00b1-6340-2456-010000004600}",
                "FileVersion": "3.6.2",
                "IntegrityLevel": "High",
                "Product": "Dumpcap",
                "RuleName": "-",
                "LogonGuid": "{dd01dab0-b9ee-633f-e637-282600000000}",
                "UtcTime": "2022-10-07 10:34:26.822",
                "ProcessId": "22968",
                "Image": "C:\\Program Files\\Wireshark\\dumpcap.exe",
                "Description": "Dumpcap",
                "ParentUser": "ELMO\\mrdor",
                "Company": "The Wireshark developer community",
                "OriginalFileName": "Dumpcap.exe",
                "Hashes": "MD5=A85C48F3129B10CF5593FBF3B02836FF",
                "CurrentDirectory": "C:\\Users\\mrdor\\PycharmProjects\\Hunterbee\\client\\wireshark\\",
                "LogonId": "0x262837e6",
                "ParentCommandLine": "\"C:/Program Files/Wireshark/tshark.exe\" -l -n -T pdml -c 25 -w C:/Users/mrdor/PycharmProjects/Hunterbee/client/tempfiles/Logs/Wireshark/wireshark-logs-16.pcap -i -",
                "CommandLine": "\"C:\\Program Files\\Wireshark\\dumpcap.exe\" -n -c 25 -i - -Z 6532 -w C:/Users/mrdor/PycharmProjects/Hunterbee/client/tempfiles/Logs/Wireshark/wireshark-logs-16.pcap",
                "TerminalSessionId": "4",
                "User": "ELMO\\mrdor",
                "ParentImage": "C:\\Program Files\\Wireshark\\tshark.exe",
                "ProcessGuid": "{dd01dab0-00b2-6340-2856-010000004600}",
                "ParentProcessId": "6532"
            },
            "provider_guid": "{5770385f-c22a-43e0-bf4c-06f5698ffbd9}",
            "computer_name": "Elmo"
        }
    },
    "168": {
        "@timestamp": "2022-10-07T10:34:39.858Z",
        "winlog": {
            "task": "Process Create (rule: ProcessCreate)",
            "provider_name": "Microsoft-Windows-Sysmon",
            "provider_guid": "{5770385f-c22a-43e0-bf4c-06f5698ffbd9}",
            "computer_name": "Elmo",
            "event_data": {
                "Hashes": "MD5=8A2122E8162DBEF04694B9C3E0B6CDEE",
                "ParentProcessId": "11260",
                "ParentImage": "C:\\Users\\mrdor\\AppData\\Local\\Programs\\Python\\Python39\\python.exe",
                "ParentCommandLine": "C:\\Users\\mrdor\\AppData\\Local\\Programs\\Python\\Python39\\python.exe C:/Users/mrdor/PycharmProjects/Hunterbee/client/wireshark/wireshark_interface.py",
                "CurrentDirectory": "C:\\Users\\mrdor\\PycharmProjects\\Hunterbee\\client\\wireshark\\",
                "ProcessId": "15708",
                "LogonId": "0x262837e6",
                "TerminalSessionId": "4",
                "Product": "Microsoft\u00c2\u00ae Windows\u00c2\u00ae Operating System",
                "Company": "Microsoft Corporation",
                "CommandLine": "C:\\Windows\\system32\\cmd.exe /c \"tshark -r C:/Users/mrdor/PycharmProjects/Hunterbee/client/tempfiles/Logs/Wireshark/wireshark-logs-16.pcap -T json > C:/Users/mrdor/PycharmProjects/Hunterbee/client/tempfiles/Logs/Wireshark/wireshark-logs-16.json\"",
                "RuleName": "-",
                "IntegrityLevel": "High",
                "Image": "C:\\Windows\\System32\\cmd.exe",
                "ProcessGuid": "{dd01dab0-00bf-6340-2a56-010000004600}",
                "ParentProcessGuid": "{dd01dab0-ffc6-633f-1855-010000004600}",
                "ParentUser": "ELMO\\mrdor",
                "FileVersion": "10.0.19041.746 (WinBuild.160101.0800)",
                "Description": "Windows Command Processor",
                "OriginalFileName": "Cmd.Exe",
                "User": "ELMO\\mrdor",
                "LogonGuid": "{dd01dab0-b9ee-633f-e637-282600000000}",
                "UtcTime": "2022-10-07 10:34:39.855"
            }
        },
        "host": {
            "name": "Elmo",
            "ip": [
                "fe80::7cd2:efa8:dba2:6fc0",
                "169.254.111.192",
                "fe80::e431:7896:8d85:5aa",
                "172.21.208.1",
                "fe80::48ae:546b:7a20:7f52",
                "172.30.112.1",
                "fe80::f45e:e853:b6c1:9350",
                "192.168.56.1",
                "fe80::bc21:1b56:1d1:4b9f",
                "169.254.75.159",
                "fe80::4807:9ca5:cd67:6ac6",
                "169.254.106.198",
                "fe80::e097:4ef1:6314:5a55",
                "169.254.90.85",
                "fe80::d55:b4a9:26a4:7406",
                "192.168.1.102",
                "fe80::211f:b772:c6da:bfb3",
                "172.27.16.1",
                "fe80::f90c:d738:c01c:abc6",
                "172.28.192.1",
                "fe80::68fb:280b:ac6f:30de",
                "172.23.96.1"
            ]
        }
    },
    "169": {
        "@timestamp": "2022-10-07T10:34:39.871Z",
        "winlog": {
            "provider_name": "Microsoft-Windows-Sysmon",
            "event_data": {
                "UtcTime": "2022-10-07 10:34:39.869",
                "IntegrityLevel": "High",
                "RuleName": "-",
                "Company": "The Wireshark developer community",
                "LogonGuid": "{dd01dab0-b9ee-633f-e637-282600000000}",
                "ParentImage": "C:\\Windows\\System32\\cmd.exe",
                "ParentProcessId": "15708",
                "OriginalFileName": "TShark.exe",
                "ParentProcessGuid": "{dd01dab0-00bf-6340-2a56-010000004600}",
                "ProcessGuid": "{dd01dab0-00bf-6340-2b56-010000004600}",
                "FileVersion": "3.6.2",
                "Description": "TShark",
                "TerminalSessionId": "4",
                "Image": "C:\\Program Files\\Wireshark\\tshark.exe",
                "Hashes": "MD5=2C7476F44C33FE4FE26600AE7AE3900D",
                "Product": "TShark",
                "CurrentDirectory": "C:\\Users\\mrdor\\PycharmProjects\\Hunterbee\\client\\wireshark\\",
                "CommandLine": "tshark  -r C:/Users/mrdor/PycharmProjects/Hunterbee/client/tempfiles/Logs/Wireshark/wireshark-logs-16.pcap -T json ",
                "ProcessId": "15700",
                "LogonId": "0x262837e6",
                "ParentUser": "ELMO\\mrdor",
                "User": "ELMO\\mrdor",
                "ParentCommandLine": "C:\\Windows\\system32\\cmd.exe /c \"tshark -r C:/Users/mrdor/PycharmProjects/Hunterbee/client/tempfiles/Logs/Wireshark/wireshark-logs-16.pcap -T json > C:/Users/mrdor/PycharmProjects/Hunterbee/client/tempfiles/Logs/Wireshark/wireshark-logs-16.json\""
            },
            "provider_guid": "{5770385f-c22a-43e0-bf4c-06f5698ffbd9}",
            "computer_name": "Elmo",
            "task": "Process Create (rule: ProcessCreate)"
        },
        "host": {
            "name": "Elmo",
            "ip": [
                "fe80::7cd2:efa8:dba2:6fc0",
                "169.254.111.192",
                "fe80::e431:7896:8d85:5aa",
                "172.21.208.1",
                "fe80::48ae:546b:7a20:7f52",
                "172.30.112.1",
                "fe80::f45e:e853:b6c1:9350",
                "192.168.56.1",
                "fe80::bc21:1b56:1d1:4b9f",
                "169.254.75.159",
                "fe80::4807:9ca5:cd67:6ac6",
                "169.254.106.198",
                "fe80::e097:4ef1:6314:5a55",
                "169.254.90.85",
                "fe80::d55:b4a9:26a4:7406",
                "192.168.1.102",
                "fe80::211f:b772:c6da:bfb3",
                "172.27.16.1",
                "fe80::f90c:d738:c01c:abc6",
                "172.28.192.1",
                "fe80::68fb:280b:ac6f:30de",
                "172.23.96.1"
            ]
        }
    },
    "170": {
        "@timestamp": "2022-10-07T10:34:40.299Z",
        "host": {
            "ip": [
                "fe80::7cd2:efa8:dba2:6fc0",
                "169.254.111.192",
                "fe80::e431:7896:8d85:5aa",
                "172.21.208.1",
                "fe80::48ae:546b:7a20:7f52",
                "172.30.112.1",
                "fe80::f45e:e853:b6c1:9350",
                "192.168.56.1",
                "fe80::bc21:1b56:1d1:4b9f",
                "169.254.75.159",
                "fe80::4807:9ca5:cd67:6ac6",
                "169.254.106.198",
                "fe80::e097:4ef1:6314:5a55",
                "169.254.90.85",
                "fe80::d55:b4a9:26a4:7406",
                "192.168.1.102",
                "fe80::211f:b772:c6da:bfb3",
                "172.27.16.1",
                "fe80::f90c:d738:c01c:abc6",
                "172.28.192.1",
                "fe80::68fb:280b:ac6f:30de",
                "172.23.96.1"
            ],
            "name": "Elmo"
        },
        "winlog": {
            "provider_guid": "{5770385f-c22a-43e0-bf4c-06f5698ffbd9}",
            "computer_name": "Elmo",
            "provider_name": "Microsoft-Windows-Sysmon",
            "event_data": {
                "Hashes": "MD5=2C7476F44C33FE4FE26600AE7AE3900D",
                "RuleName": "-",
                "ProcessId": "20980",
                "IntegrityLevel": "High",
                "LogonGuid": "{dd01dab0-b9ee-633f-e637-282600000000}",
                "ParentProcessGuid": "{dd01dab0-ffc6-633f-1855-010000004600}",
                "Image": "C:\\Program Files\\Wireshark\\tshark.exe",
                "ParentUser": "ELMO\\mrdor",
                "FileVersion": "3.6.2",
                "Description": "TShark",
                "UtcTime": "2022-10-07 10:34:40.297",
                "CommandLine": "\"C:/Program Files/Wireshark/tshark.exe\" -D",
                "Product": "TShark",
                "User": "ELMO\\mrdor",
                "TerminalSessionId": "4",
                "ParentCommandLine": "C:\\Users\\mrdor\\AppData\\Local\\Programs\\Python\\Python39\\python.exe C:/Users/mrdor/PycharmProjects/Hunterbee/client/wireshark/wireshark_interface.py",
                "CurrentDirectory": "C:\\Users\\mrdor\\PycharmProjects\\Hunterbee\\client\\wireshark\\",
                "LogonId": "0x262837e6",
                "ParentProcessId": "11260",
                "ParentImage": "C:\\Users\\mrdor\\AppData\\Local\\Programs\\Python\\Python39\\python.exe",
                "Company": "The Wireshark developer community",
                "ProcessGuid": "{dd01dab0-00c0-6340-2c56-010000004600}",
                "OriginalFileName": "TShark.exe"
            },
            "task": "Process Create (rule: ProcessCreate)"
        }
    },
    "171": {
        "@timestamp": "2022-10-07T10:34:40.550Z",
        "winlog": {
            "event_data": {
                "LogonGuid": "{dd01dab0-b9ee-633f-e637-282600000000}",
                "LogonId": "0x262837e6",
                "ParentProcessGuid": "{dd01dab0-00c0-6340-2c56-010000004600}",
                "TerminalSessionId": "4",
                "IntegrityLevel": "High",
                "FileVersion": "3.6.2",
                "CommandLine": "\"C:\\Program Files\\Wireshark\\dumpcap.exe\" -D -Z none",
                "Product": "Dumpcap",
                "UtcTime": "2022-10-07 10:34:40.548",
                "ParentUser": "ELMO\\mrdor",
                "Company": "The Wireshark developer community",
                "OriginalFileName": "Dumpcap.exe",
                "ParentCommandLine": "\"C:/Program Files/Wireshark/tshark.exe\" -D",
                "Description": "Dumpcap",
                "ProcessId": "9860",
                "Image": "C:\\Program Files\\Wireshark\\dumpcap.exe",
                "User": "ELMO\\mrdor",
                "Hashes": "MD5=A85C48F3129B10CF5593FBF3B02836FF",
                "ParentProcessId": "20980",
                "CurrentDirectory": "C:\\Users\\mrdor\\PycharmProjects\\Hunterbee\\client\\wireshark\\",
                "ParentImage": "C:\\Program Files\\Wireshark\\tshark.exe",
                "ProcessGuid": "{dd01dab0-00c0-6340-2e56-010000004600}",
                "RuleName": "-"
            },
            "computer_name": "Elmo",
            "provider_name": "Microsoft-Windows-Sysmon",
            "task": "Process Create (rule: ProcessCreate)",
            "provider_guid": "{5770385f-c22a-43e0-bf4c-06f5698ffbd9}"
        },
        "host": {
            "name": "Elmo",
            "ip": [
                "fe80::7cd2:efa8:dba2:6fc0",
                "169.254.111.192",
                "fe80::e431:7896:8d85:5aa",
                "172.21.208.1",
                "fe80::48ae:546b:7a20:7f52",
                "172.30.112.1",
                "fe80::f45e:e853:b6c1:9350",
                "192.168.56.1",
                "fe80::bc21:1b56:1d1:4b9f",
                "169.254.75.159",
                "fe80::4807:9ca5:cd67:6ac6",
                "169.254.106.198",
                "fe80::e097:4ef1:6314:5a55",
                "169.254.90.85",
                "fe80::d55:b4a9:26a4:7406",
                "192.168.1.102",
                "fe80::211f:b772:c6da:bfb3",
                "172.27.16.1",
                "fe80::f90c:d738:c01c:abc6",
                "172.28.192.1",
                "fe80::68fb:280b:ac6f:30de",
                "172.23.96.1"
            ]
        }
    },
    "172": {
        "@timestamp": "2022-10-07T10:34:40.715Z",
        "winlog": {
            "task": "Process Create (rule: ProcessCreate)",
            "event_data": {
                "Description": "TShark",
                "LogonGuid": "{dd01dab0-b9ee-633f-e637-282600000000}",
                "TerminalSessionId": "4",
                "IntegrityLevel": "High",
                "Product": "TShark",
                "ParentProcessId": "11260",
                "CurrentDirectory": "C:\\Users\\mrdor\\PycharmProjects\\Hunterbee\\client\\wireshark\\",
                "LogonId": "0x262837e6",
                "ParentImage": "C:\\Users\\mrdor\\AppData\\Local\\Programs\\Python\\Python39\\python.exe",
                "Company": "The Wireshark developer community",
                "CommandLine": "\"C:/Program Files/Wireshark/tshark.exe\" -v",
                "ParentProcessGuid": "{dd01dab0-ffc6-633f-1855-010000004600}",
                "ProcessId": "7668",
                "OriginalFileName": "TShark.exe",
                "ParentUser": "ELMO\\mrdor",
                "ProcessGuid": "{dd01dab0-00c0-6340-3056-010000004600}",
                "Hashes": "MD5=2C7476F44C33FE4FE26600AE7AE3900D",
                "ParentCommandLine": "C:\\Users\\mrdor\\AppData\\Local\\Programs\\Python\\Python39\\python.exe C:/Users/mrdor/PycharmProjects/Hunterbee/client/wireshark/wireshark_interface.py",
                "FileVersion": "3.6.2",
                "User": "ELMO\\mrdor",
                "RuleName": "-",
                "UtcTime": "2022-10-07 10:34:40.714",
                "Image": "C:\\Program Files\\Wireshark\\tshark.exe"
            },
            "provider_guid": "{5770385f-c22a-43e0-bf4c-06f5698ffbd9}",
            "computer_name": "Elmo",
            "provider_name": "Microsoft-Windows-Sysmon"
        },
        "host": {
            "ip": [
                "fe80::7cd2:efa8:dba2:6fc0",
                "169.254.111.192",
                "fe80::e431:7896:8d85:5aa",
                "172.21.208.1",
                "fe80::48ae:546b:7a20:7f52",
                "172.30.112.1",
                "fe80::f45e:e853:b6c1:9350",
                "192.168.56.1",
                "fe80::bc21:1b56:1d1:4b9f",
                "169.254.75.159",
                "fe80::4807:9ca5:cd67:6ac6",
                "169.254.106.198",
                "fe80::e097:4ef1:6314:5a55",
                "169.254.90.85",
                "fe80::d55:b4a9:26a4:7406",
                "192.168.1.102",
                "fe80::211f:b772:c6da:bfb3",
                "172.27.16.1",
                "fe80::f90c:d738:c01c:abc6",
                "172.28.192.1",
                "fe80::68fb:280b:ac6f:30de",
                "172.23.96.1"
            ],
            "name": "Elmo"
        }
    },
    "173": {
        "@timestamp": "2022-10-07T10:34:40.951Z",
        "winlog": {
            "task": "Process Create (rule: ProcessCreate)",
            "provider_guid": "{5770385f-c22a-43e0-bf4c-06f5698ffbd9}",
            "event_data": {
                "Product": "Microsoft\u00c2\u00ae Windows\u00c2\u00ae Operating System",
                "CommandLine": "\"C:\\Windows\\SysWOW64\\DllHost.exe\" /Processid:{776DBC8D-7347-478C-8D71-791E12EF49D8}",
                "IntegrityLevel": "Medium",
                "FileVersion": "10.0.19041.546 (WinBuild.160101.0800)",
                "ProcessId": "22736",
                "RuleName": "-",
                "CurrentDirectory": "C:\\Windows\\system32\\",
                "LogonGuid": "{dd01dab0-b9ee-633f-2067-282600000000}",
                "Image": "C:\\Windows\\SysWOW64\\dllhost.exe",
                "ParentUser": "NT AUTHORITY\\SYSTEM",
                "ParentImage": "C:\\Windows\\System32\\svchost.exe",
                "UtcTime": "2022-10-07 10:34:40.948",
                "ParentProcessGuid": "{dd01dab0-dc24-633b-0f00-000000004600}",
                "ParentCommandLine": "C:\\Windows\\system32\\svchost.exe -k DcomLaunch -p",
                "TerminalSessionId": "4",
                "OriginalFileName": "dllhost.exe",
                "ProcessGuid": "{dd01dab0-00c0-6340-3156-010000004600}",
                "Company": "Microsoft Corporation",
                "User": "ELMO\\mrdor",
                "LogonId": "0x26286720",
                "Hashes": "MD5=6F3C9485F8F97AC04C8E43EF4463A68C",
                "ParentProcessId": "744",
                "Description": "COM Surrogate"
            },
            "provider_name": "Microsoft-Windows-Sysmon",
            "computer_name": "Elmo"
        },
        "host": {
            "name": "Elmo",
            "ip": [
                "fe80::7cd2:efa8:dba2:6fc0",
                "169.254.111.192",
                "fe80::e431:7896:8d85:5aa",
                "172.21.208.1",
                "fe80::48ae:546b:7a20:7f52",
                "172.30.112.1",
                "fe80::f45e:e853:b6c1:9350",
                "192.168.56.1",
                "fe80::bc21:1b56:1d1:4b9f",
                "169.254.75.159",
                "fe80::4807:9ca5:cd67:6ac6",
                "169.254.106.198",
                "fe80::e097:4ef1:6314:5a55",
                "169.254.90.85",
                "fe80::d55:b4a9:26a4:7406",
                "192.168.1.102",
                "fe80::211f:b772:c6da:bfb3",
                "172.27.16.1",
                "fe80::f90c:d738:c01c:abc6",
                "172.28.192.1",
                "fe80::68fb:280b:ac6f:30de",
                "172.23.96.1"
            ]
        }
    },
    "174": {
        "@timestamp": "2022-10-07T10:34:40.975Z",
        "winlog": {
            "event_data": {
                "IntegrityLevel": "High",
                "RuleName": "-",
                "UtcTime": "2022-10-07 10:34:40.973",
                "Image": "C:\\Program Files\\Wireshark\\dumpcap.exe",
                "ProcessGuid": "{dd01dab0-00c0-6340-3256-010000004600}",
                "LogonGuid": "{dd01dab0-b9ee-633f-e637-282600000000}",
                "ParentProcessId": "11260",
                "ParentImage": "C:\\Users\\mrdor\\AppData\\Local\\Programs\\Python\\Python39\\python.exe",
                "Hashes": "MD5=A85C48F3129B10CF5593FBF3B02836FF",
                "FileVersion": "3.6.2",
                "User": "ELMO\\mrdor",
                "TerminalSessionId": "4",
                "Company": "The Wireshark developer community",
                "ParentProcessGuid": "{dd01dab0-ffc6-633f-1855-010000004600}",
                "Product": "Dumpcap",
                "OriginalFileName": "Dumpcap.exe",
                "CurrentDirectory": "C:\\Users\\mrdor\\PycharmProjects\\Hunterbee\\client\\wireshark\\",
                "ParentCommandLine": "C:\\Users\\mrdor\\AppData\\Local\\Programs\\Python\\Python39\\python.exe C:/Users/mrdor/PycharmProjects/Hunterbee/client/wireshark/wireshark_interface.py",
                "CommandLine": "\"C:/Program Files/Wireshark/dumpcap.exe\" -q -i Wi-Fi -w -",
                "LogonId": "0x262837e6",
                "ParentUser": "ELMO\\mrdor",
                "ProcessId": "680",
                "Description": "Dumpcap"
            },
            "task": "Process Create (rule: ProcessCreate)",
            "provider_guid": "{5770385f-c22a-43e0-bf4c-06f5698ffbd9}",
            "computer_name": "Elmo",
            "provider_name": "Microsoft-Windows-Sysmon"
        },
        "host": {
            "name": "Elmo",
            "ip": [
                "fe80::7cd2:efa8:dba2:6fc0",
                "169.254.111.192",
                "fe80::e431:7896:8d85:5aa",
                "172.21.208.1",
                "fe80::48ae:546b:7a20:7f52",
                "172.30.112.1",
                "fe80::f45e:e853:b6c1:9350",
                "192.168.56.1",
                "fe80::bc21:1b56:1d1:4b9f",
                "169.254.75.159",
                "fe80::4807:9ca5:cd67:6ac6",
                "169.254.106.198",
                "fe80::e097:4ef1:6314:5a55",
                "169.254.90.85",
                "fe80::d55:b4a9:26a4:7406",
                "192.168.1.102",
                "fe80::211f:b772:c6da:bfb3",
                "172.27.16.1",
                "fe80::f90c:d738:c01c:abc6",
                "172.28.192.1",
                "fe80::68fb:280b:ac6f:30de",
                "172.23.96.1"
            ]
        }
    },
    "175": {
        "@timestamp": "2022-10-07T10:34:40.979Z",
        "host": {
            "ip": [
                "fe80::7cd2:efa8:dba2:6fc0",
                "169.254.111.192",
                "fe80::e431:7896:8d85:5aa",
                "172.21.208.1",
                "fe80::48ae:546b:7a20:7f52",
                "172.30.112.1",
                "fe80::f45e:e853:b6c1:9350",
                "192.168.56.1",
                "fe80::bc21:1b56:1d1:4b9f",
                "169.254.75.159",
                "fe80::4807:9ca5:cd67:6ac6",
                "169.254.106.198",
                "fe80::e097:4ef1:6314:5a55",
                "169.254.90.85",
                "fe80::d55:b4a9:26a4:7406",
                "192.168.1.102",
                "fe80::211f:b772:c6da:bfb3",
                "172.27.16.1",
                "fe80::f90c:d738:c01c:abc6",
                "172.28.192.1",
                "fe80::68fb:280b:ac6f:30de",
                "172.23.96.1"
            ],
            "name": "Elmo"
        },
        "winlog": {
            "task": "Process Create (rule: ProcessCreate)",
            "provider_guid": "{5770385f-c22a-43e0-bf4c-06f5698ffbd9}",
            "event_data": {
                "IntegrityLevel": "High",
                "ParentUser": "ELMO\\mrdor",
                "User": "ELMO\\mrdor",
                "Product": "TShark",
                "LogonGuid": "{dd01dab0-b9ee-633f-e637-282600000000}",
                "Image": "C:\\Program Files\\Wireshark\\tshark.exe",
                "Company": "The Wireshark developer community",
                "LogonId": "0x262837e6",
                "RuleName": "-",
                "CurrentDirectory": "C:\\Users\\mrdor\\PycharmProjects\\Hunterbee\\client\\wireshark\\",
                "ParentCommandLine": "C:\\Users\\mrdor\\AppData\\Local\\Programs\\Python\\Python39\\python.exe C:/Users/mrdor/PycharmProjects/Hunterbee/client/wireshark/wireshark_interface.py",
                "ParentProcessId": "11260",
                "ParentImage": "C:\\Users\\mrdor\\AppData\\Local\\Programs\\Python\\Python39\\python.exe",
                "FileVersion": "3.6.2",
