                "ProcessGuid": "{dd01dab0-f82e-633f-5a4e-010000004600}",
                "CommandLine": "\"C:\\Program Files\\Git\\cmd\\git.exe\" -c credential.helper= -c core.quotepath=false -c log.showSignature=false status --porcelain -z --untracked-files=no --ignored=no -- client/tempfiles/Logs/Sysmon/sysmon-logs-26.json client/tempfiles/Logs/Sysmon/sysmon-logs-27.json client/tempfiles/Logs/Sysmon/sysmon-logs-28.json client/tempfiles/Logs/Sysmon/sysmon-logs-29.json client/tempfiles/Logs/Sysmon/sysmon-logs-30.json client/tempfiles/Logs/Sysmon/sysmon-logs-31.json client/tempfiles/Logs/Sysmon/sysmon-logs-32.json client/tempfiles/Logs/Sysmon/sysmon-logs-33.json client/tempfiles/Logs/Sysmon/sysmon-logs-34.json client/tempfiles/Logs/Sysmon/sysmon-logs-35.json client/tempfiles/Logs/Sysmon/sysmon-logs-36.json client/tempfiles/Logs/Sysmon/winlogbeat-20221007-26.ndjson client/tempfiles/Logs/Sysmon/winlogbeat-20221007-27.ndjson client/tempfiles/Logs/Sysmon/winlogbeat-20221007-37.ndjson client/tempfiles/Logs/Sysmon/winlogbeat-20221007-38.ndjson client/tempfiles/Logs/Wireshark/wireshark-logs-100.json client/tempfiles/Logs/Wireshark/wireshark-logs-101.json client/tempfiles/Logs/Wireshark/wireshark-logs-102.json client/tempfiles/Logs/Wireshark/wireshark-logs-103.json client/tempfiles/Logs/Wireshark/wireshark-logs-104.json client/tempfiles/Logs/Wireshark/wireshark-logs-105.json client/tempfiles/Logs/Wireshark/wireshark-logs-106.json client/tempfiles/Logs/Wireshark/wireshark-logs-107.json client/tempfiles/Logs/Wireshark/wireshark-logs-108.json client/tempfiles/Logs/Wireshark/wireshark-logs-109.json client/tempfiles/Logs/Wireshark/wireshark-logs-110.json client/tempfiles/Logs/Wireshark/wireshark-logs-111.json client/tempfiles/Logs/Wireshark/wireshark-logs-111.pcap client/tempfiles/Logs/Wireshark/wireshark-logs-112.json client/tempfiles/Logs/Wireshark/wireshark-logs-112.pcap client/tempfiles/Logs/Wireshark/wireshark-logs-75.pcap client/tempfiles/Logs/Wireshark/wireshark-logs-76.pcap client/tempfiles/Logs/Wireshark/wireshark-logs-77.json client/tempfiles/Logs/Wireshark/wireshark-logs-78.json client/tempfiles/Logs/Wireshark/wireshark-logs-79.json client/tempfiles/Logs/Wireshark/wireshark-logs-80.json client/tempfiles/Logs/Wireshark/wireshark-logs-81.json client/tempfiles/Logs/Wireshark/wireshark-logs-82.json client/tempfiles/Logs/Wireshark/wireshark-logs-83.json client/tempfiles/Logs/Wireshark/wireshark-logs-84.json client/tempfiles/Logs/Wireshark/wireshark-logs-85.json client/tempfiles/Logs/Wireshark/wireshark-logs-86.json client/tempfiles/Logs/Wireshark/wireshark-logs-87.json client/tempfiles/Logs/Wireshark/wireshark-logs-88.json client/tempfiles/Logs/Wireshark/wireshark-logs-89.json client/tempfiles/Logs/Wireshark/wireshark-logs-90.json client/tempfiles/Logs/Wireshark/wireshark-logs-91.json client/tempfiles/Logs/Wireshark/wireshark-logs-92.json client/tempfiles/Logs/Wireshark/wireshark-logs-93.json client/tempfiles/Logs/Wireshark/wireshark-logs-94.json client/tempfiles/Logs/Wireshark/wireshark-logs-95.json client/tempfiles/Logs/Wireshark/wireshark-logs-96.json client/tempfiles/Logs/Wireshark/wireshark-logs-97.json client/tempfiles/Logs/Wireshark/wireshark-logs-98.json client/tempfiles/Logs/Wireshark/wireshark-logs-99.json",
                "ProcessId": "8044",
                "Company": "The Git Development Community",
                "Hashes": "MD5=E87C1D27A0D6D4B36F05407A40418E0D",
                "ParentProcessGuid": "{dd01dab0-f82e-633f-584e-010000004600}",
                "LogonId": "0x262837e6",
                "ParentProcessId": "17732",
                "ParentCommandLine": "\"C:\\Program Files\\JetBrains\\PyCharm 2021.3\\bin\\runnerw.exe\" \"C:\\Program Files\\Git\\cmd\\git.exe\" -c credential.helper= -c core.quotepath=false -c log.showSignature=false status --porcelain -z --untracked-files=no --ignored=no -- client/tempfiles/Logs/Sysmon/sysmon-logs-26.json client/tempfiles/Logs/Sysmon/sysmon-logs-27.json client/tempfiles/Logs/Sysmon/sysmon-logs-28.json client/tempfiles/Logs/Sysmon/sysmon-logs-29.json client/tempfiles/Logs/Sysmon/sysmon-logs-30.json client/tempfiles/Logs/Sysmon/sysmon-logs-31.json client/tempfiles/Logs/Sysmon/sysmon-logs-32.json client/tempfiles/Logs/Sysmon/sysmon-logs-33.json client/tempfiles/Logs/Sysmon/sysmon-logs-34.json client/tempfiles/Logs/Sysmon/sysmon-logs-35.json client/tempfiles/Logs/Sysmon/sysmon-logs-36.json client/tempfiles/Logs/Sysmon/winlogbeat-20221007-26.ndjson client/tempfiles/Logs/Sysmon/winlogbeat-20221007-27.ndjson client/tempfiles/Logs/Sysmon/winlogbeat-20221007-37.ndjson client/tempfiles/Logs/Sysmon/winlogbeat-20221007-38.ndjson client/tempfiles/Logs/Wireshark/wireshark-logs-100.json client/tempfiles/Logs/Wireshark/wireshark-logs-101.json client/tempfiles/Logs/Wireshark/wireshark-logs-102.json client/tempfiles/Logs/Wireshark/wireshark-logs-103.json client/tempfiles/Logs/Wireshark/wireshark-logs-104.json client/tempfiles/Logs/Wireshark/wireshark-logs-105.json client/tempfiles/Logs/Wireshark/wireshark-logs-106.json client/tempfiles/Logs/Wireshark/wireshark-logs-107.json client/tempfiles/Logs/Wireshark/wireshark-logs-108.json client/tempfiles/Logs/Wireshark/wireshark-logs-109.json client/tempfiles/Logs/Wireshark/wireshark-logs-110.json client/tempfiles/Logs/Wireshark/wireshark-logs-111.json client/tempfiles/Logs/Wireshark/wireshark-logs-111.pcap client/tempfiles/Logs/Wireshark/wireshark-logs-112.json client/tempfiles/Logs/Wireshark/wireshark-logs-112.pcap client/tempfiles/Logs/Wireshark/wireshark-logs-75.pcap client/tempfiles/Logs/Wireshark/wireshark-logs-76.pcap client/tempfiles/Logs/Wireshark/wireshark-logs-77.json client/tempfiles/Logs/Wireshark/wireshark-logs-78.json client/tempfiles/Logs/Wireshark/wireshark-logs-79.json client/tempfiles/Logs/Wireshark/wireshark-logs-80.json client/tempfiles/Logs/Wireshark/wireshark-logs-81.json client/tempfiles/Logs/Wireshark/wireshark-logs-82.json client/tempfiles/Logs/Wireshark/wireshark-logs-83.json client/tempfiles/Logs/Wireshark/wireshark-logs-84.json client/tempfiles/Logs/Wireshark/wireshark-logs-85.json client/tempfiles/Logs/Wireshark/wireshark-logs-86.json client/tempfiles/Logs/Wireshark/wireshark-logs-87.json client/tempfiles/Logs/Wireshark/wireshark-logs-88.json client/tempfiles/Logs/Wireshark/wireshark-logs-89.json client/tempfiles/Logs/Wireshark/wireshark-logs-90.json client/tempfiles/Logs/Wireshark/wireshark-logs-91.json client/tempfiles/Logs/Wireshark/wireshark-logs-92.json client/tempfiles/Logs/Wireshark/wireshark-logs-93.json client/tempfiles/Logs/Wireshark/wireshark-logs-94.json client/tempfiles/Logs/Wireshark/wireshark-logs-95.json client/tempfiles/Logs/Wireshark/wireshark-logs-96.json client/tempfiles/Logs/Wireshark/wireshark-logs-97.json client/tempfiles/Logs/Wireshark/wireshark-logs-98.json client/tempfiles/Logs/Wireshark/wireshark-logs-99.json",
                "UtcTime": "2022-10-07 09:58:06.478",
                "ParentImage": "C:\\Program Files\\JetBrains\\PyCharm 2021.3\\bin\\runnerw.exe",
                "TerminalSessionId": "4",
                "IntegrityLevel": "High",
                "OriginalFileName": "git.exe",
                "User": "ELMO\\mrdor",
                "Image": "C:\\Program Files\\Git\\cmd\\git.exe",
                "Description": "Git for Windows",
                "Product": "Git",
                "ParentUser": "ELMO\\mrdor",
                "RuleName": "-"
            }
        },
        "host": {
            "ip": [
                "fe80::7cd2:efa8:dba2:6fc0",
                "169.254.111.192",
                "fe80::e431:7896:8d85:5aa",
                "172.21.208.1",
                "fe80::48ae:546b:7a20:7f52",
                "172.30.112.1",
                "fe80::bc21:1b56:1d1:4b9f",
                "169.254.75.159",
                "fe80::4807:9ca5:cd67:6ac6",
                "169.254.106.198",
                "fe80::e097:4ef1:6314:5a55",
                "169.254.90.85",
                "fe80::d55:b4a9:26a4:7406",
                "192.168.1.102",
                "fe80::211f:b772:c6da:bfb3",
                "172.27.16.1",
                "fe80::f90c:d738:c01c:abc6",
                "172.28.192.1"
            ],
            "name": "Elmo"
        }
    },
    "323": {
        "@timestamp": "2022-10-07T09:58:06.483Z",
        "host": {
            "name": "Elmo",
            "ip": [
                "fe80::7cd2:efa8:dba2:6fc0",
                "169.254.111.192",
                "fe80::e431:7896:8d85:5aa",
                "172.21.208.1",
                "fe80::48ae:546b:7a20:7f52",
                "172.30.112.1",
                "fe80::bc21:1b56:1d1:4b9f",
                "169.254.75.159",
                "fe80::4807:9ca5:cd67:6ac6",
                "169.254.106.198",
                "fe80::e097:4ef1:6314:5a55",
                "169.254.90.85",
                "fe80::d55:b4a9:26a4:7406",
                "192.168.1.102",
                "fe80::211f:b772:c6da:bfb3",
                "172.27.16.1",
                "fe80::f90c:d738:c01c:abc6",
                "172.28.192.1"
            ]
        },
        "winlog": {
            "task": "Process Create (rule: ProcessCreate)",
            "provider_name": "Microsoft-Windows-Sysmon",
            "provider_guid": "{5770385f-c22a-43e0-bf4c-06f5698ffbd9}",
            "computer_name": "Elmo",
            "event_data": {
                "Hashes": "MD5=A85C48F3129B10CF5593FBF3B02836FF",
                "Company": "The Wireshark developer community",
                "ParentUser": "ELMO\\mrdor",
                "RuleName": "-",
                "LogonGuid": "{dd01dab0-b9ee-633f-e637-282600000000}",
                "ProcessGuid": "{dd01dab0-f82e-633f-5b4e-010000004600}",
                "Product": "Dumpcap",
                "ParentProcessGuid": "{dd01dab0-f82e-633f-574e-010000004600}",
                "CurrentDirectory": "C:\\Users\\mrdor\\PycharmProjects\\Hunterbee\\client\\wireshark\\",
                "User": "ELMO\\mrdor",
                "ParentImage": "C:\\Program Files\\Wireshark\\tshark.exe",
                "CommandLine": "\"C:\\Program Files\\Wireshark\\dumpcap.exe\" -D -Z none",
                "ParentProcessId": "17088",
                "OriginalFileName": "Dumpcap.exe",
                "TerminalSessionId": "4",
                "Image": "C:\\Program Files\\Wireshark\\dumpcap.exe",
                "LogonId": "0x262837e6",
                "ParentCommandLine": "\"C:/Program Files/Wireshark/tshark.exe\" -D",
                "Description": "Dumpcap",
                "IntegrityLevel": "High",
                "UtcTime": "2022-10-07 09:58:06.482",
                "ProcessId": "10324",
                "FileVersion": "3.6.2"
            }
        }
    },
    "324": {
        "@timestamp": "2022-10-07T09:58:06.490Z",
        "host": {
            "ip": [
                "fe80::7cd2:efa8:dba2:6fc0",
                "169.254.111.192",
                "fe80::e431:7896:8d85:5aa",
                "172.21.208.1",
                "fe80::48ae:546b:7a20:7f52",
                "172.30.112.1",
                "fe80::bc21:1b56:1d1:4b9f",
                "169.254.75.159",
                "fe80::4807:9ca5:cd67:6ac6",
                "169.254.106.198",
                "fe80::e097:4ef1:6314:5a55",
                "169.254.90.85",
                "fe80::d55:b4a9:26a4:7406",
                "192.168.1.102",
                "fe80::211f:b772:c6da:bfb3",
                "172.27.16.1",
                "fe80::f90c:d738:c01c:abc6",
                "172.28.192.1"
            ],
            "name": "Elmo"
        },
        "winlog": {
            "event_data": {
                "ParentUser": "ELMO\\mrdor",
                "ProcessId": "20056",
                "Description": "Git for Windows",
                "ParentImage": "C:\\Program Files\\Git\\cmd\\git.exe",
                "OriginalFileName": "git.exe",
                "FileVersion": "-",
                "CurrentDirectory": "C:\\Users\\mrdor\\PycharmProjects\\Hunterbee\\",
                "IntegrityLevel": "High",
                "CommandLine": "git.exe -c credential.helper= -c core.quotepath=false -c log.showSignature=false status --porcelain -z --untracked-files=no --ignored=no -- client/tempfiles/Logs/Sysmon/sysmon-logs-26.json client/tempfiles/Logs/Sysmon/sysmon-logs-27.json client/tempfiles/Logs/Sysmon/sysmon-logs-28.json client/tempfiles/Logs/Sysmon/sysmon-logs-29.json client/tempfiles/Logs/Sysmon/sysmon-logs-30.json client/tempfiles/Logs/Sysmon/sysmon-logs-31.json client/tempfiles/Logs/Sysmon/sysmon-logs-32.json client/tempfiles/Logs/Sysmon/sysmon-logs-33.json client/tempfiles/Logs/Sysmon/sysmon-logs-34.json client/tempfiles/Logs/Sysmon/sysmon-logs-35.json client/tempfiles/Logs/Sysmon/sysmon-logs-36.json client/tempfiles/Logs/Sysmon/winlogbeat-20221007-26.ndjson client/tempfiles/Logs/Sysmon/winlogbeat-20221007-27.ndjson client/tempfiles/Logs/Sysmon/winlogbeat-20221007-37.ndjson client/tempfiles/Logs/Sysmon/winlogbeat-20221007-38.ndjson client/tempfiles/Logs/Wireshark/wireshark-logs-100.json client/tempfiles/Logs/Wireshark/wireshark-logs-101.json client/tempfiles/Logs/Wireshark/wireshark-logs-102.json client/tempfiles/Logs/Wireshark/wireshark-logs-103.json client/tempfiles/Logs/Wireshark/wireshark-logs-104.json client/tempfiles/Logs/Wireshark/wireshark-logs-105.json client/tempfiles/Logs/Wireshark/wireshark-logs-106.json client/tempfiles/Logs/Wireshark/wireshark-logs-107.json client/tempfiles/Logs/Wireshark/wireshark-logs-108.json client/tempfiles/Logs/Wireshark/wireshark-logs-109.json client/tempfiles/Logs/Wireshark/wireshark-logs-110.json client/tempfiles/Logs/Wireshark/wireshark-logs-111.json client/tempfiles/Logs/Wireshark/wireshark-logs-111.pcap client/tempfiles/Logs/Wireshark/wireshark-logs-112.json client/tempfiles/Logs/Wireshark/wireshark-logs-112.pcap client/tempfiles/Logs/Wireshark/wireshark-logs-75.pcap client/tempfiles/Logs/Wireshark/wireshark-logs-76.pcap client/tempfiles/Logs/Wireshark/wireshark-logs-77.json client/tempfiles/Logs/Wireshark/wireshark-logs-78.json client/tempfiles/Logs/Wireshark/wireshark-logs-79.json client/tempfiles/Logs/Wireshark/wireshark-logs-80.json client/tempfiles/Logs/Wireshark/wireshark-logs-81.json client/tempfiles/Logs/Wireshark/wireshark-logs-82.json client/tempfiles/Logs/Wireshark/wireshark-logs-83.json client/tempfiles/Logs/Wireshark/wireshark-logs-84.json client/tempfiles/Logs/Wireshark/wireshark-logs-85.json client/tempfiles/Logs/Wireshark/wireshark-logs-86.json client/tempfiles/Logs/Wireshark/wireshark-logs-87.json client/tempfiles/Logs/Wireshark/wireshark-logs-88.json client/tempfiles/Logs/Wireshark/wireshark-logs-89.json client/tempfiles/Logs/Wireshark/wireshark-logs-90.json client/tempfiles/Logs/Wireshark/wireshark-logs-91.json client/tempfiles/Logs/Wireshark/wireshark-logs-92.json client/tempfiles/Logs/Wireshark/wireshark-logs-93.json client/tempfiles/Logs/Wireshark/wireshark-logs-94.json client/tempfiles/Logs/Wireshark/wireshark-logs-95.json client/tempfiles/Logs/Wireshark/wireshark-logs-96.json client/tempfiles/Logs/Wireshark/wireshark-logs-97.json client/tempfiles/Logs/Wireshark/wireshark-logs-98.json client/tempfiles/Logs/Wireshark/wireshark-logs-99.json",
                "RuleName": "-",
                "ProcessGuid": "{dd01dab0-f82e-633f-5d4e-010000004600}",
                "UtcTime": "2022-10-07 09:58:06.488",
                "LogonGuid": "{dd01dab0-b9ee-633f-e637-282600000000}",
                "TerminalSessionId": "4",
                "Hashes": "MD5=A521A4389F01D81C4E78C9129EB36D48",
                "ParentProcessGuid": "{dd01dab0-f82e-633f-5a4e-010000004600}",
                "User": "ELMO\\mrdor",
                "LogonId": "0x262837e6",
                "Image": "C:\\Program Files\\Git\\mingw64\\bin\\git.exe",
                "ParentProcessId": "8044",
                "Product": "Git",
                "Company": "The Git Development Community",
                "ParentCommandLine": "\"C:\\Program Files\\Git\\cmd\\git.exe\" -c credential.helper= -c core.quotepath=false -c log.showSignature=false status --porcelain -z --untracked-files=no --ignored=no -- client/tempfiles/Logs/Sysmon/sysmon-logs-26.json client/tempfiles/Logs/Sysmon/sysmon-logs-27.json client/tempfiles/Logs/Sysmon/sysmon-logs-28.json client/tempfiles/Logs/Sysmon/sysmon-logs-29.json client/tempfiles/Logs/Sysmon/sysmon-logs-30.json client/tempfiles/Logs/Sysmon/sysmon-logs-31.json client/tempfiles/Logs/Sysmon/sysmon-logs-32.json client/tempfiles/Logs/Sysmon/sysmon-logs-33.json client/tempfiles/Logs/Sysmon/sysmon-logs-34.json client/tempfiles/Logs/Sysmon/sysmon-logs-35.json client/tempfiles/Logs/Sysmon/sysmon-logs-36.json client/tempfiles/Logs/Sysmon/winlogbeat-20221007-26.ndjson client/tempfiles/Logs/Sysmon/winlogbeat-20221007-27.ndjson client/tempfiles/Logs/Sysmon/winlogbeat-20221007-37.ndjson client/tempfiles/Logs/Sysmon/winlogbeat-20221007-38.ndjson client/tempfiles/Logs/Wireshark/wireshark-logs-100.json client/tempfiles/Logs/Wireshark/wireshark-logs-101.json client/tempfiles/Logs/Wireshark/wireshark-logs-102.json client/tempfiles/Logs/Wireshark/wireshark-logs-103.json client/tempfiles/Logs/Wireshark/wireshark-logs-104.json client/tempfiles/Logs/Wireshark/wireshark-logs-105.json client/tempfiles/Logs/Wireshark/wireshark-logs-106.json client/tempfiles/Logs/Wireshark/wireshark-logs-107.json client/tempfiles/Logs/Wireshark/wireshark-logs-108.json client/tempfiles/Logs/Wireshark/wireshark-logs-109.json client/tempfiles/Logs/Wireshark/wireshark-logs-110.json client/tempfiles/Logs/Wireshark/wireshark-logs-111.json client/tempfiles/Logs/Wireshark/wireshark-logs-111.pcap client/tempfiles/Logs/Wireshark/wireshark-logs-112.json client/tempfiles/Logs/Wireshark/wireshark-logs-112.pcap client/tempfiles/Logs/Wireshark/wireshark-logs-75.pcap client/tempfiles/Logs/Wireshark/wireshark-logs-76.pcap client/tempfiles/Logs/Wireshark/wireshark-logs-77.json client/tempfiles/Logs/Wireshark/wireshark-logs-78.json client/tempfiles/Logs/Wireshark/wireshark-logs-79.json client/tempfiles/Logs/Wireshark/wireshark-logs-80.json client/tempfiles/Logs/Wireshark/wireshark-logs-81.json client/tempfiles/Logs/Wireshark/wireshark-logs-82.json client/tempfiles/Logs/Wireshark/wireshark-logs-83.json client/tempfiles/Logs/Wireshark/wireshark-logs-84.json client/tempfiles/Logs/Wireshark/wireshark-logs-85.json client/tempfiles/Logs/Wireshark/wireshark-logs-86.json client/tempfiles/Logs/Wireshark/wireshark-logs-87.json client/tempfiles/Logs/Wireshark/wireshark-logs-88.json client/tempfiles/Logs/Wireshark/wireshark-logs-89.json client/tempfiles/Logs/Wireshark/wireshark-logs-90.json client/tempfiles/Logs/Wireshark/wireshark-logs-91.json client/tempfiles/Logs/Wireshark/wireshark-logs-92.json client/tempfiles/Logs/Wireshark/wireshark-logs-93.json client/tempfiles/Logs/Wireshark/wireshark-logs-94.json client/tempfiles/Logs/Wireshark/wireshark-logs-95.json client/tempfiles/Logs/Wireshark/wireshark-logs-96.json client/tempfiles/Logs/Wireshark/wireshark-logs-97.json client/tempfiles/Logs/Wireshark/wireshark-logs-98.json client/tempfiles/Logs/Wireshark/wireshark-logs-99.json"
            },
            "computer_name": "Elmo",
            "task": "Process Create (rule: ProcessCreate)",
            "provider_guid": "{5770385f-c22a-43e0-bf4c-06f5698ffbd9}",
            "provider_name": "Microsoft-Windows-Sysmon"
        }
    },
    "325": {
        "@timestamp": "2022-10-07T09:58:06.694Z",
        "host": {
            "name": "Elmo",
            "ip": [
                "fe80::7cd2:efa8:dba2:6fc0",
                "169.254.111.192",
                "fe80::e431:7896:8d85:5aa",
                "172.21.208.1",
                "fe80::48ae:546b:7a20:7f52",
                "172.30.112.1",
                "fe80::bc21:1b56:1d1:4b9f",
                "169.254.75.159",
                "fe80::4807:9ca5:cd67:6ac6",
                "169.254.106.198",
                "fe80::e097:4ef1:6314:5a55",
                "169.254.90.85",
                "fe80::d55:b4a9:26a4:7406",
                "192.168.1.102",
                "fe80::211f:b772:c6da:bfb3",
                "172.27.16.1",
                "fe80::f90c:d738:c01c:abc6",
                "172.28.192.1"
            ]
        },
        "winlog": {
            "computer_name": "Elmo",
            "event_data": {
                "CurrentDirectory": "C:\\Users\\mrdor\\PycharmProjects\\Hunterbee\\client\\wireshark\\",
                "Company": "The Wireshark developer community",
                "CommandLine": "\"C:/Program Files/Wireshark/tshark.exe\" -l -n -T pdml -c 25 -w C:/Users/mrdor/PycharmProjects/Hunterbee/client/tempfiles/Logs/Wireshark/wireshark-logs-113.pcap -i -",
                "UtcTime": "2022-10-07 09:58:06.689",
                "Hashes": "MD5=2C7476F44C33FE4FE26600AE7AE3900D",
                "RuleName": "-",
                "User": "ELMO\\mrdor",
                "ParentCommandLine": "C:\\Users\\mrdor\\AppData\\Local\\Programs\\Python\\Python39\\python.exe C:/Users/mrdor/PycharmProjects/Hunterbee/client/wireshark/wireshark_interface.py",
                "LogonGuid": "{dd01dab0-b9ee-633f-e637-282600000000}",
                "Image": "C:\\Program Files\\Wireshark\\tshark.exe",
                "LogonId": "0x262837e6",
                "TerminalSessionId": "4",
                "OriginalFileName": "TShark.exe",
                "ParentImage": "C:\\Users\\mrdor\\AppData\\Local\\Programs\\Python\\Python39\\python.exe",
                "IntegrityLevel": "High",
                "Product": "TShark",
                "ProcessGuid": "{dd01dab0-f82e-633f-5e4e-010000004600}",
                "Description": "TShark",
                "ProcessId": "12284",
                "ParentUser": "ELMO\\mrdor",
                "FileVersion": "3.6.2",
                "ParentProcessGuid": "{dd01dab0-f517-633f-4847-010000004600}",
                "ParentProcessId": "22388"
            },
            "provider_name": "Microsoft-Windows-Sysmon",
            "task": "Process Create (rule: ProcessCreate)",
            "provider_guid": "{5770385f-c22a-43e0-bf4c-06f5698ffbd9}"
        }
    },
    "326": {
        "@timestamp": "2022-10-07T09:58:07.088Z",
        "host": {
            "name": "Elmo",
            "ip": [
                "fe80::7cd2:efa8:dba2:6fc0",
                "169.254.111.192",
                "fe80::e431:7896:8d85:5aa",
                "172.21.208.1",
                "fe80::48ae:546b:7a20:7f52",
                "172.30.112.1",
                "fe80::bc21:1b56:1d1:4b9f",
                "169.254.75.159",
                "fe80::4807:9ca5:cd67:6ac6",
                "169.254.106.198",
                "fe80::e097:4ef1:6314:5a55",
                "169.254.90.85",
                "fe80::d55:b4a9:26a4:7406",
                "192.168.1.102",
                "fe80::211f:b772:c6da:bfb3",
                "172.27.16.1",
                "fe80::f90c:d738:c01c:abc6",
                "172.28.192.1"
            ]
        },
        "winlog": {
            "provider_guid": "{5770385f-c22a-43e0-bf4c-06f5698ffbd9}",
            "event_data": {
                "Description": "Dumpcap",
                "TerminalSessionId": "4",
                "LogonGuid": "{dd01dab0-b9ee-633f-e637-282600000000}",
                "ProcessId": "12648",
                "ParentProcessId": "12284",
                "ParentProcessGuid": "{dd01dab0-f82e-633f-5e4e-010000004600}",
                "CommandLine": "\"C:\\Program Files\\Wireshark\\dumpcap.exe\" -D -Z none",
                "CurrentDirectory": "C:\\Users\\mrdor\\PycharmProjects\\Hunterbee\\client\\wireshark\\",
                "ParentImage": "C:\\Program Files\\Wireshark\\tshark.exe",
                "ProcessGuid": "{dd01dab0-f82f-633f-5f4e-010000004600}",
                "Product": "Dumpcap",
                "OriginalFileName": "Dumpcap.exe",
                "IntegrityLevel": "High",
                "RuleName": "-",
                "Hashes": "MD5=A85C48F3129B10CF5593FBF3B02836FF",
                "Image": "C:\\Program Files\\Wireshark\\dumpcap.exe",
                "UtcTime": "2022-10-07 09:58:07.086",
                "User": "ELMO\\mrdor",
                "Company": "The Wireshark developer community",
                "FileVersion": "3.6.2",
                "ParentUser": "ELMO\\mrdor",
                "LogonId": "0x262837e6",
                "ParentCommandLine": "\"C:/Program Files/Wireshark/tshark.exe\" -l -n -T pdml -c 25 -w C:/Users/mrdor/PycharmProjects/Hunterbee/client/tempfiles/Logs/Wireshark/wireshark-logs-113.pcap -i -"
            },
            "computer_name": "Elmo",
            "provider_name": "Microsoft-Windows-Sysmon",
            "task": "Process Create (rule: ProcessCreate)"
        }
    },
    "327": {
        "@timestamp": "2022-10-07T09:58:07.361Z",
        "host": {
            "name": "Elmo",
            "ip": [
                "fe80::7cd2:efa8:dba2:6fc0",
                "169.254.111.192",
                "fe80::e431:7896:8d85:5aa",
                "172.21.208.1",
                "fe80::48ae:546b:7a20:7f52",
                "172.30.112.1",
                "fe80::bc21:1b56:1d1:4b9f",
                "169.254.75.159",
                "fe80::4807:9ca5:cd67:6ac6",
                "169.254.106.198",
                "fe80::e097:4ef1:6314:5a55",
                "169.254.90.85",
                "fe80::d55:b4a9:26a4:7406",
                "192.168.1.102",
                "fe80::211f:b772:c6da:bfb3",
                "172.27.16.1",
                "fe80::f90c:d738:c01c:abc6",
                "172.28.192.1"
            ]
        },
        "winlog": {
            "provider_name": "Microsoft-Windows-Sysmon",
            "event_data": {
                "Description": "Python",
                "CommandLine": "C:\\Users\\mrdor\\PycharmProjects\\Hunterbee\\venv\\Scripts\\python.exe \"C:\\Program Files\\JetBrains\\PyCharm 2021.3\\plugins\\python\\helpers\\pycodestyle.py\" --max-line-length=120 -",
                "FileVersion": "3.9.7",
                "IntegrityLevel": "High",
                "Product": "Python",
                "CurrentDirectory": "C:\\Users\\mrdor\\PycharmProjects\\Hunterbee\\venv\\Scripts\\",
                "Hashes": "MD5=D59663B8D5F110F55EC5507C8DFDCC82",
                "Image": "C:\\Users\\mrdor\\PycharmProjects\\Hunterbee\\venv\\Scripts\\python.exe",
                "ParentUser": "ELMO\\mrdor",
                "ParentCommandLine": "\"C:\\Program Files\\JetBrains\\PyCharm 2021.3\\bin\\pycharm64.exe\" ",
                "User": "ELMO\\mrdor",
                "OriginalFileName": "py.exe",
                "ParentProcessGuid": "{dd01dab0-e463-633f-c137-010000004600}",
                "LogonGuid": "{dd01dab0-b9ee-633f-e637-282600000000}",
                "RuleName": "-",
                "ProcessGuid": "{dd01dab0-f82f-633f-614e-010000004600}",
                "LogonId": "0x262837e6",
                "Company": "Python Software Foundation",
                "UtcTime": "2022-10-07 09:58:07.357",
                "TerminalSessionId": "4",
                "ParentImage": "C:\\Program Files\\JetBrains\\PyCharm 2021.3\\bin\\pycharm64.exe",
                "ProcessId": "22596",
                "ParentProcessId": "18532"
            },
            "task": "Process Create (rule: ProcessCreate)",
            "computer_name": "Elmo",
            "provider_guid": "{5770385f-c22a-43e0-bf4c-06f5698ffbd9}"
        }
    },
    "328": {
        "@timestamp": "2022-10-07T09:58:07.389Z",
        "host": {
            "ip": [
                "fe80::7cd2:efa8:dba2:6fc0",
                "169.254.111.192",
                "fe80::e431:7896:8d85:5aa",
                "172.21.208.1",
                "fe80::48ae:546b:7a20:7f52",
                "172.30.112.1",
                "fe80::bc21:1b56:1d1:4b9f",
                "169.254.75.159",
                "fe80::4807:9ca5:cd67:6ac6",
                "169.254.106.198",
                "fe80::e097:4ef1:6314:5a55",
                "169.254.90.85",
                "fe80::d55:b4a9:26a4:7406",
                "192.168.1.102",
                "fe80::211f:b772:c6da:bfb3",
                "172.27.16.1",
                "fe80::f90c:d738:c01c:abc6",
                "172.28.192.1"
            ],
            "name": "Elmo"
        },
        "winlog": {
            "task": "Process Create (rule: ProcessCreate)",
            "provider_guid": "{5770385f-c22a-43e0-bf4c-06f5698ffbd9}",
            "computer_name": "Elmo",
            "event_data": {
                "Image": "C:\\Program Files\\Wireshark\\dumpcap.exe",
                "CommandLine": "\"C:\\Program Files\\Wireshark\\dumpcap.exe\" -n -c 25 -i - -Z 12284 -w C:/Users/mrdor/PycharmProjects/Hunterbee/client/tempfiles/Logs/Wireshark/wireshark-logs-113.pcap",
                "CurrentDirectory": "C:\\Users\\mrdor\\PycharmProjects\\Hunterbee\\client\\wireshark\\",
                "FileVersion": "3.6.2",
                "ParentProcessId": "12284",
                "ProcessGuid": "{dd01dab0-f82f-633f-634e-010000004600}",
                "Company": "The Wireshark developer community",
                "ParentProcessGuid": "{dd01dab0-f82e-633f-5e4e-010000004600}",
                "ParentUser": "ELMO\\mrdor",
                "Product": "Dumpcap",
                "Hashes": "MD5=A85C48F3129B10CF5593FBF3B02836FF",
                "User": "ELMO\\mrdor",
                "ParentImage": "C:\\Program Files\\Wireshark\\tshark.exe",
                "OriginalFileName": "Dumpcap.exe",
                "ProcessId": "22948",
                "ParentCommandLine": "\"C:/Program Files/Wireshark/tshark.exe\" -l -n -T pdml -c 25 -w C:/Users/mrdor/PycharmProjects/Hunterbee/client/tempfiles/Logs/Wireshark/wireshark-logs-113.pcap -i -",
                "LogonId": "0x262837e6",
                "IntegrityLevel": "High",
                "LogonGuid": "{dd01dab0-b9ee-633f-e637-282600000000}",
                "RuleName": "-",
                "UtcTime": "2022-10-07 09:58:07.385",
                "Description": "Dumpcap",
                "TerminalSessionId": "4"
            },
            "provider_name": "Microsoft-Windows-Sysmon"
        }
    },
    "329": {
        "@timestamp": "2022-10-07T09:58:07.401Z",
        "host": {
            "name": "Elmo",
            "ip": [
                "fe80::7cd2:efa8:dba2:6fc0",
                "169.254.111.192",
                "fe80::e431:7896:8d85:5aa",
                "172.21.208.1",
                "fe80::48ae:546b:7a20:7f52",
                "172.30.112.1",
                "fe80::bc21:1b56:1d1:4b9f",
                "169.254.75.159",
                "fe80::4807:9ca5:cd67:6ac6",
                "169.254.106.198",
                "fe80::e097:4ef1:6314:5a55",
                "169.254.90.85",
                "fe80::d55:b4a9:26a4:7406",
                "192.168.1.102",
                "fe80::211f:b772:c6da:bfb3",
                "172.27.16.1",
                "fe80::f90c:d738:c01c:abc6",
                "172.28.192.1"
            ]
        },
        "winlog": {
            "event_data": {
                "OriginalFileName": "python.exe",
                "ParentProcessGuid": "{dd01dab0-f82f-633f-614e-010000004600}",
                "RuleName": "-",
                "ParentProcessId": "22596",
                "ParentImage": "C:\\Users\\mrdor\\PycharmProjects\\Hunterbee\\venv\\Scripts\\python.exe",
                "CurrentDirectory": "C:\\Users\\mrdor\\PycharmProjects\\Hunterbee\\venv\\Scripts\\",
                "LogonId": "0x262837e6",
                "Product": "Python",
                "ParentCommandLine": "C:\\Users\\mrdor\\PycharmProjects\\Hunterbee\\venv\\Scripts\\python.exe \"C:\\Program Files\\JetBrains\\PyCharm 2021.3\\plugins\\python\\helpers\\pycodestyle.py\" --max-line-length=120 -",
                "CommandLine": "C:\\Users\\mrdor\\AppData\\Local\\Programs\\Python\\Python39\\python.exe \"C:\\Program Files\\JetBrains\\PyCharm 2021.3\\plugins\\python\\helpers\\pycodestyle.py\" --max-line-length=120 -",
                "FileVersion": "3.9.7",
                "ProcessGuid": "{dd01dab0-f82f-633f-644e-010000004600}",
                "IntegrityLevel": "High",
                "LogonGuid": "{dd01dab0-b9ee-633f-e637-282600000000}",
                "Description": "Python",
                "User": "ELMO\\mrdor",
                "Image": "C:\\Users\\mrdor\\AppData\\Local\\Programs\\Python\\Python39\\python.exe",
                "ProcessId": "13980",
                "TerminalSessionId": "4",
                "UtcTime": "2022-10-07 09:58:07.393",
                "Company": "Python Software Foundation",
                "ParentUser": "ELMO\\mrdor",
                "Hashes": "MD5=9AE7FE91385052358C3E33864ADA5E4E"
            },
            "computer_name": "Elmo",
            "task": "Process Create (rule: ProcessCreate)",
            "provider_guid": "{5770385f-c22a-43e0-bf4c-06f5698ffbd9}",
            "provider_name": "Microsoft-Windows-Sysmon"
        }
    },
    "330": {
        "@timestamp": "2022-10-07T09:58:07.631Z",
        "host": {
            "name": "Elmo",
            "ip": [
                "fe80::7cd2:efa8:dba2:6fc0",
                "169.254.111.192",
                "fe80::e431:7896:8d85:5aa",
                "172.21.208.1",
                "fe80::48ae:546b:7a20:7f52",
                "172.30.112.1",
                "fe80::bc21:1b56:1d1:4b9f",
                "169.254.75.159",
                "fe80::4807:9ca5:cd67:6ac6",
                "169.254.106.198",
                "fe80::e097:4ef1:6314:5a55",
                "169.254.90.85",
                "fe80::d55:b4a9:26a4:7406",
                "192.168.1.102",
                "fe80::211f:b772:c6da:bfb3",
                "172.27.16.1",
                "fe80::f90c:d738:c01c:abc6",
                "172.28.192.1"
            ]
        },
        "winlog": {
            "provider_name": "Microsoft-Windows-Sysmon",
            "task": "Process terminated (rule: ProcessTerminate)",
            "computer_name": "Elmo",
            "provider_guid": "{5770385f-c22a-43e0-bf4c-06f5698ffbd9}",
            "event_data": {
                "RuleName": "-",
                "UtcTime": "2022-10-07 09:58:07.631",
                "ProcessGuid": "{dd01dab0-f82f-633f-644e-010000004600}",
                "ProcessId": "13980",
                "Image": "C:\\Users\\mrdor\\AppData\\Local\\Programs\\Python\\Python39\\python.exe",
                "User": "ELMO\\mrdor"
            }
        }
    },
    "331": {
        "@timestamp": "2022-10-07T09:58:07.636Z",
        "host": {
            "name": "Elmo",
            "ip": [
                "fe80::7cd2:efa8:dba2:6fc0",
                "169.254.111.192",
                "fe80::e431:7896:8d85:5aa",
                "172.21.208.1",
                "fe80::48ae:546b:7a20:7f52",
                "172.30.112.1",
                "fe80::bc21:1b56:1d1:4b9f",
                "169.254.75.159",
                "fe80::4807:9ca5:cd67:6ac6",
                "169.254.106.198",
                "fe80::e097:4ef1:6314:5a55",
                "169.254.90.85",
                "fe80::d55:b4a9:26a4:7406",
                "192.168.1.102",
                "fe80::211f:b772:c6da:bfb3",
                "172.27.16.1",
                "fe80::f90c:d738:c01c:abc6",
                "172.28.192.1"
            ]
        },
        "winlog": {
            "provider_guid": "{5770385f-c22a-43e0-bf4c-06f5698ffbd9}",
            "event_data": {
                "UtcTime": "2022-10-07 09:58:07.636",
                "ProcessGuid": "{dd01dab0-f82f-633f-614e-010000004600}",
                "ProcessId": "22596",
                "Image": "C:\\Users\\mrdor\\PycharmProjects\\Hunterbee\\venv\\Scripts\\python.exe",
                "User": "ELMO\\mrdor",
                "RuleName": "-"
            },
            "computer_name": "Elmo",
            "task": "Process terminated (rule: ProcessTerminate)",
            "provider_name": "Microsoft-Windows-Sysmon"
        }
    },
    "332": {
        "@timestamp": "2022-10-07T09:58:07.821Z",
        "host": {
            "name": "Elmo",
            "ip": [
                "fe80::7cd2:efa8:dba2:6fc0",
                "169.254.111.192",
                "fe80::e431:7896:8d85:5aa",
                "172.21.208.1",
                "fe80::48ae:546b:7a20:7f52",
                "172.30.112.1",
                "fe80::bc21:1b56:1d1:4b9f",
                "169.254.75.159",
                "fe80::4807:9ca5:cd67:6ac6",
                "169.254.106.198",
                "fe80::e097:4ef1:6314:5a55",
                "169.254.90.85",
                "fe80::d55:b4a9:26a4:7406",
                "192.168.1.102",
                "fe80::211f:b772:c6da:bfb3",
                "172.27.16.1",
                "fe80::f90c:d738:c01c:abc6",
                "172.28.192.1"
            ]
        },
        "winlog": {
            "task": "Process Create (rule: ProcessCreate)",
            "event_data": {
                "User": "ELMO\\mrdor",
                "UtcTime": "2022-10-07 09:58:07.818",
                "ProcessGuid": "{dd01dab0-f82f-633f-664e-010000004600}",
                "ParentImage": "C:\\Users\\mrdor\\AppData\\Local\\Programs\\Python\\Python39\\python.exe",
                "ParentCommandLine": "C:\\Users\\mrdor\\AppData\\Local\\Programs\\Python\\Python39\\python.exe C:/Users/mrdor/PycharmProjects/Hunterbee/client/wireshark/wireshark_interface.py",
                "Image": "C:\\Windows\\System32\\cmd.exe",
                "FileVersion": "10.0.19041.746 (WinBuild.160101.0800)",
                "CommandLine": "C:\\Windows\\system32\\cmd.exe /c \"tshark -r C:/Users/mrdor/PycharmProjects/Hunterbee/client/tempfiles/Logs/Wireshark/wireshark-logs-113.pcap -T json > C:/Users/mrdor/PycharmProjects/Hunterbee/client/tempfiles/Logs/Wireshark/wireshark-logs-113.json\"",
                "Product": "Microsoft\u00c2\u00ae Windows\u00c2\u00ae Operating System",
                "RuleName": "-",
                "Company": "Microsoft Corporation",
                "CurrentDirectory": "C:\\Users\\mrdor\\PycharmProjects\\Hunterbee\\client\\wireshark\\",
                "ParentProcessId": "22388",
                "ParentUser": "ELMO\\mrdor",
                "LogonId": "0x262837e6",
                "ProcessId": "8280",
                "IntegrityLevel": "High",
                "Hashes": "MD5=8A2122E8162DBEF04694B9C3E0B6CDEE",
                "ParentProcessGuid": "{dd01dab0-f517-633f-4847-010000004600}",
                "TerminalSessionId": "4",
                "LogonGuid": "{dd01dab0-b9ee-633f-e637-282600000000}",
                "Description": "Windows Command Processor",
                "OriginalFileName": "Cmd.Exe"
            },
            "provider_name": "Microsoft-Windows-Sysmon",
            "computer_name": "Elmo",
            "provider_guid": "{5770385f-c22a-43e0-bf4c-06f5698ffbd9}"
        }
    },
    "333": {
        "@timestamp": "2022-10-07T09:58:07.830Z",
        "winlog": {
            "task": "Process Create (rule: ProcessCreate)",
            "provider_guid": "{5770385f-c22a-43e0-bf4c-06f5698ffbd9}",
            "provider_name": "Microsoft-Windows-Sysmon",
            "event_data": {
                "ParentCommandLine": "C:\\Windows\\system32\\cmd.exe /c \"tshark -r C:/Users/mrdor/PycharmProjects/Hunterbee/client/tempfiles/Logs/Wireshark/wireshark-logs-113.pcap -T json > C:/Users/mrdor/PycharmProjects/Hunterbee/client/tempfiles/Logs/Wireshark/wireshark-logs-113.json\"",
                "ParentProcessGuid": "{dd01dab0-f82f-633f-664e-010000004600}",
                "FileVersion": "3.6.2",
                "Description": "TShark",
                "LogonId": "0x262837e6",
                "ParentProcessId": "8280",
                "RuleName": "-",
                "UtcTime": "2022-10-07 09:58:07.828",
                "ProcessGuid": "{dd01dab0-f82f-633f-674e-010000004600}",
                "ProcessId": "7504",
                "Image": "C:\\Program Files\\Wireshark\\tshark.exe",
                "OriginalFileName": "TShark.exe",
                "Product": "TShark",
                "User": "ELMO\\mrdor",
                "CurrentDirectory": "C:\\Users\\mrdor\\PycharmProjects\\Hunterbee\\client\\wireshark\\",
                "LogonGuid": "{dd01dab0-b9ee-633f-e637-282600000000}",
                "ParentUser": "ELMO\\mrdor",
                "CommandLine": "tshark  -r C:/Users/mrdor/PycharmProjects/Hunterbee/client/tempfiles/Logs/Wireshark/wireshark-logs-113.pcap -T json ",
                "ParentImage": "C:\\Windows\\System32\\cmd.exe",
                "Company": "The Wireshark developer community",
                "Hashes": "MD5=2C7476F44C33FE4FE26600AE7AE3900D",
                "TerminalSessionId": "4",
                "IntegrityLevel": "High"
            },
            "computer_name": "Elmo"
        },
        "host": {
            "ip": [
                "fe80::7cd2:efa8:dba2:6fc0",
                "169.254.111.192",
                "fe80::e431:7896:8d85:5aa",
                "172.21.208.1",
                "fe80::48ae:546b:7a20:7f52",
                "172.30.112.1",
                "fe80::bc21:1b56:1d1:4b9f",
                "169.254.75.159",
                "fe80::4807:9ca5:cd67:6ac6",
                "169.254.106.198",
                "fe80::e097:4ef1:6314:5a55",
                "169.254.90.85",
                "fe80::d55:b4a9:26a4:7406",
                "192.168.1.102",
                "fe80::211f:b772:c6da:bfb3",
                "172.27.16.1",
                "fe80::f90c:d738:c01c:abc6",
                "172.28.192.1"
            ],
            "name": "Elmo"
        }
    },
    "334": {
        "@timestamp": "2022-10-07T09:58:08.201Z",
        "winlog": {
            "computer_name": "Elmo",
            "provider_name": "Microsoft-Windows-Sysmon",
            "task": "Process Create (rule: ProcessCreate)",
            "event_data": {
                "ProcessGuid": "{dd01dab0-f830-633f-684e-010000004600}",
                "ProcessId": "5544",
                "LogonGuid": "{dd01dab0-b9ee-633f-e637-282600000000}",
                "OriginalFileName": "TShark.exe",
                "CommandLine": "\"C:/Program Files/Wireshark/tshark.exe\" -D",
                "RuleName": "-",
                "LogonId": "0x262837e6",
                "ParentProcessGuid": "{dd01dab0-f517-633f-4847-010000004600}",
                "ParentUser": "ELMO\\mrdor",
                "Image": "C:\\Program Files\\Wireshark\\tshark.exe",
                "FileVersion": "3.6.2",
                "ParentProcessId": "22388",
                "IntegrityLevel": "High",
                "Description": "TShark",
                "UtcTime": "2022-10-07 09:58:08.199",
                "ParentCommandLine": "C:\\Users\\mrdor\\AppData\\Local\\Programs\\Python\\Python39\\python.exe C:/Users/mrdor/PycharmProjects/Hunterbee/client/wireshark/wireshark_interface.py",
                "Hashes": "MD5=2C7476F44C33FE4FE26600AE7AE3900D",
                "CurrentDirectory": "C:\\Users\\mrdor\\PycharmProjects\\Hunterbee\\client\\wireshark\\",
                "Product": "TShark",
                "Company": "The Wireshark developer community",
                "TerminalSessionId": "4",
                "User": "ELMO\\mrdor",
                "ParentImage": "C:\\Users\\mrdor\\AppData\\Local\\Programs\\Python\\Python39\\python.exe"
            },
            "provider_guid": "{5770385f-c22a-43e0-bf4c-06f5698ffbd9}"
        },
        "host": {
            "name": "Elmo",
            "ip": [
                "fe80::7cd2:efa8:dba2:6fc0",
                "169.254.111.192",
                "fe80::e431:7896:8d85:5aa",
                "172.21.208.1",
                "fe80::48ae:546b:7a20:7f52",
                "172.30.112.1",
                "fe80::bc21:1b56:1d1:4b9f",
                "169.254.75.159",
                "fe80::4807:9ca5:cd67:6ac6",
                "169.254.106.198",
                "fe80::e097:4ef1:6314:5a55",
                "169.254.90.85",
                "fe80::d55:b4a9:26a4:7406",
                "192.168.1.102",
                "fe80::211f:b772:c6da:bfb3",
                "172.27.16.1",
                "fe80::f90c:d738:c01c:abc6",
                "172.28.192.1"
            ]
        }
    },
    "335": {
        "@timestamp": "2022-10-07T09:58:08.441Z",
        "winlog": {
            "task": "Process Create (rule: ProcessCreate)",
            "computer_name": "Elmo",
            "event_data": {
                "Company": "The Wireshark developer community",
                "ParentImage": "C:\\Program Files\\Wireshark\\tshark.exe",
                "CommandLine": "\"C:\\Program Files\\Wireshark\\dumpcap.exe\" -D -Z none",
                "IntegrityLevel": "High",
                "ParentCommandLine": "\"C:/Program Files/Wireshark/tshark.exe\" -D",
                "Description": "Dumpcap",
                "CurrentDirectory": "C:\\Users\\mrdor\\PycharmProjects\\Hunterbee\\client\\wireshark\\",
                "ProcessGuid": "{dd01dab0-f830-633f-694e-010000004600}",
                "Image": "C:\\Program Files\\Wireshark\\dumpcap.exe",
                "User": "ELMO\\mrdor",
                "OriginalFileName": "Dumpcap.exe",
                "LogonId": "0x262837e6",
                "Hashes": "MD5=A85C48F3129B10CF5593FBF3B02836FF",
                "LogonGuid": "{dd01dab0-b9ee-633f-e637-282600000000}",
                "UtcTime": "2022-10-07 09:58:08.439",
                "Product": "Dumpcap",
                "ParentProcessId": "5544",
                "TerminalSessionId": "4",
                "ParentUser": "ELMO\\mrdor",
                "ProcessId": "3384",
                "ParentProcessGuid": "{dd01dab0-f830-633f-684e-010000004600}",
                "FileVersion": "3.6.2",
                "RuleName": "-"
            },
            "provider_name": "Microsoft-Windows-Sysmon",
            "provider_guid": "{5770385f-c22a-43e0-bf4c-06f5698ffbd9}"
        },
        "host": {
            "name": "Elmo",
            "ip": [
                "fe80::7cd2:efa8:dba2:6fc0",
                "169.254.111.192",
                "fe80::e431:7896:8d85:5aa",
                "172.21.208.1",
                "fe80::48ae:546b:7a20:7f52",
                "172.30.112.1",
                "fe80::bc21:1b56:1d1:4b9f",
                "169.254.75.159",
                "fe80::4807:9ca5:cd67:6ac6",
                "169.254.106.198",
                "fe80::e097:4ef1:6314:5a55",
                "169.254.90.85",
                "fe80::d55:b4a9:26a4:7406",
                "192.168.1.102",
                "fe80::211f:b772:c6da:bfb3",
                "172.27.16.1",
                "fe80::f90c:d738:c01c:abc6",
                "172.28.192.1"
            ]
        }
    },
    "336": {
        "@timestamp": "2022-10-07T09:58:08.587Z",
        "host": {
            "name": "Elmo",
            "ip": [
                "fe80::7cd2:efa8:dba2:6fc0",
                "169.254.111.192",
                "fe80::e431:7896:8d85:5aa",
                "172.21.208.1",
                "fe80::48ae:546b:7a20:7f52",
                "172.30.112.1",
                "fe80::bc21:1b56:1d1:4b9f",
                "169.254.75.159",
                "fe80::4807:9ca5:cd67:6ac6",
                "169.254.106.198",
                "fe80::e097:4ef1:6314:5a55",
                "169.254.90.85",
                "fe80::d55:b4a9:26a4:7406",
                "192.168.1.102",
                "fe80::211f:b772:c6da:bfb3",
                "172.27.16.1",
                "fe80::f90c:d738:c01c:abc6",
                "172.28.192.1"
            ]
        },
        "winlog": {
            "provider_name": "Microsoft-Windows-Sysmon",
            "provider_guid": "{5770385f-c22a-43e0-bf4c-06f5698ffbd9}",
            "computer_name": "Elmo",
            "task": "Process Create (rule: ProcessCreate)",
            "event_data": {
                "FileVersion": "3.6.2",
                "ParentProcessGuid": "{dd01dab0-f517-633f-4847-010000004600}",
                "LogonId": "0x262837e6",
                "ParentImage": "C:\\Users\\mrdor\\AppData\\Local\\Programs\\Python\\Python39\\python.exe",
                "Image": "C:\\Program Files\\Wireshark\\tshark.exe",
                "Product": "TShark",
                "OriginalFileName": "TShark.exe",
                "ParentCommandLine": "C:\\Users\\mrdor\\AppData\\Local\\Programs\\Python\\Python39\\python.exe C:/Users/mrdor/PycharmProjects/Hunterbee/client/wireshark/wireshark_interface.py",
                "RuleName": "-",
                "User": "ELMO\\mrdor",
                "ParentUser": "ELMO\\mrdor",
                "UtcTime": "2022-10-07 09:58:08.585",
                "Description": "TShark",
                "LogonGuid": "{dd01dab0-b9ee-633f-e637-282600000000}",
                "CommandLine": "\"C:/Program Files/Wireshark/tshark.exe\" -v",
                "CurrentDirectory": "C:\\Users\\mrdor\\PycharmProjects\\Hunterbee\\client\\wireshark\\",
                "Hashes": "MD5=2C7476F44C33FE4FE26600AE7AE3900D",
                "ParentProcessId": "22388",
