{
    "0": {
        "@timestamp": "2022-10-07T10:31:24.278Z",
        "host": {
            "ip": [
                "fe80::7cd2:efa8:dba2:6fc0",
                "169.254.111.192",
                "fe80::e431:7896:8d85:5aa",
                "172.21.208.1",
                "fe80::48ae:546b:7a20:7f52",
                "172.30.112.1",
                "fe80::f45e:e853:b6c1:9350",
                "192.168.56.1",
                "fe80::bc21:1b56:1d1:4b9f",
                "169.254.75.159",
                "fe80::4807:9ca5:cd67:6ac6",
                "169.254.106.198",
                "fe80::e097:4ef1:6314:5a55",
                "169.254.90.85",
                "fe80::d55:b4a9:26a4:7406",
                "192.168.1.102",
                "fe80::211f:b772:c6da:bfb3",
                "172.27.16.1",
                "fe80::f90c:d738:c01c:abc6",
                "172.28.192.1",
                "fe80::68fb:280b:ac6f:30de",
                "172.23.96.1"
            ],
            "name": "Elmo"
        },
        "winlog": {
            "provider_name": "Microsoft-Windows-Sysmon",
            "task": "Process Create (rule: ProcessCreate)",
            "event_data": {
                "Hashes": "MD5=2C7476F44C33FE4FE26600AE7AE3900D",
                "OriginalFileName": "TShark.exe",
                "LogonGuid": "{dd01dab0-b9ee-633f-e637-282600000000}",
                "TerminalSessionId": "4",
                "UtcTime": "2022-10-07 10:31:24.277",
                "Description": "TShark",
                "CommandLine": "\"C:/Program Files/Wireshark/tshark.exe\" -D",
                "LogonId": "0x262837e6",
                "ParentProcessId": "11260",
                "RuleName": "-",
                "FileVersion": "3.6.2",
                "Product": "TShark",
                "IntegrityLevel": "High",
                "Company": "The Wireshark developer community",
                "Image": "C:\\Program Files\\Wireshark\\tshark.exe",
                "CurrentDirectory": "C:\\Users\\mrdor\\PycharmProjects\\Hunterbee\\client\\wireshark\\",
                "ProcessGuid": "{dd01dab0-fffc-633f-5055-010000004600}",
                "ParentProcessGuid": "{dd01dab0-ffc6-633f-1855-010000004600}",
                "ProcessId": "12648",
                "ParentUser": "ELMO\\mrdor",
                "User": "ELMO\\mrdor",
                "ParentImage": "C:\\Users\\mrdor\\AppData\\Local\\Programs\\Python\\Python39\\python.exe",
                "ParentCommandLine": "C:\\Users\\mrdor\\AppData\\Local\\Programs\\Python\\Python39\\python.exe C:/Users/mrdor/PycharmProjects/Hunterbee/client/wireshark/wireshark_interface.py"
            },
            "computer_name": "Elmo",
            "provider_guid": "{5770385f-c22a-43e0-bf4c-06f5698ffbd9}"
        }
    },
    "1": {
        "@timestamp": "2022-10-07T10:31:24.511Z",
        "host": {
            "name": "Elmo",
            "ip": [
                "fe80::7cd2:efa8:dba2:6fc0",
                "169.254.111.192",
                "fe80::e431:7896:8d85:5aa",
                "172.21.208.1",
                "fe80::48ae:546b:7a20:7f52",
                "172.30.112.1",
                "fe80::f45e:e853:b6c1:9350",
                "192.168.56.1",
                "fe80::bc21:1b56:1d1:4b9f",
                "169.254.75.159",
                "fe80::4807:9ca5:cd67:6ac6",
                "169.254.106.198",
                "fe80::e097:4ef1:6314:5a55",
                "169.254.90.85",
                "fe80::d55:b4a9:26a4:7406",
                "192.168.1.102",
                "fe80::211f:b772:c6da:bfb3",
                "172.27.16.1",
                "fe80::f90c:d738:c01c:abc6",
                "172.28.192.1",
                "fe80::68fb:280b:ac6f:30de",
                "172.23.96.1"
            ]
        },
        "winlog": {
            "task": "Process Create (rule: ProcessCreate)",
            "event_data": {
                "RuleName": "-",
                "OriginalFileName": "Dumpcap.exe",
                "TerminalSessionId": "4",
                "UtcTime": "2022-10-07 10:31:24.509",
                "ProcessGuid": "{dd01dab0-fffc-633f-5155-010000004600}",
                "IntegrityLevel": "High",
                "ParentProcessId": "12648",
                "ParentUser": "ELMO\\mrdor",
                "Company": "The Wireshark developer community",
                "Description": "Dumpcap",
                "FileVersion": "3.6.2",
                "Image": "C:\\Program Files\\Wireshark\\dumpcap.exe",
                "ParentProcessGuid": "{dd01dab0-fffc-633f-5055-010000004600}",
                "User": "ELMO\\mrdor",
                "LogonGuid": "{dd01dab0-b9ee-633f-e637-282600000000}",
                "Hashes": "MD5=A85C48F3129B10CF5593FBF3B02836FF",
                "CommandLine": "\"C:\\Program Files\\Wireshark\\dumpcap.exe\" -D -Z none",
                "ProcessId": "11100",
                "Product": "Dumpcap",
                "ParentImage": "C:\\Program Files\\Wireshark\\tshark.exe",
                "ParentCommandLine": "\"C:/Program Files/Wireshark/tshark.exe\" -D",
                "LogonId": "0x262837e6",
                "CurrentDirectory": "C:\\Users\\mrdor\\PycharmProjects\\Hunterbee\\client\\wireshark\\"
            },
            "computer_name": "Elmo",
            "provider_name": "Microsoft-Windows-Sysmon",
            "provider_guid": "{5770385f-c22a-43e0-bf4c-06f5698ffbd9}"
        }
    },
    "2": {
        "@timestamp": "2022-10-07T10:31:24.667Z",
        "host": {
            "ip": [
                "fe80::7cd2:efa8:dba2:6fc0",
                "169.254.111.192",
                "fe80::e431:7896:8d85:5aa",
                "172.21.208.1",
                "fe80::48ae:546b:7a20:7f52",
                "172.30.112.1",
                "fe80::f45e:e853:b6c1:9350",
                "192.168.56.1",
                "fe80::bc21:1b56:1d1:4b9f",
                "169.254.75.159",
                "fe80::4807:9ca5:cd67:6ac6",
                "169.254.106.198",
                "fe80::e097:4ef1:6314:5a55",
                "169.254.90.85",
                "fe80::d55:b4a9:26a4:7406",
                "192.168.1.102",
                "fe80::211f:b772:c6da:bfb3",
                "172.27.16.1",
                "fe80::f90c:d738:c01c:abc6",
                "172.28.192.1",
                "fe80::68fb:280b:ac6f:30de",
                "172.23.96.1"
            ],
            "name": "Elmo"
        },
        "winlog": {
            "event_data": {
                "ProcessGuid": "{dd01dab0-fffc-633f-5355-010000004600}",
                "Description": "TShark",
                "Hashes": "MD5=2C7476F44C33FE4FE26600AE7AE3900D",
                "UtcTime": "2022-10-07 10:31:24.666",
                "Image": "C:\\Program Files\\Wireshark\\tshark.exe",
                "CurrentDirectory": "C:\\Users\\mrdor\\PycharmProjects\\Hunterbee\\client\\wireshark\\",
                "ProcessId": "6992",
                "TerminalSessionId": "4",
                "ParentUser": "ELMO\\mrdor",
                "ParentProcessId": "11260",
                "LogonId": "0x262837e6",
                "IntegrityLevel": "High",
                "LogonGuid": "{dd01dab0-b9ee-633f-e637-282600000000}",
                "RuleName": "-",
                "Company": "The Wireshark developer community",
                "ParentCommandLine": "C:\\Users\\mrdor\\AppData\\Local\\Programs\\Python\\Python39\\python.exe C:/Users/mrdor/PycharmProjects/Hunterbee/client/wireshark/wireshark_interface.py",
                "FileVersion": "3.6.2",
                "OriginalFileName": "TShark.exe",
                "User": "ELMO\\mrdor",
                "CommandLine": "\"C:/Program Files/Wireshark/tshark.exe\" -l -n -T pdml -c 25 -w C:/Users/mrdor/PycharmProjects/Hunterbee/client/tempfiles/Logs/Wireshark/wireshark-logs-3.pcap -i -",
                "ParentImage": "C:\\Users\\mrdor\\AppData\\Local\\Programs\\Python\\Python39\\python.exe",
                "Product": "TShark",
                "ParentProcessGuid": "{dd01dab0-ffc6-633f-1855-010000004600}"
            },
            "computer_name": "Elmo",
            "task": "Process Create (rule: ProcessCreate)",
            "provider_guid": "{5770385f-c22a-43e0-bf4c-06f5698ffbd9}",
            "provider_name": "Microsoft-Windows-Sysmon"
        }
    },
    "3": {
        "@timestamp": "2022-10-07T10:31:24.895Z",
        "host": {
            "name": "Elmo",
            "ip": [
                "fe80::7cd2:efa8:dba2:6fc0",
                "169.254.111.192",
                "fe80::e431:7896:8d85:5aa",
                "172.21.208.1",
                "fe80::48ae:546b:7a20:7f52",
                "172.30.112.1",
                "fe80::f45e:e853:b6c1:9350",
                "192.168.56.1",
                "fe80::bc21:1b56:1d1:4b9f",
                "169.254.75.159",
                "fe80::4807:9ca5:cd67:6ac6",
                "169.254.106.198",
                "fe80::e097:4ef1:6314:5a55",
                "169.254.90.85",
                "fe80::d55:b4a9:26a4:7406",
                "192.168.1.102",
                "fe80::211f:b772:c6da:bfb3",
                "172.27.16.1",
                "fe80::f90c:d738:c01c:abc6",
                "172.28.192.1",
                "fe80::68fb:280b:ac6f:30de",
                "172.23.96.1"
            ]
        },
        "winlog": {
            "event_data": {
                "User": "ELMO\\mrdor",
                "UtcTime": "2022-10-07 10:31:24.893",
                "Description": "Dumpcap",
                "CurrentDirectory": "C:\\Users\\mrdor\\PycharmProjects\\Hunterbee\\client\\wireshark\\",
                "ParentProcessGuid": "{dd01dab0-fffc-633f-5355-010000004600}",
                "LogonId": "0x262837e6",
                "ParentCommandLine": "\"C:/Program Files/Wireshark/tshark.exe\" -l -n -T pdml -c 25 -w C:/Users/mrdor/PycharmProjects/Hunterbee/client/tempfiles/Logs/Wireshark/wireshark-logs-3.pcap -i -",
                "Product": "Dumpcap",
                "LogonGuid": "{dd01dab0-b9ee-633f-e637-282600000000}",
                "Hashes": "MD5=A85C48F3129B10CF5593FBF3B02836FF",
                "OriginalFileName": "Dumpcap.exe",
                "FileVersion": "3.6.2",
                "TerminalSessionId": "4",
                "CommandLine": "\"C:\\Program Files\\Wireshark\\dumpcap.exe\" -D -Z none",
                "ParentProcessId": "6992",
                "ProcessId": "2892",
                "ParentUser": "ELMO\\mrdor",
                "Image": "C:\\Program Files\\Wireshark\\dumpcap.exe",
                "Company": "The Wireshark developer community",
                "IntegrityLevel": "High",
                "ParentImage": "C:\\Program Files\\Wireshark\\tshark.exe",
                "RuleName": "-",
                "ProcessGuid": "{dd01dab0-fffc-633f-5455-010000004600}"
            },
            "provider_name": "Microsoft-Windows-Sysmon",
            "provider_guid": "{5770385f-c22a-43e0-bf4c-06f5698ffbd9}",
            "task": "Process Create (rule: ProcessCreate)",
            "computer_name": "Elmo"
        }
    },
    "4": {
        "@timestamp": "2022-10-07T10:31:25.137Z",
        "host": {
            "name": "Elmo",
            "ip": [
                "fe80::7cd2:efa8:dba2:6fc0",
                "169.254.111.192",
                "fe80::e431:7896:8d85:5aa",
                "172.21.208.1",
                "fe80::48ae:546b:7a20:7f52",
                "172.30.112.1",
                "fe80::f45e:e853:b6c1:9350",
                "192.168.56.1",
                "fe80::bc21:1b56:1d1:4b9f",
                "169.254.75.159",
                "fe80::4807:9ca5:cd67:6ac6",
                "169.254.106.198",
                "fe80::e097:4ef1:6314:5a55",
                "169.254.90.85",
                "fe80::d55:b4a9:26a4:7406",
                "192.168.1.102",
                "fe80::211f:b772:c6da:bfb3",
                "172.27.16.1",
                "fe80::f90c:d738:c01c:abc6",
                "172.28.192.1",
                "fe80::68fb:280b:ac6f:30de",
                "172.23.96.1"
            ]
        },
        "winlog": {
            "provider_name": "Microsoft-Windows-Sysmon",
            "computer_name": "Elmo",
            "task": "Process Create (rule: ProcessCreate)",
            "event_data": {
                "TerminalSessionId": "4",
                "ParentProcessGuid": "{dd01dab0-fffc-633f-5355-010000004600}",
                "Description": "Dumpcap",
                "CurrentDirectory": "C:\\Users\\mrdor\\PycharmProjects\\Hunterbee\\client\\wireshark\\",
                "Company": "The Wireshark developer community",
                "IntegrityLevel": "High",
                "CommandLine": "\"C:\\Program Files\\Wireshark\\dumpcap.exe\" -n -c 25 -i - -Z 6992 -w C:/Users/mrdor/PycharmProjects/Hunterbee/client/tempfiles/Logs/Wireshark/wireshark-logs-3.pcap",
                "ParentProcessId": "6992",
                "User": "ELMO\\mrdor",
                "ParentImage": "C:\\Program Files\\Wireshark\\tshark.exe",
                "Product": "Dumpcap",
                "LogonId": "0x262837e6",
                "Hashes": "MD5=A85C48F3129B10CF5593FBF3B02836FF",
                "UtcTime": "2022-10-07 10:31:25.135",
                "Image": "C:\\Program Files\\Wireshark\\dumpcap.exe",
                "FileVersion": "3.6.2",
                "ParentCommandLine": "\"C:/Program Files/Wireshark/tshark.exe\" -l -n -T pdml -c 25 -w C:/Users/mrdor/PycharmProjects/Hunterbee/client/tempfiles/Logs/Wireshark/wireshark-logs-3.pcap -i -",
                "ParentUser": "ELMO\\mrdor",
                "RuleName": "-",
                "LogonGuid": "{dd01dab0-b9ee-633f-e637-282600000000}",
                "ProcessId": "5056",
                "OriginalFileName": "Dumpcap.exe",
                "ProcessGuid": "{dd01dab0-fffd-633f-5655-010000004600}"
            },
            "provider_guid": "{5770385f-c22a-43e0-bf4c-06f5698ffbd9}"
        }
    },
    "5": {
        "@timestamp": "2022-10-07T10:31:27.382Z",
        "winlog": {
            "computer_name": "Elmo",
            "event_data": {
                "UtcTime": "2022-10-07 10:31:27.379",
                "Description": "Windows Command Processor",
                "LogonGuid": "{dd01dab0-b9ee-633f-e637-282600000000}",
                "Product": "Microsoft\u00c2\u00ae Windows\u00c2\u00ae Operating System",
                "ParentProcessGuid": "{dd01dab0-ffc6-633f-1855-010000004600}",
                "FileVersion": "10.0.19041.746 (WinBuild.160101.0800)",
                "Company": "Microsoft Corporation",
                "IntegrityLevel": "High",
                "Hashes": "MD5=8A2122E8162DBEF04694B9C3E0B6CDEE",
                "RuleName": "-",
                "ParentUser": "ELMO\\mrdor",
                "ProcessId": "19984",
                "CurrentDirectory": "C:\\Users\\mrdor\\PycharmProjects\\Hunterbee\\client\\wireshark\\",
                "OriginalFileName": "Cmd.Exe",
                "CommandLine": "C:\\Windows\\system32\\cmd.exe /c \"tshark -r C:/Users/mrdor/PycharmProjects/Hunterbee/client/tempfiles/Logs/Wireshark/wireshark-logs-3.pcap -T json > C:/Users/mrdor/PycharmProjects/Hunterbee/client/tempfiles/Logs/Wireshark/wireshark-logs-3.json\"",
                "TerminalSessionId": "4",
                "ParentImage": "C:\\Users\\mrdor\\AppData\\Local\\Programs\\Python\\Python39\\python.exe",
                "ParentCommandLine": "C:\\Users\\mrdor\\AppData\\Local\\Programs\\Python\\Python39\\python.exe C:/Users/mrdor/PycharmProjects/Hunterbee/client/wireshark/wireshark_interface.py",
                "User": "ELMO\\mrdor",
                "LogonId": "0x262837e6",
                "ParentProcessId": "11260",
                "ProcessGuid": "{dd01dab0-ffff-633f-5855-010000004600}",
                "Image": "C:\\Windows\\System32\\cmd.exe"
            },
            "provider_guid": "{5770385f-c22a-43e0-bf4c-06f5698ffbd9}",
            "provider_name": "Microsoft-Windows-Sysmon",
            "task": "Process Create (rule: ProcessCreate)"
        },
        "host": {
            "name": "Elmo",
            "ip": [
                "fe80::7cd2:efa8:dba2:6fc0",
                "169.254.111.192",
                "fe80::e431:7896:8d85:5aa",
                "172.21.208.1",
                "fe80::48ae:546b:7a20:7f52",
                "172.30.112.1",
                "fe80::f45e:e853:b6c1:9350",
                "192.168.56.1",
                "fe80::bc21:1b56:1d1:4b9f",
                "169.254.75.159",
                "fe80::4807:9ca5:cd67:6ac6",
                "169.254.106.198",
                "fe80::e097:4ef1:6314:5a55",
                "169.254.90.85",
                "fe80::d55:b4a9:26a4:7406",
                "192.168.1.102",
                "fe80::211f:b772:c6da:bfb3",
                "172.27.16.1",
                "fe80::f90c:d738:c01c:abc6",
                "172.28.192.1",
                "fe80::68fb:280b:ac6f:30de",
                "172.23.96.1"
            ]
        }
    },
    "6": {
        "@timestamp": "2022-10-07T10:31:27.392Z",
        "winlog": {
            "computer_name": "Elmo",
            "event_data": {
                "User": "ELMO\\mrdor",
                "ParentCommandLine": "C:\\Windows\\system32\\cmd.exe /c \"tshark -r C:/Users/mrdor/PycharmProjects/Hunterbee/client/tempfiles/Logs/Wireshark/wireshark-logs-3.pcap -T json > C:/Users/mrdor/PycharmProjects/Hunterbee/client/tempfiles/Logs/Wireshark/wireshark-logs-3.json\"",
                "CommandLine": "tshark  -r C:/Users/mrdor/PycharmProjects/Hunterbee/client/tempfiles/Logs/Wireshark/wireshark-logs-3.pcap -T json ",
                "ParentImage": "C:\\Windows\\System32\\cmd.exe",
                "ProcessId": "22676",
                "Image": "C:\\Program Files\\Wireshark\\tshark.exe",
                "ParentProcessId": "19984",
                "ParentUser": "ELMO\\mrdor",
                "FileVersion": "3.6.2",
                "Company": "The Wireshark developer community",
                "Hashes": "MD5=2C7476F44C33FE4FE26600AE7AE3900D",
                "LogonGuid": "{dd01dab0-b9ee-633f-e637-282600000000}",
                "LogonId": "0x262837e6",
                "OriginalFileName": "TShark.exe",
                "CurrentDirectory": "C:\\Users\\mrdor\\PycharmProjects\\Hunterbee\\client\\wireshark\\",
                "TerminalSessionId": "4",
                "Description": "TShark",
                "Product": "TShark",
                "IntegrityLevel": "High",
                "ParentProcessGuid": "{dd01dab0-ffff-633f-5855-010000004600}",
                "RuleName": "-",
                "UtcTime": "2022-10-07 10:31:27.390",
                "ProcessGuid": "{dd01dab0-ffff-633f-5955-010000004600}"
            },
            "provider_name": "Microsoft-Windows-Sysmon",
            "task": "Process Create (rule: ProcessCreate)",
            "provider_guid": "{5770385f-c22a-43e0-bf4c-06f5698ffbd9}"
        },
        "host": {
            "ip": [
                "fe80::7cd2:efa8:dba2:6fc0",
                "169.254.111.192",
                "fe80::e431:7896:8d85:5aa",
                "172.21.208.1",
                "fe80::48ae:546b:7a20:7f52",
                "172.30.112.1",
                "fe80::f45e:e853:b6c1:9350",
                "192.168.56.1",
                "fe80::bc21:1b56:1d1:4b9f",
                "169.254.75.159",
                "fe80::4807:9ca5:cd67:6ac6",
                "169.254.106.198",
                "fe80::e097:4ef1:6314:5a55",
                "169.254.90.85",
                "fe80::d55:b4a9:26a4:7406",
                "192.168.1.102",
                "fe80::211f:b772:c6da:bfb3",
                "172.27.16.1",
                "fe80::f90c:d738:c01c:abc6",
                "172.28.192.1",
                "fe80::68fb:280b:ac6f:30de",
                "172.23.96.1"
            ],
            "name": "Elmo"
        }
    },
    "7": {
        "@timestamp": "2022-10-07T10:31:27.773Z",
        "host": {
            "ip": [
                "fe80::7cd2:efa8:dba2:6fc0",
                "169.254.111.192",
                "fe80::e431:7896:8d85:5aa",
                "172.21.208.1",
                "fe80::48ae:546b:7a20:7f52",
                "172.30.112.1",
                "fe80::f45e:e853:b6c1:9350",
                "192.168.56.1",
                "fe80::bc21:1b56:1d1:4b9f",
                "169.254.75.159",
                "fe80::4807:9ca5:cd67:6ac6",
                "169.254.106.198",
                "fe80::e097:4ef1:6314:5a55",
                "169.254.90.85",
                "fe80::d55:b4a9:26a4:7406",
                "192.168.1.102",
                "fe80::211f:b772:c6da:bfb3",
                "172.27.16.1",
                "fe80::f90c:d738:c01c:abc6",
                "172.28.192.1",
                "fe80::68fb:280b:ac6f:30de",
                "172.23.96.1"
            ],
            "name": "Elmo"
        },
        "winlog": {
            "provider_name": "Microsoft-Windows-Sysmon",
            "task": "Process Create (rule: ProcessCreate)",
            "provider_guid": "{5770385f-c22a-43e0-bf4c-06f5698ffbd9}",
            "computer_name": "Elmo",
            "event_data": {
                "ParentCommandLine": "C:\\Users\\mrdor\\AppData\\Local\\Programs\\Python\\Python39\\python.exe C:/Users/mrdor/PycharmProjects/Hunterbee/client/wireshark/wireshark_interface.py",
                "CurrentDirectory": "C:\\Users\\mrdor\\PycharmProjects\\Hunterbee\\client\\wireshark\\",
                "LogonGuid": "{dd01dab0-b9ee-633f-e637-282600000000}",
                "ParentProcessId": "11260",
                "UtcTime": "2022-10-07 10:31:27.771",
                "FileVersion": "3.6.2",
                "Company": "The Wireshark developer community",
                "Hashes": "MD5=2C7476F44C33FE4FE26600AE7AE3900D",
                "ParentUser": "ELMO\\mrdor",
                "TerminalSessionId": "4",
                "OriginalFileName": "TShark.exe",
                "User": "ELMO\\mrdor",
                "LogonId": "0x262837e6",
                "CommandLine": "\"C:/Program Files/Wireshark/tshark.exe\" -D",
                "ParentImage": "C:\\Users\\mrdor\\AppData\\Local\\Programs\\Python\\Python39\\python.exe",
                "ProcessId": "15340",
                "IntegrityLevel": "High",
                "Description": "TShark",
                "RuleName": "-",
                "ProcessGuid": "{dd01dab0-ffff-633f-5a55-010000004600}",
                "Image": "C:\\Program Files\\Wireshark\\tshark.exe",
                "Product": "TShark",
                "ParentProcessGuid": "{dd01dab0-ffc6-633f-1855-010000004600}"
            }
        }
    },
    "8": {
        "@timestamp": "2022-10-07T10:31:28.150Z",
        "host": {
            "name": "Elmo",
            "ip": [
                "fe80::7cd2:efa8:dba2:6fc0",
                "169.254.111.192",
                "fe80::e431:7896:8d85:5aa",
                "172.21.208.1",
                "fe80::48ae:546b:7a20:7f52",
                "172.30.112.1",
                "fe80::f45e:e853:b6c1:9350",
                "192.168.56.1",
                "fe80::bc21:1b56:1d1:4b9f",
                "169.254.75.159",
                "fe80::4807:9ca5:cd67:6ac6",
                "169.254.106.198",
                "fe80::e097:4ef1:6314:5a55",
                "169.254.90.85",
                "fe80::d55:b4a9:26a4:7406",
                "192.168.1.102",
                "fe80::211f:b772:c6da:bfb3",
                "172.27.16.1",
                "fe80::f90c:d738:c01c:abc6",
                "172.28.192.1",
                "fe80::68fb:280b:ac6f:30de",
                "172.23.96.1"
            ]
        },
        "winlog": {
            "provider_name": "Microsoft-Windows-Sysmon",
            "event_data": {
                "TerminalSessionId": "4",
                "Hashes": "MD5=A85C48F3129B10CF5593FBF3B02836FF",
                "IntegrityLevel": "High",
                "Image": "C:\\Program Files\\Wireshark\\dumpcap.exe",
                "ParentProcessId": "15340",
                "ParentImage": "C:\\Program Files\\Wireshark\\tshark.exe",
                "LogonId": "0x262837e6",
                "OriginalFileName": "Dumpcap.exe",
                "UtcTime": "2022-10-07 10:31:28.148",
                "ProcessGuid": "{dd01dab0-0000-6340-5b55-010000004600}",
                "Company": "The Wireshark developer community",
                "CommandLine": "\"C:\\Program Files\\Wireshark\\dumpcap.exe\" -D -Z none",
                "LogonGuid": "{dd01dab0-b9ee-633f-e637-282600000000}",
                "FileVersion": "3.6.2",
                "ParentProcessGuid": "{dd01dab0-ffff-633f-5a55-010000004600}",
                "CurrentDirectory": "C:\\Users\\mrdor\\PycharmProjects\\Hunterbee\\client\\wireshark\\",
                "RuleName": "-",
                "ParentUser": "ELMO\\mrdor",
                "ProcessId": "7268",
                "Product": "Dumpcap",
                "User": "ELMO\\mrdor",
                "ParentCommandLine": "\"C:/Program Files/Wireshark/tshark.exe\" -D",
                "Description": "Dumpcap"
            },
            "provider_guid": "{5770385f-c22a-43e0-bf4c-06f5698ffbd9}",
            "task": "Process Create (rule: ProcessCreate)",
            "computer_name": "Elmo"
        }
    },
    "9": {
        "@timestamp": "2022-10-07T10:31:28.305Z",
        "host": {
            "name": "Elmo",
            "ip": [
                "fe80::7cd2:efa8:dba2:6fc0",
                "169.254.111.192",
                "fe80::e431:7896:8d85:5aa",
                "172.21.208.1",
                "fe80::48ae:546b:7a20:7f52",
                "172.30.112.1",
                "fe80::f45e:e853:b6c1:9350",
                "192.168.56.1",
                "fe80::bc21:1b56:1d1:4b9f",
                "169.254.75.159",
                "fe80::4807:9ca5:cd67:6ac6",
                "169.254.106.198",
                "fe80::e097:4ef1:6314:5a55",
                "169.254.90.85",
                "fe80::d55:b4a9:26a4:7406",
                "192.168.1.102",
                "fe80::211f:b772:c6da:bfb3",
                "172.27.16.1",
                "fe80::f90c:d738:c01c:abc6",
                "172.28.192.1",
                "fe80::68fb:280b:ac6f:30de",
                "172.23.96.1"
            ]
        },
        "winlog": {
            "provider_guid": "{5770385f-c22a-43e0-bf4c-06f5698ffbd9}",
            "event_data": {
                "Description": "TShark",
                "Hashes": "MD5=2C7476F44C33FE4FE26600AE7AE3900D",
                "ProcessId": "1072",
                "CurrentDirectory": "C:\\Users\\mrdor\\PycharmProjects\\Hunterbee\\client\\wireshark\\",
                "CommandLine": "\"C:/Program Files/Wireshark/tshark.exe\" -v",
                "LogonGuid": "{dd01dab0-b9ee-633f-e637-282600000000}",
                "ProcessGuid": "{dd01dab0-0000-6340-5d55-010000004600}",
                "FileVersion": "3.6.2",
                "LogonId": "0x262837e6",
                "TerminalSessionId": "4",
                "Image": "C:\\Program Files\\Wireshark\\tshark.exe",
                "Company": "The Wireshark developer community",
                "OriginalFileName": "TShark.exe",
                "RuleName": "-",
                "ParentProcessGuid": "{dd01dab0-ffc6-633f-1855-010000004600}",
                "Product": "TShark",
                "UtcTime": "2022-10-07 10:31:28.303",
                "ParentProcessId": "11260",
                "User": "ELMO\\mrdor",
                "ParentImage": "C:\\Users\\mrdor\\AppData\\Local\\Programs\\Python\\Python39\\python.exe",
                "ParentUser": "ELMO\\mrdor",
                "IntegrityLevel": "High",
                "ParentCommandLine": "C:\\Users\\mrdor\\AppData\\Local\\Programs\\Python\\Python39\\python.exe C:/Users/mrdor/PycharmProjects/Hunterbee/client/wireshark/wireshark_interface.py"
            },
            "computer_name": "Elmo",
            "provider_name": "Microsoft-Windows-Sysmon",
            "task": "Process Create (rule: ProcessCreate)"
        }
    },
    "10": {
        "@timestamp": "2022-10-07T10:31:28.582Z",
        "winlog": {
            "event_data": {
                "UtcTime": "2022-10-07 10:31:28.581",
                "ParentProcessId": "11260",
                "RuleName": "-",
                "User": "ELMO\\mrdor",
                "LogonGuid": "{dd01dab0-b9ee-633f-e637-282600000000}",
                "ProcessGuid": "{dd01dab0-0000-6340-5e55-010000004600}",
                "ParentImage": "C:\\Users\\mrdor\\AppData\\Local\\Programs\\Python\\Python39\\python.exe",
                "OriginalFileName": "Dumpcap.exe",
                "IntegrityLevel": "High",
                "ParentProcessGuid": "{dd01dab0-ffc6-633f-1855-010000004600}",
                "ProcessId": "9068",
                "ParentUser": "ELMO\\mrdor",
                "LogonId": "0x262837e6",
                "FileVersion": "3.6.2",
                "CurrentDirectory": "C:\\Users\\mrdor\\PycharmProjects\\Hunterbee\\client\\wireshark\\",
                "CommandLine": "\"C:/Program Files/Wireshark/dumpcap.exe\" -q -i Wi-Fi -w -",
                "Product": "Dumpcap",
                "TerminalSessionId": "4",
                "Description": "Dumpcap",
                "Hashes": "MD5=A85C48F3129B10CF5593FBF3B02836FF",
                "Image": "C:\\Program Files\\Wireshark\\dumpcap.exe",
                "Company": "The Wireshark developer community",
                "ParentCommandLine": "C:\\Users\\mrdor\\AppData\\Local\\Programs\\Python\\Python39\\python.exe C:/Users/mrdor/PycharmProjects/Hunterbee/client/wireshark/wireshark_interface.py"
            },
            "task": "Process Create (rule: ProcessCreate)",
            "computer_name": "Elmo",
            "provider_name": "Microsoft-Windows-Sysmon",
            "provider_guid": "{5770385f-c22a-43e0-bf4c-06f5698ffbd9}"
        },
        "host": {
            "name": "Elmo",
            "ip": [
                "fe80::7cd2:efa8:dba2:6fc0",
                "169.254.111.192",
                "fe80::e431:7896:8d85:5aa",
                "172.21.208.1",
                "fe80::48ae:546b:7a20:7f52",
                "172.30.112.1",
                "fe80::f45e:e853:b6c1:9350",
                "192.168.56.1",
                "fe80::bc21:1b56:1d1:4b9f",
                "169.254.75.159",
                "fe80::4807:9ca5:cd67:6ac6",
                "169.254.106.198",
                "fe80::e097:4ef1:6314:5a55",
                "169.254.90.85",
                "fe80::d55:b4a9:26a4:7406",
                "192.168.1.102",
                "fe80::211f:b772:c6da:bfb3",
                "172.27.16.1",
                "fe80::f90c:d738:c01c:abc6",
                "172.28.192.1",
                "fe80::68fb:280b:ac6f:30de",
                "172.23.96.1"
            ]
        }
    },
    "11": {
        "@timestamp": "2022-10-07T10:31:28.586Z",
        "host": {
            "name": "Elmo",
            "ip": [
                "fe80::7cd2:efa8:dba2:6fc0",
                "169.254.111.192",
                "fe80::e431:7896:8d85:5aa",
                "172.21.208.1",
                "fe80::48ae:546b:7a20:7f52",
                "172.30.112.1",
                "fe80::f45e:e853:b6c1:9350",
                "192.168.56.1",
                "fe80::bc21:1b56:1d1:4b9f",
                "169.254.75.159",
                "fe80::4807:9ca5:cd67:6ac6",
                "169.254.106.198",
                "fe80::e097:4ef1:6314:5a55",
                "169.254.90.85",
                "fe80::d55:b4a9:26a4:7406",
                "192.168.1.102",
                "fe80::211f:b772:c6da:bfb3",
                "172.27.16.1",
                "fe80::f90c:d738:c01c:abc6",
                "172.28.192.1",
                "fe80::68fb:280b:ac6f:30de",
                "172.23.96.1"
            ]
        },
        "winlog": {
            "computer_name": "Elmo",
            "provider_name": "Microsoft-Windows-Sysmon",
            "provider_guid": "{5770385f-c22a-43e0-bf4c-06f5698ffbd9}",
            "task": "Process Create (rule: ProcessCreate)",
            "event_data": {
                "TerminalSessionId": "4",
                "UtcTime": "2022-10-07 10:31:28.584",
                "OriginalFileName": "TShark.exe",
                "LogonId": "0x262837e6",
                "Company": "The Wireshark developer community",
                "CommandLine": "\"C:/Program Files/Wireshark/tshark.exe\" -D",
                "ParentCommandLine": "C:\\Users\\mrdor\\AppData\\Local\\Programs\\Python\\Python39\\python.exe C:/Users/mrdor/PycharmProjects/Hunterbee/client/wireshark/wireshark_interface.py",
                "ProcessGuid": "{dd01dab0-0000-6340-5f55-010000004600}",
                "ParentProcessGuid": "{dd01dab0-ffc6-633f-1855-010000004600}",
                "RuleName": "-",
                "FileVersion": "3.6.2",
                "ParentProcessId": "11260",
                "Description": "TShark",
                "Product": "TShark",
                "CurrentDirectory": "C:\\Users\\mrdor\\PycharmProjects\\Hunterbee\\client\\wireshark\\",
                "IntegrityLevel": "High",
                "ParentImage": "C:\\Users\\mrdor\\AppData\\Local\\Programs\\Python\\Python39\\python.exe",
                "User": "ELMO\\mrdor",
                "Hashes": "MD5=2C7476F44C33FE4FE26600AE7AE3900D",
                "ParentUser": "ELMO\\mrdor",
                "Image": "C:\\Program Files\\Wireshark\\tshark.exe",
                "ProcessId": "23516",
                "LogonGuid": "{dd01dab0-b9ee-633f-e637-282600000000}"
            }
        }
    },
    "12": {
        "@timestamp": "2022-10-07T10:31:28.818Z",
        "winlog": {
            "computer_name": "Elmo",
            "event_data": {
                "OriginalFileName": "Dumpcap.exe",
                "LogonGuid": "{dd01dab0-b9ee-633f-e637-282600000000}",
                "CurrentDirectory": "C:\\Users\\mrdor\\PycharmProjects\\Hunterbee\\client\\wireshark\\",
                "UtcTime": "2022-10-07 10:31:28.816",
                "ProcessGuid": "{dd01dab0-0000-6340-6055-010000004600}",
                "User": "ELMO\\mrdor",
                "ParentCommandLine": "\"C:/Program Files/Wireshark/tshark.exe\" -D",
                "FileVersion": "3.6.2",
                "Image": "C:\\Program Files\\Wireshark\\dumpcap.exe",
                "ProcessId": "8336",
                "ParentProcessGuid": "{dd01dab0-0000-6340-5f55-010000004600}",
                "Product": "Dumpcap",
                "CommandLine": "\"C:\\Program Files\\Wireshark\\dumpcap.exe\" -D -Z none",
                "ParentImage": "C:\\Program Files\\Wireshark\\tshark.exe",
                "ParentUser": "ELMO\\mrdor",
                "ParentProcessId": "23516",
                "RuleName": "-",
                "Hashes": "MD5=A85C48F3129B10CF5593FBF3B02836FF",
                "Description": "Dumpcap",
                "LogonId": "0x262837e6",
                "Company": "The Wireshark developer community",
                "IntegrityLevel": "High",
                "TerminalSessionId": "4"
            },
            "task": "Process Create (rule: ProcessCreate)",
            "provider_guid": "{5770385f-c22a-43e0-bf4c-06f5698ffbd9}",
            "provider_name": "Microsoft-Windows-Sysmon"
        },
        "host": {
            "ip": [
                "fe80::7cd2:efa8:dba2:6fc0",
                "169.254.111.192",
                "fe80::e431:7896:8d85:5aa",
                "172.21.208.1",
                "fe80::48ae:546b:7a20:7f52",
                "172.30.112.1",
                "fe80::f45e:e853:b6c1:9350",
                "192.168.56.1",
                "fe80::bc21:1b56:1d1:4b9f",
                "169.254.75.159",
                "fe80::4807:9ca5:cd67:6ac6",
                "169.254.106.198",
                "fe80::e097:4ef1:6314:5a55",
                "169.254.90.85",
                "fe80::d55:b4a9:26a4:7406",
                "192.168.1.102",
                "fe80::211f:b772:c6da:bfb3",
                "172.27.16.1",
                "fe80::f90c:d738:c01c:abc6",
                "172.28.192.1",
                "fe80::68fb:280b:ac6f:30de",
                "172.23.96.1"
            ],
            "name": "Elmo"
        }
    },
    "13": {
        "@timestamp": "2022-10-07T10:31:28.974Z",
        "winlog": {
            "task": "Process Create (rule: ProcessCreate)",
            "computer_name": "Elmo",
            "provider_guid": "{5770385f-c22a-43e0-bf4c-06f5698ffbd9}",
            "provider_name": "Microsoft-Windows-Sysmon",
            "event_data": {
                "Description": "TShark",
                "LogonId": "0x262837e6",
                "ParentProcessId": "11260",
                "ParentImage": "C:\\Users\\mrdor\\AppData\\Local\\Programs\\Python\\Python39\\python.exe",
                "FileVersion": "3.6.2",
                "ProcessId": "13064",
                "ParentProcessGuid": "{dd01dab0-ffc6-633f-1855-010000004600}",
                "Company": "The Wireshark developer community",
                "CurrentDirectory": "C:\\Users\\mrdor\\PycharmProjects\\Hunterbee\\client\\wireshark\\",
                "Product": "TShark",
                "LogonGuid": "{dd01dab0-b9ee-633f-e637-282600000000}",
                "ParentUser": "ELMO\\mrdor",
                "User": "ELMO\\mrdor",
                "OriginalFileName": "TShark.exe",
                "IntegrityLevel": "High",
                "UtcTime": "2022-10-07 10:31:28.972",
                "Hashes": "MD5=2C7476F44C33FE4FE26600AE7AE3900D",
                "ProcessGuid": "{dd01dab0-0000-6340-6255-010000004600}",
                "Image": "C:\\Program Files\\Wireshark\\tshark.exe",
                "CommandLine": "\"C:/Program Files/Wireshark/tshark.exe\" -l -n -T pdml -c 25 -w C:/Users/mrdor/PycharmProjects/Hunterbee/client/tempfiles/Logs/Wireshark/wireshark-logs-4.pcap -i -",
                "RuleName": "-",
                "ParentCommandLine": "C:\\Users\\mrdor\\AppData\\Local\\Programs\\Python\\Python39\\python.exe C:/Users/mrdor/PycharmProjects/Hunterbee/client/wireshark/wireshark_interface.py",
                "TerminalSessionId": "4"
            }
        },
        "host": {
            "ip": [
                "fe80::7cd2:efa8:dba2:6fc0",
                "169.254.111.192",
                "fe80::e431:7896:8d85:5aa",
                "172.21.208.1",
                "fe80::48ae:546b:7a20:7f52",
                "172.30.112.1",
                "fe80::f45e:e853:b6c1:9350",
                "192.168.56.1",
                "fe80::bc21:1b56:1d1:4b9f",
                "169.254.75.159",
                "fe80::4807:9ca5:cd67:6ac6",
                "169.254.106.198",
                "fe80::e097:4ef1:6314:5a55",
                "169.254.90.85",
                "fe80::d55:b4a9:26a4:7406",
                "192.168.1.102",
                "fe80::211f:b772:c6da:bfb3",
                "172.27.16.1",
                "fe80::f90c:d738:c01c:abc6",
                "172.28.192.1",
                "fe80::68fb:280b:ac6f:30de",
                "172.23.96.1"
            ],
            "name": "Elmo"
        }
    },
    "14": {
        "@timestamp": "2022-10-07T10:31:29.198Z",
        "host": {
            "name": "Elmo",
            "ip": [
                "fe80::7cd2:efa8:dba2:6fc0",
                "169.254.111.192",
                "fe80::e431:7896:8d85:5aa",
                "172.21.208.1",
                "fe80::48ae:546b:7a20:7f52",
                "172.30.112.1",
                "fe80::f45e:e853:b6c1:9350",
                "192.168.56.1",
                "fe80::bc21:1b56:1d1:4b9f",
                "169.254.75.159",
                "fe80::4807:9ca5:cd67:6ac6",
                "169.254.106.198",
                "fe80::e097:4ef1:6314:5a55",
                "169.254.90.85",
                "fe80::d55:b4a9:26a4:7406",
                "192.168.1.102",
                "fe80::211f:b772:c6da:bfb3",
                "172.27.16.1",
                "fe80::f90c:d738:c01c:abc6",
                "172.28.192.1",
                "fe80::68fb:280b:ac6f:30de",
                "172.23.96.1"
            ]
        },
        "winlog": {
            "event_data": {
                "FileVersion": "3.6.2",
                "IntegrityLevel": "High",
                "Hashes": "MD5=A85C48F3129B10CF5593FBF3B02836FF",
                "ParentProcessId": "13064",
                "Image": "C:\\Program Files\\Wireshark\\dumpcap.exe",
                "LogonGuid": "{dd01dab0-b9ee-633f-e637-282600000000}",
                "ParentUser": "ELMO\\mrdor",
                "RuleName": "-",
                "ParentProcessGuid": "{dd01dab0-0000-6340-6255-010000004600}",
                "TerminalSessionId": "4",
                "ParentCommandLine": "\"C:/Program Files/Wireshark/tshark.exe\" -l -n -T pdml -c 25 -w C:/Users/mrdor/PycharmProjects/Hunterbee/client/tempfiles/Logs/Wireshark/wireshark-logs-4.pcap -i -",
                "User": "ELMO\\mrdor",
                "ProcessGuid": "{dd01dab0-0001-6340-6355-010000004600}",
                "Product": "Dumpcap",
                "Description": "Dumpcap",
                "Company": "The Wireshark developer community",
                "UtcTime": "2022-10-07 10:31:29.196",
                "CurrentDirectory": "C:\\Users\\mrdor\\PycharmProjects\\Hunterbee\\client\\wireshark\\",
                "CommandLine": "\"C:\\Program Files\\Wireshark\\dumpcap.exe\" -D -Z none",
                "OriginalFileName": "Dumpcap.exe",
                "ProcessId": "1620",
                "LogonId": "0x262837e6",
                "ParentImage": "C:\\Program Files\\Wireshark\\tshark.exe"
            },
            "provider_guid": "{5770385f-c22a-43e0-bf4c-06f5698ffbd9}",
            "provider_name": "Microsoft-Windows-Sysmon",
            "task": "Process Create (rule: ProcessCreate)",
            "computer_name": "Elmo"
        }
    },
    "15": {
        "@timestamp": "2022-10-07T10:31:29.439Z",
        "winlog": {
            "computer_name": "Elmo",
            "provider_name": "Microsoft-Windows-Sysmon",
            "event_data": {
                "OriginalFileName": "Dumpcap.exe",
                "ParentCommandLine": "\"C:/Program Files/Wireshark/tshark.exe\" -l -n -T pdml -c 25 -w C:/Users/mrdor/PycharmProjects/Hunterbee/client/tempfiles/Logs/Wireshark/wireshark-logs-4.pcap -i -",
                "Company": "The Wireshark developer community",
                "IntegrityLevel": "High",
                "ProcessId": "5044",
                "Image": "C:\\Program Files\\Wireshark\\dumpcap.exe",
                "TerminalSessionId": "4",
                "RuleName": "-",
                "Description": "Dumpcap",
                "User": "ELMO\\mrdor",
                "LogonGuid": "{dd01dab0-b9ee-633f-e637-282600000000}",
                "CurrentDirectory": "C:\\Users\\mrdor\\PycharmProjects\\Hunterbee\\client\\wireshark\\",
                "ParentImage": "C:\\Program Files\\Wireshark\\tshark.exe",
                "FileVersion": "3.6.2",
                "LogonId": "0x262837e6",
                "UtcTime": "2022-10-07 10:31:29.437",
                "ProcessGuid": "{dd01dab0-0001-6340-6555-010000004600}",
                "CommandLine": "\"C:\\Program Files\\Wireshark\\dumpcap.exe\" -n -c 25 -i - -Z 13064 -w C:/Users/mrdor/PycharmProjects/Hunterbee/client/tempfiles/Logs/Wireshark/wireshark-logs-4.pcap",
                "ParentUser": "ELMO\\mrdor",
                "Product": "Dumpcap",
                "Hashes": "MD5=A85C48F3129B10CF5593FBF3B02836FF",
                "ParentProcessGuid": "{dd01dab0-0000-6340-6255-010000004600}",
                "ParentProcessId": "13064"
            },
            "task": "Process Create (rule: ProcessCreate)",
            "provider_guid": "{5770385f-c22a-43e0-bf4c-06f5698ffbd9}"
        },
        "host": {
            "name": "Elmo",
            "ip": [
                "fe80::7cd2:efa8:dba2:6fc0",
                "169.254.111.192",
                "fe80::e431:7896:8d85:5aa",
                "172.21.208.1",
                "fe80::48ae:546b:7a20:7f52",
                "172.30.112.1",
                "fe80::f45e:e853:b6c1:9350",
                "192.168.56.1",
                "fe80::bc21:1b56:1d1:4b9f",
                "169.254.75.159",
                "fe80::4807:9ca5:cd67:6ac6",
                "169.254.106.198",
                "fe80::e097:4ef1:6314:5a55",
                "169.254.90.85",
                "fe80::d55:b4a9:26a4:7406",
                "192.168.1.102",
                "fe80::211f:b772:c6da:bfb3",
                "172.27.16.1",
                "fe80::f90c:d738:c01c:abc6",
                "172.28.192.1",
                "fe80::68fb:280b:ac6f:30de",
                "172.23.96.1"
            ]
        }
    },
    "16": {
        "@timestamp": "2022-10-07T10:31:41.865Z",
        "winlog": {
            "computer_name": "Elmo",
            "event_data": {
                "Image": "C:\\Windows\\System32\\cmd.exe",
                "Product": "Microsoft\u00c2\u00ae Windows\u00c2\u00ae Operating System",
                "LogonGuid": "{dd01dab0-b9ee-633f-e637-282600000000}",
                "ParentImage": "C:\\Users\\mrdor\\AppData\\Local\\Programs\\Python\\Python39\\python.exe",
                "FileVersion": "10.0.19041.746 (WinBuild.160101.0800)",
                "Hashes": "MD5=8A2122E8162DBEF04694B9C3E0B6CDEE",
                "CurrentDirectory": "C:\\Users\\mrdor\\PycharmProjects\\Hunterbee\\client\\wireshark\\",
                "RuleName": "-",
                "CommandLine": "C:\\Windows\\system32\\cmd.exe /c \"tshark -r C:/Users/mrdor/PycharmProjects/Hunterbee/client/tempfiles/Logs/Wireshark/wireshark-logs-4.pcap -T json > C:/Users/mrdor/PycharmProjects/Hunterbee/client/tempfiles/Logs/Wireshark/wireshark-logs-4.json\"",
                "ParentProcessId": "11260",
                "ProcessGuid": "{dd01dab0-000d-6340-6755-010000004600}",
                "Description": "Windows Command Processor",
                "Company": "Microsoft Corporation",
                "ParentCommandLine": "C:\\Users\\mrdor\\AppData\\Local\\Programs\\Python\\Python39\\python.exe C:/Users/mrdor/PycharmProjects/Hunterbee/client/wireshark/wireshark_interface.py",
                "ParentUser": "ELMO\\mrdor",
                "TerminalSessionId": "4",
                "ParentProcessGuid": "{dd01dab0-ffc6-633f-1855-010000004600}",
                "User": "ELMO\\mrdor",
                "UtcTime": "2022-10-07 10:31:41.861",
                "ProcessId": "22980",
                "OriginalFileName": "Cmd.Exe",
                "IntegrityLevel": "High",
                "LogonId": "0x262837e6"
            },
            "provider_name": "Microsoft-Windows-Sysmon",
            "provider_guid": "{5770385f-c22a-43e0-bf4c-06f5698ffbd9}",
            "task": "Process Create (rule: ProcessCreate)"
        },
        "host": {
            "ip": [
                "fe80::7cd2:efa8:dba2:6fc0",
                "169.254.111.192",
                "fe80::e431:7896:8d85:5aa",
                "172.21.208.1",
                "fe80::48ae:546b:7a20:7f52",
                "172.30.112.1",
                "fe80::f45e:e853:b6c1:9350",
                "192.168.56.1",
                "fe80::bc21:1b56:1d1:4b9f",
                "169.254.75.159",
                "fe80::4807:9ca5:cd67:6ac6",
                "169.254.106.198",
                "fe80::e097:4ef1:6314:5a55",
                "169.254.90.85",
                "fe80::d55:b4a9:26a4:7406",
                "192.168.1.102",
                "fe80::211f:b772:c6da:bfb3",
                "172.27.16.1",
                "fe80::f90c:d738:c01c:abc6",
                "172.28.192.1",
                "fe80::68fb:280b:ac6f:30de",
                "172.23.96.1"
            ],
            "name": "Elmo"
        }
    },
    "17": {
        "@timestamp": "2022-10-07T10:31:41.875Z",
        "winlog": {
            "provider_guid": "{5770385f-c22a-43e0-bf4c-06f5698ffbd9}",
            "computer_name": "Elmo",
            "event_data": {
                "CurrentDirectory": "C:\\Users\\mrdor\\PycharmProjects\\Hunterbee\\client\\wireshark\\",
                "Product": "TShark",
                "Company": "The Wireshark developer community",
                "ParentImage": "C:\\Windows\\System32\\cmd.exe",
                "Image": "C:\\Program Files\\Wireshark\\tshark.exe",
                "ParentProcessId": "22980",
