                "ProcessGuid": "{dd01dab0-c008-633f-3a35-010000004600}",
                "ProcessId": "16204",
                "Image": "C:\\Program Files (x86)\\Internet Download Manager\\IDMan.exe",
                "TargetFilename": "C:\\Users\\mrdor\\Downloads\\Compressed\\Udemy_Fluent_Grammar_for_IELTS_Speaking_2020-11.part3_Downloadly.ir.rar.tmp",
                "CreationUtcTime": "2022-10-07 10:22:12.524"
            },
            "computer_name": "Elmo"
        }
    },
    "267": {
        "@timestamp": "2022-10-07T10:22:12.830Z",
        "host": {
            "ip": [
                "fe80::7cd2:efa8:dba2:6fc0",
                "169.254.111.192",
                "fe80::e431:7896:8d85:5aa",
                "172.21.208.1",
                "fe80::48ae:546b:7a20:7f52",
                "172.30.112.1",
                "fe80::bc21:1b56:1d1:4b9f",
                "169.254.75.159",
                "fe80::4807:9ca5:cd67:6ac6",
                "169.254.106.198",
                "fe80::e097:4ef1:6314:5a55",
                "169.254.90.85",
                "fe80::d55:b4a9:26a4:7406",
                "192.168.1.102",
                "fe80::211f:b772:c6da:bfb3",
                "172.27.16.1",
                "fe80::f90c:d738:c01c:abc6",
                "172.28.192.1"
            ],
            "name": "Elmo"
        },
        "winlog": {
            "event_data": {
                "ProcessGuid": "{dd01dab0-c008-633f-3a35-010000004600}",
                "ProcessId": "16204",
                "Image": "C:\\Program Files (x86)\\Internet Download Manager\\IDMan.exe",
                "TargetFilename": "C:\\Users\\mrdor\\Downloads\\Compressed\\Udemy_Fluent_Grammar_for_IELTS_Speaking_2020-11.part3_Downloadly.ir.rar.tmp",
                "CreationUtcTime": "2022-10-07 10:22:12.524",
                "User": "ELMO\\mrdor",
                "RuleName": "Downloads",
                "UtcTime": "2022-10-07 10:22:12.829"
            },
            "provider_name": "Microsoft-Windows-Sysmon",
            "computer_name": "Elmo",
            "provider_guid": "{5770385f-c22a-43e0-bf4c-06f5698ffbd9}",
            "task": "File created (rule: FileCreate)"
        }
    },
    "268": {
        "@timestamp": "2022-10-07T10:24:56.506Z",
        "winlog": {
            "event_data": {
                "UtcTime": "2022-10-07 10:24:56.503",
                "RuleName": "-",
                "FileVersion": "10.0.19041.546 (WinBuild.160101.0800)",
                "ParentImage": "C:\\Windows\\System32\\svchost.exe",
                "ParentCommandLine": "C:\\Windows\\system32\\svchost.exe -k DcomLaunch -p",
                "Product": "Microsoft\u00c2\u00ae Windows\u00c2\u00ae Operating System",
                "Hashes": "MD5=6F3C9485F8F97AC04C8E43EF4463A68C",
                "TerminalSessionId": "4",
                "ParentUser": "NT AUTHORITY\\SYSTEM",
                "LogonId": "0x26286720",
                "LogonGuid": "{dd01dab0-b9ee-633f-2067-282600000000}",
                "OriginalFileName": "dllhost.exe",
                "User": "ELMO\\mrdor",
                "ProcessId": "18996",
                "ParentProcessId": "744",
                "ProcessGuid": "{dd01dab0-fe78-633f-db54-010000004600}",
                "Description": "COM Surrogate",
                "CurrentDirectory": "C:\\Windows\\system32\\",
                "Image": "C:\\Windows\\SysWOW64\\dllhost.exe",
                "CommandLine": "\"C:\\Windows\\SysWOW64\\DllHost.exe\" /Processid:{776DBC8D-7347-478C-8D71-791E12EF49D8}",
                "Company": "Microsoft Corporation",
                "IntegrityLevel": "Medium",
                "ParentProcessGuid": "{dd01dab0-dc24-633b-0f00-000000004600}"
            },
            "task": "Process Create (rule: ProcessCreate)",
            "provider_name": "Microsoft-Windows-Sysmon",
            "computer_name": "Elmo",
            "provider_guid": "{5770385f-c22a-43e0-bf4c-06f5698ffbd9}"
        },
        "host": {
            "name": "Elmo",
            "ip": [
                "fe80::7cd2:efa8:dba2:6fc0",
                "169.254.111.192",
                "fe80::e431:7896:8d85:5aa",
                "172.21.208.1",
                "fe80::48ae:546b:7a20:7f52",
                "172.30.112.1",
                "fe80::bc21:1b56:1d1:4b9f",
                "169.254.75.159",
                "fe80::4807:9ca5:cd67:6ac6",
                "169.254.106.198",
                "fe80::e097:4ef1:6314:5a55",
                "169.254.90.85",
                "fe80::d55:b4a9:26a4:7406",
                "192.168.1.102",
                "fe80::211f:b772:c6da:bfb3",
                "172.27.16.1",
                "fe80::f90c:d738:c01c:abc6",
                "172.28.192.1"
            ]
        }
    },
    "269": {
        "@timestamp": "2022-10-07T10:24:57.471Z",
        "host": {
            "name": "Elmo",
            "ip": [
                "fe80::7cd2:efa8:dba2:6fc0",
                "169.254.111.192",
                "fe80::e431:7896:8d85:5aa",
                "172.21.208.1",
                "fe80::48ae:546b:7a20:7f52",
                "172.30.112.1",
                "fe80::bc21:1b56:1d1:4b9f",
                "169.254.75.159",
                "fe80::4807:9ca5:cd67:6ac6",
                "169.254.106.198",
                "fe80::e097:4ef1:6314:5a55",
                "169.254.90.85",
                "fe80::d55:b4a9:26a4:7406",
                "192.168.1.102",
                "fe80::211f:b772:c6da:bfb3",
                "172.27.16.1",
                "fe80::f90c:d738:c01c:abc6",
                "172.28.192.1"
            ]
        },
        "winlog": {
            "event_data": {
                "ParentProcessId": "744",
                "Product": "Microsoft\u00c2\u00ae Windows\u00c2\u00ae Operating System",
                "User": "ELMO\\mrdor",
                "CurrentDirectory": "C:\\Windows\\system32\\",
                "LogonGuid": "{dd01dab0-b9ee-633f-2067-282600000000}",
                "RuleName": "-",
                "CommandLine": "C:\\Windows\\System32\\smartscreen.exe -Embedding",
                "Description": "Windows Defender SmartScreen",
                "ParentImage": "C:\\Windows\\System32\\svchost.exe",
                "Company": "Microsoft Corporation",
                "OriginalFileName": "smartscreen.exe",
                "LogonId": "0x26286720",
                "IntegrityLevel": "Medium",
                "UtcTime": "2022-10-07 10:24:57.469",
                "Image": "C:\\Windows\\System32\\smartscreen.exe",
                "TerminalSessionId": "4",
                "ProcessGuid": "{dd01dab0-fe79-633f-dc54-010000004600}",
                "FileVersion": "10.0.19041.1682 (WinBuild.160101.0800)",
                "Hashes": "MD5=02FB7069B8D8426DC72C9D8A495AF55A",
                "ParentProcessGuid": "{dd01dab0-dc24-633b-0f00-000000004600}",
                "ParentUser": "NT AUTHORITY\\SYSTEM",
                "ProcessId": "12668",
                "ParentCommandLine": "C:\\Windows\\system32\\svchost.exe -k DcomLaunch -p"
            },
            "provider_guid": "{5770385f-c22a-43e0-bf4c-06f5698ffbd9}",
            "computer_name": "Elmo",
            "provider_name": "Microsoft-Windows-Sysmon",
            "task": "Process Create (rule: ProcessCreate)"
        }
    },
    "270": {
        "@timestamp": "2022-10-07T10:24:57.846Z",
        "winlog": {
            "task": "Process Create (rule: ProcessCreate)",
            "provider_name": "Microsoft-Windows-Sysmon",
            "computer_name": "Elmo",
            "provider_guid": "{5770385f-c22a-43e0-bf4c-06f5698ffbd9}",
            "event_data": {
                "FileVersion": "2021.11.25.32",
                "Product": "KMPlayer",
                "User": "ELMO\\mrdor",
                "Hashes": "MD5=2FB6C163E7FFAD0A429D947256E3E544",
                "ProcessGuid": "{dd01dab0-fe79-633f-dd54-010000004600}",
                "Company": "KMPlayer Team",
                "LogonId": "0x26286720",
                "ParentUser": "ELMO\\mrdor",
                "ParentCommandLine": "C:\\Windows\\Explorer.EXE",
                "LogonGuid": "{dd01dab0-b9ee-633f-2067-282600000000}",
                "RuleName": "-",
                "OriginalFileName": "KMPlayer64.exe",
                "Image": "C:\\Program Files\\KMPlayer 64X\\KMPlayer64.exe",
                "UtcTime": "2022-10-07 10:24:57.715",
                "ParentImage": "C:\\Windows\\explorer.exe",
                "IntegrityLevel": "Medium",
                "Description": "KMPlayer 64X",
                "ParentProcessId": "21696",
                "TerminalSessionId": "4",
                "ProcessId": "6220",
                "CommandLine": "\"C:\\Program Files\\KMPlayer 64X\\KMPlayer64.exe\" \"G:\\Star.Wars.The.Rise.Of.Skywalker.2019.720p.BluRay.YIFY.mp4\"",
                "CurrentDirectory": "G:\\",
                "ParentProcessGuid": "{dd01dab0-b9fc-633f-e233-010000004600}"
            }
        },
        "host": {
            "ip": [
                "fe80::7cd2:efa8:dba2:6fc0",
                "169.254.111.192",
                "fe80::e431:7896:8d85:5aa",
                "172.21.208.1",
                "fe80::48ae:546b:7a20:7f52",
                "172.30.112.1",
                "fe80::bc21:1b56:1d1:4b9f",
                "169.254.75.159",
                "fe80::4807:9ca5:cd67:6ac6",
                "169.254.106.198",
                "fe80::e097:4ef1:6314:5a55",
                "169.254.90.85",
                "fe80::d55:b4a9:26a4:7406",
                "192.168.1.102",
                "fe80::211f:b772:c6da:bfb3",
                "172.27.16.1",
                "fe80::f90c:d738:c01c:abc6",
                "172.28.192.1"
            ],
            "name": "Elmo"
        }
    },
    "271": {
        "@timestamp": "2022-10-07T10:25:00.661Z",
        "host": {
            "name": "Elmo",
            "ip": [
                "fe80::7cd2:efa8:dba2:6fc0",
                "169.254.111.192",
                "fe80::e431:7896:8d85:5aa",
                "172.21.208.1",
                "fe80::48ae:546b:7a20:7f52",
                "172.30.112.1",
                "fe80::bc21:1b56:1d1:4b9f",
                "169.254.75.159",
                "fe80::4807:9ca5:cd67:6ac6",
                "169.254.106.198",
                "fe80::e097:4ef1:6314:5a55",
                "169.254.90.85",
                "fe80::d55:b4a9:26a4:7406",
                "192.168.1.102",
                "fe80::211f:b772:c6da:bfb3",
                "172.27.16.1",
                "fe80::f90c:d738:c01c:abc6",
                "172.28.192.1"
            ]
        },
        "winlog": {
            "provider_name": "Microsoft-Windows-Sysmon",
            "event_data": {
                "UtcTime": "2022-10-07 10:25:00.615",
                "Image": "C:\\Program Files\\KMPlayer 64X\\KMPLoading.exe",
                "FileVersion": "1.0.0.0",
                "User": "ELMO\\mrdor",
                "Hashes": "MD5=ED63535221A8E0E6B98B18C843B15D5A",
                "OriginalFileName": "-",
                "TerminalSessionId": "4",
                "CurrentDirectory": "C:\\Program Files\\KMPlayer 64X\\",
                "ParentUser": "ELMO\\mrdor",
                "ParentCommandLine": "\"C:\\Program Files\\KMPlayer 64X\\KMPlayer64.exe\" \"G:\\Star.Wars.The.Rise.Of.Skywalker.2019.720p.BluRay.YIFY.mp4\"",
                "LogonGuid": "{dd01dab0-b9ee-633f-2067-282600000000}",
                "Description": "KMPLoading",
                "CommandLine": "\"C:\\Program Files\\KMPlayer 64X\\KMPLoading.exe\" 9176446",
                "LogonId": "0x26286720",
                "ProcessId": "23528",
                "IntegrityLevel": "Medium",
                "ProcessGuid": "{dd01dab0-fe7c-633f-de54-010000004600}",
                "Product": "KMPLoading",
                "Company": "-",
                "ParentProcessId": "6220",
                "ParentProcessGuid": "{dd01dab0-fe79-633f-dd54-010000004600}",
                "ParentImage": "C:\\Program Files\\KMPlayer 64X\\KMPlayer64.exe",
                "RuleName": "-"
            },
            "provider_guid": "{5770385f-c22a-43e0-bf4c-06f5698ffbd9}",
            "task": "Process Create (rule: ProcessCreate)",
            "computer_name": "Elmo"
        }
    },
    "272": {
        "@timestamp": "2022-10-07T10:25:03.063Z",
        "host": {
            "name": "Elmo",
            "ip": [
                "fe80::7cd2:efa8:dba2:6fc0",
                "169.254.111.192",
                "fe80::e431:7896:8d85:5aa",
                "172.21.208.1",
                "fe80::48ae:546b:7a20:7f52",
                "172.30.112.1",
                "fe80::bc21:1b56:1d1:4b9f",
                "169.254.75.159",
                "fe80::4807:9ca5:cd67:6ac6",
                "169.254.106.198",
                "fe80::e097:4ef1:6314:5a55",
                "169.254.90.85",
                "fe80::d55:b4a9:26a4:7406",
                "192.168.1.102",
                "fe80::211f:b772:c6da:bfb3",
                "172.27.16.1",
                "fe80::f90c:d738:c01c:abc6",
                "172.28.192.1"
            ]
        },
        "winlog": {
            "provider_guid": "{5770385f-c22a-43e0-bf4c-06f5698ffbd9}",
            "provider_name": "Microsoft-Windows-Sysmon",
            "event_data": {
                "ParentProcessGuid": "{dd01dab0-dc24-633b-0f00-000000004600}",
                "ParentImage": "C:\\Windows\\System32\\svchost.exe",
                "Product": "Microsoft\u00c2\u00ae Windows\u00c2\u00ae Operating System",
                "UtcTime": "2022-10-07 10:25:03.058",
                "Image": "C:\\Windows\\SysWOW64\\dllhost.exe",
                "ProcessId": "10892",
                "ParentCommandLine": "C:\\Windows\\system32\\svchost.exe -k DcomLaunch -p",
                "RuleName": "-",
                "Hashes": "MD5=6F3C9485F8F97AC04C8E43EF4463A68C",
                "User": "ELMO\\mrdor",
                "IntegrityLevel": "Medium",
                "OriginalFileName": "dllhost.exe",
                "Description": "COM Surrogate",
                "CurrentDirectory": "C:\\Windows\\system32\\",
                "Company": "Microsoft Corporation",
                "CommandLine": "\"C:\\Windows\\SysWOW64\\DllHost.exe\" /Processid:{776DBC8D-7347-478C-8D71-791E12EF49D8}",
                "TerminalSessionId": "4",
                "ParentProcessId": "744",
                "LogonGuid": "{dd01dab0-b9ee-633f-2067-282600000000}",
                "ParentUser": "NT AUTHORITY\\SYSTEM",
                "ProcessGuid": "{dd01dab0-fe7f-633f-df54-010000004600}",
                "LogonId": "0x26286720",
                "FileVersion": "10.0.19041.546 (WinBuild.160101.0800)"
            },
            "computer_name": "Elmo",
            "task": "Process Create (rule: ProcessCreate)"
        }
    },
    "273": {
        "@timestamp": "2022-10-07T10:25:03.437Z",
        "host": {
            "ip": [
                "fe80::7cd2:efa8:dba2:6fc0",
                "169.254.111.192",
                "fe80::e431:7896:8d85:5aa",
                "172.21.208.1",
                "fe80::48ae:546b:7a20:7f52",
                "172.30.112.1",
                "fe80::bc21:1b56:1d1:4b9f",
                "169.254.75.159",
                "fe80::4807:9ca5:cd67:6ac6",
                "169.254.106.198",
                "fe80::e097:4ef1:6314:5a55",
                "169.254.90.85",
                "fe80::d55:b4a9:26a4:7406",
                "192.168.1.102",
                "fe80::211f:b772:c6da:bfb3",
                "172.27.16.1",
                "fe80::f90c:d738:c01c:abc6",
                "172.28.192.1"
            ],
            "name": "Elmo"
        },
        "winlog": {
            "provider_guid": "{5770385f-c22a-43e0-bf4c-06f5698ffbd9}",
            "event_data": {
                "QueryResults": "::ffff:148.251.160.249;",
                "UtcTime": "2022-10-07 10:25:16.691",
                "RuleName": "-",
                "QueryName": "log.kmplayer.com",
                "QueryStatus": "0",
                "ProcessId": "6220",
                "ProcessGuid": "{dd01dab0-fe79-633f-dd54-010000004600}",
                "Image": "C:\\Program Files\\KMPlayer 64X\\KMPlayer64.exe",
                "User": "ELMO\\mrdor"
            },
            "provider_name": "Microsoft-Windows-Sysmon",
            "task": "Dns query (rule: DnsQuery)",
            "computer_name": "Elmo"
        }
    },
    "274": {
        "@timestamp": "2022-10-07T10:25:04.437Z",
        "winlog": {
            "provider_guid": "{5770385f-c22a-43e0-bf4c-06f5698ffbd9}",
            "event_data": {
                "QueryName": "cdn.kmplayer.com",
                "ProcessId": "6220",
                "QueryResults": "type:  5 cdn.kmplayer.com.cdnga.net;163.171.132.119;163.171.128.148;",
                "RuleName": "-",
                "UtcTime": "2022-10-07 10:25:17.563",
                "ProcessGuid": "{dd01dab0-fe79-633f-dd54-010000004600}",
                "QueryStatus": "0",
                "Image": "C:\\Program Files\\KMPlayer 64X\\KMPlayer64.exe",
                "User": "ELMO\\mrdor"
            },
            "computer_name": "Elmo",
            "provider_name": "Microsoft-Windows-Sysmon",
            "task": "Dns query (rule: DnsQuery)"
        },
        "host": {
            "name": "Elmo",
            "ip": [
                "fe80::7cd2:efa8:dba2:6fc0",
                "169.254.111.192",
                "fe80::e431:7896:8d85:5aa",
                "172.21.208.1",
                "fe80::48ae:546b:7a20:7f52",
                "172.30.112.1",
                "fe80::bc21:1b56:1d1:4b9f",
                "169.254.75.159",
                "fe80::4807:9ca5:cd67:6ac6",
                "169.254.106.198",
                "fe80::e097:4ef1:6314:5a55",
                "169.254.90.85",
                "fe80::d55:b4a9:26a4:7406",
                "192.168.1.102",
                "fe80::211f:b772:c6da:bfb3",
                "172.27.16.1",
                "fe80::f90c:d738:c01c:abc6",
                "172.28.192.1"
            ]
        }
    },
    "275": {
        "@timestamp": "2022-10-07T10:25:05.438Z",
        "host": {
            "name": "Elmo",
            "ip": [
                "fe80::7cd2:efa8:dba2:6fc0",
                "169.254.111.192",
                "fe80::e431:7896:8d85:5aa",
                "172.21.208.1",
                "fe80::48ae:546b:7a20:7f52",
                "172.30.112.1",
                "fe80::bc21:1b56:1d1:4b9f",
                "169.254.75.159",
                "fe80::4807:9ca5:cd67:6ac6",
                "169.254.106.198",
                "fe80::e097:4ef1:6314:5a55",
                "169.254.90.85",
                "fe80::d55:b4a9:26a4:7406",
                "192.168.1.102",
                "fe80::211f:b772:c6da:bfb3",
                "172.27.16.1",
                "fe80::f90c:d738:c01c:abc6",
                "172.28.192.1"
            ]
        },
        "winlog": {
            "task": "Dns query (rule: DnsQuery)",
            "provider_guid": "{5770385f-c22a-43e0-bf4c-06f5698ffbd9}",
            "computer_name": "Elmo",
            "event_data": {
                "QueryName": "update.kmpmedia.net",
                "UtcTime": "2022-10-07 10:25:18.053",
                "Image": "C:\\Program Files\\KMPlayer 64X\\KMPlayer64.exe",
                "User": "ELMO\\mrdor",
                "RuleName": "-",
                "QueryStatus": "0",
                "ProcessGuid": "{dd01dab0-fe79-633f-dd54-010000004600}",
                "ProcessId": "6220",
                "QueryResults": "::ffff:110.45.195.196;"
            },
            "provider_name": "Microsoft-Windows-Sysmon"
        }
    },
    "276": {
        "@timestamp": "2022-10-07T10:25:06.453Z",
        "host": {
            "ip": [
                "fe80::7cd2:efa8:dba2:6fc0",
                "169.254.111.192",
                "fe80::e431:7896:8d85:5aa",
                "172.21.208.1",
                "fe80::48ae:546b:7a20:7f52",
                "172.30.112.1",
                "fe80::bc21:1b56:1d1:4b9f",
                "169.254.75.159",
                "fe80::4807:9ca5:cd67:6ac6",
                "169.254.106.198",
                "fe80::e097:4ef1:6314:5a55",
                "169.254.90.85",
                "fe80::d55:b4a9:26a4:7406",
                "192.168.1.102",
                "fe80::211f:b772:c6da:bfb3",
                "172.27.16.1",
                "fe80::f90c:d738:c01c:abc6",
                "172.28.192.1"
            ],
            "name": "Elmo"
        },
        "winlog": {
            "task": "Dns query (rule: DnsQuery)",
            "event_data": {
                "ProcessGuid": "{dd01dab0-fe79-633f-dd54-010000004600}",
                "Image": "C:\\Program Files\\KMPlayer 64X\\KMPlayer64.exe",
                "UtcTime": "2022-10-07 10:25:19.835",
                "ProcessId": "6220",
                "QueryResults": "type:  5 cdn.kmplayer.com.cdnga.net;::ffff:163.171.132.119;::ffff:163.171.128.148;",
                "RuleName": "-",
                "QueryName": "cdn.kmplayer.com",
                "QueryStatus": "0",
                "User": "ELMO\\mrdor"
            },
            "provider_guid": "{5770385f-c22a-43e0-bf4c-06f5698ffbd9}",
            "computer_name": "Elmo",
            "provider_name": "Microsoft-Windows-Sysmon"
        }
    },
    "277": {
        "@timestamp": "2022-10-07T10:25:28.231Z",
        "winlog": {
            "task": "Registry value set (rule: RegistryEvent)",
            "event_data": {
                "ProcessId": "1044",
                "Image": "C:\\Windows\\system32\\svchost.exe",
                "ProcessGuid": "{dd01dab0-dca9-633b-f900-000000004600}",
                "TargetObject": "HKU\\S-1-5-21-328187559-2963526314-2733536162-1001\\SOFTWARE\\Microsoft\\Windows NT\\CurrentVersion\\AppCompatFlags\\Compatibility Assistant\\Store\\C:\\Program Files\\KMPlayer 64X\\KMPlayer64.exe",
                "UtcTime": "2022-10-07 10:25:28.230",
                "EventType": "SetValue",
                "Details": "Binary Data",
                "User": "NT AUTHORITY\\SYSTEM",
                "RuleName": "InvDB"
            },
            "computer_name": "Elmo",
            "provider_guid": "{5770385f-c22a-43e0-bf4c-06f5698ffbd9}",
            "provider_name": "Microsoft-Windows-Sysmon"
        },
        "host": {
            "name": "Elmo",
            "ip": [
                "fe80::7cd2:efa8:dba2:6fc0",
                "169.254.111.192",
                "fe80::e431:7896:8d85:5aa",
                "172.21.208.1",
                "fe80::48ae:546b:7a20:7f52",
                "172.30.112.1",
                "fe80::bc21:1b56:1d1:4b9f",
                "169.254.75.159",
                "fe80::4807:9ca5:cd67:6ac6",
                "169.254.106.198",
                "fe80::e097:4ef1:6314:5a55",
                "169.254.90.85",
                "fe80::d55:b4a9:26a4:7406",
                "192.168.1.102",
                "fe80::211f:b772:c6da:bfb3",
                "172.27.16.1",
                "fe80::f90c:d738:c01c:abc6",
                "172.28.192.1"
            ]
        }
    },
    "278": {
        "@timestamp": "2022-10-07T10:25:48.015Z",
        "winlog": {
            "task": "Process Create (rule: ProcessCreate)",
            "provider_guid": "{5770385f-c22a-43e0-bf4c-06f5698ffbd9}",
            "event_data": {
                "ParentProcessId": "21696",
                "Product": "Oracle VM VirtualBox",
                "CommandLine": "\"C:\\Program Files\\Oracle\\VirtualBox\\VirtualBox.exe\" ",
                "CurrentDirectory": "C:\\Program Files\\Oracle\\VirtualBox\\",
                "Hashes": "MD5=4C0FF8975AB59F1C8F96305F80CB4AB1",
                "Company": "Oracle Corporation",
                "ParentProcessGuid": "{dd01dab0-b9fc-633f-e233-010000004600}",
                "OriginalFileName": "VirtualBoxGUI",
                "LogonGuid": "{dd01dab0-b9ee-633f-2067-282600000000}",
                "FileVersion": "6.1.32.149290",
                "ParentImage": "C:\\Windows\\explorer.exe",
                "ParentUser": "ELMO\\mrdor",
                "ProcessId": "21272",
                "Image": "C:\\Program Files\\Oracle\\VirtualBox\\VirtualBox.exe",
                "Description": "VirtualBox Manager",
                "TerminalSessionId": "4",
                "ProcessGuid": "{dd01dab0-feab-633f-e754-010000004600}",
                "User": "ELMO\\mrdor",
                "LogonId": "0x26286720",
                "IntegrityLevel": "Medium",
                "ParentCommandLine": "C:\\Windows\\Explorer.EXE",
                "RuleName": "-",
                "UtcTime": "2022-10-07 10:25:47.999"
            },
            "computer_name": "Elmo",
            "provider_name": "Microsoft-Windows-Sysmon"
        },
        "host": {
            "ip": [
                "fe80::7cd2:efa8:dba2:6fc0",
                "169.254.111.192",
                "fe80::e431:7896:8d85:5aa",
                "172.21.208.1",
                "fe80::48ae:546b:7a20:7f52",
                "172.30.112.1",
                "fe80::bc21:1b56:1d1:4b9f",
                "169.254.75.159",
                "fe80::4807:9ca5:cd67:6ac6",
                "169.254.106.198",
                "fe80::e097:4ef1:6314:5a55",
                "169.254.90.85",
                "fe80::d55:b4a9:26a4:7406",
                "192.168.1.102",
                "fe80::211f:b772:c6da:bfb3",
                "172.27.16.1",
                "fe80::f90c:d738:c01c:abc6",
                "172.28.192.1"
            ],
            "name": "Elmo"
        }
    },
    "279": {
        "@timestamp": "2022-10-07T10:25:50.630Z",
        "host": {
            "ip": [
                "fe80::7cd2:efa8:dba2:6fc0",
                "169.254.111.192",
                "fe80::e431:7896:8d85:5aa",
                "172.21.208.1",
                "fe80::48ae:546b:7a20:7f52",
                "172.30.112.1",
                "fe80::bc21:1b56:1d1:4b9f",
                "169.254.75.159",
                "fe80::4807:9ca5:cd67:6ac6",
                "169.254.106.198",
                "fe80::e097:4ef1:6314:5a55",
                "169.254.90.85",
                "fe80::d55:b4a9:26a4:7406",
                "192.168.1.102",
                "fe80::211f:b772:c6da:bfb3",
                "172.27.16.1",
                "fe80::f90c:d738:c01c:abc6",
                "172.28.192.1"
            ],
            "name": "Elmo"
        },
        "winlog": {
            "provider_name": "Microsoft-Windows-Sysmon",
            "task": "Process Create (rule: ProcessCreate)",
            "computer_name": "Elmo",
            "event_data": {
                "Hashes": "MD5=890F2BE83F16294BF83C2D0F26B86C9C",
                "FileVersion": "6.1.32.149290",
                "IntegrityLevel": "Medium",
                "User": "ELMO\\mrdor",
                "LogonId": "0x26286720",
                "TerminalSessionId": "4",
                "ParentProcessGuid": "{dd01dab0-dc24-633b-0f00-000000004600}",
                "CommandLine": "\"C:\\Program Files\\Oracle\\VirtualBox\\VBoxSVC.exe\" -Embedding",
                "UtcTime": "2022-10-07 10:25:50.581",
                "RuleName": "-",
                "Description": "VirtualBox Interface",
                "LogonGuid": "{dd01dab0-b9ee-633f-2067-282600000000}",
                "Image": "C:\\Program Files\\Oracle\\VirtualBox\\VBoxSVC.exe",
                "CurrentDirectory": "C:\\Windows\\system32\\",
                "ParentUser": "NT AUTHORITY\\SYSTEM",
                "Product": "Oracle VM VirtualBox",
                "ParentImage": "C:\\Windows\\System32\\svchost.exe",
                "ProcessGuid": "{dd01dab0-feae-633f-e854-010000004600}",
                "Company": "Oracle Corporation",
                "ProcessId": "11776",
                "ParentProcessId": "744",
                "OriginalFileName": "VBoxSVC.exe",
                "ParentCommandLine": "C:\\Windows\\system32\\svchost.exe -k DcomLaunch -p"
            },
            "provider_guid": "{5770385f-c22a-43e0-bf4c-06f5698ffbd9}"
        }
    },
    "280": {
        "@timestamp": "2022-10-07T10:25:50.856Z",
        "host": {
            "ip": [
                "fe80::7cd2:efa8:dba2:6fc0",
                "169.254.111.192",
                "fe80::e431:7896:8d85:5aa",
                "172.21.208.1",
                "fe80::48ae:546b:7a20:7f52",
                "172.30.112.1",
                "fe80::bc21:1b56:1d1:4b9f",
                "169.254.75.159",
                "fe80::4807:9ca5:cd67:6ac6",
                "169.254.106.198",
                "fe80::e097:4ef1:6314:5a55",
                "169.254.90.85",
                "fe80::d55:b4a9:26a4:7406",
                "192.168.1.102",
                "fe80::211f:b772:c6da:bfb3",
                "172.27.16.1",
                "fe80::f90c:d738:c01c:abc6",
                "172.28.192.1"
            ],
            "name": "Elmo"
        },
        "winlog": {
            "provider_name": "Microsoft-Windows-Sysmon",
            "task": "Process Create (rule: ProcessCreate)",
            "computer_name": "Elmo",
            "event_data": {
                "CurrentDirectory": "C:\\Windows\\system32\\",
                "ParentProcessGuid": "{dd01dab0-dc23-633b-0b00-000000004600}",
                "ProcessId": "9908",
                "Product": "Oracle VM VirtualBox",
                "ParentCommandLine": "C:\\Windows\\system32\\services.exe",
                "ParentUser": "NT AUTHORITY\\SYSTEM",
                "LogonId": "0x3e7",
                "ProcessGuid": "{dd01dab0-feae-633f-ea54-010000004600}",
                "Hashes": "MD5=B9B40F4795DD8DF7DE8E8E9F36A63DB3",
                "RuleName": "-",
                "TerminalSessionId": "0",
                "User": "NT AUTHORITY\\SYSTEM",
                "FileVersion": "6.1.32.149290",
                "ParentImage": "C:\\Windows\\System32\\services.exe",
                "IntegrityLevel": "System",
                "Image": "C:\\Program Files\\Oracle\\VirtualBox\\VBoxSDS.exe",
                "CommandLine": "\"C:\\Program Files\\Oracle\\VirtualBox\\VBoxSDS.exe\"",
                "Company": "Oracle Corporation",
                "LogonGuid": "{dd01dab0-dc23-633b-e703-000000000000}",
                "Description": "VirtualBox Global Interface",
                "OriginalFileName": "VBoxSDS.exe",
                "ParentProcessId": "920",
                "UtcTime": "2022-10-07 10:25:50.849"
            },
            "provider_guid": "{5770385f-c22a-43e0-bf4c-06f5698ffbd9}"
        }
    },
    "281": {
        "@timestamp": "2022-10-07T10:25:51.295Z",
        "winlog": {
            "provider_guid": "{5770385f-c22a-43e0-bf4c-06f5698ffbd9}",
            "provider_name": "Microsoft-Windows-Sysmon",
            "event_data": {
                "QueryStatus": "0",
                "Image": "C:\\Windows\\SystemApps\\Microsoft.Windows.Search_cw5n1h2txyewy\\SearchApp.exe",
                "ProcessId": "16228",
                "UtcTime": "2022-10-07 10:26:05.567",
                "ProcessGuid": "{dd01dab0-ba0d-633f-0734-010000004600}",
                "QueryName": "fp-afd.azureedge.us",
                "QueryResults": "type:  5 fp-afd.afd.azureedge.us;type:  5 afd.msedge.azure.us;type:  5 t-0001.msedge.azure.us;type:  5 eafd-3p-profile.usgovtrafficmanager.net;type:  5 eafd-ffgov-phx01.elasticafd.msedge.azure.us;::ffff:20.141.10.208;",
                "User": "ELMO\\mrdor",
                "RuleName": "-"
            },
            "task": "Dns query (rule: DnsQuery)",
            "computer_name": "Elmo"
        },
        "host": {
            "name": "Elmo",
            "ip": [
                "fe80::7cd2:efa8:dba2:6fc0",
                "169.254.111.192",
                "fe80::e431:7896:8d85:5aa",
                "172.21.208.1",
                "fe80::48ae:546b:7a20:7f52",
                "172.30.112.1",
                "fe80::bc21:1b56:1d1:4b9f",
                "169.254.75.159",
                "fe80::4807:9ca5:cd67:6ac6",
                "169.254.106.198",
                "fe80::e097:4ef1:6314:5a55",
                "169.254.90.85",
                "fe80::d55:b4a9:26a4:7406",
                "192.168.1.102",
                "fe80::211f:b772:c6da:bfb3",
                "172.27.16.1",
                "fe80::f90c:d738:c01c:abc6",
                "172.28.192.1"
            ]
        }
    },
    "282": {
        "@timestamp": "2022-10-07T10:25:55.327Z",
        "host": {
            "name": "Elmo",
            "ip": [
                "fe80::7cd2:efa8:dba2:6fc0",
                "169.254.111.192",
                "fe80::e431:7896:8d85:5aa",
                "172.21.208.1",
                "fe80::48ae:546b:7a20:7f52",
                "172.30.112.1",
                "fe80::bc21:1b56:1d1:4b9f",
                "169.254.75.159",
                "fe80::4807:9ca5:cd67:6ac6",
                "169.254.106.198",
                "fe80::e097:4ef1:6314:5a55",
                "169.254.90.85",
                "fe80::d55:b4a9:26a4:7406",
                "192.168.1.102",
                "fe80::211f:b772:c6da:bfb3",
                "172.27.16.1",
                "fe80::f90c:d738:c01c:abc6",
                "172.28.192.1"
            ]
        },
        "winlog": {
            "provider_guid": "{5770385f-c22a-43e0-bf4c-06f5698ffbd9}",
            "provider_name": "Microsoft-Windows-Sysmon",
            "event_data": {
                "User": "ELMO\\mrdor",
                "QueryName": "update.virtualbox.org",
                "RuleName": "-",
                "QueryStatus": "0",
                "QueryResults": "208.110.86.70;",
                "ProcessGuid": "{dd01dab0-feab-633f-e754-010000004600}",
                "ProcessId": "21272",
                "Image": "C:\\Program Files\\Oracle\\VirtualBox\\VirtualBox.exe",
                "UtcTime": "2022-10-07 10:26:09.378"
            },
            "task": "Dns query (rule: DnsQuery)",
            "computer_name": "Elmo"
        }
    },
    "283": {
        "@timestamp": "2022-10-07T10:25:57.704Z",
        "host": {
            "name": "Elmo",
            "ip": [
                "fe80::7cd2:efa8:dba2:6fc0",
                "169.254.111.192",
                "fe80::e431:7896:8d85:5aa",
                "172.21.208.1",
                "fe80::48ae:546b:7a20:7f52",
                "172.30.112.1",
                "fe80::bc21:1b56:1d1:4b9f",
                "169.254.75.159",
                "fe80::4807:9ca5:cd67:6ac6",
                "169.254.106.198",
                "fe80::e097:4ef1:6314:5a55",
                "169.254.90.85",
                "fe80::d55:b4a9:26a4:7406",
                "192.168.1.102",
                "fe80::211f:b772:c6da:bfb3",
                "172.27.16.1",
                "fe80::f90c:d738:c01c:abc6",
                "172.28.192.1"
            ]
        },
        "winlog": {
            "task": "Process Create (rule: ProcessCreate)",
            "event_data": {
                "ParentProcessId": "11776",
                "ProcessGuid": "{dd01dab0-feb5-633f-ec54-010000004600}",
                "LogonGuid": "{dd01dab0-b9ee-633f-2067-282600000000}",
                "Image": "C:\\Program Files\\Oracle\\VirtualBox\\VirtualBoxVM.exe",
                "IntegrityLevel": "Medium",
                "ParentUser": "ELMO\\mrdor",
                "RuleName": "-",
                "FileVersion": "6.1.32.149290",
                "Product": "Oracle VM VirtualBox",
                "ProcessId": "7108",
                "LogonId": "0x26286720",
                "TerminalSessionId": "4",
                "ParentProcessGuid": "{dd01dab0-feae-633f-e854-010000004600}",
                "ParentCommandLine": "\"C:\\Program Files\\Oracle\\VirtualBox\\VBoxSVC.exe\" -Embedding",
                "UtcTime": "2022-10-07 10:25:57.680",
                "Hashes": "MD5=FFD53181A13265B398AF2FD73B1A0583",
                "ParentImage": "C:\\Program Files\\Oracle\\VirtualBox\\VBoxSVC.exe",
                "CommandLine": "\"C:\\Program Files\\Oracle\\VirtualBox\\VirtualBoxVM.exe\" --comment kali-linux-2022.1-virtualbox-amd64 --startvm 842f42b2-e523-4bf4-8403-a8bc1e421970 --no-startvm-errormsgbox --sup-hardening-log=O:\\KaliLinuxOS\\kali-linux-2022.1-virtualbox-amd64\\Logs\\VBoxHardening.log",
                "Description": "VirtualBox Virtual Machine",
                "OriginalFileName": "VirtualBoxVM.exe",
                "Company": "Oracle Corporation",
                "CurrentDirectory": "C:\\Users\\mrdor\\",
                "User": "ELMO\\mrdor"
            },
            "computer_name": "Elmo",
            "provider_name": "Microsoft-Windows-Sysmon",
            "provider_guid": "{5770385f-c22a-43e0-bf4c-06f5698ffbd9}"
        }
    },
    "284": {
        "@timestamp": "2022-10-07T10:25:58.767Z",
        "host": {
            "ip": [
                "fe80::7cd2:efa8:dba2:6fc0",
                "169.254.111.192",
                "fe80::e431:7896:8d85:5aa",
                "172.21.208.1",
                "fe80::48ae:546b:7a20:7f52",
                "172.30.112.1",
                "fe80::bc21:1b56:1d1:4b9f",
                "169.254.75.159",
                "fe80::4807:9ca5:cd67:6ac6",
                "169.254.106.198",
                "fe80::e097:4ef1:6314:5a55",
                "169.254.90.85",
                "fe80::d55:b4a9:26a4:7406",
                "192.168.1.102",
                "fe80::211f:b772:c6da:bfb3",
                "172.27.16.1",
                "fe80::f90c:d738:c01c:abc6",
                "172.28.192.1"
            ],
            "name": "Elmo"
        },
        "winlog": {
            "task": "Process Create (rule: ProcessCreate)",
            "computer_name": "Elmo",
            "event_data": {
                "Company": "Oracle Corporation",
                "ParentCommandLine": "\"C:\\Program Files\\Oracle\\VirtualBox\\VirtualBoxVM.exe\" --comment kali-linux-2022.1-virtualbox-amd64 --startvm 842f42b2-e523-4bf4-8403-a8bc1e421970 --no-startvm-errormsgbox --sup-hardening-log=O:\\KaliLinuxOS\\kali-linux-2022.1-virtualbox-amd64\\Logs\\VBoxHardening.log",
                "UtcTime": "2022-10-07 10:25:58.765",
                "CurrentDirectory": "C:\\Users\\mrdor\\",
                "Image": "C:\\Program Files\\Oracle\\VirtualBox\\VirtualBoxVM.exe",
                "LogonGuid": "{dd01dab0-b9ee-633f-2067-282600000000}",
                "LogonId": "0x26286720",
                "IntegrityLevel": "Medium",
                "User": "ELMO\\mrdor",
                "OriginalFileName": "VirtualBoxVM.exe",
                "ProcessGuid": "{dd01dab0-feb6-633f-ed54-010000004600}",
                "Description": "VirtualBox Virtual Machine",
                "TerminalSessionId": "4",
                "Product": "Oracle VM VirtualBox",
                "FileVersion": "6.1.32.149290",
                "ParentUser": "ELMO\\mrdor",
                "ProcessId": "21732",
                "ParentProcessGuid": "{dd01dab0-feb5-633f-ec54-010000004600}",
                "Hashes": "MD5=FFD53181A13265B398AF2FD73B1A0583",
                "ParentProcessId": "7108",
                "RuleName": "-",
                "CommandLine": "60eaff78-4bdd-042d-2e72-669728efd737-suplib-2ndchild --comment kali-linux-2022.1-virtualbox-amd64 --startvm 842f42b2-e523-4bf4-8403-a8bc1e421970 --no-startvm-errormsgbox --sup-hardening-log=O:\\KaliLinuxOS\\kali-linux-2022.1-virtualbox-amd64\\Logs\\VBoxHardening.log",
                "ParentImage": "C:\\Program Files\\Oracle\\VirtualBox\\VirtualBoxVM.exe"
            },
            "provider_guid": "{5770385f-c22a-43e0-bf4c-06f5698ffbd9}",
            "provider_name": "Microsoft-Windows-Sysmon"
        }
    },
    "285": {
        "@timestamp": "2022-10-07T10:25:59.223Z",
        "host": {
            "ip": [
                "fe80::7cd2:efa8:dba2:6fc0",
                "169.254.111.192",
                "fe80::e431:7896:8d85:5aa",
                "172.21.208.1",
                "fe80::48ae:546b:7a20:7f52",
                "172.30.112.1",
                "fe80::bc21:1b56:1d1:4b9f",
                "169.254.75.159",
                "fe80::4807:9ca5:cd67:6ac6",
                "169.254.106.198",
                "fe80::e097:4ef1:6314:5a55",
                "169.254.90.85",
                "fe80::d55:b4a9:26a4:7406",
                "192.168.1.102",
                "fe80::211f:b772:c6da:bfb3",
                "172.27.16.1",
                "fe80::f90c:d738:c01c:abc6",
                "172.28.192.1"
            ],
            "name": "Elmo"
        },
        "winlog": {
            "computer_name": "Elmo",
            "task": "Process Create (rule: ProcessCreate)",
            "provider_guid": "{5770385f-c22a-43e0-bf4c-06f5698ffbd9}",
            "provider_name": "Microsoft-Windows-Sysmon",
            "event_data": {
                "Company": "Oracle Corporation",
                "FileVersion": "6.1.32.149290",
                "Product": "Oracle VM VirtualBox",
                "ProcessGuid": "{dd01dab0-feb7-633f-ee54-010000004600}",
                "Description": "VirtualBox Virtual Machine",
                "ParentProcessId": "21732",
                "UtcTime": "2022-10-07 10:25:59.222",
                "LogonId": "0x26286720",
                "IntegrityLevel": "Medium",
                "Image": "C:\\Program Files\\Oracle\\VirtualBox\\VirtualBoxVM.exe",
                "CommandLine": "60eaff78-4bdd-042d-2e72-669728efd737-suplib-3rdchild --comment kali-linux-2022.1-virtualbox-amd64 --startvm 842f42b2-e523-4bf4-8403-a8bc1e421970 --no-startvm-errormsgbox --sup-hardening-log=O:\\KaliLinuxOS\\kali-linux-2022.1-virtualbox-amd64\\Logs\\VBoxHardening.log",
                "OriginalFileName": "VirtualBoxVM.exe",
                "LogonGuid": "{dd01dab0-b9ee-633f-2067-282600000000}",
                "TerminalSessionId": "4",
                "CurrentDirectory": "C:\\Users\\mrdor\\",
                "ParentCommandLine": "60eaff78-4bdd-042d-2e72-669728efd737-suplib-2ndchild --comment kali-linux-2022.1-virtualbox-amd64 --startvm 842f42b2-e523-4bf4-8403-a8bc1e421970 --no-startvm-errormsgbox --sup-hardening-log=O:\\KaliLinuxOS\\kali-linux-2022.1-virtualbox-amd64\\Logs\\VBoxHardening.log",
                "Hashes": "MD5=FFD53181A13265B398AF2FD73B1A0583",
                "User": "ELMO\\mrdor",
                "ParentProcessGuid": "{dd01dab0-feb6-633f-ed54-010000004600}",
                "ParentUser": "ELMO\\mrdor",
                "RuleName": "-",
                "ProcessId": "15900",
                "ParentImage": "C:\\Program Files\\Oracle\\VirtualBox\\VirtualBoxVM.exe"
            }
        }
    },
    "286": {
        "@timestamp": "2022-10-07T10:26:06.043Z",
        "host": {
            "ip": [
                "fe80::7cd2:efa8:dba2:6fc0",
                "169.254.111.192",
                "fe80::e431:7896:8d85:5aa",
                "172.21.208.1",
                "fe80::48ae:546b:7a20:7f52",
                "172.30.112.1",
                "fe80::bc21:1b56:1d1:4b9f",
                "169.254.75.159",
                "fe80::4807:9ca5:cd67:6ac6",
                "169.254.106.198",
                "fe80::e097:4ef1:6314:5a55",
                "169.254.90.85",
                "fe80::d55:b4a9:26a4:7406",
                "192.168.1.102",
                "fe80::211f:b772:c6da:bfb3",
                "172.27.16.1",
                "fe80::f90c:d738:c01c:abc6",
                "172.28.192.1"
            ],
            "name": "Elmo"
        },
        "winlog": {
            "event_data": {
                "Description": "Consent UI for administrative applications",
                "ProcessId": "18368",
                "Product": "Microsoft\u00c2\u00ae Windows\u00c2\u00ae Operating System",
                "ParentProcessId": "5100",
                "ParentImage": "C:\\Windows\\System32\\svchost.exe",
                "CurrentDirectory": "C:\\Windows\\system32\\",
                "ProcessGuid": "{dd01dab0-febe-633f-ef54-010000004600}",
                "User": "NT AUTHORITY\\SYSTEM",
                "TerminalSessionId": "4",
                "ParentProcessGuid": "{dd01dab0-dca8-633b-f700-000000004600}",
                "ParentCommandLine": "C:\\Windows\\system32\\svchost.exe -k netsvcs -p -s Appinfo",
                "IntegrityLevel": "System",
                "Company": "Microsoft Corporation",
                "OriginalFileName": "consent.exe",
                "CommandLine": "consent.exe 5100 536 000001FBFF2704C0",
                "LogonId": "0x3e7",
                "Hashes": "MD5=DD5032EF160209E470E2612A8A3D5F59",
                "FileVersion": "10.0.19041.1865 (WinBuild.160101.0800)",
                "ParentUser": "NT AUTHORITY\\SYSTEM",
                "UtcTime": "2022-10-07 10:26:06.009",
                "Image": "C:\\Windows\\System32\\consent.exe",
                "LogonGuid": "{dd01dab0-dc23-633b-e703-000000000000}",
                "RuleName": "-"
            },
            "provider_name": "Microsoft-Windows-Sysmon",
            "computer_name": "Elmo",
            "task": "Process Create (rule: ProcessCreate)",
            "provider_guid": "{5770385f-c22a-43e0-bf4c-06f5698ffbd9}"
        }
    },
    "287": {
        "@timestamp": "2022-10-07T10:26:23.946Z",
        "host": {
            "name": "Elmo",
            "ip": [
                "fe80::7cd2:efa8:dba2:6fc0",
                "169.254.111.192",
                "fe80::e431:7896:8d85:5aa",
                "172.21.208.1",
                "fe80::48ae:546b:7a20:7f52",
                "172.30.112.1",
                "fe80::bc21:1b56:1d1:4b9f",
                "169.254.75.159",
                "fe80::4807:9ca5:cd67:6ac6",
                "169.254.106.198",
                "fe80::e097:4ef1:6314:5a55",
                "169.254.90.85",
                "fe80::d55:b4a9:26a4:7406",
                "192.168.1.102",
                "fe80::211f:b772:c6da:bfb3",
                "172.27.16.1",
                "fe80::f90c:d738:c01c:abc6",
                "172.28.192.1"
            ]
        },
        "winlog": {
            "computer_name": "Elmo",
            "provider_guid": "{5770385f-c22a-43e0-bf4c-06f5698ffbd9}",
            "provider_name": "Microsoft-Windows-Sysmon",
            "event_data": {
                "ProcessId": "10620",
                "ParentProcessId": "11776",
                "OriginalFileName": "VBoxSVC.exe",
                "FileVersion": "6.1.32.149290",
                "CurrentDirectory": "C:\\Users\\mrdor\\",
                "Product": "Oracle VM VirtualBox",
                "UtcTime": "2022-10-07 10:26:23.944",
                "ProcessGuid": "{dd01dab0-fecf-633f-f054-010000004600}",
                "ParentCommandLine": "\"C:\\Program Files\\Oracle\\VirtualBox\\VBoxSVC.exe\" -Embedding",
                "ParentImage": "C:\\Program Files\\Oracle\\VirtualBox\\VBoxSVC.exe",
                "RuleName": "-",
                "LogonId": "0x262837e6",
                "TerminalSessionId": "4",
                "LogonGuid": "{dd01dab0-b9ee-633f-e637-282600000000}",
                "Hashes": "MD5=890F2BE83F16294BF83C2D0F26B86C9C",
                "ParentProcessGuid": "{dd01dab0-feae-633f-e854-010000004600}",
                "User": "ELMO\\mrdor",
                "Image": "C:\\Program Files\\Oracle\\VirtualBox\\VBoxSVC.exe",
                "Company": "Oracle Corporation",
                "IntegrityLevel": "High",
                "ParentUser": "ELMO\\mrdor",
                "Description": "VirtualBox Interface",
                "CommandLine": "\"C:\\Program Files\\Oracle\\VirtualBox\\VBoxSVC.exe\" /Helper VirtualBox\\SVCHelper\\{bd0bf52b-2398-433a-9ab6-5edd965a5f1e}"
            },
            "task": "Process Create (rule: ProcessCreate)"
        }
    },
    "288": {
        "@timestamp": "2022-10-07T10:26:24.039Z",
        "host": {
            "ip": [
                "fe80::7cd2:efa8:dba2:6fc0",
                "169.254.111.192",
                "fe80::e431:7896:8d85:5aa",
                "172.21.208.1",
                "fe80::48ae:546b:7a20:7f52",
                "172.30.112.1",
                "fe80::bc21:1b56:1d1:4b9f",
                "169.254.75.159",
                "fe80::4807:9ca5:cd67:6ac6",
                "169.254.106.198",
                "fe80::e097:4ef1:6314:5a55",
                "169.254.90.85",
                "fe80::d55:b4a9:26a4:7406",
                "192.168.1.102",
                "fe80::211f:b772:c6da:bfb3",
                "172.27.16.1",
                "fe80::f90c:d738:c01c:abc6",
                "172.28.192.1"
            ],
            "name": "Elmo"
        },
        "winlog": {
            "provider_name": "Microsoft-Windows-Sysmon",
            "task": "Registry value set (rule: RegistryEvent)",
            "event_data": {
