                "ProcessGuid": "{dd01dab0-f90b-633f-1c54-010000004600}",
                "FileVersion": "3.6.2",
                "ParentCommandLine": "\"C:/Program Files/Wireshark/tshark.exe\" -l -n -T pdml -c 25 -w C:/Users/mrdor/PycharmProjects/Hunterbee/client/tempfiles/Logs/Wireshark/wireshark-logs-208.pcap -i -",
                "IntegrityLevel": "High"
            },
            "provider_name": "Microsoft-Windows-Sysmon"
        },
        "host": {
            "name": "Elmo",
            "ip": [
                "fe80::7cd2:efa8:dba2:6fc0",
                "169.254.111.192",
                "fe80::e431:7896:8d85:5aa",
                "172.21.208.1",
                "fe80::48ae:546b:7a20:7f52",
                "172.30.112.1",
                "fe80::bc21:1b56:1d1:4b9f",
                "169.254.75.159",
                "fe80::4807:9ca5:cd67:6ac6",
                "169.254.106.198",
                "fe80::e097:4ef1:6314:5a55",
                "169.254.90.85",
                "fe80::d55:b4a9:26a4:7406",
                "192.168.1.102",
                "fe80::211f:b772:c6da:bfb3",
                "172.27.16.1",
                "fe80::f90c:d738:c01c:abc6",
                "172.28.192.1"
            ]
        }
    },
    "56": {
        "@timestamp": "2022-10-07T10:01:47.325Z",
        "host": {
            "name": "Elmo",
            "ip": [
                "fe80::7cd2:efa8:dba2:6fc0",
                "169.254.111.192",
                "fe80::e431:7896:8d85:5aa",
                "172.21.208.1",
                "fe80::48ae:546b:7a20:7f52",
                "172.30.112.1",
                "fe80::bc21:1b56:1d1:4b9f",
                "169.254.75.159",
                "fe80::4807:9ca5:cd67:6ac6",
                "169.254.106.198",
                "fe80::e097:4ef1:6314:5a55",
                "169.254.90.85",
                "fe80::d55:b4a9:26a4:7406",
                "192.168.1.102",
                "fe80::211f:b772:c6da:bfb3",
                "172.27.16.1",
                "fe80::f90c:d738:c01c:abc6",
                "172.28.192.1"
            ]
        },
        "winlog": {
            "event_data": {
                "LogonGuid": "{dd01dab0-b9ee-633f-e637-282600000000}",
                "User": "ELMO\\mrdor",
                "LogonId": "0x262837e6",
                "ParentUser": "ELMO\\mrdor",
                "Description": "Dumpcap",
                "ParentProcessGuid": "{dd01dab0-f90a-633f-1b54-010000004600}",
                "Product": "Dumpcap",
                "Hashes": "MD5=A85C48F3129B10CF5593FBF3B02836FF",
                "ParentProcessId": "22072",
                "Image": "C:\\Program Files\\Wireshark\\dumpcap.exe",
                "Company": "The Wireshark developer community",
                "FileVersion": "3.6.2",
                "IntegrityLevel": "High",
                "CurrentDirectory": "C:\\Users\\mrdor\\PycharmProjects\\Hunterbee\\client\\wireshark\\",
                "RuleName": "-",
                "OriginalFileName": "Dumpcap.exe",
                "ParentCommandLine": "\"C:/Program Files/Wireshark/tshark.exe\" -l -n -T pdml -c 25 -w C:/Users/mrdor/PycharmProjects/Hunterbee/client/tempfiles/Logs/Wireshark/wireshark-logs-208.pcap -i -",
                "ParentImage": "C:\\Program Files\\Wireshark\\tshark.exe",
                "UtcTime": "2022-10-07 10:01:47.323",
                "ProcessId": "15908",
                "CommandLine": "\"C:\\Program Files\\Wireshark\\dumpcap.exe\" -n -c 25 -i - -Z 22072 -w C:/Users/mrdor/PycharmProjects/Hunterbee/client/tempfiles/Logs/Wireshark/wireshark-logs-208.pcap",
                "TerminalSessionId": "4",
                "ProcessGuid": "{dd01dab0-f90b-633f-1e54-010000004600}"
            },
            "computer_name": "Elmo",
            "task": "Process Create (rule: ProcessCreate)",
            "provider_guid": "{5770385f-c22a-43e0-bf4c-06f5698ffbd9}",
            "provider_name": "Microsoft-Windows-Sysmon"
        }
    },
    "57": {
        "@timestamp": "2022-10-07T10:01:47.650Z",
        "winlog": {
            "task": "Process Create (rule: ProcessCreate)",
            "provider_guid": "{5770385f-c22a-43e0-bf4c-06f5698ffbd9}",
            "provider_name": "Microsoft-Windows-Sysmon",
            "computer_name": "Elmo",
            "event_data": {
                "CurrentDirectory": "C:\\Users\\mrdor\\PycharmProjects\\Hunterbee\\client\\wireshark\\",
                "Product": "Microsoft\u00c2\u00ae Windows\u00c2\u00ae Operating System",
                "LogonId": "0x262837e6",
                "ParentImage": "C:\\Users\\mrdor\\AppData\\Local\\Programs\\Python\\Python39\\python.exe",
                "Image": "C:\\Windows\\System32\\cmd.exe",
                "ParentProcessId": "22388",
                "ParentUser": "ELMO\\mrdor",
                "OriginalFileName": "Cmd.Exe",
                "IntegrityLevel": "High",
                "Hashes": "MD5=8A2122E8162DBEF04694B9C3E0B6CDEE",
                "ParentCommandLine": "C:\\Users\\mrdor\\AppData\\Local\\Programs\\Python\\Python39\\python.exe C:/Users/mrdor/PycharmProjects/Hunterbee/client/wireshark/wireshark_interface.py",
                "Description": "Windows Command Processor",
                "TerminalSessionId": "4",
                "ParentProcessGuid": "{dd01dab0-f517-633f-4847-010000004600}",
                "CommandLine": "C:\\Windows\\system32\\cmd.exe /c \"tshark -r C:/Users/mrdor/PycharmProjects/Hunterbee/client/tempfiles/Logs/Wireshark/wireshark-logs-208.pcap -T json > C:/Users/mrdor/PycharmProjects/Hunterbee/client/tempfiles/Logs/Wireshark/wireshark-logs-208.json\"",
                "LogonGuid": "{dd01dab0-b9ee-633f-e637-282600000000}",
                "RuleName": "-",
                "UtcTime": "2022-10-07 10:01:47.648",
                "ProcessGuid": "{dd01dab0-f90b-633f-2054-010000004600}",
                "ProcessId": "20056",
                "FileVersion": "10.0.19041.746 (WinBuild.160101.0800)",
                "Company": "Microsoft Corporation",
                "User": "ELMO\\mrdor"
            }
        },
        "host": {
            "name": "Elmo",
            "ip": [
                "fe80::7cd2:efa8:dba2:6fc0",
                "169.254.111.192",
                "fe80::e431:7896:8d85:5aa",
                "172.21.208.1",
                "fe80::48ae:546b:7a20:7f52",
                "172.30.112.1",
                "fe80::bc21:1b56:1d1:4b9f",
                "169.254.75.159",
                "fe80::4807:9ca5:cd67:6ac6",
                "169.254.106.198",
                "fe80::e097:4ef1:6314:5a55",
                "169.254.90.85",
                "fe80::d55:b4a9:26a4:7406",
                "192.168.1.102",
                "fe80::211f:b772:c6da:bfb3",
                "172.27.16.1",
                "fe80::f90c:d738:c01c:abc6",
                "172.28.192.1"
            ]
        }
    },
    "58": {
        "@timestamp": "2022-10-07T10:01:47.660Z",
        "host": {
            "ip": [
                "fe80::7cd2:efa8:dba2:6fc0",
                "169.254.111.192",
                "fe80::e431:7896:8d85:5aa",
                "172.21.208.1",
                "fe80::48ae:546b:7a20:7f52",
                "172.30.112.1",
                "fe80::bc21:1b56:1d1:4b9f",
                "169.254.75.159",
                "fe80::4807:9ca5:cd67:6ac6",
                "169.254.106.198",
                "fe80::e097:4ef1:6314:5a55",
                "169.254.90.85",
                "fe80::d55:b4a9:26a4:7406",
                "192.168.1.102",
                "fe80::211f:b772:c6da:bfb3",
                "172.27.16.1",
                "fe80::f90c:d738:c01c:abc6",
                "172.28.192.1"
            ],
            "name": "Elmo"
        },
        "winlog": {
            "computer_name": "Elmo",
            "provider_guid": "{5770385f-c22a-43e0-bf4c-06f5698ffbd9}",
            "event_data": {
                "OriginalFileName": "TShark.exe",
                "ParentImage": "C:\\Windows\\System32\\cmd.exe",
                "CurrentDirectory": "C:\\Users\\mrdor\\PycharmProjects\\Hunterbee\\client\\wireshark\\",
                "User": "ELMO\\mrdor",
                "ParentCommandLine": "C:\\Windows\\system32\\cmd.exe /c \"tshark -r C:/Users/mrdor/PycharmProjects/Hunterbee/client/tempfiles/Logs/Wireshark/wireshark-logs-208.pcap -T json > C:/Users/mrdor/PycharmProjects/Hunterbee/client/tempfiles/Logs/Wireshark/wireshark-logs-208.json\"",
                "ProcessGuid": "{dd01dab0-f90b-633f-2154-010000004600}",
                "UtcTime": "2022-10-07 10:01:47.658",
                "ProcessId": "12788",
                "RuleName": "-",
                "Hashes": "MD5=2C7476F44C33FE4FE26600AE7AE3900D",
                "ParentProcessId": "20056",
                "LogonGuid": "{dd01dab0-b9ee-633f-e637-282600000000}",
                "FileVersion": "3.6.2",
                "CommandLine": "tshark  -r C:/Users/mrdor/PycharmProjects/Hunterbee/client/tempfiles/Logs/Wireshark/wireshark-logs-208.pcap -T json ",
                "LogonId": "0x262837e6",
                "ParentProcessGuid": "{dd01dab0-f90b-633f-2054-010000004600}",
                "Description": "TShark",
                "Product": "TShark",
                "IntegrityLevel": "High",
                "ParentUser": "ELMO\\mrdor",
                "Company": "The Wireshark developer community",
                "TerminalSessionId": "4",
                "Image": "C:\\Program Files\\Wireshark\\tshark.exe"
            },
            "task": "Process Create (rule: ProcessCreate)",
            "provider_name": "Microsoft-Windows-Sysmon"
        }
    },
    "59": {
        "@timestamp": "2022-10-07T10:01:48.038Z",
        "winlog": {
            "task": "Process Create (rule: ProcessCreate)",
            "computer_name": "Elmo",
            "event_data": {
                "User": "ELMO\\mrdor",
                "LogonGuid": "{dd01dab0-b9ee-633f-2067-282600000000}",
                "LogonId": "0x26286720",
                "IntegrityLevel": "Medium",
                "Image": "C:\\Windows\\SysWOW64\\dllhost.exe",
                "Description": "COM Surrogate",
                "Product": "Microsoft\u00c2\u00ae Windows\u00c2\u00ae Operating System",
                "ProcessGuid": "{dd01dab0-f90c-633f-2254-010000004600}",
                "OriginalFileName": "dllhost.exe",
                "Hashes": "MD5=6F3C9485F8F97AC04C8E43EF4463A68C",
                "UtcTime": "2022-10-07 10:01:48.036",
                "ParentProcessGuid": "{dd01dab0-dc24-633b-0f00-000000004600}",
                "ParentProcessId": "744",
                "Company": "Microsoft Corporation",
                "ParentImage": "C:\\Windows\\System32\\svchost.exe",
                "ParentCommandLine": "C:\\Windows\\system32\\svchost.exe -k DcomLaunch -p",
                "CurrentDirectory": "C:\\Windows\\system32\\",
                "TerminalSessionId": "4",
                "ParentUser": "NT AUTHORITY\\SYSTEM",
                "RuleName": "-",
                "CommandLine": "\"C:\\Windows\\SysWOW64\\DllHost.exe\" /Processid:{776DBC8D-7347-478C-8D71-791E12EF49D8}",
                "ProcessId": "4092",
                "FileVersion": "10.0.19041.546 (WinBuild.160101.0800)"
            },
            "provider_name": "Microsoft-Windows-Sysmon",
            "provider_guid": "{5770385f-c22a-43e0-bf4c-06f5698ffbd9}"
        },
        "host": {
            "name": "Elmo",
            "ip": [
                "fe80::7cd2:efa8:dba2:6fc0",
                "169.254.111.192",
                "fe80::e431:7896:8d85:5aa",
                "172.21.208.1",
                "fe80::48ae:546b:7a20:7f52",
                "172.30.112.1",
                "fe80::bc21:1b56:1d1:4b9f",
                "169.254.75.159",
                "fe80::4807:9ca5:cd67:6ac6",
                "169.254.106.198",
                "fe80::e097:4ef1:6314:5a55",
                "169.254.90.85",
                "fe80::d55:b4a9:26a4:7406",
                "192.168.1.102",
                "fe80::211f:b772:c6da:bfb3",
                "172.27.16.1",
                "fe80::f90c:d738:c01c:abc6",
                "172.28.192.1"
            ]
        }
    },
    "60": {
        "@timestamp": "2022-10-07T10:01:48.163Z",
        "host": {
            "name": "Elmo",
            "ip": [
                "fe80::7cd2:efa8:dba2:6fc0",
                "169.254.111.192",
                "fe80::e431:7896:8d85:5aa",
                "172.21.208.1",
                "fe80::48ae:546b:7a20:7f52",
                "172.30.112.1",
                "fe80::bc21:1b56:1d1:4b9f",
                "169.254.75.159",
                "fe80::4807:9ca5:cd67:6ac6",
                "169.254.106.198",
                "fe80::e097:4ef1:6314:5a55",
                "169.254.90.85",
                "fe80::d55:b4a9:26a4:7406",
                "192.168.1.102",
                "fe80::211f:b772:c6da:bfb3",
                "172.27.16.1",
                "fe80::f90c:d738:c01c:abc6",
                "172.28.192.1"
            ]
        },
        "winlog": {
            "event_data": {
                "FileVersion": "3.6.2",
                "Product": "TShark",
                "RuleName": "-",
                "ParentProcessGuid": "{dd01dab0-f517-633f-4847-010000004600}",
                "ProcessId": "18576",
                "OriginalFileName": "TShark.exe",
                "ParentProcessId": "22388",
                "ParentUser": "ELMO\\mrdor",
                "LogonId": "0x262837e6",
                "TerminalSessionId": "4",
                "User": "ELMO\\mrdor",
                "UtcTime": "2022-10-07 10:01:48.161",
                "ParentImage": "C:\\Users\\mrdor\\AppData\\Local\\Programs\\Python\\Python39\\python.exe",
                "CommandLine": "\"C:/Program Files/Wireshark/tshark.exe\" -D",
                "Hashes": "MD5=2C7476F44C33FE4FE26600AE7AE3900D",
                "ParentCommandLine": "C:\\Users\\mrdor\\AppData\\Local\\Programs\\Python\\Python39\\python.exe C:/Users/mrdor/PycharmProjects/Hunterbee/client/wireshark/wireshark_interface.py",
                "Image": "C:\\Program Files\\Wireshark\\tshark.exe",
                "Description": "TShark",
                "IntegrityLevel": "High",
                "LogonGuid": "{dd01dab0-b9ee-633f-e637-282600000000}",
                "CurrentDirectory": "C:\\Users\\mrdor\\PycharmProjects\\Hunterbee\\client\\wireshark\\",
                "ProcessGuid": "{dd01dab0-f90c-633f-2354-010000004600}",
                "Company": "The Wireshark developer community"
            },
            "provider_guid": "{5770385f-c22a-43e0-bf4c-06f5698ffbd9}",
            "computer_name": "Elmo",
            "provider_name": "Microsoft-Windows-Sysmon",
            "task": "Process Create (rule: ProcessCreate)"
        }
    },
    "61": {
        "@timestamp": "2022-10-07T10:01:48.417Z",
        "host": {
            "ip": [
                "fe80::7cd2:efa8:dba2:6fc0",
                "169.254.111.192",
                "fe80::e431:7896:8d85:5aa",
                "172.21.208.1",
                "fe80::48ae:546b:7a20:7f52",
                "172.30.112.1",
                "fe80::bc21:1b56:1d1:4b9f",
                "169.254.75.159",
                "fe80::4807:9ca5:cd67:6ac6",
                "169.254.106.198",
                "fe80::e097:4ef1:6314:5a55",
                "169.254.90.85",
                "fe80::d55:b4a9:26a4:7406",
                "192.168.1.102",
                "fe80::211f:b772:c6da:bfb3",
                "172.27.16.1",
                "fe80::f90c:d738:c01c:abc6",
                "172.28.192.1"
            ],
            "name": "Elmo"
        },
        "winlog": {
            "provider_name": "Microsoft-Windows-Sysmon",
            "provider_guid": "{5770385f-c22a-43e0-bf4c-06f5698ffbd9}",
            "computer_name": "Elmo",
            "task": "Process Create (rule: ProcessCreate)",
            "event_data": {
                "Description": "Dumpcap",
                "ParentUser": "ELMO\\mrdor",
                "LogonGuid": "{dd01dab0-b9ee-633f-e637-282600000000}",
                "UtcTime": "2022-10-07 10:01:48.415",
                "LogonId": "0x262837e6",
                "CurrentDirectory": "C:\\Users\\mrdor\\PycharmProjects\\Hunterbee\\client\\wireshark\\",
                "User": "ELMO\\mrdor",
                "Hashes": "MD5=A85C48F3129B10CF5593FBF3B02836FF",
                "ProcessGuid": "{dd01dab0-f90c-633f-2454-010000004600}",
                "ParentImage": "C:\\Program Files\\Wireshark\\tshark.exe",
                "ParentProcessId": "18576",
                "RuleName": "-",
                "Product": "Dumpcap",
                "IntegrityLevel": "High",
                "FileVersion": "3.6.2",
                "CommandLine": "\"C:\\Program Files\\Wireshark\\dumpcap.exe\" -D -Z none",
                "ParentCommandLine": "\"C:/Program Files/Wireshark/tshark.exe\" -D",
                "Image": "C:\\Program Files\\Wireshark\\dumpcap.exe",
                "OriginalFileName": "Dumpcap.exe",
                "ProcessId": "5196",
                "Company": "The Wireshark developer community",
                "TerminalSessionId": "4",
                "ParentProcessGuid": "{dd01dab0-f90c-633f-2354-010000004600}"
            }
        }
    },
    "62": {
        "@timestamp": "2022-10-07T10:01:48.548Z",
        "host": {
            "name": "Elmo",
            "ip": [
                "fe80::7cd2:efa8:dba2:6fc0",
                "169.254.111.192",
                "fe80::e431:7896:8d85:5aa",
                "172.21.208.1",
                "fe80::48ae:546b:7a20:7f52",
                "172.30.112.1",
                "fe80::bc21:1b56:1d1:4b9f",
                "169.254.75.159",
                "fe80::4807:9ca5:cd67:6ac6",
                "169.254.106.198",
                "fe80::e097:4ef1:6314:5a55",
                "169.254.90.85",
                "fe80::d55:b4a9:26a4:7406",
                "192.168.1.102",
                "fe80::211f:b772:c6da:bfb3",
                "172.27.16.1",
                "fe80::f90c:d738:c01c:abc6",
                "172.28.192.1"
            ]
        },
        "winlog": {
            "provider_guid": "{5770385f-c22a-43e0-bf4c-06f5698ffbd9}",
            "event_data": {
                "ParentUser": "ELMO\\mrdor",
                "LogonGuid": "{dd01dab0-b9ee-633f-e637-282600000000}",
                "User": "ELMO\\mrdor",
                "Hashes": "MD5=2C7476F44C33FE4FE26600AE7AE3900D",
                "ProcessId": "16724",
                "Description": "TShark",
                "ParentImage": "C:\\Users\\mrdor\\AppData\\Local\\Programs\\Python\\Python39\\python.exe",
                "Image": "C:\\Program Files\\Wireshark\\tshark.exe",
                "FileVersion": "3.6.2",
                "IntegrityLevel": "High",
                "CommandLine": "\"C:/Program Files/Wireshark/tshark.exe\" -v",
                "ParentProcessId": "22388",
                "ParentProcessGuid": "{dd01dab0-f517-633f-4847-010000004600}",
                "RuleName": "-",
                "OriginalFileName": "TShark.exe",
                "TerminalSessionId": "4",
                "CurrentDirectory": "C:\\Users\\mrdor\\PycharmProjects\\Hunterbee\\client\\wireshark\\",
                "Company": "The Wireshark developer community",
                "UtcTime": "2022-10-07 10:01:48.546",
                "Product": "TShark",
                "ProcessGuid": "{dd01dab0-f90c-633f-2654-010000004600}",
                "LogonId": "0x262837e6",
                "ParentCommandLine": "C:\\Users\\mrdor\\AppData\\Local\\Programs\\Python\\Python39\\python.exe C:/Users/mrdor/PycharmProjects/Hunterbee/client/wireshark/wireshark_interface.py"
            },
            "provider_name": "Microsoft-Windows-Sysmon",
            "task": "Process Create (rule: ProcessCreate)",
            "computer_name": "Elmo"
        }
    },
    "63": {
        "@timestamp": "2022-10-07T10:01:48.812Z",
        "winlog": {
            "event_data": {
                "User": "ELMO\\mrdor",
                "Image": "C:\\Program Files\\Wireshark\\dumpcap.exe",
                "Hashes": "MD5=A85C48F3129B10CF5593FBF3B02836FF",
                "UtcTime": "2022-10-07 10:01:48.810",
                "ParentUser": "ELMO\\mrdor",
                "IntegrityLevel": "High",
                "ProcessGuid": "{dd01dab0-f90c-633f-2754-010000004600}",
                "FileVersion": "3.6.2",
                "ParentProcessId": "22388",
                "ProcessId": "10576",
                "Description": "Dumpcap",
                "LogonId": "0x262837e6",
                "ParentProcessGuid": "{dd01dab0-f517-633f-4847-010000004600}",
                "Company": "The Wireshark developer community",
                "ParentCommandLine": "C:\\Users\\mrdor\\AppData\\Local\\Programs\\Python\\Python39\\python.exe C:/Users/mrdor/PycharmProjects/Hunterbee/client/wireshark/wireshark_interface.py",
                "ParentImage": "C:\\Users\\mrdor\\AppData\\Local\\Programs\\Python\\Python39\\python.exe",
                "TerminalSessionId": "4",
                "OriginalFileName": "Dumpcap.exe",
                "LogonGuid": "{dd01dab0-b9ee-633f-e637-282600000000}",
                "RuleName": "-",
                "CurrentDirectory": "C:\\Users\\mrdor\\PycharmProjects\\Hunterbee\\client\\wireshark\\",
                "CommandLine": "\"C:/Program Files/Wireshark/dumpcap.exe\" -q -i Wi-Fi -w -",
                "Product": "Dumpcap"
            },
            "provider_guid": "{5770385f-c22a-43e0-bf4c-06f5698ffbd9}",
            "task": "Process Create (rule: ProcessCreate)",
            "computer_name": "Elmo",
            "provider_name": "Microsoft-Windows-Sysmon"
        },
        "host": {
            "ip": [
                "fe80::7cd2:efa8:dba2:6fc0",
                "169.254.111.192",
                "fe80::e431:7896:8d85:5aa",
                "172.21.208.1",
                "fe80::48ae:546b:7a20:7f52",
                "172.30.112.1",
                "fe80::bc21:1b56:1d1:4b9f",
                "169.254.75.159",
                "fe80::4807:9ca5:cd67:6ac6",
                "169.254.106.198",
                "fe80::e097:4ef1:6314:5a55",
                "169.254.90.85",
                "fe80::d55:b4a9:26a4:7406",
                "192.168.1.102",
                "fe80::211f:b772:c6da:bfb3",
                "172.27.16.1",
                "fe80::f90c:d738:c01c:abc6",
                "172.28.192.1"
            ],
            "name": "Elmo"
        }
    },
    "64": {
        "@timestamp": "2022-10-07T10:01:48.816Z",
        "winlog": {
            "task": "Process Create (rule: ProcessCreate)",
            "event_data": {
                "CurrentDirectory": "C:\\Users\\mrdor\\PycharmProjects\\Hunterbee\\client\\wireshark\\",
                "CommandLine": "\"C:/Program Files/Wireshark/tshark.exe\" -D",
                "OriginalFileName": "TShark.exe",
                "Hashes": "MD5=2C7476F44C33FE4FE26600AE7AE3900D",
                "RuleName": "-",
                "Image": "C:\\Program Files\\Wireshark\\tshark.exe",
                "LogonGuid": "{dd01dab0-b9ee-633f-e637-282600000000}",
                "ParentUser": "ELMO\\mrdor",
                "Product": "TShark",
                "ProcessId": "13996",
                "TerminalSessionId": "4",
                "ParentCommandLine": "C:\\Users\\mrdor\\AppData\\Local\\Programs\\Python\\Python39\\python.exe C:/Users/mrdor/PycharmProjects/Hunterbee/client/wireshark/wireshark_interface.py",
                "UtcTime": "2022-10-07 10:01:48.814",
                "ProcessGuid": "{dd01dab0-f90c-633f-2854-010000004600}",
                "Description": "TShark",
                "User": "ELMO\\mrdor",
                "LogonId": "0x262837e6",
                "ParentImage": "C:\\Users\\mrdor\\AppData\\Local\\Programs\\Python\\Python39\\python.exe",
                "ParentProcessGuid": "{dd01dab0-f517-633f-4847-010000004600}",
                "ParentProcessId": "22388",
                "FileVersion": "3.6.2",
                "Company": "The Wireshark developer community",
                "IntegrityLevel": "High"
            },
            "provider_guid": "{5770385f-c22a-43e0-bf4c-06f5698ffbd9}",
            "provider_name": "Microsoft-Windows-Sysmon",
            "computer_name": "Elmo"
        },
        "host": {
            "ip": [
                "fe80::7cd2:efa8:dba2:6fc0",
                "169.254.111.192",
                "fe80::e431:7896:8d85:5aa",
                "172.21.208.1",
                "fe80::48ae:546b:7a20:7f52",
                "172.30.112.1",
                "fe80::bc21:1b56:1d1:4b9f",
                "169.254.75.159",
                "fe80::4807:9ca5:cd67:6ac6",
                "169.254.106.198",
                "fe80::e097:4ef1:6314:5a55",
                "169.254.90.85",
                "fe80::d55:b4a9:26a4:7406",
                "192.168.1.102",
                "fe80::211f:b772:c6da:bfb3",
                "172.27.16.1",
                "fe80::f90c:d738:c01c:abc6",
                "172.28.192.1"
            ],
            "name": "Elmo"
        }
    },
    "65": {
        "@timestamp": "2022-10-07T10:01:49.057Z",
        "host": {
            "name": "Elmo",
            "ip": [
                "fe80::7cd2:efa8:dba2:6fc0",
                "169.254.111.192",
                "fe80::e431:7896:8d85:5aa",
                "172.21.208.1",
                "fe80::48ae:546b:7a20:7f52",
                "172.30.112.1",
                "fe80::bc21:1b56:1d1:4b9f",
                "169.254.75.159",
                "fe80::4807:9ca5:cd67:6ac6",
                "169.254.106.198",
                "fe80::e097:4ef1:6314:5a55",
                "169.254.90.85",
                "fe80::d55:b4a9:26a4:7406",
                "192.168.1.102",
                "fe80::211f:b772:c6da:bfb3",
                "172.27.16.1",
                "fe80::f90c:d738:c01c:abc6",
                "172.28.192.1"
            ]
        },
        "winlog": {
            "task": "Process Create (rule: ProcessCreate)",
            "provider_name": "Microsoft-Windows-Sysmon",
            "event_data": {
                "CommandLine": "\"C:\\Program Files\\Wireshark\\dumpcap.exe\" -D -Z none",
                "ProcessGuid": "{dd01dab0-f90d-633f-2954-010000004600}",
                "Description": "Dumpcap",
                "ProcessId": "7352",
                "OriginalFileName": "Dumpcap.exe",
                "Hashes": "MD5=A85C48F3129B10CF5593FBF3B02836FF",
                "ParentProcessId": "13996",
                "RuleName": "-",
                "Product": "Dumpcap",
                "UtcTime": "2022-10-07 10:01:49.054",
                "LogonId": "0x262837e6",
                "Company": "The Wireshark developer community",
                "ParentUser": "ELMO\\mrdor",
                "User": "ELMO\\mrdor",
                "ParentCommandLine": "\"C:/Program Files/Wireshark/tshark.exe\" -D",
                "Image": "C:\\Program Files\\Wireshark\\dumpcap.exe",
                "FileVersion": "3.6.2",
                "LogonGuid": "{dd01dab0-b9ee-633f-e637-282600000000}",
                "TerminalSessionId": "4",
                "CurrentDirectory": "C:\\Users\\mrdor\\PycharmProjects\\Hunterbee\\client\\wireshark\\",
                "ParentProcessGuid": "{dd01dab0-f90c-633f-2854-010000004600}",
                "ParentImage": "C:\\Program Files\\Wireshark\\tshark.exe",
                "IntegrityLevel": "High"
            },
            "computer_name": "Elmo",
            "provider_guid": "{5770385f-c22a-43e0-bf4c-06f5698ffbd9}"
        }
    },
    "66": {
        "@timestamp": "2022-10-07T10:01:49.199Z",
        "host": {
            "ip": [
                "fe80::7cd2:efa8:dba2:6fc0",
                "169.254.111.192",
                "fe80::e431:7896:8d85:5aa",
                "172.21.208.1",
                "fe80::48ae:546b:7a20:7f52",
                "172.30.112.1",
                "fe80::bc21:1b56:1d1:4b9f",
                "169.254.75.159",
                "fe80::4807:9ca5:cd67:6ac6",
                "169.254.106.198",
                "fe80::e097:4ef1:6314:5a55",
                "169.254.90.85",
                "fe80::d55:b4a9:26a4:7406",
                "192.168.1.102",
                "fe80::211f:b772:c6da:bfb3",
                "172.27.16.1",
                "fe80::f90c:d738:c01c:abc6",
                "172.28.192.1"
            ],
            "name": "Elmo"
        },
        "winlog": {
            "provider_guid": "{5770385f-c22a-43e0-bf4c-06f5698ffbd9}",
            "event_data": {
                "Image": "C:\\Program Files\\Wireshark\\tshark.exe",
                "Description": "TShark",
                "User": "ELMO\\mrdor",
                "ProcessGuid": "{dd01dab0-f90d-633f-2b54-010000004600}",
                "ParentCommandLine": "C:\\Users\\mrdor\\AppData\\Local\\Programs\\Python\\Python39\\python.exe C:/Users/mrdor/PycharmProjects/Hunterbee/client/wireshark/wireshark_interface.py",
                "ParentUser": "ELMO\\mrdor",
                "IntegrityLevel": "High",
                "OriginalFileName": "TShark.exe",
                "FileVersion": "3.6.2",
                "RuleName": "-",
                "Company": "The Wireshark developer community",
                "ParentProcessGuid": "{dd01dab0-f517-633f-4847-010000004600}",
                "CommandLine": "\"C:/Program Files/Wireshark/tshark.exe\" -l -n -T pdml -c 25 -w C:/Users/mrdor/PycharmProjects/Hunterbee/client/tempfiles/Logs/Wireshark/wireshark-logs-209.pcap -i -",
                "CurrentDirectory": "C:\\Users\\mrdor\\PycharmProjects\\Hunterbee\\client\\wireshark\\",
                "LogonGuid": "{dd01dab0-b9ee-633f-e637-282600000000}",
                "ParentImage": "C:\\Users\\mrdor\\AppData\\Local\\Programs\\Python\\Python39\\python.exe",
                "Product": "TShark",
                "ParentProcessId": "22388",
                "TerminalSessionId": "4",
                "Hashes": "MD5=2C7476F44C33FE4FE26600AE7AE3900D",
                "UtcTime": "2022-10-07 10:01:49.197",
                "ProcessId": "17628",
                "LogonId": "0x262837e6"
            },
            "task": "Process Create (rule: ProcessCreate)",
            "computer_name": "Elmo",
            "provider_name": "Microsoft-Windows-Sysmon"
        }
    },
    "67": {
        "@timestamp": "2022-10-07T10:01:49.441Z",
        "host": {
            "ip": [
                "fe80::7cd2:efa8:dba2:6fc0",
                "169.254.111.192",
                "fe80::e431:7896:8d85:5aa",
                "172.21.208.1",
                "fe80::48ae:546b:7a20:7f52",
                "172.30.112.1",
                "fe80::bc21:1b56:1d1:4b9f",
                "169.254.75.159",
                "fe80::4807:9ca5:cd67:6ac6",
                "169.254.106.198",
                "fe80::e097:4ef1:6314:5a55",
                "169.254.90.85",
                "fe80::d55:b4a9:26a4:7406",
                "192.168.1.102",
                "fe80::211f:b772:c6da:bfb3",
                "172.27.16.1",
                "fe80::f90c:d738:c01c:abc6",
                "172.28.192.1"
            ],
            "name": "Elmo"
        },
        "winlog": {
            "provider_guid": "{5770385f-c22a-43e0-bf4c-06f5698ffbd9}",
            "provider_name": "Microsoft-Windows-Sysmon",
            "task": "Process Create (rule: ProcessCreate)",
            "event_data": {
                "CurrentDirectory": "C:\\Users\\mrdor\\PycharmProjects\\Hunterbee\\client\\wireshark\\",
                "ParentImage": "C:\\Program Files\\Wireshark\\tshark.exe",
                "OriginalFileName": "Dumpcap.exe",
                "ParentProcessGuid": "{dd01dab0-f90d-633f-2b54-010000004600}",
                "LogonId": "0x262837e6",
                "UtcTime": "2022-10-07 10:01:49.439",
                "TerminalSessionId": "4",
                "IntegrityLevel": "High",
                "RuleName": "-",
                "Image": "C:\\Program Files\\Wireshark\\dumpcap.exe",
                "ProcessGuid": "{dd01dab0-f90d-633f-2c54-010000004600}",
                "ParentUser": "ELMO\\mrdor",
                "CommandLine": "\"C:\\Program Files\\Wireshark\\dumpcap.exe\" -D -Z none",
                "ParentProcessId": "17628",
                "FileVersion": "3.6.2",
                "ParentCommandLine": "\"C:/Program Files/Wireshark/tshark.exe\" -l -n -T pdml -c 25 -w C:/Users/mrdor/PycharmProjects/Hunterbee/client/tempfiles/Logs/Wireshark/wireshark-logs-209.pcap -i -",
                "ProcessId": "7180",
                "Product": "Dumpcap",
                "User": "ELMO\\mrdor",
                "Company": "The Wireshark developer community",
                "LogonGuid": "{dd01dab0-b9ee-633f-e637-282600000000}",
                "Hashes": "MD5=A85C48F3129B10CF5593FBF3B02836FF",
                "Description": "Dumpcap"
            },
            "computer_name": "Elmo"
        }
    },
    "68": {
        "@timestamp": "2022-10-06T16:33:36.869Z",
        "host": {
            "ip": [
                "fe80::81d3:bff6:130:a96c",
                "172.30.115.76"
            ],
            "name": "cc64faae-bf24-454e-84e2-d13617cacb46"
        },
        "winlog": {
            "event_data": {
                "EventType": "SetValue",
                "ProcessGuid": "{6c5fe7fc-0347-633f-cf00-000000000300}",
                "User": "NT AUTHORITY\\SYSTEM",
                "RuleName": "Suspicious,ImageBeginWithBackslash",
                "ProcessId": "4476",
                "Image": "\\\\?\\C:\\Windows\\system32\\wbem\\WMIADAP.EXE",
                "TargetObject": "HKLM\\SOFTWARE\\Microsoft\\Windows NT\\CurrentVersion\\Perflib\\Last Counter",
                "Details": "DWORD (0x000025f4)",
                "UtcTime": "2022-10-06 16:33:36.865"
            },
            "computer_name": "cc64faae-bf24-454e-84e2-d13617cacb46",
            "task": "Registry value set (rule: RegistryEvent)",
            "provider_guid": "{5770385f-c22a-43e0-bf4c-06f5698ffbd9}",
            "provider_name": "Microsoft-Windows-Sysmon"
        }
    },
    "69": {
        "@timestamp": "2022-10-06T16:33:36.869Z",
        "host": {
            "name": "cc64faae-bf24-454e-84e2-d13617cacb46",
            "ip": [
                "fe80::81d3:bff6:130:a96c",
                "172.30.115.76"
            ]
        },
        "winlog": {
            "task": "Registry value set (rule: RegistryEvent)",
            "computer_name": "cc64faae-bf24-454e-84e2-d13617cacb46",
            "provider_name": "Microsoft-Windows-Sysmon",
            "provider_guid": "{5770385f-c22a-43e0-bf4c-06f5698ffbd9}",
            "event_data": {
                "UtcTime": "2022-10-06 16:33:36.865",
                "ProcessGuid": "{6c5fe7fc-0347-633f-cf00-000000000300}",
                "ProcessId": "4476",
                "Details": "DWORD (0x000025f5)",
                "User": "NT AUTHORITY\\SYSTEM",
                "EventType": "SetValue",
                "Image": "\\\\?\\C:\\Windows\\system32\\wbem\\WMIADAP.EXE",
                "TargetObject": "HKLM\\SOFTWARE\\Microsoft\\Windows NT\\CurrentVersion\\Perflib\\Last Help",
                "RuleName": "Suspicious,ImageBeginWithBackslash"
            }
        }
    },
    "70": {
        "@timestamp": "2022-10-06T16:33:36.869Z",
        "host": {
            "ip": [
                "fe80::81d3:bff6:130:a96c",
                "172.30.115.76"
            ],
            "name": "cc64faae-bf24-454e-84e2-d13617cacb46"
        },
        "winlog": {
            "provider_guid": "{5770385f-c22a-43e0-bf4c-06f5698ffbd9}",
            "computer_name": "cc64faae-bf24-454e-84e2-d13617cacb46",
            "provider_name": "Microsoft-Windows-Sysmon",
            "event_data": {
                "Image": "\\\\?\\C:\\Windows\\system32\\wbem\\WMIADAP.EXE",
                "TargetObject": "HKLM\\System\\CurrentControlSet\\Services\\WmiApRpl\\Performance\\First Counter",
                "User": "NT AUTHORITY\\SYSTEM",
                "RuleName": "Suspicious,ImageBeginWithBackslash",
                "EventType": "DeleteValue",
                "UtcTime": "2022-10-06 16:33:36.865",
                "ProcessGuid": "{6c5fe7fc-0347-633f-cf00-000000000300}",
                "ProcessId": "4476"
            },
            "task": "Registry object added or deleted (rule: RegistryEvent)"
        }
    },
    "71": {
        "@timestamp": "2022-10-06T16:33:36.869Z",
        "host": {
            "name": "cc64faae-bf24-454e-84e2-d13617cacb46",
            "ip": [
                "fe80::81d3:bff6:130:a96c",
                "172.30.115.76"
            ]
        },
        "winlog": {
            "provider_name": "Microsoft-Windows-Sysmon",
            "provider_guid": "{5770385f-c22a-43e0-bf4c-06f5698ffbd9}",
            "computer_name": "cc64faae-bf24-454e-84e2-d13617cacb46",
            "task": "Registry object added or deleted (rule: RegistryEvent)",
            "event_data": {
                "ProcessId": "4476",
                "Image": "\\\\?\\C:\\Windows\\system32\\wbem\\WMIADAP.EXE",
                "TargetObject": "HKLM\\System\\CurrentControlSet\\Services\\WmiApRpl\\Performance\\Last Counter",
                "User": "NT AUTHORITY\\SYSTEM",
                "RuleName": "Suspicious,ImageBeginWithBackslash",
                "EventType": "DeleteValue",
                "UtcTime": "2022-10-06 16:33:36.865",
                "ProcessGuid": "{6c5fe7fc-0347-633f-cf00-000000000300}"
            }
        }
    },
    "72": {
        "@timestamp": "2022-10-06T16:33:36.869Z",
        "host": {
            "name": "cc64faae-bf24-454e-84e2-d13617cacb46",
            "ip": [
                "fe80::81d3:bff6:130:a96c",
                "172.30.115.76"
            ]
        },
        "winlog": {
            "task": "Registry object added or deleted (rule: RegistryEvent)",
            "event_data": {
                "EventType": "DeleteValue",
                "UtcTime": "2022-10-06 16:33:36.865",
                "ProcessGuid": "{6c5fe7fc-0347-633f-cf00-000000000300}",
                "ProcessId": "4476",
                "Image": "\\\\?\\C:\\Windows\\system32\\wbem\\WMIADAP.EXE",
                "TargetObject": "HKLM\\System\\CurrentControlSet\\Services\\WmiApRpl\\Performance\\First Help",
                "User": "NT AUTHORITY\\SYSTEM",
                "RuleName": "Suspicious,ImageBeginWithBackslash"
            },
            "provider_guid": "{5770385f-c22a-43e0-bf4c-06f5698ffbd9}",
            "provider_name": "Microsoft-Windows-Sysmon",
            "computer_name": "cc64faae-bf24-454e-84e2-d13617cacb46"
        }
    },
    "73": {
        "@timestamp": "2022-10-06T16:33:36.869Z",
        "winlog": {
            "event_data": {
                "EventType": "DeleteValue",
                "UtcTime": "2022-10-06 16:33:36.865",
                "ProcessGuid": "{6c5fe7fc-0347-633f-cf00-000000000300}",
                "ProcessId": "4476",
                "Image": "\\\\?\\C:\\Windows\\system32\\wbem\\WMIADAP.EXE",
                "TargetObject": "HKLM\\System\\CurrentControlSet\\Services\\WmiApRpl\\Performance\\Last Help",
                "User": "NT AUTHORITY\\SYSTEM",
                "RuleName": "Suspicious,ImageBeginWithBackslash"
            },
            "provider_name": "Microsoft-Windows-Sysmon",
            "provider_guid": "{5770385f-c22a-43e0-bf4c-06f5698ffbd9}",
            "task": "Registry object added or deleted (rule: RegistryEvent)",
            "computer_name": "cc64faae-bf24-454e-84e2-d13617cacb46"
        },
        "host": {
            "ip": [
                "fe80::81d3:bff6:130:a96c",
                "172.30.115.76"
            ],
            "name": "cc64faae-bf24-454e-84e2-d13617cacb46"
        }
    },
    "74": {
        "@timestamp": "2022-10-06T16:33:36.869Z",
        "winlog": {
            "event_data": {
                "EventType": "DeleteValue",
                "UtcTime": "2022-10-06 16:33:36.865",
                "ProcessGuid": "{6c5fe7fc-0347-633f-cf00-000000000300}",
                "ProcessId": "4476",
                "Image": "\\\\?\\C:\\Windows\\system32\\wbem\\WMIADAP.EXE",
                "TargetObject": "HKLM\\System\\CurrentControlSet\\Services\\WmiApRpl\\Performance\\Object List",
                "User": "NT AUTHORITY\\SYSTEM",
                "RuleName": "Suspicious,ImageBeginWithBackslash"
            },
            "provider_name": "Microsoft-Windows-Sysmon",
            "provider_guid": "{5770385f-c22a-43e0-bf4c-06f5698ffbd9}",
            "task": "Registry object added or deleted (rule: RegistryEvent)",
            "computer_name": "cc64faae-bf24-454e-84e2-d13617cacb46"
        },
        "host": {
            "ip": [
                "fe80::81d3:bff6:130:a96c",
                "172.30.115.76"
            ],
            "name": "cc64faae-bf24-454e-84e2-d13617cacb46"
        }
    },
    "75": {
        "@timestamp": "2022-10-06T16:33:36.869Z",
        "winlog": {
            "computer_name": "cc64faae-bf24-454e-84e2-d13617cacb46",
            "task": "Registry object added or deleted (rule: RegistryEvent)",
            "provider_name": "Microsoft-Windows-Sysmon",
            "event_data": {
                "Image": "\\\\?\\C:\\Windows\\system32\\wbem\\WMIADAP.EXE",
                "TargetObject": "HKLM\\SOFTWARE\\Microsoft\\Windows NT\\CurrentVersion\\Perflib\\Updating",
                "User": "NT AUTHORITY\\SYSTEM",
                "RuleName": "Suspicious,ImageBeginWithBackslash",
                "EventType": "DeleteValue",
                "UtcTime": "2022-10-06 16:33:36.865",
                "ProcessGuid": "{6c5fe7fc-0347-633f-cf00-000000000300}",
                "ProcessId": "4476"
            },
            "provider_guid": "{5770385f-c22a-43e0-bf4c-06f5698ffbd9}"
        },
        "host": {
            "ip": [
                "fe80::81d3:bff6:130:a96c",
                "172.30.115.76"
            ],
            "name": "cc64faae-bf24-454e-84e2-d13617cacb46"
        }
    },
    "76": {
        "@timestamp": "2022-10-06T16:33:36.883Z",
        "winlog": {
            "event_data": {
                "ProcessId": "4476",
                "User": "NT AUTHORITY\\SYSTEM",
                "UtcTime": "2022-10-06 16:33:36.881",
                "Image": "\\\\?\\C:\\Windows\\system32\\wbem\\WMIADAP.EXE",
                "TargetObject": "HKLM\\System\\CurrentControlSet\\Services\\WmiApRpl\\Performance\\PerfIniFile",
                "EventType": "SetValue",
                "Details": "WmiApRpl.ini",
                "RuleName": "Suspicious,ImageBeginWithBackslash",
                "ProcessGuid": "{6c5fe7fc-0347-633f-cf00-000000000300}"
            },
            "provider_name": "Microsoft-Windows-Sysmon",
            "provider_guid": "{5770385f-c22a-43e0-bf4c-06f5698ffbd9}",
            "computer_name": "cc64faae-bf24-454e-84e2-d13617cacb46",
            "task": "Registry value set (rule: RegistryEvent)"
        },
        "host": {
            "ip": [
                "fe80::81d3:bff6:130:a96c",
                "172.30.115.76"
            ],
            "name": "cc64faae-bf24-454e-84e2-d13617cacb46"
        }
    },
    "77": {
        "@timestamp": "2022-10-06T16:33:36.888Z",
        "winlog": {
            "computer_name": "cc64faae-bf24-454e-84e2-d13617cacb46",
            "event_data": {
                "Image": "\\\\?\\C:\\Windows\\system32\\wbem\\WMIADAP.EXE",
                "User": "NT AUTHORITY\\SYSTEM",
                "TargetObject": "HKLM\\SOFTWARE\\Microsoft\\Windows NT\\CurrentVersion\\Perflib\\Updating",
                "Details": "WmiApRpl",
                "EventType": "SetValue",
                "ProcessId": "4476",
                "RuleName": "Suspicious,ImageBeginWithBackslash",
                "UtcTime": "2022-10-06 16:33:36.881",
                "ProcessGuid": "{6c5fe7fc-0347-633f-cf00-000000000300}"
            },
            "provider_name": "Microsoft-Windows-Sysmon",
            "provider_guid": "{5770385f-c22a-43e0-bf4c-06f5698ffbd9}",
            "task": "Registry value set (rule: RegistryEvent)"
        },
        "host": {
            "ip": [
                "fe80::81d3:bff6:130:a96c",
                "172.30.115.76"
            ],
            "name": "cc64faae-bf24-454e-84e2-d13617cacb46"
        }
    },
    "78": {
        "@timestamp": "2022-10-06T16:33:36.955Z",
        "winlog": {
            "provider_guid": "{5770385f-c22a-43e0-bf4c-06f5698ffbd9}",
            "task": "Registry value set (rule: RegistryEvent)",
            "event_data": {
                "ProcessGuid": "{6c5fe7fc-0347-633f-cf00-000000000300}",
                "ProcessId": "4476",
                "Image": "\\\\?\\C:\\Windows\\system32\\wbem\\WMIADAP.EXE",
                "TargetObject": "HKLM\\SOFTWARE\\Microsoft\\Windows NT\\CurrentVersion\\Perflib\\Last Counter",
                "Details": "DWORD (0x0000269c)",
                "User": "NT AUTHORITY\\SYSTEM",
                "EventType": "SetValue",
                "UtcTime": "2022-10-06 16:33:36.955",
                "RuleName": "Suspicious,ImageBeginWithBackslash"
            },
            "computer_name": "cc64faae-bf24-454e-84e2-d13617cacb46",
            "provider_name": "Microsoft-Windows-Sysmon"
        },
        "host": {
            "ip": [
                "fe80::81d3:bff6:130:a96c",
                "172.30.115.76"
            ],
            "name": "cc64faae-bf24-454e-84e2-d13617cacb46"
        }
    },
    "79": {
        "@timestamp": "2022-10-06T16:33:36.955Z",
        "host": {
            "ip": [
                "fe80::81d3:bff6:130:a96c",
                "172.30.115.76"
            ],
            "name": "cc64faae-bf24-454e-84e2-d13617cacb46"
        },
        "winlog": {
            "task": "Registry value set (rule: RegistryEvent)",
            "provider_guid": "{5770385f-c22a-43e0-bf4c-06f5698ffbd9}",
            "event_data": {
                "Details": "DWORD (0x0000269d)",
                "User": "NT AUTHORITY\\SYSTEM",
                "Image": "\\\\?\\C:\\Windows\\system32\\wbem\\WMIADAP.EXE",
                "ProcessGuid": "{6c5fe7fc-0347-633f-cf00-000000000300}",
                "TargetObject": "HKLM\\SOFTWARE\\Microsoft\\Windows NT\\CurrentVersion\\Perflib\\Last Help",
                "UtcTime": "2022-10-06 16:33:36.955",
                "EventType": "SetValue",
                "ProcessId": "4476",
                "RuleName": "Suspicious,ImageBeginWithBackslash"
            },
            "provider_name": "Microsoft-Windows-Sysmon",
            "computer_name": "cc64faae-bf24-454e-84e2-d13617cacb46"
        }
    },
    "80": {
        "@timestamp": "2022-10-06T16:33:36.955Z",
        "winlog": {
            "provider_name": "Microsoft-Windows-Sysmon",
            "event_data": {
                "ProcessGuid": "{6c5fe7fc-0347-633f-cf00-000000000300}",
                "User": "NT AUTHORITY\\SYSTEM",
                "RuleName": "Suspicious,ImageBeginWithBackslash",
                "Details": "DWORD (0x0000269c)",
                "UtcTime": "2022-10-06 16:33:36.955",
                "ProcessId": "4476",
                "Image": "\\\\?\\C:\\Windows\\system32\\wbem\\WMIADAP.EXE",
                "EventType": "SetValue",
                "TargetObject": "HKLM\\System\\CurrentControlSet\\Services\\WmiApRpl\\Performance\\Last Counter"
            },
            "computer_name": "cc64faae-bf24-454e-84e2-d13617cacb46",
            "provider_guid": "{5770385f-c22a-43e0-bf4c-06f5698ffbd9}",
            "task": "Registry value set (rule: RegistryEvent)"
        },
        "host": {
            "ip": [
                "fe80::81d3:bff6:130:a96c",
                "172.30.115.76"
            ],
            "name": "cc64faae-bf24-454e-84e2-d13617cacb46"
        }
    },
    "81": {
        "@timestamp": "2022-10-06T16:33:36.955Z",
        "host": {
            "name": "cc64faae-bf24-454e-84e2-d13617cacb46",
            "ip": [
                "fe80::81d3:bff6:130:a96c",
                "172.30.115.76"
            ]
        },
        "winlog": {
            "computer_name": "cc64faae-bf24-454e-84e2-d13617cacb46",
            "provider_name": "Microsoft-Windows-Sysmon",
            "task": "Registry value set (rule: RegistryEvent)",
            "event_data": {
                "User": "NT AUTHORITY\\SYSTEM",
                "EventType": "SetValue",
                "Image": "\\\\?\\C:\\Windows\\system32\\wbem\\WMIADAP.EXE",
                "TargetObject": "HKLM\\System\\CurrentControlSet\\Services\\WmiApRpl\\Performance\\Last Help",
                "UtcTime": "2022-10-06 16:33:36.955",
                "ProcessGuid": "{6c5fe7fc-0347-633f-cf00-000000000300}",
                "Details": "DWORD (0x0000269d)",
                "RuleName": "Suspicious,ImageBeginWithBackslash",
                "ProcessId": "4476"
            },
            "provider_guid": "{5770385f-c22a-43e0-bf4c-06f5698ffbd9}"
        }
    },
    "82": {
        "@timestamp": "2022-10-06T16:33:36.956Z",
        "winlog": {
            "task": "Registry value set (rule: RegistryEvent)",
            "event_data": {
                "UtcTime": "2022-10-06 16:33:36.955",
                "TargetObject": "HKLM\\System\\CurrentControlSet\\Services\\WmiApRpl\\Performance\\First Counter",
                "User": "NT AUTHORITY\\SYSTEM",
