                "ProcessGuid": "{dd01dab0-e5c0-633f-1439-010000004600}",
                "Image": "G:\\Steam\\bin\\cef\\cef.win7x64\\steamwebhelper.exe",
                "QueryStatus": "0",
                "ProcessId": "7664",
                "User": "ELMO\\mrdor",
                "RuleName": "-",
                "QueryName": "steamuserimages-a.akamaihd.net"
            },
            "task": "Dns query (rule: DnsQuery)"
        }
    },
    "94": {
        "@timestamp": "2022-10-07T09:56:15.930Z",
        "host": {
            "ip": [
                "fe80::7cd2:efa8:dba2:6fc0",
                "169.254.111.192",
                "fe80::e431:7896:8d85:5aa",
                "172.21.208.1",
                "fe80::48ae:546b:7a20:7f52",
                "172.30.112.1",
                "fe80::bc21:1b56:1d1:4b9f",
                "169.254.75.159",
                "fe80::4807:9ca5:cd67:6ac6",
                "169.254.106.198",
                "fe80::e097:4ef1:6314:5a55",
                "169.254.90.85",
                "fe80::d55:b4a9:26a4:7406",
                "192.168.1.102",
                "fe80::211f:b772:c6da:bfb3",
                "172.27.16.1",
                "fe80::f90c:d738:c01c:abc6",
                "172.28.192.1"
            ],
            "name": "Elmo"
        },
        "winlog": {
            "provider_guid": "{5770385f-c22a-43e0-bf4c-06f5698ffbd9}",
            "event_data": {
                "ParentImage": "C:\\Users\\mrdor\\AppData\\Local\\Programs\\Python\\Python39\\python.exe",
                "IntegrityLevel": "High",
                "Hashes": "MD5=2C7476F44C33FE4FE26600AE7AE3900D",
                "TerminalSessionId": "4",
                "ProcessGuid": "{dd01dab0-f7bf-633f-6d4b-010000004600}",
                "LogonGuid": "{dd01dab0-b9ee-633f-e637-282600000000}",
                "ParentUser": "ELMO\\mrdor",
                "ParentProcessId": "22388",
                "ProcessId": "13092",
                "ParentCommandLine": "C:\\Users\\mrdor\\AppData\\Local\\Programs\\Python\\Python39\\python.exe C:/Users/mrdor/PycharmProjects/Hunterbee/client/wireshark/wireshark_interface.py",
                "RuleName": "-",
                "CommandLine": "\"C:/Program Files/Wireshark/tshark.exe\" -D",
                "Description": "TShark",
                "Company": "The Wireshark developer community",
                "User": "ELMO\\mrdor",
                "UtcTime": "2022-10-07 09:56:15.927",
                "LogonId": "0x262837e6",
                "Image": "C:\\Program Files\\Wireshark\\tshark.exe",
                "FileVersion": "3.6.2",
                "Product": "TShark",
                "ParentProcessGuid": "{dd01dab0-f517-633f-4847-010000004600}",
                "OriginalFileName": "TShark.exe",
                "CurrentDirectory": "C:\\Users\\mrdor\\PycharmProjects\\Hunterbee\\client\\wireshark\\"
            },
            "provider_name": "Microsoft-Windows-Sysmon",
            "task": "Process Create (rule: ProcessCreate)",
            "computer_name": "Elmo"
        }
    },
    "95": {
        "@timestamp": "2022-10-07T09:56:16.324Z",
        "host": {
            "ip": [
                "fe80::7cd2:efa8:dba2:6fc0",
                "169.254.111.192",
                "fe80::e431:7896:8d85:5aa",
                "172.21.208.1",
                "fe80::48ae:546b:7a20:7f52",
                "172.30.112.1",
                "fe80::bc21:1b56:1d1:4b9f",
                "169.254.75.159",
                "fe80::4807:9ca5:cd67:6ac6",
                "169.254.106.198",
                "fe80::e097:4ef1:6314:5a55",
                "169.254.90.85",
                "fe80::d55:b4a9:26a4:7406",
                "192.168.1.102",
                "fe80::211f:b772:c6da:bfb3",
                "172.27.16.1",
                "fe80::f90c:d738:c01c:abc6",
                "172.28.192.1"
            ],
            "name": "Elmo"
        },
        "winlog": {
            "provider_name": "Microsoft-Windows-Sysmon",
            "task": "Process Create (rule: ProcessCreate)",
            "provider_guid": "{5770385f-c22a-43e0-bf4c-06f5698ffbd9}",
            "event_data": {
                "LogonId": "0x262837e6",
                "ParentImage": "C:\\Program Files\\Wireshark\\tshark.exe",
                "ParentProcessGuid": "{dd01dab0-f7bf-633f-6d4b-010000004600}",
                "User": "ELMO\\mrdor",
                "ParentCommandLine": "\"C:/Program Files/Wireshark/tshark.exe\" -D",
                "Image": "C:\\Program Files\\Wireshark\\dumpcap.exe",
                "OriginalFileName": "Dumpcap.exe",
                "ParentProcessId": "13092",
                "LogonGuid": "{dd01dab0-b9ee-633f-e637-282600000000}",
                "ProcessId": "11724",
                "Company": "The Wireshark developer community",
                "CurrentDirectory": "C:\\Users\\mrdor\\PycharmProjects\\Hunterbee\\client\\wireshark\\",
                "Hashes": "MD5=A85C48F3129B10CF5593FBF3B02836FF",
                "IntegrityLevel": "High",
                "ProcessGuid": "{dd01dab0-f7c0-633f-6e4b-010000004600}",
                "TerminalSessionId": "4",
                "ParentUser": "ELMO\\mrdor",
                "Product": "Dumpcap",
                "FileVersion": "3.6.2",
                "CommandLine": "\"C:\\Program Files\\Wireshark\\dumpcap.exe\" -D -Z none",
                "RuleName": "-",
                "Description": "Dumpcap",
                "UtcTime": "2022-10-07 09:56:16.321"
            },
            "computer_name": "Elmo"
        }
    },
    "96": {
        "@timestamp": "2022-10-07T09:56:16.519Z",
        "host": {
            "name": "Elmo",
            "ip": [
                "fe80::7cd2:efa8:dba2:6fc0",
                "169.254.111.192",
                "fe80::e431:7896:8d85:5aa",
                "172.21.208.1",
                "fe80::48ae:546b:7a20:7f52",
                "172.30.112.1",
                "fe80::bc21:1b56:1d1:4b9f",
                "169.254.75.159",
                "fe80::4807:9ca5:cd67:6ac6",
                "169.254.106.198",
                "fe80::e097:4ef1:6314:5a55",
                "169.254.90.85",
                "fe80::d55:b4a9:26a4:7406",
                "192.168.1.102",
                "fe80::211f:b772:c6da:bfb3",
                "172.27.16.1",
                "fe80::f90c:d738:c01c:abc6",
                "172.28.192.1"
            ]
        },
        "winlog": {
            "provider_guid": "{5770385f-c22a-43e0-bf4c-06f5698ffbd9}",
            "task": "Process Create (rule: ProcessCreate)",
            "computer_name": "Elmo",
            "provider_name": "Microsoft-Windows-Sysmon",
            "event_data": {
                "Product": "TShark",
                "LogonGuid": "{dd01dab0-b9ee-633f-e637-282600000000}",
                "ParentUser": "ELMO\\mrdor",
                "RuleName": "-",
                "Description": "TShark",
                "FileVersion": "3.6.2",
                "Image": "C:\\Program Files\\Wireshark\\tshark.exe",
                "UtcTime": "2022-10-07 09:56:16.515",
                "ParentProcessId": "22388",
                "IntegrityLevel": "High",
                "User": "ELMO\\mrdor",
                "ParentCommandLine": "C:\\Users\\mrdor\\AppData\\Local\\Programs\\Python\\Python39\\python.exe C:/Users/mrdor/PycharmProjects/Hunterbee/client/wireshark/wireshark_interface.py",
                "ParentProcessGuid": "{dd01dab0-f517-633f-4847-010000004600}",
                "OriginalFileName": "TShark.exe",
                "CurrentDirectory": "C:\\Users\\mrdor\\PycharmProjects\\Hunterbee\\client\\wireshark\\",
                "TerminalSessionId": "4",
                "ParentImage": "C:\\Users\\mrdor\\AppData\\Local\\Programs\\Python\\Python39\\python.exe",
                "Hashes": "MD5=2C7476F44C33FE4FE26600AE7AE3900D",
                "ProcessId": "12416",
                "ProcessGuid": "{dd01dab0-f7c0-633f-704b-010000004600}",
                "Company": "The Wireshark developer community",
                "CommandLine": "\"C:/Program Files/Wireshark/tshark.exe\" -v",
                "LogonId": "0x262837e6"
            }
        }
    },
    "97": {
        "@timestamp": "2022-10-07T09:56:16.535Z",
        "winlog": {
            "provider_name": "Microsoft-Windows-Sysmon",
            "event_data": {
                "RuleName": "-",
                "Product": "IntelliJ Platform",
                "ProcessGuid": "{dd01dab0-f7c0-633f-714b-010000004600}",
                "FileVersion": "1.0.0.1",
                "Company": "JetBrains s.r.o.",
                "IntegrityLevel": "High",
                "OriginalFileName": "runnerw.exe",
                "CommandLine": "\"C:\\Program Files\\JetBrains\\PyCharm 2021.3\\bin\\runnerw.exe\" \"C:\\Program Files\\Git\\cmd\\git.exe\" -c credential.helper= -c core.quotepath=false -c log.showSignature=false status --porcelain -z --untracked-files=no --ignored=no -- client/tempfiles/Logs/Sysmon/sysmon-logs-10.json client/tempfiles/Logs/Sysmon/sysmon-logs-11.json client/tempfiles/Logs/Sysmon/sysmon-logs-12.json client/tempfiles/Logs/Sysmon/sysmon-logs-13.json client/tempfiles/Logs/Sysmon/sysmon-logs-14.json client/tempfiles/Logs/Sysmon/sysmon-logs-15.json client/tempfiles/Logs/Sysmon/sysmon-logs-16.json client/tempfiles/Logs/Sysmon/sysmon-logs-17.json client/tempfiles/Logs/Sysmon/sysmon-logs-18.json client/tempfiles/Logs/Sysmon/sysmon-logs-19.json client/tempfiles/Logs/Sysmon/sysmon-logs-20.json client/tempfiles/Logs/Sysmon/sysmon-logs-6.json client/tempfiles/Logs/Sysmon/sysmon-logs-7.json client/tempfiles/Logs/Sysmon/sysmon-logs-8.json client/tempfiles/Logs/Sysmon/sysmon-logs-9.json client/tempfiles/Logs/Sysmon/winlogbeat-20221007-21.ndjson client/tempfiles/Logs/Sysmon/winlogbeat-20221007-22.ndjson client/tempfiles/Logs/Sysmon/winlogbeat-20221007-6.ndjson client/tempfiles/Logs/Sysmon/winlogbeat-20221007-7.ndjson client/tempfiles/Logs/Wireshark/wireshark-logs-18.pcap client/tempfiles/Logs/Wireshark/wireshark-logs-19.json client/tempfiles/Logs/Wireshark/wireshark-logs-19.pcap client/tempfiles/Logs/Wireshark/wireshark-logs-20.json client/tempfiles/Logs/Wireshark/wireshark-logs-21.json client/tempfiles/Logs/Wireshark/wireshark-logs-22.json client/tempfiles/Logs/Wireshark/wireshark-logs-23.json client/tempfiles/Logs/Wireshark/wireshark-logs-24.json client/tempfiles/Logs/Wireshark/wireshark-logs-25.json client/tempfiles/Logs/Wireshark/wireshark-logs-26.json client/tempfiles/Logs/Wireshark/wireshark-logs-27.json client/tempfiles/Logs/Wireshark/wireshark-logs-28.json client/tempfiles/Logs/Wireshark/wireshark-logs-29.json client/tempfiles/Logs/Wireshark/wireshark-logs-30.json client/tempfiles/Logs/Wireshark/wireshark-logs-31.json client/tempfiles/Logs/Wireshark/wireshark-logs-32.json client/tempfiles/Logs/Wireshark/wireshark-logs-33.json client/tempfiles/Logs/Wireshark/wireshark-logs-34.json client/tempfiles/Logs/Wireshark/wireshark-logs-35.json client/tempfiles/Logs/Wireshark/wireshark-logs-36.json client/tempfiles/Logs/Wireshark/wireshark-logs-37.json client/tempfiles/Logs/Wireshark/wireshark-logs-38.json client/tempfiles/Logs/Wireshark/wireshark-logs-39.json client/tempfiles/Logs/Wireshark/wireshark-logs-40.json client/tempfiles/Logs/Wireshark/wireshark-logs-41.json client/tempfiles/Logs/Wireshark/wireshark-logs-42.json client/tempfiles/Logs/Wireshark/wireshark-logs-43.json client/tempfiles/Logs/Wireshark/wireshark-logs-44.json client/tempfiles/Logs/Wireshark/wireshark-logs-45.json client/tempfiles/Logs/Wireshark/wireshark-logs-46.json client/tempfiles/Logs/Wireshark/wireshark-logs-47.json client/tempfiles/Logs/Wireshark/wireshark-logs-48.json client/tempfiles/Logs/Wireshark/wireshark-logs-49.json client/tempfiles/Logs/Wireshark/wireshark-logs-50.json client/tempfiles/Logs/Wireshark/wireshark-logs-51.json client/tempfiles/Logs/Wireshark/wireshark-logs-52.json client/tempfiles/Logs/Wireshark/wireshark-logs-53.json client/tempfiles/Logs/Wireshark/wireshark-logs-54.json client/tempfiles/Logs/Wireshark/wireshark-logs-55.json client/tempfiles/Logs/Wireshark/wireshark-logs-56.json client/tempfiles/Logs/Wireshark/wireshark-logs-57.json client/tempfiles/Logs/Wireshark/wireshark-logs-58.json client/tempfiles/Logs/Wireshark/wireshark-logs-59.json client/tempfiles/Logs/Wireshark/wireshark-logs-60.json client/tempfiles/Logs/Wireshark/wireshark-logs-61.json client/tempfiles/Logs/Wireshark/wireshark-logs-62.json client/tempfiles/Logs/Wireshark/wireshark-logs-62.pcap client/tempfiles/Logs/Wireshark/wireshark-logs-63.json client/tempfiles/Logs/Wireshark/wireshark-logs-63.pcap client/tempfiles/Logs/Wireshark/wireshark-logs-64.json client/tempfiles/Logs/Wireshark/wireshark-logs-64.pcap",
                "Hashes": "MD5=23E6EC0009C0C7081DB498A691B89E87",
                "ParentImage": "C:\\Program Files\\JetBrains\\PyCharm 2021.3\\bin\\pycharm64.exe",
                "CurrentDirectory": "C:\\Users\\mrdor\\PycharmProjects\\Hunterbee\\",
                "LogonGuid": "{dd01dab0-b9ee-633f-e637-282600000000}",
                "ParentProcessId": "18532",
                "Description": "Command line runner",
                "User": "ELMO\\mrdor",
                "ParentProcessGuid": "{dd01dab0-e463-633f-c137-010000004600}",
                "Image": "C:\\Program Files\\JetBrains\\PyCharm 2021.3\\bin\\runnerw.exe",
                "ParentCommandLine": "\"C:\\Program Files\\JetBrains\\PyCharm 2021.3\\bin\\pycharm64.exe\" ",
                "UtcTime": "2022-10-07 09:56:16.532",
                "ProcessId": "9328",
                "LogonId": "0x262837e6",
                "ParentUser": "ELMO\\mrdor",
                "TerminalSessionId": "4"
            },
            "task": "Process Create (rule: ProcessCreate)",
            "provider_guid": "{5770385f-c22a-43e0-bf4c-06f5698ffbd9}",
            "computer_name": "Elmo"
        },
        "host": {
            "name": "Elmo",
            "ip": [
                "fe80::7cd2:efa8:dba2:6fc0",
                "169.254.111.192",
                "fe80::e431:7896:8d85:5aa",
                "172.21.208.1",
                "fe80::48ae:546b:7a20:7f52",
                "172.30.112.1",
                "fe80::bc21:1b56:1d1:4b9f",
                "169.254.75.159",
                "fe80::4807:9ca5:cd67:6ac6",
                "169.254.106.198",
                "fe80::e097:4ef1:6314:5a55",
                "169.254.90.85",
                "fe80::d55:b4a9:26a4:7406",
                "192.168.1.102",
                "fe80::211f:b772:c6da:bfb3",
                "172.27.16.1",
                "fe80::f90c:d738:c01c:abc6",
                "172.28.192.1"
            ]
        }
    },
    "98": {
        "@timestamp": "2022-10-07T09:56:16.567Z",
        "winlog": {
            "provider_name": "Microsoft-Windows-Sysmon",
            "provider_guid": "{5770385f-c22a-43e0-bf4c-06f5698ffbd9}",
            "task": "Process Create (rule: ProcessCreate)",
            "event_data": {
                "OriginalFileName": "git.exe",
                "LogonGuid": "{dd01dab0-b9ee-633f-e637-282600000000}",
                "ProcessGuid": "{dd01dab0-f7c0-633f-734b-010000004600}",
                "Company": "The Git Development Community",
                "ParentUser": "ELMO\\mrdor",
                "RuleName": "-",
                "ProcessId": "3324",
                "User": "ELMO\\mrdor",
                "Image": "C:\\Program Files\\Git\\cmd\\git.exe",
                "LogonId": "0x262837e6",
                "ParentProcessGuid": "{dd01dab0-f7c0-633f-714b-010000004600}",
                "ParentProcessId": "9328",
                "CurrentDirectory": "C:\\Users\\mrdor\\PycharmProjects\\Hunterbee\\",
                "Hashes": "MD5=E87C1D27A0D6D4B36F05407A40418E0D",
                "Description": "Git for Windows",
                "UtcTime": "2022-10-07 09:56:16.565",
                "CommandLine": "\"C:\\Program Files\\Git\\cmd\\git.exe\" -c credential.helper= -c core.quotepath=false -c log.showSignature=false status --porcelain -z --untracked-files=no --ignored=no -- client/tempfiles/Logs/Sysmon/sysmon-logs-10.json client/tempfiles/Logs/Sysmon/sysmon-logs-11.json client/tempfiles/Logs/Sysmon/sysmon-logs-12.json client/tempfiles/Logs/Sysmon/sysmon-logs-13.json client/tempfiles/Logs/Sysmon/sysmon-logs-14.json client/tempfiles/Logs/Sysmon/sysmon-logs-15.json client/tempfiles/Logs/Sysmon/sysmon-logs-16.json client/tempfiles/Logs/Sysmon/sysmon-logs-17.json client/tempfiles/Logs/Sysmon/sysmon-logs-18.json client/tempfiles/Logs/Sysmon/sysmon-logs-19.json client/tempfiles/Logs/Sysmon/sysmon-logs-20.json client/tempfiles/Logs/Sysmon/sysmon-logs-6.json client/tempfiles/Logs/Sysmon/sysmon-logs-7.json client/tempfiles/Logs/Sysmon/sysmon-logs-8.json client/tempfiles/Logs/Sysmon/sysmon-logs-9.json client/tempfiles/Logs/Sysmon/winlogbeat-20221007-21.ndjson client/tempfiles/Logs/Sysmon/winlogbeat-20221007-22.ndjson client/tempfiles/Logs/Sysmon/winlogbeat-20221007-6.ndjson client/tempfiles/Logs/Sysmon/winlogbeat-20221007-7.ndjson client/tempfiles/Logs/Wireshark/wireshark-logs-18.pcap client/tempfiles/Logs/Wireshark/wireshark-logs-19.json client/tempfiles/Logs/Wireshark/wireshark-logs-19.pcap client/tempfiles/Logs/Wireshark/wireshark-logs-20.json client/tempfiles/Logs/Wireshark/wireshark-logs-21.json client/tempfiles/Logs/Wireshark/wireshark-logs-22.json client/tempfiles/Logs/Wireshark/wireshark-logs-23.json client/tempfiles/Logs/Wireshark/wireshark-logs-24.json client/tempfiles/Logs/Wireshark/wireshark-logs-25.json client/tempfiles/Logs/Wireshark/wireshark-logs-26.json client/tempfiles/Logs/Wireshark/wireshark-logs-27.json client/tempfiles/Logs/Wireshark/wireshark-logs-28.json client/tempfiles/Logs/Wireshark/wireshark-logs-29.json client/tempfiles/Logs/Wireshark/wireshark-logs-30.json client/tempfiles/Logs/Wireshark/wireshark-logs-31.json client/tempfiles/Logs/Wireshark/wireshark-logs-32.json client/tempfiles/Logs/Wireshark/wireshark-logs-33.json client/tempfiles/Logs/Wireshark/wireshark-logs-34.json client/tempfiles/Logs/Wireshark/wireshark-logs-35.json client/tempfiles/Logs/Wireshark/wireshark-logs-36.json client/tempfiles/Logs/Wireshark/wireshark-logs-37.json client/tempfiles/Logs/Wireshark/wireshark-logs-38.json client/tempfiles/Logs/Wireshark/wireshark-logs-39.json client/tempfiles/Logs/Wireshark/wireshark-logs-40.json client/tempfiles/Logs/Wireshark/wireshark-logs-41.json client/tempfiles/Logs/Wireshark/wireshark-logs-42.json client/tempfiles/Logs/Wireshark/wireshark-logs-43.json client/tempfiles/Logs/Wireshark/wireshark-logs-44.json client/tempfiles/Logs/Wireshark/wireshark-logs-45.json client/tempfiles/Logs/Wireshark/wireshark-logs-46.json client/tempfiles/Logs/Wireshark/wireshark-logs-47.json client/tempfiles/Logs/Wireshark/wireshark-logs-48.json client/tempfiles/Logs/Wireshark/wireshark-logs-49.json client/tempfiles/Logs/Wireshark/wireshark-logs-50.json client/tempfiles/Logs/Wireshark/wireshark-logs-51.json client/tempfiles/Logs/Wireshark/wireshark-logs-52.json client/tempfiles/Logs/Wireshark/wireshark-logs-53.json client/tempfiles/Logs/Wireshark/wireshark-logs-54.json client/tempfiles/Logs/Wireshark/wireshark-logs-55.json client/tempfiles/Logs/Wireshark/wireshark-logs-56.json client/tempfiles/Logs/Wireshark/wireshark-logs-57.json client/tempfiles/Logs/Wireshark/wireshark-logs-58.json client/tempfiles/Logs/Wireshark/wireshark-logs-59.json client/tempfiles/Logs/Wireshark/wireshark-logs-60.json client/tempfiles/Logs/Wireshark/wireshark-logs-61.json client/tempfiles/Logs/Wireshark/wireshark-logs-62.json client/tempfiles/Logs/Wireshark/wireshark-logs-62.pcap client/tempfiles/Logs/Wireshark/wireshark-logs-63.json client/tempfiles/Logs/Wireshark/wireshark-logs-63.pcap client/tempfiles/Logs/Wireshark/wireshark-logs-64.json client/tempfiles/Logs/Wireshark/wireshark-logs-64.pcap",
                "IntegrityLevel": "High",
                "ParentCommandLine": "\"C:\\Program Files\\JetBrains\\PyCharm 2021.3\\bin\\runnerw.exe\" \"C:\\Program Files\\Git\\cmd\\git.exe\" -c credential.helper= -c core.quotepath=false -c log.showSignature=false status --porcelain -z --untracked-files=no --ignored=no -- client/tempfiles/Logs/Sysmon/sysmon-logs-10.json client/tempfiles/Logs/Sysmon/sysmon-logs-11.json client/tempfiles/Logs/Sysmon/sysmon-logs-12.json client/tempfiles/Logs/Sysmon/sysmon-logs-13.json client/tempfiles/Logs/Sysmon/sysmon-logs-14.json client/tempfiles/Logs/Sysmon/sysmon-logs-15.json client/tempfiles/Logs/Sysmon/sysmon-logs-16.json client/tempfiles/Logs/Sysmon/sysmon-logs-17.json client/tempfiles/Logs/Sysmon/sysmon-logs-18.json client/tempfiles/Logs/Sysmon/sysmon-logs-19.json client/tempfiles/Logs/Sysmon/sysmon-logs-20.json client/tempfiles/Logs/Sysmon/sysmon-logs-6.json client/tempfiles/Logs/Sysmon/sysmon-logs-7.json client/tempfiles/Logs/Sysmon/sysmon-logs-8.json client/tempfiles/Logs/Sysmon/sysmon-logs-9.json client/tempfiles/Logs/Sysmon/winlogbeat-20221007-21.ndjson client/tempfiles/Logs/Sysmon/winlogbeat-20221007-22.ndjson client/tempfiles/Logs/Sysmon/winlogbeat-20221007-6.ndjson client/tempfiles/Logs/Sysmon/winlogbeat-20221007-7.ndjson client/tempfiles/Logs/Wireshark/wireshark-logs-18.pcap client/tempfiles/Logs/Wireshark/wireshark-logs-19.json client/tempfiles/Logs/Wireshark/wireshark-logs-19.pcap client/tempfiles/Logs/Wireshark/wireshark-logs-20.json client/tempfiles/Logs/Wireshark/wireshark-logs-21.json client/tempfiles/Logs/Wireshark/wireshark-logs-22.json client/tempfiles/Logs/Wireshark/wireshark-logs-23.json client/tempfiles/Logs/Wireshark/wireshark-logs-24.json client/tempfiles/Logs/Wireshark/wireshark-logs-25.json client/tempfiles/Logs/Wireshark/wireshark-logs-26.json client/tempfiles/Logs/Wireshark/wireshark-logs-27.json client/tempfiles/Logs/Wireshark/wireshark-logs-28.json client/tempfiles/Logs/Wireshark/wireshark-logs-29.json client/tempfiles/Logs/Wireshark/wireshark-logs-30.json client/tempfiles/Logs/Wireshark/wireshark-logs-31.json client/tempfiles/Logs/Wireshark/wireshark-logs-32.json client/tempfiles/Logs/Wireshark/wireshark-logs-33.json client/tempfiles/Logs/Wireshark/wireshark-logs-34.json client/tempfiles/Logs/Wireshark/wireshark-logs-35.json client/tempfiles/Logs/Wireshark/wireshark-logs-36.json client/tempfiles/Logs/Wireshark/wireshark-logs-37.json client/tempfiles/Logs/Wireshark/wireshark-logs-38.json client/tempfiles/Logs/Wireshark/wireshark-logs-39.json client/tempfiles/Logs/Wireshark/wireshark-logs-40.json client/tempfiles/Logs/Wireshark/wireshark-logs-41.json client/tempfiles/Logs/Wireshark/wireshark-logs-42.json client/tempfiles/Logs/Wireshark/wireshark-logs-43.json client/tempfiles/Logs/Wireshark/wireshark-logs-44.json client/tempfiles/Logs/Wireshark/wireshark-logs-45.json client/tempfiles/Logs/Wireshark/wireshark-logs-46.json client/tempfiles/Logs/Wireshark/wireshark-logs-47.json client/tempfiles/Logs/Wireshark/wireshark-logs-48.json client/tempfiles/Logs/Wireshark/wireshark-logs-49.json client/tempfiles/Logs/Wireshark/wireshark-logs-50.json client/tempfiles/Logs/Wireshark/wireshark-logs-51.json client/tempfiles/Logs/Wireshark/wireshark-logs-52.json client/tempfiles/Logs/Wireshark/wireshark-logs-53.json client/tempfiles/Logs/Wireshark/wireshark-logs-54.json client/tempfiles/Logs/Wireshark/wireshark-logs-55.json client/tempfiles/Logs/Wireshark/wireshark-logs-56.json client/tempfiles/Logs/Wireshark/wireshark-logs-57.json client/tempfiles/Logs/Wireshark/wireshark-logs-58.json client/tempfiles/Logs/Wireshark/wireshark-logs-59.json client/tempfiles/Logs/Wireshark/wireshark-logs-60.json client/tempfiles/Logs/Wireshark/wireshark-logs-61.json client/tempfiles/Logs/Wireshark/wireshark-logs-62.json client/tempfiles/Logs/Wireshark/wireshark-logs-62.pcap client/tempfiles/Logs/Wireshark/wireshark-logs-63.json client/tempfiles/Logs/Wireshark/wireshark-logs-63.pcap client/tempfiles/Logs/Wireshark/wireshark-logs-64.json client/tempfiles/Logs/Wireshark/wireshark-logs-64.pcap",
                "FileVersion": "-",
                "TerminalSessionId": "4",
                "ParentImage": "C:\\Program Files\\JetBrains\\PyCharm 2021.3\\bin\\runnerw.exe",
                "Product": "Git"
            },
            "computer_name": "Elmo"
        },
        "host": {
            "name": "Elmo",
            "ip": [
                "fe80::7cd2:efa8:dba2:6fc0",
                "169.254.111.192",
                "fe80::e431:7896:8d85:5aa",
                "172.21.208.1",
                "fe80::48ae:546b:7a20:7f52",
                "172.30.112.1",
                "fe80::bc21:1b56:1d1:4b9f",
                "169.254.75.159",
                "fe80::4807:9ca5:cd67:6ac6",
                "169.254.106.198",
                "fe80::e097:4ef1:6314:5a55",
                "169.254.90.85",
                "fe80::d55:b4a9:26a4:7406",
                "192.168.1.102",
                "fe80::211f:b772:c6da:bfb3",
                "172.27.16.1",
                "fe80::f90c:d738:c01c:abc6",
                "172.28.192.1"
            ]
        }
    },
    "99": {
        "@timestamp": "2022-10-07T09:56:16.578Z",
        "host": {
            "name": "Elmo",
            "ip": [
                "fe80::7cd2:efa8:dba2:6fc0",
                "169.254.111.192",
                "fe80::e431:7896:8d85:5aa",
                "172.21.208.1",
                "fe80::48ae:546b:7a20:7f52",
                "172.30.112.1",
                "fe80::bc21:1b56:1d1:4b9f",
                "169.254.75.159",
                "fe80::4807:9ca5:cd67:6ac6",
                "169.254.106.198",
                "fe80::e097:4ef1:6314:5a55",
                "169.254.90.85",
                "fe80::d55:b4a9:26a4:7406",
                "192.168.1.102",
                "fe80::211f:b772:c6da:bfb3",
                "172.27.16.1",
                "fe80::f90c:d738:c01c:abc6",
                "172.28.192.1"
            ]
        },
        "winlog": {
            "event_data": {
                "LogonGuid": "{dd01dab0-b9ee-633f-e637-282600000000}",
                "Company": "The Git Development Community",
                "OriginalFileName": "git.exe",
                "Description": "Git for Windows",
                "Image": "C:\\Program Files\\Git\\mingw64\\bin\\git.exe",
                "TerminalSessionId": "4",
                "CurrentDirectory": "C:\\Users\\mrdor\\PycharmProjects\\Hunterbee\\",
                "User": "ELMO\\mrdor",
                "ParentUser": "ELMO\\mrdor",
                "Product": "Git",
                "Hashes": "MD5=A521A4389F01D81C4E78C9129EB36D48",
                "FileVersion": "-",
                "CommandLine": "git.exe -c credential.helper= -c core.quotepath=false -c log.showSignature=false status --porcelain -z --untracked-files=no --ignored=no -- client/tempfiles/Logs/Sysmon/sysmon-logs-10.json client/tempfiles/Logs/Sysmon/sysmon-logs-11.json client/tempfiles/Logs/Sysmon/sysmon-logs-12.json client/tempfiles/Logs/Sysmon/sysmon-logs-13.json client/tempfiles/Logs/Sysmon/sysmon-logs-14.json client/tempfiles/Logs/Sysmon/sysmon-logs-15.json client/tempfiles/Logs/Sysmon/sysmon-logs-16.json client/tempfiles/Logs/Sysmon/sysmon-logs-17.json client/tempfiles/Logs/Sysmon/sysmon-logs-18.json client/tempfiles/Logs/Sysmon/sysmon-logs-19.json client/tempfiles/Logs/Sysmon/sysmon-logs-20.json client/tempfiles/Logs/Sysmon/sysmon-logs-6.json client/tempfiles/Logs/Sysmon/sysmon-logs-7.json client/tempfiles/Logs/Sysmon/sysmon-logs-8.json client/tempfiles/Logs/Sysmon/sysmon-logs-9.json client/tempfiles/Logs/Sysmon/winlogbeat-20221007-21.ndjson client/tempfiles/Logs/Sysmon/winlogbeat-20221007-22.ndjson client/tempfiles/Logs/Sysmon/winlogbeat-20221007-6.ndjson client/tempfiles/Logs/Sysmon/winlogbeat-20221007-7.ndjson client/tempfiles/Logs/Wireshark/wireshark-logs-18.pcap client/tempfiles/Logs/Wireshark/wireshark-logs-19.json client/tempfiles/Logs/Wireshark/wireshark-logs-19.pcap client/tempfiles/Logs/Wireshark/wireshark-logs-20.json client/tempfiles/Logs/Wireshark/wireshark-logs-21.json client/tempfiles/Logs/Wireshark/wireshark-logs-22.json client/tempfiles/Logs/Wireshark/wireshark-logs-23.json client/tempfiles/Logs/Wireshark/wireshark-logs-24.json client/tempfiles/Logs/Wireshark/wireshark-logs-25.json client/tempfiles/Logs/Wireshark/wireshark-logs-26.json client/tempfiles/Logs/Wireshark/wireshark-logs-27.json client/tempfiles/Logs/Wireshark/wireshark-logs-28.json client/tempfiles/Logs/Wireshark/wireshark-logs-29.json client/tempfiles/Logs/Wireshark/wireshark-logs-30.json client/tempfiles/Logs/Wireshark/wireshark-logs-31.json client/tempfiles/Logs/Wireshark/wireshark-logs-32.json client/tempfiles/Logs/Wireshark/wireshark-logs-33.json client/tempfiles/Logs/Wireshark/wireshark-logs-34.json client/tempfiles/Logs/Wireshark/wireshark-logs-35.json client/tempfiles/Logs/Wireshark/wireshark-logs-36.json client/tempfiles/Logs/Wireshark/wireshark-logs-37.json client/tempfiles/Logs/Wireshark/wireshark-logs-38.json client/tempfiles/Logs/Wireshark/wireshark-logs-39.json client/tempfiles/Logs/Wireshark/wireshark-logs-40.json client/tempfiles/Logs/Wireshark/wireshark-logs-41.json client/tempfiles/Logs/Wireshark/wireshark-logs-42.json client/tempfiles/Logs/Wireshark/wireshark-logs-43.json client/tempfiles/Logs/Wireshark/wireshark-logs-44.json client/tempfiles/Logs/Wireshark/wireshark-logs-45.json client/tempfiles/Logs/Wireshark/wireshark-logs-46.json client/tempfiles/Logs/Wireshark/wireshark-logs-47.json client/tempfiles/Logs/Wireshark/wireshark-logs-48.json client/tempfiles/Logs/Wireshark/wireshark-logs-49.json client/tempfiles/Logs/Wireshark/wireshark-logs-50.json client/tempfiles/Logs/Wireshark/wireshark-logs-51.json client/tempfiles/Logs/Wireshark/wireshark-logs-52.json client/tempfiles/Logs/Wireshark/wireshark-logs-53.json client/tempfiles/Logs/Wireshark/wireshark-logs-54.json client/tempfiles/Logs/Wireshark/wireshark-logs-55.json client/tempfiles/Logs/Wireshark/wireshark-logs-56.json client/tempfiles/Logs/Wireshark/wireshark-logs-57.json client/tempfiles/Logs/Wireshark/wireshark-logs-58.json client/tempfiles/Logs/Wireshark/wireshark-logs-59.json client/tempfiles/Logs/Wireshark/wireshark-logs-60.json client/tempfiles/Logs/Wireshark/wireshark-logs-61.json client/tempfiles/Logs/Wireshark/wireshark-logs-62.json client/tempfiles/Logs/Wireshark/wireshark-logs-62.pcap client/tempfiles/Logs/Wireshark/wireshark-logs-63.json client/tempfiles/Logs/Wireshark/wireshark-logs-63.pcap client/tempfiles/Logs/Wireshark/wireshark-logs-64.json client/tempfiles/Logs/Wireshark/wireshark-logs-64.pcap",
                "LogonId": "0x262837e6",
                "IntegrityLevel": "High",
                "ParentCommandLine": "\"C:\\Program Files\\Git\\cmd\\git.exe\" -c credential.helper= -c core.quotepath=false -c log.showSignature=false status --porcelain -z --untracked-files=no --ignored=no -- client/tempfiles/Logs/Sysmon/sysmon-logs-10.json client/tempfiles/Logs/Sysmon/sysmon-logs-11.json client/tempfiles/Logs/Sysmon/sysmon-logs-12.json client/tempfiles/Logs/Sysmon/sysmon-logs-13.json client/tempfiles/Logs/Sysmon/sysmon-logs-14.json client/tempfiles/Logs/Sysmon/sysmon-logs-15.json client/tempfiles/Logs/Sysmon/sysmon-logs-16.json client/tempfiles/Logs/Sysmon/sysmon-logs-17.json client/tempfiles/Logs/Sysmon/sysmon-logs-18.json client/tempfiles/Logs/Sysmon/sysmon-logs-19.json client/tempfiles/Logs/Sysmon/sysmon-logs-20.json client/tempfiles/Logs/Sysmon/sysmon-logs-6.json client/tempfiles/Logs/Sysmon/sysmon-logs-7.json client/tempfiles/Logs/Sysmon/sysmon-logs-8.json client/tempfiles/Logs/Sysmon/sysmon-logs-9.json client/tempfiles/Logs/Sysmon/winlogbeat-20221007-21.ndjson client/tempfiles/Logs/Sysmon/winlogbeat-20221007-22.ndjson client/tempfiles/Logs/Sysmon/winlogbeat-20221007-6.ndjson client/tempfiles/Logs/Sysmon/winlogbeat-20221007-7.ndjson client/tempfiles/Logs/Wireshark/wireshark-logs-18.pcap client/tempfiles/Logs/Wireshark/wireshark-logs-19.json client/tempfiles/Logs/Wireshark/wireshark-logs-19.pcap client/tempfiles/Logs/Wireshark/wireshark-logs-20.json client/tempfiles/Logs/Wireshark/wireshark-logs-21.json client/tempfiles/Logs/Wireshark/wireshark-logs-22.json client/tempfiles/Logs/Wireshark/wireshark-logs-23.json client/tempfiles/Logs/Wireshark/wireshark-logs-24.json client/tempfiles/Logs/Wireshark/wireshark-logs-25.json client/tempfiles/Logs/Wireshark/wireshark-logs-26.json client/tempfiles/Logs/Wireshark/wireshark-logs-27.json client/tempfiles/Logs/Wireshark/wireshark-logs-28.json client/tempfiles/Logs/Wireshark/wireshark-logs-29.json client/tempfiles/Logs/Wireshark/wireshark-logs-30.json client/tempfiles/Logs/Wireshark/wireshark-logs-31.json client/tempfiles/Logs/Wireshark/wireshark-logs-32.json client/tempfiles/Logs/Wireshark/wireshark-logs-33.json client/tempfiles/Logs/Wireshark/wireshark-logs-34.json client/tempfiles/Logs/Wireshark/wireshark-logs-35.json client/tempfiles/Logs/Wireshark/wireshark-logs-36.json client/tempfiles/Logs/Wireshark/wireshark-logs-37.json client/tempfiles/Logs/Wireshark/wireshark-logs-38.json client/tempfiles/Logs/Wireshark/wireshark-logs-39.json client/tempfiles/Logs/Wireshark/wireshark-logs-40.json client/tempfiles/Logs/Wireshark/wireshark-logs-41.json client/tempfiles/Logs/Wireshark/wireshark-logs-42.json client/tempfiles/Logs/Wireshark/wireshark-logs-43.json client/tempfiles/Logs/Wireshark/wireshark-logs-44.json client/tempfiles/Logs/Wireshark/wireshark-logs-45.json client/tempfiles/Logs/Wireshark/wireshark-logs-46.json client/tempfiles/Logs/Wireshark/wireshark-logs-47.json client/tempfiles/Logs/Wireshark/wireshark-logs-48.json client/tempfiles/Logs/Wireshark/wireshark-logs-49.json client/tempfiles/Logs/Wireshark/wireshark-logs-50.json client/tempfiles/Logs/Wireshark/wireshark-logs-51.json client/tempfiles/Logs/Wireshark/wireshark-logs-52.json client/tempfiles/Logs/Wireshark/wireshark-logs-53.json client/tempfiles/Logs/Wireshark/wireshark-logs-54.json client/tempfiles/Logs/Wireshark/wireshark-logs-55.json client/tempfiles/Logs/Wireshark/wireshark-logs-56.json client/tempfiles/Logs/Wireshark/wireshark-logs-57.json client/tempfiles/Logs/Wireshark/wireshark-logs-58.json client/tempfiles/Logs/Wireshark/wireshark-logs-59.json client/tempfiles/Logs/Wireshark/wireshark-logs-60.json client/tempfiles/Logs/Wireshark/wireshark-logs-61.json client/tempfiles/Logs/Wireshark/wireshark-logs-62.json client/tempfiles/Logs/Wireshark/wireshark-logs-62.pcap client/tempfiles/Logs/Wireshark/wireshark-logs-63.json client/tempfiles/Logs/Wireshark/wireshark-logs-63.pcap client/tempfiles/Logs/Wireshark/wireshark-logs-64.json client/tempfiles/Logs/Wireshark/wireshark-logs-64.pcap",
                "ProcessGuid": "{dd01dab0-f7c0-633f-744b-010000004600}",
                "UtcTime": "2022-10-07 09:56:16.576",
                "ParentProcessGuid": "{dd01dab0-f7c0-633f-734b-010000004600}",
                "ParentProcessId": "3324",
                "ParentImage": "C:\\Program Files\\Git\\cmd\\git.exe",
                "RuleName": "-",
                "ProcessId": "17228"
            },
            "task": "Process Create (rule: ProcessCreate)",
            "computer_name": "Elmo",
            "provider_guid": "{5770385f-c22a-43e0-bf4c-06f5698ffbd9}",
            "provider_name": "Microsoft-Windows-Sysmon"
        }
    },
    "100": {
        "@timestamp": "2022-10-07T09:56:16.908Z",
        "host": {
            "name": "Elmo",
            "ip": [
                "fe80::7cd2:efa8:dba2:6fc0",
                "169.254.111.192",
                "fe80::e431:7896:8d85:5aa",
                "172.21.208.1",
                "fe80::48ae:546b:7a20:7f52",
                "172.30.112.1",
                "fe80::bc21:1b56:1d1:4b9f",
                "169.254.75.159",
                "fe80::4807:9ca5:cd67:6ac6",
                "169.254.106.198",
                "fe80::e097:4ef1:6314:5a55",
                "169.254.90.85",
                "fe80::d55:b4a9:26a4:7406",
                "192.168.1.102",
                "fe80::211f:b772:c6da:bfb3",
                "172.27.16.1",
                "fe80::f90c:d738:c01c:abc6",
                "172.28.192.1"
            ]
        },
        "winlog": {
            "task": "Process Create (rule: ProcessCreate)",
            "computer_name": "Elmo",
            "event_data": {
                "Product": "Dumpcap",
                "CommandLine": "\"C:/Program Files/Wireshark/dumpcap.exe\" -q -i Wi-Fi -w -",
                "LogonId": "0x262837e6",
                "OriginalFileName": "Dumpcap.exe",
                "ParentImage": "C:\\Users\\mrdor\\AppData\\Local\\Programs\\Python\\Python39\\python.exe",
                "Image": "C:\\Program Files\\Wireshark\\dumpcap.exe",
                "FileVersion": "3.6.2",
                "UtcTime": "2022-10-07 09:56:16.905",
                "IntegrityLevel": "High",
                "CurrentDirectory": "C:\\Users\\mrdor\\PycharmProjects\\Hunterbee\\client\\wireshark\\",
                "User": "ELMO\\mrdor",
                "TerminalSessionId": "4",
                "ProcessGuid": "{dd01dab0-f7c0-633f-754b-010000004600}",
                "Description": "Dumpcap",
                "ParentUser": "ELMO\\mrdor",
                "ParentCommandLine": "C:\\Users\\mrdor\\AppData\\Local\\Programs\\Python\\Python39\\python.exe C:/Users/mrdor/PycharmProjects/Hunterbee/client/wireshark/wireshark_interface.py",
                "LogonGuid": "{dd01dab0-b9ee-633f-e637-282600000000}",
                "ParentProcessId": "22388",
                "Company": "The Wireshark developer community",
                "Hashes": "MD5=A85C48F3129B10CF5593FBF3B02836FF",
                "ParentProcessGuid": "{dd01dab0-f517-633f-4847-010000004600}",
                "RuleName": "-",
                "ProcessId": "6768"
            },
            "provider_guid": "{5770385f-c22a-43e0-bf4c-06f5698ffbd9}",
            "provider_name": "Microsoft-Windows-Sysmon"
        }
    },
    "101": {
        "@timestamp": "2022-10-07T09:56:16.920Z",
        "winlog": {
            "task": "Process Create (rule: ProcessCreate)",
            "computer_name": "Elmo",
            "event_data": {
                "LogonGuid": "{dd01dab0-b9ee-633f-e637-282600000000}",
                "UtcTime": "2022-10-07 09:56:16.917",
                "LogonId": "0x262837e6",
                "TerminalSessionId": "4",
                "ProcessGuid": "{dd01dab0-f7c0-633f-764b-010000004600}",
                "ParentUser": "ELMO\\mrdor",
                "User": "ELMO\\mrdor",
                "ParentProcessGuid": "{dd01dab0-f517-633f-4847-010000004600}",
                "RuleName": "-",
                "ProcessId": "7832",
                "IntegrityLevel": "High",
                "Hashes": "MD5=2C7476F44C33FE4FE26600AE7AE3900D",
                "OriginalFileName": "TShark.exe",
                "ParentImage": "C:\\Users\\mrdor\\AppData\\Local\\Programs\\Python\\Python39\\python.exe",
                "Company": "The Wireshark developer community",
                "CurrentDirectory": "C:\\Users\\mrdor\\PycharmProjects\\Hunterbee\\client\\wireshark\\",
                "FileVersion": "3.6.2",
                "ParentCommandLine": "C:\\Users\\mrdor\\AppData\\Local\\Programs\\Python\\Python39\\python.exe C:/Users/mrdor/PycharmProjects/Hunterbee/client/wireshark/wireshark_interface.py",
                "Description": "TShark",
                "ParentProcessId": "22388",
                "Image": "C:\\Program Files\\Wireshark\\tshark.exe",
                "CommandLine": "\"C:/Program Files/Wireshark/tshark.exe\" -D",
                "Product": "TShark"
            },
            "provider_guid": "{5770385f-c22a-43e0-bf4c-06f5698ffbd9}",
            "provider_name": "Microsoft-Windows-Sysmon"
        },
        "host": {
            "name": "Elmo",
            "ip": [
                "fe80::7cd2:efa8:dba2:6fc0",
                "169.254.111.192",
                "fe80::e431:7896:8d85:5aa",
                "172.21.208.1",
                "fe80::48ae:546b:7a20:7f52",
                "172.30.112.1",
                "fe80::bc21:1b56:1d1:4b9f",
                "169.254.75.159",
                "fe80::4807:9ca5:cd67:6ac6",
                "169.254.106.198",
                "fe80::e097:4ef1:6314:5a55",
                "169.254.90.85",
                "fe80::d55:b4a9:26a4:7406",
                "192.168.1.102",
                "fe80::211f:b772:c6da:bfb3",
                "172.27.16.1",
                "fe80::f90c:d738:c01c:abc6",
                "172.28.192.1"
            ]
        }
    },
    "102": {
        "@timestamp": "2022-10-07T09:56:17.346Z",
        "host": {
            "name": "Elmo",
            "ip": [
                "fe80::7cd2:efa8:dba2:6fc0",
                "169.254.111.192",
                "fe80::e431:7896:8d85:5aa",
                "172.21.208.1",
                "fe80::48ae:546b:7a20:7f52",
                "172.30.112.1",
                "fe80::bc21:1b56:1d1:4b9f",
                "169.254.75.159",
                "fe80::4807:9ca5:cd67:6ac6",
                "169.254.106.198",
                "fe80::e097:4ef1:6314:5a55",
                "169.254.90.85",
                "fe80::d55:b4a9:26a4:7406",
                "192.168.1.102",
                "fe80::211f:b772:c6da:bfb3",
                "172.27.16.1",
                "fe80::f90c:d738:c01c:abc6",
                "172.28.192.1"
            ]
        },
        "winlog": {
            "provider_name": "Microsoft-Windows-Sysmon",
            "task": "Process Create (rule: ProcessCreate)",
            "event_data": {
                "CommandLine": "\"C:\\Program Files\\Wireshark\\dumpcap.exe\" -D -Z none",
                "ParentImage": "C:\\Program Files\\Wireshark\\tshark.exe",
                "RuleName": "-",
                "LogonGuid": "{dd01dab0-b9ee-633f-e637-282600000000}",
                "Description": "Dumpcap",
                "User": "ELMO\\mrdor",
                "TerminalSessionId": "4",
                "CurrentDirectory": "C:\\Users\\mrdor\\PycharmProjects\\Hunterbee\\client\\wireshark\\",
                "FileVersion": "3.6.2",
                "OriginalFileName": "Dumpcap.exe",
                "ParentProcessId": "7832",
                "ParentCommandLine": "\"C:/Program Files/Wireshark/tshark.exe\" -D",
                "ProcessId": "10932",
                "Product": "Dumpcap",
                "ProcessGuid": "{dd01dab0-f7c1-633f-774b-010000004600}",
                "Image": "C:\\Program Files\\Wireshark\\dumpcap.exe",
                "Hashes": "MD5=A85C48F3129B10CF5593FBF3B02836FF",
                "ParentUser": "ELMO\\mrdor",
                "IntegrityLevel": "High",
                "Company": "The Wireshark developer community",
                "UtcTime": "2022-10-07 09:56:17.344",
                "LogonId": "0x262837e6",
                "ParentProcessGuid": "{dd01dab0-f7c0-633f-764b-010000004600}"
            },
            "provider_guid": "{5770385f-c22a-43e0-bf4c-06f5698ffbd9}",
            "computer_name": "Elmo"
        }
    },
    "103": {
        "@timestamp": "2022-10-07T09:56:17.516Z",
        "winlog": {
            "computer_name": "Elmo",
            "event_data": {
                "Hashes": "MD5=2C7476F44C33FE4FE26600AE7AE3900D",
                "ProcessId": "19068",
                "ProcessGuid": "{dd01dab0-f7c1-633f-794b-010000004600}",
                "TerminalSessionId": "4",
                "User": "ELMO\\mrdor",
                "ParentCommandLine": "C:\\Users\\mrdor\\AppData\\Local\\Programs\\Python\\Python39\\python.exe C:/Users/mrdor/PycharmProjects/Hunterbee/client/wireshark/wireshark_interface.py",
                "CommandLine": "\"C:/Program Files/Wireshark/tshark.exe\" -l -n -T pdml -c 25 -w C:/Users/mrdor/PycharmProjects/Hunterbee/client/tempfiles/Logs/Wireshark/wireshark-logs-65.pcap -i -",
                "ParentUser": "ELMO\\mrdor",
                "LogonId": "0x262837e6",
                "LogonGuid": "{dd01dab0-b9ee-633f-e637-282600000000}",
                "UtcTime": "2022-10-07 09:56:17.513",
                "ParentProcessGuid": "{dd01dab0-f517-633f-4847-010000004600}",
                "RuleName": "-",
                "ParentProcessId": "22388",
                "Company": "The Wireshark developer community",
                "ParentImage": "C:\\Users\\mrdor\\AppData\\Local\\Programs\\Python\\Python39\\python.exe",
                "Description": "TShark",
                "Product": "TShark",
                "OriginalFileName": "TShark.exe",
                "CurrentDirectory": "C:\\Users\\mrdor\\PycharmProjects\\Hunterbee\\client\\wireshark\\",
                "Image": "C:\\Program Files\\Wireshark\\tshark.exe",
                "FileVersion": "3.6.2",
                "IntegrityLevel": "High"
            },
            "provider_name": "Microsoft-Windows-Sysmon",
            "provider_guid": "{5770385f-c22a-43e0-bf4c-06f5698ffbd9}",
            "task": "Process Create (rule: ProcessCreate)"
        },
        "host": {
            "name": "Elmo",
            "ip": [
                "fe80::7cd2:efa8:dba2:6fc0",
                "169.254.111.192",
                "fe80::e431:7896:8d85:5aa",
                "172.21.208.1",
                "fe80::48ae:546b:7a20:7f52",
                "172.30.112.1",
                "fe80::bc21:1b56:1d1:4b9f",
                "169.254.75.159",
                "fe80::4807:9ca5:cd67:6ac6",
                "169.254.106.198",
                "fe80::e097:4ef1:6314:5a55",
                "169.254.90.85",
                "fe80::d55:b4a9:26a4:7406",
                "192.168.1.102",
                "fe80::211f:b772:c6da:bfb3",
                "172.27.16.1",
                "fe80::f90c:d738:c01c:abc6",
                "172.28.192.1"
            ]
        }
    },
    "104": {
        "@timestamp": "2022-10-07T09:56:17.647Z",
        "host": {
            "name": "Elmo",
            "ip": [
                "fe80::7cd2:efa8:dba2:6fc0",
                "169.254.111.192",
                "fe80::e431:7896:8d85:5aa",
                "172.21.208.1",
                "fe80::48ae:546b:7a20:7f52",
                "172.30.112.1",
                "fe80::bc21:1b56:1d1:4b9f",
                "169.254.75.159",
                "fe80::4807:9ca5:cd67:6ac6",
                "169.254.106.198",
                "fe80::e097:4ef1:6314:5a55",
                "169.254.90.85",
                "fe80::d55:b4a9:26a4:7406",
                "192.168.1.102",
                "fe80::211f:b772:c6da:bfb3",
                "172.27.16.1",
                "fe80::f90c:d738:c01c:abc6",
                "172.28.192.1"
            ]
        },
        "winlog": {
            "provider_name": "Microsoft-Windows-Sysmon",
            "computer_name": "Elmo",
            "provider_guid": "{5770385f-c22a-43e0-bf4c-06f5698ffbd9}",
            "event_data": {
                "ProcessId": "13968",
                "LogonId": "0x262837e6",
                "OriginalFileName": "py.exe",
                "User": "ELMO\\mrdor",
                "ProcessGuid": "{dd01dab0-f7c1-633f-7a4b-010000004600}",
                "FileVersion": "3.9.7",
                "ParentUser": "ELMO\\mrdor",
                "Product": "Python",
                "IntegrityLevel": "High",
                "ParentCommandLine": "\"C:\\Program Files\\JetBrains\\PyCharm 2021.3\\bin\\pycharm64.exe\" ",
                "LogonGuid": "{dd01dab0-b9ee-633f-e637-282600000000}",
                "Description": "Python",
                "CommandLine": "C:\\Users\\mrdor\\PycharmProjects\\Hunterbee\\venv\\Scripts\\python.exe \"C:\\Program Files\\JetBrains\\PyCharm 2021.3\\plugins\\python\\helpers\\pycodestyle.py\" --max-line-length=120 -",
                "CurrentDirectory": "C:\\Users\\mrdor\\PycharmProjects\\Hunterbee\\venv\\Scripts\\",
                "Hashes": "MD5=D59663B8D5F110F55EC5507C8DFDCC82",
                "Company": "Python Software Foundation",
                "ParentProcessId": "18532",
                "RuleName": "-",
                "ParentProcessGuid": "{dd01dab0-e463-633f-c137-010000004600}",
                "Image": "C:\\Users\\mrdor\\PycharmProjects\\Hunterbee\\venv\\Scripts\\python.exe",
                "ParentImage": "C:\\Program Files\\JetBrains\\PyCharm 2021.3\\bin\\pycharm64.exe",
                "TerminalSessionId": "4",
                "UtcTime": "2022-10-07 09:56:17.645"
            },
            "task": "Process Create (rule: ProcessCreate)"
        }
    },
    "105": {
        "@timestamp": "2022-10-07T09:56:17.678Z",
        "host": {
            "ip": [
                "fe80::7cd2:efa8:dba2:6fc0",
                "169.254.111.192",
                "fe80::e431:7896:8d85:5aa",
                "172.21.208.1",
                "fe80::48ae:546b:7a20:7f52",
                "172.30.112.1",
                "fe80::bc21:1b56:1d1:4b9f",
                "169.254.75.159",
                "fe80::4807:9ca5:cd67:6ac6",
                "169.254.106.198",
                "fe80::e097:4ef1:6314:5a55",
                "169.254.90.85",
                "fe80::d55:b4a9:26a4:7406",
                "192.168.1.102",
                "fe80::211f:b772:c6da:bfb3",
                "172.27.16.1",
                "fe80::f90c:d738:c01c:abc6",
                "172.28.192.1"
            ],
            "name": "Elmo"
        },
        "winlog": {
            "task": "Process Create (rule: ProcessCreate)",
            "computer_name": "Elmo",
            "provider_guid": "{5770385f-c22a-43e0-bf4c-06f5698ffbd9}",
            "provider_name": "Microsoft-Windows-Sysmon",
            "event_data": {
                "LogonGuid": "{dd01dab0-b9ee-633f-e637-282600000000}",
                "LogonId": "0x262837e6",
                "CurrentDirectory": "C:\\Users\\mrdor\\PycharmProjects\\Hunterbee\\venv\\Scripts\\",
                "ParentUser": "ELMO\\mrdor",
                "TerminalSessionId": "4",
                "OriginalFileName": "python.exe",
