                "ProcessGuid": "{dd01dab0-f76b-633f-784a-010000004600}",
                "Description": "TShark",
                "ParentProcessGuid": "{dd01dab0-f517-633f-4847-010000004600}",
                "Image": "C:\\Program Files\\Wireshark\\tshark.exe",
                "IntegrityLevel": "High",
                "CommandLine": "\"C:/Program Files/Wireshark/tshark.exe\" -D",
                "ParentImage": "C:\\Users\\mrdor\\AppData\\Local\\Programs\\Python\\Python39\\python.exe",
                "ParentCommandLine": "C:\\Users\\mrdor\\AppData\\Local\\Programs\\Python\\Python39\\python.exe C:/Users/mrdor/PycharmProjects/Hunterbee/client/wireshark/wireshark_interface.py",
                "ParentUser": "ELMO\\mrdor",
                "UtcTime": "2022-10-07 09:54:51.384",
                "OriginalFileName": "TShark.exe",
                "ParentProcessId": "22388",
                "RuleName": "-",
                "TerminalSessionId": "4",
                "Company": "The Wireshark developer community"
            },
            "provider_name": "Microsoft-Windows-Sysmon",
            "computer_name": "Elmo",
            "provider_guid": "{5770385f-c22a-43e0-bf4c-06f5698ffbd9}",
            "task": "Process Create (rule: ProcessCreate)"
        },
        "host": {
            "name": "Elmo",
            "ip": [
                "fe80::7cd2:efa8:dba2:6fc0",
                "169.254.111.192",
                "fe80::e431:7896:8d85:5aa",
                "172.21.208.1",
                "fe80::48ae:546b:7a20:7f52",
                "172.30.112.1",
                "fe80::bc21:1b56:1d1:4b9f",
                "169.254.75.159",
                "fe80::4807:9ca5:cd67:6ac6",
                "169.254.106.198",
                "fe80::e097:4ef1:6314:5a55",
                "169.254.90.85",
                "fe80::d55:b4a9:26a4:7406",
                "192.168.1.102",
                "fe80::211f:b772:c6da:bfb3",
                "172.27.16.1",
                "fe80::f90c:d738:c01c:abc6",
                "172.28.192.1"
            ]
        }
    },
    "265": {
        "@timestamp": "2022-10-07T09:54:51.602Z",
        "winlog": {
            "computer_name": "Elmo",
            "provider_name": "Microsoft-Windows-Sysmon",
            "task": "Process Create (rule: ProcessCreate)",
            "event_data": {
                "TerminalSessionId": "4",
                "UtcTime": "2022-10-07 09:54:51.600",
                "OriginalFileName": "Dumpcap.exe",
                "CurrentDirectory": "C:\\Users\\mrdor\\PycharmProjects\\Hunterbee\\client\\wireshark\\",
                "FileVersion": "3.6.2",
                "Description": "Dumpcap",
                "ParentProcessGuid": "{dd01dab0-f76b-633f-784a-010000004600}",
                "LogonGuid": "{dd01dab0-b9ee-633f-e637-282600000000}",
                "LogonId": "0x262837e6",
                "Company": "The Wireshark developer community",
                "ParentProcessId": "23268",
                "User": "ELMO\\mrdor",
                "ParentImage": "C:\\Program Files\\Wireshark\\tshark.exe",
                "ProcessGuid": "{dd01dab0-f76b-633f-794a-010000004600}",
                "Product": "Dumpcap",
                "ParentCommandLine": "\"C:/Program Files/Wireshark/tshark.exe\" -D",
                "Hashes": "MD5=A85C48F3129B10CF5593FBF3B02836FF",
                "RuleName": "-",
                "Image": "C:\\Program Files\\Wireshark\\dumpcap.exe",
                "ParentUser": "ELMO\\mrdor",
                "ProcessId": "1192",
                "IntegrityLevel": "High",
                "CommandLine": "\"C:\\Program Files\\Wireshark\\dumpcap.exe\" -D -Z none"
            },
            "provider_guid": "{5770385f-c22a-43e0-bf4c-06f5698ffbd9}"
        },
        "host": {
            "name": "Elmo",
            "ip": [
                "fe80::7cd2:efa8:dba2:6fc0",
                "169.254.111.192",
                "fe80::e431:7896:8d85:5aa",
                "172.21.208.1",
                "fe80::48ae:546b:7a20:7f52",
                "172.30.112.1",
                "fe80::bc21:1b56:1d1:4b9f",
                "169.254.75.159",
                "fe80::4807:9ca5:cd67:6ac6",
                "169.254.106.198",
                "fe80::e097:4ef1:6314:5a55",
                "169.254.90.85",
                "fe80::d55:b4a9:26a4:7406",
                "192.168.1.102",
                "fe80::211f:b772:c6da:bfb3",
                "172.27.16.1",
                "fe80::f90c:d738:c01c:abc6",
                "172.28.192.1"
            ]
        }
    },
    "266": {
        "@timestamp": "2022-10-07T09:54:51.740Z",
        "host": {
            "ip": [
                "fe80::7cd2:efa8:dba2:6fc0",
                "169.254.111.192",
                "fe80::e431:7896:8d85:5aa",
                "172.21.208.1",
                "fe80::48ae:546b:7a20:7f52",
                "172.30.112.1",
                "fe80::bc21:1b56:1d1:4b9f",
                "169.254.75.159",
                "fe80::4807:9ca5:cd67:6ac6",
                "169.254.106.198",
                "fe80::e097:4ef1:6314:5a55",
                "169.254.90.85",
                "fe80::d55:b4a9:26a4:7406",
                "192.168.1.102",
                "fe80::211f:b772:c6da:bfb3",
                "172.27.16.1",
                "fe80::f90c:d738:c01c:abc6",
                "172.28.192.1"
            ],
            "name": "Elmo"
        },
        "winlog": {
            "task": "Process Create (rule: ProcessCreate)",
            "event_data": {
                "Image": "C:\\Program Files\\Wireshark\\tshark.exe",
                "ParentImage": "C:\\Users\\mrdor\\AppData\\Local\\Programs\\Python\\Python39\\python.exe",
                "FileVersion": "3.6.2",
                "LogonGuid": "{dd01dab0-b9ee-633f-e637-282600000000}",
                "Product": "TShark",
                "User": "ELMO\\mrdor",
                "Hashes": "MD5=2C7476F44C33FE4FE26600AE7AE3900D",
                "ParentProcessGuid": "{dd01dab0-f517-633f-4847-010000004600}",
                "CommandLine": "\"C:/Program Files/Wireshark/tshark.exe\" -v",
                "TerminalSessionId": "4",
                "ParentCommandLine": "C:\\Users\\mrdor\\AppData\\Local\\Programs\\Python\\Python39\\python.exe C:/Users/mrdor/PycharmProjects/Hunterbee/client/wireshark/wireshark_interface.py",
                "UtcTime": "2022-10-07 09:54:51.738",
                "ProcessGuid": "{dd01dab0-f76b-633f-7b4a-010000004600}",
                "CurrentDirectory": "C:\\Users\\mrdor\\PycharmProjects\\Hunterbee\\client\\wireshark\\",
                "ParentProcessId": "22388",
                "ParentUser": "ELMO\\mrdor",
                "OriginalFileName": "TShark.exe",
                "IntegrityLevel": "High",
                "Description": "TShark",
                "LogonId": "0x262837e6",
                "ProcessId": "17220",
                "Company": "The Wireshark developer community",
                "RuleName": "-"
            },
            "provider_name": "Microsoft-Windows-Sysmon",
            "provider_guid": "{5770385f-c22a-43e0-bf4c-06f5698ffbd9}",
            "computer_name": "Elmo"
        }
    },
    "267": {
        "@timestamp": "2022-10-07T09:54:51.977Z",
        "winlog": {
            "computer_name": "Elmo",
            "provider_guid": "{5770385f-c22a-43e0-bf4c-06f5698ffbd9}",
            "task": "Process Create (rule: ProcessCreate)",
            "event_data": {
                "IntegrityLevel": "High",
                "User": "ELMO\\mrdor",
                "ParentCommandLine": "C:\\Users\\mrdor\\AppData\\Local\\Programs\\Python\\Python39\\python.exe C:/Users/mrdor/PycharmProjects/Hunterbee/client/wireshark/wireshark_interface.py",
                "ProcessGuid": "{dd01dab0-f76b-633f-7c4a-010000004600}",
                "CommandLine": "\"C:/Program Files/Wireshark/dumpcap.exe\" -q -i Wi-Fi -w -",
                "UtcTime": "2022-10-07 09:54:51.976",
                "CurrentDirectory": "C:\\Users\\mrdor\\PycharmProjects\\Hunterbee\\client\\wireshark\\",
                "TerminalSessionId": "4",
                "Product": "Dumpcap",
                "ProcessId": "14748",
                "FileVersion": "3.6.2",
                "LogonGuid": "{dd01dab0-b9ee-633f-e637-282600000000}",
                "Company": "The Wireshark developer community",
                "OriginalFileName": "Dumpcap.exe",
                "ParentImage": "C:\\Users\\mrdor\\AppData\\Local\\Programs\\Python\\Python39\\python.exe",
                "RuleName": "-",
                "Image": "C:\\Program Files\\Wireshark\\dumpcap.exe",
                "ParentProcessId": "22388",
                "Hashes": "MD5=A85C48F3129B10CF5593FBF3B02836FF",
                "ParentProcessGuid": "{dd01dab0-f517-633f-4847-010000004600}",
                "Description": "Dumpcap",
                "LogonId": "0x262837e6",
                "ParentUser": "ELMO\\mrdor"
            },
            "provider_name": "Microsoft-Windows-Sysmon"
        },
        "host": {
            "name": "Elmo",
            "ip": [
                "fe80::7cd2:efa8:dba2:6fc0",
                "169.254.111.192",
                "fe80::e431:7896:8d85:5aa",
                "172.21.208.1",
                "fe80::48ae:546b:7a20:7f52",
                "172.30.112.1",
                "fe80::bc21:1b56:1d1:4b9f",
                "169.254.75.159",
                "fe80::4807:9ca5:cd67:6ac6",
                "169.254.106.198",
                "fe80::e097:4ef1:6314:5a55",
                "169.254.90.85",
                "fe80::d55:b4a9:26a4:7406",
                "192.168.1.102",
                "fe80::211f:b772:c6da:bfb3",
                "172.27.16.1",
                "fe80::f90c:d738:c01c:abc6",
                "172.28.192.1"
            ]
        }
    },
    "268": {
        "@timestamp": "2022-10-07T09:54:51.981Z",
        "host": {
            "name": "Elmo",
            "ip": [
                "fe80::7cd2:efa8:dba2:6fc0",
                "169.254.111.192",
                "fe80::e431:7896:8d85:5aa",
                "172.21.208.1",
                "fe80::48ae:546b:7a20:7f52",
                "172.30.112.1",
                "fe80::bc21:1b56:1d1:4b9f",
                "169.254.75.159",
                "fe80::4807:9ca5:cd67:6ac6",
                "169.254.106.198",
                "fe80::e097:4ef1:6314:5a55",
                "169.254.90.85",
                "fe80::d55:b4a9:26a4:7406",
                "192.168.1.102",
                "fe80::211f:b772:c6da:bfb3",
                "172.27.16.1",
                "fe80::f90c:d738:c01c:abc6",
                "172.28.192.1"
            ]
        },
        "winlog": {
            "computer_name": "Elmo",
            "event_data": {
                "LogonGuid": "{dd01dab0-b9ee-633f-e637-282600000000}",
                "Description": "TShark",
                "ParentCommandLine": "C:\\Users\\mrdor\\AppData\\Local\\Programs\\Python\\Python39\\python.exe C:/Users/mrdor/PycharmProjects/Hunterbee/client/wireshark/wireshark_interface.py",
                "ParentUser": "ELMO\\mrdor",
                "CommandLine": "\"C:/Program Files/Wireshark/tshark.exe\" -D",
                "Hashes": "MD5=2C7476F44C33FE4FE26600AE7AE3900D",
                "OriginalFileName": "TShark.exe",
                "Image": "C:\\Program Files\\Wireshark\\tshark.exe",
                "User": "ELMO\\mrdor",
                "CurrentDirectory": "C:\\Users\\mrdor\\PycharmProjects\\Hunterbee\\client\\wireshark\\",
                "RuleName": "-",
                "Company": "The Wireshark developer community",
                "IntegrityLevel": "High",
                "TerminalSessionId": "4",
                "ProcessGuid": "{dd01dab0-f76b-633f-7d4a-010000004600}",
                "Product": "TShark",
                "ParentProcessId": "22388",
                "LogonId": "0x262837e6",
                "FileVersion": "3.6.2",
                "ParentProcessGuid": "{dd01dab0-f517-633f-4847-010000004600}",
                "ProcessId": "13408",
                "ParentImage": "C:\\Users\\mrdor\\AppData\\Local\\Programs\\Python\\Python39\\python.exe",
                "UtcTime": "2022-10-07 09:54:51.979"
            },
            "provider_guid": "{5770385f-c22a-43e0-bf4c-06f5698ffbd9}",
            "provider_name": "Microsoft-Windows-Sysmon",
            "task": "Process Create (rule: ProcessCreate)"
        }
    },
    "269": {
        "@timestamp": "2022-10-07T09:54:52.201Z",
        "host": {
            "ip": [
                "fe80::7cd2:efa8:dba2:6fc0",
                "169.254.111.192",
                "fe80::e431:7896:8d85:5aa",
                "172.21.208.1",
                "fe80::48ae:546b:7a20:7f52",
                "172.30.112.1",
                "fe80::bc21:1b56:1d1:4b9f",
                "169.254.75.159",
                "fe80::4807:9ca5:cd67:6ac6",
                "169.254.106.198",
                "fe80::e097:4ef1:6314:5a55",
                "169.254.90.85",
                "fe80::d55:b4a9:26a4:7406",
                "192.168.1.102",
                "fe80::211f:b772:c6da:bfb3",
                "172.27.16.1",
                "fe80::f90c:d738:c01c:abc6",
                "172.28.192.1"
            ],
            "name": "Elmo"
        },
        "winlog": {
            "computer_name": "Elmo",
            "provider_guid": "{5770385f-c22a-43e0-bf4c-06f5698ffbd9}",
            "provider_name": "Microsoft-Windows-Sysmon",
            "task": "Process Create (rule: ProcessCreate)",
            "event_data": {
                "IntegrityLevel": "High",
                "ParentProcessGuid": "{dd01dab0-f76b-633f-7d4a-010000004600}",
                "OriginalFileName": "Dumpcap.exe",
                "CommandLine": "\"C:\\Program Files\\Wireshark\\dumpcap.exe\" -D -Z none",
                "LogonId": "0x262837e6",
                "ParentUser": "ELMO\\mrdor",
                "UtcTime": "2022-10-07 09:54:52.200",
                "User": "ELMO\\mrdor",
                "TerminalSessionId": "4",
                "RuleName": "-",
                "ParentImage": "C:\\Program Files\\Wireshark\\tshark.exe",
                "Company": "The Wireshark developer community",
                "Hashes": "MD5=A85C48F3129B10CF5593FBF3B02836FF",
                "ProcessId": "9088",
                "Image": "C:\\Program Files\\Wireshark\\dumpcap.exe",
                "Product": "Dumpcap",
                "ParentProcessId": "13408",
                "ParentCommandLine": "\"C:/Program Files/Wireshark/tshark.exe\" -D",
                "Description": "Dumpcap",
                "CurrentDirectory": "C:\\Users\\mrdor\\PycharmProjects\\Hunterbee\\client\\wireshark\\",
                "LogonGuid": "{dd01dab0-b9ee-633f-e637-282600000000}",
                "ProcessGuid": "{dd01dab0-f76c-633f-7e4a-010000004600}",
                "FileVersion": "3.6.2"
            }
        }
    },
    "270": {
        "@timestamp": "2022-10-07T09:54:52.364Z",
        "host": {
            "name": "Elmo",
            "ip": [
                "fe80::7cd2:efa8:dba2:6fc0",
                "169.254.111.192",
                "fe80::e431:7896:8d85:5aa",
                "172.21.208.1",
                "fe80::48ae:546b:7a20:7f52",
                "172.30.112.1",
                "fe80::bc21:1b56:1d1:4b9f",
                "169.254.75.159",
                "fe80::4807:9ca5:cd67:6ac6",
                "169.254.106.198",
                "fe80::e097:4ef1:6314:5a55",
                "169.254.90.85",
                "fe80::d55:b4a9:26a4:7406",
                "192.168.1.102",
                "fe80::211f:b772:c6da:bfb3",
                "172.27.16.1",
                "fe80::f90c:d738:c01c:abc6",
                "172.28.192.1"
            ]
        },
        "winlog": {
            "provider_name": "Microsoft-Windows-Sysmon",
            "computer_name": "Elmo",
            "provider_guid": "{5770385f-c22a-43e0-bf4c-06f5698ffbd9}",
            "task": "Process Create (rule: ProcessCreate)",
            "event_data": {
                "LogonGuid": "{dd01dab0-b9ee-633f-e637-282600000000}",
                "OriginalFileName": "TShark.exe",
                "UtcTime": "2022-10-07 09:54:52.362",
                "Company": "The Wireshark developer community",
                "TerminalSessionId": "4",
                "ProcessGuid": "{dd01dab0-f76c-633f-804a-010000004600}",
                "User": "ELMO\\mrdor",
                "RuleName": "-",
                "Hashes": "MD5=2C7476F44C33FE4FE26600AE7AE3900D",
                "ParentCommandLine": "C:\\Users\\mrdor\\AppData\\Local\\Programs\\Python\\Python39\\python.exe C:/Users/mrdor/PycharmProjects/Hunterbee/client/wireshark/wireshark_interface.py",
                "CurrentDirectory": "C:\\Users\\mrdor\\PycharmProjects\\Hunterbee\\client\\wireshark\\",
                "IntegrityLevel": "High",
                "Description": "TShark",
                "Product": "TShark",
                "ParentProcessId": "22388",
                "ProcessId": "16644",
                "ParentImage": "C:\\Users\\mrdor\\AppData\\Local\\Programs\\Python\\Python39\\python.exe",
                "LogonId": "0x262837e6",
                "ParentProcessGuid": "{dd01dab0-f517-633f-4847-010000004600}",
                "FileVersion": "3.6.2",
                "CommandLine": "\"C:/Program Files/Wireshark/tshark.exe\" -l -n -T pdml -c 25 -w C:/Users/mrdor/PycharmProjects/Hunterbee/client/tempfiles/Logs/Wireshark/wireshark-logs-49.pcap -i -",
                "Image": "C:\\Program Files\\Wireshark\\tshark.exe",
                "ParentUser": "ELMO\\mrdor"
            }
        }
    },
    "271": {
        "@timestamp": "2022-10-07T09:54:52.705Z",
        "winlog": {
            "provider_guid": "{5770385f-c22a-43e0-bf4c-06f5698ffbd9}",
            "task": "Process Create (rule: ProcessCreate)",
            "event_data": {
                "CurrentDirectory": "C:\\Users\\mrdor\\PycharmProjects\\Hunterbee\\client\\wireshark\\",
                "ProcessGuid": "{dd01dab0-f76c-633f-814a-010000004600}",
                "Hashes": "MD5=A85C48F3129B10CF5593FBF3B02836FF",
                "Company": "The Wireshark developer community",
                "LogonGuid": "{dd01dab0-b9ee-633f-e637-282600000000}",
                "IntegrityLevel": "High",
                "ParentCommandLine": "\"C:/Program Files/Wireshark/tshark.exe\" -l -n -T pdml -c 25 -w C:/Users/mrdor/PycharmProjects/Hunterbee/client/tempfiles/Logs/Wireshark/wireshark-logs-49.pcap -i -",
                "OriginalFileName": "Dumpcap.exe",
                "CommandLine": "\"C:\\Program Files\\Wireshark\\dumpcap.exe\" -D -Z none",
                "LogonId": "0x262837e6",
                "TerminalSessionId": "4",
                "ParentUser": "ELMO\\mrdor",
                "FileVersion": "3.6.2",
                "ParentProcessGuid": "{dd01dab0-f76c-633f-804a-010000004600}",
                "ParentImage": "C:\\Program Files\\Wireshark\\tshark.exe",
                "ProcessId": "10792",
                "User": "ELMO\\mrdor",
                "UtcTime": "2022-10-07 09:54:52.703",
                "Product": "Dumpcap",
                "RuleName": "-",
                "Image": "C:\\Program Files\\Wireshark\\dumpcap.exe",
                "ParentProcessId": "16644",
                "Description": "Dumpcap"
            },
            "provider_name": "Microsoft-Windows-Sysmon",
            "computer_name": "Elmo"
        },
        "host": {
            "ip": [
                "fe80::7cd2:efa8:dba2:6fc0",
                "169.254.111.192",
                "fe80::e431:7896:8d85:5aa",
                "172.21.208.1",
                "fe80::48ae:546b:7a20:7f52",
                "172.30.112.1",
                "fe80::bc21:1b56:1d1:4b9f",
                "169.254.75.159",
                "fe80::4807:9ca5:cd67:6ac6",
                "169.254.106.198",
                "fe80::e097:4ef1:6314:5a55",
                "169.254.90.85",
                "fe80::d55:b4a9:26a4:7406",
                "192.168.1.102",
                "fe80::211f:b772:c6da:bfb3",
                "172.27.16.1",
                "fe80::f90c:d738:c01c:abc6",
                "172.28.192.1"
            ],
            "name": "Elmo"
        }
    },
    "272": {
        "@timestamp": "2022-10-07T09:54:52.912Z",
        "host": {
            "ip": [
                "fe80::7cd2:efa8:dba2:6fc0",
                "169.254.111.192",
                "fe80::e431:7896:8d85:5aa",
                "172.21.208.1",
                "fe80::48ae:546b:7a20:7f52",
                "172.30.112.1",
                "fe80::bc21:1b56:1d1:4b9f",
                "169.254.75.159",
                "fe80::4807:9ca5:cd67:6ac6",
                "169.254.106.198",
                "fe80::e097:4ef1:6314:5a55",
                "169.254.90.85",
                "fe80::d55:b4a9:26a4:7406",
                "192.168.1.102",
                "fe80::211f:b772:c6da:bfb3",
                "172.27.16.1",
                "fe80::f90c:d738:c01c:abc6",
                "172.28.192.1"
            ],
            "name": "Elmo"
        },
        "winlog": {
            "provider_guid": "{5770385f-c22a-43e0-bf4c-06f5698ffbd9}",
            "computer_name": "Elmo",
            "provider_name": "Microsoft-Windows-Sysmon",
            "event_data": {
                "Hashes": "MD5=A85C48F3129B10CF5593FBF3B02836FF",
                "FileVersion": "3.6.2",
                "ProcessId": "15616",
                "LogonGuid": "{dd01dab0-b9ee-633f-e637-282600000000}",
                "LogonId": "0x262837e6",
                "Image": "C:\\Program Files\\Wireshark\\dumpcap.exe",
                "OriginalFileName": "Dumpcap.exe",
                "ParentUser": "ELMO\\mrdor",
                "Company": "The Wireshark developer community",
                "CurrentDirectory": "C:\\Users\\mrdor\\PycharmProjects\\Hunterbee\\client\\wireshark\\",
                "User": "ELMO\\mrdor",
                "ParentImage": "C:\\Program Files\\Wireshark\\tshark.exe",
                "Description": "Dumpcap",
                "ParentProcessGuid": "{dd01dab0-f76c-633f-804a-010000004600}",
                "ParentCommandLine": "\"C:/Program Files/Wireshark/tshark.exe\" -l -n -T pdml -c 25 -w C:/Users/mrdor/PycharmProjects/Hunterbee/client/tempfiles/Logs/Wireshark/wireshark-logs-49.pcap -i -",
                "Product": "Dumpcap",
                "UtcTime": "2022-10-07 09:54:52.909",
                "ProcessGuid": "{dd01dab0-f76c-633f-834a-010000004600}",
                "CommandLine": "\"C:\\Program Files\\Wireshark\\dumpcap.exe\" -n -c 25 -i - -Z 16644 -w C:/Users/mrdor/PycharmProjects/Hunterbee/client/tempfiles/Logs/Wireshark/wireshark-logs-49.pcap",
                "IntegrityLevel": "High",
                "ParentProcessId": "16644",
                "TerminalSessionId": "4",
                "RuleName": "-"
            },
            "task": "Process Create (rule: ProcessCreate)"
        }
    },
    "273": {
        "@timestamp": "2022-10-07T09:55:13.100Z",
        "host": {
            "ip": [
                "fe80::7cd2:efa8:dba2:6fc0",
                "169.254.111.192",
                "fe80::e431:7896:8d85:5aa",
                "172.21.208.1",
                "fe80::48ae:546b:7a20:7f52",
                "172.30.112.1",
                "fe80::bc21:1b56:1d1:4b9f",
                "169.254.75.159",
                "fe80::4807:9ca5:cd67:6ac6",
                "169.254.106.198",
                "fe80::e097:4ef1:6314:5a55",
                "169.254.90.85",
                "fe80::d55:b4a9:26a4:7406",
                "192.168.1.102",
                "fe80::211f:b772:c6da:bfb3",
                "172.27.16.1",
                "fe80::f90c:d738:c01c:abc6",
                "172.28.192.1"
            ],
            "name": "Elmo"
        },
        "winlog": {
            "provider_guid": "{5770385f-c22a-43e0-bf4c-06f5698ffbd9}",
            "computer_name": "Elmo",
            "event_data": {
                "Company": "Microsoft Corporation",
                "Image": "C:\\Windows\\System32\\cmd.exe",
                "FileVersion": "10.0.19041.746 (WinBuild.160101.0800)",
                "LogonGuid": "{dd01dab0-b9ee-633f-e637-282600000000}",
                "LogonId": "0x262837e6",
                "ParentImage": "C:\\Users\\mrdor\\AppData\\Local\\Programs\\Python\\Python39\\python.exe",
                "ParentCommandLine": "C:\\Users\\mrdor\\AppData\\Local\\Programs\\Python\\Python39\\python.exe C:/Users/mrdor/PycharmProjects/Hunterbee/client/wireshark/wireshark_interface.py",
                "ProcessGuid": "{dd01dab0-f781-633f-854a-010000004600}",
                "TerminalSessionId": "4",
                "Hashes": "MD5=8A2122E8162DBEF04694B9C3E0B6CDEE",
                "UtcTime": "2022-10-07 09:55:13.096",
                "CommandLine": "C:\\Windows\\system32\\cmd.exe /c \"tshark -r C:/Users/mrdor/PycharmProjects/Hunterbee/client/tempfiles/Logs/Wireshark/wireshark-logs-49.pcap -T json > C:/Users/mrdor/PycharmProjects/Hunterbee/client/tempfiles/Logs/Wireshark/wireshark-logs-49.json\"",
                "User": "ELMO\\mrdor",
                "Description": "Windows Command Processor",
                "RuleName": "-",
                "CurrentDirectory": "C:\\Users\\mrdor\\PycharmProjects\\Hunterbee\\client\\wireshark\\",
                "ProcessId": "8956",
                "OriginalFileName": "Cmd.Exe",
                "IntegrityLevel": "High",
                "Product": "Microsoft\u00c2\u00ae Windows\u00c2\u00ae Operating System",
                "ParentUser": "ELMO\\mrdor",
                "ParentProcessGuid": "{dd01dab0-f517-633f-4847-010000004600}",
                "ParentProcessId": "22388"
            },
            "provider_name": "Microsoft-Windows-Sysmon",
            "task": "Process Create (rule: ProcessCreate)"
        }
    },
    "274": {
        "@timestamp": "2022-10-07T09:55:13.113Z",
        "host": {
            "name": "Elmo",
            "ip": [
                "fe80::7cd2:efa8:dba2:6fc0",
                "169.254.111.192",
                "fe80::e431:7896:8d85:5aa",
                "172.21.208.1",
                "fe80::48ae:546b:7a20:7f52",
                "172.30.112.1",
                "fe80::bc21:1b56:1d1:4b9f",
                "169.254.75.159",
                "fe80::4807:9ca5:cd67:6ac6",
                "169.254.106.198",
                "fe80::e097:4ef1:6314:5a55",
                "169.254.90.85",
                "fe80::d55:b4a9:26a4:7406",
                "192.168.1.102",
                "fe80::211f:b772:c6da:bfb3",
                "172.27.16.1",
                "fe80::f90c:d738:c01c:abc6",
                "172.28.192.1"
            ]
        },
        "winlog": {
            "provider_guid": "{5770385f-c22a-43e0-bf4c-06f5698ffbd9}",
            "computer_name": "Elmo",
            "provider_name": "Microsoft-Windows-Sysmon",
            "task": "Process Create (rule: ProcessCreate)",
            "event_data": {
                "Image": "C:\\Program Files\\Wireshark\\tshark.exe",
                "CommandLine": "tshark  -r C:/Users/mrdor/PycharmProjects/Hunterbee/client/tempfiles/Logs/Wireshark/wireshark-logs-49.pcap -T json ",
                "Company": "The Wireshark developer community",
                "LogonGuid": "{dd01dab0-b9ee-633f-e637-282600000000}",
                "ParentCommandLine": "C:\\Windows\\system32\\cmd.exe /c \"tshark -r C:/Users/mrdor/PycharmProjects/Hunterbee/client/tempfiles/Logs/Wireshark/wireshark-logs-49.pcap -T json > C:/Users/mrdor/PycharmProjects/Hunterbee/client/tempfiles/Logs/Wireshark/wireshark-logs-49.json\"",
                "UtcTime": "2022-10-07 09:55:13.111",
                "ProcessGuid": "{dd01dab0-f781-633f-864a-010000004600}",
                "User": "ELMO\\mrdor",
                "ParentProcessGuid": "{dd01dab0-f781-633f-854a-010000004600}",
                "LogonId": "0x262837e6",
                "ParentUser": "ELMO\\mrdor",
                "ProcessId": "20960",
                "IntegrityLevel": "High",
                "Hashes": "MD5=2C7476F44C33FE4FE26600AE7AE3900D",
                "Product": "TShark",
                "OriginalFileName": "TShark.exe",
                "RuleName": "-",
                "CurrentDirectory": "C:\\Users\\mrdor\\PycharmProjects\\Hunterbee\\client\\wireshark\\",
                "TerminalSessionId": "4",
                "ParentProcessId": "8956",
                "FileVersion": "3.6.2",
                "ParentImage": "C:\\Windows\\System32\\cmd.exe",
                "Description": "TShark"
            }
        }
    },
    "275": {
        "@timestamp": "2022-10-07T09:55:13.460Z",
        "host": {
            "name": "Elmo",
            "ip": [
                "fe80::7cd2:efa8:dba2:6fc0",
                "169.254.111.192",
                "fe80::e431:7896:8d85:5aa",
                "172.21.208.1",
                "fe80::48ae:546b:7a20:7f52",
                "172.30.112.1",
                "fe80::bc21:1b56:1d1:4b9f",
                "169.254.75.159",
                "fe80::4807:9ca5:cd67:6ac6",
                "169.254.106.198",
                "fe80::e097:4ef1:6314:5a55",
                "169.254.90.85",
                "fe80::d55:b4a9:26a4:7406",
                "192.168.1.102",
                "fe80::211f:b772:c6da:bfb3",
                "172.27.16.1",
                "fe80::f90c:d738:c01c:abc6",
                "172.28.192.1"
            ]
        },
        "winlog": {
            "computer_name": "Elmo",
            "task": "Process Create (rule: ProcessCreate)",
            "event_data": {
                "TerminalSessionId": "4",
                "Product": "TShark",
                "IntegrityLevel": "High",
                "LogonGuid": "{dd01dab0-b9ee-633f-e637-282600000000}",
                "User": "ELMO\\mrdor",
                "ParentProcessId": "22388",
                "FileVersion": "3.6.2",
                "CurrentDirectory": "C:\\Users\\mrdor\\PycharmProjects\\Hunterbee\\client\\wireshark\\",
                "ProcessId": "22724",
                "Description": "TShark",
                "CommandLine": "\"C:/Program Files/Wireshark/tshark.exe\" -D",
                "LogonId": "0x262837e6",
                "Image": "C:\\Program Files\\Wireshark\\tshark.exe",
                "ParentImage": "C:\\Users\\mrdor\\AppData\\Local\\Programs\\Python\\Python39\\python.exe",
                "ParentUser": "ELMO\\mrdor",
                "Hashes": "MD5=2C7476F44C33FE4FE26600AE7AE3900D",
                "ParentCommandLine": "C:\\Users\\mrdor\\AppData\\Local\\Programs\\Python\\Python39\\python.exe C:/Users/mrdor/PycharmProjects/Hunterbee/client/wireshark/wireshark_interface.py",
                "OriginalFileName": "TShark.exe",
                "RuleName": "-",
                "ParentProcessGuid": "{dd01dab0-f517-633f-4847-010000004600}",
                "UtcTime": "2022-10-07 09:55:13.459",
                "Company": "The Wireshark developer community",
                "ProcessGuid": "{dd01dab0-f781-633f-874a-010000004600}"
            },
            "provider_name": "Microsoft-Windows-Sysmon",
            "provider_guid": "{5770385f-c22a-43e0-bf4c-06f5698ffbd9}"
        }
    },
    "276": {
        "@timestamp": "2022-10-07T09:55:13.676Z",
        "winlog": {
            "task": "Process Create (rule: ProcessCreate)",
            "provider_guid": "{5770385f-c22a-43e0-bf4c-06f5698ffbd9}",
            "provider_name": "Microsoft-Windows-Sysmon",
            "computer_name": "Elmo",
            "event_data": {
                "Hashes": "MD5=A85C48F3129B10CF5593FBF3B02836FF",
                "Product": "Dumpcap",
                "RuleName": "-",
                "OriginalFileName": "Dumpcap.exe",
                "User": "ELMO\\mrdor",
                "ProcessGuid": "{dd01dab0-f781-633f-884a-010000004600}",
                "ParentImage": "C:\\Program Files\\Wireshark\\tshark.exe",
                "CommandLine": "\"C:\\Program Files\\Wireshark\\dumpcap.exe\" -D -Z none",
                "ParentProcessGuid": "{dd01dab0-f781-633f-874a-010000004600}",
                "FileVersion": "3.6.2",
                "ParentProcessId": "22724",
                "LogonGuid": "{dd01dab0-b9ee-633f-e637-282600000000}",
                "IntegrityLevel": "High",
                "CurrentDirectory": "C:\\Users\\mrdor\\PycharmProjects\\Hunterbee\\client\\wireshark\\",
                "TerminalSessionId": "4",
                "LogonId": "0x262837e6",
                "Description": "Dumpcap",
                "ParentUser": "ELMO\\mrdor",
                "ProcessId": "20768",
                "UtcTime": "2022-10-07 09:55:13.674",
                "Company": "The Wireshark developer community",
                "Image": "C:\\Program Files\\Wireshark\\dumpcap.exe",
                "ParentCommandLine": "\"C:/Program Files/Wireshark/tshark.exe\" -D"
            }
        },
        "host": {
            "name": "Elmo",
            "ip": [
                "fe80::7cd2:efa8:dba2:6fc0",
                "169.254.111.192",
                "fe80::e431:7896:8d85:5aa",
                "172.21.208.1",
                "fe80::48ae:546b:7a20:7f52",
                "172.30.112.1",
                "fe80::bc21:1b56:1d1:4b9f",
                "169.254.75.159",
                "fe80::4807:9ca5:cd67:6ac6",
                "169.254.106.198",
                "fe80::e097:4ef1:6314:5a55",
                "169.254.90.85",
                "fe80::d55:b4a9:26a4:7406",
                "192.168.1.102",
                "fe80::211f:b772:c6da:bfb3",
                "172.27.16.1",
                "fe80::f90c:d738:c01c:abc6",
                "172.28.192.1"
            ]
        }
    },
    "277": {
        "@timestamp": "2022-10-07T09:55:13.831Z",
        "host": {
            "name": "Elmo",
            "ip": [
                "fe80::7cd2:efa8:dba2:6fc0",
                "169.254.111.192",
                "fe80::e431:7896:8d85:5aa",
                "172.21.208.1",
                "fe80::48ae:546b:7a20:7f52",
                "172.30.112.1",
                "fe80::bc21:1b56:1d1:4b9f",
                "169.254.75.159",
                "fe80::4807:9ca5:cd67:6ac6",
                "169.254.106.198",
                "fe80::e097:4ef1:6314:5a55",
                "169.254.90.85",
                "fe80::d55:b4a9:26a4:7406",
                "192.168.1.102",
                "fe80::211f:b772:c6da:bfb3",
                "172.27.16.1",
                "fe80::f90c:d738:c01c:abc6",
                "172.28.192.1"
            ]
        },
        "winlog": {
            "task": "Process Create (rule: ProcessCreate)",
            "computer_name": "Elmo",
            "provider_guid": "{5770385f-c22a-43e0-bf4c-06f5698ffbd9}",
            "event_data": {
                "LogonGuid": "{dd01dab0-b9ee-633f-e637-282600000000}",
                "ParentProcessGuid": "{dd01dab0-f517-633f-4847-010000004600}",
                "ParentProcessId": "22388",
                "Company": "The Wireshark developer community",
                "Product": "TShark",
                "ParentCommandLine": "C:\\Users\\mrdor\\AppData\\Local\\Programs\\Python\\Python39\\python.exe C:/Users/mrdor/PycharmProjects/Hunterbee/client/wireshark/wireshark_interface.py",
                "CurrentDirectory": "C:\\Users\\mrdor\\PycharmProjects\\Hunterbee\\client\\wireshark\\",
                "CommandLine": "\"C:/Program Files/Wireshark/tshark.exe\" -v",
                "TerminalSessionId": "4",
                "ParentUser": "ELMO\\mrdor",
                "OriginalFileName": "TShark.exe",
                "LogonId": "0x262837e6",
                "ProcessGuid": "{dd01dab0-f781-633f-8a4a-010000004600}",
                "Description": "TShark",
                "RuleName": "-",
                "UtcTime": "2022-10-07 09:55:13.829",
                "Image": "C:\\Program Files\\Wireshark\\tshark.exe",
                "ParentImage": "C:\\Users\\mrdor\\AppData\\Local\\Programs\\Python\\Python39\\python.exe",
                "ProcessId": "8316",
                "IntegrityLevel": "High",
                "Hashes": "MD5=2C7476F44C33FE4FE26600AE7AE3900D",
                "User": "ELMO\\mrdor",
                "FileVersion": "3.6.2"
            },
            "provider_name": "Microsoft-Windows-Sysmon"
        }
    },
    "278": {
        "@timestamp": "2022-10-07T09:55:14.080Z",
        "winlog": {
            "task": "Process Create (rule: ProcessCreate)",
            "provider_guid": "{5770385f-c22a-43e0-bf4c-06f5698ffbd9}",
            "computer_name": "Elmo",
            "event_data": {
                "ParentProcessId": "22388",
                "ProcessId": "9716",
                "LogonId": "0x262837e6",
                "ParentCommandLine": "C:\\Users\\mrdor\\AppData\\Local\\Programs\\Python\\Python39\\python.exe C:/Users/mrdor/PycharmProjects/Hunterbee/client/wireshark/wireshark_interface.py",
                "OriginalFileName": "Dumpcap.exe",
                "User": "ELMO\\mrdor",
                "UtcTime": "2022-10-07 09:55:14.077",
                "Hashes": "MD5=A85C48F3129B10CF5593FBF3B02836FF",
                "IntegrityLevel": "High",
                "ParentImage": "C:\\Users\\mrdor\\AppData\\Local\\Programs\\Python\\Python39\\python.exe",
                "ParentUser": "ELMO\\mrdor",
                "Product": "Dumpcap",
                "Company": "The Wireshark developer community",
                "CommandLine": "\"C:/Program Files/Wireshark/dumpcap.exe\" -q -i Wi-Fi -w -",
                "Image": "C:\\Program Files\\Wireshark\\dumpcap.exe",
                "Description": "Dumpcap",
                "ProcessGuid": "{dd01dab0-f782-633f-8b4a-010000004600}",
                "CurrentDirectory": "C:\\Users\\mrdor\\PycharmProjects\\Hunterbee\\client\\wireshark\\",
                "LogonGuid": "{dd01dab0-b9ee-633f-e637-282600000000}",
                "FileVersion": "3.6.2",
                "RuleName": "-",
                "ParentProcessGuid": "{dd01dab0-f517-633f-4847-010000004600}",
                "TerminalSessionId": "4"
            },
            "provider_name": "Microsoft-Windows-Sysmon"
        },
        "host": {
            "ip": [
                "fe80::7cd2:efa8:dba2:6fc0",
                "169.254.111.192",
                "fe80::e431:7896:8d85:5aa",
                "172.21.208.1",
                "fe80::48ae:546b:7a20:7f52",
                "172.30.112.1",
                "fe80::bc21:1b56:1d1:4b9f",
                "169.254.75.159",
                "fe80::4807:9ca5:cd67:6ac6",
                "169.254.106.198",
                "fe80::e097:4ef1:6314:5a55",
                "169.254.90.85",
                "fe80::d55:b4a9:26a4:7406",
                "192.168.1.102",
                "fe80::211f:b772:c6da:bfb3",
                "172.27.16.1",
                "fe80::f90c:d738:c01c:abc6",
                "172.28.192.1"
            ],
            "name": "Elmo"
        }
    },
    "279": {
        "@timestamp": "2022-10-07T09:55:14.086Z",
        "host": {
            "name": "Elmo",
            "ip": [
                "fe80::7cd2:efa8:dba2:6fc0",
                "169.254.111.192",
                "fe80::e431:7896:8d85:5aa",
                "172.21.208.1",
                "fe80::48ae:546b:7a20:7f52",
                "172.30.112.1",
                "fe80::bc21:1b56:1d1:4b9f",
                "169.254.75.159",
                "fe80::4807:9ca5:cd67:6ac6",
                "169.254.106.198",
                "fe80::e097:4ef1:6314:5a55",
                "169.254.90.85",
                "fe80::d55:b4a9:26a4:7406",
                "192.168.1.102",
                "fe80::211f:b772:c6da:bfb3",
                "172.27.16.1",
                "fe80::f90c:d738:c01c:abc6",
                "172.28.192.1"
            ]
        },
        "winlog": {
            "event_data": {
                "RuleName": "-",
                "UtcTime": "2022-10-07 09:55:14.083",
                "IntegrityLevel": "High",
                "ParentUser": "ELMO\\mrdor",
                "CommandLine": "\"C:/Program Files/Wireshark/tshark.exe\" -D",
                "CurrentDirectory": "C:\\Users\\mrdor\\PycharmProjects\\Hunterbee\\client\\wireshark\\",
                "FileVersion": "3.6.2",
                "Product": "TShark",
                "User": "ELMO\\mrdor",
                "LogonGuid": "{dd01dab0-b9ee-633f-e637-282600000000}",
                "ProcessGuid": "{dd01dab0-f782-633f-8c4a-010000004600}",
                "Image": "C:\\Program Files\\Wireshark\\tshark.exe",
                "ProcessId": "17144",
                "TerminalSessionId": "4",
                "ParentImage": "C:\\Users\\mrdor\\AppData\\Local\\Programs\\Python\\Python39\\python.exe",
                "Company": "The Wireshark developer community",
                "ParentProcessGuid": "{dd01dab0-f517-633f-4847-010000004600}",
                "Description": "TShark",
                "OriginalFileName": "TShark.exe",
                "LogonId": "0x262837e6",
                "Hashes": "MD5=2C7476F44C33FE4FE26600AE7AE3900D",
                "ParentCommandLine": "C:\\Users\\mrdor\\AppData\\Local\\Programs\\Python\\Python39\\python.exe C:/Users/mrdor/PycharmProjects/Hunterbee/client/wireshark/wireshark_interface.py",
                "ParentProcessId": "22388"
            },
            "provider_name": "Microsoft-Windows-Sysmon",
            "provider_guid": "{5770385f-c22a-43e0-bf4c-06f5698ffbd9}",
            "computer_name": "Elmo",
            "task": "Process Create (rule: ProcessCreate)"
        }
    },
    "280": {
        "@timestamp": "2022-10-07T09:55:14.318Z",
        "winlog": {
            "computer_name": "Elmo",
            "event_data": {
                "LogonId": "0x262837e6",
                "ProcessGuid": "{dd01dab0-f782-633f-8d4a-010000004600}",
                "Image": "C:\\Program Files\\Wireshark\\dumpcap.exe",
                "OriginalFileName": "Dumpcap.exe",
                "Product": "Dumpcap",
                "TerminalSessionId": "4",
                "FileVersion": "3.6.2",
                "CurrentDirectory": "C:\\Users\\mrdor\\PycharmProjects\\Hunterbee\\client\\wireshark\\",
                "CommandLine": "\"C:\\Program Files\\Wireshark\\dumpcap.exe\" -D -Z none",
                "ParentCommandLine": "\"C:/Program Files/Wireshark/tshark.exe\" -D",
                "ProcessId": "18788",
                "Company": "The Wireshark developer community",
                "Hashes": "MD5=A85C48F3129B10CF5593FBF3B02836FF",
                "ParentProcessGuid": "{dd01dab0-f782-633f-8c4a-010000004600}",
                "ParentUser": "ELMO\\mrdor",
                "User": "ELMO\\mrdor",
                "ParentProcessId": "17144",
                "UtcTime": "2022-10-07 09:55:14.316",
                "Description": "Dumpcap",
                "ParentImage": "C:\\Program Files\\Wireshark\\tshark.exe",
                "RuleName": "-",
                "IntegrityLevel": "High",
                "LogonGuid": "{dd01dab0-b9ee-633f-e637-282600000000}"
            },
            "task": "Process Create (rule: ProcessCreate)",
            "provider_guid": "{5770385f-c22a-43e0-bf4c-06f5698ffbd9}",
            "provider_name": "Microsoft-Windows-Sysmon"
        },
        "host": {
            "ip": [
                "fe80::7cd2:efa8:dba2:6fc0",
                "169.254.111.192",
                "fe80::e431:7896:8d85:5aa",
                "172.21.208.1",
                "fe80::48ae:546b:7a20:7f52",
                "172.30.112.1",
                "fe80::bc21:1b56:1d1:4b9f",
                "169.254.75.159",
                "fe80::4807:9ca5:cd67:6ac6",
                "169.254.106.198",
                "fe80::e097:4ef1:6314:5a55",
                "169.254.90.85",
                "fe80::d55:b4a9:26a4:7406",
                "192.168.1.102",
                "fe80::211f:b772:c6da:bfb3",
                "172.27.16.1",
                "fe80::f90c:d738:c01c:abc6",
                "172.28.192.1"
            ],
            "name": "Elmo"
        }
    },
    "281": {
        "@timestamp": "2022-10-07T09:55:14.458Z",
        "winlog": {
            "event_data": {
                "User": "ELMO\\mrdor",
                "ProcessGuid": "{dd01dab0-f782-633f-8f4a-010000004600}",
                "UtcTime": "2022-10-07 09:55:14.456",
                "FileVersion": "3.6.2",
                "Product": "TShark",
                "Image": "C:\\Program Files\\Wireshark\\tshark.exe",
                "OriginalFileName": "TShark.exe",
                "ProcessId": "14732",
                "ParentUser": "ELMO\\mrdor",
                "ParentProcessId": "22388",
                "Description": "TShark",
                "CurrentDirectory": "C:\\Users\\mrdor\\PycharmProjects\\Hunterbee\\client\\wireshark\\",
                "ParentProcessGuid": "{dd01dab0-f517-633f-4847-010000004600}",
                "Hashes": "MD5=2C7476F44C33FE4FE26600AE7AE3900D",
                "IntegrityLevel": "High",
                "ParentCommandLine": "C:\\Users\\mrdor\\AppData\\Local\\Programs\\Python\\Python39\\python.exe C:/Users/mrdor/PycharmProjects/Hunterbee/client/wireshark/wireshark_interface.py",
                "RuleName": "-",
                "ParentImage": "C:\\Users\\mrdor\\AppData\\Local\\Programs\\Python\\Python39\\python.exe",
                "CommandLine": "\"C:/Program Files/Wireshark/tshark.exe\" -l -n -T pdml -c 25 -w C:/Users/mrdor/PycharmProjects/Hunterbee/client/tempfiles/Logs/Wireshark/wireshark-logs-50.pcap -i -",
                "LogonId": "0x262837e6",
                "Company": "The Wireshark developer community",
                "LogonGuid": "{dd01dab0-b9ee-633f-e637-282600000000}",
                "TerminalSessionId": "4"
            },
            "computer_name": "Elmo",
            "task": "Process Create (rule: ProcessCreate)",
            "provider_name": "Microsoft-Windows-Sysmon",
            "provider_guid": "{5770385f-c22a-43e0-bf4c-06f5698ffbd9}"
        },
        "host": {
            "name": "Elmo",
            "ip": [
                "fe80::7cd2:efa8:dba2:6fc0",
                "169.254.111.192",
                "fe80::e431:7896:8d85:5aa",
                "172.21.208.1",
                "fe80::48ae:546b:7a20:7f52",
                "172.30.112.1",
                "fe80::bc21:1b56:1d1:4b9f",
                "169.254.75.159",
                "fe80::4807:9ca5:cd67:6ac6",
                "169.254.106.198",
                "fe80::e097:4ef1:6314:5a55",
                "169.254.90.85",
                "fe80::d55:b4a9:26a4:7406",
                "192.168.1.102",
                "fe80::211f:b772:c6da:bfb3",
                "172.27.16.1",
                "fe80::f90c:d738:c01c:abc6",
                "172.28.192.1"
            ]
        }
    },
    "282": {
        "@timestamp": "2022-10-07T09:55:14.673Z",
        "winlog": {
            "provider_guid": "{5770385f-c22a-43e0-bf4c-06f5698ffbd9}",
            "computer_name": "Elmo",
            "provider_name": "Microsoft-Windows-Sysmon",
            "event_data": {
                "Company": "The Wireshark developer community",
                "ParentImage": "C:\\Program Files\\Wireshark\\tshark.exe",
                "ParentUser": "ELMO\\mrdor",
                "CurrentDirectory": "C:\\Users\\mrdor\\PycharmProjects\\Hunterbee\\client\\wireshark\\",
