                "ProcessGuid": "{dd01dab0-f971-633f-9854-010000004600}",
                "QueryResults": "74.91.29.205;",
                "RuleName": "-",
                "QueryStatus": "0",
                "Image": "G:\\Steam\\steam.exe"
            }
        },
        "host": {
            "ip": [
                "fe80::7cd2:efa8:dba2:6fc0",
                "169.254.111.192",
                "fe80::e431:7896:8d85:5aa",
                "172.21.208.1",
                "fe80::48ae:546b:7a20:7f52",
                "172.30.112.1",
                "fe80::bc21:1b56:1d1:4b9f",
                "169.254.75.159",
                "fe80::4807:9ca5:cd67:6ac6",
                "169.254.106.198",
                "fe80::e097:4ef1:6314:5a55",
                "169.254.90.85",
                "fe80::d55:b4a9:26a4:7406",
                "192.168.1.102",
                "fe80::211f:b772:c6da:bfb3",
                "172.27.16.1",
                "fe80::f90c:d738:c01c:abc6",
                "172.28.192.1"
            ],
            "name": "Elmo"
        }
    },
    "245": {
        "@timestamp": "2022-10-07T10:17:33.322Z",
        "winlog": {
            "record_id": 59674,
            "api": "wineventlog",
            "provider_name": "Microsoft-Windows-Security-SPP",
            "event_data": {
                "param1": "2022-10-07T11:26:33Z",
                "param2": "RulesEngine"
            },
            "event_id": "16384",
            "provider_guid": "{E23B33B0-C8C9-472C-A5F9-F2BDFEA0F156}",
            "channel": "Application",
            "task": "None",
            "opcode": "Info",
            "computer_name": "Elmo",
            "keywords": [
                "Classic"
            ]
        },
        "host": {
            "id": "dd01dab0-ceec-4f21-9fb3-a8597eb9b875",
            "ip": [
                "fe80::7cd2:efa8:dba2:6fc0",
                "169.254.111.192",
                "fe80::e431:7896:8d85:5aa",
                "172.21.208.1",
                "fe80::48ae:546b:7a20:7f52",
                "172.30.112.1",
                "fe80::bc21:1b56:1d1:4b9f",
                "169.254.75.159",
                "fe80::4807:9ca5:cd67:6ac6",
                "169.254.106.198",
                "fe80::e097:4ef1:6314:5a55",
                "169.254.90.85",
                "fe80::d55:b4a9:26a4:7406",
                "192.168.1.102",
                "fe80::211f:b772:c6da:bfb3",
                "172.27.16.1",
                "fe80::f90c:d738:c01c:abc6",
                "172.28.192.1"
            ],
            "mac": [
                "00:15:5d:4b:1b:5b",
                "00:15:5d:65:92:c8",
                "00:15:5d:a0:f8:aa",
                "00:15:5d:d0:a3:4e",
                "10:fe:ed:20:e5:7c",
                "12:fe:ed:20:e5:7c",
                "30:5a:3a:47:46:2f",
                "44:45:53:54:4f:53"
            ],
            "hostname": "Elmo",
            "name": "Elmo",
            "architecture": "x86_64",
            "os": {
                "family": "windows",
                "name": "Windows 10 Pro",
                "kernel": "10.0.19041.2075 (WinBuild.160101.0800)",
                "build": "19044.2075",
                "type": "windows",
                "platform": "windows",
                "version": "10.0"
            }
        }
    },
    "246": {
        "@timestamp": "2022-10-07T10:19:33.851Z",
        "host": {
            "name": "Elmo",
            "ip": [
                "fe80::7cd2:efa8:dba2:6fc0",
                "169.254.111.192",
                "fe80::e431:7896:8d85:5aa",
                "172.21.208.1",
                "fe80::48ae:546b:7a20:7f52",
                "172.30.112.1",
                "fe80::bc21:1b56:1d1:4b9f",
                "169.254.75.159",
                "fe80::4807:9ca5:cd67:6ac6",
                "169.254.106.198",
                "fe80::e097:4ef1:6314:5a55",
                "169.254.90.85",
                "fe80::d55:b4a9:26a4:7406",
                "192.168.1.102",
                "fe80::211f:b772:c6da:bfb3",
                "172.27.16.1",
                "fe80::f90c:d738:c01c:abc6",
                "172.28.192.1"
            ]
        },
        "winlog": {
            "task": "Network connection detected (rule: NetworkConnect)",
            "computer_name": "Elmo",
            "provider_name": "Microsoft-Windows-Sysmon",
            "provider_guid": "{5770385f-c22a-43e0-bf4c-06f5698ffbd9}",
            "event_data": {
                "SourceHostname": "Elmo",
                "DestinationHostname": "lb-140-82-121-5-fra.github.com",
                "ProcessGuid": "{dd01dab0-e488-633f-c437-010000004600}",
                "Protocol": "tcp",
                "Initiated": "true",
                "SourcePort": "53046",
                "UtcTime": "2022-10-07 10:20:30.881",
                "SourcePortName": "-",
                "RuleName": "Usermode",
                "SourceIsIpv6": "false",
                "DestinationIsIpv6": "false",
                "Image": "C:\\Users\\mrdor\\AppData\\Roaming\\JetBrains\\PyCharm2021.3\\plugins\\github-copilot-intellij\\copilot-agent\\bin\\copilot-agent-win.exe",
                "DestinationPort": "443",
                "DestinationIp": "140.82.121.5",
                "ProcessId": "1380",
                "DestinationPortName": "https",
                "User": "ELMO\\mrdor",
                "SourceIp": "192.168.1.102"
            }
        }
    },
    "247": {
        "@timestamp": "2022-10-07T10:19:49.046Z",
        "host": {
            "name": "Elmo",
            "ip": [
                "fe80::7cd2:efa8:dba2:6fc0",
                "169.254.111.192",
                "fe80::e431:7896:8d85:5aa",
                "172.21.208.1",
                "fe80::48ae:546b:7a20:7f52",
                "172.30.112.1",
                "fe80::bc21:1b56:1d1:4b9f",
                "169.254.75.159",
                "fe80::4807:9ca5:cd67:6ac6",
                "169.254.106.198",
                "fe80::e097:4ef1:6314:5a55",
                "169.254.90.85",
                "fe80::d55:b4a9:26a4:7406",
                "192.168.1.102",
                "fe80::211f:b772:c6da:bfb3",
                "172.27.16.1",
                "fe80::f90c:d738:c01c:abc6",
                "172.28.192.1"
            ]
        },
        "winlog": {
            "provider_name": "Microsoft-Windows-Sysmon",
            "computer_name": "Elmo",
            "provider_guid": "{5770385f-c22a-43e0-bf4c-06f5698ffbd9}",
            "event_data": {
                "ProcessId": "1380",
                "Image": "C:\\Users\\mrdor\\AppData\\Roaming\\JetBrains\\PyCharm2021.3\\plugins\\github-copilot-intellij\\copilot-agent\\bin\\copilot-agent-win.exe",
                "Initiated": "true",
                "SourceIsIpv6": "false",
                "DestinationIsIpv6": "false",
                "DestinationPort": "443",
                "SourcePort": "53061",
                "DestinationIp": "74.91.29.202",
                "Protocol": "tcp",
                "SourceHostname": "Elmo",
                "DestinationHostname": "-",
                "DestinationPortName": "https",
                "SourceIp": "192.168.1.102",
                "ProcessGuid": "{dd01dab0-e488-633f-c437-010000004600}",
                "SourcePortName": "-",
                "RuleName": "Usermode",
                "UtcTime": "2022-10-07 10:20:45.949",
                "User": "ELMO\\mrdor"
            },
            "task": "Network connection detected (rule: NetworkConnect)"
        }
    },
    "248": {
        "@timestamp": "2022-10-07T10:20:36.178Z",
        "host": {
            "name": "Elmo",
            "ip": [
                "fe80::7cd2:efa8:dba2:6fc0",
                "169.254.111.192",
                "fe80::e431:7896:8d85:5aa",
                "172.21.208.1",
                "fe80::48ae:546b:7a20:7f52",
                "172.30.112.1",
                "fe80::bc21:1b56:1d1:4b9f",
                "169.254.75.159",
                "fe80::4807:9ca5:cd67:6ac6",
                "169.254.106.198",
                "fe80::e097:4ef1:6314:5a55",
                "169.254.90.85",
                "fe80::d55:b4a9:26a4:7406",
                "192.168.1.102",
                "fe80::211f:b772:c6da:bfb3",
                "172.27.16.1",
                "fe80::f90c:d738:c01c:abc6",
                "172.28.192.1"
            ]
        },
        "winlog": {
            "provider_guid": "{5770385f-c22a-43e0-bf4c-06f5698ffbd9}",
            "event_data": {
                "LogonGuid": "{dd01dab0-b9ee-633f-2067-282600000000}",
                "Hashes": "MD5=6F3C9485F8F97AC04C8E43EF4463A68C",
                "RuleName": "-",
                "UtcTime": "2022-10-07 10:20:36.175",
                "Company": "Microsoft Corporation",
                "ParentProcessId": "744",
                "ParentUser": "NT AUTHORITY\\SYSTEM",
                "OriginalFileName": "dllhost.exe",
                "CurrentDirectory": "C:\\Windows\\system32\\",
                "Description": "COM Surrogate",
                "LogonId": "0x26286720",
                "Image": "C:\\Windows\\SysWOW64\\dllhost.exe",
                "IntegrityLevel": "Medium",
                "ParentCommandLine": "C:\\Windows\\system32\\svchost.exe -k DcomLaunch -p",
                "ProcessId": "9444",
                "FileVersion": "10.0.19041.546 (WinBuild.160101.0800)",
                "ProcessGuid": "{dd01dab0-fd74-633f-ca54-010000004600}",
                "Product": "Microsoft\u00c2\u00ae Windows\u00c2\u00ae Operating System",
                "User": "ELMO\\mrdor",
                "ParentImage": "C:\\Windows\\System32\\svchost.exe",
                "TerminalSessionId": "4",
                "ParentProcessGuid": "{dd01dab0-dc24-633b-0f00-000000004600}",
                "CommandLine": "\"C:\\Windows\\SysWOW64\\DllHost.exe\" /Processid:{776DBC8D-7347-478C-8D71-791E12EF49D8}"
            },
            "task": "Process Create (rule: ProcessCreate)",
            "provider_name": "Microsoft-Windows-Sysmon",
            "computer_name": "Elmo"
        }
    },
    "249": {
        "@timestamp": "2022-10-07T10:20:49.031Z",
        "host": {
            "name": "Elmo",
            "ip": [
                "fe80::7cd2:efa8:dba2:6fc0",
                "169.254.111.192",
                "fe80::e431:7896:8d85:5aa",
                "172.21.208.1",
                "fe80::48ae:546b:7a20:7f52",
                "172.30.112.1",
                "fe80::bc21:1b56:1d1:4b9f",
                "169.254.75.159",
                "fe80::4807:9ca5:cd67:6ac6",
                "169.254.106.198",
                "fe80::e097:4ef1:6314:5a55",
                "169.254.90.85",
                "fe80::d55:b4a9:26a4:7406",
                "192.168.1.102",
                "fe80::211f:b772:c6da:bfb3",
                "172.27.16.1",
                "fe80::f90c:d738:c01c:abc6",
                "172.28.192.1"
            ]
        },
        "winlog": {
            "event_data": {
                "ProcessGuid": "{dd01dab0-f976-633f-9e54-010000004600}",
                "ProcessId": "17580",
                "QueryResults": "208.110.86.67;",
                "User": "ELMO\\mrdor",
                "QueryName": "steamcommunity.com",
                "QueryStatus": "0",
                "Image": "G:\\Steam\\bin\\cef\\cef.win7x64\\steamwebhelper.exe",
                "RuleName": "-",
                "UtcTime": "2022-10-07 10:21:03.731"
            },
            "provider_name": "Microsoft-Windows-Sysmon",
            "computer_name": "Elmo",
            "provider_guid": "{5770385f-c22a-43e0-bf4c-06f5698ffbd9}",
            "task": "Dns query (rule: DnsQuery)"
        }
    },
    "250": {
        "@timestamp": "2022-10-07T10:20:49.031Z",
        "host": {
            "ip": [
                "fe80::7cd2:efa8:dba2:6fc0",
                "169.254.111.192",
                "fe80::e431:7896:8d85:5aa",
                "172.21.208.1",
                "fe80::48ae:546b:7a20:7f52",
                "172.30.112.1",
                "fe80::bc21:1b56:1d1:4b9f",
                "169.254.75.159",
                "fe80::4807:9ca5:cd67:6ac6",
                "169.254.106.198",
                "fe80::e097:4ef1:6314:5a55",
                "169.254.90.85",
                "fe80::d55:b4a9:26a4:7406",
                "192.168.1.102",
                "fe80::211f:b772:c6da:bfb3",
                "172.27.16.1",
                "fe80::f90c:d738:c01c:abc6",
                "172.28.192.1"
            ],
            "name": "Elmo"
        },
        "winlog": {
            "task": "Dns query (rule: DnsQuery)",
            "event_data": {
                "QueryStatus": "0",
                "ProcessId": "17580",
                "RuleName": "-",
                "Image": "G:\\Steam\\bin\\cef\\cef.win7x64\\steamwebhelper.exe",
                "QueryName": "store.steampowered.com",
                "ProcessGuid": "{dd01dab0-f976-633f-9e54-010000004600}",
                "QueryResults": "148.251.160.249;",
                "User": "ELMO\\mrdor",
                "UtcTime": "2022-10-07 10:21:03.793"
            },
            "computer_name": "Elmo",
            "provider_guid": "{5770385f-c22a-43e0-bf4c-06f5698ffbd9}",
            "provider_name": "Microsoft-Windows-Sysmon"
        }
    },
    "251": {
        "@timestamp": "2022-10-07T10:20:50.041Z",
        "host": {
            "name": "Elmo",
            "ip": [
                "fe80::7cd2:efa8:dba2:6fc0",
                "169.254.111.192",
                "fe80::e431:7896:8d85:5aa",
                "172.21.208.1",
                "fe80::48ae:546b:7a20:7f52",
                "172.30.112.1",
                "fe80::bc21:1b56:1d1:4b9f",
                "169.254.75.159",
                "fe80::4807:9ca5:cd67:6ac6",
                "169.254.106.198",
                "fe80::e097:4ef1:6314:5a55",
                "169.254.90.85",
                "fe80::d55:b4a9:26a4:7406",
                "192.168.1.102",
                "fe80::211f:b772:c6da:bfb3",
                "172.27.16.1",
                "fe80::f90c:d738:c01c:abc6",
                "172.28.192.1"
            ]
        },
        "winlog": {
            "computer_name": "Elmo",
            "provider_guid": "{5770385f-c22a-43e0-bf4c-06f5698ffbd9}",
            "provider_name": "Microsoft-Windows-Sysmon",
            "task": "Dns query (rule: DnsQuery)",
            "event_data": {
                "RuleName": "-",
                "User": "ELMO\\mrdor",
                "QueryResults": "74.91.29.205;",
                "Image": "G:\\Steam\\bin\\cef\\cef.win7x64\\steamwebhelper.exe",
                "UtcTime": "2022-10-07 10:21:03.950",
                "ProcessGuid": "{dd01dab0-f976-633f-9e54-010000004600}",
                "ProcessId": "17580",
                "QueryStatus": "0",
                "QueryName": "community.cloudflare.steamstatic.com"
            }
        }
    },
    "252": {
        "@timestamp": "2022-10-07T10:20:51.052Z",
        "winlog": {
            "event_data": {
                "QueryStatus": "0",
                "Image": "G:\\Steam\\steam.exe",
                "ProcessId": "13092",
                "QueryResults": "208.110.86.70;",
                "User": "ELMO\\mrdor",
                "ProcessGuid": "{dd01dab0-f971-633f-9854-010000004600}",
                "RuleName": "-",
                "QueryName": "api.steampowered.com",
                "UtcTime": "2022-10-07 10:21:04.125"
            },
            "task": "Dns query (rule: DnsQuery)",
            "provider_name": "Microsoft-Windows-Sysmon",
            "computer_name": "Elmo",
            "provider_guid": "{5770385f-c22a-43e0-bf4c-06f5698ffbd9}"
        },
        "host": {
            "ip": [
                "fe80::7cd2:efa8:dba2:6fc0",
                "169.254.111.192",
                "fe80::e431:7896:8d85:5aa",
                "172.21.208.1",
                "fe80::48ae:546b:7a20:7f52",
                "172.30.112.1",
                "fe80::bc21:1b56:1d1:4b9f",
                "169.254.75.159",
                "fe80::4807:9ca5:cd67:6ac6",
                "169.254.106.198",
                "fe80::e097:4ef1:6314:5a55",
                "169.254.90.85",
                "fe80::d55:b4a9:26a4:7406",
                "192.168.1.102",
                "fe80::211f:b772:c6da:bfb3",
                "172.27.16.1",
                "fe80::f90c:d738:c01c:abc6",
                "172.28.192.1"
            ],
            "name": "Elmo"
        }
    },
    "253": {
        "@timestamp": "2022-10-07T10:21:10.560Z",
        "host": {
            "name": "Elmo",
            "ip": [
                "fe80::7cd2:efa8:dba2:6fc0",
                "169.254.111.192",
                "fe80::e431:7896:8d85:5aa",
                "172.21.208.1",
                "fe80::48ae:546b:7a20:7f52",
                "172.30.112.1",
                "fe80::bc21:1b56:1d1:4b9f",
                "169.254.75.159",
                "fe80::4807:9ca5:cd67:6ac6",
                "169.254.106.198",
                "fe80::e097:4ef1:6314:5a55",
                "169.254.90.85",
                "fe80::d55:b4a9:26a4:7406",
                "192.168.1.102",
                "fe80::211f:b772:c6da:bfb3",
                "172.27.16.1",
                "fe80::f90c:d738:c01c:abc6",
                "172.28.192.1"
            ]
        },
        "winlog": {
            "computer_name": "Elmo",
            "provider_guid": "{5770385f-c22a-43e0-bf4c-06f5698ffbd9}",
            "provider_name": "Microsoft-Windows-Sysmon",
            "event_data": {
                "RuleName": "-",
                "User": "ELMO\\mrdor",
                "UtcTime": "2022-10-07 10:21:23.906",
                "ProcessGuid": "{dd01dab0-f976-633f-9e54-010000004600}",
                "ProcessId": "17580",
                "QueryName": "steamcdn-a.akamaihd.net",
                "QueryStatus": "0",
                "QueryResults": "type:  5 steamcdn-a.akamaihd.net.edgesuite.net;type:  5 a1843.g1.akamai.net;2.19.126.197;2.19.126.196;",
                "Image": "G:\\Steam\\bin\\cef\\cef.win7x64\\steamwebhelper.exe"
            },
            "task": "Dns query (rule: DnsQuery)"
        }
    },
    "254": {
        "@timestamp": "2022-10-07T10:21:11.571Z",
        "host": {
            "ip": [
                "fe80::7cd2:efa8:dba2:6fc0",
                "169.254.111.192",
                "fe80::e431:7896:8d85:5aa",
                "172.21.208.1",
                "fe80::48ae:546b:7a20:7f52",
                "172.30.112.1",
                "fe80::bc21:1b56:1d1:4b9f",
                "169.254.75.159",
                "fe80::4807:9ca5:cd67:6ac6",
                "169.254.106.198",
                "fe80::e097:4ef1:6314:5a55",
                "169.254.90.85",
                "fe80::d55:b4a9:26a4:7406",
                "192.168.1.102",
                "fe80::211f:b772:c6da:bfb3",
                "172.27.16.1",
                "fe80::f90c:d738:c01c:abc6",
                "172.28.192.1"
            ],
            "name": "Elmo"
        },
        "winlog": {
            "provider_guid": "{5770385f-c22a-43e0-bf4c-06f5698ffbd9}",
            "event_data": {
                "Image": "G:\\Steam\\bin\\cef\\cef.win7x64\\steamwebhelper.exe",
                "ProcessGuid": "{dd01dab0-f976-633f-9e54-010000004600}",
                "QueryName": "steamuserimages-a.akamaihd.net",
                "User": "ELMO\\mrdor",
                "QueryStatus": "0",
                "QueryResults": "type:  5 steamuserimages-a.akamaihd.net.edgesuite.net;type:  5 a1639.dscb.akamai.net;2.16.91.9;2.16.91.25;",
                "UtcTime": "2022-10-07 10:21:24.016",
                "RuleName": "-",
                "ProcessId": "17580"
            },
            "provider_name": "Microsoft-Windows-Sysmon",
            "task": "Dns query (rule: DnsQuery)",
            "computer_name": "Elmo"
        }
    },
    "255": {
        "@timestamp": "2022-10-07T10:21:23.676Z",
        "host": {
            "ip": [
                "fe80::7cd2:efa8:dba2:6fc0",
                "169.254.111.192",
                "fe80::e431:7896:8d85:5aa",
                "172.21.208.1",
                "fe80::48ae:546b:7a20:7f52",
                "172.30.112.1",
                "fe80::bc21:1b56:1d1:4b9f",
                "169.254.75.159",
                "fe80::4807:9ca5:cd67:6ac6",
                "169.254.106.198",
                "fe80::e097:4ef1:6314:5a55",
                "169.254.90.85",
                "fe80::d55:b4a9:26a4:7406",
                "192.168.1.102",
                "fe80::211f:b772:c6da:bfb3",
                "172.27.16.1",
                "fe80::f90c:d738:c01c:abc6",
                "172.28.192.1"
            ],
            "name": "Elmo"
        },
        "winlog": {
            "event_data": {
                "UtcTime": "2022-10-07 10:21:23.672",
                "Image": "C:\\Program Files\\JetBrains\\PyCharm 2021.3\\bin\\runnerw.exe",
                "ParentImage": "C:\\Program Files\\JetBrains\\PyCharm 2021.3\\bin\\pycharm64.exe",
                "LogonGuid": "{dd01dab0-b9ee-633f-e637-282600000000}",
                "FileVersion": "1.0.0.1",
                "CommandLine": "\"C:\\Program Files\\JetBrains\\PyCharm 2021.3\\bin\\runnerw.exe\" \"C:\\Program Files\\Git\\cmd\\git.exe\" -c credential.helper= -c core.quotepath=false -c log.showSignature=false status --porcelain -z --untracked-files=no --ignored=no -- client/tempfiles/Logs/Sysmon/sysmon-logs-73.json client/tempfiles/Logs/Sysmon/sysmon-logs-74.json client/tempfiles/Logs/Sysmon/winlogbeat-20221007-73.ndjson client/tempfiles/Logs/Sysmon/winlogbeat-20221007-74.ndjson client/tempfiles/Logs/Sysmon/winlogbeat-20221007-75.ndjson client/tempfiles/Logs/Sysmon/winlogbeat-20221007-76.ndjson",
                "ProcessId": "17536",
                "ParentProcessId": "18532",
                "ParentUser": "ELMO\\mrdor",
                "RuleName": "-",
                "LogonId": "0x262837e6",
                "OriginalFileName": "runnerw.exe",
                "User": "ELMO\\mrdor",
                "IntegrityLevel": "High",
                "ParentProcessGuid": "{dd01dab0-e463-633f-c137-010000004600}",
                "Company": "JetBrains s.r.o.",
                "ProcessGuid": "{dd01dab0-fda3-633f-cb54-010000004600}",
                "ParentCommandLine": "\"C:\\Program Files\\JetBrains\\PyCharm 2021.3\\bin\\pycharm64.exe\" ",
                "Product": "IntelliJ Platform",
                "CurrentDirectory": "C:\\Users\\mrdor\\PycharmProjects\\Hunterbee\\",
                "Hashes": "MD5=23E6EC0009C0C7081DB498A691B89E87",
                "Description": "Command line runner",
                "TerminalSessionId": "4"
            },
            "provider_name": "Microsoft-Windows-Sysmon",
            "computer_name": "Elmo",
            "provider_guid": "{5770385f-c22a-43e0-bf4c-06f5698ffbd9}",
            "task": "Process Create (rule: ProcessCreate)"
        }
    },
    "256": {
        "@timestamp": "2022-10-07T10:21:23.717Z",
        "winlog": {
            "provider_name": "Microsoft-Windows-Sysmon",
            "provider_guid": "{5770385f-c22a-43e0-bf4c-06f5698ffbd9}",
            "event_data": {
                "Image": "C:\\Program Files\\Git\\cmd\\git.exe",
                "CommandLine": "\"C:\\Program Files\\Git\\cmd\\git.exe\" -c credential.helper= -c core.quotepath=false -c log.showSignature=false status --porcelain -z --untracked-files=no --ignored=no -- client/tempfiles/Logs/Sysmon/sysmon-logs-73.json client/tempfiles/Logs/Sysmon/sysmon-logs-74.json client/tempfiles/Logs/Sysmon/winlogbeat-20221007-73.ndjson client/tempfiles/Logs/Sysmon/winlogbeat-20221007-74.ndjson client/tempfiles/Logs/Sysmon/winlogbeat-20221007-75.ndjson client/tempfiles/Logs/Sysmon/winlogbeat-20221007-76.ndjson",
                "CurrentDirectory": "C:\\Users\\mrdor\\PycharmProjects\\Hunterbee\\",
                "ProcessId": "21960",
                "ParentImage": "C:\\Program Files\\JetBrains\\PyCharm 2021.3\\bin\\runnerw.exe",
                "UtcTime": "2022-10-07 10:21:23.714",
                "IntegrityLevel": "High",
                "Product": "Git",
                "LogonGuid": "{dd01dab0-b9ee-633f-e637-282600000000}",
                "Company": "The Git Development Community",
                "TerminalSessionId": "4",
                "RuleName": "-",
                "ParentCommandLine": "\"C:\\Program Files\\JetBrains\\PyCharm 2021.3\\bin\\runnerw.exe\" \"C:\\Program Files\\Git\\cmd\\git.exe\" -c credential.helper= -c core.quotepath=false -c log.showSignature=false status --porcelain -z --untracked-files=no --ignored=no -- client/tempfiles/Logs/Sysmon/sysmon-logs-73.json client/tempfiles/Logs/Sysmon/sysmon-logs-74.json client/tempfiles/Logs/Sysmon/winlogbeat-20221007-73.ndjson client/tempfiles/Logs/Sysmon/winlogbeat-20221007-74.ndjson client/tempfiles/Logs/Sysmon/winlogbeat-20221007-75.ndjson client/tempfiles/Logs/Sysmon/winlogbeat-20221007-76.ndjson",
                "LogonId": "0x262837e6",
                "FileVersion": "-",
                "ParentProcessId": "17536",
                "Hashes": "MD5=E87C1D27A0D6D4B36F05407A40418E0D",
                "User": "ELMO\\mrdor",
                "ProcessGuid": "{dd01dab0-fda3-633f-cd54-010000004600}",
                "Description": "Git for Windows",
                "ParentUser": "ELMO\\mrdor",
                "OriginalFileName": "git.exe",
                "ParentProcessGuid": "{dd01dab0-fda3-633f-cb54-010000004600}"
            },
            "task": "Process Create (rule: ProcessCreate)",
            "computer_name": "Elmo"
        },
        "host": {
            "name": "Elmo",
            "ip": [
                "fe80::7cd2:efa8:dba2:6fc0",
                "169.254.111.192",
                "fe80::e431:7896:8d85:5aa",
                "172.21.208.1",
                "fe80::48ae:546b:7a20:7f52",
                "172.30.112.1",
                "fe80::bc21:1b56:1d1:4b9f",
                "169.254.75.159",
                "fe80::4807:9ca5:cd67:6ac6",
                "169.254.106.198",
                "fe80::e097:4ef1:6314:5a55",
                "169.254.90.85",
                "fe80::d55:b4a9:26a4:7406",
                "192.168.1.102",
                "fe80::211f:b772:c6da:bfb3",
                "172.27.16.1",
                "fe80::f90c:d738:c01c:abc6",
                "172.28.192.1"
            ]
        }
    },
    "257": {
        "@timestamp": "2022-10-07T10:21:23.731Z",
        "winlog": {
            "event_data": {
                "Image": "C:\\Program Files\\Git\\mingw64\\bin\\git.exe",
                "LogonId": "0x262837e6",
                "UtcTime": "2022-10-07 10:21:23.729",
                "ParentProcessGuid": "{dd01dab0-fda3-633f-cd54-010000004600}",
                "ProcessGuid": "{dd01dab0-fda3-633f-ce54-010000004600}",
                "ParentProcessId": "21960",
                "ParentCommandLine": "\"C:\\Program Files\\Git\\cmd\\git.exe\" -c credential.helper= -c core.quotepath=false -c log.showSignature=false status --porcelain -z --untracked-files=no --ignored=no -- client/tempfiles/Logs/Sysmon/sysmon-logs-73.json client/tempfiles/Logs/Sysmon/sysmon-logs-74.json client/tempfiles/Logs/Sysmon/winlogbeat-20221007-73.ndjson client/tempfiles/Logs/Sysmon/winlogbeat-20221007-74.ndjson client/tempfiles/Logs/Sysmon/winlogbeat-20221007-75.ndjson client/tempfiles/Logs/Sysmon/winlogbeat-20221007-76.ndjson",
                "RuleName": "-",
                "ParentImage": "C:\\Program Files\\Git\\cmd\\git.exe",
                "CommandLine": "git.exe -c credential.helper= -c core.quotepath=false -c log.showSignature=false status --porcelain -z --untracked-files=no --ignored=no -- client/tempfiles/Logs/Sysmon/sysmon-logs-73.json client/tempfiles/Logs/Sysmon/sysmon-logs-74.json client/tempfiles/Logs/Sysmon/winlogbeat-20221007-73.ndjson client/tempfiles/Logs/Sysmon/winlogbeat-20221007-74.ndjson client/tempfiles/Logs/Sysmon/winlogbeat-20221007-75.ndjson client/tempfiles/Logs/Sysmon/winlogbeat-20221007-76.ndjson",
                "CurrentDirectory": "C:\\Users\\mrdor\\PycharmProjects\\Hunterbee\\",
                "ProcessId": "9340",
                "Description": "Git for Windows",
                "OriginalFileName": "git.exe",
                "LogonGuid": "{dd01dab0-b9ee-633f-e637-282600000000}",
                "IntegrityLevel": "High",
                "Hashes": "MD5=A521A4389F01D81C4E78C9129EB36D48",
                "ParentUser": "ELMO\\mrdor",
                "Product": "Git",
                "FileVersion": "-",
                "Company": "The Git Development Community",
                "User": "ELMO\\mrdor",
                "TerminalSessionId": "4"
            },
            "task": "Process Create (rule: ProcessCreate)",
            "provider_name": "Microsoft-Windows-Sysmon",
            "computer_name": "Elmo",
            "provider_guid": "{5770385f-c22a-43e0-bf4c-06f5698ffbd9}"
        },
        "host": {
            "name": "Elmo",
            "ip": [
                "fe80::7cd2:efa8:dba2:6fc0",
                "169.254.111.192",
                "fe80::e431:7896:8d85:5aa",
                "172.21.208.1",
                "fe80::48ae:546b:7a20:7f52",
                "172.30.112.1",
                "fe80::bc21:1b56:1d1:4b9f",
                "169.254.75.159",
                "fe80::4807:9ca5:cd67:6ac6",
                "169.254.106.198",
                "fe80::e097:4ef1:6314:5a55",
                "169.254.90.85",
                "fe80::d55:b4a9:26a4:7406",
                "192.168.1.102",
                "fe80::211f:b772:c6da:bfb3",
                "172.27.16.1",
                "fe80::f90c:d738:c01c:abc6",
                "172.28.192.1"
            ]
        }
    },
    "258": {
        "@timestamp": "2022-10-07T10:21:24.200Z",
        "host": {
            "ip": [
                "fe80::7cd2:efa8:dba2:6fc0",
                "169.254.111.192",
                "fe80::e431:7896:8d85:5aa",
                "172.21.208.1",
                "fe80::48ae:546b:7a20:7f52",
                "172.30.112.1",
                "fe80::bc21:1b56:1d1:4b9f",
                "169.254.75.159",
                "fe80::4807:9ca5:cd67:6ac6",
                "169.254.106.198",
                "fe80::e097:4ef1:6314:5a55",
                "169.254.90.85",
                "fe80::d55:b4a9:26a4:7406",
                "192.168.1.102",
                "fe80::211f:b772:c6da:bfb3",
                "172.27.16.1",
                "fe80::f90c:d738:c01c:abc6",
                "172.28.192.1"
            ],
            "name": "Elmo"
        },
        "winlog": {
            "provider_name": "Microsoft-Windows-Sysmon",
            "computer_name": "Elmo",
            "provider_guid": "{5770385f-c22a-43e0-bf4c-06f5698ffbd9}",
            "event_data": {
                "IntegrityLevel": "High",
                "CurrentDirectory": "C:\\Users\\mrdor\\PycharmProjects\\Hunterbee\\venv\\Scripts\\",
                "LogonGuid": "{dd01dab0-b9ee-633f-e637-282600000000}",
                "LogonId": "0x262837e6",
                "CommandLine": "C:\\Users\\mrdor\\PycharmProjects\\Hunterbee\\venv\\Scripts\\python.exe \"C:\\Program Files\\JetBrains\\PyCharm 2021.3\\plugins\\python\\helpers\\pycodestyle.py\" --max-line-length=120 -",
                "FileVersion": "3.9.7",
                "OriginalFileName": "py.exe",
                "Description": "Python",
                "Company": "Python Software Foundation",
                "ParentUser": "ELMO\\mrdor",
                "UtcTime": "2022-10-07 10:21:24.197",
                "ParentCommandLine": "\"C:\\Program Files\\JetBrains\\PyCharm 2021.3\\bin\\pycharm64.exe\" ",
                "Product": "Python",
                "User": "ELMO\\mrdor",
                "TerminalSessionId": "4",
                "Hashes": "MD5=D59663B8D5F110F55EC5507C8DFDCC82",
                "RuleName": "-",
                "ProcessId": "23332",
                "ParentImage": "C:\\Program Files\\JetBrains\\PyCharm 2021.3\\bin\\pycharm64.exe",
                "Image": "C:\\Users\\mrdor\\PycharmProjects\\Hunterbee\\venv\\Scripts\\python.exe",
                "ParentProcessGuid": "{dd01dab0-e463-633f-c137-010000004600}",
                "ParentProcessId": "18532",
                "ProcessGuid": "{dd01dab0-fda4-633f-cf54-010000004600}"
            },
            "task": "Process Create (rule: ProcessCreate)"
        }
    },
    "259": {
        "@timestamp": "2022-10-07T10:21:24.228Z",
        "host": {
            "name": "Elmo",
            "ip": [
                "fe80::7cd2:efa8:dba2:6fc0",
                "169.254.111.192",
                "fe80::e431:7896:8d85:5aa",
                "172.21.208.1",
                "fe80::48ae:546b:7a20:7f52",
                "172.30.112.1",
                "fe80::bc21:1b56:1d1:4b9f",
                "169.254.75.159",
                "fe80::4807:9ca5:cd67:6ac6",
                "169.254.106.198",
                "fe80::e097:4ef1:6314:5a55",
                "169.254.90.85",
                "fe80::d55:b4a9:26a4:7406",
                "192.168.1.102",
                "fe80::211f:b772:c6da:bfb3",
                "172.27.16.1",
                "fe80::f90c:d738:c01c:abc6",
                "172.28.192.1"
            ]
        },
        "winlog": {
            "computer_name": "Elmo",
            "event_data": {
                "UtcTime": "2022-10-07 10:21:24.226",
                "LogonGuid": "{dd01dab0-b9ee-633f-e637-282600000000}",
                "User": "ELMO\\mrdor",
                "CommandLine": "C:\\Users\\mrdor\\AppData\\Local\\Programs\\Python\\Python39\\python.exe \"C:\\Program Files\\JetBrains\\PyCharm 2021.3\\plugins\\python\\helpers\\pycodestyle.py\" --max-line-length=120 -",
                "ParentProcessId": "23332",
                "ParentUser": "ELMO\\mrdor",
                "Product": "Python",
                "ParentProcessGuid": "{dd01dab0-fda4-633f-cf54-010000004600}",
                "RuleName": "-",
                "Description": "Python",
                "OriginalFileName": "python.exe",
                "LogonId": "0x262837e6",
                "Company": "Python Software Foundation",
                "TerminalSessionId": "4",
                "Hashes": "MD5=9AE7FE91385052358C3E33864ADA5E4E",
                "Image": "C:\\Users\\mrdor\\AppData\\Local\\Programs\\Python\\Python39\\python.exe",
                "IntegrityLevel": "High",
                "ParentCommandLine": "C:\\Users\\mrdor\\PycharmProjects\\Hunterbee\\venv\\Scripts\\python.exe \"C:\\Program Files\\JetBrains\\PyCharm 2021.3\\plugins\\python\\helpers\\pycodestyle.py\" --max-line-length=120 -",
                "ProcessId": "18584",
                "ParentImage": "C:\\Users\\mrdor\\PycharmProjects\\Hunterbee\\venv\\Scripts\\python.exe",
                "FileVersion": "3.9.7",
                "CurrentDirectory": "C:\\Users\\mrdor\\PycharmProjects\\Hunterbee\\venv\\Scripts\\",
                "ProcessGuid": "{dd01dab0-fda4-633f-d154-010000004600}"
            },
            "provider_name": "Microsoft-Windows-Sysmon",
            "task": "Process Create (rule: ProcessCreate)",
            "provider_guid": "{5770385f-c22a-43e0-bf4c-06f5698ffbd9}"
        }
    },
    "260": {
        "@timestamp": "2022-10-07T10:21:24.399Z",
        "host": {
            "name": "Elmo",
            "ip": [
                "fe80::7cd2:efa8:dba2:6fc0",
                "169.254.111.192",
                "fe80::e431:7896:8d85:5aa",
                "172.21.208.1",
                "fe80::48ae:546b:7a20:7f52",
                "172.30.112.1",
                "fe80::bc21:1b56:1d1:4b9f",
                "169.254.75.159",
                "fe80::4807:9ca5:cd67:6ac6",
                "169.254.106.198",
                "fe80::e097:4ef1:6314:5a55",
                "169.254.90.85",
                "fe80::d55:b4a9:26a4:7406",
                "192.168.1.102",
                "fe80::211f:b772:c6da:bfb3",
                "172.27.16.1",
                "fe80::f90c:d738:c01c:abc6",
                "172.28.192.1"
            ]
        },
        "winlog": {
            "provider_guid": "{5770385f-c22a-43e0-bf4c-06f5698ffbd9}",
            "computer_name": "Elmo",
            "provider_name": "Microsoft-Windows-Sysmon",
            "task": "Process terminated (rule: ProcessTerminate)",
            "event_data": {
                "RuleName": "-",
                "UtcTime": "2022-10-07 10:21:24.398",
                "ProcessGuid": "{dd01dab0-fda4-633f-d154-010000004600}",
                "ProcessId": "18584",
                "Image": "C:\\Users\\mrdor\\AppData\\Local\\Programs\\Python\\Python39\\python.exe",
                "User": "ELMO\\mrdor"
            }
        }
    },
    "261": {
        "@timestamp": "2022-10-07T10:21:24.401Z",
        "host": {
            "name": "Elmo",
            "ip": [
                "fe80::7cd2:efa8:dba2:6fc0",
                "169.254.111.192",
                "fe80::e431:7896:8d85:5aa",
                "172.21.208.1",
                "fe80::48ae:546b:7a20:7f52",
                "172.30.112.1",
                "fe80::bc21:1b56:1d1:4b9f",
                "169.254.75.159",
                "fe80::4807:9ca5:cd67:6ac6",
                "169.254.106.198",
                "fe80::e097:4ef1:6314:5a55",
                "169.254.90.85",
                "fe80::d55:b4a9:26a4:7406",
                "192.168.1.102",
                "fe80::211f:b772:c6da:bfb3",
                "172.27.16.1",
                "fe80::f90c:d738:c01c:abc6",
                "172.28.192.1"
            ]
        },
        "winlog": {
            "computer_name": "Elmo",
            "provider_guid": "{5770385f-c22a-43e0-bf4c-06f5698ffbd9}",
            "event_data": {
                "RuleName": "-",
                "UtcTime": "2022-10-07 10:21:24.400",
                "ProcessGuid": "{dd01dab0-fda4-633f-cf54-010000004600}",
                "ProcessId": "23332",
                "Image": "C:\\Users\\mrdor\\PycharmProjects\\Hunterbee\\venv\\Scripts\\python.exe",
                "User": "ELMO\\mrdor"
            },
            "task": "Process terminated (rule: ProcessTerminate)",
            "provider_name": "Microsoft-Windows-Sysmon"
        }
    },
    "262": {
        "@timestamp": "2022-10-07T10:21:34.099Z",
        "winlog": {
            "provider_name": "Microsoft-Windows-Sysmon",
            "event_data": {
                "ParentCommandLine": "\"C:\\Program Files\\JetBrains\\PyCharm 2021.3\\bin\\pycharm64.exe\" ",
                "LogonId": "0x262837e6",
                "Hashes": "MD5=23E6EC0009C0C7081DB498A691B89E87",
                "TerminalSessionId": "4",
                "UtcTime": "2022-10-07 10:21:34.095",
                "ParentUser": "ELMO\\mrdor",
                "ParentProcessId": "18532",
                "IntegrityLevel": "High",
                "LogonGuid": "{dd01dab0-b9ee-633f-e637-282600000000}",
                "RuleName": "-",
                "ProcessId": "1960",
                "ParentImage": "C:\\Program Files\\JetBrains\\PyCharm 2021.3\\bin\\pycharm64.exe",
                "CommandLine": "\"C:\\Program Files\\JetBrains\\PyCharm 2021.3\\bin\\runnerw.exe\" \"C:\\Program Files\\Git\\cmd\\git.exe\" -c credential.helper= -c core.quotepath=false -c log.showSignature=false status --porcelain -z --untracked-files=no --ignored=no -- .idea/workspace.xml",
                "User": "ELMO\\mrdor",
                "CurrentDirectory": "C:\\Users\\mrdor\\PycharmProjects\\Hunterbee\\",
                "ProcessGuid": "{dd01dab0-fdae-633f-d254-010000004600}",
                "ParentProcessGuid": "{dd01dab0-e463-633f-c137-010000004600}",
                "Image": "C:\\Program Files\\JetBrains\\PyCharm 2021.3\\bin\\runnerw.exe",
                "Product": "IntelliJ Platform",
                "OriginalFileName": "runnerw.exe",
                "Company": "JetBrains s.r.o.",
                "FileVersion": "1.0.0.1",
                "Description": "Command line runner"
            },
            "provider_guid": "{5770385f-c22a-43e0-bf4c-06f5698ffbd9}",
            "computer_name": "Elmo",
            "task": "Process Create (rule: ProcessCreate)"
        },
        "host": {
            "ip": [
                "fe80::7cd2:efa8:dba2:6fc0",
                "169.254.111.192",
                "fe80::e431:7896:8d85:5aa",
                "172.21.208.1",
                "fe80::48ae:546b:7a20:7f52",
                "172.30.112.1",
                "fe80::bc21:1b56:1d1:4b9f",
                "169.254.75.159",
                "fe80::4807:9ca5:cd67:6ac6",
                "169.254.106.198",
                "fe80::e097:4ef1:6314:5a55",
                "169.254.90.85",
                "fe80::d55:b4a9:26a4:7406",
                "192.168.1.102",
                "fe80::211f:b772:c6da:bfb3",
                "172.27.16.1",
                "fe80::f90c:d738:c01c:abc6",
                "172.28.192.1"
            ],
            "name": "Elmo"
        }
    },
    "263": {
        "@timestamp": "2022-10-07T10:21:34.135Z",
        "host": {
            "name": "Elmo",
            "ip": [
                "fe80::7cd2:efa8:dba2:6fc0",
                "169.254.111.192",
                "fe80::e431:7896:8d85:5aa",
                "172.21.208.1",
                "fe80::48ae:546b:7a20:7f52",
                "172.30.112.1",
                "fe80::bc21:1b56:1d1:4b9f",
                "169.254.75.159",
                "fe80::4807:9ca5:cd67:6ac6",
                "169.254.106.198",
                "fe80::e097:4ef1:6314:5a55",
                "169.254.90.85",
                "fe80::d55:b4a9:26a4:7406",
                "192.168.1.102",
                "fe80::211f:b772:c6da:bfb3",
                "172.27.16.1",
                "fe80::f90c:d738:c01c:abc6",
                "172.28.192.1"
            ]
        },
        "winlog": {
            "provider_guid": "{5770385f-c22a-43e0-bf4c-06f5698ffbd9}",
            "event_data": {
                "Description": "Git for Windows",
                "Hashes": "MD5=E87C1D27A0D6D4B36F05407A40418E0D",
                "ParentProcessId": "1960",
                "IntegrityLevel": "High",
                "Image": "C:\\Program Files\\Git\\cmd\\git.exe",
                "OriginalFileName": "git.exe",
                "FileVersion": "-",
                "ParentUser": "ELMO\\mrdor",
                "Product": "Git",
                "User": "ELMO\\mrdor",
                "ProcessId": "9296",
                "UtcTime": "2022-10-07 10:21:34.133",
                "ParentProcessGuid": "{dd01dab0-fdae-633f-d254-010000004600}",
                "ProcessGuid": "{dd01dab0-fdae-633f-d454-010000004600}",
                "CurrentDirectory": "C:\\Users\\mrdor\\PycharmProjects\\Hunterbee\\",
                "LogonGuid": "{dd01dab0-b9ee-633f-e637-282600000000}",
                "RuleName": "-",
                "TerminalSessionId": "4",
                "ParentImage": "C:\\Program Files\\JetBrains\\PyCharm 2021.3\\bin\\runnerw.exe",
                "LogonId": "0x262837e6",
                "Company": "The Git Development Community",
                "ParentCommandLine": "\"C:\\Program Files\\JetBrains\\PyCharm 2021.3\\bin\\runnerw.exe\" \"C:\\Program Files\\Git\\cmd\\git.exe\" -c credential.helper= -c core.quotepath=false -c log.showSignature=false status --porcelain -z --untracked-files=no --ignored=no -- .idea/workspace.xml",
                "CommandLine": "\"C:\\Program Files\\Git\\cmd\\git.exe\" -c credential.helper= -c core.quotepath=false -c log.showSignature=false status --porcelain -z --untracked-files=no --ignored=no -- .idea/workspace.xml"
            },
            "task": "Process Create (rule: ProcessCreate)",
            "computer_name": "Elmo",
            "provider_name": "Microsoft-Windows-Sysmon"
        }
    },
    "264": {
        "@timestamp": "2022-10-07T10:21:34.145Z",
        "host": {
            "ip": [
                "fe80::7cd2:efa8:dba2:6fc0",
                "169.254.111.192",
                "fe80::e431:7896:8d85:5aa",
                "172.21.208.1",
                "fe80::48ae:546b:7a20:7f52",
                "172.30.112.1",
                "fe80::bc21:1b56:1d1:4b9f",
                "169.254.75.159",
                "fe80::4807:9ca5:cd67:6ac6",
                "169.254.106.198",
                "fe80::e097:4ef1:6314:5a55",
                "169.254.90.85",
                "fe80::d55:b4a9:26a4:7406",
                "192.168.1.102",
                "fe80::211f:b772:c6da:bfb3",
                "172.27.16.1",
                "fe80::f90c:d738:c01c:abc6",
                "172.28.192.1"
            ],
            "name": "Elmo"
        },
        "winlog": {
            "provider_guid": "{5770385f-c22a-43e0-bf4c-06f5698ffbd9}",
            "computer_name": "Elmo",
            "event_data": {
                "ProcessId": "6820",
                "ParentImage": "C:\\Program Files\\Git\\cmd\\git.exe",
                "RuleName": "-",
                "User": "ELMO\\mrdor",
                "ParentCommandLine": "\"C:\\Program Files\\Git\\cmd\\git.exe\" -c credential.helper= -c core.quotepath=false -c log.showSignature=false status --porcelain -z --untracked-files=no --ignored=no -- .idea/workspace.xml",
                "FileVersion": "-",
                "TerminalSessionId": "4",
                "ProcessGuid": "{dd01dab0-fdae-633f-d554-010000004600}",
                "OriginalFileName": "git.exe",
                "Hashes": "MD5=A521A4389F01D81C4E78C9129EB36D48",
                "ParentProcessGuid": "{dd01dab0-fdae-633f-d454-010000004600}",
                "CurrentDirectory": "C:\\Users\\mrdor\\PycharmProjects\\Hunterbee\\",
                "IntegrityLevel": "High",
                "CommandLine": "git.exe -c credential.helper= -c core.quotepath=false -c log.showSignature=false status --porcelain -z --untracked-files=no --ignored=no -- .idea/workspace.xml",
                "Product": "Git",
                "UtcTime": "2022-10-07 10:21:34.143",
                "Company": "The Git Development Community",
                "ParentUser": "ELMO\\mrdor",
                "Image": "C:\\Program Files\\Git\\mingw64\\bin\\git.exe",
                "LogonId": "0x262837e6",
                "Description": "Git for Windows",
                "LogonGuid": "{dd01dab0-b9ee-633f-e637-282600000000}",
                "ParentProcessId": "9296"
            },
            "task": "Process Create (rule: ProcessCreate)",
            "provider_name": "Microsoft-Windows-Sysmon"
        }
    },
    "265": {
        "@timestamp": "2022-10-07T10:22:11.001Z",
        "host": {
            "name": "Elmo",
            "ip": [
                "fe80::7cd2:efa8:dba2:6fc0",
                "169.254.111.192",
                "fe80::e431:7896:8d85:5aa",
                "172.21.208.1",
                "fe80::48ae:546b:7a20:7f52",
                "172.30.112.1",
                "fe80::bc21:1b56:1d1:4b9f",
                "169.254.75.159",
                "fe80::4807:9ca5:cd67:6ac6",
                "169.254.106.198",
                "fe80::e097:4ef1:6314:5a55",
                "169.254.90.85",
                "fe80::d55:b4a9:26a4:7406",
                "192.168.1.102",
                "fe80::211f:b772:c6da:bfb3",
                "172.27.16.1",
                "fe80::f90c:d738:c01c:abc6",
                "172.28.192.1"
            ]
        },
        "winlog": {
            "task": "Dns query (rule: DnsQuery)",
            "computer_name": "Elmo",
            "provider_guid": "{5770385f-c22a-43e0-bf4c-06f5698ffbd9}",
            "event_data": {
                "UtcTime": "2022-10-07 10:22:24.408",
                "QueryName": "steamcdn-a.akamaihd.net",
                "Image": "G:\\Steam\\bin\\cef\\cef.win7x64\\steamwebhelper.exe",
                "RuleName": "-",
                "ProcessId": "17580",
                "User": "ELMO\\mrdor",
                "QueryStatus": "0",
                "QueryResults": "type:  5 steamcdn-a.akamaihd.net.edgesuite.net;type:  5 a1843.g1.akamai.net;2.19.126.196;2.19.126.197;",
                "ProcessGuid": "{dd01dab0-f976-633f-9e54-010000004600}"
            },
            "provider_name": "Microsoft-Windows-Sysmon"
        }
    },
    "266": {
        "@timestamp": "2022-10-07T10:22:12.525Z",
        "host": {
            "name": "Elmo",
            "ip": [
                "fe80::7cd2:efa8:dba2:6fc0",
                "169.254.111.192",
                "fe80::e431:7896:8d85:5aa",
                "172.21.208.1",
                "fe80::48ae:546b:7a20:7f52",
                "172.30.112.1",
                "fe80::bc21:1b56:1d1:4b9f",
                "169.254.75.159",
                "fe80::4807:9ca5:cd67:6ac6",
                "169.254.106.198",
                "fe80::e097:4ef1:6314:5a55",
                "169.254.90.85",
                "fe80::d55:b4a9:26a4:7406",
                "192.168.1.102",
                "fe80::211f:b772:c6da:bfb3",
                "172.27.16.1",
                "fe80::f90c:d738:c01c:abc6",
                "172.28.192.1"
            ]
        },
        "winlog": {
            "provider_name": "Microsoft-Windows-Sysmon",
            "provider_guid": "{5770385f-c22a-43e0-bf4c-06f5698ffbd9}",
            "task": "File created (rule: FileCreate)",
            "event_data": {
                "User": "ELMO\\mrdor",
                "RuleName": "Downloads",
                "UtcTime": "2022-10-07 10:22:12.525",
