                "ProcessGuid": "{dd01dab0-ffe1-633f-3855-010000004600}",
                "TerminalSessionId": "4",
                "ParentProcessId": "3580",
                "CommandLine": "\"C:\\Program Files\\Git\\cmd\\git.exe\" -c credential.helper= -c core.quotepath=false -c log.showSignature=false status --porcelain -z --untracked-files=no --ignored=no -- .idea/workspace.xml",
                "RuleName": "-",
                "Hashes": "MD5=E87C1D27A0D6D4B36F05407A40418E0D",
                "IntegrityLevel": "High",
                "Company": "The Git Development Community",
                "User": "ELMO\\mrdor",
                "ProcessId": "680",
                "ParentProcessGuid": "{dd01dab0-ffe1-633f-3655-010000004600}",
                "Image": "C:\\Program Files\\Git\\cmd\\git.exe",
                "FileVersion": "-",
                "ParentImage": "C:\\Program Files\\JetBrains\\PyCharm 2021.3\\bin\\runnerw.exe",
                "LogonId": "0x262837e6",
                "UtcTime": "2022-10-07 10:30:57.672",
                "ParentCommandLine": "\"C:\\Program Files\\JetBrains\\PyCharm 2021.3\\bin\\runnerw.exe\" \"C:\\Program Files\\Git\\cmd\\git.exe\" -c credential.helper= -c core.quotepath=false -c log.showSignature=false status --porcelain -z --untracked-files=no --ignored=no -- .idea/workspace.xml",
                "ParentUser": "ELMO\\mrdor",
                "Product": "Git"
            },
            "task": "Process Create (rule: ProcessCreate)",
            "provider_name": "Microsoft-Windows-Sysmon",
            "computer_name": "Elmo",
            "provider_guid": "{5770385f-c22a-43e0-bf4c-06f5698ffbd9}"
        }
    },
    "369": {
        "@timestamp": "2022-10-07T10:30:57.690Z",
        "host": {
            "name": "Elmo",
            "ip": [
                "fe80::7cd2:efa8:dba2:6fc0",
                "169.254.111.192",
                "fe80::e431:7896:8d85:5aa",
                "172.21.208.1",
                "fe80::48ae:546b:7a20:7f52",
                "172.30.112.1",
                "fe80::f45e:e853:b6c1:9350",
                "192.168.56.1",
                "fe80::bc21:1b56:1d1:4b9f",
                "169.254.75.159",
                "fe80::4807:9ca5:cd67:6ac6",
                "169.254.106.198",
                "fe80::e097:4ef1:6314:5a55",
                "169.254.90.85",
                "fe80::d55:b4a9:26a4:7406",
                "192.168.1.102",
                "fe80::211f:b772:c6da:bfb3",
                "172.27.16.1",
                "fe80::f90c:d738:c01c:abc6",
                "172.28.192.1",
                "fe80::68fb:280b:ac6f:30de",
                "172.23.96.1"
            ]
        },
        "winlog": {
            "computer_name": "Elmo",
            "event_data": {
                "LogonGuid": "{dd01dab0-b9ee-633f-e637-282600000000}",
                "LogonId": "0x262837e6",
                "TerminalSessionId": "4",
                "RuleName": "-",
                "UtcTime": "2022-10-07 10:30:57.688",
                "Description": "Git for Windows",
                "ParentProcessGuid": "{dd01dab0-ffe1-633f-3855-010000004600}",
                "Image": "C:\\Program Files\\Git\\mingw64\\bin\\git.exe",
                "Company": "The Git Development Community",
                "FileVersion": "-",
                "Product": "Git",
                "CurrentDirectory": "C:\\Users\\mrdor\\PycharmProjects\\Hunterbee\\",
                "ProcessId": "22736",
                "ProcessGuid": "{dd01dab0-ffe1-633f-3955-010000004600}",
                "OriginalFileName": "git.exe",
                "User": "ELMO\\mrdor",
                "ParentImage": "C:\\Program Files\\Git\\cmd\\git.exe",
                "ParentProcessId": "680",
                "ParentCommandLine": "\"C:\\Program Files\\Git\\cmd\\git.exe\" -c credential.helper= -c core.quotepath=false -c log.showSignature=false status --porcelain -z --untracked-files=no --ignored=no -- .idea/workspace.xml",
                "ParentUser": "ELMO\\mrdor",
                "Hashes": "MD5=A521A4389F01D81C4E78C9129EB36D48",
                "IntegrityLevel": "High",
                "CommandLine": "git.exe -c credential.helper= -c core.quotepath=false -c log.showSignature=false status --porcelain -z --untracked-files=no --ignored=no -- .idea/workspace.xml"
            },
            "task": "Process Create (rule: ProcessCreate)",
            "provider_guid": "{5770385f-c22a-43e0-bf4c-06f5698ffbd9}",
            "provider_name": "Microsoft-Windows-Sysmon"
        }
    },
    "370": {
        "@timestamp": "2022-10-07T10:31:13.805Z",
        "host": {
            "name": "Elmo",
            "ip": [
                "fe80::7cd2:efa8:dba2:6fc0",
                "169.254.111.192",
                "fe80::e431:7896:8d85:5aa",
                "172.21.208.1",
                "fe80::48ae:546b:7a20:7f52",
                "172.30.112.1",
                "fe80::f45e:e853:b6c1:9350",
                "192.168.56.1",
                "fe80::bc21:1b56:1d1:4b9f",
                "169.254.75.159",
                "fe80::4807:9ca5:cd67:6ac6",
                "169.254.106.198",
                "fe80::e097:4ef1:6314:5a55",
                "169.254.90.85",
                "fe80::d55:b4a9:26a4:7406",
                "192.168.1.102",
                "fe80::211f:b772:c6da:bfb3",
                "172.27.16.1",
                "fe80::f90c:d738:c01c:abc6",
                "172.28.192.1",
                "fe80::68fb:280b:ac6f:30de",
                "172.23.96.1"
            ]
        },
        "winlog": {
            "provider_name": "Microsoft-Windows-Sysmon",
            "task": "Process Create (rule: ProcessCreate)",
            "event_data": {
                "LogonGuid": "{dd01dab0-b9ee-633f-e637-282600000000}",
                "LogonId": "0x262837e6",
                "Image": "C:\\Windows\\System32\\cmd.exe",
                "ProcessId": "18512",
                "FileVersion": "10.0.19041.746 (WinBuild.160101.0800)",
                "CommandLine": "C:\\Windows\\system32\\cmd.exe /c \"tshark -r C:/Users/mrdor/PycharmProjects/Hunterbee/client/tempfiles/Logs/Wireshark/wireshark-logs-1.pcap -T json > C:/Users/mrdor/PycharmProjects/Hunterbee/client/tempfiles/Logs/Wireshark/wireshark-logs-1.json\"",
                "ParentCommandLine": "C:\\Users\\mrdor\\AppData\\Local\\Programs\\Python\\Python39\\python.exe C:/Users/mrdor/PycharmProjects/Hunterbee/client/wireshark/wireshark_interface.py",
                "ParentUser": "ELMO\\mrdor",
                "TerminalSessionId": "4",
                "OriginalFileName": "Cmd.Exe",
                "Hashes": "MD5=8A2122E8162DBEF04694B9C3E0B6CDEE",
                "ParentProcessGuid": "{dd01dab0-ffc6-633f-1855-010000004600}",
                "ParentProcessId": "11260",
                "ParentImage": "C:\\Users\\mrdor\\AppData\\Local\\Programs\\Python\\Python39\\python.exe",
                "User": "ELMO\\mrdor",
                "Product": "Microsoft\u00c2\u00ae Windows\u00c2\u00ae Operating System",
                "IntegrityLevel": "High",
                "Company": "Microsoft Corporation",
                "RuleName": "-",
                "ProcessGuid": "{dd01dab0-fff1-633f-3a55-010000004600}",
                "Description": "Windows Command Processor",
                "CurrentDirectory": "C:\\Users\\mrdor\\PycharmProjects\\Hunterbee\\client\\wireshark\\",
                "UtcTime": "2022-10-07 10:31:13.802"
            },
            "provider_guid": "{5770385f-c22a-43e0-bf4c-06f5698ffbd9}",
            "computer_name": "Elmo"
        }
    },
    "371": {
        "@timestamp": "2022-10-07T10:31:13.817Z",
        "winlog": {
            "task": "Process Create (rule: ProcessCreate)",
            "computer_name": "Elmo",
            "event_data": {
                "UtcTime": "2022-10-07 10:31:13.815",
                "ParentProcessId": "18512",
                "ParentCommandLine": "C:\\Windows\\system32\\cmd.exe /c \"tshark -r C:/Users/mrdor/PycharmProjects/Hunterbee/client/tempfiles/Logs/Wireshark/wireshark-logs-1.pcap -T json > C:/Users/mrdor/PycharmProjects/Hunterbee/client/tempfiles/Logs/Wireshark/wireshark-logs-1.json\"",
                "ParentImage": "C:\\Windows\\System32\\cmd.exe",
                "Description": "TShark",
                "Product": "TShark",
                "CommandLine": "tshark  -r C:/Users/mrdor/PycharmProjects/Hunterbee/client/tempfiles/Logs/Wireshark/wireshark-logs-1.pcap -T json ",
                "Company": "The Wireshark developer community",
                "IntegrityLevel": "High",
                "RuleName": "-",
                "ParentProcessGuid": "{dd01dab0-fff1-633f-3a55-010000004600}",
                "ProcessId": "15444",
                "Image": "C:\\Program Files\\Wireshark\\tshark.exe",
                "LogonId": "0x262837e6",
                "OriginalFileName": "TShark.exe",
                "TerminalSessionId": "4",
                "User": "ELMO\\mrdor",
                "LogonGuid": "{dd01dab0-b9ee-633f-e637-282600000000}",
                "ParentUser": "ELMO\\mrdor",
                "ProcessGuid": "{dd01dab0-fff1-633f-3b55-010000004600}",
                "Hashes": "MD5=2C7476F44C33FE4FE26600AE7AE3900D",
                "FileVersion": "3.6.2",
                "CurrentDirectory": "C:\\Users\\mrdor\\PycharmProjects\\Hunterbee\\client\\wireshark\\"
            },
            "provider_name": "Microsoft-Windows-Sysmon",
            "provider_guid": "{5770385f-c22a-43e0-bf4c-06f5698ffbd9}"
        },
        "host": {
            "ip": [
                "fe80::7cd2:efa8:dba2:6fc0",
                "169.254.111.192",
                "fe80::e431:7896:8d85:5aa",
                "172.21.208.1",
                "fe80::48ae:546b:7a20:7f52",
                "172.30.112.1",
                "fe80::f45e:e853:b6c1:9350",
                "192.168.56.1",
                "fe80::bc21:1b56:1d1:4b9f",
                "169.254.75.159",
                "fe80::4807:9ca5:cd67:6ac6",
                "169.254.106.198",
                "fe80::e097:4ef1:6314:5a55",
                "169.254.90.85",
                "fe80::d55:b4a9:26a4:7406",
                "192.168.1.102",
                "fe80::211f:b772:c6da:bfb3",
                "172.27.16.1",
                "fe80::f90c:d738:c01c:abc6",
                "172.28.192.1",
                "fe80::68fb:280b:ac6f:30de",
                "172.23.96.1"
            ],
            "name": "Elmo"
        }
    },
    "372": {
        "@timestamp": "2022-10-07T10:31:14.221Z",
        "host": {
            "name": "Elmo",
            "ip": [
                "fe80::7cd2:efa8:dba2:6fc0",
                "169.254.111.192",
                "fe80::e431:7896:8d85:5aa",
                "172.21.208.1",
                "fe80::48ae:546b:7a20:7f52",
                "172.30.112.1",
                "fe80::f45e:e853:b6c1:9350",
                "192.168.56.1",
                "fe80::bc21:1b56:1d1:4b9f",
                "169.254.75.159",
                "fe80::4807:9ca5:cd67:6ac6",
                "169.254.106.198",
                "fe80::e097:4ef1:6314:5a55",
                "169.254.90.85",
                "fe80::d55:b4a9:26a4:7406",
                "192.168.1.102",
                "fe80::211f:b772:c6da:bfb3",
                "172.27.16.1",
                "fe80::f90c:d738:c01c:abc6",
                "172.28.192.1",
                "fe80::68fb:280b:ac6f:30de",
                "172.23.96.1"
            ]
        },
        "winlog": {
            "computer_name": "Elmo",
            "event_data": {
                "FileVersion": "3.6.2",
                "RuleName": "-",
                "Image": "C:\\Program Files\\Wireshark\\tshark.exe",
                "ParentCommandLine": "C:\\Users\\mrdor\\AppData\\Local\\Programs\\Python\\Python39\\python.exe C:/Users/mrdor/PycharmProjects/Hunterbee/client/wireshark/wireshark_interface.py",
                "Description": "TShark",
                "Product": "TShark",
                "OriginalFileName": "TShark.exe",
                "LogonId": "0x262837e6",
                "TerminalSessionId": "4",
                "ParentUser": "ELMO\\mrdor",
                "ProcessGuid": "{dd01dab0-fff2-633f-3c55-010000004600}",
                "CommandLine": "\"C:/Program Files/Wireshark/tshark.exe\" -D",
                "ParentImage": "C:\\Users\\mrdor\\AppData\\Local\\Programs\\Python\\Python39\\python.exe",
                "UtcTime": "2022-10-07 10:31:14.219",
                "Company": "The Wireshark developer community",
                "IntegrityLevel": "High",
                "ParentProcessId": "11260",
                "User": "ELMO\\mrdor",
                "LogonGuid": "{dd01dab0-b9ee-633f-e637-282600000000}",
                "ProcessId": "17016",
                "CurrentDirectory": "C:\\Users\\mrdor\\PycharmProjects\\Hunterbee\\client\\wireshark\\",
                "Hashes": "MD5=2C7476F44C33FE4FE26600AE7AE3900D",
                "ParentProcessGuid": "{dd01dab0-ffc6-633f-1855-010000004600}"
            },
            "provider_name": "Microsoft-Windows-Sysmon",
            "provider_guid": "{5770385f-c22a-43e0-bf4c-06f5698ffbd9}",
            "task": "Process Create (rule: ProcessCreate)"
        }
    },
    "373": {
        "@timestamp": "2022-10-07T10:31:14.459Z",
        "host": {
            "name": "Elmo",
            "ip": [
                "fe80::7cd2:efa8:dba2:6fc0",
                "169.254.111.192",
                "fe80::e431:7896:8d85:5aa",
                "172.21.208.1",
                "fe80::48ae:546b:7a20:7f52",
                "172.30.112.1",
                "fe80::f45e:e853:b6c1:9350",
                "192.168.56.1",
                "fe80::bc21:1b56:1d1:4b9f",
                "169.254.75.159",
                "fe80::4807:9ca5:cd67:6ac6",
                "169.254.106.198",
                "fe80::e097:4ef1:6314:5a55",
                "169.254.90.85",
                "fe80::d55:b4a9:26a4:7406",
                "192.168.1.102",
                "fe80::211f:b772:c6da:bfb3",
                "172.27.16.1",
                "fe80::f90c:d738:c01c:abc6",
                "172.28.192.1",
                "fe80::68fb:280b:ac6f:30de",
                "172.23.96.1"
            ]
        },
        "winlog": {
            "task": "Process Create (rule: ProcessCreate)",
            "provider_guid": "{5770385f-c22a-43e0-bf4c-06f5698ffbd9}",
            "computer_name": "Elmo",
            "provider_name": "Microsoft-Windows-Sysmon",
            "event_data": {
                "Description": "Dumpcap",
                "ParentUser": "ELMO\\mrdor",
                "CurrentDirectory": "C:\\Users\\mrdor\\PycharmProjects\\Hunterbee\\client\\wireshark\\",
                "Hashes": "MD5=A85C48F3129B10CF5593FBF3B02836FF",
                "ParentImage": "C:\\Program Files\\Wireshark\\tshark.exe",
                "ProcessGuid": "{dd01dab0-fff2-633f-3d55-010000004600}",
                "FileVersion": "3.6.2",
                "User": "ELMO\\mrdor",
                "Image": "C:\\Program Files\\Wireshark\\dumpcap.exe",
                "CommandLine": "\"C:\\Program Files\\Wireshark\\dumpcap.exe\" -D -Z none",
                "ParentProcessId": "17016",
                "ParentCommandLine": "\"C:/Program Files/Wireshark/tshark.exe\" -D",
                "IntegrityLevel": "High",
                "LogonGuid": "{dd01dab0-b9ee-633f-e637-282600000000}",
                "Product": "Dumpcap",
                "ParentProcessGuid": "{dd01dab0-fff2-633f-3c55-010000004600}",
                "ProcessId": "21828",
                "Company": "The Wireshark developer community",
                "UtcTime": "2022-10-07 10:31:14.457",
                "OriginalFileName": "Dumpcap.exe",
                "RuleName": "-",
                "TerminalSessionId": "4",
                "LogonId": "0x262837e6"
            }
        }
    },
    "374": {
        "@timestamp": "2022-10-07T10:31:14.618Z",
        "host": {
            "name": "Elmo",
            "ip": [
                "fe80::7cd2:efa8:dba2:6fc0",
                "169.254.111.192",
                "fe80::e431:7896:8d85:5aa",
                "172.21.208.1",
                "fe80::48ae:546b:7a20:7f52",
                "172.30.112.1",
                "fe80::f45e:e853:b6c1:9350",
                "192.168.56.1",
                "fe80::bc21:1b56:1d1:4b9f",
                "169.254.75.159",
                "fe80::4807:9ca5:cd67:6ac6",
                "169.254.106.198",
                "fe80::e097:4ef1:6314:5a55",
                "169.254.90.85",
                "fe80::d55:b4a9:26a4:7406",
                "192.168.1.102",
                "fe80::211f:b772:c6da:bfb3",
                "172.27.16.1",
                "fe80::f90c:d738:c01c:abc6",
                "172.28.192.1",
                "fe80::68fb:280b:ac6f:30de",
                "172.23.96.1"
            ]
        },
        "winlog": {
            "task": "Process Create (rule: ProcessCreate)",
            "computer_name": "Elmo",
            "provider_guid": "{5770385f-c22a-43e0-bf4c-06f5698ffbd9}",
            "provider_name": "Microsoft-Windows-Sysmon",
            "event_data": {
                "TerminalSessionId": "4",
                "ParentProcessId": "11260",
                "User": "ELMO\\mrdor",
                "Hashes": "MD5=2C7476F44C33FE4FE26600AE7AE3900D",
                "ParentUser": "ELMO\\mrdor",
                "ProcessId": "20840",
                "OriginalFileName": "TShark.exe",
                "UtcTime": "2022-10-07 10:31:14.616",
                "Description": "TShark",
                "Image": "C:\\Program Files\\Wireshark\\tshark.exe",
                "IntegrityLevel": "High",
                "LogonGuid": "{dd01dab0-b9ee-633f-e637-282600000000}",
                "FileVersion": "3.6.2",
                "Product": "TShark",
                "ParentProcessGuid": "{dd01dab0-ffc6-633f-1855-010000004600}",
                "CurrentDirectory": "C:\\Users\\mrdor\\PycharmProjects\\Hunterbee\\client\\wireshark\\",
                "ParentCommandLine": "C:\\Users\\mrdor\\AppData\\Local\\Programs\\Python\\Python39\\python.exe C:/Users/mrdor/PycharmProjects/Hunterbee/client/wireshark/wireshark_interface.py",
                "CommandLine": "\"C:/Program Files/Wireshark/tshark.exe\" -v",
                "LogonId": "0x262837e6",
                "RuleName": "-",
                "ProcessGuid": "{dd01dab0-fff2-633f-3f55-010000004600}",
                "Company": "The Wireshark developer community",
                "ParentImage": "C:\\Users\\mrdor\\AppData\\Local\\Programs\\Python\\Python39\\python.exe"
            }
        }
    },
    "375": {
        "@timestamp": "2022-10-07T10:31:14.989Z",
        "host": {
            "name": "Elmo",
            "ip": [
                "fe80::7cd2:efa8:dba2:6fc0",
                "169.254.111.192",
                "fe80::e431:7896:8d85:5aa",
                "172.21.208.1",
                "fe80::48ae:546b:7a20:7f52",
                "172.30.112.1",
                "fe80::f45e:e853:b6c1:9350",
                "192.168.56.1",
                "fe80::bc21:1b56:1d1:4b9f",
                "169.254.75.159",
                "fe80::4807:9ca5:cd67:6ac6",
                "169.254.106.198",
                "fe80::e097:4ef1:6314:5a55",
                "169.254.90.85",
                "fe80::d55:b4a9:26a4:7406",
                "192.168.1.102",
                "fe80::211f:b772:c6da:bfb3",
                "172.27.16.1",
                "fe80::f90c:d738:c01c:abc6",
                "172.28.192.1",
                "fe80::68fb:280b:ac6f:30de",
                "172.23.96.1"
            ]
        },
        "winlog": {
            "provider_name": "Microsoft-Windows-Sysmon",
            "provider_guid": "{5770385f-c22a-43e0-bf4c-06f5698ffbd9}",
            "event_data": {
                "Description": "Dumpcap",
                "OriginalFileName": "Dumpcap.exe",
                "TerminalSessionId": "4",
                "ProcessGuid": "{dd01dab0-fff2-633f-4055-010000004600}",
                "ProcessId": "7172",
                "LogonId": "0x262837e6",
                "RuleName": "-",
                "Image": "C:\\Program Files\\Wireshark\\dumpcap.exe",
                "CommandLine": "\"C:/Program Files/Wireshark/dumpcap.exe\" -q -i Wi-Fi -w -",
                "ParentImage": "C:\\Users\\mrdor\\AppData\\Local\\Programs\\Python\\Python39\\python.exe",
                "Company": "The Wireshark developer community",
                "IntegrityLevel": "High",
                "ParentCommandLine": "C:\\Users\\mrdor\\AppData\\Local\\Programs\\Python\\Python39\\python.exe C:/Users/mrdor/PycharmProjects/Hunterbee/client/wireshark/wireshark_interface.py",
                "ParentUser": "ELMO\\mrdor",
                "FileVersion": "3.6.2",
                "LogonGuid": "{dd01dab0-b9ee-633f-e637-282600000000}",
                "User": "ELMO\\mrdor",
                "Hashes": "MD5=A85C48F3129B10CF5593FBF3B02836FF",
                "ParentProcessId": "11260",
                "UtcTime": "2022-10-07 10:31:14.987",
                "ParentProcessGuid": "{dd01dab0-ffc6-633f-1855-010000004600}",
                "CurrentDirectory": "C:\\Users\\mrdor\\PycharmProjects\\Hunterbee\\client\\wireshark\\",
                "Product": "Dumpcap"
            },
            "computer_name": "Elmo",
            "task": "Process Create (rule: ProcessCreate)"
        }
    },
    "376": {
        "@timestamp": "2022-10-07T10:31:14.993Z",
        "winlog": {
            "event_data": {
                "Product": "TShark",
                "Description": "TShark",
                "LogonId": "0x262837e6",
                "User": "ELMO\\mrdor",
                "ParentUser": "ELMO\\mrdor",
                "ParentProcessId": "11260",
                "ParentImage": "C:\\Users\\mrdor\\AppData\\Local\\Programs\\Python\\Python39\\python.exe",
                "Image": "C:\\Program Files\\Wireshark\\tshark.exe",
                "CommandLine": "\"C:/Program Files/Wireshark/tshark.exe\" -D",
                "FileVersion": "3.6.2",
                "LogonGuid": "{dd01dab0-b9ee-633f-e637-282600000000}",
                "IntegrityLevel": "High",
                "ParentProcessGuid": "{dd01dab0-ffc6-633f-1855-010000004600}",
                "TerminalSessionId": "4",
                "ProcessId": "2752",
                "OriginalFileName": "TShark.exe",
                "Company": "The Wireshark developer community",
                "ParentCommandLine": "C:\\Users\\mrdor\\AppData\\Local\\Programs\\Python\\Python39\\python.exe C:/Users/mrdor/PycharmProjects/Hunterbee/client/wireshark/wireshark_interface.py",
                "CurrentDirectory": "C:\\Users\\mrdor\\PycharmProjects\\Hunterbee\\client\\wireshark\\",
                "Hashes": "MD5=2C7476F44C33FE4FE26600AE7AE3900D",
                "RuleName": "-",
                "ProcessGuid": "{dd01dab0-fff2-633f-4155-010000004600}",
                "UtcTime": "2022-10-07 10:31:14.991"
            },
            "provider_guid": "{5770385f-c22a-43e0-bf4c-06f5698ffbd9}",
            "task": "Process Create (rule: ProcessCreate)",
            "computer_name": "Elmo",
            "provider_name": "Microsoft-Windows-Sysmon"
        },
        "host": {
            "name": "Elmo",
            "ip": [
                "fe80::7cd2:efa8:dba2:6fc0",
                "169.254.111.192",
                "fe80::e431:7896:8d85:5aa",
                "172.21.208.1",
                "fe80::48ae:546b:7a20:7f52",
                "172.30.112.1",
                "fe80::f45e:e853:b6c1:9350",
                "192.168.56.1",
                "fe80::bc21:1b56:1d1:4b9f",
                "169.254.75.159",
                "fe80::4807:9ca5:cd67:6ac6",
                "169.254.106.198",
                "fe80::e097:4ef1:6314:5a55",
                "169.254.90.85",
                "fe80::d55:b4a9:26a4:7406",
                "192.168.1.102",
                "fe80::211f:b772:c6da:bfb3",
                "172.27.16.1",
                "fe80::f90c:d738:c01c:abc6",
                "172.28.192.1",
                "fe80::68fb:280b:ac6f:30de",
                "172.23.96.1"
            ]
        }
    },
    "377": {
        "@timestamp": "2022-10-07T10:31:15.226Z",
        "winlog": {
            "computer_name": "Elmo",
            "provider_name": "Microsoft-Windows-Sysmon",
            "event_data": {
                "FileVersion": "3.6.2",
                "OriginalFileName": "Dumpcap.exe",
                "ParentProcessId": "2752",
                "ProcessId": "4568",
                "CommandLine": "\"C:\\Program Files\\Wireshark\\dumpcap.exe\" -D -Z none",
                "Company": "The Wireshark developer community",
                "LogonGuid": "{dd01dab0-b9ee-633f-e637-282600000000}",
                "ParentImage": "C:\\Program Files\\Wireshark\\tshark.exe",
                "RuleName": "-",
                "Image": "C:\\Program Files\\Wireshark\\dumpcap.exe",
                "User": "ELMO\\mrdor",
                "IntegrityLevel": "High",
                "ProcessGuid": "{dd01dab0-fff3-633f-4255-010000004600}",
                "LogonId": "0x262837e6",
                "ParentProcessGuid": "{dd01dab0-fff2-633f-4155-010000004600}",
                "ParentUser": "ELMO\\mrdor",
                "Product": "Dumpcap",
                "ParentCommandLine": "\"C:/Program Files/Wireshark/tshark.exe\" -D",
                "UtcTime": "2022-10-07 10:31:15.224",
                "CurrentDirectory": "C:\\Users\\mrdor\\PycharmProjects\\Hunterbee\\client\\wireshark\\",
                "TerminalSessionId": "4",
                "Description": "Dumpcap",
                "Hashes": "MD5=A85C48F3129B10CF5593FBF3B02836FF"
            },
            "task": "Process Create (rule: ProcessCreate)",
            "provider_guid": "{5770385f-c22a-43e0-bf4c-06f5698ffbd9}"
        },
        "host": {
            "ip": [
                "fe80::7cd2:efa8:dba2:6fc0",
                "169.254.111.192",
                "fe80::e431:7896:8d85:5aa",
                "172.21.208.1",
                "fe80::48ae:546b:7a20:7f52",
                "172.30.112.1",
                "fe80::f45e:e853:b6c1:9350",
                "192.168.56.1",
                "fe80::bc21:1b56:1d1:4b9f",
                "169.254.75.159",
                "fe80::4807:9ca5:cd67:6ac6",
                "169.254.106.198",
                "fe80::e097:4ef1:6314:5a55",
                "169.254.90.85",
                "fe80::d55:b4a9:26a4:7406",
                "192.168.1.102",
                "fe80::211f:b772:c6da:bfb3",
                "172.27.16.1",
                "fe80::f90c:d738:c01c:abc6",
                "172.28.192.1",
                "fe80::68fb:280b:ac6f:30de",
                "172.23.96.1"
            ],
            "name": "Elmo"
        }
    },
    "378": {
        "@timestamp": "2022-10-07T10:31:15.397Z",
        "host": {
            "name": "Elmo",
            "ip": [
                "fe80::7cd2:efa8:dba2:6fc0",
                "169.254.111.192",
                "fe80::e431:7896:8d85:5aa",
                "172.21.208.1",
                "fe80::48ae:546b:7a20:7f52",
                "172.30.112.1",
                "fe80::f45e:e853:b6c1:9350",
                "192.168.56.1",
                "fe80::bc21:1b56:1d1:4b9f",
                "169.254.75.159",
                "fe80::4807:9ca5:cd67:6ac6",
                "169.254.106.198",
                "fe80::e097:4ef1:6314:5a55",
                "169.254.90.85",
                "fe80::d55:b4a9:26a4:7406",
                "192.168.1.102",
                "fe80::211f:b772:c6da:bfb3",
                "172.27.16.1",
                "fe80::f90c:d738:c01c:abc6",
                "172.28.192.1",
                "fe80::68fb:280b:ac6f:30de",
                "172.23.96.1"
            ]
        },
        "winlog": {
            "task": "Process Create (rule: ProcessCreate)",
            "event_data": {
                "LogonId": "0x262837e6",
                "IntegrityLevel": "High",
                "CommandLine": "\"C:/Program Files/Wireshark/tshark.exe\" -l -n -T pdml -c 25 -w C:/Users/mrdor/PycharmProjects/Hunterbee/client/tempfiles/Logs/Wireshark/wireshark-logs-2.pcap -i -",
                "ProcessId": "13252",
                "Hashes": "MD5=2C7476F44C33FE4FE26600AE7AE3900D",
                "RuleName": "-",
                "Company": "The Wireshark developer community",
                "FileVersion": "3.6.2",
                "Description": "TShark",
                "ParentProcessId": "11260",
                "CurrentDirectory": "C:\\Users\\mrdor\\PycharmProjects\\Hunterbee\\client\\wireshark\\",
                "LogonGuid": "{dd01dab0-b9ee-633f-e637-282600000000}",
                "ParentImage": "C:\\Users\\mrdor\\AppData\\Local\\Programs\\Python\\Python39\\python.exe",
                "ParentUser": "ELMO\\mrdor",
                "Image": "C:\\Program Files\\Wireshark\\tshark.exe",
                "UtcTime": "2022-10-07 10:31:15.395",
                "User": "ELMO\\mrdor",
                "TerminalSessionId": "4",
                "ParentProcessGuid": "{dd01dab0-ffc6-633f-1855-010000004600}",
                "ProcessGuid": "{dd01dab0-fff3-633f-4455-010000004600}",
                "OriginalFileName": "TShark.exe",
                "ParentCommandLine": "C:\\Users\\mrdor\\AppData\\Local\\Programs\\Python\\Python39\\python.exe C:/Users/mrdor/PycharmProjects/Hunterbee/client/wireshark/wireshark_interface.py",
                "Product": "TShark"
            },
            "provider_name": "Microsoft-Windows-Sysmon",
            "computer_name": "Elmo",
            "provider_guid": "{5770385f-c22a-43e0-bf4c-06f5698ffbd9}"
        }
    },
    "379": {
        "@timestamp": "2022-10-07T10:31:15.642Z",
        "host": {
            "name": "Elmo",
            "ip": [
                "fe80::7cd2:efa8:dba2:6fc0",
                "169.254.111.192",
                "fe80::e431:7896:8d85:5aa",
                "172.21.208.1",
                "fe80::48ae:546b:7a20:7f52",
                "172.30.112.1",
                "fe80::f45e:e853:b6c1:9350",
                "192.168.56.1",
                "fe80::bc21:1b56:1d1:4b9f",
                "169.254.75.159",
                "fe80::4807:9ca5:cd67:6ac6",
                "169.254.106.198",
                "fe80::e097:4ef1:6314:5a55",
                "169.254.90.85",
                "fe80::d55:b4a9:26a4:7406",
                "192.168.1.102",
                "fe80::211f:b772:c6da:bfb3",
                "172.27.16.1",
                "fe80::f90c:d738:c01c:abc6",
                "172.28.192.1",
                "fe80::68fb:280b:ac6f:30de",
                "172.23.96.1"
            ]
        },
        "winlog": {
            "computer_name": "Elmo",
            "task": "Process Create (rule: ProcessCreate)",
            "event_data": {
                "ParentImage": "C:\\Program Files\\Wireshark\\tshark.exe",
                "IntegrityLevel": "High",
                "ParentCommandLine": "\"C:/Program Files/Wireshark/tshark.exe\" -l -n -T pdml -c 25 -w C:/Users/mrdor/PycharmProjects/Hunterbee/client/tempfiles/Logs/Wireshark/wireshark-logs-2.pcap -i -",
                "CurrentDirectory": "C:\\Users\\mrdor\\PycharmProjects\\Hunterbee\\client\\wireshark\\",
                "Image": "C:\\Program Files\\Wireshark\\dumpcap.exe",
                "LogonGuid": "{dd01dab0-b9ee-633f-e637-282600000000}",
                "ParentProcessGuid": "{dd01dab0-fff3-633f-4455-010000004600}",
                "UtcTime": "2022-10-07 10:31:15.640",
                "Hashes": "MD5=A85C48F3129B10CF5593FBF3B02836FF",
                "Description": "Dumpcap",
                "Product": "Dumpcap",
                "ProcessId": "17656",
                "ParentUser": "ELMO\\mrdor",
                "CommandLine": "\"C:\\Program Files\\Wireshark\\dumpcap.exe\" -D -Z none",
                "RuleName": "-",
                "LogonId": "0x262837e6",
                "TerminalSessionId": "4",
                "ParentProcessId": "13252",
                "Company": "The Wireshark developer community",
                "OriginalFileName": "Dumpcap.exe",
                "ProcessGuid": "{dd01dab0-fff3-633f-4555-010000004600}",
                "FileVersion": "3.6.2",
                "User": "ELMO\\mrdor"
            },
            "provider_guid": "{5770385f-c22a-43e0-bf4c-06f5698ffbd9}",
            "provider_name": "Microsoft-Windows-Sysmon"
        }
    },
    "380": {
        "@timestamp": "2022-10-07T10:31:15.900Z",
        "host": {
            "name": "Elmo",
            "ip": [
                "fe80::7cd2:efa8:dba2:6fc0",
                "169.254.111.192",
                "fe80::e431:7896:8d85:5aa",
                "172.21.208.1",
                "fe80::48ae:546b:7a20:7f52",
                "172.30.112.1",
                "fe80::f45e:e853:b6c1:9350",
                "192.168.56.1",
                "fe80::bc21:1b56:1d1:4b9f",
                "169.254.75.159",
                "fe80::4807:9ca5:cd67:6ac6",
                "169.254.106.198",
                "fe80::e097:4ef1:6314:5a55",
                "169.254.90.85",
                "fe80::d55:b4a9:26a4:7406",
                "192.168.1.102",
                "fe80::211f:b772:c6da:bfb3",
                "172.27.16.1",
                "fe80::f90c:d738:c01c:abc6",
                "172.28.192.1",
                "fe80::68fb:280b:ac6f:30de",
                "172.23.96.1"
            ]
        },
        "winlog": {
            "provider_name": "Microsoft-Windows-Sysmon",
            "computer_name": "Elmo",
            "event_data": {
                "FileVersion": "3.6.2",
                "CurrentDirectory": "C:\\Users\\mrdor\\PycharmProjects\\Hunterbee\\client\\wireshark\\",
                "TerminalSessionId": "4",
                "User": "ELMO\\mrdor",
                "ParentUser": "ELMO\\mrdor",
                "LogonId": "0x262837e6",
                "LogonGuid": "{dd01dab0-b9ee-633f-e637-282600000000}",
                "ParentCommandLine": "\"C:/Program Files/Wireshark/tshark.exe\" -l -n -T pdml -c 25 -w C:/Users/mrdor/PycharmProjects/Hunterbee/client/tempfiles/Logs/Wireshark/wireshark-logs-2.pcap -i -",
                "Image": "C:\\Program Files\\Wireshark\\dumpcap.exe",
                "Hashes": "MD5=A85C48F3129B10CF5593FBF3B02836FF",
                "ParentProcessGuid": "{dd01dab0-fff3-633f-4455-010000004600}",
                "ParentImage": "C:\\Program Files\\Wireshark\\tshark.exe",
                "ProcessGuid": "{dd01dab0-fff3-633f-4755-010000004600}",
                "IntegrityLevel": "High",
                "RuleName": "-",
                "Product": "Dumpcap",
                "UtcTime": "2022-10-07 10:31:15.899",
                "Company": "The Wireshark developer community",
                "ProcessId": "18316",
                "Description": "Dumpcap",
                "CommandLine": "\"C:\\Program Files\\Wireshark\\dumpcap.exe\" -n -c 25 -i - -Z 13252 -w C:/Users/mrdor/PycharmProjects/Hunterbee/client/tempfiles/Logs/Wireshark/wireshark-logs-2.pcap",
                "OriginalFileName": "Dumpcap.exe",
                "ParentProcessId": "13252"
            },
            "task": "Process Create (rule: ProcessCreate)",
            "provider_guid": "{5770385f-c22a-43e0-bf4c-06f5698ffbd9}"
        }
    },
    "381": {
        "@timestamp": "2022-10-07T10:31:23.266Z",
        "winlog": {
            "task": "Process Create (rule: ProcessCreate)",
            "provider_name": "Microsoft-Windows-Sysmon",
            "computer_name": "Elmo",
            "provider_guid": "{5770385f-c22a-43e0-bf4c-06f5698ffbd9}",
            "event_data": {
                "Product": "Microsoft\u00c2\u00ae Windows\u00c2\u00ae Operating System",
                "ParentProcessId": "11260",
                "ParentCommandLine": "C:\\Users\\mrdor\\AppData\\Local\\Programs\\Python\\Python39\\python.exe C:/Users/mrdor/PycharmProjects/Hunterbee/client/wireshark/wireshark_interface.py",
                "ProcessId": "4108",
                "ParentImage": "C:\\Users\\mrdor\\AppData\\Local\\Programs\\Python\\Python39\\python.exe",
                "RuleName": "-",
                "UtcTime": "2022-10-07 10:31:23.262",
                "IntegrityLevel": "High",
                "FileVersion": "10.0.19041.746 (WinBuild.160101.0800)",
                "Company": "Microsoft Corporation",
                "Description": "Windows Command Processor",
                "ParentProcessGuid": "{dd01dab0-ffc6-633f-1855-010000004600}",
                "ParentUser": "ELMO\\mrdor",
                "LogonGuid": "{dd01dab0-b9ee-633f-e637-282600000000}",
                "TerminalSessionId": "4",
                "CommandLine": "C:\\Windows\\system32\\cmd.exe /c \"tshark -r C:/Users/mrdor/PycharmProjects/Hunterbee/client/tempfiles/Logs/Wireshark/wireshark-logs-2.pcap -T json > C:/Users/mrdor/PycharmProjects/Hunterbee/client/tempfiles/Logs/Wireshark/wireshark-logs-2.json\"",
                "CurrentDirectory": "C:\\Users\\mrdor\\PycharmProjects\\Hunterbee\\client\\wireshark\\",
                "User": "ELMO\\mrdor",
                "OriginalFileName": "Cmd.Exe",
                "Hashes": "MD5=8A2122E8162DBEF04694B9C3E0B6CDEE",
                "Image": "C:\\Windows\\System32\\cmd.exe",
                "LogonId": "0x262837e6",
                "ProcessGuid": "{dd01dab0-fffb-633f-4955-010000004600}"
            }
        },
        "host": {
            "ip": [
                "fe80::7cd2:efa8:dba2:6fc0",
                "169.254.111.192",
                "fe80::e431:7896:8d85:5aa",
                "172.21.208.1",
                "fe80::48ae:546b:7a20:7f52",
                "172.30.112.1",
                "fe80::f45e:e853:b6c1:9350",
                "192.168.56.1",
                "fe80::bc21:1b56:1d1:4b9f",
                "169.254.75.159",
                "fe80::4807:9ca5:cd67:6ac6",
                "169.254.106.198",
                "fe80::e097:4ef1:6314:5a55",
                "169.254.90.85",
                "fe80::d55:b4a9:26a4:7406",
                "192.168.1.102",
                "fe80::211f:b772:c6da:bfb3",
                "172.27.16.1",
                "fe80::f90c:d738:c01c:abc6",
                "172.28.192.1",
                "fe80::68fb:280b:ac6f:30de",
                "172.23.96.1"
            ],
            "name": "Elmo"
        }
    },
    "382": {
        "@timestamp": "2022-10-07T10:31:23.277Z",
        "host": {
            "name": "Elmo",
            "ip": [
                "fe80::7cd2:efa8:dba2:6fc0",
                "169.254.111.192",
                "fe80::e431:7896:8d85:5aa",
                "172.21.208.1",
                "fe80::48ae:546b:7a20:7f52",
                "172.30.112.1",
                "fe80::f45e:e853:b6c1:9350",
                "192.168.56.1",
                "fe80::bc21:1b56:1d1:4b9f",
                "169.254.75.159",
                "fe80::4807:9ca5:cd67:6ac6",
                "169.254.106.198",
                "fe80::e097:4ef1:6314:5a55",
                "169.254.90.85",
                "fe80::d55:b4a9:26a4:7406",
                "192.168.1.102",
                "fe80::211f:b772:c6da:bfb3",
                "172.27.16.1",
                "fe80::f90c:d738:c01c:abc6",
                "172.28.192.1",
                "fe80::68fb:280b:ac6f:30de",
                "172.23.96.1"
            ]
        },
        "winlog": {
            "provider_guid": "{5770385f-c22a-43e0-bf4c-06f5698ffbd9}",
            "task": "Process Create (rule: ProcessCreate)",
            "computer_name": "Elmo",
            "event_data": {
                "FileVersion": "3.6.2",
                "CurrentDirectory": "C:\\Users\\mrdor\\PycharmProjects\\Hunterbee\\client\\wireshark\\",
                "Product": "TShark",
                "RuleName": "-",
                "ParentProcessId": "4108",
                "OriginalFileName": "TShark.exe",
                "ProcessGuid": "{dd01dab0-fffb-633f-4a55-010000004600}",
                "CommandLine": "tshark  -r C:/Users/mrdor/PycharmProjects/Hunterbee/client/tempfiles/Logs/Wireshark/wireshark-logs-2.pcap -T json ",
                "ParentCommandLine": "C:\\Windows\\system32\\cmd.exe /c \"tshark -r C:/Users/mrdor/PycharmProjects/Hunterbee/client/tempfiles/Logs/Wireshark/wireshark-logs-2.pcap -T json > C:/Users/mrdor/PycharmProjects/Hunterbee/client/tempfiles/Logs/Wireshark/wireshark-logs-2.json\"",
                "ParentUser": "ELMO\\mrdor",
                "Hashes": "MD5=2C7476F44C33FE4FE26600AE7AE3900D",
                "ProcessId": "1264",
                "UtcTime": "2022-10-07 10:31:23.275",
                "Image": "C:\\Program Files\\Wireshark\\tshark.exe",
                "LogonGuid": "{dd01dab0-b9ee-633f-e637-282600000000}",
                "User": "ELMO\\mrdor",
                "TerminalSessionId": "4",
                "IntegrityLevel": "High",
                "ParentImage": "C:\\Windows\\System32\\cmd.exe",
                "Company": "The Wireshark developer community",
                "LogonId": "0x262837e6",
                "ParentProcessGuid": "{dd01dab0-fffb-633f-4955-010000004600}",
                "Description": "TShark"
            },
            "provider_name": "Microsoft-Windows-Sysmon"
        }
    },
    "383": {
        "@timestamp": "2022-10-07T10:31:23.648Z",
        "host": {
            "ip": [
                "fe80::7cd2:efa8:dba2:6fc0",
                "169.254.111.192",
                "fe80::e431:7896:8d85:5aa",
                "172.21.208.1",
                "fe80::48ae:546b:7a20:7f52",
                "172.30.112.1",
                "fe80::f45e:e853:b6c1:9350",
                "192.168.56.1",
                "fe80::bc21:1b56:1d1:4b9f",
                "169.254.75.159",
                "fe80::4807:9ca5:cd67:6ac6",
                "169.254.106.198",
                "fe80::e097:4ef1:6314:5a55",
                "169.254.90.85",
                "fe80::d55:b4a9:26a4:7406",
                "192.168.1.102",
                "fe80::211f:b772:c6da:bfb3",
                "172.27.16.1",
                "fe80::f90c:d738:c01c:abc6",
                "172.28.192.1",
                "fe80::68fb:280b:ac6f:30de",
                "172.23.96.1"
            ],
            "name": "Elmo"
        },
        "winlog": {
            "provider_name": "Microsoft-Windows-Sysmon",
            "event_data": {
                "Image": "C:\\Program Files\\Wireshark\\tshark.exe",
                "TerminalSessionId": "4",
                "ParentImage": "C:\\Users\\mrdor\\AppData\\Local\\Programs\\Python\\Python39\\python.exe",
                "UtcTime": "2022-10-07 10:31:23.646",
                "CommandLine": "\"C:/Program Files/Wireshark/tshark.exe\" -D",
                "ParentUser": "ELMO\\mrdor",
                "FileVersion": "3.6.2",
                "Company": "The Wireshark developer community",
                "LogonId": "0x262837e6",
                "ProcessGuid": "{dd01dab0-fffb-633f-4b55-010000004600}",
                "IntegrityLevel": "High",
                "ParentProcessId": "11260",
                "ProcessId": "12708",
                "ParentCommandLine": "C:\\Users\\mrdor\\AppData\\Local\\Programs\\Python\\Python39\\python.exe C:/Users/mrdor/PycharmProjects/Hunterbee/client/wireshark/wireshark_interface.py",
                "User": "ELMO\\mrdor",
                "OriginalFileName": "TShark.exe",
                "Description": "TShark",
                "LogonGuid": "{dd01dab0-b9ee-633f-e637-282600000000}",
                "Hashes": "MD5=2C7476F44C33FE4FE26600AE7AE3900D",
                "CurrentDirectory": "C:\\Users\\mrdor\\PycharmProjects\\Hunterbee\\client\\wireshark\\",
                "RuleName": "-",
                "Product": "TShark",
                "ParentProcessGuid": "{dd01dab0-ffc6-633f-1855-010000004600}"
            },
            "computer_name": "Elmo",
            "provider_guid": "{5770385f-c22a-43e0-bf4c-06f5698ffbd9}",
            "task": "Process Create (rule: ProcessCreate)"
        }
    },
    "384": {
        "@timestamp": "2022-10-07T10:31:23.875Z",
        "host": {
            "ip": [
                "fe80::7cd2:efa8:dba2:6fc0",
                "169.254.111.192",
                "fe80::e431:7896:8d85:5aa",
                "172.21.208.1",
                "fe80::48ae:546b:7a20:7f52",
                "172.30.112.1",
                "fe80::f45e:e853:b6c1:9350",
                "192.168.56.1",
                "fe80::bc21:1b56:1d1:4b9f",
                "169.254.75.159",
                "fe80::4807:9ca5:cd67:6ac6",
                "169.254.106.198",
                "fe80::e097:4ef1:6314:5a55",
                "169.254.90.85",
                "fe80::d55:b4a9:26a4:7406",
                "192.168.1.102",
                "fe80::211f:b772:c6da:bfb3",
                "172.27.16.1",
                "fe80::f90c:d738:c01c:abc6",
                "172.28.192.1",
                "fe80::68fb:280b:ac6f:30de",
                "172.23.96.1"
            ],
            "name": "Elmo"
        },
        "winlog": {
            "task": "Process Create (rule: ProcessCreate)",
            "computer_name": "Elmo",
            "provider_name": "Microsoft-Windows-Sysmon",
            "event_data": {
                "ProcessId": "11412",
                "IntegrityLevel": "High",
                "Hashes": "MD5=A85C48F3129B10CF5593FBF3B02836FF",
                "ParentUser": "ELMO\\mrdor",
                "ParentProcessGuid": "{dd01dab0-fffb-633f-4b55-010000004600}",
                "ParentImage": "C:\\Program Files\\Wireshark\\tshark.exe",
                "LogonId": "0x262837e6",
                "ParentProcessId": "12708",
                "CommandLine": "\"C:\\Program Files\\Wireshark\\dumpcap.exe\" -D -Z none",
                "LogonGuid": "{dd01dab0-b9ee-633f-e637-282600000000}",
                "TerminalSessionId": "4",
                "Image": "C:\\Program Files\\Wireshark\\dumpcap.exe",
                "ParentCommandLine": "\"C:/Program Files/Wireshark/tshark.exe\" -D",
                "UtcTime": "2022-10-07 10:31:23.873",
                "OriginalFileName": "Dumpcap.exe",
                "Product": "Dumpcap",
                "FileVersion": "3.6.2",
                "Description": "Dumpcap",
                "Company": "The Wireshark developer community",
                "CurrentDirectory": "C:\\Users\\mrdor\\PycharmProjects\\Hunterbee\\client\\wireshark\\",
                "User": "ELMO\\mrdor",
                "RuleName": "-",
                "ProcessGuid": "{dd01dab0-fffb-633f-4c55-010000004600}"
            },
            "provider_guid": "{5770385f-c22a-43e0-bf4c-06f5698ffbd9}"
        }
    },
    "385": {
        "@timestamp": "2022-10-07T10:31:24.033Z",
        "host": {
            "name": "Elmo",
            "ip": [
                "fe80::7cd2:efa8:dba2:6fc0",
                "169.254.111.192",
                "fe80::e431:7896:8d85:5aa",
                "172.21.208.1",
                "fe80::48ae:546b:7a20:7f52",
                "172.30.112.1",
                "fe80::f45e:e853:b6c1:9350",
                "192.168.56.1",
                "fe80::bc21:1b56:1d1:4b9f",
                "169.254.75.159",
                "fe80::4807:9ca5:cd67:6ac6",
                "169.254.106.198",
                "fe80::e097:4ef1:6314:5a55",
                "169.254.90.85",
                "fe80::d55:b4a9:26a4:7406",
                "192.168.1.102",
                "fe80::211f:b772:c6da:bfb3",
                "172.27.16.1",
                "fe80::f90c:d738:c01c:abc6",
                "172.28.192.1",
                "fe80::68fb:280b:ac6f:30de",
                "172.23.96.1"
            ]
        },
        "winlog": {
            "provider_name": "Microsoft-Windows-Sysmon",
            "task": "Process Create (rule: ProcessCreate)",
            "event_data": {
                "OriginalFileName": "TShark.exe",
                "UtcTime": "2022-10-07 10:31:24.031",
                "ParentCommandLine": "C:\\Users\\mrdor\\AppData\\Local\\Programs\\Python\\Python39\\python.exe C:/Users/mrdor/PycharmProjects/Hunterbee/client/wireshark/wireshark_interface.py",
                "CurrentDirectory": "C:\\Users\\mrdor\\PycharmProjects\\Hunterbee\\client\\wireshark\\",
                "Hashes": "MD5=2C7476F44C33FE4FE26600AE7AE3900D",
                "ParentUser": "ELMO\\mrdor",
                "Product": "TShark",
                "IntegrityLevel": "High",
