                "ProcessGuid": "{dd01dab0-f637-633f-a948-010000004600}",
                "ParentUser": "ELMO\\mrdor",
                "Product": "Dumpcap",
                "Hashes": "MD5=A85C48F3129B10CF5593FBF3B02836FF",
                "Description": "Dumpcap",
                "User": "ELMO\\mrdor",
                "ParentCommandLine": "\"C:/Program Files/Wireshark/tshark.exe\" -l -n -T pdml -c 25 -w C:/Users/mrdor/PycharmProjects/Hunterbee/client/tempfiles/Logs/Wireshark/wireshark-logs-19.pcap -i -",
                "ProcessId": "19280",
                "Image": "C:\\Program Files\\Wireshark\\dumpcap.exe",
                "IntegrityLevel": "High",
                "ParentProcessId": "11068",
                "RuleName": "-",
                "Company": "The Wireshark developer community",
                "UtcTime": "2022-10-07 09:49:43.641",
                "OriginalFileName": "Dumpcap.exe",
                "LogonId": "0x262837e6",
                "CurrentDirectory": "C:\\Users\\mrdor\\PycharmProjects\\Hunterbee\\client\\wireshark\\",
                "ParentImage": "C:\\Program Files\\Wireshark\\tshark.exe",
                "TerminalSessionId": "4",
                "CommandLine": "\"C:\\Program Files\\Wireshark\\dumpcap.exe\" -D -Z none",
                "FileVersion": "3.6.2"
            }
        }
    },
    "241": {
        "@timestamp": "2022-10-07T09:49:43.866Z",
        "host": {
            "ip": [
                "fe80::7cd2:efa8:dba2:6fc0",
                "169.254.111.192",
                "fe80::e431:7896:8d85:5aa",
                "172.21.208.1",
                "fe80::48ae:546b:7a20:7f52",
                "172.30.112.1",
                "fe80::bc21:1b56:1d1:4b9f",
                "169.254.75.159",
                "fe80::4807:9ca5:cd67:6ac6",
                "169.254.106.198",
                "fe80::e097:4ef1:6314:5a55",
                "169.254.90.85",
                "fe80::d55:b4a9:26a4:7406",
                "192.168.1.102",
                "fe80::211f:b772:c6da:bfb3",
                "172.27.16.1",
                "fe80::f90c:d738:c01c:abc6",
                "172.28.192.1"
            ],
            "name": "Elmo"
        },
        "winlog": {
            "provider_guid": "{5770385f-c22a-43e0-bf4c-06f5698ffbd9}",
            "event_data": {
                "Hashes": "MD5=A85C48F3129B10CF5593FBF3B02836FF",
                "RuleName": "-",
                "Image": "C:\\Program Files\\Wireshark\\dumpcap.exe",
                "ParentProcessId": "11068",
                "Description": "Dumpcap",
                "ParentUser": "ELMO\\mrdor",
                "FileVersion": "3.6.2",
                "LogonId": "0x262837e6",
                "ParentCommandLine": "\"C:/Program Files/Wireshark/tshark.exe\" -l -n -T pdml -c 25 -w C:/Users/mrdor/PycharmProjects/Hunterbee/client/tempfiles/Logs/Wireshark/wireshark-logs-19.pcap -i -",
                "ProcessGuid": "{dd01dab0-f637-633f-ab48-010000004600}",
                "Product": "Dumpcap",
                "TerminalSessionId": "4",
                "OriginalFileName": "Dumpcap.exe",
                "ParentProcessGuid": "{dd01dab0-f637-633f-a848-010000004600}",
                "CommandLine": "\"C:\\Program Files\\Wireshark\\dumpcap.exe\" -n -c 25 -i - -Z 11068 -w C:/Users/mrdor/PycharmProjects/Hunterbee/client/tempfiles/Logs/Wireshark/wireshark-logs-19.pcap",
                "CurrentDirectory": "C:\\Users\\mrdor\\PycharmProjects\\Hunterbee\\client\\wireshark\\",
                "IntegrityLevel": "High",
                "User": "ELMO\\mrdor",
                "ProcessId": "8744",
                "LogonGuid": "{dd01dab0-b9ee-633f-e637-282600000000}",
                "ParentImage": "C:\\Program Files\\Wireshark\\tshark.exe",
                "UtcTime": "2022-10-07 09:49:43.865",
                "Company": "The Wireshark developer community"
            },
            "task": "Process Create (rule: ProcessCreate)",
            "provider_name": "Microsoft-Windows-Sysmon",
            "computer_name": "Elmo"
        }
    },
    "242": {
        "@timestamp": "2022-10-07T09:49:44.384Z",
        "host": {
            "name": "Elmo",
            "os": {
                "type": "windows",
                "platform": "windows",
                "version": "10.0",
                "family": "windows",
                "name": "Windows 10 Pro",
                "kernel": "10.0.19041.2075 (WinBuild.160101.0800)",
                "build": "19044.2075"
            },
            "id": "dd01dab0-ceec-4f21-9fb3-a8597eb9b875",
            "ip": [
                "fe80::7cd2:efa8:dba2:6fc0",
                "169.254.111.192",
                "fe80::e431:7896:8d85:5aa",
                "172.21.208.1",
                "fe80::48ae:546b:7a20:7f52",
                "172.30.112.1",
                "fe80::bc21:1b56:1d1:4b9f",
                "169.254.75.159",
                "fe80::4807:9ca5:cd67:6ac6",
                "169.254.106.198",
                "fe80::e097:4ef1:6314:5a55",
                "169.254.90.85",
                "fe80::d55:b4a9:26a4:7406",
                "192.168.1.102",
                "fe80::211f:b772:c6da:bfb3",
                "172.27.16.1",
                "fe80::f90c:d738:c01c:abc6",
                "172.28.192.1"
            ],
            "mac": [
                "00:15:5d:4b:1b:5b",
                "00:15:5d:65:92:c8",
                "00:15:5d:a0:f8:aa",
                "00:15:5d:d0:a3:4e",
                "10:fe:ed:20:e5:7c",
                "12:fe:ed:20:e5:7c",
                "30:5a:3a:47:46:2f",
                "44:45:53:54:4f:53"
            ],
            "hostname": "Elmo",
            "architecture": "x86_64"
        },
        "winlog": {
            "provider_guid": "{E23B33B0-C8C9-472C-A5F9-F2BDFEA0F156}",
            "api": "wineventlog",
            "event_id": "16394",
            "provider_name": "Microsoft-Windows-Security-SPP",
            "channel": "Application",
            "task": "None",
            "computer_name": "Elmo",
            "opcode": "Info",
            "record_id": 59666,
            "keywords": [
                "Classic"
            ]
        }
    },
    "243": {
        "@timestamp": "2022-10-07T09:49:46.110Z",
        "winlog": {
            "provider_guid": "{5770385f-c22a-43e0-bf4c-06f5698ffbd9}",
            "provider_name": "Microsoft-Windows-Sysmon",
            "computer_name": "Elmo",
            "task": "Process Create (rule: ProcessCreate)",
            "event_data": {
                "Image": "C:\\Program Files\\JetBrains\\PyCharm 2021.3\\bin\\runnerw.exe",
                "TerminalSessionId": "4",
                "Hashes": "MD5=23E6EC0009C0C7081DB498A691B89E87",
                "ParentProcessId": "18532",
                "Company": "JetBrains s.r.o.",
                "RuleName": "-",
                "LogonId": "0x262837e6",
                "Description": "Command line runner",
                "ParentImage": "C:\\Program Files\\JetBrains\\PyCharm 2021.3\\bin\\pycharm64.exe",
                "CurrentDirectory": "C:\\Users\\mrdor\\PycharmProjects\\Hunterbee\\",
                "Product": "IntelliJ Platform",
                "ProcessGuid": "{dd01dab0-f63a-633f-ad48-010000004600}",
                "ParentCommandLine": "\"C:\\Program Files\\JetBrains\\PyCharm 2021.3\\bin\\pycharm64.exe\" ",
                "FileVersion": "1.0.0.1",
                "IntegrityLevel": "High",
                "ParentUser": "ELMO\\mrdor",
                "LogonGuid": "{dd01dab0-b9ee-633f-e637-282600000000}",
                "User": "ELMO\\mrdor",
                "ParentProcessGuid": "{dd01dab0-e463-633f-c137-010000004600}",
                "UtcTime": "2022-10-07 09:49:46.106",
                "ProcessId": "16712",
                "OriginalFileName": "runnerw.exe",
                "CommandLine": "\"C:\\Program Files\\JetBrains\\PyCharm 2021.3\\bin\\runnerw.exe\" \"C:\\Program Files\\Git\\cmd\\git.exe\" -c credential.helper= -c core.quotepath=false -c log.showSignature=false status --porcelain -z --untracked-files=no --ignored=no -- client/tempfiles/Logs/Sysmon/sysmon-logs-0.json client/tempfiles/Logs/Sysmon/sysmon-logs-1.json client/tempfiles/Logs/Sysmon/sysmon-logs-2.json client/tempfiles/Logs/Sysmon/sysmon-logs-3.json client/tempfiles/Logs/Sysmon/sysmon-logs-4.json client/tempfiles/Logs/Sysmon/winlogbeat-20221007-5.ndjson client/tempfiles/Logs/Sysmon/winlogbeat-20221007-6.ndjson client/tempfiles/Logs/Wireshark/wireshark-logs-0.pcap client/tempfiles/Logs/Wireshark/wireshark-logs-1.pcap client/tempfiles/Logs/Wireshark/wireshark-logs-10.json client/tempfiles/Logs/Wireshark/wireshark-logs-11.json client/tempfiles/Logs/Wireshark/wireshark-logs-12.json client/tempfiles/Logs/Wireshark/wireshark-logs-13.json client/tempfiles/Logs/Wireshark/wireshark-logs-14.json client/tempfiles/Logs/Wireshark/wireshark-logs-15.json client/tempfiles/Logs/Wireshark/wireshark-logs-16.json client/tempfiles/Logs/Wireshark/wireshark-logs-17.json client/tempfiles/Logs/Wireshark/wireshark-logs-18.json client/tempfiles/Logs/Wireshark/wireshark-logs-18.pcap client/tempfiles/Logs/Wireshark/wireshark-logs-19.pcap client/tempfiles/Logs/Wireshark/wireshark-logs-2.json client/tempfiles/Logs/Wireshark/wireshark-logs-3.json client/tempfiles/Logs/Wireshark/wireshark-logs-4.json client/tempfiles/Logs/Wireshark/wireshark-logs-5.json client/tempfiles/Logs/Wireshark/wireshark-logs-6.json client/tempfiles/Logs/Wireshark/wireshark-logs-7.json client/tempfiles/Logs/Wireshark/wireshark-logs-8.json client/tempfiles/Logs/Wireshark/wireshark-logs-9.json"
            }
        },
        "host": {
            "name": "Elmo",
            "ip": [
                "fe80::7cd2:efa8:dba2:6fc0",
                "169.254.111.192",
                "fe80::e431:7896:8d85:5aa",
                "172.21.208.1",
                "fe80::48ae:546b:7a20:7f52",
                "172.30.112.1",
                "fe80::bc21:1b56:1d1:4b9f",
                "169.254.75.159",
                "fe80::4807:9ca5:cd67:6ac6",
                "169.254.106.198",
                "fe80::e097:4ef1:6314:5a55",
                "169.254.90.85",
                "fe80::d55:b4a9:26a4:7406",
                "192.168.1.102",
                "fe80::211f:b772:c6da:bfb3",
                "172.27.16.1",
                "fe80::f90c:d738:c01c:abc6",
                "172.28.192.1"
            ]
        }
    },
    "244": {
        "@timestamp": "2022-10-07T09:49:46.190Z",
        "host": {
            "ip": [
                "fe80::7cd2:efa8:dba2:6fc0",
                "169.254.111.192",
                "fe80::e431:7896:8d85:5aa",
                "172.21.208.1",
                "fe80::48ae:546b:7a20:7f52",
                "172.30.112.1",
                "fe80::bc21:1b56:1d1:4b9f",
                "169.254.75.159",
                "fe80::4807:9ca5:cd67:6ac6",
                "169.254.106.198",
                "fe80::e097:4ef1:6314:5a55",
                "169.254.90.85",
                "fe80::d55:b4a9:26a4:7406",
                "192.168.1.102",
                "fe80::211f:b772:c6da:bfb3",
                "172.27.16.1",
                "fe80::f90c:d738:c01c:abc6",
                "172.28.192.1"
            ],
            "name": "Elmo"
        },
        "winlog": {
            "provider_name": "Microsoft-Windows-Sysmon",
            "computer_name": "Elmo",
            "provider_guid": "{5770385f-c22a-43e0-bf4c-06f5698ffbd9}",
            "event_data": {
                "ParentUser": "ELMO\\mrdor",
                "LogonGuid": "{dd01dab0-b9ee-633f-e637-282600000000}",
                "LogonId": "0x262837e6",
                "User": "ELMO\\mrdor",
                "IntegrityLevel": "High",
                "ParentProcessGuid": "{dd01dab0-f63a-633f-ad48-010000004600}",
                "UtcTime": "2022-10-07 09:49:46.187",
                "Product": "Git",
                "ProcessId": "21196",
                "FileVersion": "-",
                "Description": "Git for Windows",
                "ParentImage": "C:\\Program Files\\JetBrains\\PyCharm 2021.3\\bin\\runnerw.exe",
                "CurrentDirectory": "C:\\Users\\mrdor\\PycharmProjects\\Hunterbee\\",
                "ParentProcessId": "16712",
                "Company": "The Git Development Community",
                "ProcessGuid": "{dd01dab0-f63a-633f-af48-010000004600}",
                "ParentCommandLine": "\"C:\\Program Files\\JetBrains\\PyCharm 2021.3\\bin\\runnerw.exe\" \"C:\\Program Files\\Git\\cmd\\git.exe\" -c credential.helper= -c core.quotepath=false -c log.showSignature=false status --porcelain -z --untracked-files=no --ignored=no -- client/tempfiles/Logs/Sysmon/sysmon-logs-0.json client/tempfiles/Logs/Sysmon/sysmon-logs-1.json client/tempfiles/Logs/Sysmon/sysmon-logs-2.json client/tempfiles/Logs/Sysmon/sysmon-logs-3.json client/tempfiles/Logs/Sysmon/sysmon-logs-4.json client/tempfiles/Logs/Sysmon/winlogbeat-20221007-5.ndjson client/tempfiles/Logs/Sysmon/winlogbeat-20221007-6.ndjson client/tempfiles/Logs/Wireshark/wireshark-logs-0.pcap client/tempfiles/Logs/Wireshark/wireshark-logs-1.pcap client/tempfiles/Logs/Wireshark/wireshark-logs-10.json client/tempfiles/Logs/Wireshark/wireshark-logs-11.json client/tempfiles/Logs/Wireshark/wireshark-logs-12.json client/tempfiles/Logs/Wireshark/wireshark-logs-13.json client/tempfiles/Logs/Wireshark/wireshark-logs-14.json client/tempfiles/Logs/Wireshark/wireshark-logs-15.json client/tempfiles/Logs/Wireshark/wireshark-logs-16.json client/tempfiles/Logs/Wireshark/wireshark-logs-17.json client/tempfiles/Logs/Wireshark/wireshark-logs-18.json client/tempfiles/Logs/Wireshark/wireshark-logs-18.pcap client/tempfiles/Logs/Wireshark/wireshark-logs-19.pcap client/tempfiles/Logs/Wireshark/wireshark-logs-2.json client/tempfiles/Logs/Wireshark/wireshark-logs-3.json client/tempfiles/Logs/Wireshark/wireshark-logs-4.json client/tempfiles/Logs/Wireshark/wireshark-logs-5.json client/tempfiles/Logs/Wireshark/wireshark-logs-6.json client/tempfiles/Logs/Wireshark/wireshark-logs-7.json client/tempfiles/Logs/Wireshark/wireshark-logs-8.json client/tempfiles/Logs/Wireshark/wireshark-logs-9.json",
                "RuleName": "-",
                "Hashes": "MD5=E87C1D27A0D6D4B36F05407A40418E0D",
                "TerminalSessionId": "4",
                "OriginalFileName": "git.exe",
                "Image": "C:\\Program Files\\Git\\cmd\\git.exe",
                "CommandLine": "\"C:\\Program Files\\Git\\cmd\\git.exe\" -c credential.helper= -c core.quotepath=false -c log.showSignature=false status --porcelain -z --untracked-files=no --ignored=no -- client/tempfiles/Logs/Sysmon/sysmon-logs-0.json client/tempfiles/Logs/Sysmon/sysmon-logs-1.json client/tempfiles/Logs/Sysmon/sysmon-logs-2.json client/tempfiles/Logs/Sysmon/sysmon-logs-3.json client/tempfiles/Logs/Sysmon/sysmon-logs-4.json client/tempfiles/Logs/Sysmon/winlogbeat-20221007-5.ndjson client/tempfiles/Logs/Sysmon/winlogbeat-20221007-6.ndjson client/tempfiles/Logs/Wireshark/wireshark-logs-0.pcap client/tempfiles/Logs/Wireshark/wireshark-logs-1.pcap client/tempfiles/Logs/Wireshark/wireshark-logs-10.json client/tempfiles/Logs/Wireshark/wireshark-logs-11.json client/tempfiles/Logs/Wireshark/wireshark-logs-12.json client/tempfiles/Logs/Wireshark/wireshark-logs-13.json client/tempfiles/Logs/Wireshark/wireshark-logs-14.json client/tempfiles/Logs/Wireshark/wireshark-logs-15.json client/tempfiles/Logs/Wireshark/wireshark-logs-16.json client/tempfiles/Logs/Wireshark/wireshark-logs-17.json client/tempfiles/Logs/Wireshark/wireshark-logs-18.json client/tempfiles/Logs/Wireshark/wireshark-logs-18.pcap client/tempfiles/Logs/Wireshark/wireshark-logs-19.pcap client/tempfiles/Logs/Wireshark/wireshark-logs-2.json client/tempfiles/Logs/Wireshark/wireshark-logs-3.json client/tempfiles/Logs/Wireshark/wireshark-logs-4.json client/tempfiles/Logs/Wireshark/wireshark-logs-5.json client/tempfiles/Logs/Wireshark/wireshark-logs-6.json client/tempfiles/Logs/Wireshark/wireshark-logs-7.json client/tempfiles/Logs/Wireshark/wireshark-logs-8.json client/tempfiles/Logs/Wireshark/wireshark-logs-9.json"
            },
            "task": "Process Create (rule: ProcessCreate)"
        }
    },
    "245": {
        "@timestamp": "2022-10-07T09:49:46.204Z",
        "host": {
            "name": "Elmo",
            "ip": [
                "fe80::7cd2:efa8:dba2:6fc0",
                "169.254.111.192",
                "fe80::e431:7896:8d85:5aa",
                "172.21.208.1",
                "fe80::48ae:546b:7a20:7f52",
                "172.30.112.1",
                "fe80::bc21:1b56:1d1:4b9f",
                "169.254.75.159",
                "fe80::4807:9ca5:cd67:6ac6",
                "169.254.106.198",
                "fe80::e097:4ef1:6314:5a55",
                "169.254.90.85",
                "fe80::d55:b4a9:26a4:7406",
                "192.168.1.102",
                "fe80::211f:b772:c6da:bfb3",
                "172.27.16.1",
                "fe80::f90c:d738:c01c:abc6",
                "172.28.192.1"
            ]
        },
        "winlog": {
            "task": "Process Create (rule: ProcessCreate)",
            "event_data": {
                "ProcessId": "7580",
                "OriginalFileName": "git.exe",
                "LogonId": "0x262837e6",
                "ParentImage": "C:\\Program Files\\Git\\cmd\\git.exe",
                "ProcessGuid": "{dd01dab0-f63a-633f-b048-010000004600}",
                "LogonGuid": "{dd01dab0-b9ee-633f-e637-282600000000}",
                "IntegrityLevel": "High",
                "Image": "C:\\Program Files\\Git\\mingw64\\bin\\git.exe",
                "ParentProcessGuid": "{dd01dab0-f63a-633f-af48-010000004600}",
                "ParentCommandLine": "\"C:\\Program Files\\Git\\cmd\\git.exe\" -c credential.helper= -c core.quotepath=false -c log.showSignature=false status --porcelain -z --untracked-files=no --ignored=no -- client/tempfiles/Logs/Sysmon/sysmon-logs-0.json client/tempfiles/Logs/Sysmon/sysmon-logs-1.json client/tempfiles/Logs/Sysmon/sysmon-logs-2.json client/tempfiles/Logs/Sysmon/sysmon-logs-3.json client/tempfiles/Logs/Sysmon/sysmon-logs-4.json client/tempfiles/Logs/Sysmon/winlogbeat-20221007-5.ndjson client/tempfiles/Logs/Sysmon/winlogbeat-20221007-6.ndjson client/tempfiles/Logs/Wireshark/wireshark-logs-0.pcap client/tempfiles/Logs/Wireshark/wireshark-logs-1.pcap client/tempfiles/Logs/Wireshark/wireshark-logs-10.json client/tempfiles/Logs/Wireshark/wireshark-logs-11.json client/tempfiles/Logs/Wireshark/wireshark-logs-12.json client/tempfiles/Logs/Wireshark/wireshark-logs-13.json client/tempfiles/Logs/Wireshark/wireshark-logs-14.json client/tempfiles/Logs/Wireshark/wireshark-logs-15.json client/tempfiles/Logs/Wireshark/wireshark-logs-16.json client/tempfiles/Logs/Wireshark/wireshark-logs-17.json client/tempfiles/Logs/Wireshark/wireshark-logs-18.json client/tempfiles/Logs/Wireshark/wireshark-logs-18.pcap client/tempfiles/Logs/Wireshark/wireshark-logs-19.pcap client/tempfiles/Logs/Wireshark/wireshark-logs-2.json client/tempfiles/Logs/Wireshark/wireshark-logs-3.json client/tempfiles/Logs/Wireshark/wireshark-logs-4.json client/tempfiles/Logs/Wireshark/wireshark-logs-5.json client/tempfiles/Logs/Wireshark/wireshark-logs-6.json client/tempfiles/Logs/Wireshark/wireshark-logs-7.json client/tempfiles/Logs/Wireshark/wireshark-logs-8.json client/tempfiles/Logs/Wireshark/wireshark-logs-9.json",
                "CommandLine": "git.exe -c credential.helper= -c core.quotepath=false -c log.showSignature=false status --porcelain -z --untracked-files=no --ignored=no -- client/tempfiles/Logs/Sysmon/sysmon-logs-0.json client/tempfiles/Logs/Sysmon/sysmon-logs-1.json client/tempfiles/Logs/Sysmon/sysmon-logs-2.json client/tempfiles/Logs/Sysmon/sysmon-logs-3.json client/tempfiles/Logs/Sysmon/sysmon-logs-4.json client/tempfiles/Logs/Sysmon/winlogbeat-20221007-5.ndjson client/tempfiles/Logs/Sysmon/winlogbeat-20221007-6.ndjson client/tempfiles/Logs/Wireshark/wireshark-logs-0.pcap client/tempfiles/Logs/Wireshark/wireshark-logs-1.pcap client/tempfiles/Logs/Wireshark/wireshark-logs-10.json client/tempfiles/Logs/Wireshark/wireshark-logs-11.json client/tempfiles/Logs/Wireshark/wireshark-logs-12.json client/tempfiles/Logs/Wireshark/wireshark-logs-13.json client/tempfiles/Logs/Wireshark/wireshark-logs-14.json client/tempfiles/Logs/Wireshark/wireshark-logs-15.json client/tempfiles/Logs/Wireshark/wireshark-logs-16.json client/tempfiles/Logs/Wireshark/wireshark-logs-17.json client/tempfiles/Logs/Wireshark/wireshark-logs-18.json client/tempfiles/Logs/Wireshark/wireshark-logs-18.pcap client/tempfiles/Logs/Wireshark/wireshark-logs-19.pcap client/tempfiles/Logs/Wireshark/wireshark-logs-2.json client/tempfiles/Logs/Wireshark/wireshark-logs-3.json client/tempfiles/Logs/Wireshark/wireshark-logs-4.json client/tempfiles/Logs/Wireshark/wireshark-logs-5.json client/tempfiles/Logs/Wireshark/wireshark-logs-6.json client/tempfiles/Logs/Wireshark/wireshark-logs-7.json client/tempfiles/Logs/Wireshark/wireshark-logs-8.json client/tempfiles/Logs/Wireshark/wireshark-logs-9.json",
                "CurrentDirectory": "C:\\Users\\mrdor\\PycharmProjects\\Hunterbee\\",
                "Hashes": "MD5=A521A4389F01D81C4E78C9129EB36D48",
                "RuleName": "-",
                "ParentUser": "ELMO\\mrdor",
                "Product": "Git",
                "User": "ELMO\\mrdor",
                "TerminalSessionId": "4",
                "Company": "The Git Development Community",
                "FileVersion": "-",
                "Description": "Git for Windows",
                "ParentProcessId": "21196",
                "UtcTime": "2022-10-07 09:49:46.201"
            },
            "computer_name": "Elmo",
            "provider_name": "Microsoft-Windows-Sysmon",
            "provider_guid": "{5770385f-c22a-43e0-bf4c-06f5698ffbd9}"
        }
    },
    "246": {
        "@timestamp": "2022-10-07T09:49:46.706Z",
        "host": {
            "ip": [
                "fe80::7cd2:efa8:dba2:6fc0",
                "169.254.111.192",
                "fe80::e431:7896:8d85:5aa",
                "172.21.208.1",
                "fe80::48ae:546b:7a20:7f52",
                "172.30.112.1",
                "fe80::bc21:1b56:1d1:4b9f",
                "169.254.75.159",
                "fe80::4807:9ca5:cd67:6ac6",
                "169.254.106.198",
                "fe80::e097:4ef1:6314:5a55",
                "169.254.90.85",
                "fe80::d55:b4a9:26a4:7406",
                "192.168.1.102",
                "fe80::211f:b772:c6da:bfb3",
                "172.27.16.1",
                "fe80::f90c:d738:c01c:abc6",
                "172.28.192.1"
            ],
            "name": "Elmo"
        },
        "winlog": {
            "provider_name": "Microsoft-Windows-Sysmon",
            "task": "Process Create (rule: ProcessCreate)",
            "computer_name": "Elmo",
            "provider_guid": "{5770385f-c22a-43e0-bf4c-06f5698ffbd9}",
            "event_data": {
                "ProcessGuid": "{dd01dab0-f63a-633f-b148-010000004600}",
                "ParentProcessGuid": "{dd01dab0-e463-633f-c137-010000004600}",
                "RuleName": "-",
                "IntegrityLevel": "High",
                "CurrentDirectory": "C:\\Users\\mrdor\\PycharmProjects\\Hunterbee\\venv\\Scripts\\",
                "ParentProcessId": "18532",
                "Company": "Python Software Foundation",
                "LogonId": "0x262837e6",
                "OriginalFileName": "py.exe",
                "TerminalSessionId": "4",
                "ParentCommandLine": "\"C:\\Program Files\\JetBrains\\PyCharm 2021.3\\bin\\pycharm64.exe\" ",
                "User": "ELMO\\mrdor",
                "LogonGuid": "{dd01dab0-b9ee-633f-e637-282600000000}",
                "UtcTime": "2022-10-07 09:49:46.704",
                "Hashes": "MD5=D59663B8D5F110F55EC5507C8DFDCC82",
                "FileVersion": "3.9.7",
                "ParentUser": "ELMO\\mrdor",
                "Image": "C:\\Users\\mrdor\\PycharmProjects\\Hunterbee\\venv\\Scripts\\python.exe",
                "CommandLine": "C:\\Users\\mrdor\\PycharmProjects\\Hunterbee\\venv\\Scripts\\python.exe \"C:\\Program Files\\JetBrains\\PyCharm 2021.3\\plugins\\python\\helpers\\pycodestyle.py\" --max-line-length=120 -",
                "Product": "Python",
                "ParentImage": "C:\\Program Files\\JetBrains\\PyCharm 2021.3\\bin\\pycharm64.exe",
                "ProcessId": "18388",
                "Description": "Python"
            }
        }
    },
    "247": {
        "@timestamp": "2022-10-07T09:49:46.729Z",
        "winlog": {
            "provider_guid": "{5770385f-c22a-43e0-bf4c-06f5698ffbd9}",
            "task": "Process Create (rule: ProcessCreate)",
            "computer_name": "Elmo",
            "provider_name": "Microsoft-Windows-Sysmon",
            "event_data": {
                "ParentProcessGuid": "{dd01dab0-f63a-633f-b148-010000004600}",
                "ParentProcessId": "18388",
                "Description": "Python",
                "Product": "Python",
                "Company": "Python Software Foundation",
                "CommandLine": "C:\\Users\\mrdor\\AppData\\Local\\Programs\\Python\\Python39\\python.exe \"C:\\Program Files\\JetBrains\\PyCharm 2021.3\\plugins\\python\\helpers\\pycodestyle.py\" --max-line-length=120 -",
                "Image": "C:\\Users\\mrdor\\AppData\\Local\\Programs\\Python\\Python39\\python.exe",
                "OriginalFileName": "python.exe",
                "User": "ELMO\\mrdor",
                "LogonId": "0x262837e6",
                "IntegrityLevel": "High",
                "CurrentDirectory": "C:\\Users\\mrdor\\PycharmProjects\\Hunterbee\\venv\\Scripts\\",
                "RuleName": "-",
                "FileVersion": "3.9.7",
                "ProcessId": "2680",
                "ProcessGuid": "{dd01dab0-f63a-633f-b348-010000004600}",
                "ParentUser": "ELMO\\mrdor",
                "ParentCommandLine": "C:\\Users\\mrdor\\PycharmProjects\\Hunterbee\\venv\\Scripts\\python.exe \"C:\\Program Files\\JetBrains\\PyCharm 2021.3\\plugins\\python\\helpers\\pycodestyle.py\" --max-line-length=120 -",
                "TerminalSessionId": "4",
                "LogonGuid": "{dd01dab0-b9ee-633f-e637-282600000000}",
                "Hashes": "MD5=9AE7FE91385052358C3E33864ADA5E4E",
                "ParentImage": "C:\\Users\\mrdor\\PycharmProjects\\Hunterbee\\venv\\Scripts\\python.exe",
                "UtcTime": "2022-10-07 09:49:46.728"
            }
        },
        "host": {
            "ip": [
                "fe80::7cd2:efa8:dba2:6fc0",
                "169.254.111.192",
                "fe80::e431:7896:8d85:5aa",
                "172.21.208.1",
                "fe80::48ae:546b:7a20:7f52",
                "172.30.112.1",
                "fe80::bc21:1b56:1d1:4b9f",
                "169.254.75.159",
                "fe80::4807:9ca5:cd67:6ac6",
                "169.254.106.198",
                "fe80::e097:4ef1:6314:5a55",
                "169.254.90.85",
                "fe80::d55:b4a9:26a4:7406",
                "192.168.1.102",
                "fe80::211f:b772:c6da:bfb3",
                "172.27.16.1",
                "fe80::f90c:d738:c01c:abc6",
                "172.28.192.1"
            ],
            "name": "Elmo"
        }
    },
    "248": {
        "@timestamp": "2022-10-07T09:49:46.846Z",
        "winlog": {
            "computer_name": "Elmo",
            "task": "Process terminated (rule: ProcessTerminate)",
            "event_data": {
                "ProcessGuid": "{dd01dab0-f63a-633f-b348-010000004600}",
                "ProcessId": "2680",
                "Image": "C:\\Users\\mrdor\\AppData\\Local\\Programs\\Python\\Python39\\python.exe",
                "User": "ELMO\\mrdor",
                "RuleName": "-",
                "UtcTime": "2022-10-07 09:49:46.845"
            },
            "provider_name": "Microsoft-Windows-Sysmon",
            "provider_guid": "{5770385f-c22a-43e0-bf4c-06f5698ffbd9}"
        },
        "host": {
            "ip": [
                "fe80::7cd2:efa8:dba2:6fc0",
                "169.254.111.192",
                "fe80::e431:7896:8d85:5aa",
                "172.21.208.1",
                "fe80::48ae:546b:7a20:7f52",
                "172.30.112.1",
                "fe80::bc21:1b56:1d1:4b9f",
                "169.254.75.159",
                "fe80::4807:9ca5:cd67:6ac6",
                "169.254.106.198",
                "fe80::e097:4ef1:6314:5a55",
                "169.254.90.85",
                "fe80::d55:b4a9:26a4:7406",
                "192.168.1.102",
                "fe80::211f:b772:c6da:bfb3",
                "172.27.16.1",
                "fe80::f90c:d738:c01c:abc6",
                "172.28.192.1"
            ],
            "name": "Elmo"
        }
    },
    "249": {
        "@timestamp": "2022-10-07T09:49:46.849Z",
        "winlog": {
            "provider_name": "Microsoft-Windows-Sysmon",
            "provider_guid": "{5770385f-c22a-43e0-bf4c-06f5698ffbd9}",
            "task": "Process terminated (rule: ProcessTerminate)",
            "event_data": {
                "ProcessGuid": "{dd01dab0-f63a-633f-b148-010000004600}",
                "ProcessId": "18388",
                "Image": "C:\\Users\\mrdor\\PycharmProjects\\Hunterbee\\venv\\Scripts\\python.exe",
                "User": "ELMO\\mrdor",
                "RuleName": "-",
                "UtcTime": "2022-10-07 09:49:46.848"
            },
            "computer_name": "Elmo"
        },
        "host": {
            "name": "Elmo",
            "ip": [
                "fe80::7cd2:efa8:dba2:6fc0",
                "169.254.111.192",
                "fe80::e431:7896:8d85:5aa",
                "172.21.208.1",
                "fe80::48ae:546b:7a20:7f52",
                "172.30.112.1",
                "fe80::bc21:1b56:1d1:4b9f",
                "169.254.75.159",
                "fe80::4807:9ca5:cd67:6ac6",
                "169.254.106.198",
                "fe80::e097:4ef1:6314:5a55",
                "169.254.90.85",
                "fe80::d55:b4a9:26a4:7406",
                "192.168.1.102",
                "fe80::211f:b772:c6da:bfb3",
                "172.27.16.1",
                "fe80::f90c:d738:c01c:abc6",
                "172.28.192.1"
            ]
        }
    },
    "250": {
        "@timestamp": "2022-10-07T09:49:47.805Z",
        "host": {
            "name": "Elmo",
            "ip": [
                "fe80::7cd2:efa8:dba2:6fc0",
                "169.254.111.192",
                "fe80::e431:7896:8d85:5aa",
                "172.21.208.1",
                "fe80::48ae:546b:7a20:7f52",
                "172.30.112.1",
                "fe80::bc21:1b56:1d1:4b9f",
                "169.254.75.159",
                "fe80::4807:9ca5:cd67:6ac6",
                "169.254.106.198",
                "fe80::e097:4ef1:6314:5a55",
                "169.254.90.85",
                "fe80::d55:b4a9:26a4:7406",
                "192.168.1.102",
                "fe80::211f:b772:c6da:bfb3",
                "172.27.16.1",
                "fe80::f90c:d738:c01c:abc6",
                "172.28.192.1"
            ]
        },
        "winlog": {
            "computer_name": "Elmo",
            "task": "Process Create (rule: ProcessCreate)",
            "provider_guid": "{5770385f-c22a-43e0-bf4c-06f5698ffbd9}",
            "event_data": {
                "IntegrityLevel": "High",
                "ParentImage": "C:\\Program Files\\JetBrains\\PyCharm 2021.3\\bin\\pycharm64.exe",
                "LogonGuid": "{dd01dab0-b9ee-633f-e637-282600000000}",
                "Hashes": "MD5=23E6EC0009C0C7081DB498A691B89E87",
                "UtcTime": "2022-10-07 09:49:47.802",
                "FileVersion": "1.0.0.1",
                "CurrentDirectory": "C:\\Users\\mrdor\\PycharmProjects\\Hunterbee\\",
                "RuleName": "-",
                "LogonId": "0x262837e6",
                "ParentProcessId": "18532",
                "OriginalFileName": "runnerw.exe",
                "ParentUser": "ELMO\\mrdor",
                "Product": "IntelliJ Platform",
                "ProcessId": "19564",
                "ParentProcessGuid": "{dd01dab0-e463-633f-c137-010000004600}",
                "ParentCommandLine": "\"C:\\Program Files\\JetBrains\\PyCharm 2021.3\\bin\\pycharm64.exe\" ",
                "User": "ELMO\\mrdor",
                "Company": "JetBrains s.r.o.",
                "CommandLine": "\"C:\\Program Files\\JetBrains\\PyCharm 2021.3\\bin\\runnerw.exe\" \"C:\\Program Files\\Git\\cmd\\git.exe\" -c credential.helper= -c core.quotepath=false -c log.showSignature=false status --porcelain -z --untracked-files=no --ignored=no -- .idea/workspace.xml",
                "TerminalSessionId": "4",
                "ProcessGuid": "{dd01dab0-f63b-633f-b448-010000004600}",
                "Description": "Command line runner",
                "Image": "C:\\Program Files\\JetBrains\\PyCharm 2021.3\\bin\\runnerw.exe"
            },
            "provider_name": "Microsoft-Windows-Sysmon"
        }
    },
    "251": {
        "@timestamp": "2022-10-07T09:49:47.854Z",
        "host": {
            "name": "Elmo",
            "ip": [
                "fe80::7cd2:efa8:dba2:6fc0",
                "169.254.111.192",
                "fe80::e431:7896:8d85:5aa",
                "172.21.208.1",
                "fe80::48ae:546b:7a20:7f52",
                "172.30.112.1",
                "fe80::bc21:1b56:1d1:4b9f",
                "169.254.75.159",
                "fe80::4807:9ca5:cd67:6ac6",
                "169.254.106.198",
                "fe80::e097:4ef1:6314:5a55",
                "169.254.90.85",
                "fe80::d55:b4a9:26a4:7406",
                "192.168.1.102",
                "fe80::211f:b772:c6da:bfb3",
                "172.27.16.1",
                "fe80::f90c:d738:c01c:abc6",
                "172.28.192.1"
            ]
        },
        "winlog": {
            "provider_guid": "{5770385f-c22a-43e0-bf4c-06f5698ffbd9}",
            "task": "Process Create (rule: ProcessCreate)",
            "computer_name": "Elmo",
            "event_data": {
                "Product": "Git",
                "ParentProcessGuid": "{dd01dab0-f63b-633f-b448-010000004600}",
                "RuleName": "-",
                "Image": "C:\\Program Files\\Git\\cmd\\git.exe",
                "ParentProcessId": "19564",
                "Hashes": "MD5=E87C1D27A0D6D4B36F05407A40418E0D",
                "ParentImage": "C:\\Program Files\\JetBrains\\PyCharm 2021.3\\bin\\runnerw.exe",
                "TerminalSessionId": "4",
                "User": "ELMO\\mrdor",
                "IntegrityLevel": "High",
                "ParentCommandLine": "\"C:\\Program Files\\JetBrains\\PyCharm 2021.3\\bin\\runnerw.exe\" \"C:\\Program Files\\Git\\cmd\\git.exe\" -c credential.helper= -c core.quotepath=false -c log.showSignature=false status --porcelain -z --untracked-files=no --ignored=no -- .idea/workspace.xml",
                "OriginalFileName": "git.exe",
                "LogonId": "0x262837e6",
                "UtcTime": "2022-10-07 09:49:47.850",
                "CommandLine": "\"C:\\Program Files\\Git\\cmd\\git.exe\" -c credential.helper= -c core.quotepath=false -c log.showSignature=false status --porcelain -z --untracked-files=no --ignored=no -- .idea/workspace.xml",
                "CurrentDirectory": "C:\\Users\\mrdor\\PycharmProjects\\Hunterbee\\",
                "FileVersion": "-",
                "LogonGuid": "{dd01dab0-b9ee-633f-e637-282600000000}",
                "ProcessGuid": "{dd01dab0-f63b-633f-b648-010000004600}",
                "Description": "Git for Windows",
                "ProcessId": "18128",
                "Company": "The Git Development Community",
                "ParentUser": "ELMO\\mrdor"
            },
            "provider_name": "Microsoft-Windows-Sysmon"
        }
    },
    "252": {
        "@timestamp": "2022-10-07T09:49:47.871Z",
        "winlog": {
            "provider_name": "Microsoft-Windows-Sysmon",
            "computer_name": "Elmo",
            "event_data": {
                "CommandLine": "git.exe -c credential.helper= -c core.quotepath=false -c log.showSignature=false status --porcelain -z --untracked-files=no --ignored=no -- .idea/workspace.xml",
                "User": "ELMO\\mrdor",
                "Description": "Git for Windows",
                "ProcessId": "10268",
                "Hashes": "MD5=A521A4389F01D81C4E78C9129EB36D48",
                "IntegrityLevel": "High",
                "UtcTime": "2022-10-07 09:49:47.868",
                "Image": "C:\\Program Files\\Git\\mingw64\\bin\\git.exe",
                "ParentImage": "C:\\Program Files\\Git\\cmd\\git.exe",
                "LogonGuid": "{dd01dab0-b9ee-633f-e637-282600000000}",
                "LogonId": "0x262837e6",
                "ParentUser": "ELMO\\mrdor",
                "ProcessGuid": "{dd01dab0-f63b-633f-b748-010000004600}",
                "Product": "Git",
                "Company": "The Git Development Community",
                "CurrentDirectory": "C:\\Users\\mrdor\\PycharmProjects\\Hunterbee\\",
                "ParentProcessId": "18128",
                "FileVersion": "-",
                "ParentCommandLine": "\"C:\\Program Files\\Git\\cmd\\git.exe\" -c credential.helper= -c core.quotepath=false -c log.showSignature=false status --porcelain -z --untracked-files=no --ignored=no -- .idea/workspace.xml",
                "ParentProcessGuid": "{dd01dab0-f63b-633f-b648-010000004600}",
                "OriginalFileName": "git.exe",
                "TerminalSessionId": "4",
                "RuleName": "-"
            },
            "task": "Process Create (rule: ProcessCreate)",
            "provider_guid": "{5770385f-c22a-43e0-bf4c-06f5698ffbd9}"
        },
        "host": {
            "name": "Elmo",
            "ip": [
                "fe80::7cd2:efa8:dba2:6fc0",
                "169.254.111.192",
                "fe80::e431:7896:8d85:5aa",
                "172.21.208.1",
                "fe80::48ae:546b:7a20:7f52",
                "172.30.112.1",
                "fe80::bc21:1b56:1d1:4b9f",
                "169.254.75.159",
                "fe80::4807:9ca5:cd67:6ac6",
                "169.254.106.198",
                "fe80::e097:4ef1:6314:5a55",
                "169.254.90.85",
                "fe80::d55:b4a9:26a4:7406",
                "192.168.1.102",
                "fe80::211f:b772:c6da:bfb3",
                "172.27.16.1",
                "fe80::f90c:d738:c01c:abc6",
                "172.28.192.1"
            ]
        }
    },
    "253": {
        "@timestamp": "2022-10-07T09:49:49.632Z",
        "host": {
            "name": "Elmo",
            "ip": [
                "fe80::7cd2:efa8:dba2:6fc0",
                "169.254.111.192",
                "fe80::e431:7896:8d85:5aa",
                "172.21.208.1",
                "fe80::48ae:546b:7a20:7f52",
                "172.30.112.1",
                "fe80::bc21:1b56:1d1:4b9f",
                "169.254.75.159",
                "fe80::4807:9ca5:cd67:6ac6",
                "169.254.106.198",
                "fe80::e097:4ef1:6314:5a55",
                "169.254.90.85",
                "fe80::d55:b4a9:26a4:7406",
                "192.168.1.102",
                "fe80::211f:b772:c6da:bfb3",
                "172.27.16.1",
                "fe80::f90c:d738:c01c:abc6",
                "172.28.192.1"
            ]
        },
        "winlog": {
            "computer_name": "Elmo",
            "provider_guid": "{5770385f-c22a-43e0-bf4c-06f5698ffbd9}",
            "provider_name": "Microsoft-Windows-Sysmon",
            "task": "Process Create (rule: ProcessCreate)",
            "event_data": {
                "CommandLine": "C:\\Windows\\system32\\svchost.exe -k netsvcs -p -s gpsvc",
                "OriginalFileName": "svchost.exe",
                "ParentProcessId": "920",
                "ParentUser": "NT AUTHORITY\\SYSTEM",
                "RuleName": "-",
                "Company": "Microsoft Corporation",
                "LogonId": "0x3e7",
                "CurrentDirectory": "C:\\Windows\\system32\\",
                "ParentProcessGuid": "{dd01dab0-dc23-633b-0b00-000000004600}",
                "LogonGuid": "{dd01dab0-dc23-633b-e703-000000000000}",
                "FileVersion": "10.0.19041.1806 (WinBuild.160101.0800)",
                "TerminalSessionId": "0",
                "ParentCommandLine": "C:\\Windows\\system32\\services.exe",
                "ProcessId": "9624",
                "Image": "C:\\Windows\\System32\\svchost.exe",
                "User": "NT AUTHORITY\\SYSTEM",
                "UtcTime": "2022-10-07 09:49:49.626",
                "Hashes": "MD5=B7F884C1B74A263F746EE12A5F7C9F6A",
                "ProcessGuid": "{dd01dab0-f63d-633f-b848-010000004600}",
                "Description": "Host Process for Windows Services",
                "ParentImage": "C:\\Windows\\System32\\services.exe",
                "Product": "Microsoft\u00c2\u00ae Windows\u00c2\u00ae Operating System",
                "IntegrityLevel": "System"
            }
        }
    },
    "254": {
        "@timestamp": "2022-10-07T09:49:49.824Z",
        "winlog": {
            "provider_name": "Microsoft-Windows-Sysmon",
            "event_data": {
                "Image": "C:\\Windows\\System32\\smartscreen.exe",
                "OriginalFileName": "smartscreen.exe",
                "Description": "Windows Defender SmartScreen",
                "ParentProcessGuid": "{dd01dab0-dc24-633b-0f00-000000004600}",
                "LogonId": "0x26286720",
                "RuleName": "-",
                "Product": "Microsoft\u00c2\u00ae Windows\u00c2\u00ae Operating System",
                "TerminalSessionId": "4",
                "IntegrityLevel": "Medium",
                "ParentProcessId": "744",
                "UtcTime": "2022-10-07 09:49:49.822",
                "ProcessGuid": "{dd01dab0-f63d-633f-b948-010000004600}",
                "ProcessId": "15828",
                "ParentCommandLine": "C:\\Windows\\system32\\svchost.exe -k DcomLaunch -p",
                "User": "ELMO\\mrdor",
                "Hashes": "MD5=02FB7069B8D8426DC72C9D8A495AF55A",
                "LogonGuid": "{dd01dab0-b9ee-633f-2067-282600000000}",
                "CurrentDirectory": "C:\\Windows\\system32\\",
                "ParentImage": "C:\\Windows\\System32\\svchost.exe",
                "ParentUser": "NT AUTHORITY\\SYSTEM",
                "FileVersion": "10.0.19041.1682 (WinBuild.160101.0800)",
                "Company": "Microsoft Corporation",
                "CommandLine": "C:\\Windows\\System32\\smartscreen.exe -Embedding"
            },
            "provider_guid": "{5770385f-c22a-43e0-bf4c-06f5698ffbd9}",
            "computer_name": "Elmo",
            "task": "Process Create (rule: ProcessCreate)"
        },
        "host": {
            "name": "Elmo",
            "ip": [
                "fe80::7cd2:efa8:dba2:6fc0",
                "169.254.111.192",
                "fe80::e431:7896:8d85:5aa",
                "172.21.208.1",
                "fe80::48ae:546b:7a20:7f52",
                "172.30.112.1",
                "fe80::bc21:1b56:1d1:4b9f",
                "169.254.75.159",
                "fe80::4807:9ca5:cd67:6ac6",
                "169.254.106.198",
                "fe80::e097:4ef1:6314:5a55",
                "169.254.90.85",
                "fe80::d55:b4a9:26a4:7406",
                "192.168.1.102",
                "fe80::211f:b772:c6da:bfb3",
                "172.27.16.1",
                "fe80::f90c:d738:c01c:abc6",
                "172.28.192.1"
            ]
        }
    },
    "255": {
        "@timestamp": "2022-10-07T09:49:50.118Z",
        "winlog": {
            "computer_name": "Elmo",
            "provider_name": "Microsoft-Windows-Sysmon",
            "task": "Process Create (rule: ProcessCreate)",
            "provider_guid": "{5770385f-c22a-43e0-bf4c-06f5698ffbd9}",
            "event_data": {
                "IntegrityLevel": "High",
                "FileVersion": "10.0.19041.746 (WinBuild.160101.0800)",
                "UtcTime": "2022-10-07 09:49:50.115",
                "Company": "Microsoft Corporation",
                "User": "ELMO\\mrdor",
                "ParentImage": "C:\\Users\\mrdor\\AppData\\Local\\Programs\\Python\\Python39\\python.exe",
                "ParentProcessId": "22388",
                "CommandLine": "C:\\Windows\\system32\\cmd.exe /c \"tshark -r C:/Users/mrdor/PycharmProjects/Hunterbee/client/tempfiles/Logs/Wireshark/wireshark-logs-19.pcap -T json > C:/Users/mrdor/PycharmProjects/Hunterbee/client/tempfiles/Logs/Wireshark/wireshark-logs-19.json\"",
                "LogonId": "0x262837e6",
                "Product": "Microsoft\u00c2\u00ae Windows\u00c2\u00ae Operating System",
                "ProcessId": "3484",
                "TerminalSessionId": "4",
                "ParentProcessGuid": "{dd01dab0-f517-633f-4847-010000004600}",
                "LogonGuid": "{dd01dab0-b9ee-633f-e637-282600000000}",
                "Hashes": "MD5=8A2122E8162DBEF04694B9C3E0B6CDEE",
                "ParentCommandLine": "C:\\Users\\mrdor\\AppData\\Local\\Programs\\Python\\Python39\\python.exe C:/Users/mrdor/PycharmProjects/Hunterbee/client/wireshark/wireshark_interface.py",
                "RuleName": "-",
                "CurrentDirectory": "C:\\Users\\mrdor\\PycharmProjects\\Hunterbee\\client\\wireshark\\",
                "Image": "C:\\Windows\\System32\\cmd.exe",
                "Description": "Windows Command Processor",
                "ParentUser": "ELMO\\mrdor",
                "ProcessGuid": "{dd01dab0-f63e-633f-ba48-010000004600}",
                "OriginalFileName": "Cmd.Exe"
            }
        },
        "host": {
            "name": "Elmo",
            "ip": [
                "fe80::7cd2:efa8:dba2:6fc0",
                "169.254.111.192",
                "fe80::e431:7896:8d85:5aa",
                "172.21.208.1",
                "fe80::48ae:546b:7a20:7f52",
                "172.30.112.1",
                "fe80::bc21:1b56:1d1:4b9f",
                "169.254.75.159",
                "fe80::4807:9ca5:cd67:6ac6",
                "169.254.106.198",
                "fe80::e097:4ef1:6314:5a55",
                "169.254.90.85",
                "fe80::d55:b4a9:26a4:7406",
                "192.168.1.102",
                "fe80::211f:b772:c6da:bfb3",
                "172.27.16.1",
                "fe80::f90c:d738:c01c:abc6",
                "172.28.192.1"
            ]
        }
    },
    "256": {
        "@timestamp": "2022-10-07T09:49:50.127Z",
        "winlog": {
            "provider_guid": "{5770385f-c22a-43e0-bf4c-06f5698ffbd9}",
            "task": "Process Create (rule: ProcessCreate)",
            "provider_name": "Microsoft-Windows-Sysmon",
            "computer_name": "Elmo",
            "event_data": {
                "UtcTime": "2022-10-07 09:49:50.125",
                "User": "ELMO\\mrdor",
                "ParentProcessGuid": "{dd01dab0-f63e-633f-ba48-010000004600}",
