                "ProcessGuid": "{dd01dab0-f8b7-633f-d951-010000004600}",
                "CommandLine": "\"C:\\Users\\mrdor\\AppData\\Local\\NVIDIA\\NvBackend\\ApplicationOntology\\OAWrapper.exe\" -a dark_souls_remastered -p \"G:\\DARK SOULS REMASTERED\" -g a",
                "Hashes": "MD5=317A0CDDED8011604E1C5CEC571B8C3E",
                "OriginalFileName": "OAWrapper.exe",
                "ParentUser": "ELMO\\mrdor",
                "User": "ELMO\\mrdor",
                "LogonGuid": "{dd01dab0-b9ee-633f-2067-282600000000}",
                "UtcTime": "2022-10-07 10:00:23.136",
                "FileVersion": "46.0.9.0",
                "LogonId": "0x26286720",
                "Image": "C:\\Users\\mrdor\\AppData\\Local\\NVIDIA\\NvBackend\\ApplicationOntology\\OAWrapper.exe",
                "TerminalSessionId": "4",
                "IntegrityLevel": "Medium",
                "Company": "NVIDIA Corporation",
                "ParentCommandLine": "\"C:\\Program Files\\NVIDIA Corporation\\NvContainer\\nvcontainer.exe\" -f \"C:\\ProgramData\\NVIDIA\\NvContainerUser%d.log\" -d \"C:\\Program Files\\NVIDIA Corporation\\NvContainer\\plugins\\User\" -r -l 3 -p 30000 -st \"C:\\Program Files\\NVIDIA Corporation\\NvContainer\\NvContainerTelemetryApi.dll\" -c",
                "ProcessId": "8496",
                "ParentProcessGuid": "{dd01dab0-b9fc-633f-e033-010000004600}",
                "Description": "OpenAutomate wrapper",
                "Product": "NVIDIA GeForce Experience Application Ontology",
                "ParentImage": "C:\\Program Files\\NVIDIA Corporation\\NvContainer\\nvcontainer.exe",
                "CurrentDirectory": "C:\\Program Files\\NVIDIA Corporation\\ShadowPlay\\"
            },
            "computer_name": "Elmo",
            "provider_guid": "{5770385f-c22a-43e0-bf4c-06f5698ffbd9}",
            "task": "Process Create (rule: ProcessCreate)"
        },
        "host": {
            "ip": [
                "fe80::7cd2:efa8:dba2:6fc0",
                "169.254.111.192",
                "fe80::e431:7896:8d85:5aa",
                "172.21.208.1",
                "fe80::48ae:546b:7a20:7f52",
                "172.30.112.1",
                "fe80::bc21:1b56:1d1:4b9f",
                "169.254.75.159",
                "fe80::4807:9ca5:cd67:6ac6",
                "169.254.106.198",
                "fe80::e097:4ef1:6314:5a55",
                "169.254.90.85",
                "fe80::d55:b4a9:26a4:7406",
                "192.168.1.102",
                "fe80::211f:b772:c6da:bfb3",
                "172.27.16.1",
                "fe80::f90c:d738:c01c:abc6",
                "172.28.192.1"
            ],
            "name": "Elmo"
        }
    },
    "308": {
        "@timestamp": "2022-10-07T10:00:23.147Z",
        "host": {
            "name": "Elmo",
            "ip": [
                "fe80::7cd2:efa8:dba2:6fc0",
                "169.254.111.192",
                "fe80::e431:7896:8d85:5aa",
                "172.21.208.1",
                "fe80::48ae:546b:7a20:7f52",
                "172.30.112.1",
                "fe80::bc21:1b56:1d1:4b9f",
                "169.254.75.159",
                "fe80::4807:9ca5:cd67:6ac6",
                "169.254.106.198",
                "fe80::e097:4ef1:6314:5a55",
                "169.254.90.85",
                "fe80::d55:b4a9:26a4:7406",
                "192.168.1.102",
                "fe80::211f:b772:c6da:bfb3",
                "172.27.16.1",
                "fe80::f90c:d738:c01c:abc6",
                "172.28.192.1"
            ]
        },
        "winlog": {
            "computer_name": "Elmo",
            "event_data": {
                "ParentImage": "C:\\Users\\mrdor\\AppData\\Local\\Programs\\Python\\Python39\\python.exe",
                "FileVersion": "3.6.2",
                "ParentProcessGuid": "{dd01dab0-f517-633f-4847-010000004600}",
                "ParentCommandLine": "C:\\Users\\mrdor\\AppData\\Local\\Programs\\Python\\Python39\\python.exe C:/Users/mrdor/PycharmProjects/Hunterbee/client/wireshark/wireshark_interface.py",
                "RuleName": "-",
                "UtcTime": "2022-10-07 10:00:23.145",
                "ProcessId": "11500",
                "LogonGuid": "{dd01dab0-b9ee-633f-e637-282600000000}",
                "Description": "Dumpcap",
                "LogonId": "0x262837e6",
                "ProcessGuid": "{dd01dab0-f8b7-633f-db51-010000004600}",
                "Product": "Dumpcap",
                "Hashes": "MD5=A85C48F3129B10CF5593FBF3B02836FF",
                "ParentProcessId": "22388",
                "OriginalFileName": "Dumpcap.exe",
                "CommandLine": "\"C:/Program Files/Wireshark/dumpcap.exe\" -q -i Wi-Fi -w -",
                "ParentUser": "ELMO\\mrdor",
                "User": "ELMO\\mrdor",
                "TerminalSessionId": "4",
                "Image": "C:\\Program Files\\Wireshark\\dumpcap.exe",
                "CurrentDirectory": "C:\\Users\\mrdor\\PycharmProjects\\Hunterbee\\client\\wireshark\\",
                "Company": "The Wireshark developer community",
                "IntegrityLevel": "High"
            },
            "provider_name": "Microsoft-Windows-Sysmon",
            "task": "Process Create (rule: ProcessCreate)",
            "provider_guid": "{5770385f-c22a-43e0-bf4c-06f5698ffbd9}"
        }
    },
    "309": {
        "@timestamp": "2022-10-07T10:00:23.152Z",
        "winlog": {
            "provider_name": "Microsoft-Windows-Sysmon",
            "task": "Process Create (rule: ProcessCreate)",
            "event_data": {
                "UtcTime": "2022-10-07 10:00:23.150",
                "ParentProcessGuid": "{dd01dab0-f517-633f-4847-010000004600}",
                "ProcessGuid": "{dd01dab0-f8b7-633f-dc51-010000004600}",
                "User": "ELMO\\mrdor",
                "IntegrityLevel": "High",
                "CurrentDirectory": "C:\\Users\\mrdor\\PycharmProjects\\Hunterbee\\client\\wireshark\\",
                "Hashes": "MD5=2C7476F44C33FE4FE26600AE7AE3900D",
                "ProcessId": "4896",
                "CommandLine": "\"C:/Program Files/Wireshark/tshark.exe\" -D",
                "ParentProcessId": "22388",
                "Description": "TShark",
                "Image": "C:\\Program Files\\Wireshark\\tshark.exe",
                "Product": "TShark",
                "ParentImage": "C:\\Users\\mrdor\\AppData\\Local\\Programs\\Python\\Python39\\python.exe",
                "LogonGuid": "{dd01dab0-b9ee-633f-e637-282600000000}",
                "TerminalSessionId": "4",
                "FileVersion": "3.6.2",
                "Company": "The Wireshark developer community",
                "LogonId": "0x262837e6",
                "ParentCommandLine": "C:\\Users\\mrdor\\AppData\\Local\\Programs\\Python\\Python39\\python.exe C:/Users/mrdor/PycharmProjects/Hunterbee/client/wireshark/wireshark_interface.py",
                "OriginalFileName": "TShark.exe",
                "ParentUser": "ELMO\\mrdor",
                "RuleName": "-"
            },
            "provider_guid": "{5770385f-c22a-43e0-bf4c-06f5698ffbd9}",
            "computer_name": "Elmo"
        },
        "host": {
            "ip": [
                "fe80::7cd2:efa8:dba2:6fc0",
                "169.254.111.192",
                "fe80::e431:7896:8d85:5aa",
                "172.21.208.1",
                "fe80::48ae:546b:7a20:7f52",
                "172.30.112.1",
                "fe80::bc21:1b56:1d1:4b9f",
                "169.254.75.159",
                "fe80::4807:9ca5:cd67:6ac6",
                "169.254.106.198",
                "fe80::e097:4ef1:6314:5a55",
                "169.254.90.85",
                "fe80::d55:b4a9:26a4:7406",
                "192.168.1.102",
                "fe80::211f:b772:c6da:bfb3",
                "172.27.16.1",
                "fe80::f90c:d738:c01c:abc6",
                "172.28.192.1"
            ],
            "name": "Elmo"
        }
    },
    "310": {
        "@timestamp": "2022-10-07T10:00:23.386Z",
        "host": {
            "name": "Elmo",
            "ip": [
                "fe80::7cd2:efa8:dba2:6fc0",
                "169.254.111.192",
                "fe80::e431:7896:8d85:5aa",
                "172.21.208.1",
                "fe80::48ae:546b:7a20:7f52",
                "172.30.112.1",
                "fe80::bc21:1b56:1d1:4b9f",
                "169.254.75.159",
                "fe80::4807:9ca5:cd67:6ac6",
                "169.254.106.198",
                "fe80::e097:4ef1:6314:5a55",
                "169.254.90.85",
                "fe80::d55:b4a9:26a4:7406",
                "192.168.1.102",
                "fe80::211f:b772:c6da:bfb3",
                "172.27.16.1",
                "fe80::f90c:d738:c01c:abc6",
                "172.28.192.1"
            ]
        },
        "winlog": {
            "task": "Process terminated (rule: ProcessTerminate)",
            "provider_guid": "{5770385f-c22a-43e0-bf4c-06f5698ffbd9}",
            "event_data": {
                "ProcessGuid": "{dd01dab0-f8b7-633f-d951-010000004600}",
                "ProcessId": "8496",
                "Image": "C:\\Users\\mrdor\\AppData\\Local\\NVIDIA\\NvBackend\\ApplicationOntology\\OAWrapper.exe",
                "User": "ELMO\\mrdor",
                "RuleName": "-",
                "UtcTime": "2022-10-07 10:00:23.385"
            },
            "provider_name": "Microsoft-Windows-Sysmon",
            "computer_name": "Elmo"
        }
    },
    "311": {
        "@timestamp": "2022-10-07T10:00:23.417Z",
        "host": {
            "ip": [
                "fe80::7cd2:efa8:dba2:6fc0",
                "169.254.111.192",
                "fe80::e431:7896:8d85:5aa",
                "172.21.208.1",
                "fe80::48ae:546b:7a20:7f52",
                "172.30.112.1",
                "fe80::bc21:1b56:1d1:4b9f",
                "169.254.75.159",
                "fe80::4807:9ca5:cd67:6ac6",
                "169.254.106.198",
                "fe80::e097:4ef1:6314:5a55",
                "169.254.90.85",
                "fe80::d55:b4a9:26a4:7406",
                "192.168.1.102",
                "fe80::211f:b772:c6da:bfb3",
                "172.27.16.1",
                "fe80::f90c:d738:c01c:abc6",
                "172.28.192.1"
            ],
            "name": "Elmo"
        },
        "winlog": {
            "task": "Process Create (rule: ProcessCreate)",
            "computer_name": "Elmo",
            "provider_guid": "{5770385f-c22a-43e0-bf4c-06f5698ffbd9}",
            "provider_name": "Microsoft-Windows-Sysmon",
            "event_data": {
                "Company": "The Wireshark developer community",
                "ParentImage": "C:\\Program Files\\Wireshark\\tshark.exe",
                "LogonId": "0x262837e6",
                "ParentProcessGuid": "{dd01dab0-f8b7-633f-dc51-010000004600}",
                "User": "ELMO\\mrdor",
                "FileVersion": "3.6.2",
                "Product": "Dumpcap",
                "RuleName": "-",
                "LogonGuid": "{dd01dab0-b9ee-633f-e637-282600000000}",
                "IntegrityLevel": "High",
                "UtcTime": "2022-10-07 10:00:23.415",
                "OriginalFileName": "Dumpcap.exe",
                "TerminalSessionId": "4",
                "ProcessId": "2272",
                "ParentProcessId": "4896",
                "ParentUser": "ELMO\\mrdor",
                "Description": "Dumpcap",
                "ProcessGuid": "{dd01dab0-f8b7-633f-dd51-010000004600}",
                "CurrentDirectory": "C:\\Users\\mrdor\\PycharmProjects\\Hunterbee\\client\\wireshark\\",
                "Image": "C:\\Program Files\\Wireshark\\dumpcap.exe",
                "CommandLine": "\"C:\\Program Files\\Wireshark\\dumpcap.exe\" -D -Z none",
                "Hashes": "MD5=A85C48F3129B10CF5593FBF3B02836FF",
                "ParentCommandLine": "\"C:/Program Files/Wireshark/tshark.exe\" -D"
            }
        }
    },
    "312": {
        "@timestamp": "2022-10-07T10:00:23.451Z",
        "winlog": {
            "provider_guid": "{5770385f-c22a-43e0-bf4c-06f5698ffbd9}",
            "task": "Process Create (rule: ProcessCreate)",
            "computer_name": "Elmo",
            "event_data": {
                "IntegrityLevel": "Medium",
                "OriginalFileName": "OAWrapper.exe",
                "TerminalSessionId": "4",
                "Description": "OpenAutomate wrapper",
                "ParentCommandLine": "\"C:\\Program Files\\NVIDIA Corporation\\NvContainer\\nvcontainer.exe\" -f \"C:\\ProgramData\\NVIDIA\\NvContainerUser%d.log\" -d \"C:\\Program Files\\NVIDIA Corporation\\NvContainer\\plugins\\User\" -r -l 3 -p 30000 -st \"C:\\Program Files\\NVIDIA Corporation\\NvContainer\\NvContainerTelemetryApi.dll\" -c",
                "ProcessId": "11540",
                "Company": "NVIDIA Corporation",
                "FileVersion": "46.0.9.0",
                "Product": "NVIDIA GeForce Experience Application Ontology",
                "ParentUser": "ELMO\\mrdor",
                "User": "ELMO\\mrdor",
                "CommandLine": "\"C:\\Users\\mrdor\\AppData\\Local\\NVIDIA\\NvBackend\\ApplicationOntology\\OAWrapper.exe\" -a dark_souls_remastered -p \"G:\\DARK SOULS REMASTERED\" -g c",
                "ParentProcessGuid": "{dd01dab0-b9fc-633f-e033-010000004600}",
                "Hashes": "MD5=317A0CDDED8011604E1C5CEC571B8C3E",
                "Image": "C:\\Users\\mrdor\\AppData\\Local\\NVIDIA\\NvBackend\\ApplicationOntology\\OAWrapper.exe",
                "ParentProcessId": "21900",
                "LogonId": "0x26286720",
                "LogonGuid": "{dd01dab0-b9ee-633f-2067-282600000000}",
                "RuleName": "-",
                "UtcTime": "2022-10-07 10:00:23.449",
                "CurrentDirectory": "C:\\Program Files\\NVIDIA Corporation\\ShadowPlay\\",
                "ProcessGuid": "{dd01dab0-f8b7-633f-df51-010000004600}",
                "ParentImage": "C:\\Program Files\\NVIDIA Corporation\\NvContainer\\nvcontainer.exe"
            },
            "provider_name": "Microsoft-Windows-Sysmon"
        },
        "host": {
            "ip": [
                "fe80::7cd2:efa8:dba2:6fc0",
                "169.254.111.192",
                "fe80::e431:7896:8d85:5aa",
                "172.21.208.1",
                "fe80::48ae:546b:7a20:7f52",
                "172.30.112.1",
                "fe80::bc21:1b56:1d1:4b9f",
                "169.254.75.159",
                "fe80::4807:9ca5:cd67:6ac6",
                "169.254.106.198",
                "fe80::e097:4ef1:6314:5a55",
                "169.254.90.85",
                "fe80::d55:b4a9:26a4:7406",
                "192.168.1.102",
                "fe80::211f:b772:c6da:bfb3",
                "172.27.16.1",
                "fe80::f90c:d738:c01c:abc6",
                "172.28.192.1"
            ],
            "name": "Elmo"
        }
    },
    "313": {
        "@timestamp": "2022-10-07T10:00:23.565Z",
        "winlog": {
            "provider_name": "Microsoft-Windows-Sysmon",
            "event_data": {
                "Product": "TShark",
                "IntegrityLevel": "High",
                "ParentImage": "C:\\Users\\mrdor\\AppData\\Local\\Programs\\Python\\Python39\\python.exe",
                "TerminalSessionId": "4",
                "Company": "The Wireshark developer community",
                "CommandLine": "\"C:/Program Files/Wireshark/tshark.exe\" -l -n -T pdml -c 25 -w C:/Users/mrdor/PycharmProjects/Hunterbee/client/tempfiles/Logs/Wireshark/wireshark-logs-171.pcap -i -",
                "RuleName": "-",
                "UtcTime": "2022-10-07 10:00:23.563",
                "ParentUser": "ELMO\\mrdor",
                "Description": "TShark",
                "ProcessId": "15040",
                "LogonId": "0x262837e6",
                "Image": "C:\\Program Files\\Wireshark\\tshark.exe",
                "FileVersion": "3.6.2",
                "ParentCommandLine": "C:\\Users\\mrdor\\AppData\\Local\\Programs\\Python\\Python39\\python.exe C:/Users/mrdor/PycharmProjects/Hunterbee/client/wireshark/wireshark_interface.py",
                "Hashes": "MD5=2C7476F44C33FE4FE26600AE7AE3900D",
                "LogonGuid": "{dd01dab0-b9ee-633f-e637-282600000000}",
                "ParentProcessGuid": "{dd01dab0-f517-633f-4847-010000004600}",
                "OriginalFileName": "TShark.exe",
                "ParentProcessId": "22388",
                "ProcessGuid": "{dd01dab0-f8b7-633f-e151-010000004600}",
                "CurrentDirectory": "C:\\Users\\mrdor\\PycharmProjects\\Hunterbee\\client\\wireshark\\",
                "User": "ELMO\\mrdor"
            },
            "task": "Process Create (rule: ProcessCreate)",
            "provider_guid": "{5770385f-c22a-43e0-bf4c-06f5698ffbd9}",
            "computer_name": "Elmo"
        },
        "host": {
            "name": "Elmo",
            "ip": [
                "fe80::7cd2:efa8:dba2:6fc0",
                "169.254.111.192",
                "fe80::e431:7896:8d85:5aa",
                "172.21.208.1",
                "fe80::48ae:546b:7a20:7f52",
                "172.30.112.1",
                "fe80::bc21:1b56:1d1:4b9f",
                "169.254.75.159",
                "fe80::4807:9ca5:cd67:6ac6",
                "169.254.106.198",
                "fe80::e097:4ef1:6314:5a55",
                "169.254.90.85",
                "fe80::d55:b4a9:26a4:7406",
                "192.168.1.102",
                "fe80::211f:b772:c6da:bfb3",
                "172.27.16.1",
                "fe80::f90c:d738:c01c:abc6",
                "172.28.192.1"
            ]
        }
    },
    "314": {
        "@timestamp": "2022-10-07T10:00:23.591Z",
        "winlog": {
            "provider_guid": "{5770385f-c22a-43e0-bf4c-06f5698ffbd9}",
            "provider_name": "Microsoft-Windows-Sysmon",
            "task": "Process terminated (rule: ProcessTerminate)",
            "event_data": {
                "RuleName": "-",
                "UtcTime": "2022-10-07 10:00:23.590",
                "ProcessGuid": "{dd01dab0-f8b7-633f-df51-010000004600}",
                "ProcessId": "11540",
                "Image": "C:\\Users\\mrdor\\AppData\\Local\\NVIDIA\\NvBackend\\ApplicationOntology\\OAWrapper.exe",
                "User": "ELMO\\mrdor"
            },
            "computer_name": "Elmo"
        },
        "host": {
            "name": "Elmo",
            "ip": [
                "fe80::7cd2:efa8:dba2:6fc0",
                "169.254.111.192",
                "fe80::e431:7896:8d85:5aa",
                "172.21.208.1",
                "fe80::48ae:546b:7a20:7f52",
                "172.30.112.1",
                "fe80::bc21:1b56:1d1:4b9f",
                "169.254.75.159",
                "fe80::4807:9ca5:cd67:6ac6",
                "169.254.106.198",
                "fe80::e097:4ef1:6314:5a55",
                "169.254.90.85",
                "fe80::d55:b4a9:26a4:7406",
                "192.168.1.102",
                "fe80::211f:b772:c6da:bfb3",
                "172.27.16.1",
                "fe80::f90c:d738:c01c:abc6",
                "172.28.192.1"
            ]
        }
    },
    "315": {
        "@timestamp": "2022-10-07T10:00:23.817Z",
        "winlog": {
            "provider_guid": "{5770385f-c22a-43e0-bf4c-06f5698ffbd9}",
            "task": "Process Create (rule: ProcessCreate)",
            "event_data": {
                "RuleName": "-",
                "FileVersion": "3.6.2",
                "ParentProcessId": "15040",
                "IntegrityLevel": "High",
                "ParentImage": "C:\\Program Files\\Wireshark\\tshark.exe",
                "ParentCommandLine": "\"C:/Program Files/Wireshark/tshark.exe\" -l -n -T pdml -c 25 -w C:/Users/mrdor/PycharmProjects/Hunterbee/client/tempfiles/Logs/Wireshark/wireshark-logs-171.pcap -i -",
                "LogonId": "0x262837e6",
                "ParentUser": "ELMO\\mrdor",
                "User": "ELMO\\mrdor",
                "TerminalSessionId": "4",
                "Hashes": "MD5=A85C48F3129B10CF5593FBF3B02836FF",
                "ProcessGuid": "{dd01dab0-f8b7-633f-e251-010000004600}",
                "Company": "The Wireshark developer community",
                "CommandLine": "\"C:\\Program Files\\Wireshark\\dumpcap.exe\" -D -Z none",
                "LogonGuid": "{dd01dab0-b9ee-633f-e637-282600000000}",
                "UtcTime": "2022-10-07 10:00:23.815",
                "ProcessId": "16348",
                "Image": "C:\\Program Files\\Wireshark\\dumpcap.exe",
                "OriginalFileName": "Dumpcap.exe",
                "Product": "Dumpcap",
                "ParentProcessGuid": "{dd01dab0-f8b7-633f-e151-010000004600}",
                "Description": "Dumpcap",
                "CurrentDirectory": "C:\\Users\\mrdor\\PycharmProjects\\Hunterbee\\client\\wireshark\\"
            },
            "provider_name": "Microsoft-Windows-Sysmon",
            "computer_name": "Elmo"
        },
        "host": {
            "name": "Elmo",
            "ip": [
                "fe80::7cd2:efa8:dba2:6fc0",
                "169.254.111.192",
                "fe80::e431:7896:8d85:5aa",
                "172.21.208.1",
                "fe80::48ae:546b:7a20:7f52",
                "172.30.112.1",
                "fe80::bc21:1b56:1d1:4b9f",
                "169.254.75.159",
                "fe80::4807:9ca5:cd67:6ac6",
                "169.254.106.198",
                "fe80::e097:4ef1:6314:5a55",
                "169.254.90.85",
                "fe80::d55:b4a9:26a4:7406",
                "192.168.1.102",
                "fe80::211f:b772:c6da:bfb3",
                "172.27.16.1",
                "fe80::f90c:d738:c01c:abc6",
                "172.28.192.1"
            ]
        }
    },
    "316": {
        "@timestamp": "2022-10-07T10:00:23.903Z",
        "host": {
            "name": "Elmo",
            "ip": [
                "fe80::7cd2:efa8:dba2:6fc0",
                "169.254.111.192",
                "fe80::e431:7896:8d85:5aa",
                "172.21.208.1",
                "fe80::48ae:546b:7a20:7f52",
                "172.30.112.1",
                "fe80::bc21:1b56:1d1:4b9f",
                "169.254.75.159",
                "fe80::4807:9ca5:cd67:6ac6",
                "169.254.106.198",
                "fe80::e097:4ef1:6314:5a55",
                "169.254.90.85",
                "fe80::d55:b4a9:26a4:7406",
                "192.168.1.102",
                "fe80::211f:b772:c6da:bfb3",
                "172.27.16.1",
                "fe80::f90c:d738:c01c:abc6",
                "172.28.192.1"
            ]
        },
        "winlog": {
            "provider_name": "Microsoft-Windows-Sysmon",
            "task": "Process Create (rule: ProcessCreate)",
            "computer_name": "Elmo",
            "event_data": {
                "LogonGuid": "{dd01dab0-b9ee-633f-2067-282600000000}",
                "ParentProcessGuid": "{dd01dab0-b9fc-633f-e033-010000004600}",
                "ProcessGuid": "{dd01dab0-f8b7-633f-e451-010000004600}",
                "Hashes": "MD5=317A0CDDED8011604E1C5CEC571B8C3E",
                "Product": "NVIDIA GeForce Experience Application Ontology",
                "User": "ELMO\\mrdor",
                "ProcessId": "18820",
                "UtcTime": "2022-10-07 10:00:23.900",
                "Image": "C:\\Users\\mrdor\\AppData\\Local\\NVIDIA\\NvBackend\\ApplicationOntology\\OAWrapper.exe",
                "LogonId": "0x26286720",
                "RuleName": "-",
                "Description": "OpenAutomate wrapper",
                "ParentCommandLine": "\"C:\\Program Files\\NVIDIA Corporation\\NvContainer\\nvcontainer.exe\" -f \"C:\\ProgramData\\NVIDIA\\NvContainerUser%d.log\" -d \"C:\\Program Files\\NVIDIA Corporation\\NvContainer\\plugins\\User\" -r -l 3 -p 30000 -st \"C:\\Program Files\\NVIDIA Corporation\\NvContainer\\NvContainerTelemetryApi.dll\" -c",
                "CommandLine": "\"C:\\Users\\mrdor\\AppData\\Local\\NVIDIA\\NvBackend\\ApplicationOntology\\OAWrapper.exe\" -a dark_souls_remastered -p \"G:\\DARK SOULS REMASTERED\" -g c",
                "ParentProcessId": "21900",
                "Company": "NVIDIA Corporation",
                "IntegrityLevel": "Medium",
                "OriginalFileName": "OAWrapper.exe",
                "TerminalSessionId": "4",
                "ParentImage": "C:\\Program Files\\NVIDIA Corporation\\NvContainer\\nvcontainer.exe",
                "CurrentDirectory": "C:\\Program Files\\NVIDIA Corporation\\ShadowPlay\\",
                "FileVersion": "46.0.9.0",
                "ParentUser": "ELMO\\mrdor"
            },
            "provider_guid": "{5770385f-c22a-43e0-bf4c-06f5698ffbd9}"
        }
    },
    "317": {
        "@timestamp": "2022-10-07T10:00:24.034Z",
        "host": {
            "name": "Elmo",
            "ip": [
                "fe80::7cd2:efa8:dba2:6fc0",
                "169.254.111.192",
                "fe80::e431:7896:8d85:5aa",
                "172.21.208.1",
                "fe80::48ae:546b:7a20:7f52",
                "172.30.112.1",
                "fe80::bc21:1b56:1d1:4b9f",
                "169.254.75.159",
                "fe80::4807:9ca5:cd67:6ac6",
                "169.254.106.198",
                "fe80::e097:4ef1:6314:5a55",
                "169.254.90.85",
                "fe80::d55:b4a9:26a4:7406",
                "192.168.1.102",
                "fe80::211f:b772:c6da:bfb3",
                "172.27.16.1",
                "fe80::f90c:d738:c01c:abc6",
                "172.28.192.1"
            ]
        },
        "winlog": {
            "task": "Process terminated (rule: ProcessTerminate)",
            "event_data": {
                "Image": "C:\\Users\\mrdor\\AppData\\Local\\NVIDIA\\NvBackend\\ApplicationOntology\\OAWrapper.exe",
                "User": "ELMO\\mrdor",
                "RuleName": "-",
                "UtcTime": "2022-10-07 10:00:24.033",
                "ProcessGuid": "{dd01dab0-f8b7-633f-e451-010000004600}",
                "ProcessId": "18820"
            },
            "computer_name": "Elmo",
            "provider_guid": "{5770385f-c22a-43e0-bf4c-06f5698ffbd9}",
            "provider_name": "Microsoft-Windows-Sysmon"
        }
    },
    "318": {
        "@timestamp": "2022-10-07T10:00:24.056Z",
        "host": {
            "name": "Elmo",
            "ip": [
                "fe80::7cd2:efa8:dba2:6fc0",
                "169.254.111.192",
                "fe80::e431:7896:8d85:5aa",
                "172.21.208.1",
                "fe80::48ae:546b:7a20:7f52",
                "172.30.112.1",
                "fe80::bc21:1b56:1d1:4b9f",
                "169.254.75.159",
                "fe80::4807:9ca5:cd67:6ac6",
                "169.254.106.198",
                "fe80::e097:4ef1:6314:5a55",
                "169.254.90.85",
                "fe80::d55:b4a9:26a4:7406",
                "192.168.1.102",
                "fe80::211f:b772:c6da:bfb3",
                "172.27.16.1",
                "fe80::f90c:d738:c01c:abc6",
                "172.28.192.1"
            ]
        },
        "winlog": {
            "provider_guid": "{5770385f-c22a-43e0-bf4c-06f5698ffbd9}",
            "provider_name": "Microsoft-Windows-Sysmon",
            "task": "Process Create (rule: ProcessCreate)",
            "computer_name": "Elmo",
            "event_data": {
                "Hashes": "MD5=A85C48F3129B10CF5593FBF3B02836FF",
                "ParentImage": "C:\\Program Files\\Wireshark\\tshark.exe",
                "IntegrityLevel": "High",
                "CurrentDirectory": "C:\\Users\\mrdor\\PycharmProjects\\Hunterbee\\client\\wireshark\\",
                "User": "ELMO\\mrdor",
                "RuleName": "-",
                "ProcessGuid": "{dd01dab0-f8b8-633f-e651-010000004600}",
                "TerminalSessionId": "4",
                "Image": "C:\\Program Files\\Wireshark\\dumpcap.exe",
                "ParentProcessId": "15040",
                "Description": "Dumpcap",
                "Product": "Dumpcap",
                "OriginalFileName": "Dumpcap.exe",
                "CommandLine": "\"C:\\Program Files\\Wireshark\\dumpcap.exe\" -n -c 25 -i - -Z 15040 -w C:/Users/mrdor/PycharmProjects/Hunterbee/client/tempfiles/Logs/Wireshark/wireshark-logs-171.pcap",
                "LogonGuid": "{dd01dab0-b9ee-633f-e637-282600000000}",
                "ParentProcessGuid": "{dd01dab0-f8b7-633f-e151-010000004600}",
                "ProcessId": "13012",
                "FileVersion": "3.6.2",
                "ParentCommandLine": "\"C:/Program Files/Wireshark/tshark.exe\" -l -n -T pdml -c 25 -w C:/Users/mrdor/PycharmProjects/Hunterbee/client/tempfiles/Logs/Wireshark/wireshark-logs-171.pcap -i -",
                "LogonId": "0x262837e6",
                "UtcTime": "2022-10-07 10:00:24.055",
                "Company": "The Wireshark developer community",
                "ParentUser": "ELMO\\mrdor"
            }
        }
    },
    "319": {
        "@timestamp": "2022-10-07T10:00:24.065Z",
        "host": {
            "name": "Elmo",
            "ip": [
                "fe80::7cd2:efa8:dba2:6fc0",
                "169.254.111.192",
                "fe80::e431:7896:8d85:5aa",
                "172.21.208.1",
                "fe80::48ae:546b:7a20:7f52",
                "172.30.112.1",
                "fe80::bc21:1b56:1d1:4b9f",
                "169.254.75.159",
                "fe80::4807:9ca5:cd67:6ac6",
                "169.254.106.198",
                "fe80::e097:4ef1:6314:5a55",
                "169.254.90.85",
                "fe80::d55:b4a9:26a4:7406",
                "192.168.1.102",
                "fe80::211f:b772:c6da:bfb3",
                "172.27.16.1",
                "fe80::f90c:d738:c01c:abc6",
                "172.28.192.1"
            ]
        },
        "winlog": {
            "provider_guid": "{5770385f-c22a-43e0-bf4c-06f5698ffbd9}",
            "event_data": {
                "Description": "OpenAutomate wrapper",
                "CurrentDirectory": "C:\\Program Files\\NVIDIA Corporation\\ShadowPlay\\",
                "CommandLine": "\"C:\\Users\\mrdor\\AppData\\Local\\NVIDIA\\NvBackend\\ApplicationOntology\\OAWrapper.exe\" -a dark_souls_remastered -p \"G:\\DARK SOULS REMASTERED\" -g c",
                "ParentProcessId": "21900",
                "Product": "NVIDIA GeForce Experience Application Ontology",
                "OriginalFileName": "OAWrapper.exe",
                "User": "ELMO\\mrdor",
                "ParentImage": "C:\\Program Files\\NVIDIA Corporation\\NvContainer\\nvcontainer.exe",
                "ProcessGuid": "{dd01dab0-f8b8-633f-e851-010000004600}",
                "IntegrityLevel": "Medium",
                "Hashes": "MD5=317A0CDDED8011604E1C5CEC571B8C3E",
                "ParentUser": "ELMO\\mrdor",
                "UtcTime": "2022-10-07 10:00:24.063",
                "Image": "C:\\Users\\mrdor\\AppData\\Local\\NVIDIA\\NvBackend\\ApplicationOntology\\OAWrapper.exe",
                "LogonGuid": "{dd01dab0-b9ee-633f-2067-282600000000}",
                "RuleName": "-",
                "ProcessId": "4932",
                "ParentProcessGuid": "{dd01dab0-b9fc-633f-e033-010000004600}",
                "FileVersion": "46.0.9.0",
                "Company": "NVIDIA Corporation",
                "LogonId": "0x26286720",
                "TerminalSessionId": "4",
                "ParentCommandLine": "\"C:\\Program Files\\NVIDIA Corporation\\NvContainer\\nvcontainer.exe\" -f \"C:\\ProgramData\\NVIDIA\\NvContainerUser%d.log\" -d \"C:\\Program Files\\NVIDIA Corporation\\NvContainer\\plugins\\User\" -r -l 3 -p 30000 -st \"C:\\Program Files\\NVIDIA Corporation\\NvContainer\\NvContainerTelemetryApi.dll\" -c"
            },
            "task": "Process Create (rule: ProcessCreate)",
            "provider_name": "Microsoft-Windows-Sysmon",
            "computer_name": "Elmo"
        }
    },
    "320": {
        "@timestamp": "2022-10-07T10:00:24.204Z",
        "host": {
            "name": "Elmo",
            "ip": [
                "fe80::7cd2:efa8:dba2:6fc0",
                "169.254.111.192",
                "fe80::e431:7896:8d85:5aa",
                "172.21.208.1",
                "fe80::48ae:546b:7a20:7f52",
                "172.30.112.1",
                "fe80::bc21:1b56:1d1:4b9f",
                "169.254.75.159",
                "fe80::4807:9ca5:cd67:6ac6",
                "169.254.106.198",
                "fe80::e097:4ef1:6314:5a55",
                "169.254.90.85",
                "fe80::d55:b4a9:26a4:7406",
                "192.168.1.102",
                "fe80::211f:b772:c6da:bfb3",
                "172.27.16.1",
                "fe80::f90c:d738:c01c:abc6",
                "172.28.192.1"
            ]
        },
        "winlog": {
            "provider_name": "Microsoft-Windows-Sysmon",
            "task": "Process terminated (rule: ProcessTerminate)",
            "provider_guid": "{5770385f-c22a-43e0-bf4c-06f5698ffbd9}",
            "event_data": {
                "User": "ELMO\\mrdor",
                "RuleName": "-",
                "UtcTime": "2022-10-07 10:00:24.203",
                "ProcessGuid": "{dd01dab0-f8b8-633f-e851-010000004600}",
                "ProcessId": "4932",
                "Image": "C:\\Users\\mrdor\\AppData\\Local\\NVIDIA\\NvBackend\\ApplicationOntology\\OAWrapper.exe"
            },
            "computer_name": "Elmo"
        }
    },
    "321": {
        "@timestamp": "2022-10-07T10:00:24.241Z",
        "winlog": {
            "provider_guid": "{5770385f-c22a-43e0-bf4c-06f5698ffbd9}",
            "event_data": {
                "ParentProcessId": "21900",
                "ProcessId": "4476",
                "ParentCommandLine": "\"C:\\Program Files\\NVIDIA Corporation\\NvContainer\\nvcontainer.exe\" -f \"C:\\ProgramData\\NVIDIA\\NvContainerUser%d.log\" -d \"C:\\Program Files\\NVIDIA Corporation\\NvContainer\\plugins\\User\" -r -l 3 -p 30000 -st \"C:\\Program Files\\NVIDIA Corporation\\NvContainer\\NvContainerTelemetryApi.dll\" -c",
                "RuleName": "-",
                "ParentUser": "ELMO\\mrdor",
                "Company": "NVIDIA Corporation",
                "FileVersion": "46.0.9.0",
                "Image": "C:\\Users\\mrdor\\AppData\\Local\\NVIDIA\\NvBackend\\ApplicationOntology\\OAWrapper.exe",
                "ParentImage": "C:\\Program Files\\NVIDIA Corporation\\NvContainer\\nvcontainer.exe",
                "ProcessGuid": "{dd01dab0-f8b8-633f-ea51-010000004600}",
                "IntegrityLevel": "Medium",
                "OriginalFileName": "OAWrapper.exe",
                "CurrentDirectory": "C:\\Program Files\\NVIDIA Corporation\\ShadowPlay\\",
                "ParentProcessGuid": "{dd01dab0-b9fc-633f-e033-010000004600}",
                "TerminalSessionId": "4",
                "Description": "OpenAutomate wrapper",
                "LogonGuid": "{dd01dab0-b9ee-633f-2067-282600000000}",
                "LogonId": "0x26286720",
                "User": "ELMO\\mrdor",
                "Hashes": "MD5=317A0CDDED8011604E1C5CEC571B8C3E",
                "Product": "NVIDIA GeForce Experience Application Ontology",
                "CommandLine": "\"C:\\Users\\mrdor\\AppData\\Local\\NVIDIA\\NvBackend\\ApplicationOntology\\OAWrapper.exe\" -a dark_souls_remastered -p \"G:\\DARK SOULS REMASTERED\" -g c",
                "UtcTime": "2022-10-07 10:00:24.239"
            },
            "task": "Process Create (rule: ProcessCreate)",
            "provider_name": "Microsoft-Windows-Sysmon",
            "computer_name": "Elmo"
        },
        "host": {
            "name": "Elmo",
            "ip": [
                "fe80::7cd2:efa8:dba2:6fc0",
                "169.254.111.192",
                "fe80::e431:7896:8d85:5aa",
                "172.21.208.1",
                "fe80::48ae:546b:7a20:7f52",
                "172.30.112.1",
                "fe80::bc21:1b56:1d1:4b9f",
                "169.254.75.159",
                "fe80::4807:9ca5:cd67:6ac6",
                "169.254.106.198",
                "fe80::e097:4ef1:6314:5a55",
                "169.254.90.85",
                "fe80::d55:b4a9:26a4:7406",
                "192.168.1.102",
                "fe80::211f:b772:c6da:bfb3",
                "172.27.16.1",
                "fe80::f90c:d738:c01c:abc6",
                "172.28.192.1"
            ]
        }
    },
    "322": {
        "@timestamp": "2022-10-07T10:00:24.390Z",
        "winlog": {
            "provider_name": "Microsoft-Windows-Sysmon",
            "provider_guid": "{5770385f-c22a-43e0-bf4c-06f5698ffbd9}",
            "event_data": {
                "ProcessGuid": "{dd01dab0-f8b8-633f-ea51-010000004600}",
                "ProcessId": "4476",
                "Image": "C:\\Users\\mrdor\\AppData\\Local\\NVIDIA\\NvBackend\\ApplicationOntology\\OAWrapper.exe",
                "User": "ELMO\\mrdor",
                "RuleName": "-",
                "UtcTime": "2022-10-07 10:00:24.389"
            },
            "task": "Process terminated (rule: ProcessTerminate)",
            "computer_name": "Elmo"
        },
        "host": {
            "name": "Elmo",
            "ip": [
                "fe80::7cd2:efa8:dba2:6fc0",
                "169.254.111.192",
                "fe80::e431:7896:8d85:5aa",
                "172.21.208.1",
                "fe80::48ae:546b:7a20:7f52",
                "172.30.112.1",
                "fe80::bc21:1b56:1d1:4b9f",
                "169.254.75.159",
                "fe80::4807:9ca5:cd67:6ac6",
                "169.254.106.198",
                "fe80::e097:4ef1:6314:5a55",
                "169.254.90.85",
                "fe80::d55:b4a9:26a4:7406",
                "192.168.1.102",
                "fe80::211f:b772:c6da:bfb3",
                "172.27.16.1",
                "fe80::f90c:d738:c01c:abc6",
                "172.28.192.1"
            ]
        }
    },
    "323": {
        "@timestamp": "2022-10-07T10:00:24.439Z",
        "host": {
            "ip": [
                "fe80::7cd2:efa8:dba2:6fc0",
                "169.254.111.192",
                "fe80::e431:7896:8d85:5aa",
                "172.21.208.1",
                "fe80::48ae:546b:7a20:7f52",
                "172.30.112.1",
                "fe80::bc21:1b56:1d1:4b9f",
                "169.254.75.159",
                "fe80::4807:9ca5:cd67:6ac6",
                "169.254.106.198",
                "fe80::e097:4ef1:6314:5a55",
                "169.254.90.85",
                "fe80::d55:b4a9:26a4:7406",
                "192.168.1.102",
                "fe80::211f:b772:c6da:bfb3",
                "172.27.16.1",
                "fe80::f90c:d738:c01c:abc6",
                "172.28.192.1"
            ],
            "name": "Elmo"
        },
        "winlog": {
            "computer_name": "Elmo",
            "task": "Process Create (rule: ProcessCreate)",
            "provider_name": "Microsoft-Windows-Sysmon",
            "provider_guid": "{5770385f-c22a-43e0-bf4c-06f5698ffbd9}",
            "event_data": {
                "CommandLine": "C:\\Windows\\system32\\cmd.exe /c \"tshark -r C:/Users/mrdor/PycharmProjects/Hunterbee/client/tempfiles/Logs/Wireshark/wireshark-logs-171.pcap -T json > C:/Users/mrdor/PycharmProjects/Hunterbee/client/tempfiles/Logs/Wireshark/wireshark-logs-171.json\"",
                "User": "ELMO\\mrdor",
                "LogonGuid": "{dd01dab0-b9ee-633f-e637-282600000000}",
                "ParentImage": "C:\\Users\\mrdor\\AppData\\Local\\Programs\\Python\\Python39\\python.exe",
                "Description": "Windows Command Processor",
                "Hashes": "MD5=8A2122E8162DBEF04694B9C3E0B6CDEE",
                "LogonId": "0x262837e6",
                "IntegrityLevel": "High",
                "OriginalFileName": "Cmd.Exe",
                "ParentUser": "ELMO\\mrdor",
                "UtcTime": "2022-10-07 10:00:24.435",
                "TerminalSessionId": "4",
                "RuleName": "-",
                "Product": "Microsoft\u00c2\u00ae Windows\u00c2\u00ae Operating System",
                "ParentProcessId": "22388",
                "ParentProcessGuid": "{dd01dab0-f517-633f-4847-010000004600}",
                "ParentCommandLine": "C:\\Users\\mrdor\\AppData\\Local\\Programs\\Python\\Python39\\python.exe C:/Users/mrdor/PycharmProjects/Hunterbee/client/wireshark/wireshark_interface.py",
                "Image": "C:\\Windows\\System32\\cmd.exe",
                "FileVersion": "10.0.19041.746 (WinBuild.160101.0800)",
                "CurrentDirectory": "C:\\Users\\mrdor\\PycharmProjects\\Hunterbee\\client\\wireshark\\",
                "ProcessId": "16740",
                "Company": "Microsoft Corporation",
                "ProcessGuid": "{dd01dab0-f8b8-633f-ec51-010000004600}"
            }
        }
    },
    "324": {
        "@timestamp": "2022-10-07T10:00:24.449Z",
        "host": {
            "ip": [
                "fe80::7cd2:efa8:dba2:6fc0",
                "169.254.111.192",
                "fe80::e431:7896:8d85:5aa",
                "172.21.208.1",
                "fe80::48ae:546b:7a20:7f52",
                "172.30.112.1",
                "fe80::bc21:1b56:1d1:4b9f",
                "169.254.75.159",
                "fe80::4807:9ca5:cd67:6ac6",
                "169.254.106.198",
                "fe80::e097:4ef1:6314:5a55",
                "169.254.90.85",
                "fe80::d55:b4a9:26a4:7406",
                "192.168.1.102",
                "fe80::211f:b772:c6da:bfb3",
                "172.27.16.1",
                "fe80::f90c:d738:c01c:abc6",
                "172.28.192.1"
            ],
            "name": "Elmo"
        },
        "winlog": {
            "provider_guid": "{5770385f-c22a-43e0-bf4c-06f5698ffbd9}",
            "event_data": {
                "Company": "The Wireshark developer community",
                "CurrentDirectory": "C:\\Users\\mrdor\\PycharmProjects\\Hunterbee\\client\\wireshark\\",
                "Hashes": "MD5=2C7476F44C33FE4FE26600AE7AE3900D",
                "RuleName": "-",
                "IntegrityLevel": "High",
                "Description": "TShark",
                "ParentCommandLine": "C:\\Windows\\system32\\cmd.exe /c \"tshark -r C:/Users/mrdor/PycharmProjects/Hunterbee/client/tempfiles/Logs/Wireshark/wireshark-logs-171.pcap -T json > C:/Users/mrdor/PycharmProjects/Hunterbee/client/tempfiles/Logs/Wireshark/wireshark-logs-171.json\"",
                "Product": "TShark",
                "LogonId": "0x262837e6",
                "FileVersion": "3.6.2",
                "ParentProcessId": "16740",
                "TerminalSessionId": "4",
                "ParentImage": "C:\\Windows\\System32\\cmd.exe",
                "OriginalFileName": "TShark.exe",
                "User": "ELMO\\mrdor",
                "Image": "C:\\Program Files\\Wireshark\\tshark.exe",
                "LogonGuid": "{dd01dab0-b9ee-633f-e637-282600000000}",
                "ParentProcessGuid": "{dd01dab0-f8b8-633f-ec51-010000004600}",
                "UtcTime": "2022-10-07 10:00:24.447",
                "ProcessGuid": "{dd01dab0-f8b8-633f-ed51-010000004600}",
                "ProcessId": "8124",
                "ParentUser": "ELMO\\mrdor",
                "CommandLine": "tshark  -r C:/Users/mrdor/PycharmProjects/Hunterbee/client/tempfiles/Logs/Wireshark/wireshark-logs-171.pcap -T json "
            },
            "provider_name": "Microsoft-Windows-Sysmon",
            "task": "Process Create (rule: ProcessCreate)",
            "computer_name": "Elmo"
        }
    },
    "325": {
        "@timestamp": "2022-10-07T10:00:24.872Z",
        "host": {
            "name": "Elmo",
            "ip": [
                "fe80::7cd2:efa8:dba2:6fc0",
                "169.254.111.192",
                "fe80::e431:7896:8d85:5aa",
                "172.21.208.1",
                "fe80::48ae:546b:7a20:7f52",
                "172.30.112.1",
                "fe80::bc21:1b56:1d1:4b9f",
                "169.254.75.159",
                "fe80::4807:9ca5:cd67:6ac6",
                "169.254.106.198",
                "fe80::e097:4ef1:6314:5a55",
                "169.254.90.85",
                "fe80::d55:b4a9:26a4:7406",
                "192.168.1.102",
                "fe80::211f:b772:c6da:bfb3",
                "172.27.16.1",
                "fe80::f90c:d738:c01c:abc6",
                "172.28.192.1"
            ]
        },
        "winlog": {
            "event_data": {
                "Hashes": "MD5=2C7476F44C33FE4FE26600AE7AE3900D",
                "Image": "C:\\Program Files\\Wireshark\\tshark.exe",
                "CurrentDirectory": "C:\\Users\\mrdor\\PycharmProjects\\Hunterbee\\client\\wireshark\\",
                "ParentProcessGuid": "{dd01dab0-f517-633f-4847-010000004600}",
                "CommandLine": "\"C:/Program Files/Wireshark/tshark.exe\" -D",
                "FileVersion": "3.6.2",
                "Product": "TShark",
                "ParentImage": "C:\\Users\\mrdor\\AppData\\Local\\Programs\\Python\\Python39\\python.exe",
                "TerminalSessionId": "4",
                "RuleName": "-",
                "ProcessGuid": "{dd01dab0-f8b8-633f-ee51-010000004600}",
                "ParentUser": "ELMO\\mrdor",
                "UtcTime": "2022-10-07 10:00:24.870",
                "Company": "The Wireshark developer community",
                "LogonGuid": "{dd01dab0-b9ee-633f-e637-282600000000}",
                "IntegrityLevel": "High",
                "Description": "TShark",
                "LogonId": "0x262837e6",
                "ParentProcessId": "22388",
                "User": "ELMO\\mrdor",
                "ProcessId": "3732",
                "OriginalFileName": "TShark.exe",
                "ParentCommandLine": "C:\\Users\\mrdor\\AppData\\Local\\Programs\\Python\\Python39\\python.exe C:/Users/mrdor/PycharmProjects/Hunterbee/client/wireshark/wireshark_interface.py"
            },
            "computer_name": "Elmo",
            "provider_guid": "{5770385f-c22a-43e0-bf4c-06f5698ffbd9}",
            "provider_name": "Microsoft-Windows-Sysmon",
            "task": "Process Create (rule: ProcessCreate)"
        }
    },
    "326": {
        "@timestamp": "2022-10-07T10:00:25.107Z",
        "winlog": {
            "event_data": {
                "OriginalFileName": "Dumpcap.exe",
                "ParentImage": "C:\\Program Files\\Wireshark\\tshark.exe",
                "IntegrityLevel": "High",
                "ParentUser": "ELMO\\mrdor",
                "Hashes": "MD5=A85C48F3129B10CF5593FBF3B02836FF",
                "Image": "C:\\Program Files\\Wireshark\\dumpcap.exe",
                "LogonGuid": "{dd01dab0-b9ee-633f-e637-282600000000}",
                "ParentProcessGuid": "{dd01dab0-f8b8-633f-ee51-010000004600}",
                "User": "ELMO\\mrdor",
                "TerminalSessionId": "4",
                "CommandLine": "\"C:\\Program Files\\Wireshark\\dumpcap.exe\" -D -Z none",
                "Description": "Dumpcap",
                "Company": "The Wireshark developer community",
                "ParentProcessId": "3732",
                "RuleName": "-",
                "ProcessId": "17124",
                "Product": "Dumpcap",
                "UtcTime": "2022-10-07 10:00:25.105",
                "CurrentDirectory": "C:\\Users\\mrdor\\PycharmProjects\\Hunterbee\\client\\wireshark\\",
                "FileVersion": "3.6.2",
                "ParentCommandLine": "\"C:/Program Files/Wireshark/tshark.exe\" -D",
                "ProcessGuid": "{dd01dab0-f8b9-633f-ef51-010000004600}",
                "LogonId": "0x262837e6"
            },
            "provider_name": "Microsoft-Windows-Sysmon",
            "provider_guid": "{5770385f-c22a-43e0-bf4c-06f5698ffbd9}",
            "computer_name": "Elmo",
            "task": "Process Create (rule: ProcessCreate)"
        },
        "host": {
            "ip": [
                "fe80::7cd2:efa8:dba2:6fc0",
                "169.254.111.192",
                "fe80::e431:7896:8d85:5aa",
                "172.21.208.1",
                "fe80::48ae:546b:7a20:7f52",
                "172.30.112.1",
                "fe80::bc21:1b56:1d1:4b9f",
                "169.254.75.159",
                "fe80::4807:9ca5:cd67:6ac6",
                "169.254.106.198",
                "fe80::e097:4ef1:6314:5a55",
                "169.254.90.85",
                "fe80::d55:b4a9:26a4:7406",
                "192.168.1.102",
                "fe80::211f:b772:c6da:bfb3",
                "172.27.16.1",
                "fe80::f90c:d738:c01c:abc6",
                "172.28.192.1"
            ],
            "name": "Elmo"
        }
    },
    "327": {
        "@timestamp": "2022-10-07T10:00:25.228Z",
        "winlog": {
            "provider_name": "Microsoft-Windows-Sysmon",
            "task": "Process Create (rule: ProcessCreate)",
            "event_data": {
                "TerminalSessionId": "4",
                "LogonGuid": "{dd01dab0-b9ee-633f-2067-282600000000}",
