                "ProcessGuid": "{dd01dab0-f976-633f-9e54-010000004600}",
                "QueryResults": "type:  5 steamcdn-a.akamaihd.net.edgesuite.net;type:  5 a1843.g1.akamai.net;184.24.77.162;184.24.77.156;",
                "RuleName": "-",
                "ProcessId": "17580",
                "QueryName": "steamcdn-a.akamaihd.net",
                "QueryStatus": "0",
                "Image": "G:\\Steam\\bin\\cef\\cef.win7x64\\steamwebhelper.exe",
                "User": "ELMO\\mrdor"
            }
        },
        "host": {
            "name": "Elmo",
            "ip": [
                "fe80::7cd2:efa8:dba2:6fc0",
                "169.254.111.192",
                "fe80::e431:7896:8d85:5aa",
                "172.21.208.1",
                "fe80::48ae:546b:7a20:7f52",
                "172.30.112.1",
                "fe80::bc21:1b56:1d1:4b9f",
                "169.254.75.159",
                "fe80::4807:9ca5:cd67:6ac6",
                "169.254.106.198",
                "fe80::e097:4ef1:6314:5a55",
                "169.254.90.85",
                "fe80::d55:b4a9:26a4:7406",
                "192.168.1.102",
                "fe80::211f:b772:c6da:bfb3",
                "172.27.16.1",
                "fe80::f90c:d738:c01c:abc6",
                "172.28.192.1"
            ]
        }
    },
    "221": {
        "@timestamp": "2022-10-07T10:04:17.474Z",
        "host": {
            "ip": [
                "fe80::7cd2:efa8:dba2:6fc0",
                "169.254.111.192",
                "fe80::e431:7896:8d85:5aa",
                "172.21.208.1",
                "fe80::48ae:546b:7a20:7f52",
                "172.30.112.1",
                "fe80::bc21:1b56:1d1:4b9f",
                "169.254.75.159",
                "fe80::4807:9ca5:cd67:6ac6",
                "169.254.106.198",
                "fe80::e097:4ef1:6314:5a55",
                "169.254.90.85",
                "fe80::d55:b4a9:26a4:7406",
                "192.168.1.102",
                "fe80::211f:b772:c6da:bfb3",
                "172.27.16.1",
                "fe80::f90c:d738:c01c:abc6",
                "172.28.192.1"
            ],
            "name": "Elmo"
        },
        "winlog": {
            "provider_guid": "{5770385f-c22a-43e0-bf4c-06f5698ffbd9}",
            "provider_name": "Microsoft-Windows-Sysmon",
            "event_data": {
                "QueryStatus": "0",
                "QueryResults": "type:  5 steamusercontent-a.akamaihd.net.edgesuite.net;type:  5 a323.dscb.akamai.net;2.16.91.25;2.16.91.17;",
                "UtcTime": "2022-10-07 10:04:30.495",
                "ProcessGuid": "{dd01dab0-f971-633f-9854-010000004600}",
                "QueryName": "steamusercontent-a.akamaihd.net",
                "User": "ELMO\\mrdor",
                "RuleName": "-",
                "ProcessId": "13092",
                "Image": "G:\\Steam\\steam.exe"
            },
            "task": "Dns query (rule: DnsQuery)",
            "computer_name": "Elmo"
        }
    },
    "222": {
        "@timestamp": "2022-10-07T10:04:52.309Z",
        "host": {
            "name": "Elmo",
            "ip": [
                "fe80::7cd2:efa8:dba2:6fc0",
                "169.254.111.192",
                "fe80::e431:7896:8d85:5aa",
                "172.21.208.1",
                "fe80::48ae:546b:7a20:7f52",
                "172.30.112.1",
                "fe80::bc21:1b56:1d1:4b9f",
                "169.254.75.159",
                "fe80::4807:9ca5:cd67:6ac6",
                "169.254.106.198",
                "fe80::e097:4ef1:6314:5a55",
                "169.254.90.85",
                "fe80::d55:b4a9:26a4:7406",
                "192.168.1.102",
                "fe80::211f:b772:c6da:bfb3",
                "172.27.16.1",
                "fe80::f90c:d738:c01c:abc6",
                "172.28.192.1"
            ]
        },
        "winlog": {
            "computer_name": "Elmo",
            "provider_name": "Microsoft-Windows-Sysmon",
            "task": "Dns query (rule: DnsQuery)",
            "provider_guid": "{5770385f-c22a-43e0-bf4c-06f5698ffbd9}",
            "event_data": {
                "ProcessId": "17580",
                "QueryStatus": "0",
                "User": "ELMO\\mrdor",
                "UtcTime": "2022-10-07 10:05:05.134",
                "ProcessGuid": "{dd01dab0-f976-633f-9e54-010000004600}",
                "QueryName": "steamstore-a.akamaihd.net",
                "Image": "G:\\Steam\\bin\\cef\\cef.win7x64\\steamwebhelper.exe",
                "QueryResults": "type:  5 steamstore-a.akamaihd.net.edgesuite.net;type:  5 a1737.b.akamai.net;2.16.91.11;2.16.91.24;",
                "RuleName": "-"
            }
        }
    },
    "223": {
        "@timestamp": "2022-10-07T10:04:54.399Z",
        "host": {
            "ip": [
                "fe80::7cd2:efa8:dba2:6fc0",
                "169.254.111.192",
                "fe80::e431:7896:8d85:5aa",
                "172.21.208.1",
                "fe80::48ae:546b:7a20:7f52",
                "172.30.112.1",
                "fe80::bc21:1b56:1d1:4b9f",
                "169.254.75.159",
                "fe80::4807:9ca5:cd67:6ac6",
                "169.254.106.198",
                "fe80::e097:4ef1:6314:5a55",
                "169.254.90.85",
                "fe80::d55:b4a9:26a4:7406",
                "192.168.1.102",
                "fe80::211f:b772:c6da:bfb3",
                "172.27.16.1",
                "fe80::f90c:d738:c01c:abc6",
                "172.28.192.1"
            ],
            "name": "Elmo"
        },
        "winlog": {
            "task": "Dns query (rule: DnsQuery)",
            "computer_name": "Elmo",
            "provider_name": "Microsoft-Windows-Sysmon",
            "event_data": {
                "QueryName": "steamusercontent-a.akamaihd.net",
                "QueryStatus": "0",
                "UtcTime": "2022-10-07 10:05:08.075",
                "ProcessGuid": "{dd01dab0-f971-633f-9854-010000004600}",
                "ProcessId": "13092",
                "RuleName": "-",
                "QueryResults": "type:  5 steamusercontent-a.akamaihd.net.edgesuite.net;type:  5 a323.dscb.akamai.net;2.16.238.157;2.16.238.139;",
                "Image": "G:\\Steam\\steam.exe",
                "User": "ELMO\\mrdor"
            },
            "provider_guid": "{5770385f-c22a-43e0-bf4c-06f5698ffbd9}"
        }
    },
    "224": {
        "@timestamp": "2022-10-07T10:05:34.302Z",
        "host": {
            "name": "Elmo",
            "ip": [
                "fe80::7cd2:efa8:dba2:6fc0",
                "169.254.111.192",
                "fe80::e431:7896:8d85:5aa",
                "172.21.208.1",
                "fe80::48ae:546b:7a20:7f52",
                "172.30.112.1",
                "fe80::bc21:1b56:1d1:4b9f",
                "169.254.75.159",
                "fe80::4807:9ca5:cd67:6ac6",
                "169.254.106.198",
                "fe80::e097:4ef1:6314:5a55",
                "169.254.90.85",
                "fe80::d55:b4a9:26a4:7406",
                "192.168.1.102",
                "fe80::211f:b772:c6da:bfb3",
                "172.27.16.1",
                "fe80::f90c:d738:c01c:abc6",
                "172.28.192.1"
            ]
        },
        "winlog": {
            "computer_name": "Elmo",
            "provider_name": "Microsoft-Windows-Sysmon",
            "task": "Process Create (rule: ProcessCreate)",
            "event_data": {
                "ProcessId": "17316",
                "Hashes": "MD5=5E7D392B4C7E4DDC60C0AAF314BA8638",
                "CurrentDirectory": "G:\\Steam\\",
                "Product": "Steam Client WebHelper",
                "OriginalFileName": "steamwebhelper.exe",
                "ParentProcessId": "20264",
                "ParentProcessGuid": "{dd01dab0-f975-633f-9954-010000004600}",
                "ProcessGuid": "{dd01dab0-f9ee-633f-ad54-010000004600}",
                "LogonGuid": "{dd01dab0-b9ee-633f-2067-282600000000}",
                "Image": "G:\\Steam\\bin\\cef\\cef.win7x64\\steamwebhelper.exe",
                "LogonId": "0x26286720",
                "TerminalSessionId": "4",
                "IntegrityLevel": "Medium",
                "CommandLine": "\"G:\\Steam\\bin\\cef\\cef.win7x64\\steamwebhelper.exe\" --type=gpu-process --field-trial-handle=1832,14903002950680054974,4744369765436006072,131072 --enable-features=CastMediaRouteProvider --disable-features=SameSiteByDefaultCookies --disable-gpu-sandbox --use-gl=disabled --gpu-vendor-id=4318 --gpu-device-id=5121 --gpu-sub-system-id=2236420163 --gpu-revision=161 --gpu-driver-version=30.0.15.1215 --log-file=\"G:\\Steam\\logs\\cef_log.txt\" --product-version=\"Valve Steam Client\" --lang=en-US --buildid=1665100899 --steamid=0 --gpu-preferences=MAAAAAAAAADoAAAwAAAAAAAAAAAAAAAAAABgAAAIAAAQAAAAAAAAAAAAAAAAAAAAKAAAAAQAAAAgAAAAAAAAACgAAAAAAAAAMAAAAAAAAAA4AAAAAAAAABAAAAAAAAAAAAAAAAUAAAAQAAAAAAAAAAAAAAAGAAAAEAAAAAAAAAABAAAABQAAABAAAAAAAAAAAQAAAAYAAAA= --log-file=\"G:\\Steam\\logs\\cef_log.txt\" --mojo-platform-channel-handle=3424 /prefetch:2",
                "ParentUser": "ELMO\\mrdor",
                "RuleName": "-",
                "Description": "Steam Client WebHelper",
                "Company": "Valve Corporation",
                "FileVersion": "07.56.62.07",
                "User": "ELMO\\mrdor",
                "ParentImage": "G:\\Steam\\bin\\cef\\cef.win7x64\\steamwebhelper.exe",
                "ParentCommandLine": "G:\\Steam\\bin\\cef\\cef.win7x64\\steamwebhelper.exe \"-lang=en_US\" \"-cachedir=C:\\Users\\mrdor\\AppData\\Local\\Steam\\htmlcache\" \"-steampid=13092\" \"-buildid=1665100899\" \"-steamid=0\" \"-logdir=G:\\Steam\\logs\" \"-composer-mode=0\" \"-steamuniverse=Public\" \"-realm=Global\" \"-clientui=G:\\Steam\\clientui\" --enable-media-stream --enable-smooth-scrolling --enable-direct-write \"--log-file=G:\\Steam\\logs\\cef_log.txt\" --disable-quick-menu --disable-features=SameSiteByDefaultCookies --enable-blink-features=ResizeObserver,Worklet,AudioWorklet --disable-blink-features=Badging",
                "UtcTime": "2022-10-07 10:05:34.299"
            },
            "provider_guid": "{5770385f-c22a-43e0-bf4c-06f5698ffbd9}"
        }
    },
    "225": {
        "@timestamp": "2022-10-07T10:05:43.514Z",
        "host": {
            "name": "Elmo",
            "ip": [
                "fe80::7cd2:efa8:dba2:6fc0",
                "169.254.111.192",
                "fe80::e431:7896:8d85:5aa",
                "172.21.208.1",
                "fe80::48ae:546b:7a20:7f52",
                "172.30.112.1",
                "fe80::bc21:1b56:1d1:4b9f",
                "169.254.75.159",
                "fe80::4807:9ca5:cd67:6ac6",
                "169.254.106.198",
                "fe80::e097:4ef1:6314:5a55",
                "169.254.90.85",
                "fe80::d55:b4a9:26a4:7406",
                "192.168.1.102",
                "fe80::211f:b772:c6da:bfb3",
                "172.27.16.1",
                "fe80::f90c:d738:c01c:abc6",
                "172.28.192.1"
            ]
        },
        "winlog": {
            "task": "Dns query (rule: DnsQuery)",
            "computer_name": "Elmo",
            "event_data": {
                "ProcessId": "13092",
                "QueryName": "steamusercontent-a.akamaihd.net",
                "Image": "G:\\Steam\\steam.exe",
                "User": "ELMO\\mrdor",
                "UtcTime": "2022-10-07 10:05:57.789",
                "QueryResults": "type:  5 steamusercontent-a.akamaihd.net.edgesuite.net;type:  5 a323.dscb.akamai.net;2.16.91.17;2.16.91.25;",
                "ProcessGuid": "{dd01dab0-f971-633f-9854-010000004600}",
                "QueryStatus": "0",
                "RuleName": "-"
            },
            "provider_name": "Microsoft-Windows-Sysmon",
            "provider_guid": "{5770385f-c22a-43e0-bf4c-06f5698ffbd9}"
        }
    },
    "226": {
        "@timestamp": "2022-10-07T10:05:53.764Z",
        "host": {
            "ip": [
                "fe80::7cd2:efa8:dba2:6fc0",
                "169.254.111.192",
                "fe80::e431:7896:8d85:5aa",
                "172.21.208.1",
                "fe80::48ae:546b:7a20:7f52",
                "172.30.112.1",
                "fe80::bc21:1b56:1d1:4b9f",
                "169.254.75.159",
                "fe80::4807:9ca5:cd67:6ac6",
                "169.254.106.198",
                "fe80::e097:4ef1:6314:5a55",
                "169.254.90.85",
                "fe80::d55:b4a9:26a4:7406",
                "192.168.1.102",
                "fe80::211f:b772:c6da:bfb3",
                "172.27.16.1",
                "fe80::f90c:d738:c01c:abc6",
                "172.28.192.1"
            ],
            "name": "Elmo"
        },
        "winlog": {
            "event_data": {
                "QueryResults": "type:  5 steamstore-a.akamaihd.net.edgesuite.net;type:  5 a1737.b.akamai.net;2.16.91.24;2.16.91.11;",
                "RuleName": "-",
                "ProcessId": "17580",
                "QueryStatus": "0",
                "User": "ELMO\\mrdor",
                "ProcessGuid": "{dd01dab0-f976-633f-9e54-010000004600}",
                "Image": "G:\\Steam\\bin\\cef\\cef.win7x64\\steamwebhelper.exe",
                "UtcTime": "2022-10-07 10:06:06.970",
                "QueryName": "steamstore-a.akamaihd.net"
            },
            "provider_guid": "{5770385f-c22a-43e0-bf4c-06f5698ffbd9}",
            "task": "Dns query (rule: DnsQuery)",
            "computer_name": "Elmo",
            "provider_name": "Microsoft-Windows-Sysmon"
        }
    },
    "227": {
        "@timestamp": "2022-10-07T10:06:51.119Z",
        "host": {
            "name": "Elmo",
            "ip": [
                "fe80::7cd2:efa8:dba2:6fc0",
                "169.254.111.192",
                "fe80::e431:7896:8d85:5aa",
                "172.21.208.1",
                "fe80::48ae:546b:7a20:7f52",
                "172.30.112.1",
                "fe80::bc21:1b56:1d1:4b9f",
                "169.254.75.159",
                "fe80::4807:9ca5:cd67:6ac6",
                "169.254.106.198",
                "fe80::e097:4ef1:6314:5a55",
                "169.254.90.85",
                "fe80::d55:b4a9:26a4:7406",
                "192.168.1.102",
                "fe80::211f:b772:c6da:bfb3",
                "172.27.16.1",
                "fe80::f90c:d738:c01c:abc6",
                "172.28.192.1"
            ]
        },
        "winlog": {
            "provider_name": "Microsoft-Windows-Sysmon",
            "provider_guid": "{5770385f-c22a-43e0-bf4c-06f5698ffbd9}",
            "event_data": {
                "UtcTime": "2022-10-07 10:07:03.816",
                "ProcessGuid": "{dd01dab0-f971-633f-9854-010000004600}",
                "QueryName": "steamusercontent-a.akamaihd.net",
                "QueryResults": "type:  5 steamusercontent-a.akamaihd.net.edgesuite.net;type:  5 a323.dscb.akamai.net;184.86.251.214;184.86.251.196;",
                "RuleName": "-",
                "ProcessId": "13092",
                "Image": "G:\\Steam\\steam.exe",
                "User": "ELMO\\mrdor",
                "QueryStatus": "0"
            },
            "task": "Dns query (rule: DnsQuery)",
            "computer_name": "Elmo"
        }
    },
    "228": {
        "@timestamp": "2022-10-07T10:07:01.373Z",
        "host": {
            "name": "Elmo",
            "ip": [
                "fe80::7cd2:efa8:dba2:6fc0",
                "169.254.111.192",
                "fe80::e431:7896:8d85:5aa",
                "172.21.208.1",
                "fe80::48ae:546b:7a20:7f52",
                "172.30.112.1",
                "fe80::bc21:1b56:1d1:4b9f",
                "169.254.75.159",
                "fe80::4807:9ca5:cd67:6ac6",
                "169.254.106.198",
                "fe80::e097:4ef1:6314:5a55",
                "169.254.90.85",
                "fe80::d55:b4a9:26a4:7406",
                "192.168.1.102",
                "fe80::211f:b772:c6da:bfb3",
                "172.27.16.1",
                "fe80::f90c:d738:c01c:abc6",
                "172.28.192.1"
            ]
        },
        "winlog": {
            "event_data": {
                "QueryStatus": "0",
                "QueryResults": "type:  5 steamusercontent-a.akamaihd.net.edgesuite.net;type:  5 a323.dscb.akamai.net;2.16.238.139;2.16.238.157;",
                "RuleName": "-",
                "ProcessGuid": "{dd01dab0-f971-633f-9854-010000004600}",
                "QueryName": "steamusercontent-a.akamaihd.net",
                "Image": "G:\\Steam\\steam.exe",
                "ProcessId": "13092",
                "User": "ELMO\\mrdor",
                "UtcTime": "2022-10-07 10:07:15.514"
            },
            "computer_name": "Elmo",
            "provider_guid": "{5770385f-c22a-43e0-bf4c-06f5698ffbd9}",
            "provider_name": "Microsoft-Windows-Sysmon",
            "task": "Dns query (rule: DnsQuery)"
        }
    },
    "229": {
        "@timestamp": "2022-10-07T10:08:00.830Z",
        "host": {
            "ip": [
                "fe80::7cd2:efa8:dba2:6fc0",
                "169.254.111.192",
                "fe80::e431:7896:8d85:5aa",
                "172.21.208.1",
                "fe80::48ae:546b:7a20:7f52",
                "172.30.112.1",
                "fe80::bc21:1b56:1d1:4b9f",
                "169.254.75.159",
                "fe80::4807:9ca5:cd67:6ac6",
                "169.254.106.198",
                "fe80::e097:4ef1:6314:5a55",
                "169.254.90.85",
                "fe80::d55:b4a9:26a4:7406",
                "192.168.1.102",
                "fe80::211f:b772:c6da:bfb3",
                "172.27.16.1",
                "fe80::f90c:d738:c01c:abc6",
                "172.28.192.1"
            ],
            "name": "Elmo"
        },
        "winlog": {
            "computer_name": "Elmo",
            "provider_guid": "{5770385f-c22a-43e0-bf4c-06f5698ffbd9}",
            "event_data": {
                "User": "ELMO\\mrdor",
                "QueryName": "steamcdn-a.akamaihd.net",
                "ProcessGuid": "{dd01dab0-f971-633f-9854-010000004600}",
                "QueryStatus": "0",
                "QueryResults": "type:  5 steamcdn-a.akamaihd.net.edgesuite.net;type:  5 a1843.g1.akamai.net;2.19.126.197;2.19.126.196;",
                "UtcTime": "2022-10-07 10:08:14.318",
                "Image": "G:\\Steam\\steam.exe",
                "RuleName": "-",
                "ProcessId": "13092"
            },
            "provider_name": "Microsoft-Windows-Sysmon",
            "task": "Dns query (rule: DnsQuery)"
        }
    },
    "230": {
        "@timestamp": "2022-10-07T10:08:34.715Z",
        "host": {
            "ip": [
                "fe80::7cd2:efa8:dba2:6fc0",
                "169.254.111.192",
                "fe80::e431:7896:8d85:5aa",
                "172.21.208.1",
                "fe80::48ae:546b:7a20:7f52",
                "172.30.112.1",
                "fe80::bc21:1b56:1d1:4b9f",
                "169.254.75.159",
                "fe80::4807:9ca5:cd67:6ac6",
                "169.254.106.198",
                "fe80::e097:4ef1:6314:5a55",
                "169.254.90.85",
                "fe80::d55:b4a9:26a4:7406",
                "192.168.1.102",
                "fe80::211f:b772:c6da:bfb3",
                "172.27.16.1",
                "fe80::f90c:d738:c01c:abc6",
                "172.28.192.1"
            ],
            "name": "Elmo"
        },
        "winlog": {
            "computer_name": "Elmo",
            "event_data": {
                "Product": "Microsoft\u00c2\u00ae Windows\u00c2\u00ae Operating System",
                "RuleName": "-",
                "ParentProcessId": "920",
                "User": "NT AUTHORITY\\SYSTEM",
                "LogonGuid": "{dd01dab0-dc23-633b-e703-000000000000}",
                "LogonId": "0x3e7",
                "ProcessGuid": "{dd01dab0-faa2-633f-b154-010000004600}",
                "ParentImage": "C:\\Windows\\System32\\services.exe",
                "ParentProcessGuid": "{dd01dab0-dc23-633b-0b00-000000004600}",
                "OriginalFileName": "TrustedInstaller.exe",
                "CommandLine": "C:\\Windows\\servicing\\TrustedInstaller.exe",
                "CurrentDirectory": "C:\\Windows\\system32\\",
                "FileVersion": "10.0.19041.1741 (WinBuild.160101.0800)",
                "Company": "Microsoft Corporation",
                "IntegrityLevel": "System",
                "UtcTime": "2022-10-07 10:08:34.707",
                "ParentUser": "NT AUTHORITY\\SYSTEM",
                "ParentCommandLine": "C:\\Windows\\system32\\services.exe",
                "Image": "C:\\Windows\\servicing\\TrustedInstaller.exe",
                "TerminalSessionId": "0",
                "ProcessId": "14380",
                "Hashes": "MD5=D098F2FC042FBF6879D47E3A86FBB4A1",
                "Description": "Windows Modules Installer"
            },
            "provider_guid": "{5770385f-c22a-43e0-bf4c-06f5698ffbd9}",
            "task": "Process Create (rule: ProcessCreate)",
            "provider_name": "Microsoft-Windows-Sysmon"
        }
    },
    "231": {
        "@timestamp": "2022-10-07T10:08:34.750Z",
        "host": {
            "name": "Elmo",
            "ip": [
                "fe80::7cd2:efa8:dba2:6fc0",
                "169.254.111.192",
                "fe80::e431:7896:8d85:5aa",
                "172.21.208.1",
                "fe80::48ae:546b:7a20:7f52",
                "172.30.112.1",
                "fe80::bc21:1b56:1d1:4b9f",
                "169.254.75.159",
                "fe80::4807:9ca5:cd67:6ac6",
                "169.254.106.198",
                "fe80::e097:4ef1:6314:5a55",
                "169.254.90.85",
                "fe80::d55:b4a9:26a4:7406",
                "192.168.1.102",
                "fe80::211f:b772:c6da:bfb3",
                "172.27.16.1",
                "fe80::f90c:d738:c01c:abc6",
                "172.28.192.1"
            ]
        },
        "winlog": {
            "provider_name": "Microsoft-Windows-Sysmon",
            "computer_name": "Elmo",
            "task": "Process Create (rule: ProcessCreate)",
            "event_data": {
                "User": "NT AUTHORITY\\SYSTEM",
                "CommandLine": "C:\\Windows\\winsxs\\amd64_microsoft-windows-servicingstack_31bf3856ad364e35_10.0.19041.1940_none_7dd80d767cb5c7b0\\TiWorker.exe -Embedding",
                "ParentUser": "NT AUTHORITY\\SYSTEM",
                "IntegrityLevel": "System",
                "OriginalFileName": "TiWorker.exe",
                "Product": "Microsoft\u00c2\u00ae Windows\u00c2\u00ae Operating System",
                "Image": "C:\\Windows\\WinSxS\\amd64_microsoft-windows-servicingstack_31bf3856ad364e35_10.0.19041.1940_none_7dd80d767cb5c7b0\\TiWorker.exe",
                "Hashes": "MD5=5E5B4DFD8F87F3B4C907E7C872BC4866",
                "LogonGuid": "{dd01dab0-dc23-633b-e703-000000000000}",
                "FileVersion": "10.0.19041.1940 (WinBuild.160101.0800)",
                "CurrentDirectory": "C:\\Windows\\system32\\",
                "LogonId": "0x3e7",
                "ParentProcessGuid": "{dd01dab0-dc24-633b-0f00-000000004600}",
                "ParentImage": "C:\\Windows\\System32\\svchost.exe",
                "UtcTime": "2022-10-07 10:08:34.740",
                "Company": "Microsoft Corporation",
                "ParentProcessId": "744",
                "ProcessId": "15900",
                "TerminalSessionId": "0",
                "Description": "Windows Modules Installer Worker",
                "ProcessGuid": "{dd01dab0-faa2-633f-b254-010000004600}",
                "ParentCommandLine": "C:\\Windows\\system32\\svchost.exe -k DcomLaunch -p",
                "RuleName": "-"
            },
            "provider_guid": "{5770385f-c22a-43e0-bf4c-06f5698ffbd9}"
        }
    },
    "232": {
        "@timestamp": "2022-10-07T10:08:35.687Z",
        "winlog": {
            "event_data": {
                "ParentCommandLine": "-",
                "User": "NT AUTHORITY\\SYSTEM",
                "ParentProcessGuid": "{00000000-0000-0000-0000-000000000000}",
                "Image": "C:\\Windows\\System32\\taskhostw.exe",
                "IntegrityLevel": "System",
                "LogonGuid": "{dd01dab0-dc23-633b-e703-000000000000}",
                "TerminalSessionId": "0",
                "Product": "Microsoft\u00c2\u00ae Windows\u00c2\u00ae Operating System",
                "Company": "Microsoft Corporation",
                "OriginalFileName": "taskhostw.exe",
                "ProcessGuid": "{dd01dab0-faa3-633f-b654-010000004600}",
                "RuleName": "-",
                "ParentImage": "-",
                "Description": "Host Process for Windows Tasks",
                "LogonId": "0x3e7",
                "ParentProcessId": "2004",
                "CurrentDirectory": "C:\\Windows\\system32\\",
                "ParentUser": "-",
                "CommandLine": "taskhostw.exe",
                "ProcessId": "8704",
                "FileVersion": "10.0.19041.1865 (WinBuild.160101.0800)",
                "Hashes": "MD5=A00BF82660835224CD6606A248321C5D",
                "UtcTime": "2022-10-07 10:08:35.683"
            },
            "provider_name": "Microsoft-Windows-Sysmon",
            "task": "Process Create (rule: ProcessCreate)",
            "provider_guid": "{5770385f-c22a-43e0-bf4c-06f5698ffbd9}",
            "computer_name": "Elmo"
        },
        "host": {
            "name": "Elmo",
            "ip": [
                "fe80::7cd2:efa8:dba2:6fc0",
                "169.254.111.192",
                "fe80::e431:7896:8d85:5aa",
                "172.21.208.1",
                "fe80::48ae:546b:7a20:7f52",
                "172.30.112.1",
                "fe80::bc21:1b56:1d1:4b9f",
                "169.254.75.159",
                "fe80::4807:9ca5:cd67:6ac6",
                "169.254.106.198",
                "fe80::e097:4ef1:6314:5a55",
                "169.254.90.85",
                "fe80::d55:b4a9:26a4:7406",
                "192.168.1.102",
                "fe80::211f:b772:c6da:bfb3",
                "172.27.16.1",
                "fe80::f90c:d738:c01c:abc6",
                "172.28.192.1"
            ]
        }
    },
    "233": {
        "@timestamp": "2022-10-07T10:09:47.464Z",
        "host": {
            "ip": [
                "fe80::7cd2:efa8:dba2:6fc0",
                "169.254.111.192",
                "fe80::e431:7896:8d85:5aa",
                "172.21.208.1",
                "fe80::48ae:546b:7a20:7f52",
                "172.30.112.1",
                "fe80::bc21:1b56:1d1:4b9f",
                "169.254.75.159",
                "fe80::4807:9ca5:cd67:6ac6",
                "169.254.106.198",
                "fe80::e097:4ef1:6314:5a55",
                "169.254.90.85",
                "fe80::d55:b4a9:26a4:7406",
                "192.168.1.102",
                "fe80::211f:b772:c6da:bfb3",
                "172.27.16.1",
                "fe80::f90c:d738:c01c:abc6",
                "172.28.192.1"
            ],
            "name": "Elmo"
        },
        "winlog": {
            "computer_name": "Elmo",
            "task": "Dns query (rule: DnsQuery)",
            "provider_guid": "{5770385f-c22a-43e0-bf4c-06f5698ffbd9}",
            "event_data": {
                "QueryName": "steamstore-a.akamaihd.net",
                "User": "ELMO\\mrdor",
                "ProcessGuid": "{dd01dab0-f971-633f-9854-010000004600}",
                "Image": "G:\\Steam\\steam.exe",
                "ProcessId": "13092",
                "QueryStatus": "0",
                "QueryResults": "type:  5 steamstore-a.akamaihd.net.edgesuite.net;type:  5 a1737.b.akamai.net;2.16.238.136;2.16.238.157;",
                "UtcTime": "2022-10-07 10:10:01.566",
                "RuleName": "-"
            },
            "provider_name": "Microsoft-Windows-Sysmon"
        }
    },
    "234": {
        "@timestamp": "2022-10-07T10:10:07.963Z",
        "host": {
            "ip": [
                "fe80::7cd2:efa8:dba2:6fc0",
                "169.254.111.192",
                "fe80::e431:7896:8d85:5aa",
                "172.21.208.1",
                "fe80::48ae:546b:7a20:7f52",
                "172.30.112.1",
                "fe80::bc21:1b56:1d1:4b9f",
                "169.254.75.159",
                "fe80::4807:9ca5:cd67:6ac6",
                "169.254.106.198",
                "fe80::e097:4ef1:6314:5a55",
                "169.254.90.85",
                "fe80::d55:b4a9:26a4:7406",
                "192.168.1.102",
                "fe80::211f:b772:c6da:bfb3",
                "172.27.16.1",
                "fe80::f90c:d738:c01c:abc6",
                "172.28.192.1"
            ],
            "name": "Elmo"
        },
        "winlog": {
            "provider_guid": "{5770385f-c22a-43e0-bf4c-06f5698ffbd9}",
            "computer_name": "Elmo",
            "event_data": {
                "RuleName": "-",
                "Image": "G:\\Steam\\steam.exe",
                "QueryResults": "type:  5 steamstore-a.akamaihd.net.edgesuite.net;type:  5 a1737.b.akamai.net;2.16.91.24;2.16.91.11;",
                "User": "ELMO\\mrdor",
                "QueryStatus": "0",
                "QueryName": "steamstore-a.akamaihd.net",
                "ProcessGuid": "{dd01dab0-f971-633f-9854-010000004600}",
                "UtcTime": "2022-10-07 10:10:21.819",
                "ProcessId": "13092"
            },
            "provider_name": "Microsoft-Windows-Sysmon",
            "task": "Dns query (rule: DnsQuery)"
        }
    },
    "235": {
        "@timestamp": "2022-10-07T10:10:18.160Z",
        "winlog": {
            "provider_name": "Microsoft-Windows-Sysmon",
            "event_data": {
                "Image": "G:\\Steam\\steam.exe",
                "User": "ELMO\\mrdor",
                "UtcTime": "2022-10-07 10:10:30.994",
                "ProcessGuid": "{dd01dab0-f971-633f-9854-010000004600}",
                "QueryName": "steamstore-a.akamaihd.net",
                "QueryStatus": "0",
                "RuleName": "-",
                "ProcessId": "13092",
                "QueryResults": "type:  5 steamstore-a.akamaihd.net.edgesuite.net;type:  5 a1737.b.akamai.net;2.16.91.11;2.16.91.24;"
            },
            "provider_guid": "{5770385f-c22a-43e0-bf4c-06f5698ffbd9}",
            "computer_name": "Elmo",
            "task": "Dns query (rule: DnsQuery)"
        },
        "host": {
            "ip": [
                "fe80::7cd2:efa8:dba2:6fc0",
                "169.254.111.192",
                "fe80::e431:7896:8d85:5aa",
                "172.21.208.1",
                "fe80::48ae:546b:7a20:7f52",
                "172.30.112.1",
                "fe80::bc21:1b56:1d1:4b9f",
                "169.254.75.159",
                "fe80::4807:9ca5:cd67:6ac6",
                "169.254.106.198",
                "fe80::e097:4ef1:6314:5a55",
                "169.254.90.85",
                "fe80::d55:b4a9:26a4:7406",
                "192.168.1.102",
                "fe80::211f:b772:c6da:bfb3",
                "172.27.16.1",
                "fe80::f90c:d738:c01c:abc6",
                "172.28.192.1"
            ],
            "name": "Elmo"
        }
    },
    "236": {
        "@timestamp": "2022-10-07T10:11:17.613Z",
        "winlog": {
            "task": "Dns query (rule: DnsQuery)",
            "provider_guid": "{5770385f-c22a-43e0-bf4c-06f5698ffbd9}",
            "provider_name": "Microsoft-Windows-Sysmon",
            "computer_name": "Elmo",
            "event_data": {
                "UtcTime": "2022-10-07 10:11:31.475",
                "ProcessId": "13092",
                "QueryName": "steamstore-a.akamaihd.net",
                "RuleName": "-",
                "Image": "G:\\Steam\\steam.exe",
                "User": "ELMO\\mrdor",
                "ProcessGuid": "{dd01dab0-f971-633f-9854-010000004600}",
                "QueryStatus": "0",
                "QueryResults": "type:  5 steamstore-a.akamaihd.net.edgesuite.net;type:  5 a1737.b.akamai.net;184.86.251.220;184.86.251.208;"
            }
        },
        "host": {
            "name": "Elmo",
            "ip": [
                "fe80::7cd2:efa8:dba2:6fc0",
                "169.254.111.192",
                "fe80::e431:7896:8d85:5aa",
                "172.21.208.1",
                "fe80::48ae:546b:7a20:7f52",
                "172.30.112.1",
                "fe80::bc21:1b56:1d1:4b9f",
                "169.254.75.159",
                "fe80::4807:9ca5:cd67:6ac6",
                "169.254.106.198",
                "fe80::e097:4ef1:6314:5a55",
                "169.254.90.85",
                "fe80::d55:b4a9:26a4:7406",
                "192.168.1.102",
                "fe80::211f:b772:c6da:bfb3",
                "172.27.16.1",
                "fe80::f90c:d738:c01c:abc6",
                "172.28.192.1"
            ]
        }
    },
    "237": {
        "@timestamp": "2022-10-07T10:12:02.873Z",
        "host": {
            "ip": [
                "fe80::7cd2:efa8:dba2:6fc0",
                "169.254.111.192",
                "fe80::e431:7896:8d85:5aa",
                "172.21.208.1",
                "fe80::48ae:546b:7a20:7f52",
                "172.30.112.1",
                "fe80::bc21:1b56:1d1:4b9f",
                "169.254.75.159",
                "fe80::4807:9ca5:cd67:6ac6",
                "169.254.106.198",
                "fe80::e097:4ef1:6314:5a55",
                "169.254.90.85",
                "fe80::d55:b4a9:26a4:7406",
                "192.168.1.102",
                "fe80::211f:b772:c6da:bfb3",
                "172.27.16.1",
                "fe80::f90c:d738:c01c:abc6",
                "172.28.192.1"
            ],
            "name": "Elmo"
        },
        "winlog": {
            "provider_name": "Microsoft-Windows-Sysmon",
            "provider_guid": "{5770385f-c22a-43e0-bf4c-06f5698ffbd9}",
            "task": "Process Create (rule: ProcessCreate)",
            "event_data": {
                "ParentProcessGuid": "{00000000-0000-0000-0000-000000000000}",
                "RuleName": "-",
                "UtcTime": "2022-10-07 10:12:02.871",
                "CurrentDirectory": "C:\\Windows\\system32\\",
                "TerminalSessionId": "0",
                "ParentUser": "-",
                "Image": "C:\\Program Files (x86)\\Microsoft\\EdgeUpdate\\MicrosoftEdgeUpdate.exe",
                "CommandLine": "\"C:\\Program Files (x86)\\Microsoft\\EdgeUpdate\\MicrosoftEdgeUpdate.exe\" /c",
                "User": "NT AUTHORITY\\SYSTEM",
                "ProcessGuid": "{dd01dab0-fb72-633f-b954-010000004600}",
                "IntegrityLevel": "System",
                "Product": "Microsoft Edge Update",
                "OriginalFileName": "msedgeupdate.dll",
                "Hashes": "MD5=C019E421D9F897108E51666CBAE2C8B0",
                "ParentImage": "-",
                "Description": "Microsoft Edge Update",
                "ParentCommandLine": "-",
                "ParentProcessId": "2004",
                "ProcessId": "12436",
                "LogonGuid": "{dd01dab0-dc23-633b-e703-000000000000}",
                "LogonId": "0x3e7",
                "FileVersion": "1.3.147.37",
                "Company": "Microsoft Corporation"
            },
            "computer_name": "Elmo"
        }
    },
    "238": {
        "@timestamp": "2022-10-07T10:12:39.531Z",
        "host": {
            "name": "Elmo",
            "ip": [
                "fe80::7cd2:efa8:dba2:6fc0",
                "169.254.111.192",
                "fe80::e431:7896:8d85:5aa",
                "172.21.208.1",
                "fe80::48ae:546b:7a20:7f52",
                "172.30.112.1",
                "fe80::bc21:1b56:1d1:4b9f",
                "169.254.75.159",
                "fe80::4807:9ca5:cd67:6ac6",
                "169.254.106.198",
                "fe80::e097:4ef1:6314:5a55",
                "169.254.90.85",
                "fe80::d55:b4a9:26a4:7406",
                "192.168.1.102",
                "fe80::211f:b772:c6da:bfb3",
                "172.27.16.1",
                "fe80::f90c:d738:c01c:abc6",
                "172.28.192.1"
            ]
        },
        "winlog": {
            "event_data": {
                "UtcTime": "2022-10-07 10:12:52.321",
                "QueryName": "steamstore-a.akamaihd.net",
                "RuleName": "-",
                "ProcessGuid": "{dd01dab0-f971-633f-9854-010000004600}",
                "ProcessId": "13092",
                "User": "ELMO\\mrdor",
                "QueryStatus": "0",
                "QueryResults": "type:  5 steamstore-a.akamaihd.net.edgesuite.net;type:  5 a1737.b.akamai.net;184.86.251.208;184.86.251.220;",
                "Image": "G:\\Steam\\steam.exe"
            },
            "provider_name": "Microsoft-Windows-Sysmon",
            "task": "Dns query (rule: DnsQuery)",
            "computer_name": "Elmo",
            "provider_guid": "{5770385f-c22a-43e0-bf4c-06f5698ffbd9}"
        }
    },
    "239": {
        "@timestamp": "2022-10-07T10:12:55.985Z",
        "host": {
            "ip": [
                "fe80::7cd2:efa8:dba2:6fc0",
                "169.254.111.192",
                "fe80::e431:7896:8d85:5aa",
                "172.21.208.1",
                "fe80::48ae:546b:7a20:7f52",
                "172.30.112.1",
                "fe80::bc21:1b56:1d1:4b9f",
                "169.254.75.159",
                "fe80::4807:9ca5:cd67:6ac6",
                "169.254.106.198",
                "fe80::e097:4ef1:6314:5a55",
                "169.254.90.85",
                "fe80::d55:b4a9:26a4:7406",
                "192.168.1.102",
                "fe80::211f:b772:c6da:bfb3",
                "172.27.16.1",
                "fe80::f90c:d738:c01c:abc6",
                "172.28.192.1"
            ],
            "name": "Elmo"
        },
        "winlog": {
            "provider_name": "Microsoft-Windows-Sysmon",
            "task": "Dns query (rule: DnsQuery)",
            "computer_name": "Elmo",
            "provider_guid": "{5770385f-c22a-43e0-bf4c-06f5698ffbd9}",
            "event_data": {
                "ProcessGuid": "{dd01dab0-f971-633f-9854-010000004600}",
                "QueryResults": "type:  5 steamstore-a.akamaihd.net.edgesuite.net;type:  5 a1737.b.akamai.net;23.55.163.60;23.55.163.59;",
                "QueryStatus": "0",
                "User": "ELMO\\mrdor",
                "QueryName": "steamstore-a.akamaihd.net",
                "UtcTime": "2022-10-07 10:13:09.845",
                "Image": "G:\\Steam\\steam.exe",
                "RuleName": "-",
                "ProcessId": "13092"
            }
        }
    },
    "240": {
        "@timestamp": "2022-10-07T10:16:40.315Z",
        "winlog": {
            "event_data": {
                "ParentProcessId": "920",
                "ParentImage": "C:\\Windows\\System32\\services.exe",
                "ProcessGuid": "{dd01dab0-fc88-633f-c054-010000004600}",
                "User": "NT AUTHORITY\\SYSTEM",
                "FileVersion": "10.0.19041.1741 (WinBuild.160101.0800)",
                "Description": "Windows Modules Installer",
                "IntegrityLevel": "System",
                "ParentCommandLine": "C:\\Windows\\system32\\services.exe",
                "ParentUser": "NT AUTHORITY\\SYSTEM",
                "CommandLine": "C:\\Windows\\servicing\\TrustedInstaller.exe",
                "TerminalSessionId": "0",
                "ParentProcessGuid": "{dd01dab0-dc23-633b-0b00-000000004600}",
                "Image": "C:\\Windows\\servicing\\TrustedInstaller.exe",
                "LogonGuid": "{dd01dab0-dc23-633b-e703-000000000000}",
                "ProcessId": "15688",
                "CurrentDirectory": "C:\\Windows\\system32\\",
                "UtcTime": "2022-10-07 10:16:40.306",
                "Product": "Microsoft\u00c2\u00ae Windows\u00c2\u00ae Operating System",
                "Company": "Microsoft Corporation",
                "LogonId": "0x3e7",
                "RuleName": "-",
                "OriginalFileName": "TrustedInstaller.exe",
                "Hashes": "MD5=D098F2FC042FBF6879D47E3A86FBB4A1"
            },
            "provider_guid": "{5770385f-c22a-43e0-bf4c-06f5698ffbd9}",
            "computer_name": "Elmo",
            "provider_name": "Microsoft-Windows-Sysmon",
            "task": "Process Create (rule: ProcessCreate)"
        },
        "host": {
            "name": "Elmo",
            "ip": [
                "fe80::7cd2:efa8:dba2:6fc0",
                "169.254.111.192",
                "fe80::e431:7896:8d85:5aa",
                "172.21.208.1",
                "fe80::48ae:546b:7a20:7f52",
                "172.30.112.1",
                "fe80::bc21:1b56:1d1:4b9f",
                "169.254.75.159",
                "fe80::4807:9ca5:cd67:6ac6",
                "169.254.106.198",
                "fe80::e097:4ef1:6314:5a55",
                "169.254.90.85",
                "fe80::d55:b4a9:26a4:7406",
                "192.168.1.102",
                "fe80::211f:b772:c6da:bfb3",
                "172.27.16.1",
                "fe80::f90c:d738:c01c:abc6",
                "172.28.192.1"
            ]
        }
    },
    "241": {
        "@timestamp": "2022-10-07T10:16:40.352Z",
        "winlog": {
            "provider_name": "Microsoft-Windows-Sysmon",
            "provider_guid": "{5770385f-c22a-43e0-bf4c-06f5698ffbd9}",
            "event_data": {
                "RuleName": "-",
                "IntegrityLevel": "System",
                "ProcessId": "8876",
                "Product": "Microsoft\u00c2\u00ae Windows\u00c2\u00ae Operating System",
                "Hashes": "MD5=5E5B4DFD8F87F3B4C907E7C872BC4866",
                "User": "NT AUTHORITY\\SYSTEM",
                "FileVersion": "10.0.19041.1940 (WinBuild.160101.0800)",
                "UtcTime": "2022-10-07 10:16:40.342",
                "TerminalSessionId": "0",
                "LogonGuid": "{dd01dab0-dc23-633b-e703-000000000000}",
                "OriginalFileName": "TiWorker.exe",
                "ParentProcessGuid": "{dd01dab0-dc24-633b-0f00-000000004600}",
                "CommandLine": "C:\\Windows\\winsxs\\amd64_microsoft-windows-servicingstack_31bf3856ad364e35_10.0.19041.1940_none_7dd80d767cb5c7b0\\TiWorker.exe -Embedding",
                "ParentImage": "C:\\Windows\\System32\\svchost.exe",
                "CurrentDirectory": "C:\\Windows\\system32\\",
                "Company": "Microsoft Corporation",
                "ParentUser": "NT AUTHORITY\\SYSTEM",
                "Description": "Windows Modules Installer Worker",
                "ProcessGuid": "{dd01dab0-fc88-633f-c154-010000004600}",
                "ParentCommandLine": "C:\\Windows\\system32\\svchost.exe -k DcomLaunch -p",
                "Image": "C:\\Windows\\WinSxS\\amd64_microsoft-windows-servicingstack_31bf3856ad364e35_10.0.19041.1940_none_7dd80d767cb5c7b0\\TiWorker.exe",
                "LogonId": "0x3e7",
                "ParentProcessId": "744"
            },
            "task": "Process Create (rule: ProcessCreate)",
            "computer_name": "Elmo"
        },
        "host": {
            "ip": [
                "fe80::7cd2:efa8:dba2:6fc0",
                "169.254.111.192",
                "fe80::e431:7896:8d85:5aa",
                "172.21.208.1",
                "fe80::48ae:546b:7a20:7f52",
                "172.30.112.1",
                "fe80::bc21:1b56:1d1:4b9f",
                "169.254.75.159",
                "fe80::4807:9ca5:cd67:6ac6",
                "169.254.106.198",
                "fe80::e097:4ef1:6314:5a55",
                "169.254.90.85",
                "fe80::d55:b4a9:26a4:7406",
                "192.168.1.102",
                "fe80::211f:b772:c6da:bfb3",
                "172.27.16.1",
                "fe80::f90c:d738:c01c:abc6",
                "172.28.192.1"
            ],
            "name": "Elmo"
        }
    },
    "242": {
        "@timestamp": "2022-10-07T10:16:54.019Z",
        "winlog": {
            "provider_guid": "{5770385f-c22a-43e0-bf4c-06f5698ffbd9}",
            "provider_name": "Microsoft-Windows-Sysmon",
            "task": "Process Create (rule: ProcessCreate)",
            "event_data": {
                "Product": "Microsoft\u00c2\u00ae Windows\u00c2\u00ae Operating System",
                "User": "NT AUTHORITY\\SYSTEM",
                "LogonGuid": "{dd01dab0-dc23-633b-e703-000000000000}",
                "ParentProcessId": "2004",
                "Company": "Microsoft Corporation",
                "ParentProcessGuid": "{00000000-0000-0000-0000-000000000000}",
                "RuleName": "-",
                "Image": "C:\\Windows\\System32\\taskhostw.exe",
                "Description": "Host Process for Windows Tasks",
                "CommandLine": "taskhostw.exe",
                "Hashes": "MD5=A00BF82660835224CD6606A248321C5D",
                "UtcTime": "2022-10-07 10:16:54.015",
                "ProcessId": "2688",
                "FileVersion": "10.0.19041.1865 (WinBuild.160101.0800)",
                "ParentCommandLine": "-",
                "ParentImage": "-",
                "TerminalSessionId": "0",
                "LogonId": "0x3e7",
                "IntegrityLevel": "System",
                "ProcessGuid": "{dd01dab0-fc96-633f-c254-010000004600}",
                "OriginalFileName": "taskhostw.exe",
                "ParentUser": "-",
                "CurrentDirectory": "C:\\Windows\\system32\\"
            },
            "computer_name": "Elmo"
        },
        "host": {
            "ip": [
                "fe80::7cd2:efa8:dba2:6fc0",
                "169.254.111.192",
                "fe80::e431:7896:8d85:5aa",
                "172.21.208.1",
                "fe80::48ae:546b:7a20:7f52",
                "172.30.112.1",
                "fe80::bc21:1b56:1d1:4b9f",
                "169.254.75.159",
                "fe80::4807:9ca5:cd67:6ac6",
                "169.254.106.198",
                "fe80::e097:4ef1:6314:5a55",
                "169.254.90.85",
                "fe80::d55:b4a9:26a4:7406",
                "192.168.1.102",
                "fe80::211f:b772:c6da:bfb3",
                "172.27.16.1",
                "fe80::f90c:d738:c01c:abc6",
                "172.28.192.1"
            ],
            "name": "Elmo"
        }
    },
    "243": {
        "@timestamp": "2022-10-07T10:17:02.819Z",
        "winlog": {
            "keywords": [
                "Classic"
            ],
            "opcode": "Info",
            "provider_guid": "{E23B33B0-C8C9-472C-A5F9-F2BDFEA0F156}",
            "provider_name": "Microsoft-Windows-Security-SPP",
            "task": "None",
            "api": "wineventlog",
            "record_id": 59673,
            "computer_name": "Elmo",
            "channel": "Application",
            "event_id": "16394"
        },
        "host": {
            "name": "Elmo",
            "id": "dd01dab0-ceec-4f21-9fb3-a8597eb9b875",
            "ip": [
                "fe80::7cd2:efa8:dba2:6fc0",
                "169.254.111.192",
                "fe80::e431:7896:8d85:5aa",
                "172.21.208.1",
                "fe80::48ae:546b:7a20:7f52",
                "172.30.112.1",
                "fe80::bc21:1b56:1d1:4b9f",
                "169.254.75.159",
                "fe80::4807:9ca5:cd67:6ac6",
                "169.254.106.198",
                "fe80::e097:4ef1:6314:5a55",
                "169.254.90.85",
                "fe80::d55:b4a9:26a4:7406",
                "192.168.1.102",
                "fe80::211f:b772:c6da:bfb3",
                "172.27.16.1",
                "fe80::f90c:d738:c01c:abc6",
                "172.28.192.1"
            ],
            "mac": [
                "00:15:5d:4b:1b:5b",
                "00:15:5d:65:92:c8",
                "00:15:5d:a0:f8:aa",
                "00:15:5d:d0:a3:4e",
                "10:fe:ed:20:e5:7c",
                "12:fe:ed:20:e5:7c",
                "30:5a:3a:47:46:2f",
                "44:45:53:54:4f:53"
            ],
            "hostname": "Elmo",
            "architecture": "x86_64",
            "os": {
                "kernel": "10.0.19041.2075 (WinBuild.160101.0800)",
                "build": "19044.2075",
                "type": "windows",
                "platform": "windows",
                "version": "10.0",
                "family": "windows",
                "name": "Windows 10 Pro"
            }
        }
    },
    "244": {
        "@timestamp": "2022-10-07T10:17:29.423Z",
        "winlog": {
            "task": "Dns query (rule: DnsQuery)",
            "provider_name": "Microsoft-Windows-Sysmon",
            "provider_guid": "{5770385f-c22a-43e0-bf4c-06f5698ffbd9}",
            "computer_name": "Elmo",
            "event_data": {
                "ProcessId": "13092",
                "QueryName": "clientconfig.akamai.steamstatic.com",
                "User": "ELMO\\mrdor",
                "UtcTime": "2022-10-07 10:17:42.915",
