                "ProcessGuid": "{6c5fe7fc-ddc2-633d-2601-000000000300}",
                "IntegrityLevel": "High",
                "ParentProcessGuid": "{6c5fe7fc-ddc1-633d-2501-000000000300}",
                "ParentUser": "CC64FAAE-BF24-4\\WDAGUtilityAccount",
                "CurrentDirectory": "C:\\Windows\\system32\\",
                "OriginalFileName": "NOTEPAD.EXE",
                "Image": "C:\\Windows\\System32\\notepad.exe",
                "Company": "Microsoft Corporation",
                "ParentProcessId": "3900",
                "Description": "Notepad",
                "Hashes": "MD5=27F71B12CB585541885A31BE22F61C83",
                "User": "CC64FAAE-BF24-4\\WDAGUtilityAccount",
                "UtcTime": "2022-10-05 19:40:50.875",
                "TerminalSessionId": "1",
                "ParentCommandLine": "C:\\Windows\\system32\\OpenWith.exe -Embedding"
            },
            "provider_name": "Microsoft-Windows-Sysmon",
            "computer_name": "cc64faae-bf24-454e-84e2-d13617cacb46"
        }
    },
    "191": {
        "@timestamp": "2022-10-05T19:41:02.765Z",
        "winlog": {
            "computer_name": "cc64faae-bf24-454e-84e2-d13617cacb46",
            "provider_name": "Microsoft-Windows-Sysmon",
            "task": "Process accessed (rule: ProcessAccess)",
            "event_data": {
                "TargetProcessGUID": "{6c5fe7fc-eb2a-633b-0800-000000000300}",
                "RuleName": "-",
                "SourceThreadId": "4904",
                "UtcTime": "2022-10-05 19:41:02.753",
                "SourceProcessId": "772",
                "SourceImage": "C:\\Windows\\system32\\svchost.exe",
                "TargetImage": "C:\\Windows\\system32\\lsass.exe",
                "CallTrace": "C:\\Windows\\SYSTEM32\\ntdll.dll+9d644|C:\\Windows\\System32\\KERNELBASE.dll+32ea6|c:\\windows\\system32\\lsm.dll+eab9|C:\\Windows\\System32\\RPCRT4.dll+796e3|C:\\Windows\\System32\\RPCRT4.dll+dd77b|C:\\Windows\\System32\\RPCRT4.dll+5d11c|C:\\Windows\\System32\\RPCRT4.dll+5a278|C:\\Windows\\System32\\RPCRT4.dll+3a416|C:\\Windows\\System32\\RPCRT4.dll+39d68|C:\\Windows\\System32\\RPCRT4.dll+4887f|C:\\Windows\\System32\\RPCRT4.dll+47c88|C:\\Windows\\System32\\RPCRT4.dll+47271|C:\\Windows\\System32\\RPCRT4.dll+46cde|C:\\Windows\\System32\\RPCRT4.dll+4b3b2|C:\\Windows\\SYSTEM32\\ntdll.dll+20330|C:\\Windows\\SYSTEM32\\ntdll.dll+52f76|C:\\Windows\\System32\\KERNEL32.DLL+17034|C:\\Windows\\SYSTEM32\\ntdll.dll+526a1",
                "TargetUser": "NT AUTHORITY\\SYSTEM",
                "SourceProcessGUID": "{6c5fe7fc-eb2c-633b-0900-000000000300}",
                "TargetProcessId": "668",
                "GrantedAccess": "0x1000",
                "SourceUser": "NT AUTHORITY\\SYSTEM"
            },
            "provider_guid": "{5770385f-c22a-43e0-bf4c-06f5698ffbd9}"
        },
        "host": {
            "ip": [
                "fe80::6905:afe2:50a1:b290",
                "172.30.115.35"
            ],
            "name": "cc64faae-bf24-454e-84e2-d13617cacb46"
        }
    },
    "192": {
        "@timestamp": "2022-10-05T19:41:02.765Z",
        "host": {
            "name": "cc64faae-bf24-454e-84e2-d13617cacb46",
            "ip": [
                "fe80::6905:afe2:50a1:b290",
                "172.30.115.35"
            ]
        },
        "winlog": {
            "provider_guid": "{5770385f-c22a-43e0-bf4c-06f5698ffbd9}",
            "event_data": {
                "SourceProcessGUID": "{6c5fe7fc-eb2c-633b-0900-000000000300}",
                "TargetProcessId": "668",
                "CallTrace": "C:\\Windows\\SYSTEM32\\ntdll.dll+9d644|C:\\Windows\\System32\\KERNELBASE.dll+32ea6|c:\\windows\\system32\\lsm.dll+f1ba|C:\\Windows\\System32\\RPCRT4.dll+796e3|C:\\Windows\\System32\\RPCRT4.dll+dd77b|C:\\Windows\\System32\\RPCRT4.dll+5d11c|C:\\Windows\\System32\\RPCRT4.dll+5a278|C:\\Windows\\System32\\RPCRT4.dll+3a416|C:\\Windows\\System32\\RPCRT4.dll+39d68|C:\\Windows\\System32\\RPCRT4.dll+4887f|C:\\Windows\\System32\\RPCRT4.dll+47c88|C:\\Windows\\System32\\RPCRT4.dll+47271|C:\\Windows\\System32\\RPCRT4.dll+46cde|C:\\Windows\\System32\\RPCRT4.dll+4b3b2|C:\\Windows\\SYSTEM32\\ntdll.dll+20330|C:\\Windows\\SYSTEM32\\ntdll.dll+52f76|C:\\Windows\\System32\\KERNEL32.DLL+17034|C:\\Windows\\SYSTEM32\\ntdll.dll+526a1",
                "UtcTime": "2022-10-05 19:41:02.753",
                "SourceProcessId": "772",
                "SourceThreadId": "4904",
                "GrantedAccess": "0x1000",
                "RuleName": "-",
                "TargetImage": "C:\\Windows\\system32\\lsass.exe",
                "SourceUser": "NT AUTHORITY\\SYSTEM",
                "TargetUser": "NT AUTHORITY\\SYSTEM",
                "SourceImage": "C:\\Windows\\system32\\svchost.exe",
                "TargetProcessGUID": "{6c5fe7fc-eb2a-633b-0800-000000000300}"
            },
            "task": "Process accessed (rule: ProcessAccess)",
            "computer_name": "cc64faae-bf24-454e-84e2-d13617cacb46",
            "provider_name": "Microsoft-Windows-Sysmon"
        }
    },
    "193": {
        "@timestamp": "2022-10-05T19:41:02.765Z",
        "winlog": {
            "event_data": {
                "SourceProcessId": "772",
                "SourceThreadId": "4904",
                "TargetProcessGUID": "{6c5fe7fc-eb2a-633b-0800-000000000300}",
                "SourceUser": "NT AUTHORITY\\SYSTEM",
                "UtcTime": "2022-10-05 19:41:02.753",
                "SourceProcessGUID": "{6c5fe7fc-eb2c-633b-0900-000000000300}",
                "TargetProcessId": "668",
                "TargetUser": "NT AUTHORITY\\SYSTEM",
                "SourceImage": "C:\\Windows\\system32\\svchost.exe",
                "TargetImage": "C:\\Windows\\system32\\lsass.exe",
                "GrantedAccess": "0x1000",
                "CallTrace": "C:\\Windows\\SYSTEM32\\ntdll.dll+9d644|C:\\Windows\\System32\\KERNELBASE.dll+32ea6|c:\\windows\\system32\\lsm.dll+efe7|C:\\Windows\\System32\\RPCRT4.dll+796e3|C:\\Windows\\System32\\RPCRT4.dll+dd77b|C:\\Windows\\System32\\RPCRT4.dll+5d11c|C:\\Windows\\System32\\RPCRT4.dll+5a278|C:\\Windows\\System32\\RPCRT4.dll+3a416|C:\\Windows\\System32\\RPCRT4.dll+39d68|C:\\Windows\\System32\\RPCRT4.dll+4887f|C:\\Windows\\System32\\RPCRT4.dll+47c88|C:\\Windows\\System32\\RPCRT4.dll+47271|C:\\Windows\\System32\\RPCRT4.dll+46cde|C:\\Windows\\System32\\RPCRT4.dll+4b3b2|C:\\Windows\\SYSTEM32\\ntdll.dll+20330|C:\\Windows\\SYSTEM32\\ntdll.dll+52f76|C:\\Windows\\System32\\KERNEL32.DLL+17034|C:\\Windows\\SYSTEM32\\ntdll.dll+526a1",
                "RuleName": "-"
            },
            "provider_name": "Microsoft-Windows-Sysmon",
            "provider_guid": "{5770385f-c22a-43e0-bf4c-06f5698ffbd9}",
            "computer_name": "cc64faae-bf24-454e-84e2-d13617cacb46",
            "task": "Process accessed (rule: ProcessAccess)"
        },
        "host": {
            "name": "cc64faae-bf24-454e-84e2-d13617cacb46",
            "ip": [
                "fe80::6905:afe2:50a1:b290",
                "172.30.115.35"
            ]
        }
    },
    "194": {
        "@timestamp": "2022-10-05T19:41:02.766Z",
        "winlog": {
            "provider_guid": "{5770385f-c22a-43e0-bf4c-06f5698ffbd9}",
            "provider_name": "Microsoft-Windows-Sysmon",
            "task": "Process accessed (rule: ProcessAccess)",
            "computer_name": "cc64faae-bf24-454e-84e2-d13617cacb46",
            "event_data": {
                "SourceThreadId": "4904",
                "SourceImage": "C:\\Windows\\system32\\svchost.exe",
                "TargetImage": "C:\\Windows\\system32\\lsass.exe",
                "TargetProcessGUID": "{6c5fe7fc-eb2a-633b-0800-000000000300}",
                "TargetProcessId": "668",
                "GrantedAccess": "0x1000",
                "RuleName": "-",
                "SourceUser": "NT AUTHORITY\\SYSTEM",
                "TargetUser": "NT AUTHORITY\\SYSTEM",
                "SourceProcessId": "772",
                "UtcTime": "2022-10-05 19:41:02.753",
                "SourceProcessGUID": "{6c5fe7fc-eb2c-633b-0900-000000000300}",
                "CallTrace": "C:\\Windows\\SYSTEM32\\ntdll.dll+9d644|C:\\Windows\\System32\\KERNELBASE.dll+32ea6|c:\\windows\\system32\\lsm.dll+f6fc|c:\\windows\\system32\\lsm.dll+e96e|C:\\Windows\\System32\\RPCRT4.dll+796e3|C:\\Windows\\System32\\RPCRT4.dll+dd77b|C:\\Windows\\System32\\RPCRT4.dll+5d11c|C:\\Windows\\System32\\RPCRT4.dll+5a278|C:\\Windows\\System32\\RPCRT4.dll+3a416|C:\\Windows\\System32\\RPCRT4.dll+39d68|C:\\Windows\\System32\\RPCRT4.dll+4887f|C:\\Windows\\System32\\RPCRT4.dll+47c88|C:\\Windows\\System32\\RPCRT4.dll+47271|C:\\Windows\\System32\\RPCRT4.dll+46cde|C:\\Windows\\System32\\RPCRT4.dll+4b3b2|C:\\Windows\\SYSTEM32\\ntdll.dll+20330|C:\\Windows\\SYSTEM32\\ntdll.dll+52f76|C:\\Windows\\System32\\KERNEL32.DLL+17034|C:\\Windows\\SYSTEM32\\ntdll.dll+526a1"
            }
        },
        "host": {
            "name": "cc64faae-bf24-454e-84e2-d13617cacb46",
            "ip": [
                "fe80::6905:afe2:50a1:b290",
                "172.30.115.35"
            ]
        }
    },
    "195": {
        "@timestamp": "2022-10-05T19:41:02.766Z",
        "host": {
            "name": "cc64faae-bf24-454e-84e2-d13617cacb46",
            "ip": [
                "fe80::6905:afe2:50a1:b290",
                "172.30.115.35"
            ]
        },
        "winlog": {
            "provider_name": "Microsoft-Windows-Sysmon",
            "event_data": {
                "SourceProcessGUID": "{6c5fe7fc-eb2c-633b-0900-000000000300}",
                "SourceUser": "NT AUTHORITY\\SYSTEM",
                "CallTrace": "C:\\Windows\\SYSTEM32\\ntdll.dll+9d644|C:\\Windows\\System32\\KERNELBASE.dll+32ea6|c:\\windows\\system32\\lsm.dll+e558|c:\\windows\\system32\\lsm.dll+de9d|C:\\Windows\\System32\\RPCRT4.dll+796e3|C:\\Windows\\System32\\RPCRT4.dll+dd77b|C:\\Windows\\System32\\RPCRT4.dll+5d11c|C:\\Windows\\System32\\RPCRT4.dll+5a278|C:\\Windows\\System32\\RPCRT4.dll+3a416|C:\\Windows\\System32\\RPCRT4.dll+39d68|C:\\Windows\\System32\\RPCRT4.dll+4887f|C:\\Windows\\System32\\RPCRT4.dll+47c88|C:\\Windows\\System32\\RPCRT4.dll+47271|C:\\Windows\\System32\\RPCRT4.dll+46cde|C:\\Windows\\System32\\RPCRT4.dll+4b3b2|C:\\Windows\\SYSTEM32\\ntdll.dll+20330|C:\\Windows\\SYSTEM32\\ntdll.dll+52f76|C:\\Windows\\System32\\KERNEL32.DLL+17034|C:\\Windows\\SYSTEM32\\ntdll.dll+526a1",
                "RuleName": "-",
                "TargetProcessId": "668",
                "TargetUser": "NT AUTHORITY\\SYSTEM",
                "SourceProcessId": "772",
                "GrantedAccess": "0x1000",
                "TargetImage": "C:\\Windows\\system32\\lsass.exe",
                "UtcTime": "2022-10-05 19:41:02.753",
                "SourceThreadId": "4904",
                "SourceImage": "C:\\Windows\\system32\\svchost.exe",
                "TargetProcessGUID": "{6c5fe7fc-eb2a-633b-0800-000000000300}"
            },
            "task": "Process accessed (rule: ProcessAccess)",
            "provider_guid": "{5770385f-c22a-43e0-bf4c-06f5698ffbd9}",
            "computer_name": "cc64faae-bf24-454e-84e2-d13617cacb46"
        }
    },
    "196": {
        "@timestamp": "2022-10-05T19:41:02.775Z",
        "host": {
            "ip": [
                "fe80::6905:afe2:50a1:b290",
                "172.30.115.35"
            ],
            "name": "cc64faae-bf24-454e-84e2-d13617cacb46"
        },
        "winlog": {
            "task": "Process accessed (rule: ProcessAccess)",
            "provider_guid": "{5770385f-c22a-43e0-bf4c-06f5698ffbd9}",
            "event_data": {
                "SourceUser": "NT AUTHORITY\\SYSTEM",
                "SourceProcessId": "772",
                "SourceThreadId": "4904",
                "TargetProcessGUID": "{6c5fe7fc-eb2a-633b-0800-000000000300}",
                "TargetProcessId": "668",
                "TargetImage": "C:\\Windows\\system32\\lsass.exe",
                "UtcTime": "2022-10-05 19:41:02.769",
                "SourceImage": "C:\\Windows\\system32\\svchost.exe",
                "TargetUser": "NT AUTHORITY\\SYSTEM",
                "RuleName": "-",
                "SourceProcessGUID": "{6c5fe7fc-eb2c-633b-0900-000000000300}",
                "GrantedAccess": "0x1000",
                "CallTrace": "C:\\Windows\\SYSTEM32\\ntdll.dll+9d644|C:\\Windows\\System32\\KERNELBASE.dll+32ea6|c:\\windows\\system32\\lsm.dll+f6fc|c:\\windows\\system32\\lsm.dll+e96e|C:\\Windows\\System32\\RPCRT4.dll+796e3|C:\\Windows\\System32\\RPCRT4.dll+dd77b|C:\\Windows\\System32\\RPCRT4.dll+5d11c|C:\\Windows\\System32\\RPCRT4.dll+5a278|C:\\Windows\\System32\\RPCRT4.dll+3a416|C:\\Windows\\System32\\RPCRT4.dll+39d68|C:\\Windows\\System32\\RPCRT4.dll+4887f|C:\\Windows\\System32\\RPCRT4.dll+47c88|C:\\Windows\\System32\\RPCRT4.dll+47271|C:\\Windows\\System32\\RPCRT4.dll+46cde|C:\\Windows\\System32\\RPCRT4.dll+4b3b2|C:\\Windows\\SYSTEM32\\ntdll.dll+20330|C:\\Windows\\SYSTEM32\\ntdll.dll+52f76|C:\\Windows\\System32\\KERNEL32.DLL+17034|C:\\Windows\\SYSTEM32\\ntdll.dll+526a1"
            },
            "provider_name": "Microsoft-Windows-Sysmon",
            "computer_name": "cc64faae-bf24-454e-84e2-d13617cacb46"
        }
    },
    "197": {
        "@timestamp": "2022-10-05T19:41:02.776Z",
        "host": {
            "ip": [
                "fe80::6905:afe2:50a1:b290",
                "172.30.115.35"
            ],
            "name": "cc64faae-bf24-454e-84e2-d13617cacb46"
        },
        "winlog": {
            "provider_name": "Microsoft-Windows-Sysmon",
            "event_data": {
                "TargetProcessGUID": "{6c5fe7fc-eb2a-633b-0800-000000000300}",
                "TargetProcessId": "668",
                "CallTrace": "C:\\Windows\\SYSTEM32\\ntdll.dll+9d644|C:\\Windows\\System32\\KERNELBASE.dll+32ea6|c:\\windows\\system32\\lsm.dll+eab9|C:\\Windows\\System32\\RPCRT4.dll+796e3|C:\\Windows\\System32\\RPCRT4.dll+dd77b|C:\\Windows\\System32\\RPCRT4.dll+5d11c|C:\\Windows\\System32\\RPCRT4.dll+5a278|C:\\Windows\\System32\\RPCRT4.dll+3a416|C:\\Windows\\System32\\RPCRT4.dll+39d68|C:\\Windows\\System32\\RPCRT4.dll+4887f|C:\\Windows\\System32\\RPCRT4.dll+47c88|C:\\Windows\\System32\\RPCRT4.dll+47271|C:\\Windows\\System32\\RPCRT4.dll+46cde|C:\\Windows\\System32\\RPCRT4.dll+4b3b2|C:\\Windows\\SYSTEM32\\ntdll.dll+20330|C:\\Windows\\SYSTEM32\\ntdll.dll+52f76|C:\\Windows\\System32\\KERNEL32.DLL+17034|C:\\Windows\\SYSTEM32\\ntdll.dll+526a1",
                "RuleName": "-",
                "TargetImage": "C:\\Windows\\system32\\lsass.exe",
                "SourceImage": "C:\\Windows\\system32\\svchost.exe",
                "TargetUser": "NT AUTHORITY\\SYSTEM",
                "UtcTime": "2022-10-05 19:41:02.769",
                "GrantedAccess": "0x1000",
                "SourceUser": "NT AUTHORITY\\SYSTEM",
                "SourceProcessId": "772",
                "SourceThreadId": "3816",
                "SourceProcessGUID": "{6c5fe7fc-eb2c-633b-0900-000000000300}"
            },
            "computer_name": "cc64faae-bf24-454e-84e2-d13617cacb46",
            "task": "Process accessed (rule: ProcessAccess)",
            "provider_guid": "{5770385f-c22a-43e0-bf4c-06f5698ffbd9}"
        }
    },
    "198": {
        "@timestamp": "2022-10-05T19:41:02.776Z",
        "host": {
            "name": "cc64faae-bf24-454e-84e2-d13617cacb46",
            "ip": [
                "fe80::6905:afe2:50a1:b290",
                "172.30.115.35"
            ]
        },
        "winlog": {
            "provider_name": "Microsoft-Windows-Sysmon",
            "event_data": {
                "TargetUser": "NT AUTHORITY\\SYSTEM",
                "TargetProcessGUID": "{6c5fe7fc-eb2a-633b-0800-000000000300}",
                "SourceProcessGUID": "{6c5fe7fc-eb2c-633b-0900-000000000300}",
                "TargetProcessId": "668",
                "TargetImage": "C:\\Windows\\system32\\lsass.exe",
                "SourceImage": "C:\\Windows\\system32\\svchost.exe",
                "RuleName": "-",
                "SourceProcessId": "772",
                "UtcTime": "2022-10-05 19:41:02.769",
                "SourceThreadId": "3816",
                "GrantedAccess": "0x1000",
                "CallTrace": "C:\\Windows\\SYSTEM32\\ntdll.dll+9d644|C:\\Windows\\System32\\KERNELBASE.dll+32ea6|c:\\windows\\system32\\lsm.dll+f1ba|C:\\Windows\\System32\\RPCRT4.dll+796e3|C:\\Windows\\System32\\RPCRT4.dll+dd77b|C:\\Windows\\System32\\RPCRT4.dll+5d11c|C:\\Windows\\System32\\RPCRT4.dll+5a278|C:\\Windows\\System32\\RPCRT4.dll+3a416|C:\\Windows\\System32\\RPCRT4.dll+39d68|C:\\Windows\\System32\\RPCRT4.dll+4887f|C:\\Windows\\System32\\RPCRT4.dll+47c88|C:\\Windows\\System32\\RPCRT4.dll+47271|C:\\Windows\\System32\\RPCRT4.dll+46cde|C:\\Windows\\System32\\RPCRT4.dll+4b3b2|C:\\Windows\\SYSTEM32\\ntdll.dll+20330|C:\\Windows\\SYSTEM32\\ntdll.dll+52f76|C:\\Windows\\System32\\KERNEL32.DLL+17034|C:\\Windows\\SYSTEM32\\ntdll.dll+526a1",
                "SourceUser": "NT AUTHORITY\\SYSTEM"
            },
            "provider_guid": "{5770385f-c22a-43e0-bf4c-06f5698ffbd9}",
            "computer_name": "cc64faae-bf24-454e-84e2-d13617cacb46",
            "task": "Process accessed (rule: ProcessAccess)"
        }
    },
    "199": {
        "@timestamp": "2022-10-05T19:41:02.776Z",
        "winlog": {
            "task": "Process accessed (rule: ProcessAccess)",
            "provider_name": "Microsoft-Windows-Sysmon",
            "provider_guid": "{5770385f-c22a-43e0-bf4c-06f5698ffbd9}",
            "computer_name": "cc64faae-bf24-454e-84e2-d13617cacb46",
            "event_data": {
                "TargetProcessGUID": "{6c5fe7fc-eb2a-633b-0800-000000000300}",
                "TargetUser": "NT AUTHORITY\\SYSTEM",
                "SourceProcessId": "772",
                "UtcTime": "2022-10-05 19:41:02.769",
                "SourceProcessGUID": "{6c5fe7fc-eb2c-633b-0900-000000000300}",
                "GrantedAccess": "0x1000",
                "SourceUser": "NT AUTHORITY\\SYSTEM",
                "RuleName": "-",
                "SourceThreadId": "3816",
                "TargetProcessId": "668",
                "TargetImage": "C:\\Windows\\system32\\lsass.exe",
                "CallTrace": "C:\\Windows\\SYSTEM32\\ntdll.dll+9d644|C:\\Windows\\System32\\KERNELBASE.dll+32ea6|c:\\windows\\system32\\lsm.dll+efe7|C:\\Windows\\System32\\RPCRT4.dll+796e3|C:\\Windows\\System32\\RPCRT4.dll+dd77b|C:\\Windows\\System32\\RPCRT4.dll+5d11c|C:\\Windows\\System32\\RPCRT4.dll+5a278|C:\\Windows\\System32\\RPCRT4.dll+3a416|C:\\Windows\\System32\\RPCRT4.dll+39d68|C:\\Windows\\System32\\RPCRT4.dll+4887f|C:\\Windows\\System32\\RPCRT4.dll+47c88|C:\\Windows\\System32\\RPCRT4.dll+47271|C:\\Windows\\System32\\RPCRT4.dll+46cde|C:\\Windows\\System32\\RPCRT4.dll+4b3b2|C:\\Windows\\SYSTEM32\\ntdll.dll+20330|C:\\Windows\\SYSTEM32\\ntdll.dll+52f76|C:\\Windows\\System32\\KERNEL32.DLL+17034|C:\\Windows\\SYSTEM32\\ntdll.dll+526a1",
                "SourceImage": "C:\\Windows\\system32\\svchost.exe"
            }
        },
        "host": {
            "name": "cc64faae-bf24-454e-84e2-d13617cacb46",
            "ip": [
                "fe80::6905:afe2:50a1:b290",
                "172.30.115.35"
            ]
        }
    },
    "200": {
        "@timestamp": "2022-10-05T19:41:02.776Z",
        "host": {
            "name": "cc64faae-bf24-454e-84e2-d13617cacb46",
            "ip": [
                "fe80::6905:afe2:50a1:b290",
                "172.30.115.35"
            ]
        },
        "winlog": {
            "provider_guid": "{5770385f-c22a-43e0-bf4c-06f5698ffbd9}",
            "event_data": {
                "TargetUser": "NT AUTHORITY\\SYSTEM",
                "SourceProcessId": "772",
                "CallTrace": "C:\\Windows\\SYSTEM32\\ntdll.dll+9d644|C:\\Windows\\System32\\KERNELBASE.dll+32ea6|c:\\windows\\system32\\lsm.dll+f6fc|c:\\windows\\system32\\lsm.dll+e96e|C:\\Windows\\System32\\RPCRT4.dll+796e3|C:\\Windows\\System32\\RPCRT4.dll+dd77b|C:\\Windows\\System32\\RPCRT4.dll+5d11c|C:\\Windows\\System32\\RPCRT4.dll+5a278|C:\\Windows\\System32\\RPCRT4.dll+3a416|C:\\Windows\\System32\\RPCRT4.dll+39d68|C:\\Windows\\System32\\RPCRT4.dll+4887f|C:\\Windows\\System32\\RPCRT4.dll+47c88|C:\\Windows\\System32\\RPCRT4.dll+47271|C:\\Windows\\System32\\RPCRT4.dll+46cde|C:\\Windows\\System32\\RPCRT4.dll+4b3b2|C:\\Windows\\SYSTEM32\\ntdll.dll+20330|C:\\Windows\\SYSTEM32\\ntdll.dll+52f76|C:\\Windows\\System32\\KERNEL32.DLL+17034|C:\\Windows\\SYSTEM32\\ntdll.dll+526a1",
                "RuleName": "-",
                "UtcTime": "2022-10-05 19:41:02.769",
                "SourceImage": "C:\\Windows\\system32\\svchost.exe",
                "TargetProcessId": "668",
                "SourceProcessGUID": "{6c5fe7fc-eb2c-633b-0900-000000000300}",
                "SourceThreadId": "3816",
                "SourceUser": "NT AUTHORITY\\SYSTEM",
                "TargetImage": "C:\\Windows\\system32\\lsass.exe",
                "TargetProcessGUID": "{6c5fe7fc-eb2a-633b-0800-000000000300}",
                "GrantedAccess": "0x1000"
            },
            "computer_name": "cc64faae-bf24-454e-84e2-d13617cacb46",
            "provider_name": "Microsoft-Windows-Sysmon",
            "task": "Process accessed (rule: ProcessAccess)"
        }
    },
    "201": {
        "@timestamp": "2022-10-05T19:41:02.777Z",
        "host": {
            "ip": [
                "fe80::6905:afe2:50a1:b290",
                "172.30.115.35"
            ],
            "name": "cc64faae-bf24-454e-84e2-d13617cacb46"
        },
        "winlog": {
            "provider_guid": "{5770385f-c22a-43e0-bf4c-06f5698ffbd9}",
            "computer_name": "cc64faae-bf24-454e-84e2-d13617cacb46",
            "provider_name": "Microsoft-Windows-Sysmon",
            "event_data": {
                "SourceThreadId": "3816",
                "TargetProcessGUID": "{6c5fe7fc-eb2a-633b-0800-000000000300}",
                "SourceProcessGUID": "{6c5fe7fc-eb2c-633b-0900-000000000300}",
                "GrantedAccess": "0x1000",
                "CallTrace": "C:\\Windows\\SYSTEM32\\ntdll.dll+9d644|C:\\Windows\\System32\\KERNELBASE.dll+32ea6|c:\\windows\\system32\\lsm.dll+f6fc|c:\\windows\\system32\\lsm.dll+e96e|C:\\Windows\\System32\\RPCRT4.dll+796e3|C:\\Windows\\System32\\RPCRT4.dll+dd77b|C:\\Windows\\System32\\RPCRT4.dll+5d11c|C:\\Windows\\System32\\RPCRT4.dll+5a278|C:\\Windows\\System32\\RPCRT4.dll+3a416|C:\\Windows\\System32\\RPCRT4.dll+39d68|C:\\Windows\\System32\\RPCRT4.dll+4887f|C:\\Windows\\System32\\RPCRT4.dll+47c88|C:\\Windows\\System32\\RPCRT4.dll+47271|C:\\Windows\\System32\\RPCRT4.dll+46cde|C:\\Windows\\System32\\RPCRT4.dll+4b3b2|C:\\Windows\\SYSTEM32\\ntdll.dll+20330|C:\\Windows\\SYSTEM32\\ntdll.dll+52f76|C:\\Windows\\System32\\KERNEL32.DLL+17034|C:\\Windows\\SYSTEM32\\ntdll.dll+526a1",
                "TargetProcessId": "668",
                "UtcTime": "2022-10-05 19:41:02.769",
                "SourceProcessId": "772",
                "SourceUser": "NT AUTHORITY\\SYSTEM",
                "RuleName": "-",
                "TargetImage": "C:\\Windows\\system32\\lsass.exe",
                "SourceImage": "C:\\Windows\\system32\\svchost.exe",
                "TargetUser": "NT AUTHORITY\\SYSTEM"
            },
            "task": "Process accessed (rule: ProcessAccess)"
        }
    },
    "202": {
        "@timestamp": "2022-10-05T19:41:03.084Z",
        "host": {
            "ip": [
                "fe80::6905:afe2:50a1:b290",
                "172.30.115.35"
            ],
            "name": "cc64faae-bf24-454e-84e2-d13617cacb46"
        },
        "winlog": {
            "task": "Process accessed (rule: ProcessAccess)",
            "event_data": {
                "SourceUser": "NT AUTHORITY\\SYSTEM",
                "SourceImage": "C:\\Windows\\system32\\svchost.exe",
                "SourceThreadId": "3816",
                "CallTrace": "C:\\Windows\\SYSTEM32\\ntdll.dll+9d644|C:\\Windows\\System32\\KERNELBASE.dll+32ea6|c:\\windows\\system32\\lsm.dll+e558|c:\\windows\\system32\\lsm.dll+11678|C:\\Windows\\System32\\RPCRT4.dll+796e3|C:\\Windows\\System32\\RPCRT4.dll+dd77b|C:\\Windows\\System32\\RPCRT4.dll+5d11c|C:\\Windows\\System32\\RPCRT4.dll+5a278|C:\\Windows\\System32\\RPCRT4.dll+3a416|C:\\Windows\\System32\\RPCRT4.dll+39d68|C:\\Windows\\System32\\RPCRT4.dll+4887f|C:\\Windows\\System32\\RPCRT4.dll+47c88|C:\\Windows\\System32\\RPCRT4.dll+47271|C:\\Windows\\System32\\RPCRT4.dll+46cde|C:\\Windows\\System32\\RPCRT4.dll+4b3b2|C:\\Windows\\SYSTEM32\\ntdll.dll+20330|C:\\Windows\\SYSTEM32\\ntdll.dll+52f76|C:\\Windows\\System32\\KERNEL32.DLL+17034|C:\\Windows\\SYSTEM32\\ntdll.dll+526a1",
                "TargetProcessId": "668",
                "TargetUser": "NT AUTHORITY\\SYSTEM",
                "RuleName": "-",
                "SourceProcessId": "772",
                "TargetProcessGUID": "{6c5fe7fc-eb2a-633b-0800-000000000300}",
                "TargetImage": "C:\\Windows\\system32\\lsass.exe",
                "UtcTime": "2022-10-05 19:41:03.081",
                "SourceProcessGUID": "{6c5fe7fc-eb2c-633b-0900-000000000300}",
                "GrantedAccess": "0x1000"
            },
            "computer_name": "cc64faae-bf24-454e-84e2-d13617cacb46",
            "provider_guid": "{5770385f-c22a-43e0-bf4c-06f5698ffbd9}",
            "provider_name": "Microsoft-Windows-Sysmon"
        }
    },
    "203": {
        "@timestamp": "2022-10-05T19:41:03.084Z",
        "host": {
            "name": "cc64faae-bf24-454e-84e2-d13617cacb46",
            "ip": [
                "fe80::6905:afe2:50a1:b290",
                "172.30.115.35"
            ]
        },
        "winlog": {
            "computer_name": "cc64faae-bf24-454e-84e2-d13617cacb46",
            "provider_guid": "{5770385f-c22a-43e0-bf4c-06f5698ffbd9}",
            "event_data": {
                "TargetImage": "C:\\Windows\\system32\\lsass.exe",
                "CallTrace": "C:\\Windows\\SYSTEM32\\ntdll.dll+9d644|C:\\Windows\\System32\\KERNELBASE.dll+32ea6|c:\\windows\\system32\\lsm.dll+e558|c:\\windows\\system32\\lsm.dll+d9cb|c:\\windows\\system32\\lsm.dll+1177e|C:\\Windows\\System32\\RPCRT4.dll+796e3|C:\\Windows\\System32\\RPCRT4.dll+dd77b|C:\\Windows\\System32\\RPCRT4.dll+5d11c|C:\\Windows\\System32\\RPCRT4.dll+5a278|C:\\Windows\\System32\\RPCRT4.dll+3a416|C:\\Windows\\System32\\RPCRT4.dll+39d68|C:\\Windows\\System32\\RPCRT4.dll+4887f|C:\\Windows\\System32\\RPCRT4.dll+47c88|C:\\Windows\\System32\\RPCRT4.dll+47271|C:\\Windows\\System32\\RPCRT4.dll+46cde|C:\\Windows\\System32\\RPCRT4.dll+4b3b2|C:\\Windows\\SYSTEM32\\ntdll.dll+20330|C:\\Windows\\SYSTEM32\\ntdll.dll+52f76|C:\\Windows\\System32\\KERNEL32.DLL+17034|C:\\Windows\\SYSTEM32\\ntdll.dll+526a1",
                "SourceProcessGUID": "{6c5fe7fc-eb2c-633b-0900-000000000300}",
                "SourceThreadId": "3816",
                "GrantedAccess": "0x1000",
                "SourceProcessId": "772",
                "TargetUser": "NT AUTHORITY\\SYSTEM",
                "RuleName": "-",
                "SourceImage": "C:\\Windows\\system32\\svchost.exe",
                "TargetProcessGUID": "{6c5fe7fc-eb2a-633b-0800-000000000300}",
                "TargetProcessId": "668",
                "SourceUser": "NT AUTHORITY\\SYSTEM",
                "UtcTime": "2022-10-05 19:41:03.081"
            },
            "task": "Process accessed (rule: ProcessAccess)",
            "provider_name": "Microsoft-Windows-Sysmon"
        }
    },
    "204": {
        "@timestamp": "2022-10-05T19:41:03.090Z",
        "host": {
            "name": "cc64faae-bf24-454e-84e2-d13617cacb46",
            "ip": [
                "fe80::6905:afe2:50a1:b290",
                "172.30.115.35"
            ]
        },
        "winlog": {
            "event_data": {
                "LogonId": "0x3e7",
                "Hashes": "MD5=B7F884C1B74A263F746EE12A5F7C9F6A",
                "Image": "C:\\Windows\\System32\\svchost.exe",
                "CurrentDirectory": "C:\\Windows\\system32\\",
                "IntegrityLevel": "System",
                "RuleName": "-",
                "ParentProcessId": "640",
                "User": "NT AUTHORITY\\SYSTEM",
                "Product": "Microsoft\u00c2\u00ae Windows\u00c2\u00ae Operating System",
                "ProcessGuid": "{6c5fe7fc-ddcf-633d-2701-000000000300}",
                "Company": "Microsoft Corporation",
                "OriginalFileName": "svchost.exe",
                "Description": "Host Process for Windows Services",
                "ParentImage": "-",
                "UtcTime": "2022-10-05 19:41:03.088",
                "ProcessId": "5720",
                "TerminalSessionId": "0",
                "ParentUser": "-",
                "ParentProcessGuid": "{00000000-0000-0000-0000-000000000000}",
                "FileVersion": "10.0.19041.1806 (WinBuild.160101.0800)",
                "ParentCommandLine": "-",
                "LogonGuid": "{6c5fe7fc-eb2b-633b-e703-000000000000}",
                "CommandLine": "C:\\Windows\\system32\\svchost.exe -k wsappx -p"
            },
            "task": "Process Create (rule: ProcessCreate)",
            "computer_name": "cc64faae-bf24-454e-84e2-d13617cacb46",
            "provider_name": "Microsoft-Windows-Sysmon",
            "provider_guid": "{5770385f-c22a-43e0-bf4c-06f5698ffbd9}"
        }
    },
    "205": {
        "@timestamp": "2022-10-05T19:41:03.162Z",
        "host": {
            "ip": [
                "fe80::6905:afe2:50a1:b290",
                "172.30.115.35"
            ],
            "name": "cc64faae-bf24-454e-84e2-d13617cacb46"
        },
        "winlog": {
            "provider_name": "Microsoft-Windows-Sysmon",
            "provider_guid": "{5770385f-c22a-43e0-bf4c-06f5698ffbd9}",
            "event_data": {
                "Product": "Microsoft\u00c2\u00ae Windows\u00c2\u00ae Operating System",
                "ParentUser": "NT AUTHORITY\\SYSTEM",
                "ProcessGuid": "{6c5fe7fc-ddcf-633d-2801-000000000300}",
                "User": "CC64FAAE-BF24-4\\WDAGUtilityAccount",
                "ParentProcessId": "772",
                "FileVersion": "10.0.19041.546 (WinBuild.160101.0800)",
                "ParentImage": "C:\\Windows\\System32\\svchost.exe",
                "ProcessId": "1508",
                "CommandLine": "\"C:\\Windows\\system32\\backgroundTaskHost.exe\" -ServerName:App.AppXmtcan0h2tfbfy7k9kn8hbxb6dmzz1zh0.mca",
                "LogonGuid": "{6c5fe7fc-d975-633d-4248-040000000000}",
                "Image": "C:\\Windows\\System32\\backgroundTaskHost.exe",
                "ParentProcessGuid": "{6c5fe7fc-eb2c-633b-0900-000000000300}",
                "OriginalFileName": "backgroundTaskHost.exe",
                "LogonId": "0x44842",
                "TerminalSessionId": "1",
                "IntegrityLevel": "AppContainer",
                "ParentCommandLine": "C:\\Windows\\system32\\svchost.exe -k DcomLaunch -p",
                "RuleName": "-",
                "Company": "Microsoft Corporation",
                "Description": "Background Task Host",
                "Hashes": "MD5=DA7063B17DBB8BBB3015351016868006",
                "UtcTime": "2022-10-05 19:41:03.161",
                "CurrentDirectory": "C:\\Windows\\SystemApps\\Microsoft.Windows.ContentDeliveryManager_cw5n1h2txyewy\\"
            },
            "computer_name": "cc64faae-bf24-454e-84e2-d13617cacb46",
            "task": "Process Create (rule: ProcessCreate)"
        }
    },
    "206": {
        "@timestamp": "2022-10-05T19:41:03.233Z",
        "host": {
            "name": "cc64faae-bf24-454e-84e2-d13617cacb46",
            "ip": [
                "fe80::6905:afe2:50a1:b290",
                "172.30.115.35"
            ]
        },
        "winlog": {
            "provider_guid": "{5770385f-c22a-43e0-bf4c-06f5698ffbd9}",
            "provider_name": "Microsoft-Windows-Sysmon",
            "event_data": {
                "ProcessId": "5656",
                "Company": "Microsoft Corporation",
                "CommandLine": "C:\\Windows\\System32\\SystemSettingsBroker.exe -Embedding",
                "Description": "System Settings Broker",
                "User": "CC64FAAE-BF24-4\\WDAGUtilityAccount",
                "LogonGuid": "{6c5fe7fc-d975-633d-4248-040000000000}",
                "TerminalSessionId": "1",
                "ParentImage": "C:\\Windows\\System32\\svchost.exe",
                "ParentProcessGuid": "{6c5fe7fc-eb2c-633b-0900-000000000300}",
                "ProcessGuid": "{6c5fe7fc-ddcf-633d-2901-000000000300}",
                "IntegrityLevel": "High",
                "FileVersion": "10.0.19041.746 (WinBuild.160101.0800)",
                "Product": "Microsoft\u00c2\u00ae Windows\u00c2\u00ae Operating System",
                "RuleName": "-",
                "UtcTime": "2022-10-05 19:41:03.212",
                "Hashes": "MD5=C0D134B5F3F4541B92342D62F2CA4DC9",
                "ParentProcessId": "772",
                "ParentCommandLine": "C:\\Windows\\system32\\svchost.exe -k DcomLaunch -p",
                "ParentUser": "NT AUTHORITY\\SYSTEM",
                "Image": "C:\\Windows\\System32\\SystemSettingsBroker.exe",
                "CurrentDirectory": "C:\\Windows\\system32\\",
                "OriginalFileName": "SystemSettingsBroker.exe",
                "LogonId": "0x44842"
            },
            "task": "Process Create (rule: ProcessCreate)",
            "computer_name": "cc64faae-bf24-454e-84e2-d13617cacb46"
        }
    },
    "207": {
        "@timestamp": "2022-10-05T19:41:03.518Z",
        "winlog": {
            "task": "RawAccessRead detected (rule: RawAccessRead)",
            "event_data": {
                "User": "CC64FAAE-BF24-4\\WDAGUtilityAccount",
                "RuleName": "-",
                "UtcTime": "2022-10-05 19:41:03.503",
                "ProcessGuid": "{6c5fe7fc-d979-633d-4a00-000000000300}",
                "ProcessId": "3608",
                "Image": "C:\\Windows\\System32\\svchost.exe",
                "Device": "\\Device\\Harddisk0\\DR0"
            },
            "provider_name": "Microsoft-Windows-Sysmon",
            "provider_guid": "{5770385f-c22a-43e0-bf4c-06f5698ffbd9}",
            "computer_name": "cc64faae-bf24-454e-84e2-d13617cacb46"
        },
        "host": {
            "ip": [
                "fe80::6905:afe2:50a1:b290",
                "172.30.115.35"
            ],
            "name": "cc64faae-bf24-454e-84e2-d13617cacb46"
        }
    },
    "208": {
        "@timestamp": "2022-10-05T19:41:05.192Z",
        "winlog": {
            "event_data": {
                "IntegrityLevel": "High",
                "ParentCommandLine": "C:\\Windows\\system32\\svchost.exe -k DcomLaunch -p",
                "ProcessId": "5832",
                "CommandLine": "C:\\Windows\\system32\\OpenWith.exe -Embedding",
                "ParentImage": "C:\\Windows\\System32\\svchost.exe",
                "UtcTime": "2022-10-05 19:41:05.191",
                "Description": "Pick an app",
                "User": "CC64FAAE-BF24-4\\WDAGUtilityAccount",
                "ParentProcessId": "772",
                "ParentUser": "NT AUTHORITY\\SYSTEM",
                "RuleName": "-",
                "Product": "Microsoft\u00c2\u00ae Windows\u00c2\u00ae Operating System",
                "Company": "Microsoft Corporation",
                "Image": "C:\\Windows\\System32\\OpenWith.exe",
                "OriginalFileName": "OpenWith.exe",
                "TerminalSessionId": "1",
                "ParentProcessGuid": "{6c5fe7fc-eb2c-633b-0900-000000000300}",
                "FileVersion": "10.0.19041.746 (WinBuild.160101.0800)",
                "LogonGuid": "{6c5fe7fc-d975-633d-4248-040000000000}",
                "Hashes": "MD5=E4A834784FA08C17D47A1E72429C5109",
                "LogonId": "0x44842",
                "ProcessGuid": "{6c5fe7fc-ddd1-633d-2a01-000000000300}",
                "CurrentDirectory": "C:\\Windows\\system32\\"
            },
            "task": "Process Create (rule: ProcessCreate)",
            "provider_guid": "{5770385f-c22a-43e0-bf4c-06f5698ffbd9}",
            "provider_name": "Microsoft-Windows-Sysmon",
            "computer_name": "cc64faae-bf24-454e-84e2-d13617cacb46"
        },
        "host": {
            "name": "cc64faae-bf24-454e-84e2-d13617cacb46",
            "ip": [
                "fe80::6905:afe2:50a1:b290",
                "172.30.115.35"
            ]
        }
    },
    "209": {
        "@timestamp": "2022-10-05T19:41:05.395Z",
        "host": {
            "name": "cc64faae-bf24-454e-84e2-d13617cacb46",
            "ip": [
                "fe80::6905:afe2:50a1:b290",
                "172.30.115.35"
            ]
        },
        "winlog": {
            "event_data": {
                "ProcessId": "3860",
                "Image": "C:\\Windows\\Explorer.EXE",
                "TargetFilename": "C:\\Users\\WDAGUtilityAccount\\AppData\\Roaming\\Microsoft\\Windows\\Recent\\mimikatz_trunk.lnk",
                "CreationUtcTime": "2022-10-05 19:41:05.394",
                "User": "CC64FAAE-BF24-4\\WDAGUtilityAccount",
                "RuleName": "-",
                "UtcTime": "2022-10-05 19:41:05.394",
                "ProcessGuid": "{6c5fe7fc-d97a-633d-5000-000000000300}"
            },
            "provider_guid": "{5770385f-c22a-43e0-bf4c-06f5698ffbd9}",
            "task": "File created (rule: FileCreate)",
            "computer_name": "cc64faae-bf24-454e-84e2-d13617cacb46",
            "provider_name": "Microsoft-Windows-Sysmon"
        }
    },
    "210": {
        "@timestamp": "2022-10-07T10:00:03.731Z",
        "host": {
            "name": "Elmo",
            "ip": [
                "fe80::7cd2:efa8:dba2:6fc0",
                "169.254.111.192",
                "fe80::e431:7896:8d85:5aa",
                "172.21.208.1",
                "fe80::48ae:546b:7a20:7f52",
                "172.30.112.1",
                "fe80::bc21:1b56:1d1:4b9f",
                "169.254.75.159",
                "fe80::4807:9ca5:cd67:6ac6",
                "169.254.106.198",
                "fe80::e097:4ef1:6314:5a55",
                "169.254.90.85",
                "fe80::d55:b4a9:26a4:7406",
                "192.168.1.102",
                "fe80::211f:b772:c6da:bfb3",
                "172.27.16.1",
                "fe80::f90c:d738:c01c:abc6",
                "172.28.192.1"
            ]
        },
        "winlog": {
            "provider_name": "Microsoft-Windows-Sysmon",
            "computer_name": "Elmo",
            "event_data": {
                "ParentProcessId": "22388",
                "ProcessId": "22512",
                "Image": "C:\\Windows\\System32\\cmd.exe",
                "ParentProcessGuid": "{dd01dab0-f517-633f-4847-010000004600}",
                "ParentUser": "ELMO\\mrdor",
                "TerminalSessionId": "4",
                "ParentImage": "C:\\Users\\mrdor\\AppData\\Local\\Programs\\Python\\Python39\\python.exe",
                "RuleName": "-",
                "Description": "Windows Command Processor",
                "Company": "Microsoft Corporation",
                "LogonId": "0x262837e6",
                "ProcessGuid": "{dd01dab0-f8a3-633f-5951-010000004600}",
                "CurrentDirectory": "C:\\Users\\mrdor\\PycharmProjects\\Hunterbee\\client\\wireshark\\",
                "LogonGuid": "{dd01dab0-b9ee-633f-e637-282600000000}",
                "OriginalFileName": "Cmd.Exe",
                "User": "ELMO\\mrdor",
                "IntegrityLevel": "High",
                "UtcTime": "2022-10-07 10:00:03.728",
                "Product": "Microsoft\u00c2\u00ae Windows\u00c2\u00ae Operating System",
                "FileVersion": "10.0.19041.746 (WinBuild.160101.0800)",
                "CommandLine": "C:\\Windows\\system32\\cmd.exe /c \"tshark -r C:/Users/mrdor/PycharmProjects/Hunterbee/client/tempfiles/Logs/Wireshark/wireshark-logs-162.pcap -T json > C:/Users/mrdor/PycharmProjects/Hunterbee/client/tempfiles/Logs/Wireshark/wireshark-logs-162.json\"",
                "Hashes": "MD5=8A2122E8162DBEF04694B9C3E0B6CDEE",
                "ParentCommandLine": "C:\\Users\\mrdor\\AppData\\Local\\Programs\\Python\\Python39\\python.exe C:/Users/mrdor/PycharmProjects/Hunterbee/client/wireshark/wireshark_interface.py"
            },
            "provider_guid": "{5770385f-c22a-43e0-bf4c-06f5698ffbd9}",
            "task": "Process Create (rule: ProcessCreate)"
        }
    },
    "211": {
        "@timestamp": "2022-10-07T10:00:03.740Z",
        "host": {
            "name": "Elmo",
            "ip": [
                "fe80::7cd2:efa8:dba2:6fc0",
                "169.254.111.192",
                "fe80::e431:7896:8d85:5aa",
                "172.21.208.1",
                "fe80::48ae:546b:7a20:7f52",
                "172.30.112.1",
                "fe80::bc21:1b56:1d1:4b9f",
                "169.254.75.159",
                "fe80::4807:9ca5:cd67:6ac6",
                "169.254.106.198",
                "fe80::e097:4ef1:6314:5a55",
                "169.254.90.85",
                "fe80::d55:b4a9:26a4:7406",
                "192.168.1.102",
                "fe80::211f:b772:c6da:bfb3",
                "172.27.16.1",
                "fe80::f90c:d738:c01c:abc6",
                "172.28.192.1"
            ]
        },
        "winlog": {
            "provider_name": "Microsoft-Windows-Sysmon",
            "task": "Process Create (rule: ProcessCreate)",
            "computer_name": "Elmo",
            "provider_guid": "{5770385f-c22a-43e0-bf4c-06f5698ffbd9}",
            "event_data": {
                "Image": "C:\\Program Files\\Wireshark\\tshark.exe",
                "ParentUser": "ELMO\\mrdor",
                "Company": "The Wireshark developer community",
                "UtcTime": "2022-10-07 10:00:03.739",
                "RuleName": "-",
                "Product": "TShark",
                "TerminalSessionId": "4",
                "ParentProcessGuid": "{dd01dab0-f8a3-633f-5951-010000004600}",
                "ParentImage": "C:\\Windows\\System32\\cmd.exe",
                "LogonId": "0x262837e6",
                "Hashes": "MD5=2C7476F44C33FE4FE26600AE7AE3900D",
                "ParentCommandLine": "C:\\Windows\\system32\\cmd.exe /c \"tshark -r C:/Users/mrdor/PycharmProjects/Hunterbee/client/tempfiles/Logs/Wireshark/wireshark-logs-162.pcap -T json > C:/Users/mrdor/PycharmProjects/Hunterbee/client/tempfiles/Logs/Wireshark/wireshark-logs-162.json\"",
                "Description": "TShark",
                "ProcessGuid": "{dd01dab0-f8a3-633f-5a51-010000004600}",
                "LogonGuid": "{dd01dab0-b9ee-633f-e637-282600000000}",
                "OriginalFileName": "TShark.exe",
                "ProcessId": "18904",
                "CommandLine": "tshark  -r C:/Users/mrdor/PycharmProjects/Hunterbee/client/tempfiles/Logs/Wireshark/wireshark-logs-162.pcap -T json ",
                "ParentProcessId": "22512",
                "FileVersion": "3.6.2",
                "CurrentDirectory": "C:\\Users\\mrdor\\PycharmProjects\\Hunterbee\\client\\wireshark\\",
                "User": "ELMO\\mrdor",
                "IntegrityLevel": "High"
            }
        }
    },
    "212": {
        "@timestamp": "2022-10-07T10:00:04.115Z",
        "winlog": {
            "event_data": {
                "LogonId": "0x262837e6",
                "OriginalFileName": "TShark.exe",
                "LogonGuid": "{dd01dab0-b9ee-633f-e637-282600000000}",
                "RuleName": "-",
                "UtcTime": "2022-10-07 10:00:04.113",
                "ProcessGuid": "{dd01dab0-f8a4-633f-5b51-010000004600}",
                "FileVersion": "3.6.2",
                "ParentUser": "ELMO\\mrdor",
                "ParentImage": "C:\\Users\\mrdor\\AppData\\Local\\Programs\\Python\\Python39\\python.exe",
                "Hashes": "MD5=2C7476F44C33FE4FE26600AE7AE3900D",
                "ParentProcessId": "22388",
                "CommandLine": "\"C:/Program Files/Wireshark/tshark.exe\" -D",
                "User": "ELMO\\mrdor",
                "ParentProcessGuid": "{dd01dab0-f517-633f-4847-010000004600}",
                "Company": "The Wireshark developer community",
                "ProcessId": "19316",
                "Product": "TShark",
                "Image": "C:\\Program Files\\Wireshark\\tshark.exe",
                "Description": "TShark",
                "CurrentDirectory": "C:\\Users\\mrdor\\PycharmProjects\\Hunterbee\\client\\wireshark\\",
                "ParentCommandLine": "C:\\Users\\mrdor\\AppData\\Local\\Programs\\Python\\Python39\\python.exe C:/Users/mrdor/PycharmProjects/Hunterbee/client/wireshark/wireshark_interface.py",
                "TerminalSessionId": "4",
                "IntegrityLevel": "High"
            },
            "computer_name": "Elmo",
            "provider_guid": "{5770385f-c22a-43e0-bf4c-06f5698ffbd9}",
            "task": "Process Create (rule: ProcessCreate)",
            "provider_name": "Microsoft-Windows-Sysmon"
        },
        "host": {
            "name": "Elmo",
            "ip": [
                "fe80::7cd2:efa8:dba2:6fc0",
                "169.254.111.192",
                "fe80::e431:7896:8d85:5aa",
                "172.21.208.1",
                "fe80::48ae:546b:7a20:7f52",
                "172.30.112.1",
                "fe80::bc21:1b56:1d1:4b9f",
                "169.254.75.159",
                "fe80::4807:9ca5:cd67:6ac6",
                "169.254.106.198",
                "fe80::e097:4ef1:6314:5a55",
                "169.254.90.85",
                "fe80::d55:b4a9:26a4:7406",
                "192.168.1.102",
                "fe80::211f:b772:c6da:bfb3",
                "172.27.16.1",
                "fe80::f90c:d738:c01c:abc6",
                "172.28.192.1"
            ]
        }
    },
    "213": {
        "@timestamp": "2022-10-07T10:00:04.375Z",
        "host": {
            "name": "Elmo",
            "ip": [
                "fe80::7cd2:efa8:dba2:6fc0",
                "169.254.111.192",
                "fe80::e431:7896:8d85:5aa",
                "172.21.208.1",
                "fe80::48ae:546b:7a20:7f52",
                "172.30.112.1",
                "fe80::bc21:1b56:1d1:4b9f",
                "169.254.75.159",
                "fe80::4807:9ca5:cd67:6ac6",
                "169.254.106.198",
                "fe80::e097:4ef1:6314:5a55",
                "169.254.90.85",
                "fe80::d55:b4a9:26a4:7406",
                "192.168.1.102",
                "fe80::211f:b772:c6da:bfb3",
                "172.27.16.1",
                "fe80::f90c:d738:c01c:abc6",
                "172.28.192.1"
            ]
        },
        "winlog": {
            "task": "Process Create (rule: ProcessCreate)",
            "computer_name": "Elmo",
            "provider_name": "Microsoft-Windows-Sysmon",
            "provider_guid": "{5770385f-c22a-43e0-bf4c-06f5698ffbd9}",
            "event_data": {
                "IntegrityLevel": "High",
                "ParentProcessId": "19316",
                "RuleName": "-",
                "Description": "Dumpcap",
                "ProcessGuid": "{dd01dab0-f8a4-633f-5c51-010000004600}",
                "LogonGuid": "{dd01dab0-b9ee-633f-e637-282600000000}",
                "ParentProcessGuid": "{dd01dab0-f8a4-633f-5b51-010000004600}",
                "ParentUser": "ELMO\\mrdor",
                "CurrentDirectory": "C:\\Users\\mrdor\\PycharmProjects\\Hunterbee\\client\\wireshark\\",
                "User": "ELMO\\mrdor",
                "TerminalSessionId": "4",
                "Product": "Dumpcap",
                "CommandLine": "\"C:\\Program Files\\Wireshark\\dumpcap.exe\" -D -Z none",
                "ParentCommandLine": "\"C:/Program Files/Wireshark/tshark.exe\" -D",
                "UtcTime": "2022-10-07 10:00:04.373",
                "Image": "C:\\Program Files\\Wireshark\\dumpcap.exe",
                "LogonId": "0x262837e6",
                "ParentImage": "C:\\Program Files\\Wireshark\\tshark.exe",
                "Hashes": "MD5=A85C48F3129B10CF5593FBF3B02836FF",
                "FileVersion": "3.6.2",
                "Company": "The Wireshark developer community",
                "ProcessId": "11488",
                "OriginalFileName": "Dumpcap.exe"
            }
        }
    },
    "214": {
        "@timestamp": "2022-10-07T10:00:04.762Z",
        "host": {
            "name": "Elmo",
            "ip": [
                "fe80::7cd2:efa8:dba2:6fc0",
                "169.254.111.192",
                "fe80::e431:7896:8d85:5aa",
                "172.21.208.1",
                "fe80::48ae:546b:7a20:7f52",
                "172.30.112.1",
                "fe80::bc21:1b56:1d1:4b9f",
                "169.254.75.159",
                "fe80::4807:9ca5:cd67:6ac6",
                "169.254.106.198",
                "fe80::e097:4ef1:6314:5a55",
                "169.254.90.85",
                "fe80::d55:b4a9:26a4:7406",
                "192.168.1.102",
                "fe80::211f:b772:c6da:bfb3",
                "172.27.16.1",
                "fe80::f90c:d738:c01c:abc6",
                "172.28.192.1"
            ]
        },
        "winlog": {
            "computer_name": "Elmo",
            "task": "Process Create (rule: ProcessCreate)",
            "event_data": {
