                "ProcessGuid": "{dd01dab0-f7dc-633f-2d4c-010000004600}",
                "ProcessId": "2544",
                "RuleName": "-",
                "UtcTime": "2022-10-07 09:56:44.007",
                "ParentUser": "ELMO\\mrdor",
                "LogonId": "0x262837e6",
                "LogonGuid": "{dd01dab0-b9ee-633f-e637-282600000000}",
                "TerminalSessionId": "4",
                "CommandLine": "\"C:\\Program Files\\Wireshark\\dumpcap.exe\" -D -Z none",
                "CurrentDirectory": "C:\\Users\\mrdor\\PycharmProjects\\Hunterbee\\client\\wireshark\\",
                "User": "ELMO\\mrdor",
                "ParentProcessGuid": "{dd01dab0-f7db-633f-2c4c-010000004600}",
                "Image": "C:\\Program Files\\Wireshark\\dumpcap.exe",
                "ParentProcessId": "2760",
                "ParentImage": "C:\\Program Files\\Wireshark\\tshark.exe",
                "Description": "Dumpcap",
                "Company": "The Wireshark developer community",
                "FileVersion": "3.6.2",
                "OriginalFileName": "Dumpcap.exe",
                "ParentCommandLine": "\"C:/Program Files/Wireshark/tshark.exe\" -D",
                "Product": "Dumpcap"
            },
            "provider_name": "Microsoft-Windows-Sysmon",
            "task": "Process Create (rule: ProcessCreate)",
            "computer_name": "Elmo"
        }
    },
    "245": {
        "@timestamp": "2022-10-07T09:56:44.157Z",
        "host": {
            "ip": [
                "fe80::7cd2:efa8:dba2:6fc0",
                "169.254.111.192",
                "fe80::e431:7896:8d85:5aa",
                "172.21.208.1",
                "fe80::48ae:546b:7a20:7f52",
                "172.30.112.1",
                "fe80::bc21:1b56:1d1:4b9f",
                "169.254.75.159",
                "fe80::4807:9ca5:cd67:6ac6",
                "169.254.106.198",
                "fe80::e097:4ef1:6314:5a55",
                "169.254.90.85",
                "fe80::d55:b4a9:26a4:7406",
                "192.168.1.102",
                "fe80::211f:b772:c6da:bfb3",
                "172.27.16.1",
                "fe80::f90c:d738:c01c:abc6",
                "172.28.192.1"
            ],
            "name": "Elmo"
        },
        "winlog": {
            "provider_guid": "{5770385f-c22a-43e0-bf4c-06f5698ffbd9}",
            "task": "Process Create (rule: ProcessCreate)",
            "computer_name": "Elmo",
            "event_data": {
                "LogonId": "0x262837e6",
                "Product": "TShark",
                "TerminalSessionId": "4",
                "ParentImage": "C:\\Users\\mrdor\\AppData\\Local\\Programs\\Python\\Python39\\python.exe",
                "Image": "C:\\Program Files\\Wireshark\\tshark.exe",
                "Description": "TShark",
                "CurrentDirectory": "C:\\Users\\mrdor\\PycharmProjects\\Hunterbee\\client\\wireshark\\",
                "IntegrityLevel": "High",
                "ProcessGuid": "{dd01dab0-f7dc-633f-2f4c-010000004600}",
                "CommandLine": "\"C:/Program Files/Wireshark/tshark.exe\" -v",
                "RuleName": "-",
                "ProcessId": "11900",
                "OriginalFileName": "TShark.exe",
                "LogonGuid": "{dd01dab0-b9ee-633f-e637-282600000000}",
                "ParentUser": "ELMO\\mrdor",
                "UtcTime": "2022-10-07 09:56:44.155",
                "User": "ELMO\\mrdor",
                "Hashes": "MD5=2C7476F44C33FE4FE26600AE7AE3900D",
                "ParentProcessGuid": "{dd01dab0-f517-633f-4847-010000004600}",
                "FileVersion": "3.6.2",
                "ParentCommandLine": "C:\\Users\\mrdor\\AppData\\Local\\Programs\\Python\\Python39\\python.exe C:/Users/mrdor/PycharmProjects/Hunterbee/client/wireshark/wireshark_interface.py",
                "Company": "The Wireshark developer community",
                "ParentProcessId": "22388"
            },
            "provider_name": "Microsoft-Windows-Sysmon"
        }
    },
    "246": {
        "@timestamp": "2022-10-07T09:56:44.474Z",
        "host": {
            "ip": [
                "fe80::7cd2:efa8:dba2:6fc0",
                "169.254.111.192",
                "fe80::e431:7896:8d85:5aa",
                "172.21.208.1",
                "fe80::48ae:546b:7a20:7f52",
                "172.30.112.1",
                "fe80::bc21:1b56:1d1:4b9f",
                "169.254.75.159",
                "fe80::4807:9ca5:cd67:6ac6",
                "169.254.106.198",
                "fe80::e097:4ef1:6314:5a55",
                "169.254.90.85",
                "fe80::d55:b4a9:26a4:7406",
                "192.168.1.102",
                "fe80::211f:b772:c6da:bfb3",
                "172.27.16.1",
                "fe80::f90c:d738:c01c:abc6",
                "172.28.192.1"
            ],
            "name": "Elmo"
        },
        "winlog": {
            "computer_name": "Elmo",
            "task": "Process Create (rule: ProcessCreate)",
            "provider_name": "Microsoft-Windows-Sysmon",
            "event_data": {
                "Product": "Dumpcap",
                "Company": "The Wireshark developer community",
                "UtcTime": "2022-10-07 09:56:44.469",
                "CurrentDirectory": "C:\\Users\\mrdor\\PycharmProjects\\Hunterbee\\client\\wireshark\\",
                "ProcessId": "8764",
                "Description": "Dumpcap",
                "FileVersion": "3.6.2",
                "LogonGuid": "{dd01dab0-b9ee-633f-e637-282600000000}",
                "TerminalSessionId": "4",
                "ParentProcessGuid": "{dd01dab0-f517-633f-4847-010000004600}",
                "OriginalFileName": "Dumpcap.exe",
                "CommandLine": "\"C:/Program Files/Wireshark/dumpcap.exe\" -q -i Wi-Fi -w -",
                "ParentProcessId": "22388",
                "ParentUser": "ELMO\\mrdor",
                "User": "ELMO\\mrdor",
                "Hashes": "MD5=A85C48F3129B10CF5593FBF3B02836FF",
                "ParentImage": "C:\\Users\\mrdor\\AppData\\Local\\Programs\\Python\\Python39\\python.exe",
                "LogonId": "0x262837e6",
                "ParentCommandLine": "C:\\Users\\mrdor\\AppData\\Local\\Programs\\Python\\Python39\\python.exe C:/Users/mrdor/PycharmProjects/Hunterbee/client/wireshark/wireshark_interface.py",
                "RuleName": "-",
                "Image": "C:\\Program Files\\Wireshark\\dumpcap.exe",
                "IntegrityLevel": "High",
                "ProcessGuid": "{dd01dab0-f7dc-633f-304c-010000004600}"
            },
            "provider_guid": "{5770385f-c22a-43e0-bf4c-06f5698ffbd9}"
        }
    },
    "247": {
        "@timestamp": "2022-10-07T09:56:44.479Z",
        "host": {
            "name": "Elmo",
            "ip": [
                "fe80::7cd2:efa8:dba2:6fc0",
                "169.254.111.192",
                "fe80::e431:7896:8d85:5aa",
                "172.21.208.1",
                "fe80::48ae:546b:7a20:7f52",
                "172.30.112.1",
                "fe80::bc21:1b56:1d1:4b9f",
                "169.254.75.159",
                "fe80::4807:9ca5:cd67:6ac6",
                "169.254.106.198",
                "fe80::e097:4ef1:6314:5a55",
                "169.254.90.85",
                "fe80::d55:b4a9:26a4:7406",
                "192.168.1.102",
                "fe80::211f:b772:c6da:bfb3",
                "172.27.16.1",
                "fe80::f90c:d738:c01c:abc6",
                "172.28.192.1"
            ]
        },
        "winlog": {
            "task": "Process Create (rule: ProcessCreate)",
            "computer_name": "Elmo",
            "event_data": {
                "RuleName": "-",
                "ProcessGuid": "{dd01dab0-f7dc-633f-314c-010000004600}",
                "Image": "C:\\Program Files\\Wireshark\\tshark.exe",
                "ParentProcessGuid": "{dd01dab0-f517-633f-4847-010000004600}",
                "ParentUser": "ELMO\\mrdor",
                "CurrentDirectory": "C:\\Users\\mrdor\\PycharmProjects\\Hunterbee\\client\\wireshark\\",
                "Product": "TShark",
                "User": "ELMO\\mrdor",
                "ParentImage": "C:\\Users\\mrdor\\AppData\\Local\\Programs\\Python\\Python39\\python.exe",
                "UtcTime": "2022-10-07 09:56:44.475",
                "ParentCommandLine": "C:\\Users\\mrdor\\AppData\\Local\\Programs\\Python\\Python39\\python.exe C:/Users/mrdor/PycharmProjects/Hunterbee/client/wireshark/wireshark_interface.py",
                "LogonId": "0x262837e6",
                "ParentProcessId": "22388",
                "CommandLine": "\"C:/Program Files/Wireshark/tshark.exe\" -D",
                "IntegrityLevel": "High",
                "Company": "The Wireshark developer community",
                "Description": "TShark",
                "ProcessId": "9628",
                "LogonGuid": "{dd01dab0-b9ee-633f-e637-282600000000}",
                "FileVersion": "3.6.2",
                "OriginalFileName": "TShark.exe",
                "TerminalSessionId": "4",
                "Hashes": "MD5=2C7476F44C33FE4FE26600AE7AE3900D"
            },
            "provider_name": "Microsoft-Windows-Sysmon",
            "provider_guid": "{5770385f-c22a-43e0-bf4c-06f5698ffbd9}"
        }
    },
    "248": {
        "@timestamp": "2022-10-07T09:56:44.793Z",
        "host": {
            "name": "Elmo",
            "ip": [
                "fe80::7cd2:efa8:dba2:6fc0",
                "169.254.111.192",
                "fe80::e431:7896:8d85:5aa",
                "172.21.208.1",
                "fe80::48ae:546b:7a20:7f52",
                "172.30.112.1",
                "fe80::bc21:1b56:1d1:4b9f",
                "169.254.75.159",
                "fe80::4807:9ca5:cd67:6ac6",
                "169.254.106.198",
                "fe80::e097:4ef1:6314:5a55",
                "169.254.90.85",
                "fe80::d55:b4a9:26a4:7406",
                "192.168.1.102",
                "fe80::211f:b772:c6da:bfb3",
                "172.27.16.1",
                "fe80::f90c:d738:c01c:abc6",
                "172.28.192.1"
            ]
        },
        "winlog": {
            "provider_name": "Microsoft-Windows-Sysmon",
            "provider_guid": "{5770385f-c22a-43e0-bf4c-06f5698ffbd9}",
            "computer_name": "Elmo",
            "event_data": {
                "Product": "Dumpcap",
                "OriginalFileName": "Dumpcap.exe",
                "CommandLine": "\"C:\\Program Files\\Wireshark\\dumpcap.exe\" -D -Z none",
                "LogonGuid": "{dd01dab0-b9ee-633f-e637-282600000000}",
                "ParentProcessId": "9628",
                "UtcTime": "2022-10-07 09:56:44.790",
                "Hashes": "MD5=A85C48F3129B10CF5593FBF3B02836FF",
                "ParentProcessGuid": "{dd01dab0-f7dc-633f-314c-010000004600}",
                "Description": "Dumpcap",
                "ProcessGuid": "{dd01dab0-f7dc-633f-324c-010000004600}",
                "ProcessId": "3936",
                "FileVersion": "3.6.2",
                "CurrentDirectory": "C:\\Users\\mrdor\\PycharmProjects\\Hunterbee\\client\\wireshark\\",
                "IntegrityLevel": "High",
                "Company": "The Wireshark developer community",
                "User": "ELMO\\mrdor",
                "RuleName": "-",
                "TerminalSessionId": "4",
                "ParentCommandLine": "\"C:/Program Files/Wireshark/tshark.exe\" -D",
                "Image": "C:\\Program Files\\Wireshark\\dumpcap.exe",
                "LogonId": "0x262837e6",
                "ParentImage": "C:\\Program Files\\Wireshark\\tshark.exe",
                "ParentUser": "ELMO\\mrdor"
            },
            "task": "Process Create (rule: ProcessCreate)"
        }
    },
    "249": {
        "@timestamp": "2022-10-07T09:56:44.891Z",
        "host": {
            "ip": [
                "fe80::7cd2:efa8:dba2:6fc0",
                "169.254.111.192",
                "fe80::e431:7896:8d85:5aa",
                "172.21.208.1",
                "fe80::48ae:546b:7a20:7f52",
                "172.30.112.1",
                "fe80::bc21:1b56:1d1:4b9f",
                "169.254.75.159",
                "fe80::4807:9ca5:cd67:6ac6",
                "169.254.106.198",
                "fe80::e097:4ef1:6314:5a55",
                "169.254.90.85",
                "fe80::d55:b4a9:26a4:7406",
                "192.168.1.102",
                "fe80::211f:b772:c6da:bfb3",
                "172.27.16.1",
                "fe80::f90c:d738:c01c:abc6",
                "172.28.192.1"
            ],
            "name": "Elmo"
        },
        "winlog": {
            "provider_guid": "{5770385f-c22a-43e0-bf4c-06f5698ffbd9}",
            "task": "Process Create (rule: ProcessCreate)",
            "computer_name": "Elmo",
            "provider_name": "Microsoft-Windows-Sysmon",
            "event_data": {
                "IntegrityLevel": "High",
                "LogonGuid": "{dd01dab0-b9ee-633f-e637-282600000000}",
                "CommandLine": "\"C:\\Program Files\\JetBrains\\PyCharm 2021.3\\bin\\runnerw.exe\" \"C:\\Program Files\\Git\\cmd\\git.exe\" -c credential.helper= -c core.quotepath=false -c log.showSignature=false status --porcelain -z --untracked-files=no --ignored=no -- client/tempfiles/Logs/Sysmon/sysmon-logs-21.json client/tempfiles/Logs/Sysmon/sysmon-logs-22.json client/tempfiles/Logs/Sysmon/sysmon-logs-23.json client/tempfiles/Logs/Sysmon/sysmon-logs-24.json client/tempfiles/Logs/Sysmon/sysmon-logs-25.json client/tempfiles/Logs/Sysmon/winlogbeat-20221007-21.ndjson client/tempfiles/Logs/Sysmon/winlogbeat-20221007-22.ndjson client/tempfiles/Logs/Sysmon/winlogbeat-20221007-26.ndjson client/tempfiles/Logs/Sysmon/winlogbeat-20221007-27.ndjson client/tempfiles/Logs/Wireshark/wireshark-logs-62.pcap client/tempfiles/Logs/Wireshark/wireshark-logs-63.pcap client/tempfiles/Logs/Wireshark/wireshark-logs-64.json client/tempfiles/Logs/Wireshark/wireshark-logs-64.pcap client/tempfiles/Logs/Wireshark/wireshark-logs-65.json client/tempfiles/Logs/Wireshark/wireshark-logs-66.json client/tempfiles/Logs/Wireshark/wireshark-logs-67.json client/tempfiles/Logs/Wireshark/wireshark-logs-68.json client/tempfiles/Logs/Wireshark/wireshark-logs-69.json client/tempfiles/Logs/Wireshark/wireshark-logs-70.json client/tempfiles/Logs/Wireshark/wireshark-logs-71.json client/tempfiles/Logs/Wireshark/wireshark-logs-72.json client/tempfiles/Logs/Wireshark/wireshark-logs-73.json client/tempfiles/Logs/Wireshark/wireshark-logs-74.json client/tempfiles/Logs/Wireshark/wireshark-logs-75.json client/tempfiles/Logs/Wireshark/wireshark-logs-75.pcap client/tempfiles/Logs/Wireshark/wireshark-logs-76.json client/tempfiles/Logs/Wireshark/wireshark-logs-76.pcap",
                "OriginalFileName": "runnerw.exe",
                "ParentCommandLine": "\"C:\\Program Files\\JetBrains\\PyCharm 2021.3\\bin\\pycharm64.exe\" ",
                "FileVersion": "1.0.0.1",
                "TerminalSessionId": "4",
                "ProcessId": "12388",
                "User": "ELMO\\mrdor",
                "ParentImage": "C:\\Program Files\\JetBrains\\PyCharm 2021.3\\bin\\pycharm64.exe",
                "Description": "Command line runner",
                "Product": "IntelliJ Platform",
                "LogonId": "0x262837e6",
                "ParentUser": "ELMO\\mrdor",
                "RuleName": "-",
                "ParentProcessGuid": "{dd01dab0-e463-633f-c137-010000004600}",
                "UtcTime": "2022-10-07 09:56:44.886",
                "ProcessGuid": "{dd01dab0-f7dc-633f-344c-010000004600}",
                "ParentProcessId": "18532",
                "CurrentDirectory": "C:\\Users\\mrdor\\PycharmProjects\\Hunterbee\\",
                "Image": "C:\\Program Files\\JetBrains\\PyCharm 2021.3\\bin\\runnerw.exe",
                "Company": "JetBrains s.r.o.",
                "Hashes": "MD5=23E6EC0009C0C7081DB498A691B89E87"
            }
        }
    },
    "250": {
        "@timestamp": "2022-10-07T09:56:44.934Z",
        "winlog": {
            "task": "Process Create (rule: ProcessCreate)",
            "event_data": {
                "IntegrityLevel": "High",
                "RuleName": "-",
                "ProcessGuid": "{dd01dab0-f7dc-633f-364c-010000004600}",
                "ProcessId": "23012",
                "Product": "Git",
                "LogonId": "0x262837e6",
                "Description": "Git for Windows",
                "OriginalFileName": "git.exe",
                "CommandLine": "\"C:\\Program Files\\Git\\cmd\\git.exe\" -c credential.helper= -c core.quotepath=false -c log.showSignature=false status --porcelain -z --untracked-files=no --ignored=no -- client/tempfiles/Logs/Sysmon/sysmon-logs-21.json client/tempfiles/Logs/Sysmon/sysmon-logs-22.json client/tempfiles/Logs/Sysmon/sysmon-logs-23.json client/tempfiles/Logs/Sysmon/sysmon-logs-24.json client/tempfiles/Logs/Sysmon/sysmon-logs-25.json client/tempfiles/Logs/Sysmon/winlogbeat-20221007-21.ndjson client/tempfiles/Logs/Sysmon/winlogbeat-20221007-22.ndjson client/tempfiles/Logs/Sysmon/winlogbeat-20221007-26.ndjson client/tempfiles/Logs/Sysmon/winlogbeat-20221007-27.ndjson client/tempfiles/Logs/Wireshark/wireshark-logs-62.pcap client/tempfiles/Logs/Wireshark/wireshark-logs-63.pcap client/tempfiles/Logs/Wireshark/wireshark-logs-64.json client/tempfiles/Logs/Wireshark/wireshark-logs-64.pcap client/tempfiles/Logs/Wireshark/wireshark-logs-65.json client/tempfiles/Logs/Wireshark/wireshark-logs-66.json client/tempfiles/Logs/Wireshark/wireshark-logs-67.json client/tempfiles/Logs/Wireshark/wireshark-logs-68.json client/tempfiles/Logs/Wireshark/wireshark-logs-69.json client/tempfiles/Logs/Wireshark/wireshark-logs-70.json client/tempfiles/Logs/Wireshark/wireshark-logs-71.json client/tempfiles/Logs/Wireshark/wireshark-logs-72.json client/tempfiles/Logs/Wireshark/wireshark-logs-73.json client/tempfiles/Logs/Wireshark/wireshark-logs-74.json client/tempfiles/Logs/Wireshark/wireshark-logs-75.json client/tempfiles/Logs/Wireshark/wireshark-logs-75.pcap client/tempfiles/Logs/Wireshark/wireshark-logs-76.json client/tempfiles/Logs/Wireshark/wireshark-logs-76.pcap",
                "Company": "The Git Development Community",
                "ParentUser": "ELMO\\mrdor",
                "TerminalSessionId": "4",
                "UtcTime": "2022-10-07 09:56:44.922",
                "Hashes": "MD5=E87C1D27A0D6D4B36F05407A40418E0D",
                "Image": "C:\\Program Files\\Git\\cmd\\git.exe",
                "FileVersion": "-",
                "User": "ELMO\\mrdor",
                "LogonGuid": "{dd01dab0-b9ee-633f-e637-282600000000}",
                "ParentProcessGuid": "{dd01dab0-f7dc-633f-344c-010000004600}",
                "CurrentDirectory": "C:\\Users\\mrdor\\PycharmProjects\\Hunterbee\\",
                "ParentImage": "C:\\Program Files\\JetBrains\\PyCharm 2021.3\\bin\\runnerw.exe",
                "ParentProcessId": "12388",
                "ParentCommandLine": "\"C:\\Program Files\\JetBrains\\PyCharm 2021.3\\bin\\runnerw.exe\" \"C:\\Program Files\\Git\\cmd\\git.exe\" -c credential.helper= -c core.quotepath=false -c log.showSignature=false status --porcelain -z --untracked-files=no --ignored=no -- client/tempfiles/Logs/Sysmon/sysmon-logs-21.json client/tempfiles/Logs/Sysmon/sysmon-logs-22.json client/tempfiles/Logs/Sysmon/sysmon-logs-23.json client/tempfiles/Logs/Sysmon/sysmon-logs-24.json client/tempfiles/Logs/Sysmon/sysmon-logs-25.json client/tempfiles/Logs/Sysmon/winlogbeat-20221007-21.ndjson client/tempfiles/Logs/Sysmon/winlogbeat-20221007-22.ndjson client/tempfiles/Logs/Sysmon/winlogbeat-20221007-26.ndjson client/tempfiles/Logs/Sysmon/winlogbeat-20221007-27.ndjson client/tempfiles/Logs/Wireshark/wireshark-logs-62.pcap client/tempfiles/Logs/Wireshark/wireshark-logs-63.pcap client/tempfiles/Logs/Wireshark/wireshark-logs-64.json client/tempfiles/Logs/Wireshark/wireshark-logs-64.pcap client/tempfiles/Logs/Wireshark/wireshark-logs-65.json client/tempfiles/Logs/Wireshark/wireshark-logs-66.json client/tempfiles/Logs/Wireshark/wireshark-logs-67.json client/tempfiles/Logs/Wireshark/wireshark-logs-68.json client/tempfiles/Logs/Wireshark/wireshark-logs-69.json client/tempfiles/Logs/Wireshark/wireshark-logs-70.json client/tempfiles/Logs/Wireshark/wireshark-logs-71.json client/tempfiles/Logs/Wireshark/wireshark-logs-72.json client/tempfiles/Logs/Wireshark/wireshark-logs-73.json client/tempfiles/Logs/Wireshark/wireshark-logs-74.json client/tempfiles/Logs/Wireshark/wireshark-logs-75.json client/tempfiles/Logs/Wireshark/wireshark-logs-75.pcap client/tempfiles/Logs/Wireshark/wireshark-logs-76.json client/tempfiles/Logs/Wireshark/wireshark-logs-76.pcap"
            },
            "provider_name": "Microsoft-Windows-Sysmon",
            "computer_name": "Elmo",
            "provider_guid": "{5770385f-c22a-43e0-bf4c-06f5698ffbd9}"
        },
        "host": {
            "name": "Elmo",
            "ip": [
                "fe80::7cd2:efa8:dba2:6fc0",
                "169.254.111.192",
                "fe80::e431:7896:8d85:5aa",
                "172.21.208.1",
                "fe80::48ae:546b:7a20:7f52",
                "172.30.112.1",
                "fe80::bc21:1b56:1d1:4b9f",
                "169.254.75.159",
                "fe80::4807:9ca5:cd67:6ac6",
                "169.254.106.198",
                "fe80::e097:4ef1:6314:5a55",
                "169.254.90.85",
                "fe80::d55:b4a9:26a4:7406",
                "192.168.1.102",
                "fe80::211f:b772:c6da:bfb3",
                "172.27.16.1",
                "fe80::f90c:d738:c01c:abc6",
                "172.28.192.1"
            ]
        }
    },
    "251": {
        "@timestamp": "2022-10-07T09:56:44.947Z",
        "winlog": {
            "provider_guid": "{5770385f-c22a-43e0-bf4c-06f5698ffbd9}",
            "provider_name": "Microsoft-Windows-Sysmon",
            "computer_name": "Elmo",
            "task": "Process Create (rule: ProcessCreate)",
            "event_data": {
                "Company": "The Git Development Community",
                "CurrentDirectory": "C:\\Users\\mrdor\\PycharmProjects\\Hunterbee\\",
                "FileVersion": "-",
                "TerminalSessionId": "4",
                "Image": "C:\\Program Files\\Git\\mingw64\\bin\\git.exe",
                "Description": "Git for Windows",
                "LogonId": "0x262837e6",
                "Hashes": "MD5=A521A4389F01D81C4E78C9129EB36D48",
                "IntegrityLevel": "High",
                "RuleName": "-",
                "OriginalFileName": "git.exe",
                "LogonGuid": "{dd01dab0-b9ee-633f-e637-282600000000}",
                "ProcessGuid": "{dd01dab0-f7dc-633f-374c-010000004600}",
                "User": "ELMO\\mrdor",
                "ParentProcessId": "23012",
                "CommandLine": "git.exe -c credential.helper= -c core.quotepath=false -c log.showSignature=false status --porcelain -z --untracked-files=no --ignored=no -- client/tempfiles/Logs/Sysmon/sysmon-logs-21.json client/tempfiles/Logs/Sysmon/sysmon-logs-22.json client/tempfiles/Logs/Sysmon/sysmon-logs-23.json client/tempfiles/Logs/Sysmon/sysmon-logs-24.json client/tempfiles/Logs/Sysmon/sysmon-logs-25.json client/tempfiles/Logs/Sysmon/winlogbeat-20221007-21.ndjson client/tempfiles/Logs/Sysmon/winlogbeat-20221007-22.ndjson client/tempfiles/Logs/Sysmon/winlogbeat-20221007-26.ndjson client/tempfiles/Logs/Sysmon/winlogbeat-20221007-27.ndjson client/tempfiles/Logs/Wireshark/wireshark-logs-62.pcap client/tempfiles/Logs/Wireshark/wireshark-logs-63.pcap client/tempfiles/Logs/Wireshark/wireshark-logs-64.json client/tempfiles/Logs/Wireshark/wireshark-logs-64.pcap client/tempfiles/Logs/Wireshark/wireshark-logs-65.json client/tempfiles/Logs/Wireshark/wireshark-logs-66.json client/tempfiles/Logs/Wireshark/wireshark-logs-67.json client/tempfiles/Logs/Wireshark/wireshark-logs-68.json client/tempfiles/Logs/Wireshark/wireshark-logs-69.json client/tempfiles/Logs/Wireshark/wireshark-logs-70.json client/tempfiles/Logs/Wireshark/wireshark-logs-71.json client/tempfiles/Logs/Wireshark/wireshark-logs-72.json client/tempfiles/Logs/Wireshark/wireshark-logs-73.json client/tempfiles/Logs/Wireshark/wireshark-logs-74.json client/tempfiles/Logs/Wireshark/wireshark-logs-75.json client/tempfiles/Logs/Wireshark/wireshark-logs-75.pcap client/tempfiles/Logs/Wireshark/wireshark-logs-76.json client/tempfiles/Logs/Wireshark/wireshark-logs-76.pcap",
                "Product": "Git",
                "UtcTime": "2022-10-07 09:56:44.943",
                "ProcessId": "9392",
                "ParentProcessGuid": "{dd01dab0-f7dc-633f-364c-010000004600}",
                "ParentImage": "C:\\Program Files\\Git\\cmd\\git.exe",
                "ParentCommandLine": "\"C:\\Program Files\\Git\\cmd\\git.exe\" -c credential.helper= -c core.quotepath=false -c log.showSignature=false status --porcelain -z --untracked-files=no --ignored=no -- client/tempfiles/Logs/Sysmon/sysmon-logs-21.json client/tempfiles/Logs/Sysmon/sysmon-logs-22.json client/tempfiles/Logs/Sysmon/sysmon-logs-23.json client/tempfiles/Logs/Sysmon/sysmon-logs-24.json client/tempfiles/Logs/Sysmon/sysmon-logs-25.json client/tempfiles/Logs/Sysmon/winlogbeat-20221007-21.ndjson client/tempfiles/Logs/Sysmon/winlogbeat-20221007-22.ndjson client/tempfiles/Logs/Sysmon/winlogbeat-20221007-26.ndjson client/tempfiles/Logs/Sysmon/winlogbeat-20221007-27.ndjson client/tempfiles/Logs/Wireshark/wireshark-logs-62.pcap client/tempfiles/Logs/Wireshark/wireshark-logs-63.pcap client/tempfiles/Logs/Wireshark/wireshark-logs-64.json client/tempfiles/Logs/Wireshark/wireshark-logs-64.pcap client/tempfiles/Logs/Wireshark/wireshark-logs-65.json client/tempfiles/Logs/Wireshark/wireshark-logs-66.json client/tempfiles/Logs/Wireshark/wireshark-logs-67.json client/tempfiles/Logs/Wireshark/wireshark-logs-68.json client/tempfiles/Logs/Wireshark/wireshark-logs-69.json client/tempfiles/Logs/Wireshark/wireshark-logs-70.json client/tempfiles/Logs/Wireshark/wireshark-logs-71.json client/tempfiles/Logs/Wireshark/wireshark-logs-72.json client/tempfiles/Logs/Wireshark/wireshark-logs-73.json client/tempfiles/Logs/Wireshark/wireshark-logs-74.json client/tempfiles/Logs/Wireshark/wireshark-logs-75.json client/tempfiles/Logs/Wireshark/wireshark-logs-75.pcap client/tempfiles/Logs/Wireshark/wireshark-logs-76.json client/tempfiles/Logs/Wireshark/wireshark-logs-76.pcap",
                "ParentUser": "ELMO\\mrdor"
            }
        },
        "host": {
            "ip": [
                "fe80::7cd2:efa8:dba2:6fc0",
                "169.254.111.192",
                "fe80::e431:7896:8d85:5aa",
                "172.21.208.1",
                "fe80::48ae:546b:7a20:7f52",
                "172.30.112.1",
                "fe80::bc21:1b56:1d1:4b9f",
                "169.254.75.159",
                "fe80::4807:9ca5:cd67:6ac6",
                "169.254.106.198",
                "fe80::e097:4ef1:6314:5a55",
                "169.254.90.85",
                "fe80::d55:b4a9:26a4:7406",
                "192.168.1.102",
                "fe80::211f:b772:c6da:bfb3",
                "172.27.16.1",
                "fe80::f90c:d738:c01c:abc6",
                "172.28.192.1"
            ],
            "name": "Elmo"
        }
    },
    "252": {
        "@timestamp": "2022-10-07T09:56:45.010Z",
        "host": {
            "name": "Elmo",
            "ip": [
                "fe80::7cd2:efa8:dba2:6fc0",
                "169.254.111.192",
                "fe80::e431:7896:8d85:5aa",
                "172.21.208.1",
                "fe80::48ae:546b:7a20:7f52",
                "172.30.112.1",
                "fe80::bc21:1b56:1d1:4b9f",
                "169.254.75.159",
                "fe80::4807:9ca5:cd67:6ac6",
                "169.254.106.198",
                "fe80::e097:4ef1:6314:5a55",
                "169.254.90.85",
                "fe80::d55:b4a9:26a4:7406",
                "192.168.1.102",
                "fe80::211f:b772:c6da:bfb3",
                "172.27.16.1",
                "fe80::f90c:d738:c01c:abc6",
                "172.28.192.1"
            ]
        },
        "winlog": {
            "provider_name": "Microsoft-Windows-Sysmon",
            "event_data": {
                "ParentProcessGuid": "{dd01dab0-f517-633f-4847-010000004600}",
                "Product": "TShark",
                "IntegrityLevel": "High",
                "Description": "TShark",
                "LogonGuid": "{dd01dab0-b9ee-633f-e637-282600000000}",
                "ParentImage": "C:\\Users\\mrdor\\AppData\\Local\\Programs\\Python\\Python39\\python.exe",
                "UtcTime": "2022-10-07 09:56:45.007",
                "ParentProcessId": "22388",
                "ParentCommandLine": "C:\\Users\\mrdor\\AppData\\Local\\Programs\\Python\\Python39\\python.exe C:/Users/mrdor/PycharmProjects/Hunterbee/client/wireshark/wireshark_interface.py",
                "ParentUser": "ELMO\\mrdor",
                "RuleName": "-",
                "ProcessId": "20912",
                "CommandLine": "\"C:/Program Files/Wireshark/tshark.exe\" -l -n -T pdml -c 25 -w C:/Users/mrdor/PycharmProjects/Hunterbee/client/tempfiles/Logs/Wireshark/wireshark-logs-77.pcap -i -",
                "User": "ELMO\\mrdor",
                "ProcessGuid": "{dd01dab0-f7dd-633f-384c-010000004600}",
                "Image": "C:\\Program Files\\Wireshark\\tshark.exe",
                "LogonId": "0x262837e6",
                "OriginalFileName": "TShark.exe",
                "CurrentDirectory": "C:\\Users\\mrdor\\PycharmProjects\\Hunterbee\\client\\wireshark\\",
                "TerminalSessionId": "4",
                "Hashes": "MD5=2C7476F44C33FE4FE26600AE7AE3900D",
                "FileVersion": "3.6.2",
                "Company": "The Wireshark developer community"
            },
            "task": "Process Create (rule: ProcessCreate)",
            "computer_name": "Elmo",
            "provider_guid": "{5770385f-c22a-43e0-bf4c-06f5698ffbd9}"
        }
    },
    "253": {
        "@timestamp": "2022-10-07T09:56:45.241Z",
        "winlog": {
            "task": "Process Create (rule: ProcessCreate)",
            "event_data": {
                "Company": "The Wireshark developer community",
                "ParentCommandLine": "\"C:/Program Files/Wireshark/tshark.exe\" -l -n -T pdml -c 25 -w C:/Users/mrdor/PycharmProjects/Hunterbee/client/tempfiles/Logs/Wireshark/wireshark-logs-77.pcap -i -",
                "Product": "Dumpcap",
                "Hashes": "MD5=A85C48F3129B10CF5593FBF3B02836FF",
                "Image": "C:\\Program Files\\Wireshark\\dumpcap.exe",
                "UtcTime": "2022-10-07 09:56:45.239",
                "FileVersion": "3.6.2",
                "CommandLine": "\"C:\\Program Files\\Wireshark\\dumpcap.exe\" -D -Z none",
                "ParentProcessId": "20912",
                "RuleName": "-",
                "ProcessGuid": "{dd01dab0-f7dd-633f-394c-010000004600}",
                "Description": "Dumpcap",
                "CurrentDirectory": "C:\\Users\\mrdor\\PycharmProjects\\Hunterbee\\client\\wireshark\\",
                "User": "ELMO\\mrdor",
                "LogonId": "0x262837e6",
                "ParentProcessGuid": "{dd01dab0-f7dd-633f-384c-010000004600}",
                "OriginalFileName": "Dumpcap.exe",
                "ParentUser": "ELMO\\mrdor",
                "LogonGuid": "{dd01dab0-b9ee-633f-e637-282600000000}",
                "TerminalSessionId": "4",
                "ParentImage": "C:\\Program Files\\Wireshark\\tshark.exe",
                "IntegrityLevel": "High",
                "ProcessId": "11820"
            },
            "provider_guid": "{5770385f-c22a-43e0-bf4c-06f5698ffbd9}",
            "computer_name": "Elmo",
            "provider_name": "Microsoft-Windows-Sysmon"
        },
        "host": {
            "name": "Elmo",
            "ip": [
                "fe80::7cd2:efa8:dba2:6fc0",
                "169.254.111.192",
                "fe80::e431:7896:8d85:5aa",
                "172.21.208.1",
                "fe80::48ae:546b:7a20:7f52",
                "172.30.112.1",
                "fe80::bc21:1b56:1d1:4b9f",
                "169.254.75.159",
                "fe80::4807:9ca5:cd67:6ac6",
                "169.254.106.198",
                "fe80::e097:4ef1:6314:5a55",
                "169.254.90.85",
                "fe80::d55:b4a9:26a4:7406",
                "192.168.1.102",
                "fe80::211f:b772:c6da:bfb3",
                "172.27.16.1",
                "fe80::f90c:d738:c01c:abc6",
                "172.28.192.1"
            ]
        }
    },
    "254": {
        "@timestamp": "2022-10-07T09:56:45.368Z",
        "host": {
            "ip": [
                "fe80::7cd2:efa8:dba2:6fc0",
                "169.254.111.192",
                "fe80::e431:7896:8d85:5aa",
                "172.21.208.1",
                "fe80::48ae:546b:7a20:7f52",
                "172.30.112.1",
                "fe80::bc21:1b56:1d1:4b9f",
                "169.254.75.159",
                "fe80::4807:9ca5:cd67:6ac6",
                "169.254.106.198",
                "fe80::e097:4ef1:6314:5a55",
                "169.254.90.85",
                "fe80::d55:b4a9:26a4:7406",
                "192.168.1.102",
                "fe80::211f:b772:c6da:bfb3",
                "172.27.16.1",
                "fe80::f90c:d738:c01c:abc6",
                "172.28.192.1"
            ],
            "name": "Elmo"
        },
        "winlog": {
            "event_data": {
                "CommandLine": "C:\\Users\\mrdor\\PycharmProjects\\Hunterbee\\venv\\Scripts\\python.exe \"C:\\Program Files\\JetBrains\\PyCharm 2021.3\\plugins\\python\\helpers\\pycodestyle.py\" --max-line-length=120 -",
                "TerminalSessionId": "4",
                "IntegrityLevel": "High",
                "ParentCommandLine": "\"C:\\Program Files\\JetBrains\\PyCharm 2021.3\\bin\\pycharm64.exe\" ",
                "Description": "Python",
                "User": "ELMO\\mrdor",
                "ParentUser": "ELMO\\mrdor",
                "FileVersion": "3.9.7",
                "Company": "Python Software Foundation",
                "ProcessId": "14636",
                "ProcessGuid": "{dd01dab0-f7dd-633f-3b4c-010000004600}",
                "CurrentDirectory": "C:\\Users\\mrdor\\PycharmProjects\\Hunterbee\\venv\\Scripts\\",
                "LogonId": "0x262837e6",
                "ParentProcessGuid": "{dd01dab0-e463-633f-c137-010000004600}",
                "RuleName": "-",
                "ParentProcessId": "18532",
                "Image": "C:\\Users\\mrdor\\PycharmProjects\\Hunterbee\\venv\\Scripts\\python.exe",
                "LogonGuid": "{dd01dab0-b9ee-633f-e637-282600000000}",
                "Hashes": "MD5=D59663B8D5F110F55EC5507C8DFDCC82",
                "OriginalFileName": "py.exe",
                "ParentImage": "C:\\Program Files\\JetBrains\\PyCharm 2021.3\\bin\\pycharm64.exe",
                "Product": "Python",
                "UtcTime": "2022-10-07 09:56:45.366"
            },
            "provider_name": "Microsoft-Windows-Sysmon",
            "provider_guid": "{5770385f-c22a-43e0-bf4c-06f5698ffbd9}",
            "task": "Process Create (rule: ProcessCreate)",
            "computer_name": "Elmo"
        }
    },
    "255": {
        "@timestamp": "2022-10-07T09:56:45.391Z",
        "host": {
            "name": "Elmo",
            "ip": [
                "fe80::7cd2:efa8:dba2:6fc0",
                "169.254.111.192",
                "fe80::e431:7896:8d85:5aa",
                "172.21.208.1",
                "fe80::48ae:546b:7a20:7f52",
                "172.30.112.1",
                "fe80::bc21:1b56:1d1:4b9f",
                "169.254.75.159",
                "fe80::4807:9ca5:cd67:6ac6",
                "169.254.106.198",
                "fe80::e097:4ef1:6314:5a55",
                "169.254.90.85",
                "fe80::d55:b4a9:26a4:7406",
                "192.168.1.102",
                "fe80::211f:b772:c6da:bfb3",
                "172.27.16.1",
                "fe80::f90c:d738:c01c:abc6",
                "172.28.192.1"
            ]
        },
        "winlog": {
            "computer_name": "Elmo",
            "provider_guid": "{5770385f-c22a-43e0-bf4c-06f5698ffbd9}",
            "event_data": {
                "ParentUser": "ELMO\\mrdor",
                "TerminalSessionId": "4",
                "Description": "Python",
                "ProcessId": "8528",
                "FileVersion": "3.9.7",
                "Image": "C:\\Users\\mrdor\\AppData\\Local\\Programs\\Python\\Python39\\python.exe",
                "Product": "Python",
                "IntegrityLevel": "High",
                "OriginalFileName": "python.exe",
                "RuleName": "-",
                "ProcessGuid": "{dd01dab0-f7dd-633f-3d4c-010000004600}",
                "LogonId": "0x262837e6",
                "LogonGuid": "{dd01dab0-b9ee-633f-e637-282600000000}",
                "CurrentDirectory": "C:\\Users\\mrdor\\PycharmProjects\\Hunterbee\\venv\\Scripts\\",
                "Hashes": "MD5=9AE7FE91385052358C3E33864ADA5E4E",
                "ParentProcessId": "14636",
                "User": "ELMO\\mrdor",
                "ParentProcessGuid": "{dd01dab0-f7dd-633f-3b4c-010000004600}",
                "ParentImage": "C:\\Users\\mrdor\\PycharmProjects\\Hunterbee\\venv\\Scripts\\python.exe",
                "Company": "Python Software Foundation",
                "CommandLine": "C:\\Users\\mrdor\\AppData\\Local\\Programs\\Python\\Python39\\python.exe \"C:\\Program Files\\JetBrains\\PyCharm 2021.3\\plugins\\python\\helpers\\pycodestyle.py\" --max-line-length=120 -",
                "ParentCommandLine": "C:\\Users\\mrdor\\PycharmProjects\\Hunterbee\\venv\\Scripts\\python.exe \"C:\\Program Files\\JetBrains\\PyCharm 2021.3\\plugins\\python\\helpers\\pycodestyle.py\" --max-line-length=120 -",
                "UtcTime": "2022-10-07 09:56:45.389"
            },
            "provider_name": "Microsoft-Windows-Sysmon",
            "task": "Process Create (rule: ProcessCreate)"
        }
    },
    "256": {
        "@timestamp": "2022-10-07T09:56:45.469Z",
        "winlog": {
            "computer_name": "Elmo",
            "task": "Process Create (rule: ProcessCreate)",
            "provider_name": "Microsoft-Windows-Sysmon",
            "provider_guid": "{5770385f-c22a-43e0-bf4c-06f5698ffbd9}",
            "event_data": {
                "OriginalFileName": "Dumpcap.exe",
                "TerminalSessionId": "4",
                "ParentCommandLine": "\"C:/Program Files/Wireshark/tshark.exe\" -l -n -T pdml -c 25 -w C:/Users/mrdor/PycharmProjects/Hunterbee/client/tempfiles/Logs/Wireshark/wireshark-logs-77.pcap -i -",
                "ParentUser": "ELMO\\mrdor",
                "Image": "C:\\Program Files\\Wireshark\\dumpcap.exe",
                "UtcTime": "2022-10-07 09:56:45.467",
                "LogonId": "0x262837e6",
                "IntegrityLevel": "High",
                "Company": "The Wireshark developer community",
                "ParentProcessId": "20912",
                "ProcessId": "6844",
                "FileVersion": "3.6.2",
                "CurrentDirectory": "C:\\Users\\mrdor\\PycharmProjects\\Hunterbee\\client\\wireshark\\",
                "LogonGuid": "{dd01dab0-b9ee-633f-e637-282600000000}",
                "Description": "Dumpcap",
                "User": "ELMO\\mrdor",
                "ParentImage": "C:\\Program Files\\Wireshark\\tshark.exe",
                "ParentProcessGuid": "{dd01dab0-f7dd-633f-384c-010000004600}",
                "Hashes": "MD5=A85C48F3129B10CF5593FBF3B02836FF",
                "RuleName": "-",
                "Product": "Dumpcap",
                "ProcessGuid": "{dd01dab0-f7dd-633f-3e4c-010000004600}",
                "CommandLine": "\"C:\\Program Files\\Wireshark\\dumpcap.exe\" -n -c 25 -i - -Z 20912 -w C:/Users/mrdor/PycharmProjects/Hunterbee/client/tempfiles/Logs/Wireshark/wireshark-logs-77.pcap"
            }
        },
        "host": {
            "name": "Elmo",
            "ip": [
                "fe80::7cd2:efa8:dba2:6fc0",
                "169.254.111.192",
                "fe80::e431:7896:8d85:5aa",
                "172.21.208.1",
                "fe80::48ae:546b:7a20:7f52",
                "172.30.112.1",
                "fe80::bc21:1b56:1d1:4b9f",
                "169.254.75.159",
                "fe80::4807:9ca5:cd67:6ac6",
                "169.254.106.198",
                "fe80::e097:4ef1:6314:5a55",
                "169.254.90.85",
                "fe80::d55:b4a9:26a4:7406",
                "192.168.1.102",
                "fe80::211f:b772:c6da:bfb3",
                "172.27.16.1",
                "fe80::f90c:d738:c01c:abc6",
                "172.28.192.1"
            ]
        }
    },
    "257": {
        "@timestamp": "2022-10-07T09:56:45.523Z",
        "winlog": {
            "computer_name": "Elmo",
            "event_data": {
                "ProcessGuid": "{dd01dab0-f7dd-633f-3d4c-010000004600}",
                "ProcessId": "8528",
                "Image": "C:\\Users\\mrdor\\AppData\\Local\\Programs\\Python\\Python39\\python.exe",
                "User": "ELMO\\mrdor",
                "RuleName": "-",
                "UtcTime": "2022-10-07 09:56:45.522"
            },
            "provider_guid": "{5770385f-c22a-43e0-bf4c-06f5698ffbd9}",
            "task": "Process terminated (rule: ProcessTerminate)",
            "provider_name": "Microsoft-Windows-Sysmon"
        },
        "host": {
            "ip": [
                "fe80::7cd2:efa8:dba2:6fc0",
                "169.254.111.192",
                "fe80::e431:7896:8d85:5aa",
                "172.21.208.1",
                "fe80::48ae:546b:7a20:7f52",
                "172.30.112.1",
                "fe80::bc21:1b56:1d1:4b9f",
                "169.254.75.159",
                "fe80::4807:9ca5:cd67:6ac6",
                "169.254.106.198",
                "fe80::e097:4ef1:6314:5a55",
                "169.254.90.85",
                "fe80::d55:b4a9:26a4:7406",
                "192.168.1.102",
                "fe80::211f:b772:c6da:bfb3",
                "172.27.16.1",
                "fe80::f90c:d738:c01c:abc6",
                "172.28.192.1"
            ],
            "name": "Elmo"
        }
    },
    "258": {
        "@timestamp": "2022-10-07T09:56:45.526Z",
        "host": {
            "name": "Elmo",
            "ip": [
                "fe80::7cd2:efa8:dba2:6fc0",
                "169.254.111.192",
                "fe80::e431:7896:8d85:5aa",
                "172.21.208.1",
                "fe80::48ae:546b:7a20:7f52",
                "172.30.112.1",
                "fe80::bc21:1b56:1d1:4b9f",
                "169.254.75.159",
                "fe80::4807:9ca5:cd67:6ac6",
                "169.254.106.198",
                "fe80::e097:4ef1:6314:5a55",
                "169.254.90.85",
                "fe80::d55:b4a9:26a4:7406",
                "192.168.1.102",
                "fe80::211f:b772:c6da:bfb3",
                "172.27.16.1",
                "fe80::f90c:d738:c01c:abc6",
                "172.28.192.1"
            ]
        },
        "winlog": {
            "task": "Process terminated (rule: ProcessTerminate)",
            "event_data": {
                "UtcTime": "2022-10-07 09:56:45.525",
                "ProcessGuid": "{dd01dab0-f7dd-633f-3b4c-010000004600}",
                "ProcessId": "14636",
                "Image": "C:\\Users\\mrdor\\PycharmProjects\\Hunterbee\\venv\\Scripts\\python.exe",
                "User": "ELMO\\mrdor",
                "RuleName": "-"
            },
            "provider_name": "Microsoft-Windows-Sysmon",
            "computer_name": "Elmo",
            "provider_guid": "{5770385f-c22a-43e0-bf4c-06f5698ffbd9}"
        }
    },
    "259": {
        "@timestamp": "2022-10-07T09:56:45.795Z",
        "host": {
            "ip": [
                "fe80::7cd2:efa8:dba2:6fc0",
                "169.254.111.192",
                "fe80::e431:7896:8d85:5aa",
                "172.21.208.1",
                "fe80::48ae:546b:7a20:7f52",
                "172.30.112.1",
                "fe80::bc21:1b56:1d1:4b9f",
                "169.254.75.159",
                "fe80::4807:9ca5:cd67:6ac6",
                "169.254.106.198",
                "fe80::e097:4ef1:6314:5a55",
                "169.254.90.85",
                "fe80::d55:b4a9:26a4:7406",
                "192.168.1.102",
                "fe80::211f:b772:c6da:bfb3",
                "172.27.16.1",
                "fe80::f90c:d738:c01c:abc6",
                "172.28.192.1"
            ],
            "name": "Elmo"
        },
        "winlog": {
            "provider_name": "Microsoft-Windows-Sysmon",
            "computer_name": "Elmo",
            "provider_guid": "{5770385f-c22a-43e0-bf4c-06f5698ffbd9}",
            "event_data": {
                "Company": "Microsoft Corporation",
                "OriginalFileName": "Cmd.Exe",
                "IntegrityLevel": "High",
                "ParentImage": "C:\\Users\\mrdor\\AppData\\Local\\Programs\\Python\\Python39\\python.exe",
                "CommandLine": "C:\\Windows\\system32\\cmd.exe /c \"tshark -r C:/Users/mrdor/PycharmProjects/Hunterbee/client/tempfiles/Logs/Wireshark/wireshark-logs-77.pcap -T json > C:/Users/mrdor/PycharmProjects/Hunterbee/client/tempfiles/Logs/Wireshark/wireshark-logs-77.json\"",
                "ProcessId": "16840",
                "Product": "Microsoft\u00c2\u00ae Windows\u00c2\u00ae Operating System",
                "FileVersion": "10.0.19041.746 (WinBuild.160101.0800)",
                "ParentProcessGuid": "{dd01dab0-f517-633f-4847-010000004600}",
                "User": "ELMO\\mrdor",
                "LogonId": "0x262837e6",
                "LogonGuid": "{dd01dab0-b9ee-633f-e637-282600000000}",
                "ParentProcessId": "22388",
                "ParentCommandLine": "C:\\Users\\mrdor\\AppData\\Local\\Programs\\Python\\Python39\\python.exe C:/Users/mrdor/PycharmProjects/Hunterbee/client/wireshark/wireshark_interface.py",
                "Hashes": "MD5=8A2122E8162DBEF04694B9C3E0B6CDEE",
                "Image": "C:\\Windows\\System32\\cmd.exe",
                "RuleName": "-",
                "UtcTime": "2022-10-07 09:56:45.793",
                "ParentUser": "ELMO\\mrdor",
                "CurrentDirectory": "C:\\Users\\mrdor\\PycharmProjects\\Hunterbee\\client\\wireshark\\",
                "ProcessGuid": "{dd01dab0-f7dd-633f-404c-010000004600}",
                "TerminalSessionId": "4",
                "Description": "Windows Command Processor"
            },
            "task": "Process Create (rule: ProcessCreate)"
        }
    },
    "260": {
        "@timestamp": "2022-10-07T09:56:45.805Z",
        "host": {
            "ip": [
                "fe80::7cd2:efa8:dba2:6fc0",
                "169.254.111.192",
                "fe80::e431:7896:8d85:5aa",
                "172.21.208.1",
                "fe80::48ae:546b:7a20:7f52",
                "172.30.112.1",
                "fe80::bc21:1b56:1d1:4b9f",
                "169.254.75.159",
                "fe80::4807:9ca5:cd67:6ac6",
                "169.254.106.198",
                "fe80::e097:4ef1:6314:5a55",
                "169.254.90.85",
                "fe80::d55:b4a9:26a4:7406",
                "192.168.1.102",
                "fe80::211f:b772:c6da:bfb3",
                "172.27.16.1",
                "fe80::f90c:d738:c01c:abc6",
                "172.28.192.1"
            ],
            "name": "Elmo"
        },
        "winlog": {
            "task": "Process Create (rule: ProcessCreate)",
            "computer_name": "Elmo",
            "event_data": {
                "User": "ELMO\\mrdor",
                "Image": "C:\\Program Files\\Wireshark\\tshark.exe",
                "OriginalFileName": "TShark.exe",
                "Description": "TShark",
                "ParentUser": "ELMO\\mrdor",
                "IntegrityLevel": "High",
                "Product": "TShark",
                "ParentImage": "C:\\Windows\\System32\\cmd.exe",
                "UtcTime": "2022-10-07 09:56:45.803",
                "Hashes": "MD5=2C7476F44C33FE4FE26600AE7AE3900D",
                "ParentProcessGuid": "{dd01dab0-f7dd-633f-404c-010000004600}",
                "CurrentDirectory": "C:\\Users\\mrdor\\PycharmProjects\\Hunterbee\\client\\wireshark\\",
                "TerminalSessionId": "4",
                "LogonGuid": "{dd01dab0-b9ee-633f-e637-282600000000}",
                "LogonId": "0x262837e6",
