{
    "0": {
        "@timestamp": "2022-10-07T09:45:16.230Z",
        "host": {
            "name": "Elmo",
            "ip": [
                "fe80::7cd2:efa8:dba2:6fc0",
                "169.254.111.192",
                "fe80::e431:7896:8d85:5aa",
                "172.21.208.1",
                "fe80::48ae:546b:7a20:7f52",
                "172.30.112.1",
                "fe80::bc21:1b56:1d1:4b9f",
                "169.254.75.159",
                "fe80::4807:9ca5:cd67:6ac6",
                "169.254.106.198",
                "fe80::e097:4ef1:6314:5a55",
                "169.254.90.85",
                "fe80::d55:b4a9:26a4:7406",
                "192.168.1.102",
                "fe80::211f:b772:c6da:bfb3",
                "172.27.16.1",
                "fe80::f90c:d738:c01c:abc6",
                "172.28.192.1"
            ]
        },
        "winlog": {
            "event_data": {
                "ProcessGuid": "{dd01dab0-f52c-633f-7447-010000004600}",
                "LogonGuid": "{dd01dab0-b9ee-633f-e637-282600000000}",
                "LogonId": "0x262837e6",
                "ParentUser": "ELMO\\mrdor",
                "FileVersion": "10.0.19041.746 (WinBuild.160101.0800)",
                "ParentProcessGuid": "{dd01dab0-f513-633f-3547-010000004600}",
                "User": "ELMO\\mrdor",
                "TerminalSessionId": "4",
                "ParentProcessId": "8820",
                "Product": "Microsoft\u00c2\u00ae Windows\u00c2\u00ae Operating System",
                "CurrentDirectory": "C:\\Users\\mrdor\\PycharmProjects\\Hunterbee\\client\\sysmon\\",
                "Hashes": "MD5=8A2122E8162DBEF04694B9C3E0B6CDEE",
                "OriginalFileName": "Cmd.Exe",
                "Image": "C:\\Windows\\System32\\cmd.exe",
                "ProcessId": "7640",
                "Description": "Windows Command Processor",
                "ParentImage": "C:\\Users\\mrdor\\AppData\\Local\\Programs\\Python\\Python39\\python.exe",
                "Company": "Microsoft Corporation",
                "ParentCommandLine": "C:\\Users\\mrdor\\AppData\\Local\\Programs\\Python\\Python39\\python.exe C:/Users/mrdor/PycharmProjects/Hunterbee/client/sysmon/sysmon_interface.py",
                "RuleName": "-",
                "IntegrityLevel": "High",
                "UtcTime": "2022-10-07 09:45:16.228",
                "CommandLine": "C:\\Windows\\system32\\cmd.exe /c C:/Users/mrdor/PycharmProjects/Hunterbee/client/sysmon/winlogbeat/bat_files/stop.bat \"C:/Program Files (x86)/ELK Stack/winlogbeat\""
            },
            "task": "Process Create (rule: ProcessCreate)",
            "computer_name": "Elmo",
            "provider_guid": "{5770385f-c22a-43e0-bf4c-06f5698ffbd9}",
            "provider_name": "Microsoft-Windows-Sysmon"
        }
    },
    "1": {
        "@timestamp": "2022-10-07T09:45:16.245Z",
        "host": {
            "ip": [
                "fe80::7cd2:efa8:dba2:6fc0",
                "169.254.111.192",
                "fe80::e431:7896:8d85:5aa",
                "172.21.208.1",
                "fe80::48ae:546b:7a20:7f52",
                "172.30.112.1",
                "fe80::bc21:1b56:1d1:4b9f",
                "169.254.75.159",
                "fe80::4807:9ca5:cd67:6ac6",
                "169.254.106.198",
                "fe80::e097:4ef1:6314:5a55",
                "169.254.90.85",
                "fe80::d55:b4a9:26a4:7406",
                "192.168.1.102",
                "fe80::211f:b772:c6da:bfb3",
                "172.27.16.1",
                "fe80::f90c:d738:c01c:abc6",
                "172.28.192.1"
            ],
            "name": "Elmo"
        },
        "winlog": {
            "event_data": {
                "Image": "C:\\Windows\\System32\\WindowsPowerShell\\v1.0\\powershell.exe",
                "CommandLine": "powershell  -command \"Stop-Service winlogbeat\"",
                "OriginalFileName": "PowerShell.EXE",
                "ProcessGuid": "{dd01dab0-f52c-633f-7547-010000004600}",
                "ParentProcessGuid": "{dd01dab0-f52c-633f-7447-010000004600}",
                "Description": "Windows PowerShell",
                "TerminalSessionId": "4",
                "ParentCommandLine": "C:\\Windows\\system32\\cmd.exe /c C:/Users/mrdor/PycharmProjects/Hunterbee/client/sysmon/winlogbeat/bat_files/stop.bat \"C:/Program Files (x86)/ELK Stack/winlogbeat\"",
                "Product": "Microsoft\u00c2\u00ae Windows\u00c2\u00ae Operating System",
                "User": "ELMO\\mrdor",
                "Hashes": "MD5=04029E121A0CFA5991749937DD22A1D9",
                "ParentProcessId": "7640",
                "RuleName": "-",
                "LogonGuid": "{dd01dab0-b9ee-633f-e637-282600000000}",
                "FileVersion": "10.0.19041.546 (WinBuild.160101.0800)",
                "ParentUser": "ELMO\\mrdor",
                "IntegrityLevel": "High",
                "ParentImage": "C:\\Windows\\System32\\cmd.exe",
                "UtcTime": "2022-10-07 09:45:16.242",
                "LogonId": "0x262837e6",
                "Company": "Microsoft Corporation",
                "ProcessId": "11808",
                "CurrentDirectory": "C:\\Program Files (x86)\\ELK Stack\\winlogbeat\\"
            },
            "provider_name": "Microsoft-Windows-Sysmon",
            "provider_guid": "{5770385f-c22a-43e0-bf4c-06f5698ffbd9}",
            "task": "Process Create (rule: ProcessCreate)",
            "computer_name": "Elmo"
        }
    },
    "2": {
        "@timestamp": "2022-10-07T09:45:16.289Z",
        "winlog": {
            "task": "File created (rule: FileCreate)",
            "event_data": {
                "Image": "C:\\Windows\\System32\\WindowsPowerShell\\v1.0\\powershell.exe",
                "TargetFilename": "C:\\Users\\mrdor\\AppData\\Local\\Temp\\__PSScriptPolicyTest_5ehsujn3.c0v.ps1",
                "CreationUtcTime": "2022-10-07 09:45:16.288",
                "User": "ELMO\\mrdor",
                "RuleName": "-",
                "UtcTime": "2022-10-07 09:45:16.288",
                "ProcessGuid": "{dd01dab0-f52c-633f-7547-010000004600}",
                "ProcessId": "11808"
            },
            "provider_name": "Microsoft-Windows-Sysmon",
            "computer_name": "Elmo",
            "provider_guid": "{5770385f-c22a-43e0-bf4c-06f5698ffbd9}"
        },
        "host": {
            "ip": [
                "fe80::7cd2:efa8:dba2:6fc0",
                "169.254.111.192",
                "fe80::e431:7896:8d85:5aa",
                "172.21.208.1",
                "fe80::48ae:546b:7a20:7f52",
                "172.30.112.1",
                "fe80::bc21:1b56:1d1:4b9f",
                "169.254.75.159",
                "fe80::4807:9ca5:cd67:6ac6",
                "169.254.106.198",
                "fe80::e097:4ef1:6314:5a55",
                "169.254.90.85",
                "fe80::d55:b4a9:26a4:7406",
                "192.168.1.102",
                "fe80::211f:b772:c6da:bfb3",
                "172.27.16.1",
                "fe80::f90c:d738:c01c:abc6",
                "172.28.192.1"
            ],
            "name": "Elmo"
        }
    },
    "3": {
        "@timestamp": "2022-10-07T09:45:17.498Z",
        "winlog": {
            "provider_name": "Microsoft-Windows-Sysmon",
            "event_data": {
                "LogonId": "0x3e7",
                "Company": "Microsoft Corporation",
                "IntegrityLevel": "System",
                "ParentImage": "C:\\Windows\\System32\\services.exe",
                "OriginalFileName": "TrustedInstaller.exe",
                "User": "NT AUTHORITY\\SYSTEM",
                "ParentCommandLine": "C:\\Windows\\system32\\services.exe",
                "RuleName": "-",
                "UtcTime": "2022-10-07 09:45:17.486",
                "ProcessId": "8664",
                "ParentUser": "NT AUTHORITY\\SYSTEM",
                "TerminalSessionId": "0",
                "Hashes": "MD5=D098F2FC042FBF6879D47E3A86FBB4A1",
                "CurrentDirectory": "C:\\Windows\\system32\\",
                "ParentProcessGuid": "{dd01dab0-dc23-633b-0b00-000000004600}",
                "LogonGuid": "{dd01dab0-dc23-633b-e703-000000000000}",
                "ParentProcessId": "920",
                "FileVersion": "10.0.19041.1741 (WinBuild.160101.0800)",
                "Image": "C:\\Windows\\servicing\\TrustedInstaller.exe",
                "Product": "Microsoft\u00c2\u00ae Windows\u00c2\u00ae Operating System",
                "Description": "Windows Modules Installer",
                "CommandLine": "C:\\Windows\\servicing\\TrustedInstaller.exe",
                "ProcessGuid": "{dd01dab0-f52d-633f-7647-010000004600}"
            },
            "computer_name": "Elmo",
            "task": "Process Create (rule: ProcessCreate)",
            "provider_guid": "{5770385f-c22a-43e0-bf4c-06f5698ffbd9}"
        },
        "host": {
            "ip": [
                "fe80::7cd2:efa8:dba2:6fc0",
                "169.254.111.192",
                "fe80::e431:7896:8d85:5aa",
                "172.21.208.1",
                "fe80::48ae:546b:7a20:7f52",
                "172.30.112.1",
                "fe80::bc21:1b56:1d1:4b9f",
                "169.254.75.159",
                "fe80::4807:9ca5:cd67:6ac6",
                "169.254.106.198",
                "fe80::e097:4ef1:6314:5a55",
                "169.254.90.85",
                "fe80::d55:b4a9:26a4:7406",
                "192.168.1.102",
                "fe80::211f:b772:c6da:bfb3",
                "172.27.16.1",
                "fe80::f90c:d738:c01c:abc6",
                "172.28.192.1"
            ],
            "name": "Elmo"
        }
    },
    "4": {
        "@timestamp": "2022-10-07T09:45:17.509Z",
        "host": {
            "ip": [
                "fe80::7cd2:efa8:dba2:6fc0",
                "169.254.111.192",
                "fe80::e431:7896:8d85:5aa",
                "172.21.208.1",
                "fe80::48ae:546b:7a20:7f52",
                "172.30.112.1",
                "fe80::bc21:1b56:1d1:4b9f",
                "169.254.75.159",
                "fe80::4807:9ca5:cd67:6ac6",
                "169.254.106.198",
                "fe80::e097:4ef1:6314:5a55",
                "169.254.90.85",
                "fe80::d55:b4a9:26a4:7406",
                "192.168.1.102",
                "fe80::211f:b772:c6da:bfb3",
                "172.27.16.1",
                "fe80::f90c:d738:c01c:abc6",
                "172.28.192.1"
            ],
            "name": "Elmo"
        },
        "winlog": {
            "task": "Process Create (rule: ProcessCreate)",
            "provider_guid": "{5770385f-c22a-43e0-bf4c-06f5698ffbd9}",
            "computer_name": "Elmo",
            "provider_name": "Microsoft-Windows-Sysmon",
            "event_data": {
                "IntegrityLevel": "High",
                "Company": "Microsoft Corporation",
                "ParentProcessId": "22388",
                "ProcessGuid": "{dd01dab0-f52d-633f-7747-010000004600}",
                "CommandLine": "C:\\Windows\\system32\\cmd.exe /c \"tshark -r C:/Users/mrdor/PycharmProjects/Hunterbee/client/tempfiles/Logs/Wireshark/wireshark-logs-1.pcap -T json > C:/Users/mrdor/PycharmProjects/Hunterbee/client/tempfiles/Logs/Wireshark/wireshark-logs-1.json\"",
                "Product": "Microsoft\u00c2\u00ae Windows\u00c2\u00ae Operating System",
                "OriginalFileName": "Cmd.Exe",
                "ParentProcessGuid": "{dd01dab0-f517-633f-4847-010000004600}",
                "ParentUser": "ELMO\\mrdor",
                "UtcTime": "2022-10-07 09:45:17.506",
                "FileVersion": "10.0.19041.746 (WinBuild.160101.0800)",
                "LogonId": "0x262837e6",
                "LogonGuid": "{dd01dab0-b9ee-633f-e637-282600000000}",
                "CurrentDirectory": "C:\\Users\\mrdor\\PycharmProjects\\Hunterbee\\client\\wireshark\\",
                "ParentCommandLine": "C:\\Users\\mrdor\\AppData\\Local\\Programs\\Python\\Python39\\python.exe C:/Users/mrdor/PycharmProjects/Hunterbee/client/wireshark/wireshark_interface.py",
                "Image": "C:\\Windows\\System32\\cmd.exe",
                "Description": "Windows Command Processor",
                "TerminalSessionId": "4",
                "ParentImage": "C:\\Users\\mrdor\\AppData\\Local\\Programs\\Python\\Python39\\python.exe",
                "RuleName": "-",
                "ProcessId": "12664",
                "User": "ELMO\\mrdor",
                "Hashes": "MD5=8A2122E8162DBEF04694B9C3E0B6CDEE"
            }
        }
    },
    "5": {
        "@timestamp": "2022-10-07T09:45:17.519Z",
        "host": {
            "ip": [
                "fe80::7cd2:efa8:dba2:6fc0",
                "169.254.111.192",
                "fe80::e431:7896:8d85:5aa",
                "172.21.208.1",
                "fe80::48ae:546b:7a20:7f52",
                "172.30.112.1",
                "fe80::bc21:1b56:1d1:4b9f",
                "169.254.75.159",
                "fe80::4807:9ca5:cd67:6ac6",
                "169.254.106.198",
                "fe80::e097:4ef1:6314:5a55",
                "169.254.90.85",
                "fe80::d55:b4a9:26a4:7406",
                "192.168.1.102",
                "fe80::211f:b772:c6da:bfb3",
                "172.27.16.1",
                "fe80::f90c:d738:c01c:abc6",
                "172.28.192.1"
            ],
            "name": "Elmo"
        },
        "winlog": {
            "task": "Process Create (rule: ProcessCreate)",
            "event_data": {
                "UtcTime": "2022-10-07 09:45:17.517",
                "FileVersion": "3.6.2",
                "Description": "TShark",
                "TerminalSessionId": "4",
                "RuleName": "-",
                "Product": "TShark",
                "ParentCommandLine": "C:\\Windows\\system32\\cmd.exe /c \"tshark -r C:/Users/mrdor/PycharmProjects/Hunterbee/client/tempfiles/Logs/Wireshark/wireshark-logs-1.pcap -T json > C:/Users/mrdor/PycharmProjects/Hunterbee/client/tempfiles/Logs/Wireshark/wireshark-logs-1.json\"",
                "ProcessId": "8780",
                "Image": "C:\\Program Files\\Wireshark\\tshark.exe",
                "OriginalFileName": "TShark.exe",
                "Hashes": "MD5=2C7476F44C33FE4FE26600AE7AE3900D",
                "ProcessGuid": "{dd01dab0-f52d-633f-7847-010000004600}",
                "ParentImage": "C:\\Windows\\System32\\cmd.exe",
                "ParentUser": "ELMO\\mrdor",
                "IntegrityLevel": "High",
                "Company": "The Wireshark developer community",
                "User": "ELMO\\mrdor",
                "LogonId": "0x262837e6",
                "ParentProcessGuid": "{dd01dab0-f52d-633f-7747-010000004600}",
                "CommandLine": "tshark  -r C:/Users/mrdor/PycharmProjects/Hunterbee/client/tempfiles/Logs/Wireshark/wireshark-logs-1.pcap -T json ",
                "ParentProcessId": "12664",
                "CurrentDirectory": "C:\\Users\\mrdor\\PycharmProjects\\Hunterbee\\client\\wireshark\\",
                "LogonGuid": "{dd01dab0-b9ee-633f-e637-282600000000}"
            },
            "provider_guid": "{5770385f-c22a-43e0-bf4c-06f5698ffbd9}",
            "provider_name": "Microsoft-Windows-Sysmon",
            "computer_name": "Elmo"
        }
    },
    "6": {
        "@timestamp": "2022-10-07T09:45:17.527Z",
        "host": {
            "ip": [
                "fe80::7cd2:efa8:dba2:6fc0",
                "169.254.111.192",
                "fe80::e431:7896:8d85:5aa",
                "172.21.208.1",
                "fe80::48ae:546b:7a20:7f52",
                "172.30.112.1",
                "fe80::bc21:1b56:1d1:4b9f",
                "169.254.75.159",
                "fe80::4807:9ca5:cd67:6ac6",
                "169.254.106.198",
                "fe80::e097:4ef1:6314:5a55",
                "169.254.90.85",
                "fe80::d55:b4a9:26a4:7406",
                "192.168.1.102",
                "fe80::211f:b772:c6da:bfb3",
                "172.27.16.1",
                "fe80::f90c:d738:c01c:abc6",
                "172.28.192.1"
            ],
            "name": "Elmo"
        },
        "winlog": {
            "provider_guid": "{5770385f-c22a-43e0-bf4c-06f5698ffbd9}",
            "provider_name": "Microsoft-Windows-Sysmon",
            "task": "Process Create (rule: ProcessCreate)",
            "event_data": {
                "OriginalFileName": "TiWorker.exe",
                "ParentProcessGuid": "{dd01dab0-dc24-633b-0f00-000000004600}",
                "ParentCommandLine": "C:\\Windows\\system32\\svchost.exe -k DcomLaunch -p",
                "ParentImage": "C:\\Windows\\System32\\svchost.exe",
                "Product": "Microsoft\u00c2\u00ae Windows\u00c2\u00ae Operating System",
                "Company": "Microsoft Corporation",
                "IntegrityLevel": "System",
                "TerminalSessionId": "0",
                "ParentUser": "NT AUTHORITY\\SYSTEM",
                "CommandLine": "C:\\Windows\\winsxs\\amd64_microsoft-windows-servicingstack_31bf3856ad364e35_10.0.19041.1940_none_7dd80d767cb5c7b0\\TiWorker.exe -Embedding",
                "CurrentDirectory": "C:\\Windows\\system32\\",
                "User": "NT AUTHORITY\\SYSTEM",
                "FileVersion": "10.0.19041.1940 (WinBuild.160101.0800)",
                "LogonGuid": "{dd01dab0-dc23-633b-e703-000000000000}",
                "ParentProcessId": "744",
                "RuleName": "-",
                "LogonId": "0x3e7",
                "Hashes": "MD5=5E5B4DFD8F87F3B4C907E7C872BC4866",
                "ProcessId": "6620",
                "Image": "C:\\Windows\\WinSxS\\amd64_microsoft-windows-servicingstack_31bf3856ad364e35_10.0.19041.1940_none_7dd80d767cb5c7b0\\TiWorker.exe",
                "Description": "Windows Modules Installer Worker",
                "UtcTime": "2022-10-07 09:45:17.517",
                "ProcessGuid": "{dd01dab0-f52d-633f-7947-010000004600}"
            },
            "computer_name": "Elmo"
        }
    },
    "7": {
        "@timestamp": "2022-10-07T09:45:17.968Z",
        "host": {
            "name": "Elmo",
            "ip": [
                "fe80::7cd2:efa8:dba2:6fc0",
                "169.254.111.192",
                "fe80::e431:7896:8d85:5aa",
                "172.21.208.1",
                "fe80::48ae:546b:7a20:7f52",
                "172.30.112.1",
                "fe80::bc21:1b56:1d1:4b9f",
                "169.254.75.159",
                "fe80::4807:9ca5:cd67:6ac6",
                "169.254.106.198",
                "fe80::e097:4ef1:6314:5a55",
                "169.254.90.85",
                "fe80::d55:b4a9:26a4:7406",
                "192.168.1.102",
                "fe80::211f:b772:c6da:bfb3",
                "172.27.16.1",
                "fe80::f90c:d738:c01c:abc6",
                "172.28.192.1"
            ]
        },
        "winlog": {
            "computer_name": "Elmo",
            "task": "Process Create (rule: ProcessCreate)",
            "event_data": {
                "FileVersion": "3.6.2",
                "Hashes": "MD5=2C7476F44C33FE4FE26600AE7AE3900D",
                "ParentCommandLine": "C:\\Users\\mrdor\\AppData\\Local\\Programs\\Python\\Python39\\python.exe C:/Users/mrdor/PycharmProjects/Hunterbee/client/wireshark/wireshark_interface.py",
                "ParentProcessId": "22388",
                "LogonGuid": "{dd01dab0-b9ee-633f-e637-282600000000}",
                "ParentProcessGuid": "{dd01dab0-f517-633f-4847-010000004600}",
                "OriginalFileName": "TShark.exe",
                "ParentImage": "C:\\Users\\mrdor\\AppData\\Local\\Programs\\Python\\Python39\\python.exe",
                "RuleName": "-",
                "ProcessId": "14444",
                "Image": "C:\\Program Files\\Wireshark\\tshark.exe",
                "CurrentDirectory": "C:\\Users\\mrdor\\PycharmProjects\\Hunterbee\\client\\wireshark\\",
                "LogonId": "0x262837e6",
                "UtcTime": "2022-10-07 09:45:17.966",
                "IntegrityLevel": "High",
                "ParentUser": "ELMO\\mrdor",
                "TerminalSessionId": "4",
                "User": "ELMO\\mrdor",
                "ProcessGuid": "{dd01dab0-f52d-633f-7a47-010000004600}",
                "Description": "TShark",
                "Company": "The Wireshark developer community",
                "CommandLine": "\"C:/Program Files/Wireshark/tshark.exe\" -D",
                "Product": "TShark"
            },
            "provider_name": "Microsoft-Windows-Sysmon",
            "provider_guid": "{5770385f-c22a-43e0-bf4c-06f5698ffbd9}"
        }
    },
    "8": {
        "@timestamp": "2022-10-07T09:45:18.247Z",
        "winlog": {
            "computer_name": "Elmo",
            "provider_name": "Microsoft-Windows-Sysmon",
            "event_data": {
                "OriginalFileName": "Dumpcap.exe",
                "IntegrityLevel": "High",
                "RuleName": "-",
                "Description": "Dumpcap",
                "LogonGuid": "{dd01dab0-b9ee-633f-e637-282600000000}",
                "Product": "Dumpcap",
                "User": "ELMO\\mrdor",
                "ParentUser": "ELMO\\mrdor",
                "CommandLine": "\"C:\\Program Files\\Wireshark\\dumpcap.exe\" -D -Z none",
                "Hashes": "MD5=A85C48F3129B10CF5593FBF3B02836FF",
                "LogonId": "0x262837e6",
                "CurrentDirectory": "C:\\Users\\mrdor\\PycharmProjects\\Hunterbee\\client\\wireshark\\",
                "FileVersion": "3.6.2",
                "TerminalSessionId": "4",
                "ParentProcessId": "14444",
                "ParentProcessGuid": "{dd01dab0-f52d-633f-7a47-010000004600}",
                "ParentCommandLine": "\"C:/Program Files/Wireshark/tshark.exe\" -D",
                "ProcessGuid": "{dd01dab0-f52e-633f-7b47-010000004600}",
                "ProcessId": "23264",
                "UtcTime": "2022-10-07 09:45:18.245",
                "Image": "C:\\Program Files\\Wireshark\\dumpcap.exe",
                "Company": "The Wireshark developer community",
                "ParentImage": "C:\\Program Files\\Wireshark\\tshark.exe"
            },
            "task": "Process Create (rule: ProcessCreate)",
            "provider_guid": "{5770385f-c22a-43e0-bf4c-06f5698ffbd9}"
        },
        "host": {
            "ip": [
                "fe80::7cd2:efa8:dba2:6fc0",
                "169.254.111.192",
                "fe80::e431:7896:8d85:5aa",
                "172.21.208.1",
                "fe80::48ae:546b:7a20:7f52",
                "172.30.112.1",
                "fe80::bc21:1b56:1d1:4b9f",
                "169.254.75.159",
                "fe80::4807:9ca5:cd67:6ac6",
                "169.254.106.198",
                "fe80::e097:4ef1:6314:5a55",
                "169.254.90.85",
                "fe80::d55:b4a9:26a4:7406",
                "192.168.1.102",
                "fe80::211f:b772:c6da:bfb3",
                "172.27.16.1",
                "fe80::f90c:d738:c01c:abc6",
                "172.28.192.1"
            ],
            "name": "Elmo"
        }
    },
    "9": {
        "@timestamp": "2022-10-07T09:45:18.405Z",
        "host": {
            "ip": [
                "fe80::7cd2:efa8:dba2:6fc0",
                "169.254.111.192",
                "fe80::e431:7896:8d85:5aa",
                "172.21.208.1",
                "fe80::48ae:546b:7a20:7f52",
                "172.30.112.1",
                "fe80::bc21:1b56:1d1:4b9f",
                "169.254.75.159",
                "fe80::4807:9ca5:cd67:6ac6",
                "169.254.106.198",
                "fe80::e097:4ef1:6314:5a55",
                "169.254.90.85",
                "fe80::d55:b4a9:26a4:7406",
                "192.168.1.102",
                "fe80::211f:b772:c6da:bfb3",
                "172.27.16.1",
                "fe80::f90c:d738:c01c:abc6",
                "172.28.192.1"
            ],
            "name": "Elmo"
        },
        "winlog": {
            "provider_guid": "{5770385f-c22a-43e0-bf4c-06f5698ffbd9}",
            "provider_name": "Microsoft-Windows-Sysmon",
            "task": "Process Create (rule: ProcessCreate)",
            "event_data": {
                "Description": "TShark",
                "LogonGuid": "{dd01dab0-b9ee-633f-e637-282600000000}",
                "Image": "C:\\Program Files\\Wireshark\\tshark.exe",
                "Company": "The Wireshark developer community",
                "TerminalSessionId": "4",
                "ProcessId": "4560",
                "LogonId": "0x262837e6",
                "Hashes": "MD5=2C7476F44C33FE4FE26600AE7AE3900D",
                "OriginalFileName": "TShark.exe",
                "ParentProcessGuid": "{dd01dab0-f517-633f-4847-010000004600}",
                "CommandLine": "\"C:/Program Files/Wireshark/tshark.exe\" -v",
                "ParentImage": "C:\\Users\\mrdor\\AppData\\Local\\Programs\\Python\\Python39\\python.exe",
                "Product": "TShark",
                "ProcessGuid": "{dd01dab0-f52e-633f-7d47-010000004600}",
                "FileVersion": "3.6.2",
                "ParentUser": "ELMO\\mrdor",
                "UtcTime": "2022-10-07 09:45:18.397",
                "ParentProcessId": "22388",
                "RuleName": "-",
                "IntegrityLevel": "High",
                "ParentCommandLine": "C:\\Users\\mrdor\\AppData\\Local\\Programs\\Python\\Python39\\python.exe C:/Users/mrdor/PycharmProjects/Hunterbee/client/wireshark/wireshark_interface.py",
                "CurrentDirectory": "C:\\Users\\mrdor\\PycharmProjects\\Hunterbee\\client\\wireshark\\",
                "User": "ELMO\\mrdor"
            },
            "computer_name": "Elmo"
        }
    },
    "10": {
        "@timestamp": "2022-10-07T09:45:18.671Z",
        "winlog": {
            "provider_name": "Microsoft-Windows-Sysmon",
            "event_data": {
                "User": "ELMO\\mrdor",
                "LogonGuid": "{dd01dab0-b9ee-633f-e637-282600000000}",
                "Company": "The Wireshark developer community",
                "CommandLine": "\"C:/Program Files/Wireshark/dumpcap.exe\" -q -i Wi-Fi -w -",
                "LogonId": "0x262837e6",
                "IntegrityLevel": "High",
                "ProcessGuid": "{dd01dab0-f52e-633f-7e47-010000004600}",
                "Hashes": "MD5=A85C48F3129B10CF5593FBF3B02836FF",
                "ParentProcessGuid": "{dd01dab0-f517-633f-4847-010000004600}",
                "RuleName": "-",
                "ParentImage": "C:\\Users\\mrdor\\AppData\\Local\\Programs\\Python\\Python39\\python.exe",
                "Description": "Dumpcap",
                "CurrentDirectory": "C:\\Users\\mrdor\\PycharmProjects\\Hunterbee\\client\\wireshark\\",
                "Product": "Dumpcap",
                "TerminalSessionId": "4",
                "ProcessId": "304",
                "OriginalFileName": "Dumpcap.exe",
                "UtcTime": "2022-10-07 09:45:18.669",
                "Image": "C:\\Program Files\\Wireshark\\dumpcap.exe",
                "ParentUser": "ELMO\\mrdor",
                "FileVersion": "3.6.2",
                "ParentProcessId": "22388",
                "ParentCommandLine": "C:\\Users\\mrdor\\AppData\\Local\\Programs\\Python\\Python39\\python.exe C:/Users/mrdor/PycharmProjects/Hunterbee/client/wireshark/wireshark_interface.py"
            },
            "task": "Process Create (rule: ProcessCreate)",
            "computer_name": "Elmo",
            "provider_guid": "{5770385f-c22a-43e0-bf4c-06f5698ffbd9}"
        },
        "host": {
            "ip": [
                "fe80::7cd2:efa8:dba2:6fc0",
                "169.254.111.192",
                "fe80::e431:7896:8d85:5aa",
                "172.21.208.1",
                "fe80::48ae:546b:7a20:7f52",
                "172.30.112.1",
                "fe80::bc21:1b56:1d1:4b9f",
                "169.254.75.159",
                "fe80::4807:9ca5:cd67:6ac6",
                "169.254.106.198",
                "fe80::e097:4ef1:6314:5a55",
                "169.254.90.85",
                "fe80::d55:b4a9:26a4:7406",
                "192.168.1.102",
                "fe80::211f:b772:c6da:bfb3",
                "172.27.16.1",
                "fe80::f90c:d738:c01c:abc6",
                "172.28.192.1"
            ],
            "name": "Elmo"
        }
    },
    "11": {
        "@timestamp": "2022-10-07T09:45:18.675Z",
        "host": {
            "name": "Elmo",
            "ip": [
                "fe80::7cd2:efa8:dba2:6fc0",
                "169.254.111.192",
                "fe80::e431:7896:8d85:5aa",
                "172.21.208.1",
                "fe80::48ae:546b:7a20:7f52",
                "172.30.112.1",
                "fe80::bc21:1b56:1d1:4b9f",
                "169.254.75.159",
                "fe80::4807:9ca5:cd67:6ac6",
                "169.254.106.198",
                "fe80::e097:4ef1:6314:5a55",
                "169.254.90.85",
                "fe80::d55:b4a9:26a4:7406",
                "192.168.1.102",
                "fe80::211f:b772:c6da:bfb3",
                "172.27.16.1",
                "fe80::f90c:d738:c01c:abc6",
                "172.28.192.1"
            ]
        },
        "winlog": {
            "provider_name": "Microsoft-Windows-Sysmon",
            "task": "Process Create (rule: ProcessCreate)",
            "computer_name": "Elmo",
            "provider_guid": "{5770385f-c22a-43e0-bf4c-06f5698ffbd9}",
            "event_data": {
                "ParentProcessGuid": "{dd01dab0-f517-633f-4847-010000004600}",
                "ProcessGuid": "{dd01dab0-f52e-633f-7f47-010000004600}",
                "LogonId": "0x262837e6",
                "RuleName": "-",
                "Description": "TShark",
                "OriginalFileName": "TShark.exe",
                "Hashes": "MD5=2C7476F44C33FE4FE26600AE7AE3900D",
                "Image": "C:\\Program Files\\Wireshark\\tshark.exe",
                "CommandLine": "\"C:/Program Files/Wireshark/tshark.exe\" -D",
                "LogonGuid": "{dd01dab0-b9ee-633f-e637-282600000000}",
                "ParentProcessId": "22388",
                "TerminalSessionId": "4",
                "IntegrityLevel": "High",
                "Company": "The Wireshark developer community",
                "ProcessId": "7668",
                "User": "ELMO\\mrdor",
                "ParentCommandLine": "C:\\Users\\mrdor\\AppData\\Local\\Programs\\Python\\Python39\\python.exe C:/Users/mrdor/PycharmProjects/Hunterbee/client/wireshark/wireshark_interface.py",
                "UtcTime": "2022-10-07 09:45:18.673",
                "ParentImage": "C:\\Users\\mrdor\\AppData\\Local\\Programs\\Python\\Python39\\python.exe",
                "Product": "TShark",
                "ParentUser": "ELMO\\mrdor",
                "CurrentDirectory": "C:\\Users\\mrdor\\PycharmProjects\\Hunterbee\\client\\wireshark\\",
                "FileVersion": "3.6.2"
            }
        }
    },
    "12": {
        "@timestamp": "2022-10-07T09:45:18.899Z",
        "host": {
            "name": "Elmo",
            "ip": [
                "fe80::7cd2:efa8:dba2:6fc0",
                "169.254.111.192",
                "fe80::e431:7896:8d85:5aa",
                "172.21.208.1",
                "fe80::48ae:546b:7a20:7f52",
                "172.30.112.1",
                "fe80::bc21:1b56:1d1:4b9f",
                "169.254.75.159",
                "fe80::4807:9ca5:cd67:6ac6",
                "169.254.106.198",
                "fe80::e097:4ef1:6314:5a55",
                "169.254.90.85",
                "fe80::d55:b4a9:26a4:7406",
                "192.168.1.102",
                "fe80::211f:b772:c6da:bfb3",
                "172.27.16.1",
                "fe80::f90c:d738:c01c:abc6",
                "172.28.192.1"
            ]
        },
        "winlog": {
            "computer_name": "Elmo",
            "provider_guid": "{5770385f-c22a-43e0-bf4c-06f5698ffbd9}",
            "provider_name": "Microsoft-Windows-Sysmon",
            "task": "Process Create (rule: ProcessCreate)",
            "event_data": {
                "ProcessGuid": "{dd01dab0-f52e-633f-8047-010000004600}",
                "Product": "Dumpcap",
                "User": "ELMO\\mrdor",
                "ParentProcessGuid": "{dd01dab0-f52e-633f-7f47-010000004600}",
                "LogonGuid": "{dd01dab0-b9ee-633f-e637-282600000000}",
                "IntegrityLevel": "High",
                "ProcessId": "3080",
                "CommandLine": "\"C:\\Program Files\\Wireshark\\dumpcap.exe\" -D -Z none",
                "RuleName": "-",
                "ParentImage": "C:\\Program Files\\Wireshark\\tshark.exe",
                "Image": "C:\\Program Files\\Wireshark\\dumpcap.exe",
                "Description": "Dumpcap",
                "ParentCommandLine": "\"C:/Program Files/Wireshark/tshark.exe\" -D",
                "OriginalFileName": "Dumpcap.exe",
                "Company": "The Wireshark developer community",
                "CurrentDirectory": "C:\\Users\\mrdor\\PycharmProjects\\Hunterbee\\client\\wireshark\\",
                "ParentUser": "ELMO\\mrdor",
                "TerminalSessionId": "4",
                "LogonId": "0x262837e6",
                "Hashes": "MD5=A85C48F3129B10CF5593FBF3B02836FF",
                "UtcTime": "2022-10-07 09:45:18.897",
                "FileVersion": "3.6.2",
                "ParentProcessId": "7668"
            }
        }
    },
    "13": {
        "@timestamp": "2022-10-07T09:45:19.045Z",
        "host": {
            "name": "Elmo",
            "ip": [
                "fe80::7cd2:efa8:dba2:6fc0",
                "169.254.111.192",
                "fe80::e431:7896:8d85:5aa",
                "172.21.208.1",
                "fe80::48ae:546b:7a20:7f52",
                "172.30.112.1",
                "fe80::bc21:1b56:1d1:4b9f",
                "169.254.75.159",
                "fe80::4807:9ca5:cd67:6ac6",
                "169.254.106.198",
                "fe80::e097:4ef1:6314:5a55",
                "169.254.90.85",
                "fe80::d55:b4a9:26a4:7406",
                "192.168.1.102",
                "fe80::211f:b772:c6da:bfb3",
                "172.27.16.1",
                "fe80::f90c:d738:c01c:abc6",
                "172.28.192.1"
            ]
        },
        "winlog": {
            "task": "Process Create (rule: ProcessCreate)",
            "computer_name": "Elmo",
            "provider_guid": "{5770385f-c22a-43e0-bf4c-06f5698ffbd9}",
            "event_data": {
                "LogonId": "0x262837e6",
                "Hashes": "MD5=2C7476F44C33FE4FE26600AE7AE3900D",
                "TerminalSessionId": "4",
                "ParentProcessId": "22388",
                "FileVersion": "3.6.2",
                "Product": "TShark",
                "ParentProcessGuid": "{dd01dab0-f517-633f-4847-010000004600}",
                "ParentImage": "C:\\Users\\mrdor\\AppData\\Local\\Programs\\Python\\Python39\\python.exe",
                "OriginalFileName": "TShark.exe",
                "CurrentDirectory": "C:\\Users\\mrdor\\PycharmProjects\\Hunterbee\\client\\wireshark\\",
                "Description": "TShark",
                "ParentCommandLine": "C:\\Users\\mrdor\\AppData\\Local\\Programs\\Python\\Python39\\python.exe C:/Users/mrdor/PycharmProjects/Hunterbee/client/wireshark/wireshark_interface.py",
                "RuleName": "-",
                "UtcTime": "2022-10-07 09:45:19.043",
                "ProcessGuid": "{dd01dab0-f52f-633f-8247-010000004600}",
                "ProcessId": "11148",
                "ParentUser": "ELMO\\mrdor",
                "User": "ELMO\\mrdor",
                "Company": "The Wireshark developer community",
                "LogonGuid": "{dd01dab0-b9ee-633f-e637-282600000000}",
                "IntegrityLevel": "High",
                "Image": "C:\\Program Files\\Wireshark\\tshark.exe",
                "CommandLine": "\"C:/Program Files/Wireshark/tshark.exe\" -l -n -T pdml -c 25 -w C:/Users/mrdor/PycharmProjects/Hunterbee/client/tempfiles/Logs/Wireshark/wireshark-logs-2.pcap -i -"
            },
            "provider_name": "Microsoft-Windows-Sysmon"
        }
    },
    "14": {
        "@timestamp": "2022-10-07T09:45:19.278Z",
        "host": {
            "ip": [
                "fe80::7cd2:efa8:dba2:6fc0",
                "169.254.111.192",
                "fe80::e431:7896:8d85:5aa",
                "172.21.208.1",
                "fe80::48ae:546b:7a20:7f52",
                "172.30.112.1",
                "fe80::bc21:1b56:1d1:4b9f",
                "169.254.75.159",
                "fe80::4807:9ca5:cd67:6ac6",
                "169.254.106.198",
                "fe80::e097:4ef1:6314:5a55",
                "169.254.90.85",
                "fe80::d55:b4a9:26a4:7406",
                "192.168.1.102",
                "fe80::211f:b772:c6da:bfb3",
                "172.27.16.1",
                "fe80::f90c:d738:c01c:abc6",
                "172.28.192.1"
            ],
            "name": "Elmo"
        },
        "winlog": {
            "task": "Process terminated (rule: ProcessTerminate)",
            "computer_name": "Elmo",
            "provider_guid": "{5770385f-c22a-43e0-bf4c-06f5698ffbd9}",
            "provider_name": "Microsoft-Windows-Sysmon",
            "event_data": {
                "ProcessGuid": "{dd01dab0-f513-633f-3547-010000004600}",
                "ProcessId": "8820",
                "Image": "C:\\Users\\mrdor\\AppData\\Local\\Programs\\Python\\Python39\\python.exe",
                "User": "ELMO\\mrdor",
                "RuleName": "-",
                "UtcTime": "2022-10-07 09:45:19.278"
            }
        }
    },
    "15": {
        "@timestamp": "2022-10-07T09:45:19.284Z",
        "host": {
            "ip": [
                "fe80::7cd2:efa8:dba2:6fc0",
                "169.254.111.192",
                "fe80::e431:7896:8d85:5aa",
                "172.21.208.1",
                "fe80::48ae:546b:7a20:7f52",
                "172.30.112.1",
                "fe80::bc21:1b56:1d1:4b9f",
                "169.254.75.159",
                "fe80::4807:9ca5:cd67:6ac6",
                "169.254.106.198",
                "fe80::e097:4ef1:6314:5a55",
                "169.254.90.85",
                "fe80::d55:b4a9:26a4:7406",
                "192.168.1.102",
                "fe80::211f:b772:c6da:bfb3",
                "172.27.16.1",
                "fe80::f90c:d738:c01c:abc6",
                "172.28.192.1"
            ],
            "name": "Elmo"
        },
        "winlog": {
            "task": "Process terminated (rule: ProcessTerminate)",
            "provider_guid": "{5770385f-c22a-43e0-bf4c-06f5698ffbd9}",
            "provider_name": "Microsoft-Windows-Sysmon",
            "event_data": {
                "UtcTime": "2022-10-07 09:45:19.284",
                "ProcessGuid": "{dd01dab0-f513-633f-3347-010000004600}",
                "ProcessId": "6648",
                "Image": "C:\\Users\\mrdor\\PycharmProjects\\Hunterbee\\venv\\Scripts\\python.exe",
                "User": "ELMO\\mrdor",
                "RuleName": "-"
            },
            "computer_name": "Elmo"
        }
    },
    "16": {
        "@timestamp": "2022-10-07T09:45:19.335Z",
        "host": {
            "name": "Elmo",
            "ip": [
                "fe80::7cd2:efa8:dba2:6fc0",
                "169.254.111.192",
                "fe80::e431:7896:8d85:5aa",
                "172.21.208.1",
                "fe80::48ae:546b:7a20:7f52",
                "172.30.112.1",
                "fe80::bc21:1b56:1d1:4b9f",
                "169.254.75.159",
                "fe80::4807:9ca5:cd67:6ac6",
                "169.254.106.198",
                "fe80::e097:4ef1:6314:5a55",
                "169.254.90.85",
                "fe80::d55:b4a9:26a4:7406",
                "192.168.1.102",
                "fe80::211f:b772:c6da:bfb3",
                "172.27.16.1",
                "fe80::f90c:d738:c01c:abc6",
                "172.28.192.1"
            ]
        },
        "winlog": {
            "task": "Process Create (rule: ProcessCreate)",
            "computer_name": "Elmo",
            "provider_name": "Microsoft-Windows-Sysmon",
            "provider_guid": "{5770385f-c22a-43e0-bf4c-06f5698ffbd9}",
            "event_data": {
                "ParentProcessId": "11148",
                "ProcessId": "3116",
                "Hashes": "MD5=A85C48F3129B10CF5593FBF3B02836FF",
                "ParentProcessGuid": "{dd01dab0-f52f-633f-8247-010000004600}",
                "CurrentDirectory": "C:\\Users\\mrdor\\PycharmProjects\\Hunterbee\\client\\wireshark\\",
                "Product": "Dumpcap",
                "TerminalSessionId": "4",
                "LogonGuid": "{dd01dab0-b9ee-633f-e637-282600000000}",
                "LogonId": "0x262837e6",
                "ParentUser": "ELMO\\mrdor",
                "RuleName": "-",
                "OriginalFileName": "Dumpcap.exe",
                "ProcessGuid": "{dd01dab0-f52f-633f-8347-010000004600}",
                "ParentCommandLine": "\"C:/Program Files/Wireshark/tshark.exe\" -l -n -T pdml -c 25 -w C:/Users/mrdor/PycharmProjects/Hunterbee/client/tempfiles/Logs/Wireshark/wireshark-logs-2.pcap -i -",
                "ParentImage": "C:\\Program Files\\Wireshark\\tshark.exe",
                "Image": "C:\\Program Files\\Wireshark\\dumpcap.exe",
                "User": "ELMO\\mrdor",
                "IntegrityLevel": "High",
                "FileVersion": "3.6.2",
                "Company": "The Wireshark developer community",
                "Description": "Dumpcap",
                "CommandLine": "\"C:\\Program Files\\Wireshark\\dumpcap.exe\" -D -Z none",
                "UtcTime": "2022-10-07 09:45:19.333"
            }
        }
    },
    "17": {
        "@timestamp": "2022-10-07T09:45:19.569Z",
        "host": {
            "name": "Elmo",
            "ip": [
                "fe80::7cd2:efa8:dba2:6fc0",
                "169.254.111.192",
                "fe80::e431:7896:8d85:5aa",
                "172.21.208.1",
                "fe80::48ae:546b:7a20:7f52",
                "172.30.112.1",
                "fe80::bc21:1b56:1d1:4b9f",
                "169.254.75.159",
                "fe80::4807:9ca5:cd67:6ac6",
                "169.254.106.198",
                "fe80::e097:4ef1:6314:5a55",
                "169.254.90.85",
                "fe80::d55:b4a9:26a4:7406",
                "192.168.1.102",
                "fe80::211f:b772:c6da:bfb3",
                "172.27.16.1",
                "fe80::f90c:d738:c01c:abc6",
                "172.28.192.1"
            ]
        },
        "winlog": {
            "computer_name": "Elmo",
            "task": "Process Create (rule: ProcessCreate)",
            "event_data": {
                "FileVersion": "3.6.2",
                "User": "ELMO\\mrdor",
                "CommandLine": "\"C:\\Program Files\\Wireshark\\dumpcap.exe\" -n -c 25 -i - -Z 11148 -w C:/Users/mrdor/PycharmProjects/Hunterbee/client/tempfiles/Logs/Wireshark/wireshark-logs-2.pcap",
                "ParentProcessId": "11148",
                "CurrentDirectory": "C:\\Users\\mrdor\\PycharmProjects\\Hunterbee\\client\\wireshark\\",
                "IntegrityLevel": "High",
                "ParentProcessGuid": "{dd01dab0-f52f-633f-8247-010000004600}",
                "TerminalSessionId": "4",
                "Hashes": "MD5=A85C48F3129B10CF5593FBF3B02836FF",
                "ProcessGuid": "{dd01dab0-f52f-633f-8547-010000004600}",
                "UtcTime": "2022-10-07 09:45:19.567",
                "Description": "Dumpcap",
                "ParentUser": "ELMO\\mrdor",
                "LogonId": "0x262837e6",
                "LogonGuid": "{dd01dab0-b9ee-633f-e637-282600000000}",
                "ParentCommandLine": "\"C:/Program Files/Wireshark/tshark.exe\" -l -n -T pdml -c 25 -w C:/Users/mrdor/PycharmProjects/Hunterbee/client/tempfiles/Logs/Wireshark/wireshark-logs-2.pcap -i -",
                "Image": "C:\\Program Files\\Wireshark\\dumpcap.exe",
                "ParentImage": "C:\\Program Files\\Wireshark\\tshark.exe",
                "Company": "The Wireshark developer community",
                "OriginalFileName": "Dumpcap.exe",
                "Product": "Dumpcap",
                "RuleName": "-",
                "ProcessId": "22508"
            },
            "provider_guid": "{5770385f-c22a-43e0-bf4c-06f5698ffbd9}",
            "provider_name": "Microsoft-Windows-Sysmon"
        }
    },
    "18": {
        "@timestamp": "2022-10-07T09:45:20.253Z",
        "host": {
            "ip": [
                "fe80::7cd2:efa8:dba2:6fc0",
                "169.254.111.192",
                "fe80::e431:7896:8d85:5aa",
                "172.21.208.1",
                "fe80::48ae:546b:7a20:7f52",
                "172.30.112.1",
                "fe80::bc21:1b56:1d1:4b9f",
                "169.254.75.159",
                "fe80::4807:9ca5:cd67:6ac6",
                "169.254.106.198",
                "fe80::e097:4ef1:6314:5a55",
                "169.254.90.85",
                "fe80::d55:b4a9:26a4:7406",
                "192.168.1.102",
                "fe80::211f:b772:c6da:bfb3",
                "172.27.16.1",
                "fe80::f90c:d738:c01c:abc6",
                "172.28.192.1"
            ],
            "name": "Elmo"
        },
        "winlog": {
            "event_data": {
                "CurrentDirectory": "C:\\Users\\mrdor\\PycharmProjects\\Hunterbee\\",
                "LogonId": "0x262837e6",
                "Company": "JetBrains s.r.o.",
                "Hashes": "MD5=23E6EC0009C0C7081DB498A691B89E87",
                "UtcTime": "2022-10-07 09:45:20.240",
                "CommandLine": "\"C:\\Program Files\\JetBrains\\PyCharm 2021.3\\bin\\runnerw.exe\" \"C:\\Program Files\\Git\\cmd\\git.exe\" -c credential.helper= -c core.quotepath=false -c log.showSignature=false status --porcelain -z --untracked-files=no --ignored=no -- client/tempfiles/Logs/Sysmon/sysmon-logs-39.json client/tempfiles/Logs/Sysmon/sysmon-logs-40.json client/tempfiles/Logs/Sysmon/sysmon-logs-41.json client/tempfiles/Logs/Sysmon/sysmon-logs-42.json client/tempfiles/Logs/Sysmon/sysmon-logs-62.json client/tempfiles/Logs/Sysmon/sysmon-logs-63.json client/tempfiles/Logs/Sysmon/sysmon-logs-64.json client/tempfiles/Logs/Sysmon/winlogbeat-20221007-65.ndjson client/tempfiles/Logs/Sysmon/winlogbeat-20221007-66.ndjson client/tempfiles/Logs/Wireshark/wireshark-logs-1.json client/tempfiles/Logs/Wireshark/wireshark-logs-1.pcap",
                "User": "ELMO\\mrdor",
                "FileVersion": "1.0.0.1",
                "Product": "IntelliJ Platform",
                "RuleName": "-",
