                "ProcessGuid": "{dd01dab0-f827-633f-294e-010000004600}",
                "ProcessId": "484",
                "ParentUser": "ELMO\\mrdor",
                "TerminalSessionId": "4",
                "Hashes": "MD5=2C7476F44C33FE4FE26600AE7AE3900D",
                "ParentCommandLine": "C:\\Users\\mrdor\\AppData\\Local\\Programs\\Python\\Python39\\python.exe C:/Users/mrdor/PycharmProjects/Hunterbee/client/wireshark/wireshark_interface.py",
                "User": "ELMO\\mrdor",
                "LogonGuid": "{dd01dab0-b9ee-633f-e637-282600000000}",
                "LogonId": "0x262837e6",
                "ParentProcessGuid": "{dd01dab0-f517-633f-4847-010000004600}",
                "FileVersion": "3.6.2",
                "ParentProcessId": "22388",
                "UtcTime": "2022-10-07 09:57:59.073",
                "IntegrityLevel": "High"
            }
        }
    },
    "288": {
        "@timestamp": "2022-10-07T09:57:59.313Z",
        "host": {
            "ip": [
                "fe80::7cd2:efa8:dba2:6fc0",
                "169.254.111.192",
                "fe80::e431:7896:8d85:5aa",
                "172.21.208.1",
                "fe80::48ae:546b:7a20:7f52",
                "172.30.112.1",
                "fe80::bc21:1b56:1d1:4b9f",
                "169.254.75.159",
                "fe80::4807:9ca5:cd67:6ac6",
                "169.254.106.198",
                "fe80::e097:4ef1:6314:5a55",
                "169.254.90.85",
                "fe80::d55:b4a9:26a4:7406",
                "192.168.1.102",
                "fe80::211f:b772:c6da:bfb3",
                "172.27.16.1",
                "fe80::f90c:d738:c01c:abc6",
                "172.28.192.1"
            ],
            "name": "Elmo"
        },
        "winlog": {
            "provider_name": "Microsoft-Windows-Sysmon",
            "event_data": {
                "Product": "Dumpcap",
                "LogonId": "0x262837e6",
                "Image": "C:\\Program Files\\Wireshark\\dumpcap.exe",
                "ProcessGuid": "{dd01dab0-f827-633f-2a4e-010000004600}",
                "OriginalFileName": "Dumpcap.exe",
                "TerminalSessionId": "4",
                "ParentProcessId": "484",
                "ParentUser": "ELMO\\mrdor",
                "CommandLine": "\"C:\\Program Files\\Wireshark\\dumpcap.exe\" -D -Z none",
                "LogonGuid": "{dd01dab0-b9ee-633f-e637-282600000000}",
                "Description": "Dumpcap",
                "UtcTime": "2022-10-07 09:57:59.311",
                "Hashes": "MD5=A85C48F3129B10CF5593FBF3B02836FF",
                "CurrentDirectory": "C:\\Users\\mrdor\\PycharmProjects\\Hunterbee\\client\\wireshark\\",
                "RuleName": "-",
                "ParentImage": "C:\\Program Files\\Wireshark\\tshark.exe",
                "ParentProcessGuid": "{dd01dab0-f827-633f-294e-010000004600}",
                "ParentCommandLine": "\"C:/Program Files/Wireshark/tshark.exe\" -D",
                "FileVersion": "3.6.2",
                "ProcessId": "17728",
                "IntegrityLevel": "High",
                "Company": "The Wireshark developer community",
                "User": "ELMO\\mrdor"
            },
            "computer_name": "Elmo",
            "provider_guid": "{5770385f-c22a-43e0-bf4c-06f5698ffbd9}",
            "task": "Process Create (rule: ProcessCreate)"
        }
    },
    "289": {
        "@timestamp": "2022-10-07T09:57:59.467Z",
        "host": {
            "ip": [
                "fe80::7cd2:efa8:dba2:6fc0",
                "169.254.111.192",
                "fe80::e431:7896:8d85:5aa",
                "172.21.208.1",
                "fe80::48ae:546b:7a20:7f52",
                "172.30.112.1",
                "fe80::bc21:1b56:1d1:4b9f",
                "169.254.75.159",
                "fe80::4807:9ca5:cd67:6ac6",
                "169.254.106.198",
                "fe80::e097:4ef1:6314:5a55",
                "169.254.90.85",
                "fe80::d55:b4a9:26a4:7406",
                "192.168.1.102",
                "fe80::211f:b772:c6da:bfb3",
                "172.27.16.1",
                "fe80::f90c:d738:c01c:abc6",
                "172.28.192.1"
            ],
            "name": "Elmo"
        },
        "winlog": {
            "provider_guid": "{5770385f-c22a-43e0-bf4c-06f5698ffbd9}",
            "provider_name": "Microsoft-Windows-Sysmon",
            "event_data": {
                "LogonId": "0x262837e6",
                "ProcessId": "10604",
                "OriginalFileName": "TShark.exe",
                "Company": "The Wireshark developer community",
                "ParentCommandLine": "C:\\Users\\mrdor\\AppData\\Local\\Programs\\Python\\Python39\\python.exe C:/Users/mrdor/PycharmProjects/Hunterbee/client/wireshark/wireshark_interface.py",
                "Image": "C:\\Program Files\\Wireshark\\tshark.exe",
                "Hashes": "MD5=2C7476F44C33FE4FE26600AE7AE3900D",
                "IntegrityLevel": "High",
                "ParentImage": "C:\\Users\\mrdor\\AppData\\Local\\Programs\\Python\\Python39\\python.exe",
                "UtcTime": "2022-10-07 09:57:59.465",
                "ParentUser": "ELMO\\mrdor",
                "ParentProcessId": "22388",
                "Product": "TShark",
                "ProcessGuid": "{dd01dab0-f827-633f-2c4e-010000004600}",
                "User": "ELMO\\mrdor",
                "ParentProcessGuid": "{dd01dab0-f517-633f-4847-010000004600}",
                "FileVersion": "3.6.2",
                "CommandLine": "\"C:/Program Files/Wireshark/tshark.exe\" -l -n -T pdml -c 25 -w C:/Users/mrdor/PycharmProjects/Hunterbee/client/tempfiles/Logs/Wireshark/wireshark-logs-110.pcap -i -",
                "CurrentDirectory": "C:\\Users\\mrdor\\PycharmProjects\\Hunterbee\\client\\wireshark\\",
                "TerminalSessionId": "4",
                "LogonGuid": "{dd01dab0-b9ee-633f-e637-282600000000}",
                "Description": "TShark",
                "RuleName": "-"
            },
            "task": "Process Create (rule: ProcessCreate)",
            "computer_name": "Elmo"
        }
    },
    "290": {
        "@timestamp": "2022-10-07T09:57:59.716Z",
        "host": {
            "name": "Elmo",
            "ip": [
                "fe80::7cd2:efa8:dba2:6fc0",
                "169.254.111.192",
                "fe80::e431:7896:8d85:5aa",
                "172.21.208.1",
                "fe80::48ae:546b:7a20:7f52",
                "172.30.112.1",
                "fe80::bc21:1b56:1d1:4b9f",
                "169.254.75.159",
                "fe80::4807:9ca5:cd67:6ac6",
                "169.254.106.198",
                "fe80::e097:4ef1:6314:5a55",
                "169.254.90.85",
                "fe80::d55:b4a9:26a4:7406",
                "192.168.1.102",
                "fe80::211f:b772:c6da:bfb3",
                "172.27.16.1",
                "fe80::f90c:d738:c01c:abc6",
                "172.28.192.1"
            ]
        },
        "winlog": {
            "task": "Process Create (rule: ProcessCreate)",
            "event_data": {
                "ParentProcessId": "10604",
                "ProcessId": "14528",
                "UtcTime": "2022-10-07 09:57:59.714",
                "Hashes": "MD5=A85C48F3129B10CF5593FBF3B02836FF",
                "LogonId": "0x262837e6",
                "ParentImage": "C:\\Program Files\\Wireshark\\tshark.exe",
                "CurrentDirectory": "C:\\Users\\mrdor\\PycharmProjects\\Hunterbee\\client\\wireshark\\",
                "ProcessGuid": "{dd01dab0-f827-633f-2d4e-010000004600}",
                "Description": "Dumpcap",
                "RuleName": "-",
                "FileVersion": "3.6.2",
                "Product": "Dumpcap",
                "ParentProcessGuid": "{dd01dab0-f827-633f-2c4e-010000004600}",
                "OriginalFileName": "Dumpcap.exe",
                "TerminalSessionId": "4",
                "IntegrityLevel": "High",
                "User": "ELMO\\mrdor",
                "ParentCommandLine": "\"C:/Program Files/Wireshark/tshark.exe\" -l -n -T pdml -c 25 -w C:/Users/mrdor/PycharmProjects/Hunterbee/client/tempfiles/Logs/Wireshark/wireshark-logs-110.pcap -i -",
                "ParentUser": "ELMO\\mrdor",
                "Company": "The Wireshark developer community",
                "Image": "C:\\Program Files\\Wireshark\\dumpcap.exe",
                "CommandLine": "\"C:\\Program Files\\Wireshark\\dumpcap.exe\" -D -Z none",
                "LogonGuid": "{dd01dab0-b9ee-633f-e637-282600000000}"
            },
            "computer_name": "Elmo",
            "provider_name": "Microsoft-Windows-Sysmon",
            "provider_guid": "{5770385f-c22a-43e0-bf4c-06f5698ffbd9}"
        }
    },
    "291": {
        "@timestamp": "2022-10-07T09:57:59.939Z",
        "winlog": {
            "task": "Process Create (rule: ProcessCreate)",
            "computer_name": "Elmo",
            "event_data": {
                "OriginalFileName": "Dumpcap.exe",
                "Image": "C:\\Program Files\\Wireshark\\dumpcap.exe",
                "ParentProcessGuid": "{dd01dab0-f827-633f-2c4e-010000004600}",
                "ParentProcessId": "10604",
                "ParentImage": "C:\\Program Files\\Wireshark\\tshark.exe",
                "Description": "Dumpcap",
                "Product": "Dumpcap",
                "Company": "The Wireshark developer community",
                "Hashes": "MD5=A85C48F3129B10CF5593FBF3B02836FF",
                "TerminalSessionId": "4",
                "ParentUser": "ELMO\\mrdor",
                "ProcessGuid": "{dd01dab0-f827-633f-2f4e-010000004600}",
                "IntegrityLevel": "High",
                "ProcessId": "13540",
                "RuleName": "-",
                "LogonGuid": "{dd01dab0-b9ee-633f-e637-282600000000}",
                "LogonId": "0x262837e6",
                "ParentCommandLine": "\"C:/Program Files/Wireshark/tshark.exe\" -l -n -T pdml -c 25 -w C:/Users/mrdor/PycharmProjects/Hunterbee/client/tempfiles/Logs/Wireshark/wireshark-logs-110.pcap -i -",
                "CommandLine": "\"C:\\Program Files\\Wireshark\\dumpcap.exe\" -n -c 25 -i - -Z 10604 -w C:/Users/mrdor/PycharmProjects/Hunterbee/client/tempfiles/Logs/Wireshark/wireshark-logs-110.pcap",
                "UtcTime": "2022-10-07 09:57:59.937",
                "User": "ELMO\\mrdor",
                "CurrentDirectory": "C:\\Users\\mrdor\\PycharmProjects\\Hunterbee\\client\\wireshark\\",
                "FileVersion": "3.6.2"
            },
            "provider_name": "Microsoft-Windows-Sysmon",
            "provider_guid": "{5770385f-c22a-43e0-bf4c-06f5698ffbd9}"
        },
        "host": {
            "ip": [
                "fe80::7cd2:efa8:dba2:6fc0",
                "169.254.111.192",
                "fe80::e431:7896:8d85:5aa",
                "172.21.208.1",
                "fe80::48ae:546b:7a20:7f52",
                "172.30.112.1",
                "fe80::bc21:1b56:1d1:4b9f",
                "169.254.75.159",
                "fe80::4807:9ca5:cd67:6ac6",
                "169.254.106.198",
                "fe80::e097:4ef1:6314:5a55",
                "169.254.90.85",
                "fe80::d55:b4a9:26a4:7406",
                "192.168.1.102",
                "fe80::211f:b772:c6da:bfb3",
                "172.27.16.1",
                "fe80::f90c:d738:c01c:abc6",
                "172.28.192.1"
            ],
            "name": "Elmo"
        }
    },
    "292": {
        "@timestamp": "2022-10-07T09:58:00.286Z",
        "host": {
            "ip": [
                "fe80::7cd2:efa8:dba2:6fc0",
                "169.254.111.192",
                "fe80::e431:7896:8d85:5aa",
                "172.21.208.1",
                "fe80::48ae:546b:7a20:7f52",
                "172.30.112.1",
                "fe80::bc21:1b56:1d1:4b9f",
                "169.254.75.159",
                "fe80::4807:9ca5:cd67:6ac6",
                "169.254.106.198",
                "fe80::e097:4ef1:6314:5a55",
                "169.254.90.85",
                "fe80::d55:b4a9:26a4:7406",
                "192.168.1.102",
                "fe80::211f:b772:c6da:bfb3",
                "172.27.16.1",
                "fe80::f90c:d738:c01c:abc6",
                "172.28.192.1"
            ],
            "name": "Elmo"
        },
        "winlog": {
            "event_data": {
                "TerminalSessionId": "4",
                "IntegrityLevel": "High",
                "ParentImage": "C:\\Users\\mrdor\\AppData\\Local\\Programs\\Python\\Python39\\python.exe",
                "ProcessGuid": "{dd01dab0-f828-633f-314e-010000004600}",
                "Product": "Microsoft\u00c2\u00ae Windows\u00c2\u00ae Operating System",
                "CurrentDirectory": "C:\\Users\\mrdor\\PycharmProjects\\Hunterbee\\client\\wireshark\\",
                "Hashes": "MD5=8A2122E8162DBEF04694B9C3E0B6CDEE",
                "ParentCommandLine": "C:\\Users\\mrdor\\AppData\\Local\\Programs\\Python\\Python39\\python.exe C:/Users/mrdor/PycharmProjects/Hunterbee/client/wireshark/wireshark_interface.py",
                "LogonGuid": "{dd01dab0-b9ee-633f-e637-282600000000}",
                "UtcTime": "2022-10-07 09:58:00.284",
                "Description": "Windows Command Processor",
                "RuleName": "-",
                "ParentUser": "ELMO\\mrdor",
                "ProcessId": "13232",
                "Image": "C:\\Windows\\System32\\cmd.exe",
                "Company": "Microsoft Corporation",
                "User": "ELMO\\mrdor",
                "ParentProcessGuid": "{dd01dab0-f517-633f-4847-010000004600}",
                "LogonId": "0x262837e6",
                "OriginalFileName": "Cmd.Exe",
                "ParentProcessId": "22388",
                "FileVersion": "10.0.19041.746 (WinBuild.160101.0800)",
                "CommandLine": "C:\\Windows\\system32\\cmd.exe /c \"tshark -r C:/Users/mrdor/PycharmProjects/Hunterbee/client/tempfiles/Logs/Wireshark/wireshark-logs-110.pcap -T json > C:/Users/mrdor/PycharmProjects/Hunterbee/client/tempfiles/Logs/Wireshark/wireshark-logs-110.json\""
            },
            "computer_name": "Elmo",
            "provider_guid": "{5770385f-c22a-43e0-bf4c-06f5698ffbd9}",
            "provider_name": "Microsoft-Windows-Sysmon",
            "task": "Process Create (rule: ProcessCreate)"
        }
    },
    "293": {
        "@timestamp": "2022-10-07T09:58:00.296Z",
        "winlog": {
            "task": "Process Create (rule: ProcessCreate)",
            "computer_name": "Elmo",
            "provider_guid": "{5770385f-c22a-43e0-bf4c-06f5698ffbd9}",
            "event_data": {
                "ParentUser": "ELMO\\mrdor",
                "ParentProcessGuid": "{dd01dab0-f828-633f-314e-010000004600}",
                "Image": "C:\\Program Files\\Wireshark\\tshark.exe",
                "IntegrityLevel": "High",
                "TerminalSessionId": "4",
                "LogonId": "0x262837e6",
                "Description": "TShark",
                "LogonGuid": "{dd01dab0-b9ee-633f-e637-282600000000}",
                "CommandLine": "tshark  -r C:/Users/mrdor/PycharmProjects/Hunterbee/client/tempfiles/Logs/Wireshark/wireshark-logs-110.pcap -T json ",
                "Product": "TShark",
                "ParentImage": "C:\\Windows\\System32\\cmd.exe",
                "RuleName": "-",
                "Company": "The Wireshark developer community",
                "OriginalFileName": "TShark.exe",
                "Hashes": "MD5=2C7476F44C33FE4FE26600AE7AE3900D",
                "UtcTime": "2022-10-07 09:58:00.294",
                "ProcessId": "21372",
                "ParentProcessId": "13232",
                "FileVersion": "3.6.2",
                "ParentCommandLine": "C:\\Windows\\system32\\cmd.exe /c \"tshark -r C:/Users/mrdor/PycharmProjects/Hunterbee/client/tempfiles/Logs/Wireshark/wireshark-logs-110.pcap -T json > C:/Users/mrdor/PycharmProjects/Hunterbee/client/tempfiles/Logs/Wireshark/wireshark-logs-110.json\"",
                "User": "ELMO\\mrdor",
                "ProcessGuid": "{dd01dab0-f828-633f-324e-010000004600}",
                "CurrentDirectory": "C:\\Users\\mrdor\\PycharmProjects\\Hunterbee\\client\\wireshark\\"
            },
            "provider_name": "Microsoft-Windows-Sysmon"
        },
        "host": {
            "name": "Elmo",
            "ip": [
                "fe80::7cd2:efa8:dba2:6fc0",
                "169.254.111.192",
                "fe80::e431:7896:8d85:5aa",
                "172.21.208.1",
                "fe80::48ae:546b:7a20:7f52",
                "172.30.112.1",
                "fe80::bc21:1b56:1d1:4b9f",
                "169.254.75.159",
                "fe80::4807:9ca5:cd67:6ac6",
                "169.254.106.198",
                "fe80::e097:4ef1:6314:5a55",
                "169.254.90.85",
                "fe80::d55:b4a9:26a4:7406",
                "192.168.1.102",
                "fe80::211f:b772:c6da:bfb3",
                "172.27.16.1",
                "fe80::f90c:d738:c01c:abc6",
                "172.28.192.1"
            ]
        }
    },
    "294": {
        "@timestamp": "2022-10-07T09:58:00.685Z",
        "winlog": {
            "computer_name": "Elmo",
            "provider_guid": "{5770385f-c22a-43e0-bf4c-06f5698ffbd9}",
            "provider_name": "Microsoft-Windows-Sysmon",
            "event_data": {
                "Image": "C:\\Program Files\\Wireshark\\tshark.exe",
                "Company": "The Wireshark developer community",
                "CurrentDirectory": "C:\\Users\\mrdor\\PycharmProjects\\Hunterbee\\client\\wireshark\\",
                "Description": "TShark",
                "OriginalFileName": "TShark.exe",
                "ParentImage": "C:\\Users\\mrdor\\AppData\\Local\\Programs\\Python\\Python39\\python.exe",
                "ParentProcessGuid": "{dd01dab0-f517-633f-4847-010000004600}",
                "ProcessGuid": "{dd01dab0-f828-633f-334e-010000004600}",
                "FileVersion": "3.6.2",
                "User": "ELMO\\mrdor",
                "IntegrityLevel": "High",
                "CommandLine": "\"C:/Program Files/Wireshark/tshark.exe\" -D",
                "ParentCommandLine": "C:\\Users\\mrdor\\AppData\\Local\\Programs\\Python\\Python39\\python.exe C:/Users/mrdor/PycharmProjects/Hunterbee/client/wireshark/wireshark_interface.py",
                "Product": "TShark",
                "LogonId": "0x262837e6",
                "UtcTime": "2022-10-07 09:58:00.682",
                "ProcessId": "16852",
                "ParentProcessId": "22388",
                "RuleName": "-",
                "TerminalSessionId": "4",
                "ParentUser": "ELMO\\mrdor",
                "LogonGuid": "{dd01dab0-b9ee-633f-e637-282600000000}",
                "Hashes": "MD5=2C7476F44C33FE4FE26600AE7AE3900D"
            },
            "task": "Process Create (rule: ProcessCreate)"
        },
        "host": {
            "name": "Elmo",
            "ip": [
                "fe80::7cd2:efa8:dba2:6fc0",
                "169.254.111.192",
                "fe80::e431:7896:8d85:5aa",
                "172.21.208.1",
                "fe80::48ae:546b:7a20:7f52",
                "172.30.112.1",
                "fe80::bc21:1b56:1d1:4b9f",
                "169.254.75.159",
                "fe80::4807:9ca5:cd67:6ac6",
                "169.254.106.198",
                "fe80::e097:4ef1:6314:5a55",
                "169.254.90.85",
                "fe80::d55:b4a9:26a4:7406",
                "192.168.1.102",
                "fe80::211f:b772:c6da:bfb3",
                "172.27.16.1",
                "fe80::f90c:d738:c01c:abc6",
                "172.28.192.1"
            ]
        }
    },
    "295": {
        "@timestamp": "2022-10-07T09:58:00.939Z",
        "host": {
            "ip": [
                "fe80::7cd2:efa8:dba2:6fc0",
                "169.254.111.192",
                "fe80::e431:7896:8d85:5aa",
                "172.21.208.1",
                "fe80::48ae:546b:7a20:7f52",
                "172.30.112.1",
                "fe80::bc21:1b56:1d1:4b9f",
                "169.254.75.159",
                "fe80::4807:9ca5:cd67:6ac6",
                "169.254.106.198",
                "fe80::e097:4ef1:6314:5a55",
                "169.254.90.85",
                "fe80::d55:b4a9:26a4:7406",
                "192.168.1.102",
                "fe80::211f:b772:c6da:bfb3",
                "172.27.16.1",
                "fe80::f90c:d738:c01c:abc6",
                "172.28.192.1"
            ],
            "name": "Elmo"
        },
        "winlog": {
            "computer_name": "Elmo",
            "provider_guid": "{5770385f-c22a-43e0-bf4c-06f5698ffbd9}",
            "provider_name": "Microsoft-Windows-Sysmon",
            "event_data": {
                "Hashes": "MD5=A85C48F3129B10CF5593FBF3B02836FF",
                "Image": "C:\\Program Files\\Wireshark\\dumpcap.exe",
                "RuleName": "-",
                "ProcessGuid": "{dd01dab0-f828-633f-344e-010000004600}",
                "Product": "Dumpcap",
                "LogonGuid": "{dd01dab0-b9ee-633f-e637-282600000000}",
                "ParentCommandLine": "\"C:/Program Files/Wireshark/tshark.exe\" -D",
                "UtcTime": "2022-10-07 09:58:00.938",
                "FileVersion": "3.6.2",
                "ParentProcessId": "16852",
                "CommandLine": "\"C:\\Program Files\\Wireshark\\dumpcap.exe\" -D -Z none",
                "Company": "The Wireshark developer community",
                "LogonId": "0x262837e6",
                "ParentProcessGuid": "{dd01dab0-f828-633f-334e-010000004600}",
                "User": "ELMO\\mrdor",
                "IntegrityLevel": "High",
                "ParentImage": "C:\\Program Files\\Wireshark\\tshark.exe",
                "Description": "Dumpcap",
                "TerminalSessionId": "4",
                "ParentUser": "ELMO\\mrdor",
                "ProcessId": "152",
                "OriginalFileName": "Dumpcap.exe",
                "CurrentDirectory": "C:\\Users\\mrdor\\PycharmProjects\\Hunterbee\\client\\wireshark\\"
            },
            "task": "Process Create (rule: ProcessCreate)"
        }
    },
    "296": {
        "@timestamp": "2022-10-07T09:58:01.082Z",
        "host": {
            "ip": [
                "fe80::7cd2:efa8:dba2:6fc0",
                "169.254.111.192",
                "fe80::e431:7896:8d85:5aa",
                "172.21.208.1",
                "fe80::48ae:546b:7a20:7f52",
                "172.30.112.1",
                "fe80::bc21:1b56:1d1:4b9f",
                "169.254.75.159",
                "fe80::4807:9ca5:cd67:6ac6",
                "169.254.106.198",
                "fe80::e097:4ef1:6314:5a55",
                "169.254.90.85",
                "fe80::d55:b4a9:26a4:7406",
                "192.168.1.102",
                "fe80::211f:b772:c6da:bfb3",
                "172.27.16.1",
                "fe80::f90c:d738:c01c:abc6",
                "172.28.192.1"
            ],
            "name": "Elmo"
        },
        "winlog": {
            "task": "Process Create (rule: ProcessCreate)",
            "event_data": {
                "ParentProcessId": "22388",
                "UtcTime": "2022-10-07 09:58:01.081",
                "ParentProcessGuid": "{dd01dab0-f517-633f-4847-010000004600}",
                "LogonId": "0x262837e6",
                "ParentImage": "C:\\Users\\mrdor\\AppData\\Local\\Programs\\Python\\Python39\\python.exe",
                "Image": "C:\\Program Files\\Wireshark\\tshark.exe",
                "CommandLine": "\"C:/Program Files/Wireshark/tshark.exe\" -v",
                "LogonGuid": "{dd01dab0-b9ee-633f-e637-282600000000}",
                "User": "ELMO\\mrdor",
                "TerminalSessionId": "4",
                "RuleName": "-",
                "IntegrityLevel": "High",
                "ProcessGuid": "{dd01dab0-f829-633f-364e-010000004600}",
                "Company": "The Wireshark developer community",
                "ProcessId": "19164",
                "FileVersion": "3.6.2",
                "Description": "TShark",
                "OriginalFileName": "TShark.exe",
                "CurrentDirectory": "C:\\Users\\mrdor\\PycharmProjects\\Hunterbee\\client\\wireshark\\",
                "Hashes": "MD5=2C7476F44C33FE4FE26600AE7AE3900D",
                "ParentCommandLine": "C:\\Users\\mrdor\\AppData\\Local\\Programs\\Python\\Python39\\python.exe C:/Users/mrdor/PycharmProjects/Hunterbee/client/wireshark/wireshark_interface.py",
                "ParentUser": "ELMO\\mrdor",
                "Product": "TShark"
            },
            "provider_name": "Microsoft-Windows-Sysmon",
            "provider_guid": "{5770385f-c22a-43e0-bf4c-06f5698ffbd9}",
            "computer_name": "Elmo"
        }
    },
    "297": {
        "@timestamp": "2022-10-07T09:58:01.342Z",
        "host": {
            "name": "Elmo",
            "ip": [
                "fe80::7cd2:efa8:dba2:6fc0",
                "169.254.111.192",
                "fe80::e431:7896:8d85:5aa",
                "172.21.208.1",
                "fe80::48ae:546b:7a20:7f52",
                "172.30.112.1",
                "fe80::bc21:1b56:1d1:4b9f",
                "169.254.75.159",
                "fe80::4807:9ca5:cd67:6ac6",
                "169.254.106.198",
                "fe80::e097:4ef1:6314:5a55",
                "169.254.90.85",
                "fe80::d55:b4a9:26a4:7406",
                "192.168.1.102",
                "fe80::211f:b772:c6da:bfb3",
                "172.27.16.1",
                "fe80::f90c:d738:c01c:abc6",
                "172.28.192.1"
            ]
        },
        "winlog": {
            "provider_guid": "{5770385f-c22a-43e0-bf4c-06f5698ffbd9}",
            "computer_name": "Elmo",
            "event_data": {
                "CurrentDirectory": "C:\\Users\\mrdor\\PycharmProjects\\Hunterbee\\client\\wireshark\\",
                "Company": "The Wireshark developer community",
                "ParentUser": "ELMO\\mrdor",
                "ProcessGuid": "{dd01dab0-f829-633f-374e-010000004600}",
                "RuleName": "-",
                "FileVersion": "3.6.2",
                "IntegrityLevel": "High",
                "Product": "Dumpcap",
                "LogonId": "0x262837e6",
                "ParentProcessId": "22388",
                "ParentImage": "C:\\Users\\mrdor\\AppData\\Local\\Programs\\Python\\Python39\\python.exe",
                "Image": "C:\\Program Files\\Wireshark\\dumpcap.exe",
                "OriginalFileName": "Dumpcap.exe",
                "User": "ELMO\\mrdor",
                "ParentCommandLine": "C:\\Users\\mrdor\\AppData\\Local\\Programs\\Python\\Python39\\python.exe C:/Users/mrdor/PycharmProjects/Hunterbee/client/wireshark/wireshark_interface.py",
                "TerminalSessionId": "4",
                "CommandLine": "\"C:/Program Files/Wireshark/dumpcap.exe\" -q -i Wi-Fi -w -",
                "LogonGuid": "{dd01dab0-b9ee-633f-e637-282600000000}",
                "Hashes": "MD5=A85C48F3129B10CF5593FBF3B02836FF",
                "UtcTime": "2022-10-07 09:58:01.340",
                "Description": "Dumpcap",
                "ProcessId": "21108",
                "ParentProcessGuid": "{dd01dab0-f517-633f-4847-010000004600}"
            },
            "provider_name": "Microsoft-Windows-Sysmon",
            "task": "Process Create (rule: ProcessCreate)"
        }
    },
    "298": {
        "@timestamp": "2022-10-07T09:58:01.346Z",
        "host": {
            "name": "Elmo",
            "ip": [
                "fe80::7cd2:efa8:dba2:6fc0",
                "169.254.111.192",
                "fe80::e431:7896:8d85:5aa",
                "172.21.208.1",
                "fe80::48ae:546b:7a20:7f52",
                "172.30.112.1",
                "fe80::bc21:1b56:1d1:4b9f",
                "169.254.75.159",
                "fe80::4807:9ca5:cd67:6ac6",
                "169.254.106.198",
                "fe80::e097:4ef1:6314:5a55",
                "169.254.90.85",
                "fe80::d55:b4a9:26a4:7406",
                "192.168.1.102",
                "fe80::211f:b772:c6da:bfb3",
                "172.27.16.1",
                "fe80::f90c:d738:c01c:abc6",
                "172.28.192.1"
            ]
        },
        "winlog": {
            "computer_name": "Elmo",
            "provider_guid": "{5770385f-c22a-43e0-bf4c-06f5698ffbd9}",
            "event_data": {
                "ParentUser": "ELMO\\mrdor",
                "ProcessGuid": "{dd01dab0-f829-633f-384e-010000004600}",
                "Description": "TShark",
                "CurrentDirectory": "C:\\Users\\mrdor\\PycharmProjects\\Hunterbee\\client\\wireshark\\",
                "RuleName": "-",
                "LogonId": "0x262837e6",
                "ParentProcessId": "22388",
                "ParentImage": "C:\\Users\\mrdor\\AppData\\Local\\Programs\\Python\\Python39\\python.exe",
                "UtcTime": "2022-10-07 09:58:01.344",
                "ProcessId": "13628",
                "ParentCommandLine": "C:\\Users\\mrdor\\AppData\\Local\\Programs\\Python\\Python39\\python.exe C:/Users/mrdor/PycharmProjects/Hunterbee/client/wireshark/wireshark_interface.py",
                "User": "ELMO\\mrdor",
                "LogonGuid": "{dd01dab0-b9ee-633f-e637-282600000000}",
                "Company": "The Wireshark developer community",
                "ParentProcessGuid": "{dd01dab0-f517-633f-4847-010000004600}",
                "OriginalFileName": "TShark.exe",
                "IntegrityLevel": "High",
                "Hashes": "MD5=2C7476F44C33FE4FE26600AE7AE3900D",
                "TerminalSessionId": "4",
                "FileVersion": "3.6.2",
                "Image": "C:\\Program Files\\Wireshark\\tshark.exe",
                "Product": "TShark",
                "CommandLine": "\"C:/Program Files/Wireshark/tshark.exe\" -D"
            },
            "provider_name": "Microsoft-Windows-Sysmon",
            "task": "Process Create (rule: ProcessCreate)"
        }
    },
    "299": {
        "@timestamp": "2022-10-07T09:58:01.600Z",
        "host": {
            "name": "Elmo",
            "ip": [
                "fe80::7cd2:efa8:dba2:6fc0",
                "169.254.111.192",
                "fe80::e431:7896:8d85:5aa",
                "172.21.208.1",
                "fe80::48ae:546b:7a20:7f52",
                "172.30.112.1",
                "fe80::bc21:1b56:1d1:4b9f",
                "169.254.75.159",
                "fe80::4807:9ca5:cd67:6ac6",
                "169.254.106.198",
                "fe80::e097:4ef1:6314:5a55",
                "169.254.90.85",
                "fe80::d55:b4a9:26a4:7406",
                "192.168.1.102",
                "fe80::211f:b772:c6da:bfb3",
                "172.27.16.1",
                "fe80::f90c:d738:c01c:abc6",
                "172.28.192.1"
            ]
        },
        "winlog": {
            "provider_name": "Microsoft-Windows-Sysmon",
            "event_data": {
                "CurrentDirectory": "C:\\Users\\mrdor\\PycharmProjects\\Hunterbee\\client\\wireshark\\",
                "IntegrityLevel": "High",
                "ParentCommandLine": "\"C:/Program Files/Wireshark/tshark.exe\" -D",
                "UtcTime": "2022-10-07 09:58:01.598",
                "LogonGuid": "{dd01dab0-b9ee-633f-e637-282600000000}",
                "Hashes": "MD5=A85C48F3129B10CF5593FBF3B02836FF",
                "CommandLine": "\"C:\\Program Files\\Wireshark\\dumpcap.exe\" -D -Z none",
                "OriginalFileName": "Dumpcap.exe",
                "ProcessId": "20316",
                "ParentUser": "ELMO\\mrdor",
                "User": "ELMO\\mrdor",
                "ParentImage": "C:\\Program Files\\Wireshark\\tshark.exe",
                "Image": "C:\\Program Files\\Wireshark\\dumpcap.exe",
                "FileVersion": "3.6.2",
                "Description": "Dumpcap",
                "ParentProcessGuid": "{dd01dab0-f829-633f-384e-010000004600}",
                "RuleName": "-",
                "TerminalSessionId": "4",
                "ProcessGuid": "{dd01dab0-f829-633f-394e-010000004600}",
                "LogonId": "0x262837e6",
                "ParentProcessId": "13628",
                "Product": "Dumpcap",
                "Company": "The Wireshark developer community"
            },
            "provider_guid": "{5770385f-c22a-43e0-bf4c-06f5698ffbd9}",
            "task": "Process Create (rule: ProcessCreate)",
            "computer_name": "Elmo"
        }
    },
    "300": {
        "@timestamp": "2022-10-07T09:58:01.758Z",
        "host": {
            "ip": [
                "fe80::7cd2:efa8:dba2:6fc0",
                "169.254.111.192",
                "fe80::e431:7896:8d85:5aa",
                "172.21.208.1",
                "fe80::48ae:546b:7a20:7f52",
                "172.30.112.1",
                "fe80::bc21:1b56:1d1:4b9f",
                "169.254.75.159",
                "fe80::4807:9ca5:cd67:6ac6",
                "169.254.106.198",
                "fe80::e097:4ef1:6314:5a55",
                "169.254.90.85",
                "fe80::d55:b4a9:26a4:7406",
                "192.168.1.102",
                "fe80::211f:b772:c6da:bfb3",
                "172.27.16.1",
                "fe80::f90c:d738:c01c:abc6",
                "172.28.192.1"
            ],
            "name": "Elmo"
        },
        "winlog": {
            "task": "Process Create (rule: ProcessCreate)",
            "provider_guid": "{5770385f-c22a-43e0-bf4c-06f5698ffbd9}",
            "computer_name": "Elmo",
            "provider_name": "Microsoft-Windows-Sysmon",
            "event_data": {
                "ParentProcessId": "22388",
                "ParentUser": "ELMO\\mrdor",
                "Image": "C:\\Program Files\\Wireshark\\tshark.exe",
                "OriginalFileName": "TShark.exe",
                "UtcTime": "2022-10-07 09:58:01.756",
                "Description": "TShark",
                "User": "ELMO\\mrdor",
                "CurrentDirectory": "C:\\Users\\mrdor\\PycharmProjects\\Hunterbee\\client\\wireshark\\",
                "LogonId": "0x262837e6",
                "LogonGuid": "{dd01dab0-b9ee-633f-e637-282600000000}",
                "TerminalSessionId": "4",
                "ParentImage": "C:\\Users\\mrdor\\AppData\\Local\\Programs\\Python\\Python39\\python.exe",
                "ParentCommandLine": "C:\\Users\\mrdor\\AppData\\Local\\Programs\\Python\\Python39\\python.exe C:/Users/mrdor/PycharmProjects/Hunterbee/client/wireshark/wireshark_interface.py",
                "Company": "The Wireshark developer community",
                "ProcessGuid": "{dd01dab0-f829-633f-3c4e-010000004600}",
                "ProcessId": "11608",
                "CommandLine": "\"C:/Program Files/Wireshark/tshark.exe\" -l -n -T pdml -c 25 -w C:/Users/mrdor/PycharmProjects/Hunterbee/client/tempfiles/Logs/Wireshark/wireshark-logs-111.pcap -i -",
                "FileVersion": "3.6.2",
                "Hashes": "MD5=2C7476F44C33FE4FE26600AE7AE3900D",
                "IntegrityLevel": "High",
                "Product": "TShark",
                "RuleName": "-",
                "ParentProcessGuid": "{dd01dab0-f517-633f-4847-010000004600}"
            }
        }
    },
    "301": {
        "@timestamp": "2022-10-07T09:58:02.015Z",
        "host": {
            "name": "Elmo",
            "ip": [
                "fe80::7cd2:efa8:dba2:6fc0",
                "169.254.111.192",
                "fe80::e431:7896:8d85:5aa",
                "172.21.208.1",
                "fe80::48ae:546b:7a20:7f52",
                "172.30.112.1",
                "fe80::bc21:1b56:1d1:4b9f",
                "169.254.75.159",
                "fe80::4807:9ca5:cd67:6ac6",
                "169.254.106.198",
                "fe80::e097:4ef1:6314:5a55",
                "169.254.90.85",
                "fe80::d55:b4a9:26a4:7406",
                "192.168.1.102",
                "fe80::211f:b772:c6da:bfb3",
                "172.27.16.1",
                "fe80::f90c:d738:c01c:abc6",
                "172.28.192.1"
            ]
        },
        "winlog": {
            "event_data": {
                "Product": "Dumpcap",
                "LogonId": "0x262837e6",
                "Company": "The Wireshark developer community",
                "RuleName": "-",
                "LogonGuid": "{dd01dab0-b9ee-633f-e637-282600000000}",
                "Image": "C:\\Program Files\\Wireshark\\dumpcap.exe",
                "CommandLine": "\"C:\\Program Files\\Wireshark\\dumpcap.exe\" -D -Z none",
                "ParentProcessId": "11608",
                "TerminalSessionId": "4",
                "ParentCommandLine": "\"C:/Program Files/Wireshark/tshark.exe\" -l -n -T pdml -c 25 -w C:/Users/mrdor/PycharmProjects/Hunterbee/client/tempfiles/Logs/Wireshark/wireshark-logs-111.pcap -i -",
                "User": "ELMO\\mrdor",
                "ParentImage": "C:\\Program Files\\Wireshark\\tshark.exe",
                "ProcessId": "19852",
                "FileVersion": "3.6.2",
                "UtcTime": "2022-10-07 09:58:02.013",
                "OriginalFileName": "Dumpcap.exe",
                "IntegrityLevel": "High",
                "Hashes": "MD5=A85C48F3129B10CF5593FBF3B02836FF",
                "ParentUser": "ELMO\\mrdor",
                "Description": "Dumpcap",
                "ProcessGuid": "{dd01dab0-f82a-633f-3d4e-010000004600}",
                "CurrentDirectory": "C:\\Users\\mrdor\\PycharmProjects\\Hunterbee\\client\\wireshark\\",
                "ParentProcessGuid": "{dd01dab0-f829-633f-3c4e-010000004600}"
            },
            "provider_name": "Microsoft-Windows-Sysmon",
            "provider_guid": "{5770385f-c22a-43e0-bf4c-06f5698ffbd9}",
            "task": "Process Create (rule: ProcessCreate)",
            "computer_name": "Elmo"
        }
    },
    "302": {
        "@timestamp": "2022-10-07T09:58:02.263Z",
        "winlog": {
            "provider_guid": "{5770385f-c22a-43e0-bf4c-06f5698ffbd9}",
            "provider_name": "Microsoft-Windows-Sysmon",
            "event_data": {
                "CommandLine": "\"C:\\Program Files\\Wireshark\\dumpcap.exe\" -n -c 25 -i - -Z 11608 -w C:/Users/mrdor/PycharmProjects/Hunterbee/client/tempfiles/Logs/Wireshark/wireshark-logs-111.pcap",
                "Description": "Dumpcap",
                "RuleName": "-",
                "LogonGuid": "{dd01dab0-b9ee-633f-e637-282600000000}",
                "TerminalSessionId": "4",
                "IntegrityLevel": "High",
                "ParentUser": "ELMO\\mrdor",
                "OriginalFileName": "Dumpcap.exe",
                "Product": "Dumpcap",
                "Company": "The Wireshark developer community",
                "ParentProcessGuid": "{dd01dab0-f829-633f-3c4e-010000004600}",
                "ProcessGuid": "{dd01dab0-f82a-633f-3f4e-010000004600}",
                "ParentImage": "C:\\Program Files\\Wireshark\\tshark.exe",
                "ParentProcessId": "11608",
                "UtcTime": "2022-10-07 09:58:02.261",
                "ProcessId": "13288",
                "Image": "C:\\Program Files\\Wireshark\\dumpcap.exe",
                "CurrentDirectory": "C:\\Users\\mrdor\\PycharmProjects\\Hunterbee\\client\\wireshark\\",
                "FileVersion": "3.6.2",
                "User": "ELMO\\mrdor",
                "Hashes": "MD5=A85C48F3129B10CF5593FBF3B02836FF",
                "ParentCommandLine": "\"C:/Program Files/Wireshark/tshark.exe\" -l -n -T pdml -c 25 -w C:/Users/mrdor/PycharmProjects/Hunterbee/client/tempfiles/Logs/Wireshark/wireshark-logs-111.pcap -i -",
                "LogonId": "0x262837e6"
            },
            "computer_name": "Elmo",
            "task": "Process Create (rule: ProcessCreate)"
        },
        "host": {
            "name": "Elmo",
            "ip": [
                "fe80::7cd2:efa8:dba2:6fc0",
                "169.254.111.192",
                "fe80::e431:7896:8d85:5aa",
                "172.21.208.1",
                "fe80::48ae:546b:7a20:7f52",
                "172.30.112.1",
                "fe80::bc21:1b56:1d1:4b9f",
                "169.254.75.159",
                "fe80::4807:9ca5:cd67:6ac6",
                "169.254.106.198",
                "fe80::e097:4ef1:6314:5a55",
                "169.254.90.85",
                "fe80::d55:b4a9:26a4:7406",
                "192.168.1.102",
                "fe80::211f:b772:c6da:bfb3",
                "172.27.16.1",
                "fe80::f90c:d738:c01c:abc6",
                "172.28.192.1"
            ]
        }
    },
    "303": {
        "@timestamp": "2022-10-07T09:58:02.616Z",
        "host": {
            "ip": [
                "fe80::7cd2:efa8:dba2:6fc0",
                "169.254.111.192",
                "fe80::e431:7896:8d85:5aa",
                "172.21.208.1",
                "fe80::48ae:546b:7a20:7f52",
                "172.30.112.1",
                "fe80::bc21:1b56:1d1:4b9f",
                "169.254.75.159",
                "fe80::4807:9ca5:cd67:6ac6",
                "169.254.106.198",
                "fe80::e097:4ef1:6314:5a55",
                "169.254.90.85",
                "fe80::d55:b4a9:26a4:7406",
                "192.168.1.102",
                "fe80::211f:b772:c6da:bfb3",
                "172.27.16.1",
                "fe80::f90c:d738:c01c:abc6",
                "172.28.192.1"
            ],
            "name": "Elmo"
        },
        "winlog": {
            "task": "Process Create (rule: ProcessCreate)",
            "event_data": {
                "CurrentDirectory": "C:\\Users\\mrdor\\PycharmProjects\\Hunterbee\\client\\wireshark\\",
                "ParentImage": "C:\\Users\\mrdor\\AppData\\Local\\Programs\\Python\\Python39\\python.exe",
                "UtcTime": "2022-10-07 09:58:02.613",
                "ProcessId": "11368",
                "LogonId": "0x262837e6",
                "RuleName": "-",
                "Image": "C:\\Windows\\System32\\cmd.exe",
                "OriginalFileName": "Cmd.Exe",
                "LogonGuid": "{dd01dab0-b9ee-633f-e637-282600000000}",
                "IntegrityLevel": "High",
                "ParentProcessId": "22388",
                "Hashes": "MD5=8A2122E8162DBEF04694B9C3E0B6CDEE",
                "Company": "Microsoft Corporation",
                "ParentProcessGuid": "{dd01dab0-f517-633f-4847-010000004600}",
                "FileVersion": "10.0.19041.746 (WinBuild.160101.0800)",
                "TerminalSessionId": "4",
                "ParentCommandLine": "C:\\Users\\mrdor\\AppData\\Local\\Programs\\Python\\Python39\\python.exe C:/Users/mrdor/PycharmProjects/Hunterbee/client/wireshark/wireshark_interface.py",
                "ProcessGuid": "{dd01dab0-f82a-633f-414e-010000004600}",
                "Product": "Microsoft\u00c2\u00ae Windows\u00c2\u00ae Operating System",
                "CommandLine": "C:\\Windows\\system32\\cmd.exe /c \"tshark -r C:/Users/mrdor/PycharmProjects/Hunterbee/client/tempfiles/Logs/Wireshark/wireshark-logs-111.pcap -T json > C:/Users/mrdor/PycharmProjects/Hunterbee/client/tempfiles/Logs/Wireshark/wireshark-logs-111.json\"",
                "ParentUser": "ELMO\\mrdor",
                "Description": "Windows Command Processor",
                "User": "ELMO\\mrdor"
            },
            "provider_guid": "{5770385f-c22a-43e0-bf4c-06f5698ffbd9}",
            "provider_name": "Microsoft-Windows-Sysmon",
            "computer_name": "Elmo"
        }
    },
    "304": {
        "@timestamp": "2022-10-07T09:58:02.627Z",
        "host": {
            "ip": [
                "fe80::7cd2:efa8:dba2:6fc0",
                "169.254.111.192",
                "fe80::e431:7896:8d85:5aa",
                "172.21.208.1",
                "fe80::48ae:546b:7a20:7f52",
                "172.30.112.1",
                "fe80::bc21:1b56:1d1:4b9f",
                "169.254.75.159",
                "fe80::4807:9ca5:cd67:6ac6",
                "169.254.106.198",
                "fe80::e097:4ef1:6314:5a55",
                "169.254.90.85",
                "fe80::d55:b4a9:26a4:7406",
                "192.168.1.102",
                "fe80::211f:b772:c6da:bfb3",
                "172.27.16.1",
                "fe80::f90c:d738:c01c:abc6",
                "172.28.192.1"
            ],
            "name": "Elmo"
        },
        "winlog": {
            "provider_name": "Microsoft-Windows-Sysmon",
            "task": "Process Create (rule: ProcessCreate)",
            "computer_name": "Elmo",
            "event_data": {
                "LogonGuid": "{dd01dab0-b9ee-633f-e637-282600000000}",
                "CommandLine": "tshark  -r C:/Users/mrdor/PycharmProjects/Hunterbee/client/tempfiles/Logs/Wireshark/wireshark-logs-111.pcap -T json ",
                "Image": "C:\\Program Files\\Wireshark\\tshark.exe",
                "FileVersion": "3.6.2",
                "IntegrityLevel": "High",
                "User": "ELMO\\mrdor",
                "LogonId": "0x262837e6",
                "Hashes": "MD5=2C7476F44C33FE4FE26600AE7AE3900D",
                "ProcessGuid": "{dd01dab0-f82a-633f-424e-010000004600}",
                "TerminalSessionId": "4",
                "ParentCommandLine": "C:\\Windows\\system32\\cmd.exe /c \"tshark -r C:/Users/mrdor/PycharmProjects/Hunterbee/client/tempfiles/Logs/Wireshark/wireshark-logs-111.pcap -T json > C:/Users/mrdor/PycharmProjects/Hunterbee/client/tempfiles/Logs/Wireshark/wireshark-logs-111.json\"",
                "Product": "TShark",
                "ParentUser": "ELMO\\mrdor",
                "ParentProcessGuid": "{dd01dab0-f82a-633f-414e-010000004600}",
                "UtcTime": "2022-10-07 09:58:02.625",
                "Company": "The Wireshark developer community",
                "OriginalFileName": "TShark.exe",
                "RuleName": "-",
                "ProcessId": "17136",
                "CurrentDirectory": "C:\\Users\\mrdor\\PycharmProjects\\Hunterbee\\client\\wireshark\\",
                "ParentProcessId": "11368",
                "ParentImage": "C:\\Windows\\System32\\cmd.exe",
                "Description": "TShark"
            },
            "provider_guid": "{5770385f-c22a-43e0-bf4c-06f5698ffbd9}"
        }
    },
    "305": {
        "@timestamp": "2022-10-07T09:58:03.004Z",
        "host": {
            "name": "Elmo",
            "ip": [
                "fe80::7cd2:efa8:dba2:6fc0",
                "169.254.111.192",
                "fe80::e431:7896:8d85:5aa",
                "172.21.208.1",
                "fe80::48ae:546b:7a20:7f52",
                "172.30.112.1",
                "fe80::bc21:1b56:1d1:4b9f",
                "169.254.75.159",
                "fe80::4807:9ca5:cd67:6ac6",
                "169.254.106.198",
                "fe80::e097:4ef1:6314:5a55",
                "169.254.90.85",
                "fe80::d55:b4a9:26a4:7406",
                "192.168.1.102",
                "fe80::211f:b772:c6da:bfb3",
                "172.27.16.1",
                "fe80::f90c:d738:c01c:abc6",
                "172.28.192.1"
            ]
        },
        "winlog": {
            "provider_guid": "{5770385f-c22a-43e0-bf4c-06f5698ffbd9}",
            "provider_name": "Microsoft-Windows-Sysmon",
            "task": "Process Create (rule: ProcessCreate)",
            "computer_name": "Elmo",
            "event_data": {
                "LogonGuid": "{dd01dab0-b9ee-633f-e637-282600000000}",
