                "ProcessGuid": "{dd01dab0-f89c-633f-2451-010000004600}",
                "LogonId": "0x262837e6",
                "ParentUser": "ELMO\\mrdor",
                "RuleName": "-",
                "ParentCommandLine": "\"C:/Program Files/Wireshark/tshark.exe\" -D",
                "ParentProcessGuid": "{dd01dab0-f89b-633f-2351-010000004600}",
                "Description": "Dumpcap",
                "LogonGuid": "{dd01dab0-b9ee-633f-e637-282600000000}",
                "ParentImage": "C:\\Program Files\\Wireshark\\tshark.exe",
                "User": "ELMO\\mrdor",
                "ProcessId": "9416",
                "ParentProcessId": "15276",
                "IntegrityLevel": "High",
                "UtcTime": "2022-10-07 09:59:56.081",
                "FileVersion": "3.6.2",
                "OriginalFileName": "Dumpcap.exe",
                "CommandLine": "\"C:\\Program Files\\Wireshark\\dumpcap.exe\" -D -Z none",
                "TerminalSessionId": "4",
                "Product": "Dumpcap",
                "Hashes": "MD5=A85C48F3129B10CF5593FBF3B02836FF"
            },
            "computer_name": "Elmo",
            "task": "Process Create (rule: ProcessCreate)"
        }
    },
    "167": {
        "@timestamp": "2022-10-07T09:59:56.225Z",
        "host": {
            "name": "Elmo",
            "ip": [
                "fe80::7cd2:efa8:dba2:6fc0",
                "169.254.111.192",
                "fe80::e431:7896:8d85:5aa",
                "172.21.208.1",
                "fe80::48ae:546b:7a20:7f52",
                "172.30.112.1",
                "fe80::bc21:1b56:1d1:4b9f",
                "169.254.75.159",
                "fe80::4807:9ca5:cd67:6ac6",
                "169.254.106.198",
                "fe80::e097:4ef1:6314:5a55",
                "169.254.90.85",
                "fe80::d55:b4a9:26a4:7406",
                "192.168.1.102",
                "fe80::211f:b772:c6da:bfb3",
                "172.27.16.1",
                "fe80::f90c:d738:c01c:abc6",
                "172.28.192.1"
            ]
        },
        "winlog": {
            "task": "Process Create (rule: ProcessCreate)",
            "computer_name": "Elmo",
            "provider_guid": "{5770385f-c22a-43e0-bf4c-06f5698ffbd9}",
            "provider_name": "Microsoft-Windows-Sysmon",
            "event_data": {
                "ParentProcessId": "22388",
                "Description": "TShark",
                "Product": "TShark",
                "OriginalFileName": "TShark.exe",
                "User": "ELMO\\mrdor",
                "LogonGuid": "{dd01dab0-b9ee-633f-e637-282600000000}",
                "Hashes": "MD5=2C7476F44C33FE4FE26600AE7AE3900D",
                "ParentCommandLine": "C:\\Users\\mrdor\\AppData\\Local\\Programs\\Python\\Python39\\python.exe C:/Users/mrdor/PycharmProjects/Hunterbee/client/wireshark/wireshark_interface.py",
                "ProcessGuid": "{dd01dab0-f89c-633f-2651-010000004600}",
                "ProcessId": "12044",
                "FileVersion": "3.6.2",
                "ParentImage": "C:\\Users\\mrdor\\AppData\\Local\\Programs\\Python\\Python39\\python.exe",
                "ParentUser": "ELMO\\mrdor",
                "TerminalSessionId": "4",
                "UtcTime": "2022-10-07 09:59:56.223",
                "CommandLine": "\"C:/Program Files/Wireshark/tshark.exe\" -l -n -T pdml -c 25 -w C:/Users/mrdor/PycharmProjects/Hunterbee/client/tempfiles/Logs/Wireshark/wireshark-logs-159.pcap -i -",
                "CurrentDirectory": "C:\\Users\\mrdor\\PycharmProjects\\Hunterbee\\client\\wireshark\\",
                "RuleName": "-",
                "Company": "The Wireshark developer community",
                "IntegrityLevel": "High",
                "LogonId": "0x262837e6",
                "ParentProcessGuid": "{dd01dab0-f517-633f-4847-010000004600}",
                "Image": "C:\\Program Files\\Wireshark\\tshark.exe"
            }
        }
    },
    "168": {
        "@timestamp": "2022-10-07T09:59:56.491Z",
        "winlog": {
            "task": "Process Create (rule: ProcessCreate)",
            "computer_name": "Elmo",
            "provider_guid": "{5770385f-c22a-43e0-bf4c-06f5698ffbd9}",
            "event_data": {
                "CurrentDirectory": "C:\\Users\\mrdor\\PycharmProjects\\Hunterbee\\client\\wireshark\\",
                "RuleName": "-",
                "ProcessGuid": "{dd01dab0-f89c-633f-2751-010000004600}",
                "Company": "The Wireshark developer community",
                "ParentProcessId": "12044",
                "OriginalFileName": "Dumpcap.exe",
                "ProcessId": "22768",
                "User": "ELMO\\mrdor",
                "Hashes": "MD5=A85C48F3129B10CF5593FBF3B02836FF",
                "FileVersion": "3.6.2",
                "ParentImage": "C:\\Program Files\\Wireshark\\tshark.exe",
                "TerminalSessionId": "4",
                "Description": "Dumpcap",
                "IntegrityLevel": "High",
                "ParentCommandLine": "\"C:/Program Files/Wireshark/tshark.exe\" -l -n -T pdml -c 25 -w C:/Users/mrdor/PycharmProjects/Hunterbee/client/tempfiles/Logs/Wireshark/wireshark-logs-159.pcap -i -",
                "CommandLine": "\"C:\\Program Files\\Wireshark\\dumpcap.exe\" -D -Z none",
                "ParentProcessGuid": "{dd01dab0-f89c-633f-2651-010000004600}",
                "Product": "Dumpcap",
                "Image": "C:\\Program Files\\Wireshark\\dumpcap.exe",
                "ParentUser": "ELMO\\mrdor",
                "UtcTime": "2022-10-07 09:59:56.489",
                "LogonGuid": "{dd01dab0-b9ee-633f-e637-282600000000}",
                "LogonId": "0x262837e6"
            },
            "provider_name": "Microsoft-Windows-Sysmon"
        },
        "host": {
            "ip": [
                "fe80::7cd2:efa8:dba2:6fc0",
                "169.254.111.192",
                "fe80::e431:7896:8d85:5aa",
                "172.21.208.1",
                "fe80::48ae:546b:7a20:7f52",
                "172.30.112.1",
                "fe80::bc21:1b56:1d1:4b9f",
                "169.254.75.159",
                "fe80::4807:9ca5:cd67:6ac6",
                "169.254.106.198",
                "fe80::e097:4ef1:6314:5a55",
                "169.254.90.85",
                "fe80::d55:b4a9:26a4:7406",
                "192.168.1.102",
                "fe80::211f:b772:c6da:bfb3",
                "172.27.16.1",
                "fe80::f90c:d738:c01c:abc6",
                "172.28.192.1"
            ],
            "name": "Elmo"
        }
    },
    "169": {
        "@timestamp": "2022-10-07T09:59:56.718Z",
        "host": {
            "ip": [
                "fe80::7cd2:efa8:dba2:6fc0",
                "169.254.111.192",
                "fe80::e431:7896:8d85:5aa",
                "172.21.208.1",
                "fe80::48ae:546b:7a20:7f52",
                "172.30.112.1",
                "fe80::bc21:1b56:1d1:4b9f",
                "169.254.75.159",
                "fe80::4807:9ca5:cd67:6ac6",
                "169.254.106.198",
                "fe80::e097:4ef1:6314:5a55",
                "169.254.90.85",
                "fe80::d55:b4a9:26a4:7406",
                "192.168.1.102",
                "fe80::211f:b772:c6da:bfb3",
                "172.27.16.1",
                "fe80::f90c:d738:c01c:abc6",
                "172.28.192.1"
            ],
            "name": "Elmo"
        },
        "winlog": {
            "event_data": {
                "TerminalSessionId": "4",
                "ParentProcessGuid": "{dd01dab0-f89c-633f-2651-010000004600}",
                "Company": "The Wireshark developer community",
                "IntegrityLevel": "High",
                "FileVersion": "3.6.2",
                "LogonId": "0x262837e6",
                "ProcessId": "18144",
                "OriginalFileName": "Dumpcap.exe",
                "ParentImage": "C:\\Program Files\\Wireshark\\tshark.exe",
                "ParentProcessId": "12044",
                "Product": "Dumpcap",
                "CommandLine": "\"C:\\Program Files\\Wireshark\\dumpcap.exe\" -n -c 25 -i - -Z 12044 -w C:/Users/mrdor/PycharmProjects/Hunterbee/client/tempfiles/Logs/Wireshark/wireshark-logs-159.pcap",
                "Hashes": "MD5=A85C48F3129B10CF5593FBF3B02836FF",
                "UtcTime": "2022-10-07 09:59:56.716",
                "CurrentDirectory": "C:\\Users\\mrdor\\PycharmProjects\\Hunterbee\\client\\wireshark\\",
                "ParentCommandLine": "\"C:/Program Files/Wireshark/tshark.exe\" -l -n -T pdml -c 25 -w C:/Users/mrdor/PycharmProjects/Hunterbee/client/tempfiles/Logs/Wireshark/wireshark-logs-159.pcap -i -",
                "ProcessGuid": "{dd01dab0-f89c-633f-2951-010000004600}",
                "Image": "C:\\Program Files\\Wireshark\\dumpcap.exe",
                "RuleName": "-",
                "User": "ELMO\\mrdor",
                "LogonGuid": "{dd01dab0-b9ee-633f-e637-282600000000}",
                "ParentUser": "ELMO\\mrdor",
                "Description": "Dumpcap"
            },
            "provider_name": "Microsoft-Windows-Sysmon",
            "task": "Process Create (rule: ProcessCreate)",
            "computer_name": "Elmo",
            "provider_guid": "{5770385f-c22a-43e0-bf4c-06f5698ffbd9}"
        }
    },
    "170": {
        "@timestamp": "2022-10-05T19:37:48.122Z",
        "winlog": {
            "task": "Sysmon config state changed",
            "event_data": {
                "UtcTime": "2022-10-05 19:37:48.113",
                "Configuration": "C:\\Sysmon\\config.xml",
                "ConfigurationFileHash": "SHA256=445CC66E28E4969CA54F90104DA4716CB3B14E2A35B540C4190C64184D37A623"
            },
            "computer_name": "cc64faae-bf24-454e-84e2-d13617cacb46",
            "provider_name": "Microsoft-Windows-Sysmon",
            "provider_guid": "{5770385f-c22a-43e0-bf4c-06f5698ffbd9}"
        },
        "host": {
            "ip": [
                "fe80::6905:afe2:50a1:b290",
                "172.30.115.35"
            ],
            "name": "cc64faae-bf24-454e-84e2-d13617cacb46"
        }
    },
    "171": {
        "@timestamp": "2022-10-05T19:38:12.466Z",
        "host": {
            "name": "cc64faae-bf24-454e-84e2-d13617cacb46",
            "ip": [
                "fe80::6905:afe2:50a1:b290",
                "172.30.115.35"
            ]
        },
        "winlog": {
            "event_data": {
                "IntegrityLevel": "System",
                "FileVersion": "8.4.2",
                "LogonId": "0x3e7",
                "UtcTime": "2022-10-05 19:38:12.465",
                "Image": "C:\\winlogbeat\\winlogbeat.exe",
                "ParentCommandLine": "-",
                "TerminalSessionId": "0",
                "ProcessId": "5940",
                "LogonGuid": "{6c5fe7fc-eb2b-633b-e703-000000000000}",
                "ParentUser": "-",
                "Hashes": "MD5=A8E7365B50B82A8CCBA2D56DEE3EE37A",
                "Description": "Winlogbeat ships Windows event logs to Elasticsearch or Logstash.",
                "ProcessGuid": "{6c5fe7fc-dd24-633d-1a01-000000000300}",
                "ParentProcessId": "640",
                "User": "NT AUTHORITY\\SYSTEM",
                "Company": "Elastic",
                "CommandLine": "\"C:\\winlogbeat\\winlogbeat.exe\" --environment=windows_service -c \"C:\\winlogbeat\\winlogbeat.yml\" --path.home \"C:\\winlogbeat\" --path.data \"C:\\ProgramData\\winlogbeat\" --path.logs \"C:\\ProgramData\\winlogbeat\\logs\" -E logging.files.redirect_stderr=true",
                "CurrentDirectory": "C:\\Windows\\system32\\",
                "ParentProcessGuid": "{00000000-0000-0000-0000-000000000000}",
                "RuleName": "-",
                "Product": "Winlogbeat",
                "OriginalFileName": "winlogbeat.exe",
                "ParentImage": "-"
            },
            "provider_name": "Microsoft-Windows-Sysmon",
            "computer_name": "cc64faae-bf24-454e-84e2-d13617cacb46",
            "task": "Process Create (rule: ProcessCreate)",
            "provider_guid": "{5770385f-c22a-43e0-bf4c-06f5698ffbd9}"
        }
    },
    "172": {
        "@timestamp": "2022-10-05T19:38:33.262Z",
        "host": {
            "ip": [
                "fe80::6905:afe2:50a1:b290",
                "172.30.115.35"
            ],
            "name": "cc64faae-bf24-454e-84e2-d13617cacb46"
        },
        "winlog": {
            "task": "Process Create (rule: ProcessCreate)",
            "provider_guid": "{5770385f-c22a-43e0-bf4c-06f5698ffbd9}",
            "event_data": {
                "IntegrityLevel": "High",
                "User": "CC64FAAE-BF24-4\\WDAGUtilityAccount",
                "LogonGuid": "{6c5fe7fc-d975-633d-4248-040000000000}",
                "UtcTime": "2022-10-05 19:38:33.261",
                "Hashes": "MD5=08EB78E5BE019DF044C26B14703BD1FA",
                "Image": "C:\\Windows\\System32\\dllhost.exe",
                "LogonId": "0x44842",
                "OriginalFileName": "dllhost.exe",
                "FileVersion": "10.0.19041.546 (WinBuild.160101.0800)",
                "Description": "COM Surrogate",
                "TerminalSessionId": "1",
                "ParentProcessId": "772",
                "ParentImage": "-",
                "ProcessGuid": "{6c5fe7fc-dd39-633d-1b01-000000000300}",
                "ParentCommandLine": "-",
                "ParentProcessGuid": "{00000000-0000-0000-0000-000000000000}",
                "RuleName": "-",
                "CommandLine": "C:\\Windows\\system32\\DllHost.exe /Processid:{AB8902B4-09CA-4BB6-B78D-A8F59079A8D5}",
                "Product": "Microsoft\u00c2\u00ae Windows\u00c2\u00ae Operating System",
                "Company": "Microsoft Corporation",
                "CurrentDirectory": "C:\\Windows\\system32\\",
                "ParentUser": "-",
                "ProcessId": "5512"
            },
            "computer_name": "cc64faae-bf24-454e-84e2-d13617cacb46",
            "provider_name": "Microsoft-Windows-Sysmon"
        }
    },
    "173": {
        "@timestamp": "2022-10-05T19:38:37.592Z",
        "host": {
            "ip": [
                "fe80::6905:afe2:50a1:b290",
                "172.30.115.35"
            ],
            "name": "cc64faae-bf24-454e-84e2-d13617cacb46"
        },
        "winlog": {
            "computer_name": "cc64faae-bf24-454e-84e2-d13617cacb46",
            "provider_name": "Microsoft-Windows-Sysmon",
            "task": "Process Create (rule: ProcessCreate)",
            "event_data": {
                "CurrentDirectory": "C:\\Users\\WDAGUtilityAccount\\Desktop\\",
                "Description": "Notepad",
                "ParentImage": "C:\\Windows\\explorer.exe",
                "ParentCommandLine": "C:\\Windows\\Explorer.EXE",
                "ParentProcessId": "3860",
                "RuleName": "-",
                "User": "CC64FAAE-BF24-4\\WDAGUtilityAccount",
                "Company": "Microsoft Corporation",
                "ParentUser": "CC64FAAE-BF24-4\\WDAGUtilityAccount",
                "ProcessId": "1256",
                "CommandLine": "\"C:\\Windows\\system32\\NOTEPAD.EXE\" C:\\Users\\WDAGUtilityAccount\\Desktop\\shell.txt",
                "UtcTime": "2022-10-05 19:38:37.591",
                "IntegrityLevel": "High",
                "LogonId": "0x44842",
                "Product": "Microsoft\u00c2\u00ae Windows\u00c2\u00ae Operating System",
                "Image": "C:\\Windows\\System32\\notepad.exe",
                "FileVersion": "10.0.19041.1865 (WinBuild.160101.0800)",
                "Hashes": "MD5=27F71B12CB585541885A31BE22F61C83",
                "ProcessGuid": "{6c5fe7fc-dd3d-633d-1c01-000000000300}",
                "ParentProcessGuid": "{6c5fe7fc-d97a-633d-5000-000000000300}",
                "LogonGuid": "{6c5fe7fc-d975-633d-4248-040000000000}",
                "OriginalFileName": "NOTEPAD.EXE",
                "TerminalSessionId": "1"
            },
            "provider_guid": "{5770385f-c22a-43e0-bf4c-06f5698ffbd9}"
        }
    },
    "174": {
        "@timestamp": "2022-10-05T19:39:25.120Z",
        "host": {
            "ip": [
                "fe80::6905:afe2:50a1:b290",
                "172.30.115.35"
            ],
            "name": "cc64faae-bf24-454e-84e2-d13617cacb46"
        },
        "winlog": {
            "provider_guid": "{5770385f-c22a-43e0-bf4c-06f5698ffbd9}",
            "task": "Process Create (rule: ProcessCreate)",
            "computer_name": "cc64faae-bf24-454e-84e2-d13617cacb46",
            "provider_name": "Microsoft-Windows-Sysmon",
            "event_data": {
                "CommandLine": "\"C:\\Users\\WDAGUtilityAccount\\Desktop\\mimikatz_trunk\\x64\\mimikatz.exe\" ",
                "FileVersion": "2.2.0.0",
                "Company": "gentilkiwi (Benjamin DELPY)",
                "CurrentDirectory": "C:\\Users\\WDAGUtilityAccount\\Desktop\\mimikatz_trunk\\x64\\",
                "UtcTime": "2022-10-05 19:39:25.119",
                "LogonId": "0x44842",
                "ParentImage": "C:\\Windows\\explorer.exe",
                "Hashes": "MD5=29EFD64DD3C7FE1E2B022B7AD73A1BA5",
                "User": "CC64FAAE-BF24-4\\WDAGUtilityAccount",
                "TerminalSessionId": "1",
                "OriginalFileName": "mimikatz.exe",
                "ParentProcessId": "3860",
                "RuleName": "-",
                "IntegrityLevel": "High",
                "ProcessId": "1300",
                "Image": "C:\\Users\\WDAGUtilityAccount\\Desktop\\mimikatz_trunk\\x64\\mimikatz.exe",
                "ParentUser": "CC64FAAE-BF24-4\\WDAGUtilityAccount",
                "Description": "mimikatz for Windows",
                "ProcessGuid": "{6c5fe7fc-dd6d-633d-1d01-000000000300}",
                "Product": "mimikatz",
                "ParentCommandLine": "C:\\Windows\\Explorer.EXE",
                "ParentProcessGuid": "{6c5fe7fc-d97a-633d-5000-000000000300}",
                "LogonGuid": "{6c5fe7fc-d975-633d-4248-040000000000}"
            }
        }
    },
    "175": {
        "@timestamp": "2022-10-05T19:39:25.125Z",
        "host": {
            "name": "cc64faae-bf24-454e-84e2-d13617cacb46",
            "ip": [
                "fe80::6905:afe2:50a1:b290",
                "172.30.115.35"
            ]
        },
        "winlog": {
            "task": "Process Create (rule: ProcessCreate)",
            "provider_guid": "{5770385f-c22a-43e0-bf4c-06f5698ffbd9}",
            "computer_name": "cc64faae-bf24-454e-84e2-d13617cacb46",
            "provider_name": "Microsoft-Windows-Sysmon",
            "event_data": {
                "ParentProcessGuid": "{6c5fe7fc-dd6d-633d-1d01-000000000300}",
                "CommandLine": "\\??\\C:\\Windows\\system32\\conhost.exe 0xffffffff -ForceV1",
                "ParentImage": "C:\\Users\\WDAGUtilityAccount\\Desktop\\mimikatz_trunk\\x64\\mimikatz.exe",
                "Company": "Microsoft Corporation",
                "LogonGuid": "{6c5fe7fc-d975-633d-4248-040000000000}",
                "LogonId": "0x44842",
                "Hashes": "MD5=0D698AF330FD17BEE3BF90011D49251D",
                "IntegrityLevel": "High",
                "User": "CC64FAAE-BF24-4\\WDAGUtilityAccount",
                "OriginalFileName": "CONHOST.EXE",
                "TerminalSessionId": "1",
                "UtcTime": "2022-10-05 19:39:25.124",
                "Product": "Microsoft\u00c2\u00ae Windows\u00c2\u00ae Operating System",
                "CurrentDirectory": "C:\\Windows",
                "ParentProcessId": "1300",
                "Description": "Console Window Host",
                "ParentUser": "CC64FAAE-BF24-4\\WDAGUtilityAccount",
                "ParentCommandLine": "\"C:\\Users\\WDAGUtilityAccount\\Desktop\\mimikatz_trunk\\x64\\mimikatz.exe\" ",
                "ProcessGuid": "{6c5fe7fc-dd6d-633d-1e01-000000000300}",
                "Image": "C:\\Windows\\System32\\conhost.exe",
                "RuleName": "-",
                "ProcessId": "5016",
                "FileVersion": "10.0.19041.1566 (WinBuild.160101.0800)"
            }
        }
    },
    "176": {
        "@timestamp": "2022-10-05T19:39:35.060Z",
        "winlog": {
            "provider_guid": "{5770385f-c22a-43e0-bf4c-06f5698ffbd9}",
            "event_data": {
                "TargetProcessGUID": "{6c5fe7fc-eb2a-633b-0800-000000000300}",
                "SourceImage": "C:\\Users\\WDAGUtilityAccount\\Desktop\\mimikatz_trunk\\x64\\mimikatz.exe",
                "TargetImage": "C:\\Windows\\system32\\lsass.exe",
                "SourceUser": "CC64FAAE-BF24-4\\WDAGUtilityAccount",
                "SourceProcessGUID": "{6c5fe7fc-dd6d-633d-1d01-000000000300}",
                "RuleName": "-",
                "SourceProcessId": "1300",
                "GrantedAccess": "0x1010",
                "CallTrace": "C:\\Windows\\SYSTEM32\\ntdll.dll+9d644|C:\\Windows\\System32\\KERNELBASE.dll+2c13e|C:\\Users\\WDAGUtilityAccount\\Desktop\\mimikatz_trunk\\x64\\mimikatz.exe+c291e|C:\\Users\\WDAGUtilityAccount\\Desktop\\mimikatz_trunk\\x64\\mimikatz.exe+c2cf5|C:\\Users\\WDAGUtilityAccount\\Desktop\\mimikatz_trunk\\x64\\mimikatz.exe+c285d|C:\\Users\\WDAGUtilityAccount\\Desktop\\mimikatz_trunk\\x64\\mimikatz.exe+85a44|C:\\Users\\WDAGUtilityAccount\\Desktop\\mimikatz_trunk\\x64\\mimikatz.exe+8587c|C:\\Users\\WDAGUtilityAccount\\Desktop\\mimikatz_trunk\\x64\\mimikatz.exe+85647|C:\\Users\\WDAGUtilityAccount\\Desktop\\mimikatz_trunk\\x64\\mimikatz.exe+c97a5|C:\\Windows\\System32\\KERNEL32.DLL+17034|C:\\Windows\\SYSTEM32\\ntdll.dll+526a1",
                "UtcTime": "2022-10-05 19:39:35.057",
                "SourceThreadId": "5552",
                "TargetUser": "NT AUTHORITY\\SYSTEM",
                "TargetProcessId": "668"
            },
            "task": "Process accessed (rule: ProcessAccess)",
            "computer_name": "cc64faae-bf24-454e-84e2-d13617cacb46",
            "provider_name": "Microsoft-Windows-Sysmon"
        },
        "host": {
            "name": "cc64faae-bf24-454e-84e2-d13617cacb46",
            "ip": [
                "fe80::6905:afe2:50a1:b290",
                "172.30.115.35"
            ]
        }
    },
    "177": {
        "@timestamp": "2022-10-05T19:39:42.383Z",
        "host": {
            "ip": [
                "fe80::6905:afe2:50a1:b290",
                "172.30.115.35"
            ],
            "name": "cc64faae-bf24-454e-84e2-d13617cacb46"
        },
        "winlog": {
            "provider_name": "Microsoft-Windows-Sysmon",
            "event_data": {
                "Product": "Microsoft\u00c2\u00ae Windows\u00c2\u00ae Operating System",
                "CommandLine": "C:\\Windows\\system32\\DllHost.exe /Processid:{AB8902B4-09CA-4BB6-B78D-A8F59079A8D5}",
                "TerminalSessionId": "1",
                "ParentImage": "-",
                "CurrentDirectory": "C:\\Windows\\system32\\",
                "UtcTime": "2022-10-05 19:39:42.381",
                "ParentProcessGuid": "{00000000-0000-0000-0000-000000000000}",
                "RuleName": "-",
                "Description": "COM Surrogate",
                "IntegrityLevel": "High",
                "Company": "Microsoft Corporation",
                "ParentUser": "-",
                "FileVersion": "10.0.19041.546 (WinBuild.160101.0800)",
                "Hashes": "MD5=08EB78E5BE019DF044C26B14703BD1FA",
                "ParentProcessId": "772",
                "ParentCommandLine": "-",
                "ProcessGuid": "{6c5fe7fc-dd7e-633d-1f01-000000000300}",
                "LogonGuid": "{6c5fe7fc-d975-633d-4248-040000000000}",
                "Image": "C:\\Windows\\System32\\dllhost.exe",
                "OriginalFileName": "dllhost.exe",
                "User": "CC64FAAE-BF24-4\\WDAGUtilityAccount",
                "LogonId": "0x44842",
                "ProcessId": "3224"
            },
            "provider_guid": "{5770385f-c22a-43e0-bf4c-06f5698ffbd9}",
            "task": "Process Create (rule: ProcessCreate)",
            "computer_name": "cc64faae-bf24-454e-84e2-d13617cacb46"
        }
    },
    "178": {
        "@timestamp": "2022-10-05T19:39:57.175Z",
        "winlog": {
            "computer_name": "cc64faae-bf24-454e-84e2-d13617cacb46",
            "event_data": {
                "OriginalFileName": "OpenWith.exe",
                "ParentUser": "-",
                "FileVersion": "10.0.19041.746 (WinBuild.160101.0800)",
                "CurrentDirectory": "C:\\Windows\\system32\\",
                "ProcessId": "4964",
                "Image": "C:\\Windows\\System32\\OpenWith.exe",
                "LogonGuid": "{6c5fe7fc-d975-633d-4248-040000000000}",
                "UtcTime": "2022-10-05 19:39:57.174",
                "Company": "Microsoft Corporation",
                "Hashes": "MD5=E4A834784FA08C17D47A1E72429C5109",
                "ParentProcessGuid": "{00000000-0000-0000-0000-000000000000}",
                "ProcessGuid": "{6c5fe7fc-dd8d-633d-2001-000000000300}",
                "Description": "Pick an app",
                "TerminalSessionId": "1",
                "Product": "Microsoft\u00c2\u00ae Windows\u00c2\u00ae Operating System",
                "ParentImage": "-",
                "LogonId": "0x44842",
                "IntegrityLevel": "High",
                "ParentProcessId": "772",
                "ParentCommandLine": "-",
                "RuleName": "-",
                "CommandLine": "C:\\Windows\\system32\\OpenWith.exe -Embedding",
                "User": "CC64FAAE-BF24-4\\WDAGUtilityAccount"
            },
            "provider_guid": "{5770385f-c22a-43e0-bf4c-06f5698ffbd9}",
            "task": "Process Create (rule: ProcessCreate)",
            "provider_name": "Microsoft-Windows-Sysmon"
        },
        "host": {
            "ip": [
                "fe80::6905:afe2:50a1:b290",
                "172.30.115.35"
            ],
            "name": "cc64faae-bf24-454e-84e2-d13617cacb46"
        }
    },
    "179": {
        "@timestamp": "2022-10-05T19:39:58.338Z",
        "host": {
            "name": "cc64faae-bf24-454e-84e2-d13617cacb46",
            "ip": [
                "fe80::6905:afe2:50a1:b290",
                "172.30.115.35"
            ]
        },
        "winlog": {
            "provider_name": "Microsoft-Windows-Sysmon",
            "event_data": {
                "ParentProcessGuid": "{6c5fe7fc-dd8d-633d-2001-000000000300}",
                "IntegrityLevel": "High",
                "ParentImage": "C:\\Windows\\System32\\OpenWith.exe",
                "CommandLine": "\"C:\\Windows\\system32\\NOTEPAD.EXE\" C:\\Logs\\Sysmon\\winlogbeat-20221005.ndjson",
                "LogonId": "0x44842",
                "ProcessId": "3384",
                "FileVersion": "10.0.19041.1865 (WinBuild.160101.0800)",
                "ParentUser": "CC64FAAE-BF24-4\\WDAGUtilityAccount",
                "Description": "Notepad",
                "Image": "C:\\Windows\\System32\\notepad.exe",
                "ParentProcessId": "4964",
                "OriginalFileName": "NOTEPAD.EXE",
                "CurrentDirectory": "C:\\Windows\\system32\\",
                "ProcessGuid": "{6c5fe7fc-dd8e-633d-2101-000000000300}",
                "UtcTime": "2022-10-05 19:39:58.337",
                "LogonGuid": "{6c5fe7fc-d975-633d-4248-040000000000}",
                "ParentCommandLine": "C:\\Windows\\system32\\OpenWith.exe -Embedding",
                "RuleName": "-",
                "TerminalSessionId": "1",
                "Company": "Microsoft Corporation",
                "Hashes": "MD5=27F71B12CB585541885A31BE22F61C83",
                "Product": "Microsoft\u00c2\u00ae Windows\u00c2\u00ae Operating System",
                "User": "CC64FAAE-BF24-4\\WDAGUtilityAccount"
            },
            "computer_name": "cc64faae-bf24-454e-84e2-d13617cacb46",
            "task": "Process Create (rule: ProcessCreate)",
            "provider_guid": "{5770385f-c22a-43e0-bf4c-06f5698ffbd9}"
        }
    },
    "180": {
        "@timestamp": "2022-10-05T19:39:58.475Z",
        "host": {
            "ip": [
                "fe80::6905:afe2:50a1:b290",
                "172.30.115.35"
            ],
            "name": "cc64faae-bf24-454e-84e2-d13617cacb46"
        },
        "winlog": {
            "computer_name": "cc64faae-bf24-454e-84e2-d13617cacb46",
            "event_data": {
                "ParentUser": "-",
                "ParentProcessId": "772",
                "Image": "C:\\Windows\\System32\\dllhost.exe",
                "IntegrityLevel": "High",
                "ParentProcessGuid": "{00000000-0000-0000-0000-000000000000}",
                "ParentImage": "-",
                "UtcTime": "2022-10-05 19:39:58.474",
                "Description": "COM Surrogate",
                "Hashes": "MD5=08EB78E5BE019DF044C26B14703BD1FA",
                "FileVersion": "10.0.19041.546 (WinBuild.160101.0800)",
                "Product": "Microsoft\u00c2\u00ae Windows\u00c2\u00ae Operating System",
                "LogonGuid": "{6c5fe7fc-d975-633d-4248-040000000000}",
                "OriginalFileName": "dllhost.exe",
                "ProcessGuid": "{6c5fe7fc-dd8e-633d-2201-000000000300}",
                "Company": "Microsoft Corporation",
                "CurrentDirectory": "C:\\Windows\\system32\\",
                "ProcessId": "4832",
                "RuleName": "-",
                "User": "CC64FAAE-BF24-4\\WDAGUtilityAccount",
                "CommandLine": "C:\\Windows\\system32\\DllHost.exe /Processid:{AB8902B4-09CA-4BB6-B78D-A8F59079A8D5}",
                "TerminalSessionId": "1",
                "ParentCommandLine": "-",
                "LogonId": "0x44842"
            },
            "provider_name": "Microsoft-Windows-Sysmon",
            "task": "Process Create (rule: ProcessCreate)",
            "provider_guid": "{5770385f-c22a-43e0-bf4c-06f5698ffbd9}"
        }
    },
    "181": {
        "@timestamp": "2022-10-05T19:40:32.828Z",
        "winlog": {
            "task": "RawAccessRead detected (rule: RawAccessRead)",
            "provider_name": "Microsoft-Windows-Sysmon",
            "event_data": {
                "Device": "\\Device\\HarddiskVolume2",
                "User": "CC64FAAE-BF24-4\\WDAGUtilityAccount",
                "RuleName": "-",
                "UtcTime": "2022-10-05 19:40:32.816",
                "ProcessGuid": "{6c5fe7fc-d992-633d-5e00-000000000300}",
                "ProcessId": "4796",
                "Image": "C:\\Windows\\SystemApps\\Microsoft.Windows.Search_cw5n1h2txyewy\\SearchApp.exe"
            },
            "computer_name": "cc64faae-bf24-454e-84e2-d13617cacb46",
            "provider_guid": "{5770385f-c22a-43e0-bf4c-06f5698ffbd9}"
        },
        "host": {
            "name": "cc64faae-bf24-454e-84e2-d13617cacb46",
            "ip": [
                "fe80::6905:afe2:50a1:b290",
                "172.30.115.35"
            ]
        }
    },
    "182": {
        "@timestamp": "2022-10-05T19:40:32.829Z",
        "winlog": {
            "provider_guid": "{5770385f-c22a-43e0-bf4c-06f5698ffbd9}",
            "event_data": {
                "RuleName": "-",
                "UtcTime": "2022-10-05 19:40:32.816",
                "ProcessGuid": "{6c5fe7fc-d992-633d-5e00-000000000300}",
                "ProcessId": "4796",
                "Image": "C:\\Windows\\SystemApps\\Microsoft.Windows.Search_cw5n1h2txyewy\\SearchApp.exe",
                "Device": "\\Device\\Harddisk0\\DR0",
                "User": "CC64FAAE-BF24-4\\WDAGUtilityAccount"
            },
            "provider_name": "Microsoft-Windows-Sysmon",
            "computer_name": "cc64faae-bf24-454e-84e2-d13617cacb46",
            "task": "RawAccessRead detected (rule: RawAccessRead)"
        },
        "host": {
            "name": "cc64faae-bf24-454e-84e2-d13617cacb46",
            "ip": [
                "fe80::6905:afe2:50a1:b290",
                "172.30.115.35"
            ]
        }
    },
    "183": {
        "@timestamp": "2022-10-05T19:40:32.830Z",
        "host": {
            "name": "cc64faae-bf24-454e-84e2-d13617cacb46",
            "ip": [
                "fe80::6905:afe2:50a1:b290",
                "172.30.115.35"
            ]
        },
        "winlog": {
            "provider_guid": "{5770385f-c22a-43e0-bf4c-06f5698ffbd9}",
            "event_data": {
                "RuleName": "-",
                "UtcTime": "2022-10-05 19:40:32.816",
                "ProcessGuid": "{6c5fe7fc-d992-633d-5e00-000000000300}",
                "ProcessId": "4796",
                "Image": "C:\\Windows\\SystemApps\\Microsoft.Windows.Search_cw5n1h2txyewy\\SearchApp.exe",
                "Device": "\\Device\\Harddisk0\\DR0",
                "User": "CC64FAAE-BF24-4\\WDAGUtilityAccount"
            },
            "provider_name": "Microsoft-Windows-Sysmon",
            "computer_name": "cc64faae-bf24-454e-84e2-d13617cacb46",
            "task": "RawAccessRead detected (rule: RawAccessRead)"
        }
    },
    "184": {
        "@timestamp": "2022-10-05T19:40:34.121Z",
        "host": {
            "name": "cc64faae-bf24-454e-84e2-d13617cacb46",
            "ip": [
                "fe80::6905:afe2:50a1:b290",
                "172.30.115.35"
            ]
        },
        "winlog": {
            "provider_name": "Microsoft-Windows-Sysmon",
            "computer_name": "cc64faae-bf24-454e-84e2-d13617cacb46",
            "provider_guid": "{5770385f-c22a-43e0-bf4c-06f5698ffbd9}",
            "event_data": {
                "ParentCommandLine": "C:\\Windows\\Explorer.EXE",
                "Image": "C:\\Windows\\System32\\mspaint.exe",
                "User": "CC64FAAE-BF24-4\\WDAGUtilityAccount",
                "ParentProcessId": "3860",
                "ParentImage": "C:\\Windows\\explorer.exe",
                "CommandLine": "\"C:\\Windows\\system32\\mspaint.exe\" ",
                "ParentProcessGuid": "{6c5fe7fc-d97a-633d-5000-000000000300}",
                "Description": "Paint",
                "ProcessId": "2516",
                "CurrentDirectory": "C:\\Windows\\system32\\",
                "ProcessGuid": "{6c5fe7fc-ddb2-633d-2301-000000000300}",
                "LogonId": "0x44842",
                "RuleName": "-",
                "OriginalFileName": "MSPAINT.EXE",
                "LogonGuid": "{6c5fe7fc-d975-633d-4248-040000000000}",
                "UtcTime": "2022-10-05 19:40:34.107",
                "FileVersion": "10.0.19041.746 (WinBuild.160101.0800)",
                "Company": "Microsoft Corporation",
                "ParentUser": "CC64FAAE-BF24-4\\WDAGUtilityAccount",
                "IntegrityLevel": "High",
                "Hashes": "MD5=F221A4CCAFEC690101C59F726C95B646",
                "TerminalSessionId": "1",
                "Product": "Microsoft\u00c2\u00ae Windows\u00c2\u00ae Operating System"
            },
            "task": "Process Create (rule: ProcessCreate)"
        }
    },
    "185": {
        "@timestamp": "2022-10-05T19:40:34.240Z",
        "host": {
            "ip": [
                "fe80::6905:afe2:50a1:b290",
                "172.30.115.35"
            ],
            "name": "cc64faae-bf24-454e-84e2-d13617cacb46"
        },
        "winlog": {
            "event_data": {
                "RuleName": "-",
                "SourceImage": "C:\\Windows\\system32\\svchost.exe",
                "TargetImage": "C:\\Windows\\system32\\lsass.exe",
                "SourceUser": "NT AUTHORITY\\SYSTEM",
                "UtcTime": "2022-10-05 19:40:34.237",
                "SourceThreadId": "3816",
                "SourceProcessId": "772",
                "GrantedAccess": "0x1000",
                "SourceProcessGUID": "{6c5fe7fc-eb2c-633b-0900-000000000300}",
                "TargetProcessGUID": "{6c5fe7fc-eb2a-633b-0800-000000000300}",
                "TargetProcessId": "668",
                "CallTrace": "C:\\Windows\\SYSTEM32\\ntdll.dll+9d644|C:\\Windows\\System32\\KERNELBASE.dll+32ea6|c:\\windows\\system32\\lsm.dll+e558|c:\\windows\\system32\\lsm.dll+11678|C:\\Windows\\System32\\RPCRT4.dll+796e3|C:\\Windows\\System32\\RPCRT4.dll+dd77b|C:\\Windows\\System32\\RPCRT4.dll+5d11c|C:\\Windows\\System32\\RPCRT4.dll+5a278|C:\\Windows\\System32\\RPCRT4.dll+3a416|C:\\Windows\\System32\\RPCRT4.dll+39d68|C:\\Windows\\System32\\RPCRT4.dll+4887f|C:\\Windows\\System32\\RPCRT4.dll+47c88|C:\\Windows\\System32\\RPCRT4.dll+47271|C:\\Windows\\System32\\RPCRT4.dll+46cde|C:\\Windows\\System32\\RPCRT4.dll+4b3b2|C:\\Windows\\SYSTEM32\\ntdll.dll+20330|C:\\Windows\\SYSTEM32\\ntdll.dll+52f76|C:\\Windows\\System32\\KERNEL32.DLL+17034|C:\\Windows\\SYSTEM32\\ntdll.dll+526a1",
                "TargetUser": "NT AUTHORITY\\SYSTEM"
            },
            "provider_guid": "{5770385f-c22a-43e0-bf4c-06f5698ffbd9}",
            "provider_name": "Microsoft-Windows-Sysmon",
            "computer_name": "cc64faae-bf24-454e-84e2-d13617cacb46",
            "task": "Process accessed (rule: ProcessAccess)"
        }
    },
    "186": {
        "@timestamp": "2022-10-05T19:40:34.240Z",
        "host": {
            "name": "cc64faae-bf24-454e-84e2-d13617cacb46",
            "ip": [
                "fe80::6905:afe2:50a1:b290",
                "172.30.115.35"
            ]
        },
        "winlog": {
            "task": "Process accessed (rule: ProcessAccess)",
            "event_data": {
                "TargetProcessGUID": "{6c5fe7fc-eb2a-633b-0800-000000000300}",
                "RuleName": "-",
                "TargetUser": "NT AUTHORITY\\SYSTEM",
                "SourceUser": "NT AUTHORITY\\SYSTEM",
                "SourceProcessGUID": "{6c5fe7fc-eb2c-633b-0900-000000000300}",
                "CallTrace": "C:\\Windows\\SYSTEM32\\ntdll.dll+9d644|C:\\Windows\\System32\\KERNELBASE.dll+32ea6|c:\\windows\\system32\\lsm.dll+e558|c:\\windows\\system32\\lsm.dll+d9cb|c:\\windows\\system32\\lsm.dll+1177e|C:\\Windows\\System32\\RPCRT4.dll+796e3|C:\\Windows\\System32\\RPCRT4.dll+dd77b|C:\\Windows\\System32\\RPCRT4.dll+5d11c|C:\\Windows\\System32\\RPCRT4.dll+5a278|C:\\Windows\\System32\\RPCRT4.dll+3a416|C:\\Windows\\System32\\RPCRT4.dll+39d68|C:\\Windows\\System32\\RPCRT4.dll+4887f|C:\\Windows\\System32\\RPCRT4.dll+47c88|C:\\Windows\\System32\\RPCRT4.dll+47271|C:\\Windows\\System32\\RPCRT4.dll+46cde|C:\\Windows\\System32\\RPCRT4.dll+4b3b2|C:\\Windows\\SYSTEM32\\ntdll.dll+20330|C:\\Windows\\SYSTEM32\\ntdll.dll+52f76|C:\\Windows\\System32\\KERNEL32.DLL+17034|C:\\Windows\\SYSTEM32\\ntdll.dll+526a1",
                "TargetProcessId": "668",
                "GrantedAccess": "0x1000",
                "UtcTime": "2022-10-05 19:40:34.237",
                "SourceProcessId": "772",
                "SourceThreadId": "3816",
                "SourceImage": "C:\\Windows\\system32\\svchost.exe",
                "TargetImage": "C:\\Windows\\system32\\lsass.exe"
            },
            "provider_guid": "{5770385f-c22a-43e0-bf4c-06f5698ffbd9}",
            "computer_name": "cc64faae-bf24-454e-84e2-d13617cacb46",
            "provider_name": "Microsoft-Windows-Sysmon"
        }
    },
    "187": {
        "@timestamp": "2022-10-05T19:40:34.247Z",
        "host": {
            "name": "cc64faae-bf24-454e-84e2-d13617cacb46",
            "ip": [
                "fe80::6905:afe2:50a1:b290",
                "172.30.115.35"
            ]
        },
        "winlog": {
            "provider_guid": "{5770385f-c22a-43e0-bf4c-06f5698ffbd9}",
            "event_data": {
                "Product": "Microsoft\u00c2\u00ae Windows\u00c2\u00ae Operating System",
                "ParentImage": "-",
                "FileVersion": "10.0.19041.1806 (WinBuild.160101.0800)",
                "CommandLine": "C:\\Windows\\system32\\svchost.exe -k imgsvc",
                "RuleName": "-",
                "Hashes": "MD5=B7F884C1B74A263F746EE12A5F7C9F6A",
                "ProcessGuid": "{6c5fe7fc-ddb2-633d-2401-000000000300}",
                "ParentProcessGuid": "{00000000-0000-0000-0000-000000000000}",
                "ProcessId": "788",
                "Image": "C:\\Windows\\System32\\svchost.exe",
                "ParentCommandLine": "-",
                "LogonId": "0x3e5",
                "ParentProcessId": "640",
                "LogonGuid": "{6c5fe7fc-eb2f-633b-e503-000000000000}",
                "OriginalFileName": "svchost.exe",
                "IntegrityLevel": "System",
                "Description": "Host Process for Windows Services",
                "ParentUser": "-",
                "TerminalSessionId": "0",
                "Company": "Microsoft Corporation",
                "UtcTime": "2022-10-05 19:40:34.246",
                "CurrentDirectory": "C:\\Windows\\system32\\",
                "User": "NT AUTHORITY\\LOCAL SERVICE"
            },
            "provider_name": "Microsoft-Windows-Sysmon",
            "task": "Process Create (rule: ProcessCreate)",
            "computer_name": "cc64faae-bf24-454e-84e2-d13617cacb46"
        }
    },
    "188": {
        "@timestamp": "2022-10-05T19:40:49.007Z",
        "winlog": {
            "provider_name": "Microsoft-Windows-Sysmon",
            "provider_guid": "{5770385f-c22a-43e0-bf4c-06f5698ffbd9}",
            "task": "Process Create (rule: ProcessCreate)",
            "event_data": {
                "Hashes": "MD5=E4A834784FA08C17D47A1E72429C5109",
                "Product": "Microsoft\u00c2\u00ae Windows\u00c2\u00ae Operating System",
                "LogonId": "0x44842",
                "ParentCommandLine": "C:\\Windows\\system32\\svchost.exe -k DcomLaunch -p",
                "UtcTime": "2022-10-05 19:40:49.006",
                "ParentProcessId": "772",
                "ProcessGuid": "{6c5fe7fc-ddc1-633d-2501-000000000300}",
                "IntegrityLevel": "High",
                "Description": "Pick an app",
                "ParentProcessGuid": "{6c5fe7fc-eb2c-633b-0900-000000000300}",
                "CommandLine": "C:\\Windows\\system32\\OpenWith.exe -Embedding",
                "CurrentDirectory": "C:\\Windows\\system32\\",
                "Company": "Microsoft Corporation",
                "User": "CC64FAAE-BF24-4\\WDAGUtilityAccount",
                "ParentImage": "C:\\Windows\\System32\\svchost.exe",
                "FileVersion": "10.0.19041.746 (WinBuild.160101.0800)",
                "Image": "C:\\Windows\\System32\\OpenWith.exe",
                "OriginalFileName": "OpenWith.exe",
                "TerminalSessionId": "1",
                "RuleName": "-",
                "ProcessId": "3900",
                "ParentUser": "NT AUTHORITY\\SYSTEM",
                "LogonGuid": "{6c5fe7fc-d975-633d-4248-040000000000}"
            },
            "computer_name": "cc64faae-bf24-454e-84e2-d13617cacb46"
        },
        "host": {
            "name": "cc64faae-bf24-454e-84e2-d13617cacb46",
            "ip": [
                "fe80::6905:afe2:50a1:b290",
                "172.30.115.35"
            ]
        }
    },
    "189": {
        "@timestamp": "2022-10-05T19:40:49.138Z",
        "winlog": {
            "provider_name": "Microsoft-Windows-Sysmon",
            "computer_name": "cc64faae-bf24-454e-84e2-d13617cacb46",
            "provider_guid": "{5770385f-c22a-43e0-bf4c-06f5698ffbd9}",
            "event_data": {
                "UtcTime": "2022-10-05 19:40:49.128",
                "ProcessGuid": "{6c5fe7fc-d97a-633d-5000-000000000300}",
                "ProcessId": "3860",
                "Image": "C:\\Windows\\Explorer.EXE",
                "TargetFilename": "C:\\Users\\WDAGUtilityAccount\\AppData\\Roaming\\Microsoft\\Windows\\Recent\\mimikatz_trunk.lnk",
                "CreationUtcTime": "2022-10-05 19:40:49.128",
                "User": "CC64FAAE-BF24-4\\WDAGUtilityAccount",
                "RuleName": "-"
            },
            "task": "File created (rule: FileCreate)"
        },
        "host": {
            "name": "cc64faae-bf24-454e-84e2-d13617cacb46",
            "ip": [
                "fe80::6905:afe2:50a1:b290",
                "172.30.115.35"
            ]
        }
    },
    "190": {
        "@timestamp": "2022-10-05T19:40:50.876Z",
        "host": {
            "ip": [
                "fe80::6905:afe2:50a1:b290",
                "172.30.115.35"
            ],
            "name": "cc64faae-bf24-454e-84e2-d13617cacb46"
        },
        "winlog": {
            "provider_guid": "{5770385f-c22a-43e0-bf4c-06f5698ffbd9}",
            "task": "Process Create (rule: ProcessCreate)",
            "event_data": {
                "FileVersion": "10.0.19041.1865 (WinBuild.160101.0800)",
                "LogonId": "0x44842",
                "RuleName": "-",
                "Product": "Microsoft\u00c2\u00ae Windows\u00c2\u00ae Operating System",
                "LogonGuid": "{6c5fe7fc-d975-633d-4248-040000000000}",
                "ProcessId": "3344",
                "CommandLine": "\"C:\\Windows\\system32\\NOTEPAD.EXE\" C:\\Users\\WDAGUtilityAccount\\Desktop\\mimikatz_trunk\\kiwi_passwords.yar",
                "ParentImage": "C:\\Windows\\System32\\OpenWith.exe",
