                "ProcessGuid": "{dd01dab0-f975-633f-9954-010000004600}",
                "OriginalFileName": "steamwebhelper.exe",
                "ParentUser": "ELMO\\mrdor",
                "ProcessId": "20264",
                "Product": "Steam Client WebHelper",
                "ParentCommandLine": "G:\\Steam\\Steam.exe",
                "UtcTime": "2022-10-07 10:03:33.291",
                "TerminalSessionId": "4",
                "RuleName": "-",
                "Hashes": "MD5=5E7D392B4C7E4DDC60C0AAF314BA8638",
                "Company": "Valve Corporation",
                "ParentImage": "G:\\Steam\\steam.exe",
                "FileVersion": "07.56.62.07",
                "Description": "Steam Client WebHelper",
                "CurrentDirectory": "G:\\Steam\\",
                "CommandLine": "G:\\Steam\\bin\\cef\\cef.win7x64\\steamwebhelper.exe \"-lang=en_US\" \"-cachedir=C:\\Users\\mrdor\\AppData\\Local\\Steam\\htmlcache\" \"-steampid=13092\" \"-buildid=1665100899\" \"-steamid=0\" \"-logdir=G:\\Steam\\logs\" \"-composer-mode=0\" \"-steamuniverse=Public\" \"-realm=Global\" \"-clientui=G:\\Steam\\clientui\" --enable-media-stream --enable-smooth-scrolling --enable-direct-write \"--log-file=G:\\Steam\\logs\\cef_log.txt\" --disable-quick-menu --disable-features=SameSiteByDefaultCookies --enable-blink-features=ResizeObserver,Worklet,AudioWorklet --disable-blink-features=Badging",
                "LogonId": "0x26286720",
                "ParentProcessId": "13092",
                "Image": "G:\\Steam\\bin\\cef\\cef.win7x64\\steamwebhelper.exe",
                "LogonGuid": "{dd01dab0-b9ee-633f-2067-282600000000}",
                "ParentProcessGuid": "{dd01dab0-f971-633f-9854-010000004600}"
            },
            "task": "Process Create (rule: ProcessCreate)",
            "computer_name": "Elmo",
            "provider_guid": "{5770385f-c22a-43e0-bf4c-06f5698ffbd9}",
            "provider_name": "Microsoft-Windows-Sysmon"
        }
    },
    "175": {
        "@timestamp": "2022-10-07T10:03:33.747Z",
        "winlog": {
            "event_data": {
                "ParentImage": "C:\\Windows\\System32\\services.exe",
                "CommandLine": "\"C:\\Program Files (x86)\\Common Files\\Steam\\steamservice.exe\" /RunAsService",
                "Image": "C:\\Program Files (x86)\\Common Files\\Steam\\steamservice.exe",
                "OriginalFileName": "SteamService.exe",
                "LogonGuid": "{dd01dab0-dc23-633b-e703-000000000000}",
                "ParentProcessId": "920",
                "UtcTime": "2022-10-07 10:03:33.744",
                "TerminalSessionId": "0",
                "LogonId": "0x3e7",
                "ProcessGuid": "{dd01dab0-f975-633f-9a54-010000004600}",
                "CurrentDirectory": "C:\\Windows\\system32\\",
                "Company": "Valve Corporation",
                "IntegrityLevel": "System",
                "User": "NT AUTHORITY\\SYSTEM",
                "Hashes": "MD5=21F5FE3A96BC977E4D598A8DE8A6C888",
                "FileVersion": "07.53.93.61",
                "Product": "Steam Client Service",
                "RuleName": "-",
                "ParentUser": "NT AUTHORITY\\SYSTEM",
                "Description": "Steam Client Service",
                "ParentCommandLine": "C:\\Windows\\system32\\services.exe",
                "ParentProcessGuid": "{dd01dab0-dc23-633b-0b00-000000004600}",
                "ProcessId": "23376"
            },
            "computer_name": "Elmo",
            "provider_guid": "{5770385f-c22a-43e0-bf4c-06f5698ffbd9}",
            "provider_name": "Microsoft-Windows-Sysmon",
            "task": "Process Create (rule: ProcessCreate)"
        },
        "host": {
            "name": "Elmo",
            "ip": [
                "fe80::7cd2:efa8:dba2:6fc0",
                "169.254.111.192",
                "fe80::e431:7896:8d85:5aa",
                "172.21.208.1",
                "fe80::48ae:546b:7a20:7f52",
                "172.30.112.1",
                "fe80::bc21:1b56:1d1:4b9f",
                "169.254.75.159",
                "fe80::4807:9ca5:cd67:6ac6",
                "169.254.106.198",
                "fe80::e097:4ef1:6314:5a55",
                "169.254.90.85",
                "fe80::d55:b4a9:26a4:7406",
                "192.168.1.102",
                "fe80::211f:b772:c6da:bfb3",
                "172.27.16.1",
                "fe80::f90c:d738:c01c:abc6",
                "172.28.192.1"
            ]
        }
    },
    "176": {
        "@timestamp": "2022-10-07T10:03:33.805Z",
        "host": {
            "ip": [
                "fe80::7cd2:efa8:dba2:6fc0",
                "169.254.111.192",
                "fe80::e431:7896:8d85:5aa",
                "172.21.208.1",
                "fe80::48ae:546b:7a20:7f52",
                "172.30.112.1",
                "fe80::bc21:1b56:1d1:4b9f",
                "169.254.75.159",
                "fe80::4807:9ca5:cd67:6ac6",
                "169.254.106.198",
                "fe80::e097:4ef1:6314:5a55",
                "169.254.90.85",
                "fe80::d55:b4a9:26a4:7406",
                "192.168.1.102",
                "fe80::211f:b772:c6da:bfb3",
                "172.27.16.1",
                "fe80::f90c:d738:c01c:abc6",
                "172.28.192.1"
            ],
            "name": "Elmo"
        },
        "winlog": {
            "computer_name": "Elmo",
            "task": "Process Create (rule: ProcessCreate)",
            "event_data": {
                "Company": "Valve Corporation",
                "IntegrityLevel": "Medium",
                "UtcTime": "2022-10-07 10:03:33.802",
                "Image": "G:\\Steam\\bin\\cef\\cef.win7x64\\steamwebhelper.exe",
                "LogonGuid": "{dd01dab0-b9ee-633f-2067-282600000000}",
                "ParentProcessId": "20264",
                "ParentCommandLine": "G:\\Steam\\bin\\cef\\cef.win7x64\\steamwebhelper.exe \"-lang=en_US\" \"-cachedir=C:\\Users\\mrdor\\AppData\\Local\\Steam\\htmlcache\" \"-steampid=13092\" \"-buildid=1665100899\" \"-steamid=0\" \"-logdir=G:\\Steam\\logs\" \"-composer-mode=0\" \"-steamuniverse=Public\" \"-realm=Global\" \"-clientui=G:\\Steam\\clientui\" --enable-media-stream --enable-smooth-scrolling --enable-direct-write \"--log-file=G:\\Steam\\logs\\cef_log.txt\" --disable-quick-menu --disable-features=SameSiteByDefaultCookies --enable-blink-features=ResizeObserver,Worklet,AudioWorklet --disable-blink-features=Badging",
                "ParentProcessGuid": "{dd01dab0-f975-633f-9954-010000004600}",
                "ParentUser": "ELMO\\mrdor",
                "CurrentDirectory": "G:\\Steam\\",
                "Hashes": "MD5=5E7D392B4C7E4DDC60C0AAF314BA8638",
                "ProcessId": "2284",
                "LogonId": "0x26286720",
                "ProcessGuid": "{dd01dab0-f975-633f-9b54-010000004600}",
                "Product": "Steam Client WebHelper",
                "User": "ELMO\\mrdor",
                "TerminalSessionId": "4",
                "Description": "Steam Client WebHelper",
                "ParentImage": "G:\\Steam\\bin\\cef\\cef.win7x64\\steamwebhelper.exe",
                "FileVersion": "07.56.62.07",
                "RuleName": "-",
                "OriginalFileName": "steamwebhelper.exe",
                "CommandLine": "G:\\Steam\\bin\\cef\\cef.win7x64\\steamwebhelper.exe --type=crashpad-handler /prefetch:7 --max-uploads=5 --max-db-size=20 --max-db-age=5 --monitor-self-annotation=ptype=crashpad-handler --database=G:\\Steam\\dumps \"--metrics-dir=C:\\Users\\mrdor\\AppData\\Local\\CEF\\User Data\" --url=http://crash.steampowered.com/submit --annotation=platform=win64 --annotation=product=cefwebhelper --annotation=version=1665100899 --initial-client-data=0x3b8,0x3bc,0x3c0,0x9c,0x3c4,0x7ff82f7bf070,0x7ff82f7bf080,0x7ff82f7bf090"
            },
            "provider_name": "Microsoft-Windows-Sysmon",
            "provider_guid": "{5770385f-c22a-43e0-bf4c-06f5698ffbd9}"
        }
    },
    "177": {
        "@timestamp": "2022-10-07T10:03:33.907Z",
        "host": {
            "ip": [
                "fe80::7cd2:efa8:dba2:6fc0",
                "169.254.111.192",
                "fe80::e431:7896:8d85:5aa",
                "172.21.208.1",
                "fe80::48ae:546b:7a20:7f52",
                "172.30.112.1",
                "fe80::bc21:1b56:1d1:4b9f",
                "169.254.75.159",
                "fe80::4807:9ca5:cd67:6ac6",
                "169.254.106.198",
                "fe80::e097:4ef1:6314:5a55",
                "169.254.90.85",
                "fe80::d55:b4a9:26a4:7406",
                "192.168.1.102",
                "fe80::211f:b772:c6da:bfb3",
                "172.27.16.1",
                "fe80::f90c:d738:c01c:abc6",
                "172.28.192.1"
            ],
            "name": "Elmo"
        },
        "winlog": {
            "provider_name": "Microsoft-Windows-Sysmon",
            "task": "Process Create (rule: ProcessCreate)",
            "event_data": {
                "Image": "G:\\Steam\\bin\\cef\\cef.win7x64\\steamwebhelper.exe",
                "CommandLine": "\"G:\\Steam\\bin\\cef\\cef.win7x64\\steamwebhelper.exe\" --type=gpu-process --field-trial-handle=1832,14903002950680054974,4744369765436006072,131072 --enable-features=CastMediaRouteProvider --disable-features=SameSiteByDefaultCookies --log-file=\"G:\\Steam\\logs\\cef_log.txt\" --product-version=\"Valve Steam Client\" --lang=en-US --buildid=1665100899 --steamid=0 --gpu-preferences=MAAAAAAAAADgAAAwAAAAAAAAAAAAAAAAAABgAAAAAAAQAAAAAAAAAAAAAAAAAAAAKAAAAAQAAAAgAAAAAAAAACgAAAAAAAAAMAAAAAAAAAA4AAAAAAAAABAAAAAAAAAAAAAAAAUAAAAQAAAAAAAAAAAAAAAGAAAAEAAAAAAAAAABAAAABQAAABAAAAAAAAAAAQAAAAYAAAA= --log-file=\"G:\\Steam\\logs\\cef_log.txt\" --mojo-platform-channel-handle=1816 /prefetch:2",
                "ParentProcessId": "20264",
                "OriginalFileName": "steamwebhelper.exe",
                "FileVersion": "07.56.62.07",
                "Company": "Valve Corporation",
                "IntegrityLevel": "Low",
                "UtcTime": "2022-10-07 10:03:33.905",
                "TerminalSessionId": "4",
                "ParentProcessGuid": "{dd01dab0-f975-633f-9954-010000004600}",
                "Description": "Steam Client WebHelper",
                "CurrentDirectory": "G:\\Steam\\",
                "LogonGuid": "{dd01dab0-b9ee-633f-2067-282600000000}",
                "User": "ELMO\\mrdor",
                "LogonId": "0x26286720",
                "ParentImage": "G:\\Steam\\bin\\cef\\cef.win7x64\\steamwebhelper.exe",
                "ParentUser": "ELMO\\mrdor",
                "ProcessId": "22600",
                "ParentCommandLine": "G:\\Steam\\bin\\cef\\cef.win7x64\\steamwebhelper.exe \"-lang=en_US\" \"-cachedir=C:\\Users\\mrdor\\AppData\\Local\\Steam\\htmlcache\" \"-steampid=13092\" \"-buildid=1665100899\" \"-steamid=0\" \"-logdir=G:\\Steam\\logs\" \"-composer-mode=0\" \"-steamuniverse=Public\" \"-realm=Global\" \"-clientui=G:\\Steam\\clientui\" --enable-media-stream --enable-smooth-scrolling --enable-direct-write \"--log-file=G:\\Steam\\logs\\cef_log.txt\" --disable-quick-menu --disable-features=SameSiteByDefaultCookies --enable-blink-features=ResizeObserver,Worklet,AudioWorklet --disable-blink-features=Badging",
                "Hashes": "MD5=5E7D392B4C7E4DDC60C0AAF314BA8638",
                "RuleName": "-",
                "ProcessGuid": "{dd01dab0-f975-633f-9c54-010000004600}",
                "Product": "Steam Client WebHelper"
            },
            "computer_name": "Elmo",
            "provider_guid": "{5770385f-c22a-43e0-bf4c-06f5698ffbd9}"
        }
    },
    "178": {
        "@timestamp": "2022-10-07T10:03:34.119Z",
        "host": {
            "ip": [
                "fe80::7cd2:efa8:dba2:6fc0",
                "169.254.111.192",
                "fe80::e431:7896:8d85:5aa",
                "172.21.208.1",
                "fe80::48ae:546b:7a20:7f52",
                "172.30.112.1",
                "fe80::bc21:1b56:1d1:4b9f",
                "169.254.75.159",
                "fe80::4807:9ca5:cd67:6ac6",
                "169.254.106.198",
                "fe80::e097:4ef1:6314:5a55",
                "169.254.90.85",
                "fe80::d55:b4a9:26a4:7406",
                "192.168.1.102",
                "fe80::211f:b772:c6da:bfb3",
                "172.27.16.1",
                "fe80::f90c:d738:c01c:abc6",
                "172.28.192.1"
            ],
            "name": "Elmo"
        },
        "winlog": {
            "task": "File created (rule: FileCreate)",
            "computer_name": "Elmo",
            "event_data": {
                "Image": "C:\\Program Files (x86)\\Common Files\\Steam\\steamservice.exe",
                "TargetFilename": "C:\\Program Files (x86)\\Common Files\\Steam\\SteamServiceTmp.exe",
                "CreationUtcTime": "2022-10-07 10:03:34.118",
                "User": "NT AUTHORITY\\SYSTEM",
                "RuleName": "EXE",
                "UtcTime": "2022-10-07 10:03:34.118",
                "ProcessGuid": "{dd01dab0-f975-633f-9a54-010000004600}",
                "ProcessId": "23376"
            },
            "provider_guid": "{5770385f-c22a-43e0-bf4c-06f5698ffbd9}",
            "provider_name": "Microsoft-Windows-Sysmon"
        }
    },
    "179": {
        "@timestamp": "2022-10-07T10:03:34.253Z",
        "host": {
            "ip": [
                "fe80::7cd2:efa8:dba2:6fc0",
                "169.254.111.192",
                "fe80::e431:7896:8d85:5aa",
                "172.21.208.1",
                "fe80::48ae:546b:7a20:7f52",
                "172.30.112.1",
                "fe80::bc21:1b56:1d1:4b9f",
                "169.254.75.159",
                "fe80::4807:9ca5:cd67:6ac6",
                "169.254.106.198",
                "fe80::e097:4ef1:6314:5a55",
                "169.254.90.85",
                "fe80::d55:b4a9:26a4:7406",
                "192.168.1.102",
                "fe80::211f:b772:c6da:bfb3",
                "172.27.16.1",
                "fe80::f90c:d738:c01c:abc6",
                "172.28.192.1"
            ],
            "name": "Elmo"
        },
        "winlog": {
            "event_data": {
                "ParentProcessGuid": "{dd01dab0-dc24-633b-0f00-000000004600}",
                "IntegrityLevel": "Low",
                "ParentCommandLine": "C:\\Windows\\system32\\svchost.exe -k DcomLaunch -p",
                "CurrentDirectory": "C:\\Windows\\system32\\",
                "Description": "Component Package Support Server",
                "LogonGuid": "{dd01dab0-b9ee-633f-2067-282600000000}",
                "TerminalSessionId": "4",
                "User": "ELMO\\mrdor",
                "CommandLine": "C:\\Windows\\System32\\CompPkgSrv.exe -Embedding",
                "ProcessGuid": "{dd01dab0-f976-633f-9d54-010000004600}",
                "LogonId": "0x26286720",
                "Image": "C:\\Windows\\System32\\CompPkgSrv.exe",
                "Company": "Microsoft Corporation",
                "Hashes": "MD5=CEFF6949F934D465DB8F19B07E81AC78",
                "ProcessId": "19180",
                "ParentProcessId": "744",
                "ParentImage": "C:\\Windows\\System32\\svchost.exe",
                "ParentUser": "NT AUTHORITY\\SYSTEM",
                "UtcTime": "2022-10-07 10:03:34.251",
                "RuleName": "-",
                "Product": "Microsoft\u00c2\u00ae Windows\u00c2\u00ae Operating System",
                "FileVersion": "10.0.19041.746 (WinBuild.160101.0800)",
                "OriginalFileName": "CompPkgSrv.exe"
            },
            "provider_name": "Microsoft-Windows-Sysmon",
            "computer_name": "Elmo",
            "provider_guid": "{5770385f-c22a-43e0-bf4c-06f5698ffbd9}",
            "task": "Process Create (rule: ProcessCreate)"
        }
    },
    "180": {
        "@timestamp": "2022-10-07T10:03:34.306Z",
        "host": {
            "name": "Elmo",
            "ip": [
                "fe80::7cd2:efa8:dba2:6fc0",
                "169.254.111.192",
                "fe80::e431:7896:8d85:5aa",
                "172.21.208.1",
                "fe80::48ae:546b:7a20:7f52",
                "172.30.112.1",
                "fe80::bc21:1b56:1d1:4b9f",
                "169.254.75.159",
                "fe80::4807:9ca5:cd67:6ac6",
                "169.254.106.198",
                "fe80::e097:4ef1:6314:5a55",
                "169.254.90.85",
                "fe80::d55:b4a9:26a4:7406",
                "192.168.1.102",
                "fe80::211f:b772:c6da:bfb3",
                "172.27.16.1",
                "fe80::f90c:d738:c01c:abc6",
                "172.28.192.1"
            ]
        },
        "winlog": {
            "task": "Process Create (rule: ProcessCreate)",
            "event_data": {
                "ParentProcessId": "20264",
                "ProcessId": "17580",
                "ParentCommandLine": "G:\\Steam\\bin\\cef\\cef.win7x64\\steamwebhelper.exe \"-lang=en_US\" \"-cachedir=C:\\Users\\mrdor\\AppData\\Local\\Steam\\htmlcache\" \"-steampid=13092\" \"-buildid=1665100899\" \"-steamid=0\" \"-logdir=G:\\Steam\\logs\" \"-composer-mode=0\" \"-steamuniverse=Public\" \"-realm=Global\" \"-clientui=G:\\Steam\\clientui\" --enable-media-stream --enable-smooth-scrolling --enable-direct-write \"--log-file=G:\\Steam\\logs\\cef_log.txt\" --disable-quick-menu --disable-features=SameSiteByDefaultCookies --enable-blink-features=ResizeObserver,Worklet,AudioWorklet --disable-blink-features=Badging",
                "User": "ELMO\\mrdor",
                "LogonGuid": "{dd01dab0-b9ee-633f-2067-282600000000}",
                "LogonId": "0x26286720",
                "Hashes": "MD5=5E7D392B4C7E4DDC60C0AAF314BA8638",
                "RuleName": "-",
                "CommandLine": "\"G:\\Steam\\bin\\cef\\cef.win7x64\\steamwebhelper.exe\" --type=utility --utility-sub-type=network.mojom.NetworkService --field-trial-handle=1832,14903002950680054974,4744369765436006072,131072 --enable-features=CastMediaRouteProvider --disable-features=SameSiteByDefaultCookies --lang=en-US --service-sandbox-type=network --log-file=\"G:\\Steam\\logs\\cef_log.txt\" --product-version=\"Valve Steam Client\" --lang=en-US --buildid=1665100899 --steamid=0 --log-file=\"G:\\Steam\\logs\\cef_log.txt\" --mojo-platform-channel-handle=2280 /prefetch:8",
                "ParentProcessGuid": "{dd01dab0-f975-633f-9954-010000004600}",
                "ParentImage": "G:\\Steam\\bin\\cef\\cef.win7x64\\steamwebhelper.exe",
                "IntegrityLevel": "Medium",
                "Product": "Steam Client WebHelper",
                "OriginalFileName": "steamwebhelper.exe",
                "Description": "Steam Client WebHelper",
                "ProcessGuid": "{dd01dab0-f976-633f-9e54-010000004600}",
                "Image": "G:\\Steam\\bin\\cef\\cef.win7x64\\steamwebhelper.exe",
                "FileVersion": "07.56.62.07",
                "TerminalSessionId": "4",
                "UtcTime": "2022-10-07 10:03:34.303",
                "Company": "Valve Corporation",
                "CurrentDirectory": "G:\\Steam\\",
                "ParentUser": "ELMO\\mrdor"
            },
            "provider_name": "Microsoft-Windows-Sysmon",
            "provider_guid": "{5770385f-c22a-43e0-bf4c-06f5698ffbd9}",
            "computer_name": "Elmo"
        }
    },
    "181": {
        "@timestamp": "2022-10-07T10:03:34.785Z",
        "host": {
            "hostname": "Elmo",
            "name": "Elmo",
            "architecture": "x86_64",
            "os": {
                "platform": "windows",
                "version": "10.0",
                "family": "windows",
                "name": "Windows 10 Pro",
                "kernel": "10.0.19041.2075 (WinBuild.160101.0800)",
                "build": "19044.2075",
                "type": "windows"
            },
            "id": "dd01dab0-ceec-4f21-9fb3-a8597eb9b875",
            "ip": [
                "fe80::7cd2:efa8:dba2:6fc0",
                "169.254.111.192",
                "fe80::e431:7896:8d85:5aa",
                "172.21.208.1",
                "fe80::48ae:546b:7a20:7f52",
                "172.30.112.1",
                "fe80::bc21:1b56:1d1:4b9f",
                "169.254.75.159",
                "fe80::4807:9ca5:cd67:6ac6",
                "169.254.106.198",
                "fe80::e097:4ef1:6314:5a55",
                "169.254.90.85",
                "fe80::d55:b4a9:26a4:7406",
                "192.168.1.102",
                "fe80::211f:b772:c6da:bfb3",
                "172.27.16.1",
                "fe80::f90c:d738:c01c:abc6",
                "172.28.192.1"
            ],
            "mac": [
                "00:15:5d:4b:1b:5b",
                "00:15:5d:65:92:c8",
                "00:15:5d:a0:f8:aa",
                "00:15:5d:d0:a3:4e",
                "10:fe:ed:20:e5:7c",
                "12:fe:ed:20:e5:7c",
                "30:5a:3a:47:46:2f",
                "44:45:53:54:4f:53"
            ]
        },
        "winlog": {
            "computer_name": "Elmo",
            "channel": "Application",
            "record_id": 59670,
            "opcode": "Info",
            "event_data": {
                "param1": "Updated file \"secure_desktop_capture.exe\" from version 0x00070035005d003d to version 0x00070038003e0007."
            },
            "event_id": "2",
            "provider_name": "Steam Client Service",
            "task": "None",
            "api": "wineventlog",
            "keywords": [
                "Classic"
            ]
        }
    },
    "182": {
        "@timestamp": "2022-10-07T10:03:34.804Z",
        "host": {
            "id": "dd01dab0-ceec-4f21-9fb3-a8597eb9b875",
            "ip": [
                "fe80::7cd2:efa8:dba2:6fc0",
                "169.254.111.192",
                "fe80::e431:7896:8d85:5aa",
                "172.21.208.1",
                "fe80::48ae:546b:7a20:7f52",
                "172.30.112.1",
                "fe80::bc21:1b56:1d1:4b9f",
                "169.254.75.159",
                "fe80::4807:9ca5:cd67:6ac6",
                "169.254.106.198",
                "fe80::e097:4ef1:6314:5a55",
                "169.254.90.85",
                "fe80::d55:b4a9:26a4:7406",
                "192.168.1.102",
                "fe80::211f:b772:c6da:bfb3",
                "172.27.16.1",
                "fe80::f90c:d738:c01c:abc6",
                "172.28.192.1"
            ],
            "mac": [
                "00:15:5d:4b:1b:5b",
                "00:15:5d:65:92:c8",
                "00:15:5d:a0:f8:aa",
                "00:15:5d:d0:a3:4e",
                "10:fe:ed:20:e5:7c",
                "12:fe:ed:20:e5:7c",
                "30:5a:3a:47:46:2f",
                "44:45:53:54:4f:53"
            ],
            "name": "Elmo",
            "hostname": "Elmo",
            "architecture": "x86_64",
            "os": {
                "build": "19044.2075",
                "type": "windows",
                "platform": "windows",
                "version": "10.0",
                "family": "windows",
                "name": "Windows 10 Pro",
                "kernel": "10.0.19041.2075 (WinBuild.160101.0800)"
            }
        },
        "winlog": {
            "record_id": 59671,
            "computer_name": "Elmo",
            "task": "None",
            "api": "wineventlog",
            "channel": "Application",
            "provider_name": "Steam Client Service",
            "opcode": "Info",
            "event_data": {
                "param1": "Updated file \"steamxboxutil64.exe\" from version 0x00070035005d003d to version 0x00070038003e0007."
            },
            "event_id": "2",
            "keywords": [
                "Classic"
            ]
        }
    },
    "183": {
        "@timestamp": "2022-10-07T10:03:34.844Z",
        "host": {
            "hostname": "Elmo",
            "name": "Elmo",
            "architecture": "x86_64",
            "os": {
                "platform": "windows",
                "version": "10.0",
                "family": "windows",
                "name": "Windows 10 Pro",
                "kernel": "10.0.19041.2075 (WinBuild.160101.0800)",
                "build": "19044.2075",
                "type": "windows"
            },
            "id": "dd01dab0-ceec-4f21-9fb3-a8597eb9b875",
            "ip": [
                "fe80::7cd2:efa8:dba2:6fc0",
                "169.254.111.192",
                "fe80::e431:7896:8d85:5aa",
                "172.21.208.1",
                "fe80::48ae:546b:7a20:7f52",
                "172.30.112.1",
                "fe80::bc21:1b56:1d1:4b9f",
                "169.254.75.159",
                "fe80::4807:9ca5:cd67:6ac6",
                "169.254.106.198",
                "fe80::e097:4ef1:6314:5a55",
                "169.254.90.85",
                "fe80::d55:b4a9:26a4:7406",
                "192.168.1.102",
                "fe80::211f:b772:c6da:bfb3",
                "172.27.16.1",
                "fe80::f90c:d738:c01c:abc6",
                "172.28.192.1"
            ],
            "mac": [
                "00:15:5d:4b:1b:5b",
                "00:15:5d:65:92:c8",
                "00:15:5d:a0:f8:aa",
                "00:15:5d:d0:a3:4e",
                "10:fe:ed:20:e5:7c",
                "12:fe:ed:20:e5:7c",
                "30:5a:3a:47:46:2f",
                "44:45:53:54:4f:53"
            ]
        },
        "winlog": {
            "event_id": "2",
            "record_id": 59672,
            "keywords": [
                "Classic"
            ],
            "event_data": {
                "param1": "Updated file \"SteamService.dll\" from version 0x00070035005d003d to version 0x00070038003e0007."
            },
            "provider_name": "Steam Client Service",
            "api": "wineventlog",
            "channel": "Application",
            "task": "None",
            "opcode": "Info",
            "computer_name": "Elmo"
        }
    },
    "184": {
        "@timestamp": "2022-10-07T10:03:34.421Z",
        "winlog": {
            "task": "Process Create (rule: ProcessCreate)",
            "event_data": {
                "RuleName": "-",
                "ParentProcessId": "23376",
                "FileVersion": "07.56.62.07",
                "Hashes": "MD5=A213131C6430B72B05D9813F26E29CD0",
                "CurrentDirectory": "C:\\Windows\\system32\\",
                "TerminalSessionId": "0",
                "Company": "Valve Corporation",
                "LogonGuid": "{dd01dab0-dc23-633b-e703-000000000000}",
                "Image": "C:\\Program Files (x86)\\Common Files\\Steam\\SteamServiceTmp.exe",
                "UtcTime": "2022-10-07 10:03:34.412",
                "ParentProcessGuid": "{dd01dab0-f975-633f-9a54-010000004600}",
                "ProcessGuid": "{dd01dab0-f976-633f-9f54-010000004600}",
                "IntegrityLevel": "System",
                "OriginalFileName": "SteamService.exe",
                "LogonId": "0x3e7",
                "Product": "Steam Client Service",
                "Description": "Steam Client Service",
                "ParentCommandLine": "\"C:\\Program Files (x86)\\Common Files\\Steam\\steamservice.exe\" /RunAsService",
                "ParentImage": "C:\\Program Files (x86)\\Common Files\\Steam\\steamservice.exe",
                "ParentUser": "NT AUTHORITY\\SYSTEM",
                "User": "NT AUTHORITY\\SYSTEM",
                "ProcessId": "22864",
                "CommandLine": "\"C:\\Program Files (x86)\\Common Files\\Steam\\SteamServiceTmp.exe\" /Update"
            },
            "computer_name": "Elmo",
            "provider_name": "Microsoft-Windows-Sysmon",
            "provider_guid": "{5770385f-c22a-43e0-bf4c-06f5698ffbd9}"
        },
        "host": {
            "name": "Elmo",
            "ip": [
                "fe80::7cd2:efa8:dba2:6fc0",
                "169.254.111.192",
                "fe80::e431:7896:8d85:5aa",
                "172.21.208.1",
                "fe80::48ae:546b:7a20:7f52",
                "172.30.112.1",
                "fe80::bc21:1b56:1d1:4b9f",
                "169.254.75.159",
                "fe80::4807:9ca5:cd67:6ac6",
                "169.254.106.198",
                "fe80::e097:4ef1:6314:5a55",
                "169.254.90.85",
                "fe80::d55:b4a9:26a4:7406",
                "192.168.1.102",
                "fe80::211f:b772:c6da:bfb3",
                "172.27.16.1",
                "fe80::f90c:d738:c01c:abc6",
                "172.28.192.1"
            ]
        }
    },
    "185": {
        "@timestamp": "2022-10-07T10:03:34.587Z",
        "host": {
            "ip": [
                "fe80::7cd2:efa8:dba2:6fc0",
                "169.254.111.192",
                "fe80::e431:7896:8d85:5aa",
                "172.21.208.1",
                "fe80::48ae:546b:7a20:7f52",
                "172.30.112.1",
                "fe80::bc21:1b56:1d1:4b9f",
                "169.254.75.159",
                "fe80::4807:9ca5:cd67:6ac6",
                "169.254.106.198",
                "fe80::e097:4ef1:6314:5a55",
                "169.254.90.85",
                "fe80::d55:b4a9:26a4:7406",
                "192.168.1.102",
                "fe80::211f:b772:c6da:bfb3",
                "172.27.16.1",
                "fe80::f90c:d738:c01c:abc6",
                "172.28.192.1"
            ],
            "name": "Elmo"
        },
        "winlog": {
            "computer_name": "Elmo",
            "provider_guid": "{5770385f-c22a-43e0-bf4c-06f5698ffbd9}",
            "task": "File created (rule: FileCreate)",
            "provider_name": "Microsoft-Windows-Sysmon",
            "event_data": {
                "UtcTime": "2022-10-07 10:03:34.587",
                "ProcessGuid": "{dd01dab0-f976-633f-9f54-010000004600}",
                "ProcessId": "22864",
                "Image": "C:\\Program Files (x86)\\Common Files\\Steam\\SteamServiceTmp.exe",
                "TargetFilename": "C:\\Program Files (x86)\\Common Files\\Steam\\steamservice.exe",
                "CreationUtcTime": "2021-11-29 10:40:11.887",
                "User": "NT AUTHORITY\\SYSTEM",
                "RuleName": "EXE"
            }
        }
    },
    "186": {
        "@timestamp": "2022-10-07T10:03:34.681Z",
        "winlog": {
            "provider_guid": "{5770385f-c22a-43e0-bf4c-06f5698ffbd9}",
            "computer_name": "Elmo",
            "event_data": {
                "Image": "C:\\Program Files (x86)\\Common Files\\Steam\\steamservice.exe",
                "CommandLine": "\"C:\\Program Files (x86)\\Common Files\\Steam\\steamservice.exe\" /RunAsService",
                "LogonId": "0x3e7",
                "TerminalSessionId": "0",
                "UtcTime": "2022-10-07 10:03:34.673",
                "User": "NT AUTHORITY\\SYSTEM",
                "ParentCommandLine": "C:\\Windows\\system32\\services.exe",
                "ProcessGuid": "{dd01dab0-f976-633f-a154-010000004600}",
                "IntegrityLevel": "System",
                "Hashes": "MD5=A213131C6430B72B05D9813F26E29CD0",
                "OriginalFileName": "SteamService.exe",
                "LogonGuid": "{dd01dab0-dc23-633b-e703-000000000000}",
                "Product": "Steam Client Service",
                "ParentProcessId": "920",
                "RuleName": "-",
                "ProcessId": "19264",
                "CurrentDirectory": "C:\\Windows\\system32\\",
                "ParentImage": "C:\\Windows\\System32\\services.exe",
                "ParentProcessGuid": "{dd01dab0-dc23-633b-0b00-000000004600}",
                "ParentUser": "NT AUTHORITY\\SYSTEM",
                "Description": "Steam Client Service",
                "Company": "Valve Corporation",
                "FileVersion": "07.56.62.07"
            },
            "task": "Process Create (rule: ProcessCreate)",
            "provider_name": "Microsoft-Windows-Sysmon"
        },
        "host": {
            "name": "Elmo",
            "ip": [
                "fe80::7cd2:efa8:dba2:6fc0",
                "169.254.111.192",
                "fe80::e431:7896:8d85:5aa",
                "172.21.208.1",
                "fe80::48ae:546b:7a20:7f52",
                "172.30.112.1",
                "fe80::bc21:1b56:1d1:4b9f",
                "169.254.75.159",
                "fe80::4807:9ca5:cd67:6ac6",
                "169.254.106.198",
                "fe80::e097:4ef1:6314:5a55",
                "169.254.90.85",
                "fe80::d55:b4a9:26a4:7406",
                "192.168.1.102",
                "fe80::211f:b772:c6da:bfb3",
                "172.27.16.1",
                "fe80::f90c:d738:c01c:abc6",
                "172.28.192.1"
            ]
        }
    },
    "187": {
        "@timestamp": "2022-10-07T10:03:36.438Z",
        "host": {
            "ip": [
                "fe80::7cd2:efa8:dba2:6fc0",
                "169.254.111.192",
                "fe80::e431:7896:8d85:5aa",
                "172.21.208.1",
                "fe80::48ae:546b:7a20:7f52",
                "172.30.112.1",
                "fe80::bc21:1b56:1d1:4b9f",
                "169.254.75.159",
                "fe80::4807:9ca5:cd67:6ac6",
                "169.254.106.198",
                "fe80::e097:4ef1:6314:5a55",
                "169.254.90.85",
                "fe80::d55:b4a9:26a4:7406",
                "192.168.1.102",
                "fe80::211f:b772:c6da:bfb3",
                "172.27.16.1",
                "fe80::f90c:d738:c01c:abc6",
                "172.28.192.1"
            ],
            "name": "Elmo"
        },
        "winlog": {
            "task": "Process Create (rule: ProcessCreate)",
            "event_data": {
                "ParentProcessId": "13092",
                "ParentImage": "G:\\Steam\\steam.exe",
                "ProcessId": "1600",
                "FileVersion": "-",
                "Description": "-",
                "ParentUser": "ELMO\\mrdor",
                "CommandLine": ".\\bin\\gldriverquery64.exe",
                "User": "ELMO\\mrdor",
                "ParentCommandLine": "G:\\Steam\\Steam.exe",
                "RuleName": "-",
                "Image": "G:\\Steam\\bin\\gldriverquery64.exe",
                "LogonGuid": "{dd01dab0-b9ee-633f-2067-282600000000}",
                "IntegrityLevel": "Medium",
                "Hashes": "MD5=519CCD21FC4A0F26DEBD33320C50DF57",
                "ParentProcessGuid": "{dd01dab0-f971-633f-9854-010000004600}",
                "ProcessGuid": "{dd01dab0-f978-633f-a354-010000004600}",
                "Company": "-",
                "CurrentDirectory": "G:\\Steam\\",
                "TerminalSessionId": "4",
                "OriginalFileName": "-",
                "Product": "-",
                "LogonId": "0x26286720",
                "UtcTime": "2022-10-07 10:03:36.436"
            },
            "provider_guid": "{5770385f-c22a-43e0-bf4c-06f5698ffbd9}",
            "computer_name": "Elmo",
            "provider_name": "Microsoft-Windows-Sysmon"
        }
    },
    "188": {
        "@timestamp": "2022-10-07T10:03:37.443Z",
        "host": {
            "name": "Elmo",
            "ip": [
                "fe80::7cd2:efa8:dba2:6fc0",
                "169.254.111.192",
                "fe80::e431:7896:8d85:5aa",
                "172.21.208.1",
                "fe80::48ae:546b:7a20:7f52",
                "172.30.112.1",
                "fe80::bc21:1b56:1d1:4b9f",
                "169.254.75.159",
                "fe80::4807:9ca5:cd67:6ac6",
                "169.254.106.198",
                "fe80::e097:4ef1:6314:5a55",
                "169.254.90.85",
                "fe80::d55:b4a9:26a4:7406",
                "192.168.1.102",
                "fe80::211f:b772:c6da:bfb3",
                "172.27.16.1",
                "fe80::f90c:d738:c01c:abc6",
                "172.28.192.1"
            ]
        },
        "winlog": {
            "provider_name": "Microsoft-Windows-Sysmon",
            "computer_name": "Elmo",
            "provider_guid": "{5770385f-c22a-43e0-bf4c-06f5698ffbd9}",
            "task": "Process Create (rule: ProcessCreate)",
            "event_data": {
                "Product": "-",
                "TerminalSessionId": "4",
                "ProcessId": "2132",
                "LogonId": "0x26286720",
                "ParentProcessGuid": "{dd01dab0-f971-633f-9854-010000004600}",
                "Image": "G:\\Steam\\bin\\gldriverquery.exe",
                "Description": "-",
                "RuleName": "-",
                "ParentUser": "ELMO\\mrdor",
                "ParentProcessId": "13092",
                "UtcTime": "2022-10-07 10:03:37.441",
                "CurrentDirectory": "G:\\Steam\\",
                "LogonGuid": "{dd01dab0-b9ee-633f-2067-282600000000}",
                "Company": "-",
                "CommandLine": ".\\bin\\gldriverquery.exe",
                "OriginalFileName": "-",
                "ParentCommandLine": "G:\\Steam\\Steam.exe",
                "ParentImage": "G:\\Steam\\steam.exe",
                "User": "ELMO\\mrdor",
                "IntegrityLevel": "Medium",
                "ProcessGuid": "{dd01dab0-f979-633f-a454-010000004600}",
                "FileVersion": "-",
                "Hashes": "MD5=D6D6DDF71C2A46B4735C20EC16270AB6"
            }
        }
    },
    "189": {
        "@timestamp": "2022-10-07T10:03:37.564Z",
        "host": {
            "ip": [
                "fe80::7cd2:efa8:dba2:6fc0",
                "169.254.111.192",
                "fe80::e431:7896:8d85:5aa",
                "172.21.208.1",
                "fe80::48ae:546b:7a20:7f52",
                "172.30.112.1",
                "fe80::bc21:1b56:1d1:4b9f",
                "169.254.75.159",
                "fe80::4807:9ca5:cd67:6ac6",
                "169.254.106.198",
                "fe80::e097:4ef1:6314:5a55",
                "169.254.90.85",
                "fe80::d55:b4a9:26a4:7406",
                "192.168.1.102",
                "fe80::211f:b772:c6da:bfb3",
                "172.27.16.1",
                "fe80::f90c:d738:c01c:abc6",
                "172.28.192.1"
            ],
            "name": "Elmo"
        },
        "winlog": {
            "provider_name": "Microsoft-Windows-Sysmon",
            "task": "Dns query (rule: DnsQuery)",
            "computer_name": "Elmo",
            "event_data": {
                "UtcTime": "2022-10-07 10:03:51.899",
                "ProcessId": "13092",
                "QueryStatus": "0",
                "QueryResults": "::ffff:208.110.86.66;",
                "User": "ELMO\\mrdor",
                "QueryName": "api.steampowered.com",
                "RuleName": "-",
                "ProcessGuid": "{dd01dab0-f971-633f-9854-010000004600}",
                "Image": "G:\\Steam\\steam.exe"
            },
            "provider_guid": "{5770385f-c22a-43e0-bf4c-06f5698ffbd9}"
        }
    },
    "190": {
        "@timestamp": "2022-10-07T10:03:37.564Z",
        "host": {
            "name": "Elmo",
            "ip": [
                "fe80::7cd2:efa8:dba2:6fc0",
                "169.254.111.192",
                "fe80::e431:7896:8d85:5aa",
                "172.21.208.1",
                "fe80::48ae:546b:7a20:7f52",
                "172.30.112.1",
                "fe80::bc21:1b56:1d1:4b9f",
                "169.254.75.159",
                "fe80::4807:9ca5:cd67:6ac6",
                "169.254.106.198",
                "fe80::e097:4ef1:6314:5a55",
                "169.254.90.85",
                "fe80::d55:b4a9:26a4:7406",
                "192.168.1.102",
                "fe80::211f:b772:c6da:bfb3",
                "172.27.16.1",
                "fe80::f90c:d738:c01c:abc6",
                "172.28.192.1"
            ]
        },
        "winlog": {
            "task": "Dns query (rule: DnsQuery)",
            "computer_name": "Elmo",
            "provider_name": "Microsoft-Windows-Sysmon",
            "event_data": {
                "User": "ELMO\\mrdor",
                "Image": "G:\\Steam\\steam.exe",
                "ProcessId": "13092",
                "ProcessGuid": "{dd01dab0-f971-633f-9854-010000004600}",
                "QueryName": "test.steampowered.com",
                "QueryStatus": "0",
                "RuleName": "-",
                "QueryResults": "208.110.86.69;",
                "UtcTime": "2022-10-07 10:03:51.899"
            },
            "provider_guid": "{5770385f-c22a-43e0-bf4c-06f5698ffbd9}"
        }
    },
    "191": {
        "@timestamp": "2022-10-07T10:03:38.501Z",
        "host": {
            "name": "Elmo",
            "ip": [
                "fe80::7cd2:efa8:dba2:6fc0",
                "169.254.111.192",
                "fe80::e431:7896:8d85:5aa",
                "172.21.208.1",
                "fe80::48ae:546b:7a20:7f52",
                "172.30.112.1",
                "fe80::bc21:1b56:1d1:4b9f",
                "169.254.75.159",
                "fe80::4807:9ca5:cd67:6ac6",
                "169.254.106.198",
                "fe80::e097:4ef1:6314:5a55",
                "169.254.90.85",
                "fe80::d55:b4a9:26a4:7406",
                "192.168.1.102",
                "fe80::211f:b772:c6da:bfb3",
                "172.27.16.1",
                "fe80::f90c:d738:c01c:abc6",
                "172.28.192.1"
            ]
        },
        "winlog": {
            "task": "Process Create (rule: ProcessCreate)",
            "computer_name": "Elmo",
            "event_data": {
                "IntegrityLevel": "Medium",
                "LogonId": "0x26286720",
                "RuleName": "-",
                "OriginalFileName": "-",
                "ParentProcessGuid": "{dd01dab0-f971-633f-9854-010000004600}",
                "User": "ELMO\\mrdor",
                "Product": "-",
                "CommandLine": ".\\bin\\vulkandriverquery64.exe",
                "ParentImage": "G:\\Steam\\steam.exe",
                "ParentUser": "ELMO\\mrdor",
                "LogonGuid": "{dd01dab0-b9ee-633f-2067-282600000000}",
                "FileVersion": "-",
                "ProcessGuid": "{dd01dab0-f97a-633f-a554-010000004600}",
                "CurrentDirectory": "G:\\Steam\\",
                "UtcTime": "2022-10-07 10:03:38.498",
                "ProcessId": "11620",
                "ParentCommandLine": "G:\\Steam\\Steam.exe",
                "ParentProcessId": "13092",
                "Company": "-",
                "Image": "G:\\Steam\\bin\\vulkandriverquery64.exe",
                "Description": "-",
                "TerminalSessionId": "4",
                "Hashes": "MD5=F790F02165A1319BC8A148428D6D98A1"
            },
            "provider_name": "Microsoft-Windows-Sysmon",
            "provider_guid": "{5770385f-c22a-43e0-bf4c-06f5698ffbd9}"
        }
    },
    "192": {
        "@timestamp": "2022-10-07T10:03:38.568Z",
        "winlog": {
            "computer_name": "Elmo",
            "provider_guid": "{5770385f-c22a-43e0-bf4c-06f5698ffbd9}",
            "provider_name": "Microsoft-Windows-Sysmon",
            "event_data": {
                "User": "ELMO\\mrdor",
                "RuleName": "-",
                "ProcessGuid": "{dd01dab0-f971-633f-9854-010000004600}",
                "QueryName": "wpad",
                "QueryResults": "-",
                "QueryStatus": "123",
                "Image": "G:\\Steam\\steam.exe",
                "UtcTime": "2022-10-07 10:03:51.908",
                "ProcessId": "13092"
            },
            "task": "Dns query (rule: DnsQuery)"
        },
        "host": {
            "name": "Elmo",
            "ip": [
                "fe80::7cd2:efa8:dba2:6fc0",
                "169.254.111.192",
                "fe80::e431:7896:8d85:5aa",
                "172.21.208.1",
                "fe80::48ae:546b:7a20:7f52",
                "172.30.112.1",
                "fe80::bc21:1b56:1d1:4b9f",
                "169.254.75.159",
                "fe80::4807:9ca5:cd67:6ac6",
                "169.254.106.198",
                "fe80::e097:4ef1:6314:5a55",
                "169.254.90.85",
                "fe80::d55:b4a9:26a4:7406",
                "192.168.1.102",
                "fe80::211f:b772:c6da:bfb3",
                "172.27.16.1",
                "fe80::f90c:d738:c01c:abc6",
                "172.28.192.1"
            ]
        }
    },
    "193": {
        "@timestamp": "2022-10-07T10:03:38.568Z",
        "host": {
            "ip": [
                "fe80::7cd2:efa8:dba2:6fc0",
                "169.254.111.192",
                "fe80::e431:7896:8d85:5aa",
                "172.21.208.1",
                "fe80::48ae:546b:7a20:7f52",
                "172.30.112.1",
                "fe80::bc21:1b56:1d1:4b9f",
                "169.254.75.159",
                "fe80::4807:9ca5:cd67:6ac6",
                "169.254.106.198",
                "fe80::e097:4ef1:6314:5a55",
                "169.254.90.85",
                "fe80::d55:b4a9:26a4:7406",
                "192.168.1.102",
                "fe80::211f:b772:c6da:bfb3",
                "172.27.16.1",
                "fe80::f90c:d738:c01c:abc6",
                "172.28.192.1"
            ],
            "name": "Elmo"
        },
        "winlog": {
            "task": "Dns query (rule: DnsQuery)",
            "provider_guid": "{5770385f-c22a-43e0-bf4c-06f5698ffbd9}",
            "computer_name": "Elmo",
            "provider_name": "Microsoft-Windows-Sysmon",
            "event_data": {
                "RuleName": "-",
                "ProcessGuid": "{dd01dab0-f971-633f-9854-010000004600}",
                "QueryStatus": "0",
                "UtcTime": "2022-10-07 10:03:52.011",
                "QueryResults": "type:  5 udp.ipv6check.akadns.net;type:  5 eu.udp.ipv6check.akadns.net;2a01:bc80:c:101::9b85:e212;2a01:bc80:c:102::9b85:e223;2a01:bc80:5:112::2;2a01:bc80:c:100::9b85:e202;2a01:bc80:5:112::7;2a01:bc80:c:100::9b85:e203;2a01:bc80:5:111::5;2a01:bc80:5:112::4;",
                "ProcessId": "13092",
                "QueryName": "ipv6check-udp.steamserver.net",
                "Image": "G:\\Steam\\steam.exe",
                "User": "ELMO\\mrdor"
            }
        }
    },
    "194": {
        "@timestamp": "2022-10-07T10:03:38.568Z",
        "host": {
            "ip": [
                "fe80::7cd2:efa8:dba2:6fc0",
                "169.254.111.192",
                "fe80::e431:7896:8d85:5aa",
                "172.21.208.1",
                "fe80::48ae:546b:7a20:7f52",
                "172.30.112.1",
                "fe80::bc21:1b56:1d1:4b9f",
                "169.254.75.159",
                "fe80::4807:9ca5:cd67:6ac6",
                "169.254.106.198",
                "fe80::e097:4ef1:6314:5a55",
                "169.254.90.85",
                "fe80::d55:b4a9:26a4:7406",
                "192.168.1.102",
                "fe80::211f:b772:c6da:bfb3",
                "172.27.16.1",
                "fe80::f90c:d738:c01c:abc6",
                "172.28.192.1"
            ],
            "name": "Elmo"
        },
        "winlog": {
            "provider_name": "Microsoft-Windows-Sysmon",
            "provider_guid": "{5770385f-c22a-43e0-bf4c-06f5698ffbd9}",
            "task": "Dns query (rule: DnsQuery)",
            "event_data": {
                "QueryStatus": "0",
                "RuleName": "-",
                "ProcessId": "13092",
                "UtcTime": "2022-10-07 10:03:52.111",
                "QueryResults": "type:  5 http.ipv6check.akadns.net;type:  5 eu.http.ipv6check.akadns.net;",
                "Image": "G:\\Steam\\steam.exe",
                "User": "ELMO\\mrdor",
                "ProcessGuid": "{dd01dab0-f971-633f-9854-010000004600}",
                "QueryName": "ipv6check-http.steamserver.net"
            },
            "computer_name": "Elmo"
        }
    },
    "195": {
        "@timestamp": "2022-10-07T10:03:39.311Z",
        "host": {
            "name": "Elmo",
            "ip": [
                "fe80::7cd2:efa8:dba2:6fc0",
                "169.254.111.192",
                "fe80::e431:7896:8d85:5aa",
                "172.21.208.1",
                "fe80::48ae:546b:7a20:7f52",
                "172.30.112.1",
                "fe80::bc21:1b56:1d1:4b9f",
                "169.254.75.159",
                "fe80::4807:9ca5:cd67:6ac6",
                "169.254.106.198",
                "fe80::e097:4ef1:6314:5a55",
                "169.254.90.85",
                "fe80::d55:b4a9:26a4:7406",
                "192.168.1.102",
                "fe80::211f:b772:c6da:bfb3",
                "172.27.16.1",
                "fe80::f90c:d738:c01c:abc6",
                "172.28.192.1"
            ]
        },
        "winlog": {
            "provider_guid": "{5770385f-c22a-43e0-bf4c-06f5698ffbd9}",
            "provider_name": "Microsoft-Windows-Sysmon",
            "task": "Process Create (rule: ProcessCreate)",
            "computer_name": "Elmo",
            "event_data": {
                "FileVersion": "-",
                "Product": "-",
                "CommandLine": ".\\bin\\vulkandriverquery.exe",
                "ParentCommandLine": "G:\\Steam\\Steam.exe",
                "ParentProcessGuid": "{dd01dab0-f971-633f-9854-010000004600}",
                "Description": "-",
                "Image": "G:\\Steam\\bin\\vulkandriverquery.exe",
                "Hashes": "MD5=ABBEE67B65A284E4E687F7D7143DC3AA",
                "User": "ELMO\\mrdor",
                "TerminalSessionId": "4",
                "IntegrityLevel": "Medium",
                "ParentProcessId": "13092",
                "Company": "-",
                "LogonGuid": "{dd01dab0-b9ee-633f-2067-282600000000}",
                "ParentImage": "G:\\Steam\\steam.exe",
                "UtcTime": "2022-10-07 10:03:39.309",
                "RuleName": "-",
                "ProcessId": "7608",
                "ParentUser": "ELMO\\mrdor",
