                "ProcessGuid": "{dd01dab0-f8df-633f-f852-010000004600}",
                "LogonGuid": "{dd01dab0-b9ee-633f-e637-282600000000}",
                "FileVersion": "3.6.2",
                "IntegrityLevel": "High",
                "ParentProcessId": "9976",
                "ParentImage": "C:\\Program Files\\Wireshark\\tshark.exe",
                "TerminalSessionId": "4",
                "Product": "Dumpcap",
                "OriginalFileName": "Dumpcap.exe",
                "ParentProcessGuid": "{dd01dab0-f8df-633f-f752-010000004600}",
                "Description": "Dumpcap",
                "User": "ELMO\\mrdor",
                "ParentCommandLine": "\"C:/Program Files/Wireshark/tshark.exe\" -D",
                "UtcTime": "2022-10-07 10:01:03.811",
                "Company": "The Wireshark developer community",
                "LogonId": "0x262837e6",
                "CommandLine": "\"C:\\Program Files\\Wireshark\\dumpcap.exe\" -D -Z none",
                "CurrentDirectory": "C:\\Users\\mrdor\\PycharmProjects\\Hunterbee\\client\\wireshark\\",
                "Hashes": "MD5=A85C48F3129B10CF5593FBF3B02836FF",
                "Image": "C:\\Program Files\\Wireshark\\dumpcap.exe",
                "ParentUser": "ELMO\\mrdor",
                "ProcessId": "22304"
            },
            "task": "Process Create (rule: ProcessCreate)",
            "provider_guid": "{5770385f-c22a-43e0-bf4c-06f5698ffbd9}"
        },
        "host": {
            "ip": [
                "fe80::7cd2:efa8:dba2:6fc0",
                "169.254.111.192",
                "fe80::e431:7896:8d85:5aa",
                "172.21.208.1",
                "fe80::48ae:546b:7a20:7f52",
                "172.30.112.1",
                "fe80::bc21:1b56:1d1:4b9f",
                "169.254.75.159",
                "fe80::4807:9ca5:cd67:6ac6",
                "169.254.106.198",
                "fe80::e097:4ef1:6314:5a55",
                "169.254.90.85",
                "fe80::d55:b4a9:26a4:7406",
                "192.168.1.102",
                "fe80::211f:b772:c6da:bfb3",
                "172.27.16.1",
                "fe80::f90c:d738:c01c:abc6",
                "172.28.192.1"
            ],
            "name": "Elmo"
        }
    },
    "196": {
        "@timestamp": "2022-10-07T10:01:03.951Z",
        "winlog": {
            "provider_name": "Microsoft-Windows-Sysmon",
            "event_data": {
                "LogonGuid": "{dd01dab0-b9ee-633f-e637-282600000000}",
                "ParentUser": "ELMO\\mrdor",
                "Product": "TShark",
                "User": "ELMO\\mrdor",
                "Description": "TShark",
                "ProcessId": "5548",
                "Company": "The Wireshark developer community",
                "CurrentDirectory": "C:\\Users\\mrdor\\PycharmProjects\\Hunterbee\\client\\wireshark\\",
                "ParentImage": "C:\\Users\\mrdor\\AppData\\Local\\Programs\\Python\\Python39\\python.exe",
                "Hashes": "MD5=2C7476F44C33FE4FE26600AE7AE3900D",
                "ParentProcessGuid": "{dd01dab0-f517-633f-4847-010000004600}",
                "OriginalFileName": "TShark.exe",
                "IntegrityLevel": "High",
                "UtcTime": "2022-10-07 10:01:03.949",
                "ParentProcessId": "22388",
                "ProcessGuid": "{dd01dab0-f8df-633f-fa52-010000004600}",
                "FileVersion": "3.6.2",
                "TerminalSessionId": "4",
                "RuleName": "-",
                "Image": "C:\\Program Files\\Wireshark\\tshark.exe",
                "CommandLine": "\"C:/Program Files/Wireshark/tshark.exe\" -l -n -T pdml -c 25 -w C:/Users/mrdor/PycharmProjects/Hunterbee/client/tempfiles/Logs/Wireshark/wireshark-logs-189.pcap -i -",
                "LogonId": "0x262837e6",
                "ParentCommandLine": "C:\\Users\\mrdor\\AppData\\Local\\Programs\\Python\\Python39\\python.exe C:/Users/mrdor/PycharmProjects/Hunterbee/client/wireshark/wireshark_interface.py"
            },
            "task": "Process Create (rule: ProcessCreate)",
            "provider_guid": "{5770385f-c22a-43e0-bf4c-06f5698ffbd9}",
            "computer_name": "Elmo"
        },
        "host": {
            "ip": [
                "fe80::7cd2:efa8:dba2:6fc0",
                "169.254.111.192",
                "fe80::e431:7896:8d85:5aa",
                "172.21.208.1",
                "fe80::48ae:546b:7a20:7f52",
                "172.30.112.1",
                "fe80::bc21:1b56:1d1:4b9f",
                "169.254.75.159",
                "fe80::4807:9ca5:cd67:6ac6",
                "169.254.106.198",
                "fe80::e097:4ef1:6314:5a55",
                "169.254.90.85",
                "fe80::d55:b4a9:26a4:7406",
                "192.168.1.102",
                "fe80::211f:b772:c6da:bfb3",
                "172.27.16.1",
                "fe80::f90c:d738:c01c:abc6",
                "172.28.192.1"
            ],
            "name": "Elmo"
        }
    },
    "197": {
        "@timestamp": "2022-10-07T10:01:04.192Z",
        "winlog": {
            "provider_name": "Microsoft-Windows-Sysmon",
            "provider_guid": "{5770385f-c22a-43e0-bf4c-06f5698ffbd9}",
            "event_data": {
                "Hashes": "MD5=A85C48F3129B10CF5593FBF3B02836FF",
                "RuleName": "-",
                "ParentProcessId": "5548",
                "CommandLine": "\"C:\\Program Files\\Wireshark\\dumpcap.exe\" -D -Z none",
                "CurrentDirectory": "C:\\Users\\mrdor\\PycharmProjects\\Hunterbee\\client\\wireshark\\",
                "LogonGuid": "{dd01dab0-b9ee-633f-e637-282600000000}",
                "FileVersion": "3.6.2",
                "ParentCommandLine": "\"C:/Program Files/Wireshark/tshark.exe\" -l -n -T pdml -c 25 -w C:/Users/mrdor/PycharmProjects/Hunterbee/client/tempfiles/Logs/Wireshark/wireshark-logs-189.pcap -i -",
                "Company": "The Wireshark developer community",
                "Image": "C:\\Program Files\\Wireshark\\dumpcap.exe",
                "OriginalFileName": "Dumpcap.exe",
                "ProcessId": "1576",
                "LogonId": "0x262837e6",
                "ParentProcessGuid": "{dd01dab0-f8df-633f-fa52-010000004600}",
                "Description": "Dumpcap",
                "Product": "Dumpcap",
                "ParentUser": "ELMO\\mrdor",
                "TerminalSessionId": "4",
                "UtcTime": "2022-10-07 10:01:04.190",
                "ProcessGuid": "{dd01dab0-f8e0-633f-fb52-010000004600}",
                "IntegrityLevel": "High",
                "User": "ELMO\\mrdor",
                "ParentImage": "C:\\Program Files\\Wireshark\\tshark.exe"
            },
            "task": "Process Create (rule: ProcessCreate)",
            "computer_name": "Elmo"
        },
        "host": {
            "ip": [
                "fe80::7cd2:efa8:dba2:6fc0",
                "169.254.111.192",
                "fe80::e431:7896:8d85:5aa",
                "172.21.208.1",
                "fe80::48ae:546b:7a20:7f52",
                "172.30.112.1",
                "fe80::bc21:1b56:1d1:4b9f",
                "169.254.75.159",
                "fe80::4807:9ca5:cd67:6ac6",
                "169.254.106.198",
                "fe80::e097:4ef1:6314:5a55",
                "169.254.90.85",
                "fe80::d55:b4a9:26a4:7406",
                "192.168.1.102",
                "fe80::211f:b772:c6da:bfb3",
                "172.27.16.1",
                "fe80::f90c:d738:c01c:abc6",
                "172.28.192.1"
            ],
            "name": "Elmo"
        }
    },
    "198": {
        "@timestamp": "2022-10-07T10:01:04.409Z",
        "winlog": {
            "provider_guid": "{5770385f-c22a-43e0-bf4c-06f5698ffbd9}",
            "computer_name": "Elmo",
            "provider_name": "Microsoft-Windows-Sysmon",
            "task": "Process Create (rule: ProcessCreate)",
            "event_data": {
                "ParentCommandLine": "\"C:/Program Files/Wireshark/tshark.exe\" -l -n -T pdml -c 25 -w C:/Users/mrdor/PycharmProjects/Hunterbee/client/tempfiles/Logs/Wireshark/wireshark-logs-189.pcap -i -",
                "Product": "Dumpcap",
                "CommandLine": "\"C:\\Program Files\\Wireshark\\dumpcap.exe\" -n -c 25 -i - -Z 5548 -w C:/Users/mrdor/PycharmProjects/Hunterbee/client/tempfiles/Logs/Wireshark/wireshark-logs-189.pcap",
                "OriginalFileName": "Dumpcap.exe",
                "ParentImage": "C:\\Program Files\\Wireshark\\tshark.exe",
                "ParentProcessGuid": "{dd01dab0-f8df-633f-fa52-010000004600}",
                "FileVersion": "3.6.2",
                "RuleName": "-",
                "Hashes": "MD5=A85C48F3129B10CF5593FBF3B02836FF",
                "UtcTime": "2022-10-07 10:01:04.407",
                "Image": "C:\\Program Files\\Wireshark\\dumpcap.exe",
                "Company": "The Wireshark developer community",
                "ParentUser": "ELMO\\mrdor",
                "User": "ELMO\\mrdor",
                "TerminalSessionId": "4",
                "ProcessGuid": "{dd01dab0-f8e0-633f-fd52-010000004600}",
                "ParentProcessId": "5548",
                "CurrentDirectory": "C:\\Users\\mrdor\\PycharmProjects\\Hunterbee\\client\\wireshark\\",
                "IntegrityLevel": "High",
                "ProcessId": "20152",
                "LogonId": "0x262837e6",
                "Description": "Dumpcap",
                "LogonGuid": "{dd01dab0-b9ee-633f-e637-282600000000}"
            }
        },
        "host": {
            "name": "Elmo",
            "ip": [
                "fe80::7cd2:efa8:dba2:6fc0",
                "169.254.111.192",
                "fe80::e431:7896:8d85:5aa",
                "172.21.208.1",
                "fe80::48ae:546b:7a20:7f52",
                "172.30.112.1",
                "fe80::bc21:1b56:1d1:4b9f",
                "169.254.75.159",
                "fe80::4807:9ca5:cd67:6ac6",
                "169.254.106.198",
                "fe80::e097:4ef1:6314:5a55",
                "169.254.90.85",
                "fe80::d55:b4a9:26a4:7406",
                "192.168.1.102",
                "fe80::211f:b772:c6da:bfb3",
                "172.27.16.1",
                "fe80::f90c:d738:c01c:abc6",
                "172.28.192.1"
            ]
        }
    },
    "199": {
        "@timestamp": "2022-10-07T10:01:04.724Z",
        "host": {
            "name": "Elmo",
            "ip": [
                "fe80::7cd2:efa8:dba2:6fc0",
                "169.254.111.192",
                "fe80::e431:7896:8d85:5aa",
                "172.21.208.1",
                "fe80::48ae:546b:7a20:7f52",
                "172.30.112.1",
                "fe80::bc21:1b56:1d1:4b9f",
                "169.254.75.159",
                "fe80::4807:9ca5:cd67:6ac6",
                "169.254.106.198",
                "fe80::e097:4ef1:6314:5a55",
                "169.254.90.85",
                "fe80::d55:b4a9:26a4:7406",
                "192.168.1.102",
                "fe80::211f:b772:c6da:bfb3",
                "172.27.16.1",
                "fe80::f90c:d738:c01c:abc6",
                "172.28.192.1"
            ]
        },
        "winlog": {
            "event_data": {
                "ParentUser": "ELMO\\mrdor",
                "Hashes": "MD5=8A2122E8162DBEF04694B9C3E0B6CDEE",
                "CurrentDirectory": "C:\\Users\\mrdor\\PycharmProjects\\Hunterbee\\client\\wireshark\\",
                "Image": "C:\\Windows\\System32\\cmd.exe",
                "Product": "Microsoft\u00c2\u00ae Windows\u00c2\u00ae Operating System",
                "ParentCommandLine": "C:\\Users\\mrdor\\AppData\\Local\\Programs\\Python\\Python39\\python.exe C:/Users/mrdor/PycharmProjects/Hunterbee/client/wireshark/wireshark_interface.py",
                "ProcessGuid": "{dd01dab0-f8e0-633f-ff52-010000004600}",
                "LogonId": "0x262837e6",
                "ProcessId": "11372",
                "TerminalSessionId": "4",
                "Description": "Windows Command Processor",
                "FileVersion": "10.0.19041.746 (WinBuild.160101.0800)",
                "CommandLine": "C:\\Windows\\system32\\cmd.exe /c \"tshark -r C:/Users/mrdor/PycharmProjects/Hunterbee/client/tempfiles/Logs/Wireshark/wireshark-logs-189.pcap -T json > C:/Users/mrdor/PycharmProjects/Hunterbee/client/tempfiles/Logs/Wireshark/wireshark-logs-189.json\"",
                "LogonGuid": "{dd01dab0-b9ee-633f-e637-282600000000}",
                "User": "ELMO\\mrdor",
                "IntegrityLevel": "High",
                "UtcTime": "2022-10-07 10:01:04.721",
                "OriginalFileName": "Cmd.Exe",
                "ParentProcessId": "22388",
                "ParentImage": "C:\\Users\\mrdor\\AppData\\Local\\Programs\\Python\\Python39\\python.exe",
                "RuleName": "-",
                "ParentProcessGuid": "{dd01dab0-f517-633f-4847-010000004600}",
                "Company": "Microsoft Corporation"
            },
            "task": "Process Create (rule: ProcessCreate)",
            "computer_name": "Elmo",
            "provider_name": "Microsoft-Windows-Sysmon",
            "provider_guid": "{5770385f-c22a-43e0-bf4c-06f5698ffbd9}"
        }
    },
    "200": {
        "@timestamp": "2022-10-07T10:01:04.734Z",
        "host": {
            "ip": [
                "fe80::7cd2:efa8:dba2:6fc0",
                "169.254.111.192",
                "fe80::e431:7896:8d85:5aa",
                "172.21.208.1",
                "fe80::48ae:546b:7a20:7f52",
                "172.30.112.1",
                "fe80::bc21:1b56:1d1:4b9f",
                "169.254.75.159",
                "fe80::4807:9ca5:cd67:6ac6",
                "169.254.106.198",
                "fe80::e097:4ef1:6314:5a55",
                "169.254.90.85",
                "fe80::d55:b4a9:26a4:7406",
                "192.168.1.102",
                "fe80::211f:b772:c6da:bfb3",
                "172.27.16.1",
                "fe80::f90c:d738:c01c:abc6",
                "172.28.192.1"
            ],
            "name": "Elmo"
        },
        "winlog": {
            "provider_name": "Microsoft-Windows-Sysmon",
            "computer_name": "Elmo",
            "event_data": {
                "User": "ELMO\\mrdor",
                "Description": "TShark",
                "Hashes": "MD5=2C7476F44C33FE4FE26600AE7AE3900D",
                "ParentUser": "ELMO\\mrdor",
                "ParentCommandLine": "C:\\Windows\\system32\\cmd.exe /c \"tshark -r C:/Users/mrdor/PycharmProjects/Hunterbee/client/tempfiles/Logs/Wireshark/wireshark-logs-189.pcap -T json > C:/Users/mrdor/PycharmProjects/Hunterbee/client/tempfiles/Logs/Wireshark/wireshark-logs-189.json\"",
                "Company": "The Wireshark developer community",
                "CurrentDirectory": "C:\\Users\\mrdor\\PycharmProjects\\Hunterbee\\client\\wireshark\\",
                "TerminalSessionId": "4",
                "Product": "TShark",
                "IntegrityLevel": "High",
                "UtcTime": "2022-10-07 10:01:04.732",
                "ProcessGuid": "{dd01dab0-f8e0-633f-0053-010000004600}",
                "Image": "C:\\Program Files\\Wireshark\\tshark.exe",
                "OriginalFileName": "TShark.exe",
                "ParentProcessGuid": "{dd01dab0-f8e0-633f-ff52-010000004600}",
                "FileVersion": "3.6.2",
                "ParentImage": "C:\\Windows\\System32\\cmd.exe",
                "LogonId": "0x262837e6",
                "CommandLine": "tshark  -r C:/Users/mrdor/PycharmProjects/Hunterbee/client/tempfiles/Logs/Wireshark/wireshark-logs-189.pcap -T json ",
                "RuleName": "-",
                "LogonGuid": "{dd01dab0-b9ee-633f-e637-282600000000}",
                "ParentProcessId": "11372",
                "ProcessId": "5960"
            },
            "task": "Process Create (rule: ProcessCreate)",
            "provider_guid": "{5770385f-c22a-43e0-bf4c-06f5698ffbd9}"
        }
    },
    "201": {
        "@timestamp": "2022-10-07T10:01:05.116Z",
        "host": {
            "name": "Elmo",
            "ip": [
                "fe80::7cd2:efa8:dba2:6fc0",
                "169.254.111.192",
                "fe80::e431:7896:8d85:5aa",
                "172.21.208.1",
                "fe80::48ae:546b:7a20:7f52",
                "172.30.112.1",
                "fe80::bc21:1b56:1d1:4b9f",
                "169.254.75.159",
                "fe80::4807:9ca5:cd67:6ac6",
                "169.254.106.198",
                "fe80::e097:4ef1:6314:5a55",
                "169.254.90.85",
                "fe80::d55:b4a9:26a4:7406",
                "192.168.1.102",
                "fe80::211f:b772:c6da:bfb3",
                "172.27.16.1",
                "fe80::f90c:d738:c01c:abc6",
                "172.28.192.1"
            ]
        },
        "winlog": {
            "provider_name": "Microsoft-Windows-Sysmon",
            "event_data": {
                "LogonGuid": "{dd01dab0-b9ee-633f-e637-282600000000}",
                "TerminalSessionId": "4",
                "Image": "C:\\Program Files\\Wireshark\\tshark.exe",
                "CommandLine": "\"C:/Program Files/Wireshark/tshark.exe\" -D",
                "Product": "TShark",
                "UtcTime": "2022-10-07 10:01:05.114",
                "Description": "TShark",
                "Company": "The Wireshark developer community",
                "CurrentDirectory": "C:\\Users\\mrdor\\PycharmProjects\\Hunterbee\\client\\wireshark\\",
                "Hashes": "MD5=2C7476F44C33FE4FE26600AE7AE3900D",
                "OriginalFileName": "TShark.exe",
                "User": "ELMO\\mrdor",
                "RuleName": "-",
                "ProcessId": "12876",
                "ProcessGuid": "{dd01dab0-f8e1-633f-0153-010000004600}",
                "FileVersion": "3.6.2",
                "ParentImage": "C:\\Users\\mrdor\\AppData\\Local\\Programs\\Python\\Python39\\python.exe",
                "LogonId": "0x262837e6",
                "ParentCommandLine": "C:\\Users\\mrdor\\AppData\\Local\\Programs\\Python\\Python39\\python.exe C:/Users/mrdor/PycharmProjects/Hunterbee/client/wireshark/wireshark_interface.py",
                "IntegrityLevel": "High",
                "ParentProcessGuid": "{dd01dab0-f517-633f-4847-010000004600}",
                "ParentProcessId": "22388",
                "ParentUser": "ELMO\\mrdor"
            },
            "computer_name": "Elmo",
            "provider_guid": "{5770385f-c22a-43e0-bf4c-06f5698ffbd9}",
            "task": "Process Create (rule: ProcessCreate)"
        }
    },
    "202": {
        "@timestamp": "2022-10-07T10:01:05.349Z",
        "host": {
            "name": "Elmo",
            "ip": [
                "fe80::7cd2:efa8:dba2:6fc0",
                "169.254.111.192",
                "fe80::e431:7896:8d85:5aa",
                "172.21.208.1",
                "fe80::48ae:546b:7a20:7f52",
                "172.30.112.1",
                "fe80::bc21:1b56:1d1:4b9f",
                "169.254.75.159",
                "fe80::4807:9ca5:cd67:6ac6",
                "169.254.106.198",
                "fe80::e097:4ef1:6314:5a55",
                "169.254.90.85",
                "fe80::d55:b4a9:26a4:7406",
                "192.168.1.102",
                "fe80::211f:b772:c6da:bfb3",
                "172.27.16.1",
                "fe80::f90c:d738:c01c:abc6",
                "172.28.192.1"
            ]
        },
        "winlog": {
            "task": "Process Create (rule: ProcessCreate)",
            "event_data": {
                "ProcessGuid": "{dd01dab0-f8e1-633f-0253-010000004600}",
                "Image": "C:\\Program Files\\Wireshark\\dumpcap.exe",
                "Hashes": "MD5=A85C48F3129B10CF5593FBF3B02836FF",
                "User": "ELMO\\mrdor",
                "IntegrityLevel": "High",
                "Company": "The Wireshark developer community",
                "UtcTime": "2022-10-07 10:01:05.347",
                "OriginalFileName": "Dumpcap.exe",
                "CommandLine": "\"C:\\Program Files\\Wireshark\\dumpcap.exe\" -D -Z none",
                "LogonGuid": "{dd01dab0-b9ee-633f-e637-282600000000}",
                "CurrentDirectory": "C:\\Users\\mrdor\\PycharmProjects\\Hunterbee\\client\\wireshark\\",
                "ParentProcessId": "12876",
                "FileVersion": "3.6.2",
                "Description": "Dumpcap",
                "ParentImage": "C:\\Program Files\\Wireshark\\tshark.exe",
                "ProcessId": "12972",
                "ParentCommandLine": "\"C:/Program Files/Wireshark/tshark.exe\" -D",
                "ParentUser": "ELMO\\mrdor",
                "ParentProcessGuid": "{dd01dab0-f8e1-633f-0153-010000004600}",
                "Product": "Dumpcap",
                "LogonId": "0x262837e6",
                "RuleName": "-",
                "TerminalSessionId": "4"
            },
            "computer_name": "Elmo",
            "provider_guid": "{5770385f-c22a-43e0-bf4c-06f5698ffbd9}",
            "provider_name": "Microsoft-Windows-Sysmon"
        }
    },
    "203": {
        "@timestamp": "2022-10-07T10:01:05.498Z",
        "host": {
            "name": "Elmo",
            "ip": [
                "fe80::7cd2:efa8:dba2:6fc0",
                "169.254.111.192",
                "fe80::e431:7896:8d85:5aa",
                "172.21.208.1",
                "fe80::48ae:546b:7a20:7f52",
                "172.30.112.1",
                "fe80::bc21:1b56:1d1:4b9f",
                "169.254.75.159",
                "fe80::4807:9ca5:cd67:6ac6",
                "169.254.106.198",
                "fe80::e097:4ef1:6314:5a55",
                "169.254.90.85",
                "fe80::d55:b4a9:26a4:7406",
                "192.168.1.102",
                "fe80::211f:b772:c6da:bfb3",
                "172.27.16.1",
                "fe80::f90c:d738:c01c:abc6",
                "172.28.192.1"
            ]
        },
        "winlog": {
            "provider_name": "Microsoft-Windows-Sysmon",
            "computer_name": "Elmo",
            "task": "Process Create (rule: ProcessCreate)",
            "event_data": {
                "OriginalFileName": "TShark.exe",
                "Company": "The Wireshark developer community",
                "ParentUser": "ELMO\\mrdor",
                "ProcessId": "19728",
                "ParentProcessId": "22388",
                "Product": "TShark",
                "FileVersion": "3.6.2",
                "UtcTime": "2022-10-07 10:01:05.495",
                "ProcessGuid": "{dd01dab0-f8e1-633f-0453-010000004600}",
                "User": "ELMO\\mrdor",
                "LogonId": "0x262837e6",
                "ParentImage": "C:\\Users\\mrdor\\AppData\\Local\\Programs\\Python\\Python39\\python.exe",
                "RuleName": "-",
                "ParentProcessGuid": "{dd01dab0-f517-633f-4847-010000004600}",
                "ParentCommandLine": "C:\\Users\\mrdor\\AppData\\Local\\Programs\\Python\\Python39\\python.exe C:/Users/mrdor/PycharmProjects/Hunterbee/client/wireshark/wireshark_interface.py",
                "Image": "C:\\Program Files\\Wireshark\\tshark.exe",
                "CurrentDirectory": "C:\\Users\\mrdor\\PycharmProjects\\Hunterbee\\client\\wireshark\\",
                "CommandLine": "\"C:/Program Files/Wireshark/tshark.exe\" -v",
                "Hashes": "MD5=2C7476F44C33FE4FE26600AE7AE3900D",
                "Description": "TShark",
                "LogonGuid": "{dd01dab0-b9ee-633f-e637-282600000000}",
                "IntegrityLevel": "High",
                "TerminalSessionId": "4"
            },
            "provider_guid": "{5770385f-c22a-43e0-bf4c-06f5698ffbd9}"
        }
    },
    "204": {
        "@timestamp": "2022-10-07T10:01:05.746Z",
        "host": {
            "name": "Elmo",
            "ip": [
                "fe80::7cd2:efa8:dba2:6fc0",
                "169.254.111.192",
                "fe80::e431:7896:8d85:5aa",
                "172.21.208.1",
                "fe80::48ae:546b:7a20:7f52",
                "172.30.112.1",
                "fe80::bc21:1b56:1d1:4b9f",
                "169.254.75.159",
                "fe80::4807:9ca5:cd67:6ac6",
                "169.254.106.198",
                "fe80::e097:4ef1:6314:5a55",
                "169.254.90.85",
                "fe80::d55:b4a9:26a4:7406",
                "192.168.1.102",
                "fe80::211f:b772:c6da:bfb3",
                "172.27.16.1",
                "fe80::f90c:d738:c01c:abc6",
                "172.28.192.1"
            ]
        },
        "winlog": {
            "provider_guid": "{5770385f-c22a-43e0-bf4c-06f5698ffbd9}",
            "provider_name": "Microsoft-Windows-Sysmon",
            "computer_name": "Elmo",
            "event_data": {
                "Description": "Dumpcap",
                "ProcessGuid": "{dd01dab0-f8e1-633f-0553-010000004600}",
                "RuleName": "-",
                "UtcTime": "2022-10-07 10:01:05.744",
                "ParentProcessGuid": "{dd01dab0-f517-633f-4847-010000004600}",
                "ProcessId": "22840",
                "CommandLine": "\"C:/Program Files/Wireshark/dumpcap.exe\" -q -i Wi-Fi -w -",
                "ParentProcessId": "22388",
                "CurrentDirectory": "C:\\Users\\mrdor\\PycharmProjects\\Hunterbee\\client\\wireshark\\",
                "LogonId": "0x262837e6",
                "ParentUser": "ELMO\\mrdor",
                "Image": "C:\\Program Files\\Wireshark\\dumpcap.exe",
                "ParentCommandLine": "C:\\Users\\mrdor\\AppData\\Local\\Programs\\Python\\Python39\\python.exe C:/Users/mrdor/PycharmProjects/Hunterbee/client/wireshark/wireshark_interface.py",
                "ParentImage": "C:\\Users\\mrdor\\AppData\\Local\\Programs\\Python\\Python39\\python.exe",
                "LogonGuid": "{dd01dab0-b9ee-633f-e637-282600000000}",
                "Hashes": "MD5=A85C48F3129B10CF5593FBF3B02836FF",
                "FileVersion": "3.6.2",
                "OriginalFileName": "Dumpcap.exe",
                "TerminalSessionId": "4",
                "Product": "Dumpcap",
                "Company": "The Wireshark developer community",
                "User": "ELMO\\mrdor",
                "IntegrityLevel": "High"
            },
            "task": "Process Create (rule: ProcessCreate)"
        }
    },
    "205": {
        "@timestamp": "2022-10-07T10:01:05.750Z",
        "winlog": {
            "provider_name": "Microsoft-Windows-Sysmon",
            "computer_name": "Elmo",
            "event_data": {
                "UtcTime": "2022-10-07 10:01:05.748",
                "ParentProcessGuid": "{dd01dab0-f517-633f-4847-010000004600}",
                "IntegrityLevel": "High",
                "ParentProcessId": "22388",
                "ProcessId": "12272",
                "Image": "C:\\Program Files\\Wireshark\\tshark.exe",
                "Product": "TShark",
                "User": "ELMO\\mrdor",
                "ParentImage": "C:\\Users\\mrdor\\AppData\\Local\\Programs\\Python\\Python39\\python.exe",
                "TerminalSessionId": "4",
                "Description": "TShark",
                "LogonGuid": "{dd01dab0-b9ee-633f-e637-282600000000}",
                "LogonId": "0x262837e6",
                "ParentUser": "ELMO\\mrdor",
                "OriginalFileName": "TShark.exe",
                "CurrentDirectory": "C:\\Users\\mrdor\\PycharmProjects\\Hunterbee\\client\\wireshark\\",
                "Company": "The Wireshark developer community",
                "Hashes": "MD5=2C7476F44C33FE4FE26600AE7AE3900D",
                "ParentCommandLine": "C:\\Users\\mrdor\\AppData\\Local\\Programs\\Python\\Python39\\python.exe C:/Users/mrdor/PycharmProjects/Hunterbee/client/wireshark/wireshark_interface.py",
                "RuleName": "-",
                "FileVersion": "3.6.2",
                "ProcessGuid": "{dd01dab0-f8e1-633f-0653-010000004600}",
                "CommandLine": "\"C:/Program Files/Wireshark/tshark.exe\" -D"
            },
            "provider_guid": "{5770385f-c22a-43e0-bf4c-06f5698ffbd9}",
            "task": "Process Create (rule: ProcessCreate)"
        },
        "host": {
            "ip": [
                "fe80::7cd2:efa8:dba2:6fc0",
                "169.254.111.192",
                "fe80::e431:7896:8d85:5aa",
                "172.21.208.1",
                "fe80::48ae:546b:7a20:7f52",
                "172.30.112.1",
                "fe80::bc21:1b56:1d1:4b9f",
                "169.254.75.159",
                "fe80::4807:9ca5:cd67:6ac6",
                "169.254.106.198",
                "fe80::e097:4ef1:6314:5a55",
                "169.254.90.85",
                "fe80::d55:b4a9:26a4:7406",
                "192.168.1.102",
                "fe80::211f:b772:c6da:bfb3",
                "172.27.16.1",
                "fe80::f90c:d738:c01c:abc6",
                "172.28.192.1"
            ],
            "name": "Elmo"
        }
    },
    "206": {
        "@timestamp": "2022-10-07T10:01:05.978Z",
        "host": {
            "name": "Elmo",
            "ip": [
                "fe80::7cd2:efa8:dba2:6fc0",
                "169.254.111.192",
                "fe80::e431:7896:8d85:5aa",
                "172.21.208.1",
                "fe80::48ae:546b:7a20:7f52",
                "172.30.112.1",
                "fe80::bc21:1b56:1d1:4b9f",
                "169.254.75.159",
                "fe80::4807:9ca5:cd67:6ac6",
                "169.254.106.198",
                "fe80::e097:4ef1:6314:5a55",
                "169.254.90.85",
                "fe80::d55:b4a9:26a4:7406",
                "192.168.1.102",
                "fe80::211f:b772:c6da:bfb3",
                "172.27.16.1",
                "fe80::f90c:d738:c01c:abc6",
                "172.28.192.1"
            ]
        },
        "winlog": {
            "computer_name": "Elmo",
            "task": "Process Create (rule: ProcessCreate)",
            "event_data": {
                "LogonId": "0x262837e6",
                "ParentCommandLine": "\"C:/Program Files/Wireshark/tshark.exe\" -D",
                "IntegrityLevel": "High",
                "ProcessId": "15452",
                "ParentUser": "ELMO\\mrdor",
                "LogonGuid": "{dd01dab0-b9ee-633f-e637-282600000000}",
                "Image": "C:\\Program Files\\Wireshark\\dumpcap.exe",
                "CommandLine": "\"C:\\Program Files\\Wireshark\\dumpcap.exe\" -D -Z none",
                "TerminalSessionId": "4",
                "RuleName": "-",
                "ParentProcessGuid": "{dd01dab0-f8e1-633f-0653-010000004600}",
                "ParentProcessId": "12272",
                "ParentImage": "C:\\Program Files\\Wireshark\\tshark.exe",
                "OriginalFileName": "Dumpcap.exe",
                "CurrentDirectory": "C:\\Users\\mrdor\\PycharmProjects\\Hunterbee\\client\\wireshark\\",
                "Description": "Dumpcap",
                "UtcTime": "2022-10-07 10:01:05.976",
                "Company": "The Wireshark developer community",
                "User": "ELMO\\mrdor",
                "Hashes": "MD5=A85C48F3129B10CF5593FBF3B02836FF",
                "ProcessGuid": "{dd01dab0-f8e1-633f-0753-010000004600}",
                "Product": "Dumpcap",
                "FileVersion": "3.6.2"
            },
            "provider_name": "Microsoft-Windows-Sysmon",
            "provider_guid": "{5770385f-c22a-43e0-bf4c-06f5698ffbd9}"
        }
    },
    "207": {
        "@timestamp": "2022-10-07T10:01:06.115Z",
        "host": {
            "ip": [
                "fe80::7cd2:efa8:dba2:6fc0",
                "169.254.111.192",
                "fe80::e431:7896:8d85:5aa",
                "172.21.208.1",
                "fe80::48ae:546b:7a20:7f52",
                "172.30.112.1",
                "fe80::bc21:1b56:1d1:4b9f",
                "169.254.75.159",
                "fe80::4807:9ca5:cd67:6ac6",
                "169.254.106.198",
                "fe80::e097:4ef1:6314:5a55",
                "169.254.90.85",
                "fe80::d55:b4a9:26a4:7406",
                "192.168.1.102",
                "fe80::211f:b772:c6da:bfb3",
                "172.27.16.1",
                "fe80::f90c:d738:c01c:abc6",
                "172.28.192.1"
            ],
            "name": "Elmo"
        },
        "winlog": {
            "computer_name": "Elmo",
            "event_data": {
                "LogonId": "0x262837e6",
                "Company": "The Wireshark developer community",
                "OriginalFileName": "TShark.exe",
                "UtcTime": "2022-10-07 10:01:06.114",
                "ParentImage": "C:\\Users\\mrdor\\AppData\\Local\\Programs\\Python\\Python39\\python.exe",
                "ProcessGuid": "{dd01dab0-f8e2-633f-0953-010000004600}",
                "User": "ELMO\\mrdor",
                "TerminalSessionId": "4",
                "ParentProcessGuid": "{dd01dab0-f517-633f-4847-010000004600}",
                "ParentProcessId": "22388",
                "RuleName": "-",
                "Product": "TShark",
                "FileVersion": "3.6.2",
                "ParentUser": "ELMO\\mrdor",
                "ParentCommandLine": "C:\\Users\\mrdor\\AppData\\Local\\Programs\\Python\\Python39\\python.exe C:/Users/mrdor/PycharmProjects/Hunterbee/client/wireshark/wireshark_interface.py",
                "Image": "C:\\Program Files\\Wireshark\\tshark.exe",
                "CommandLine": "\"C:/Program Files/Wireshark/tshark.exe\" -l -n -T pdml -c 25 -w C:/Users/mrdor/PycharmProjects/Hunterbee/client/tempfiles/Logs/Wireshark/wireshark-logs-190.pcap -i -",
                "Description": "TShark",
                "LogonGuid": "{dd01dab0-b9ee-633f-e637-282600000000}",
                "IntegrityLevel": "High",
                "ProcessId": "15760",
                "CurrentDirectory": "C:\\Users\\mrdor\\PycharmProjects\\Hunterbee\\client\\wireshark\\",
                "Hashes": "MD5=2C7476F44C33FE4FE26600AE7AE3900D"
            },
            "provider_name": "Microsoft-Windows-Sysmon",
            "task": "Process Create (rule: ProcessCreate)",
            "provider_guid": "{5770385f-c22a-43e0-bf4c-06f5698ffbd9}"
        }
    },
    "208": {
        "@timestamp": "2022-10-07T10:01:06.354Z",
        "host": {
            "ip": [
                "fe80::7cd2:efa8:dba2:6fc0",
                "169.254.111.192",
                "fe80::e431:7896:8d85:5aa",
                "172.21.208.1",
                "fe80::48ae:546b:7a20:7f52",
                "172.30.112.1",
                "fe80::bc21:1b56:1d1:4b9f",
                "169.254.75.159",
                "fe80::4807:9ca5:cd67:6ac6",
                "169.254.106.198",
                "fe80::e097:4ef1:6314:5a55",
                "169.254.90.85",
                "fe80::d55:b4a9:26a4:7406",
                "192.168.1.102",
                "fe80::211f:b772:c6da:bfb3",
                "172.27.16.1",
                "fe80::f90c:d738:c01c:abc6",
                "172.28.192.1"
            ],
            "name": "Elmo"
        },
        "winlog": {
            "provider_name": "Microsoft-Windows-Sysmon",
            "computer_name": "Elmo",
            "event_data": {
                "Hashes": "MD5=A85C48F3129B10CF5593FBF3B02836FF",
                "FileVersion": "3.6.2",
                "ParentImage": "C:\\Program Files\\Wireshark\\tshark.exe",
                "ParentUser": "ELMO\\mrdor",
                "Description": "Dumpcap",
                "CommandLine": "\"C:\\Program Files\\Wireshark\\dumpcap.exe\" -D -Z none",
                "LogonGuid": "{dd01dab0-b9ee-633f-e637-282600000000}",
                "User": "ELMO\\mrdor",
                "ParentProcessGuid": "{dd01dab0-f8e2-633f-0953-010000004600}",
                "Image": "C:\\Program Files\\Wireshark\\dumpcap.exe",
                "IntegrityLevel": "High",
                "ParentProcessId": "15760",
                "UtcTime": "2022-10-07 10:01:06.351",
                "ProcessId": "3432",
                "ParentCommandLine": "\"C:/Program Files/Wireshark/tshark.exe\" -l -n -T pdml -c 25 -w C:/Users/mrdor/PycharmProjects/Hunterbee/client/tempfiles/Logs/Wireshark/wireshark-logs-190.pcap -i -",
                "CurrentDirectory": "C:\\Users\\mrdor\\PycharmProjects\\Hunterbee\\client\\wireshark\\",
                "ProcessGuid": "{dd01dab0-f8e2-633f-0a53-010000004600}",
                "OriginalFileName": "Dumpcap.exe",
                "Company": "The Wireshark developer community",
                "TerminalSessionId": "4",
                "Product": "Dumpcap",
                "LogonId": "0x262837e6",
                "RuleName": "-"
            },
            "task": "Process Create (rule: ProcessCreate)",
            "provider_guid": "{5770385f-c22a-43e0-bf4c-06f5698ffbd9}"
        }
    },
    "209": {
        "@timestamp": "2022-10-07T10:01:06.489Z",
        "host": {
            "name": "Elmo",
            "ip": [
                "fe80::7cd2:efa8:dba2:6fc0",
                "169.254.111.192",
                "fe80::e431:7896:8d85:5aa",
                "172.21.208.1",
                "fe80::48ae:546b:7a20:7f52",
                "172.30.112.1",
                "fe80::bc21:1b56:1d1:4b9f",
                "169.254.75.159",
                "fe80::4807:9ca5:cd67:6ac6",
                "169.254.106.198",
                "fe80::e097:4ef1:6314:5a55",
                "169.254.90.85",
                "fe80::d55:b4a9:26a4:7406",
                "192.168.1.102",
                "fe80::211f:b772:c6da:bfb3",
                "172.27.16.1",
                "fe80::f90c:d738:c01c:abc6",
                "172.28.192.1"
            ]
        },
        "winlog": {
            "event_data": {
                "LogonId": "0x26286720",
                "RuleName": "-",
                "Product": "Microsoft\u00c2\u00ae Windows\u00c2\u00ae Operating System",
                "ParentCommandLine": "C:\\Windows\\system32\\svchost.exe -k DcomLaunch -p",
                "UtcTime": "2022-10-07 10:01:06.485",
                "OriginalFileName": "dllhost.exe",
                "LogonGuid": "{dd01dab0-b9ee-633f-2067-282600000000}",
                "ParentUser": "NT AUTHORITY\\SYSTEM",
                "User": "ELMO\\mrdor",
                "ProcessGuid": "{dd01dab0-f8e2-633f-0c53-010000004600}",
                "TerminalSessionId": "4",
                "ProcessId": "20728",
                "Image": "C:\\Windows\\SysWOW64\\dllhost.exe",
                "ParentProcessId": "744",
                "Hashes": "MD5=6F3C9485F8F97AC04C8E43EF4463A68C",
                "Company": "Microsoft Corporation",
                "CurrentDirectory": "C:\\Windows\\system32\\",
                "IntegrityLevel": "Medium",
                "FileVersion": "10.0.19041.546 (WinBuild.160101.0800)",
                "CommandLine": "\"C:\\Windows\\SysWOW64\\DllHost.exe\" /Processid:{776DBC8D-7347-478C-8D71-791E12EF49D8}",
                "ParentProcessGuid": "{dd01dab0-dc24-633b-0f00-000000004600}",
                "Description": "COM Surrogate",
                "ParentImage": "C:\\Windows\\System32\\svchost.exe"
            },
            "task": "Process Create (rule: ProcessCreate)",
            "provider_name": "Microsoft-Windows-Sysmon",
            "computer_name": "Elmo",
            "provider_guid": "{5770385f-c22a-43e0-bf4c-06f5698ffbd9}"
        }
    },
    "210": {
        "@timestamp": "2022-10-07T10:01:06.613Z",
        "host": {
            "ip": [
                "fe80::7cd2:efa8:dba2:6fc0",
                "169.254.111.192",
                "fe80::e431:7896:8d85:5aa",
                "172.21.208.1",
                "fe80::48ae:546b:7a20:7f52",
                "172.30.112.1",
                "fe80::bc21:1b56:1d1:4b9f",
                "169.254.75.159",
                "fe80::4807:9ca5:cd67:6ac6",
                "169.254.106.198",
                "fe80::e097:4ef1:6314:5a55",
                "169.254.90.85",
                "fe80::d55:b4a9:26a4:7406",
                "192.168.1.102",
                "fe80::211f:b772:c6da:bfb3",
                "172.27.16.1",
                "fe80::f90c:d738:c01c:abc6",
                "172.28.192.1"
            ],
            "name": "Elmo"
        },
        "winlog": {
            "task": "Process Create (rule: ProcessCreate)",
            "provider_name": "Microsoft-Windows-Sysmon",
            "event_data": {
                "LogonGuid": "{dd01dab0-b9ee-633f-e637-282600000000}",
                "ProcessGuid": "{dd01dab0-f8e2-633f-0d53-010000004600}",
                "FileVersion": "3.6.2",
                "UtcTime": "2022-10-07 10:01:06.611",
                "ParentProcessId": "15760",
                "User": "ELMO\\mrdor",
                "TerminalSessionId": "4",
                "Company": "The Wireshark developer community",
                "Description": "Dumpcap",
                "Product": "Dumpcap",
                "ParentProcessGuid": "{dd01dab0-f8e2-633f-0953-010000004600}",
                "IntegrityLevel": "High",
                "ProcessId": "16868",
                "ParentCommandLine": "\"C:/Program Files/Wireshark/tshark.exe\" -l -n -T pdml -c 25 -w C:/Users/mrdor/PycharmProjects/Hunterbee/client/tempfiles/Logs/Wireshark/wireshark-logs-190.pcap -i -",
                "RuleName": "-",
                "Image": "C:\\Program Files\\Wireshark\\dumpcap.exe",
                "OriginalFileName": "Dumpcap.exe",
                "ParentUser": "ELMO\\mrdor",
                "CommandLine": "\"C:\\Program Files\\Wireshark\\dumpcap.exe\" -n -c 25 -i - -Z 15760 -w C:/Users/mrdor/PycharmProjects/Hunterbee/client/tempfiles/Logs/Wireshark/wireshark-logs-190.pcap",
                "CurrentDirectory": "C:\\Users\\mrdor\\PycharmProjects\\Hunterbee\\client\\wireshark\\",
                "LogonId": "0x262837e6",
                "ParentImage": "C:\\Program Files\\Wireshark\\tshark.exe",
                "Hashes": "MD5=A85C48F3129B10CF5593FBF3B02836FF"
            },
            "computer_name": "Elmo",
            "provider_guid": "{5770385f-c22a-43e0-bf4c-06f5698ffbd9}"
        }
    },
    "211": {
        "@timestamp": "2022-10-07T10:01:06.953Z",
        "host": {
            "name": "Elmo",
            "ip": [
                "fe80::7cd2:efa8:dba2:6fc0",
                "169.254.111.192",
                "fe80::e431:7896:8d85:5aa",
                "172.21.208.1",
                "fe80::48ae:546b:7a20:7f52",
                "172.30.112.1",
                "fe80::bc21:1b56:1d1:4b9f",
                "169.254.75.159",
                "fe80::4807:9ca5:cd67:6ac6",
                "169.254.106.198",
                "fe80::e097:4ef1:6314:5a55",
                "169.254.90.85",
                "fe80::d55:b4a9:26a4:7406",
                "192.168.1.102",
                "fe80::211f:b772:c6da:bfb3",
                "172.27.16.1",
                "fe80::f90c:d738:c01c:abc6",
                "172.28.192.1"
            ]
        },
        "winlog": {
            "provider_guid": "{5770385f-c22a-43e0-bf4c-06f5698ffbd9}",
            "event_data": {
                "FileVersion": "10.0.19041.746 (WinBuild.160101.0800)",
                "ParentCommandLine": "C:\\Users\\mrdor\\AppData\\Local\\Programs\\Python\\Python39\\python.exe C:/Users/mrdor/PycharmProjects/Hunterbee/client/wireshark/wireshark_interface.py",
                "User": "ELMO\\mrdor",
                "TerminalSessionId": "4",
                "ParentProcessGuid": "{dd01dab0-f517-633f-4847-010000004600}",
                "ParentProcessId": "22388",
                "Hashes": "MD5=8A2122E8162DBEF04694B9C3E0B6CDEE",
                "Image": "C:\\Windows\\System32\\cmd.exe",
                "ProcessId": "12440",
                "LogonId": "0x262837e6",
                "ParentUser": "ELMO\\mrdor",
                "ProcessGuid": "{dd01dab0-f8e2-633f-0f53-010000004600}",
                "CommandLine": "C:\\Windows\\system32\\cmd.exe /c \"tshark -r C:/Users/mrdor/PycharmProjects/Hunterbee/client/tempfiles/Logs/Wireshark/wireshark-logs-190.pcap -T json > C:/Users/mrdor/PycharmProjects/Hunterbee/client/tempfiles/Logs/Wireshark/wireshark-logs-190.json\"",
                "IntegrityLevel": "High",
                "UtcTime": "2022-10-07 10:01:06.951",
                "Description": "Windows Command Processor",
                "OriginalFileName": "Cmd.Exe",
                "LogonGuid": "{dd01dab0-b9ee-633f-e637-282600000000}",
                "RuleName": "-",
                "Product": "Microsoft\u00c2\u00ae Windows\u00c2\u00ae Operating System",
                "ParentImage": "C:\\Users\\mrdor\\AppData\\Local\\Programs\\Python\\Python39\\python.exe",
                "Company": "Microsoft Corporation",
                "CurrentDirectory": "C:\\Users\\mrdor\\PycharmProjects\\Hunterbee\\client\\wireshark\\"
            },
            "provider_name": "Microsoft-Windows-Sysmon",
            "task": "Process Create (rule: ProcessCreate)",
            "computer_name": "Elmo"
        }
    },
    "212": {
        "@timestamp": "2022-10-07T10:01:07.012Z",
        "host": {
            "name": "Elmo",
            "ip": [
                "fe80::7cd2:efa8:dba2:6fc0",
                "169.254.111.192",
                "fe80::e431:7896:8d85:5aa",
                "172.21.208.1",
                "fe80::48ae:546b:7a20:7f52",
                "172.30.112.1",
                "fe80::bc21:1b56:1d1:4b9f",
                "169.254.75.159",
                "fe80::4807:9ca5:cd67:6ac6",
                "169.254.106.198",
                "fe80::e097:4ef1:6314:5a55",
                "169.254.90.85",
                "fe80::d55:b4a9:26a4:7406",
                "192.168.1.102",
                "fe80::211f:b772:c6da:bfb3",
                "172.27.16.1",
                "fe80::f90c:d738:c01c:abc6",
                "172.28.192.1"
            ]
        },
        "winlog": {
            "provider_guid": "{5770385f-c22a-43e0-bf4c-06f5698ffbd9}",
            "computer_name": "Elmo",
            "task": "Process Create (rule: ProcessCreate)",
            "provider_name": "Microsoft-Windows-Sysmon",
            "event_data": {
                "CurrentDirectory": "C:\\Users\\mrdor\\PycharmProjects\\Hunterbee\\client\\wireshark\\",
                "TerminalSessionId": "4",
                "UtcTime": "2022-10-07 10:01:07.010",
                "ParentProcessId": "12440",
                "LogonGuid": "{dd01dab0-b9ee-633f-e637-282600000000}",
                "Description": "TShark",
                "LogonId": "0x262837e6",
                "Hashes": "MD5=2C7476F44C33FE4FE26600AE7AE3900D",
                "ProcessId": "20612",
                "ParentProcessGuid": "{dd01dab0-f8e2-633f-0f53-010000004600}",
                "OriginalFileName": "TShark.exe",
                "User": "ELMO\\mrdor",
                "ParentUser": "ELMO\\mrdor",
                "FileVersion": "3.6.2",
                "Product": "TShark",
                "IntegrityLevel": "High",
                "ParentImage": "C:\\Windows\\System32\\cmd.exe",
                "RuleName": "-",
                "Image": "C:\\Program Files\\Wireshark\\tshark.exe",
                "Company": "The Wireshark developer community",
                "ProcessGuid": "{dd01dab0-f8e3-633f-1053-010000004600}",
                "CommandLine": "tshark  -r C:/Users/mrdor/PycharmProjects/Hunterbee/client/tempfiles/Logs/Wireshark/wireshark-logs-190.pcap -T json ",
                "ParentCommandLine": "C:\\Windows\\system32\\cmd.exe /c \"tshark -r C:/Users/mrdor/PycharmProjects/Hunterbee/client/tempfiles/Logs/Wireshark/wireshark-logs-190.pcap -T json > C:/Users/mrdor/PycharmProjects/Hunterbee/client/tempfiles/Logs/Wireshark/wireshark-logs-190.json\""
            }
        }
    },
    "213": {
        "@timestamp": "2022-10-07T10:01:07.401Z",
        "host": {
            "name": "Elmo",
            "ip": [
                "fe80::7cd2:efa8:dba2:6fc0",
                "169.254.111.192",
                "fe80::e431:7896:8d85:5aa",
                "172.21.208.1",
                "fe80::48ae:546b:7a20:7f52",
                "172.30.112.1",
                "fe80::bc21:1b56:1d1:4b9f",
                "169.254.75.159",
                "fe80::4807:9ca5:cd67:6ac6",
                "169.254.106.198",
                "fe80::e097:4ef1:6314:5a55",
                "169.254.90.85",
                "fe80::d55:b4a9:26a4:7406",
                "192.168.1.102",
                "fe80::211f:b772:c6da:bfb3",
                "172.27.16.1",
                "fe80::f90c:d738:c01c:abc6",
                "172.28.192.1"
            ]
        },
        "winlog": {
            "provider_guid": "{5770385f-c22a-43e0-bf4c-06f5698ffbd9}",
            "task": "Process Create (rule: ProcessCreate)",
            "event_data": {
                "FileVersion": "3.6.2",
                "LogonGuid": "{dd01dab0-b9ee-633f-e637-282600000000}",
                "LogonId": "0x262837e6",
                "Hashes": "MD5=2C7476F44C33FE4FE26600AE7AE3900D",
                "ParentUser": "ELMO\\mrdor",
                "ProcessId": "11016",
                "Description": "TShark",
                "Product": "TShark",
                "TerminalSessionId": "4",
                "RuleName": "-",
                "CurrentDirectory": "C:\\Users\\mrdor\\PycharmProjects\\Hunterbee\\client\\wireshark\\",
