                "ProcessGuid": "{dd01dab0-ea5b-633f-e43e-010000004600}",
                "OriginalFileName": "Dumpcap.exe",
                "ParentCommandLine": "\"C:/Program Files/Wireshark/tshark.exe\" -l -n -T pdml -c 25 -w C:/Users/mrdor/PycharmProjects/Hunterbee/client/tempfiles/Logs/Wireshark/wireshark-logs-18.pcap -i -",
                "ParentProcessGuid": "{dd01dab0-ea5a-633f-e13e-010000004600}",
                "ParentProcessId": "15732",
                "RuleName": "-",
                "Product": "Dumpcap",
                "ParentImage": "C:\\Program Files\\Wireshark\\tshark.exe"
            },
            "provider_name": "Microsoft-Windows-Sysmon"
        }
    },
    "36": {
        "@timestamp": "2022-10-07T08:59:07.872Z",
        "host": {
            "ip": [
                "fe80::7cd2:efa8:dba2:6fc0",
                "169.254.111.192",
                "fe80::35dd:35f1:3699:95e0",
                "172.30.112.1",
                "fe80::d55:b4a9:26a4:7406",
                "169.254.116.6",
                "fe80::bc21:1b56:1d1:4b9f",
                "169.254.75.159",
                "fe80::4807:9ca5:cd67:6ac6",
                "169.254.106.198",
                "fe80::e097:4ef1:6314:5a55",
                "169.254.90.85",
                "fe80::211f:b772:c6da:bfb3",
                "172.27.16.1",
                "fe80::b17a:5e0b:f5a9:457d",
                "172.21.208.1",
                "fe80::f90c:d738:c01c:abc6",
                "172.28.192.1"
            ],
            "name": "Elmo"
        },
        "winlog": {
            "provider_guid": "{5770385f-c22a-43e0-bf4c-06f5698ffbd9}",
            "task": "Process Create (rule: ProcessCreate)",
            "provider_name": "Microsoft-Windows-Sysmon",
            "computer_name": "Elmo",
            "event_data": {
                "UtcTime": "2022-10-07 08:59:07.869",
                "Image": "C:\\Windows\\System32\\cmd.exe",
                "LogonGuid": "{dd01dab0-b9ee-633f-e637-282600000000}",
                "ParentUser": "ELMO\\mrdor",
                "User": "ELMO\\mrdor",
                "ParentCommandLine": "C:\\Users\\mrdor\\AppData\\Local\\Programs\\Python\\Python39\\python.exe C:/Users/mrdor/PycharmProjects/Hunterbee/client/wireshark/wireshark_interface.py",
                "CurrentDirectory": "C:\\Users\\mrdor\\PycharmProjects\\Hunterbee\\client\\wireshark\\",
                "LogonId": "0x262837e6",
                "Description": "Windows Command Processor",
                "Company": "Microsoft Corporation",
                "CommandLine": "C:\\Windows\\system32\\cmd.exe /c \"tshark -r C:/Users/mrdor/PycharmProjects/Hunterbee/client/tempfiles/Logs/Wireshark/wireshark-logs-18.pcap -T json > C:/Users/mrdor/PycharmProjects/Hunterbee/client/tempfiles/Logs/Wireshark/wireshark-logs-18.json\"",
                "Hashes": "MD5=8A2122E8162DBEF04694B9C3E0B6CDEE",
                "ParentProcessId": "11660",
                "OriginalFileName": "Cmd.Exe",
                "IntegrityLevel": "High",
                "ParentImage": "C:\\Users\\mrdor\\AppData\\Local\\Programs\\Python\\Python39\\python.exe",
                "TerminalSessionId": "4",
                "ProcessId": "16836",
                "ParentProcessGuid": "{dd01dab0-ea23-633f-a83d-010000004600}",
                "Product": "Microsoft\u00c2\u00ae Windows\u00c2\u00ae Operating System",
                "RuleName": "-",
                "ProcessGuid": "{dd01dab0-ea5b-633f-e63e-010000004600}",
                "FileVersion": "10.0.19041.746 (WinBuild.160101.0800)"
            }
        }
    },
    "37": {
        "@timestamp": "2022-10-07T08:59:07.881Z",
        "host": {
            "name": "Elmo",
            "ip": [
                "fe80::7cd2:efa8:dba2:6fc0",
                "169.254.111.192",
                "fe80::35dd:35f1:3699:95e0",
                "172.30.112.1",
                "fe80::d55:b4a9:26a4:7406",
                "169.254.116.6",
                "fe80::bc21:1b56:1d1:4b9f",
                "169.254.75.159",
                "fe80::4807:9ca5:cd67:6ac6",
                "169.254.106.198",
                "fe80::e097:4ef1:6314:5a55",
                "169.254.90.85",
                "fe80::211f:b772:c6da:bfb3",
                "172.27.16.1",
                "fe80::b17a:5e0b:f5a9:457d",
                "172.21.208.1",
                "fe80::f90c:d738:c01c:abc6",
                "172.28.192.1"
            ]
        },
        "winlog": {
            "provider_guid": "{5770385f-c22a-43e0-bf4c-06f5698ffbd9}",
            "computer_name": "Elmo",
            "event_data": {
                "TargetFilename": "C:\\Users\\mrdor\\PycharmProjects\\Hunterbee\\server\\downloads\\Wireshark\\wireshark-logs-16.json",
                "CreationUtcTime": "2022-10-07 08:59:07.880",
                "User": "ELMO\\mrdor",
                "RuleName": "Downloads",
                "UtcTime": "2022-10-07 08:59:07.880",
                "ProcessGuid": "{dd01dab0-e7b8-633f-623c-010000004600}",
                "ProcessId": "22916",
                "Image": "C:\\Users\\mrdor\\AppData\\Local\\Programs\\Python\\Python39\\python.exe"
            },
            "provider_name": "Microsoft-Windows-Sysmon",
            "task": "File created (rule: FileCreate)"
        }
    },
    "38": {
        "@timestamp": "2022-10-07T08:59:07.882Z",
        "host": {
            "ip": [
                "fe80::7cd2:efa8:dba2:6fc0",
                "169.254.111.192",
                "fe80::35dd:35f1:3699:95e0",
                "172.30.112.1",
                "fe80::d55:b4a9:26a4:7406",
                "169.254.116.6",
                "fe80::bc21:1b56:1d1:4b9f",
                "169.254.75.159",
                "fe80::4807:9ca5:cd67:6ac6",
                "169.254.106.198",
                "fe80::e097:4ef1:6314:5a55",
                "169.254.90.85",
                "fe80::211f:b772:c6da:bfb3",
                "172.27.16.1",
                "fe80::b17a:5e0b:f5a9:457d",
                "172.21.208.1",
                "fe80::f90c:d738:c01c:abc6",
                "172.28.192.1"
            ],
            "name": "Elmo"
        },
        "winlog": {
            "provider_guid": "{5770385f-c22a-43e0-bf4c-06f5698ffbd9}",
            "task": "Process Create (rule: ProcessCreate)",
            "computer_name": "Elmo",
            "event_data": {
                "CommandLine": "tshark  -r C:/Users/mrdor/PycharmProjects/Hunterbee/client/tempfiles/Logs/Wireshark/wireshark-logs-18.pcap -T json ",
                "CurrentDirectory": "C:\\Users\\mrdor\\PycharmProjects\\Hunterbee\\client\\wireshark\\",
                "Image": "C:\\Program Files\\Wireshark\\tshark.exe",
                "ParentProcessId": "16836",
                "RuleName": "-",
                "ProcessGuid": "{dd01dab0-ea5b-633f-e73e-010000004600}",
                "Company": "The Wireshark developer community",
                "TerminalSessionId": "4",
                "ParentCommandLine": "C:\\Windows\\system32\\cmd.exe /c \"tshark -r C:/Users/mrdor/PycharmProjects/Hunterbee/client/tempfiles/Logs/Wireshark/wireshark-logs-18.pcap -T json > C:/Users/mrdor/PycharmProjects/Hunterbee/client/tempfiles/Logs/Wireshark/wireshark-logs-18.json\"",
                "Description": "TShark",
                "ParentProcessGuid": "{dd01dab0-ea5b-633f-e63e-010000004600}",
                "User": "ELMO\\mrdor",
                "FileVersion": "3.6.2",
                "IntegrityLevel": "High",
                "LogonGuid": "{dd01dab0-b9ee-633f-e637-282600000000}",
                "Product": "TShark",
                "UtcTime": "2022-10-07 08:59:07.880",
                "ParentImage": "C:\\Windows\\System32\\cmd.exe",
                "ParentUser": "ELMO\\mrdor",
                "ProcessId": "18928",
                "OriginalFileName": "TShark.exe",
                "Hashes": "MD5=2C7476F44C33FE4FE26600AE7AE3900D",
                "LogonId": "0x262837e6"
            },
            "provider_name": "Microsoft-Windows-Sysmon"
        }
    },
    "39": {
        "@timestamp": "2022-10-07T08:59:08.304Z",
        "host": {
            "name": "Elmo",
            "ip": [
                "fe80::7cd2:efa8:dba2:6fc0",
                "169.254.111.192",
                "fe80::35dd:35f1:3699:95e0",
                "172.30.112.1",
                "fe80::d55:b4a9:26a4:7406",
                "169.254.116.6",
                "fe80::bc21:1b56:1d1:4b9f",
                "169.254.75.159",
                "fe80::4807:9ca5:cd67:6ac6",
                "169.254.106.198",
                "fe80::e097:4ef1:6314:5a55",
                "169.254.90.85",
                "fe80::211f:b772:c6da:bfb3",
                "172.27.16.1",
                "fe80::b17a:5e0b:f5a9:457d",
                "172.21.208.1",
                "fe80::f90c:d738:c01c:abc6",
                "172.28.192.1"
            ]
        },
        "winlog": {
            "event_data": {
                "LogonId": "0x262837e6",
                "IntegrityLevel": "High",
                "TerminalSessionId": "4",
                "Hashes": "MD5=2C7476F44C33FE4FE26600AE7AE3900D",
                "ParentProcessGuid": "{dd01dab0-ea23-633f-a83d-010000004600}",
                "User": "ELMO\\mrdor",
                "Image": "C:\\Program Files\\Wireshark\\tshark.exe",
                "ProcessId": "22344",
                "ProcessGuid": "{dd01dab0-ea5c-633f-e83e-010000004600}",
                "UtcTime": "2022-10-07 08:59:08.303",
                "Company": "The Wireshark developer community",
                "ParentProcessId": "11660",
                "RuleName": "-",
                "ParentCommandLine": "C:\\Users\\mrdor\\AppData\\Local\\Programs\\Python\\Python39\\python.exe C:/Users/mrdor/PycharmProjects/Hunterbee/client/wireshark/wireshark_interface.py",
                "Product": "TShark",
                "OriginalFileName": "TShark.exe",
                "CommandLine": "\"C:/Program Files/Wireshark/tshark.exe\" -D",
                "FileVersion": "3.6.2",
                "Description": "TShark",
                "ParentUser": "ELMO\\mrdor",
                "ParentImage": "C:\\Users\\mrdor\\AppData\\Local\\Programs\\Python\\Python39\\python.exe",
                "LogonGuid": "{dd01dab0-b9ee-633f-e637-282600000000}",
                "CurrentDirectory": "C:\\Users\\mrdor\\PycharmProjects\\Hunterbee\\client\\wireshark\\"
            },
            "provider_guid": "{5770385f-c22a-43e0-bf4c-06f5698ffbd9}",
            "task": "Process Create (rule: ProcessCreate)",
            "computer_name": "Elmo",
            "provider_name": "Microsoft-Windows-Sysmon"
        }
    },
    "40": {
        "@timestamp": "2022-10-07T08:59:08.382Z",
        "host": {
            "name": "Elmo",
            "ip": [
                "fe80::7cd2:efa8:dba2:6fc0",
                "169.254.111.192",
                "fe80::35dd:35f1:3699:95e0",
                "172.30.112.1",
                "fe80::d55:b4a9:26a4:7406",
                "169.254.116.6",
                "fe80::bc21:1b56:1d1:4b9f",
                "169.254.75.159",
                "fe80::4807:9ca5:cd67:6ac6",
                "169.254.106.198",
                "fe80::e097:4ef1:6314:5a55",
                "169.254.90.85",
                "fe80::211f:b772:c6da:bfb3",
                "172.27.16.1",
                "fe80::b17a:5e0b:f5a9:457d",
                "172.21.208.1",
                "fe80::f90c:d738:c01c:abc6",
                "172.28.192.1"
            ]
        },
        "winlog": {
            "provider_guid": "{5770385f-c22a-43e0-bf4c-06f5698ffbd9}",
            "provider_name": "Microsoft-Windows-Sysmon",
            "task": "Process Create (rule: ProcessCreate)",
            "event_data": {
                "User": "ELMO\\mrdor",
                "TerminalSessionId": "4",
                "Description": "-",
                "UtcTime": "2022-10-07 08:59:08.380",
                "Image": "C:\\Users\\mrdor\\AppData\\Local\\JetBrains\\PyCharm2021.3\\tmp\\sendctrlc.x64.B37C5E935F3DA60B2940592241F826DA.exe",
                "RuleName": "-",
                "CurrentDirectory": "C:\\Program Files\\JetBrains\\PyCharm 2021.3\\jbr\\bin\\",
                "ParentCommandLine": "\"C:\\Program Files\\JetBrains\\PyCharm 2021.3\\bin\\pycharm64.exe\" ",
                "ProcessGuid": "{dd01dab0-ea5c-633f-e93e-010000004600}",
                "FileVersion": "-",
                "LogonGuid": "{dd01dab0-b9ee-633f-e637-282600000000}",
                "IntegrityLevel": "High",
                "Hashes": "MD5=B37C5E935F3DA60B2940592241F826DA",
                "ParentUser": "ELMO\\mrdor",
                "OriginalFileName": "-",
                "ParentProcessGuid": "{dd01dab0-e463-633f-c137-010000004600}",
                "ParentProcessId": "18532",
                "ParentImage": "C:\\Program Files\\JetBrains\\PyCharm 2021.3\\bin\\pycharm64.exe",
                "LogonId": "0x262837e6",
                "CommandLine": "C:\\Users\\mrdor\\AppData\\Local\\JetBrains\\PyCharm2021.3\\tmp\\sendctrlc.x64.B37C5E935F3DA60B2940592241F826DA.exe 18588",
                "ProcessId": "2376",
                "Product": "-",
                "Company": "-"
            },
            "computer_name": "Elmo"
        }
    },
    "41": {
        "@timestamp": "2022-10-07T08:59:08.407Z",
        "winlog": {
            "computer_name": "Elmo",
            "provider_guid": "{5770385f-c22a-43e0-bf4c-06f5698ffbd9}",
            "event_data": {
                "Image": "C:\\Users\\mrdor\\AppData\\Local\\JetBrains\\PyCharm2021.3\\tmp\\sendctrlc.x64.B37C5E935F3DA60B2940592241F826DA.exe",
                "User": "ELMO\\mrdor",
                "RuleName": "-",
                "UtcTime": "2022-10-07 08:59:08.407",
                "ProcessGuid": "{dd01dab0-ea5c-633f-e93e-010000004600}",
                "ProcessId": "2376"
            },
            "provider_name": "Microsoft-Windows-Sysmon",
            "task": "Process terminated (rule: ProcessTerminate)"
        },
        "host": {
            "name": "Elmo",
            "ip": [
                "fe80::7cd2:efa8:dba2:6fc0",
                "169.254.111.192",
                "fe80::35dd:35f1:3699:95e0",
                "172.30.112.1",
                "fe80::d55:b4a9:26a4:7406",
                "169.254.116.6",
                "fe80::bc21:1b56:1d1:4b9f",
                "169.254.75.159",
                "fe80::4807:9ca5:cd67:6ac6",
                "169.254.106.198",
                "fe80::e097:4ef1:6314:5a55",
                "169.254.90.85",
                "fe80::211f:b772:c6da:bfb3",
                "172.27.16.1",
                "fe80::b17a:5e0b:f5a9:457d",
                "172.21.208.1",
                "fe80::f90c:d738:c01c:abc6",
                "172.28.192.1"
            ]
        }
    },
    "42": {
        "@timestamp": "2022-10-07T08:59:08.427Z",
        "winlog": {
            "provider_name": "Microsoft-Windows-Sysmon",
            "computer_name": "Elmo",
            "event_data": {
                "ParentUser": "ELMO\\mrdor",
                "ParentImage": "C:\\Program Files\\JetBrains\\PyCharm 2021.3\\bin\\pycharm64.exe",
                "ParentCommandLine": "\"C:\\Program Files\\JetBrains\\PyCharm 2021.3\\bin\\pycharm64.exe\" ",
                "User": "ELMO\\mrdor",
                "Hashes": "MD5=B37C5E935F3DA60B2940592241F826DA",
                "ParentProcessGuid": "{dd01dab0-e463-633f-c137-010000004600}",
                "RuleName": "-",
                "IntegrityLevel": "High",
                "Description": "-",
                "Product": "-",
                "CurrentDirectory": "C:\\Program Files\\JetBrains\\PyCharm 2021.3\\jbr\\bin\\",
                "TerminalSessionId": "4",
                "ParentProcessId": "18532",
                "ProcessId": "16044",
                "Image": "C:\\Users\\mrdor\\AppData\\Local\\JetBrains\\PyCharm2021.3\\tmp\\sendctrlc.x64.B37C5E935F3DA60B2940592241F826DA.exe",
                "Company": "-",
                "OriginalFileName": "-",
                "LogonGuid": "{dd01dab0-b9ee-633f-e637-282600000000}",
                "LogonId": "0x262837e6",
                "UtcTime": "2022-10-07 08:59:08.424",
                "CommandLine": "C:\\Users\\mrdor\\AppData\\Local\\JetBrains\\PyCharm2021.3\\tmp\\sendctrlc.x64.B37C5E935F3DA60B2940592241F826DA.exe 23180",
                "FileVersion": "-",
                "ProcessGuid": "{dd01dab0-ea5c-633f-eb3e-010000004600}"
            },
            "provider_guid": "{5770385f-c22a-43e0-bf4c-06f5698ffbd9}",
            "task": "Process Create (rule: ProcessCreate)"
        },
        "host": {
            "name": "Elmo",
            "ip": [
                "fe80::7cd2:efa8:dba2:6fc0",
                "169.254.111.192",
                "fe80::35dd:35f1:3699:95e0",
                "172.30.112.1",
                "fe80::d55:b4a9:26a4:7406",
                "169.254.116.6",
                "fe80::bc21:1b56:1d1:4b9f",
                "169.254.75.159",
                "fe80::4807:9ca5:cd67:6ac6",
                "169.254.106.198",
                "fe80::e097:4ef1:6314:5a55",
                "169.254.90.85",
                "fe80::211f:b772:c6da:bfb3",
                "172.27.16.1",
                "fe80::b17a:5e0b:f5a9:457d",
                "172.21.208.1",
                "fe80::f90c:d738:c01c:abc6",
                "172.28.192.1"
            ]
        }
    },
    "43": {
        "@timestamp": "2022-10-07T08:59:08.450Z",
        "host": {
            "ip": [
                "fe80::7cd2:efa8:dba2:6fc0",
                "169.254.111.192",
                "fe80::35dd:35f1:3699:95e0",
                "172.30.112.1",
                "fe80::d55:b4a9:26a4:7406",
                "169.254.116.6",
                "fe80::bc21:1b56:1d1:4b9f",
                "169.254.75.159",
                "fe80::4807:9ca5:cd67:6ac6",
                "169.254.106.198",
                "fe80::e097:4ef1:6314:5a55",
                "169.254.90.85",
                "fe80::211f:b772:c6da:bfb3",
                "172.27.16.1",
                "fe80::b17a:5e0b:f5a9:457d",
                "172.21.208.1",
                "fe80::f90c:d738:c01c:abc6",
                "172.28.192.1"
            ],
            "name": "Elmo"
        },
        "winlog": {
            "computer_name": "Elmo",
            "provider_guid": "{5770385f-c22a-43e0-bf4c-06f5698ffbd9}",
            "provider_name": "Microsoft-Windows-Sysmon",
            "task": "Process terminated (rule: ProcessTerminate)",
            "event_data": {
                "ProcessId": "16044",
                "Image": "C:\\Users\\mrdor\\AppData\\Local\\JetBrains\\PyCharm2021.3\\tmp\\sendctrlc.x64.B37C5E935F3DA60B2940592241F826DA.exe",
                "User": "ELMO\\mrdor",
                "RuleName": "-",
                "UtcTime": "2022-10-07 08:59:08.450",
                "ProcessGuid": "{dd01dab0-ea5c-633f-eb3e-010000004600}"
            }
        }
    },
    "44": {
        "@timestamp": "2022-10-07T08:59:08.452Z",
        "host": {
            "ip": [
                "fe80::7cd2:efa8:dba2:6fc0",
                "169.254.111.192",
                "fe80::35dd:35f1:3699:95e0",
                "172.30.112.1",
                "fe80::d55:b4a9:26a4:7406",
                "169.254.116.6",
                "fe80::bc21:1b56:1d1:4b9f",
                "169.254.75.159",
                "fe80::4807:9ca5:cd67:6ac6",
                "169.254.106.198",
                "fe80::e097:4ef1:6314:5a55",
                "169.254.90.85",
                "fe80::211f:b772:c6da:bfb3",
                "172.27.16.1",
                "fe80::b17a:5e0b:f5a9:457d",
                "172.21.208.1",
                "fe80::f90c:d738:c01c:abc6",
                "172.28.192.1"
            ],
            "name": "Elmo"
        },
        "winlog": {
            "provider_guid": "{5770385f-c22a-43e0-bf4c-06f5698ffbd9}",
            "task": "Process Create (rule: ProcessCreate)",
            "event_data": {
                "ParentProcessGuid": "{dd01dab0-e9e0-633f-803d-010000004600}",
                "ProcessId": "22520",
                "ProcessGuid": "{dd01dab0-ea5c-633f-ed3e-010000004600}",
                "Product": "Microsoft\u00c2\u00ae Windows\u00c2\u00ae Operating System",
                "FileVersion": "10.0.19041.746 (WinBuild.160101.0800)",
                "Company": "Microsoft Corporation",
                "RuleName": "-",
                "IntegrityLevel": "High",
                "Image": "C:\\Windows\\System32\\cmd.exe",
                "CommandLine": "C:\\Windows\\system32\\cmd.exe /c C:/Users/mrdor/PycharmProjects/Hunterbee/client/sysmon/winlogbeat/bat_files/stop.bat \"C:/Program Files (x86)/ELK Stack/winlogbeat\"",
                "ParentCommandLine": "C:\\Users\\mrdor\\AppData\\Local\\Programs\\Python\\Python39\\python.exe C:/Users/mrdor/PycharmProjects/Hunterbee/client/sysmon/sysmon_interface.py",
                "CurrentDirectory": "C:\\Users\\mrdor\\PycharmProjects\\Hunterbee\\client\\sysmon\\",
                "User": "ELMO\\mrdor",
                "LogonId": "0x262837e6",
                "UtcTime": "2022-10-07 08:59:08.450",
                "LogonGuid": "{dd01dab0-b9ee-633f-e637-282600000000}",
                "TerminalSessionId": "4",
                "ParentImage": "C:\\Users\\mrdor\\AppData\\Local\\Programs\\Python\\Python39\\python.exe",
                "OriginalFileName": "Cmd.Exe",
                "ParentUser": "ELMO\\mrdor",
                "Description": "Windows Command Processor",
                "ParentProcessId": "16796",
                "Hashes": "MD5=8A2122E8162DBEF04694B9C3E0B6CDEE"
            },
            "provider_name": "Microsoft-Windows-Sysmon",
            "computer_name": "Elmo"
        }
    },
    "45": {
        "@timestamp": "2022-10-07T08:59:08.457Z",
        "host": {
            "ip": [
                "fe80::7cd2:efa8:dba2:6fc0",
                "169.254.111.192",
                "fe80::35dd:35f1:3699:95e0",
                "172.30.112.1",
                "fe80::d55:b4a9:26a4:7406",
                "169.254.116.6",
                "fe80::bc21:1b56:1d1:4b9f",
                "169.254.75.159",
                "fe80::4807:9ca5:cd67:6ac6",
                "169.254.106.198",
                "fe80::e097:4ef1:6314:5a55",
                "169.254.90.85",
                "fe80::211f:b772:c6da:bfb3",
                "172.27.16.1",
                "fe80::b17a:5e0b:f5a9:457d",
                "172.21.208.1",
                "fe80::f90c:d738:c01c:abc6",
                "172.28.192.1"
            ],
            "name": "Elmo"
        },
        "winlog": {
            "computer_name": "Elmo",
            "provider_guid": "{5770385f-c22a-43e0-bf4c-06f5698ffbd9}",
            "task": "Process Create (rule: ProcessCreate)",
            "provider_name": "Microsoft-Windows-Sysmon",
            "event_data": {
                "ParentUser": "ELMO\\mrdor",
                "Product": "-",
                "CommandLine": "C:\\Users\\mrdor\\AppData\\Local\\JetBrains\\PyCharm2021.3\\tmp\\sendctrlc.x64.B37C5E935F3DA60B2940592241F826DA.exe 10428",
                "CurrentDirectory": "C:\\Program Files\\JetBrains\\PyCharm 2021.3\\jbr\\bin\\",
                "ParentProcessGuid": "{dd01dab0-e463-633f-c137-010000004600}",
                "IntegrityLevel": "High",
                "Company": "-",
                "LogonId": "0x262837e6",
                "ProcessId": "6172",
                "Image": "C:\\Users\\mrdor\\AppData\\Local\\JetBrains\\PyCharm2021.3\\tmp\\sendctrlc.x64.B37C5E935F3DA60B2940592241F826DA.exe",
                "Hashes": "MD5=B37C5E935F3DA60B2940592241F826DA",
                "UtcTime": "2022-10-07 08:59:08.455",
                "OriginalFileName": "-",
                "RuleName": "-",
                "ParentProcessId": "18532",
                "ParentImage": "C:\\Program Files\\JetBrains\\PyCharm 2021.3\\bin\\pycharm64.exe",
                "ProcessGuid": "{dd01dab0-ea5c-633f-ee3e-010000004600}",
                "ParentCommandLine": "\"C:\\Program Files\\JetBrains\\PyCharm 2021.3\\bin\\pycharm64.exe\" ",
                "FileVersion": "-",
                "Description": "-",
                "LogonGuid": "{dd01dab0-b9ee-633f-e637-282600000000}",
                "TerminalSessionId": "4",
                "User": "ELMO\\mrdor"
            }
        }
    },
    "46": {
        "@timestamp": "2022-10-07T08:59:08.467Z",
        "winlog": {
            "event_data": {
                "IntegrityLevel": "High",
                "ParentProcessId": "22520",
                "RuleName": "-",
                "Image": "C:\\Windows\\System32\\WindowsPowerShell\\v1.0\\powershell.exe",
                "ParentUser": "ELMO\\mrdor",
                "OriginalFileName": "PowerShell.EXE",
                "UtcTime": "2022-10-07 08:59:08.464",
                "ProcessId": "8540",
                "Product": "Microsoft\u00c2\u00ae Windows\u00c2\u00ae Operating System",
                "CommandLine": "powershell  -command \"Stop-Service winlogbeat\"",
                "TerminalSessionId": "4",
                "ParentImage": "C:\\Windows\\System32\\cmd.exe",
                "Hashes": "MD5=04029E121A0CFA5991749937DD22A1D9",
                "FileVersion": "10.0.19041.546 (WinBuild.160101.0800)",
                "ParentCommandLine": "C:\\Windows\\system32\\cmd.exe /c C:/Users/mrdor/PycharmProjects/Hunterbee/client/sysmon/winlogbeat/bat_files/stop.bat \"C:/Program Files (x86)/ELK Stack/winlogbeat\"",
                "Company": "Microsoft Corporation",
                "User": "ELMO\\mrdor",
                "ParentProcessGuid": "{dd01dab0-ea5c-633f-ed3e-010000004600}",
                "LogonGuid": "{dd01dab0-b9ee-633f-e637-282600000000}",
                "Description": "Windows PowerShell",
                "LogonId": "0x262837e6",
                "CurrentDirectory": "C:\\Program Files (x86)\\ELK Stack\\winlogbeat\\",
                "ProcessGuid": "{dd01dab0-ea5c-633f-f03e-010000004600}"
            },
            "provider_name": "Microsoft-Windows-Sysmon",
            "provider_guid": "{5770385f-c22a-43e0-bf4c-06f5698ffbd9}",
            "task": "Process Create (rule: ProcessCreate)",
            "computer_name": "Elmo"
        },
        "host": {
            "ip": [
                "fe80::7cd2:efa8:dba2:6fc0",
                "169.254.111.192",
                "fe80::35dd:35f1:3699:95e0",
                "172.30.112.1",
                "fe80::d55:b4a9:26a4:7406",
                "169.254.116.6",
                "fe80::bc21:1b56:1d1:4b9f",
                "169.254.75.159",
                "fe80::4807:9ca5:cd67:6ac6",
                "169.254.106.198",
                "fe80::e097:4ef1:6314:5a55",
                "169.254.90.85",
                "fe80::211f:b772:c6da:bfb3",
                "172.27.16.1",
                "fe80::b17a:5e0b:f5a9:457d",
                "172.21.208.1",
                "fe80::f90c:d738:c01c:abc6",
                "172.28.192.1"
            ],
            "name": "Elmo"
        }
    },
    "47": {
        "@timestamp": "2022-10-07T08:59:08.484Z",
        "winlog": {
            "computer_name": "Elmo",
            "event_data": {
                "ProcessId": "6172",
                "Image": "C:\\Users\\mrdor\\AppData\\Local\\JetBrains\\PyCharm2021.3\\tmp\\sendctrlc.x64.B37C5E935F3DA60B2940592241F826DA.exe",
                "User": "ELMO\\mrdor",
                "RuleName": "-",
                "UtcTime": "2022-10-07 08:59:08.483",
                "ProcessGuid": "{dd01dab0-ea5c-633f-ee3e-010000004600}"
            },
            "provider_name": "Microsoft-Windows-Sysmon",
            "provider_guid": "{5770385f-c22a-43e0-bf4c-06f5698ffbd9}",
            "task": "Process terminated (rule: ProcessTerminate)"
        },
        "host": {
            "ip": [
                "fe80::7cd2:efa8:dba2:6fc0",
                "169.254.111.192",
                "fe80::35dd:35f1:3699:95e0",
                "172.30.112.1",
                "fe80::d55:b4a9:26a4:7406",
                "169.254.116.6",
                "fe80::bc21:1b56:1d1:4b9f",
                "169.254.75.159",
                "fe80::4807:9ca5:cd67:6ac6",
                "169.254.106.198",
                "fe80::e097:4ef1:6314:5a55",
                "169.254.90.85",
                "fe80::211f:b772:c6da:bfb3",
                "172.27.16.1",
                "fe80::b17a:5e0b:f5a9:457d",
                "172.21.208.1",
                "fe80::f90c:d738:c01c:abc6",
                "172.28.192.1"
            ],
            "name": "Elmo"
        }
    },
    "48": {
        "@timestamp": "2022-10-07T08:59:08.492Z",
        "winlog": {
            "provider_name": "Microsoft-Windows-Sysmon",
            "task": "File created (rule: FileCreate)",
            "provider_guid": "{5770385f-c22a-43e0-bf4c-06f5698ffbd9}",
            "computer_name": "Elmo",
            "event_data": {
                "Image": "C:\\Users\\mrdor\\AppData\\Local\\Programs\\Python\\Python39\\python.exe",
                "TargetFilename": "C:\\Users\\mrdor\\PycharmProjects\\Hunterbee\\server\\downloads\\Wireshark\\wireshark-logs-17.json",
                "CreationUtcTime": "2022-10-07 08:59:08.491",
                "User": "ELMO\\mrdor",
                "RuleName": "Downloads",
                "UtcTime": "2022-10-07 08:59:08.491",
                "ProcessGuid": "{dd01dab0-e7b8-633f-623c-010000004600}",
                "ProcessId": "22916"
            }
        },
        "host": {
            "name": "Elmo",
            "ip": [
                "fe80::7cd2:efa8:dba2:6fc0",
                "169.254.111.192",
                "fe80::35dd:35f1:3699:95e0",
                "172.30.112.1",
                "fe80::d55:b4a9:26a4:7406",
                "169.254.116.6",
                "fe80::bc21:1b56:1d1:4b9f",
                "169.254.75.159",
                "fe80::4807:9ca5:cd67:6ac6",
                "169.254.106.198",
                "fe80::e097:4ef1:6314:5a55",
                "169.254.90.85",
                "fe80::211f:b772:c6da:bfb3",
                "172.27.16.1",
                "fe80::b17a:5e0b:f5a9:457d",
                "172.21.208.1",
                "fe80::f90c:d738:c01c:abc6",
                "172.28.192.1"
            ]
        }
    },
    "49": {
        "@timestamp": "2022-10-07T08:59:08.503Z",
        "host": {
            "name": "Elmo",
            "ip": [
                "fe80::7cd2:efa8:dba2:6fc0",
                "169.254.111.192",
                "fe80::35dd:35f1:3699:95e0",
                "172.30.112.1",
                "fe80::d55:b4a9:26a4:7406",
                "169.254.116.6",
                "fe80::bc21:1b56:1d1:4b9f",
                "169.254.75.159",
                "fe80::4807:9ca5:cd67:6ac6",
                "169.254.106.198",
                "fe80::e097:4ef1:6314:5a55",
                "169.254.90.85",
                "fe80::211f:b772:c6da:bfb3",
                "172.27.16.1",
                "fe80::b17a:5e0b:f5a9:457d",
                "172.21.208.1",
                "fe80::f90c:d738:c01c:abc6",
                "172.28.192.1"
            ]
        },
        "winlog": {
            "provider_guid": "{5770385f-c22a-43e0-bf4c-06f5698ffbd9}",
            "task": "File created (rule: FileCreate)",
            "provider_name": "Microsoft-Windows-Sysmon",
            "event_data": {
                "Image": "C:\\Users\\mrdor\\AppData\\Local\\Programs\\Python\\Python39\\python.exe",
                "TargetFilename": "C:\\Users\\mrdor\\PycharmProjects\\Hunterbee\\server\\downloads\\Wireshark\\wireshark-logs-18.json",
                "CreationUtcTime": "2022-10-07 08:59:08.502",
                "User": "ELMO\\mrdor",
                "RuleName": "Downloads",
                "UtcTime": "2022-10-07 08:59:08.502",
                "ProcessGuid": "{dd01dab0-e7b8-633f-623c-010000004600}",
                "ProcessId": "22916"
            },
            "computer_name": "Elmo"
        }
    },
    "50": {
        "@timestamp": "2022-10-07T08:59:08.531Z",
        "host": {
            "ip": [
                "fe80::7cd2:efa8:dba2:6fc0",
                "169.254.111.192",
                "fe80::35dd:35f1:3699:95e0",
                "172.30.112.1",
                "fe80::d55:b4a9:26a4:7406",
                "169.254.116.6",
                "fe80::bc21:1b56:1d1:4b9f",
                "169.254.75.159",
                "fe80::4807:9ca5:cd67:6ac6",
                "169.254.106.198",
                "fe80::e097:4ef1:6314:5a55",
                "169.254.90.85",
                "fe80::211f:b772:c6da:bfb3",
                "172.27.16.1",
                "fe80::b17a:5e0b:f5a9:457d",
                "172.21.208.1",
                "fe80::f90c:d738:c01c:abc6",
                "172.28.192.1"
            ],
            "name": "Elmo"
        },
        "winlog": {
            "computer_name": "Elmo",
            "provider_name": "Microsoft-Windows-Sysmon",
            "event_data": {
                "ProcessGuid": "{dd01dab0-ea5c-633f-f03e-010000004600}",
                "ProcessId": "8540",
                "Image": "C:\\Windows\\System32\\WindowsPowerShell\\v1.0\\powershell.exe",
                "TargetFilename": "C:\\Users\\mrdor\\AppData\\Local\\Temp\\__PSScriptPolicyTest_24yd0vrj.hnd.ps1",
                "CreationUtcTime": "2022-10-07 08:59:08.530",
                "User": "ELMO\\mrdor",
                "RuleName": "-",
                "UtcTime": "2022-10-07 08:59:08.531"
            },
            "provider_guid": "{5770385f-c22a-43e0-bf4c-06f5698ffbd9}",
            "task": "File created (rule: FileCreate)"
        }
    },
    "51": {
        "@timestamp": "2022-10-07T08:59:08.576Z",
        "host": {
            "ip": [
                "fe80::7cd2:efa8:dba2:6fc0",
                "169.254.111.192",
                "fe80::35dd:35f1:3699:95e0",
                "172.30.112.1",
                "fe80::d55:b4a9:26a4:7406",
                "169.254.116.6",
                "fe80::bc21:1b56:1d1:4b9f",
                "169.254.75.159",
                "fe80::4807:9ca5:cd67:6ac6",
                "169.254.106.198",
                "fe80::e097:4ef1:6314:5a55",
                "169.254.90.85",
                "fe80::211f:b772:c6da:bfb3",
                "172.27.16.1",
                "fe80::b17a:5e0b:f5a9:457d",
                "172.21.208.1",
                "fe80::f90c:d738:c01c:abc6",
                "172.28.192.1"
            ],
            "name": "Elmo"
        },
        "winlog": {
            "provider_name": "Microsoft-Windows-Sysmon",
            "task": "Process terminated (rule: ProcessTerminate)",
            "computer_name": "Elmo",
            "provider_guid": "{5770385f-c22a-43e0-bf4c-06f5698ffbd9}",
            "event_data": {
                "Image": "C:\\Users\\mrdor\\AppData\\Local\\Programs\\Python\\Python39\\python.exe",
                "User": "ELMO\\mrdor",
                "RuleName": "-",
                "UtcTime": "2022-10-07 08:59:08.575",
                "ProcessGuid": "{dd01dab0-ea23-633f-a83d-010000004600}",
                "ProcessId": "11660"
            }
        }
    },
    "52": {
        "@timestamp": "2022-10-07T08:59:08.583Z",
        "host": {
            "ip": [
                "fe80::7cd2:efa8:dba2:6fc0",
                "169.254.111.192",
                "fe80::35dd:35f1:3699:95e0",
                "172.30.112.1",
                "fe80::d55:b4a9:26a4:7406",
                "169.254.116.6",
                "fe80::bc21:1b56:1d1:4b9f",
                "169.254.75.159",
                "fe80::4807:9ca5:cd67:6ac6",
                "169.254.106.198",
                "fe80::e097:4ef1:6314:5a55",
                "169.254.90.85",
                "fe80::211f:b772:c6da:bfb3",
                "172.27.16.1",
                "fe80::b17a:5e0b:f5a9:457d",
                "172.21.208.1",
                "fe80::f90c:d738:c01c:abc6",
                "172.28.192.1"
            ],
            "name": "Elmo"
        },
        "winlog": {
            "provider_name": "Microsoft-Windows-Sysmon",
            "task": "Process terminated (rule: ProcessTerminate)",
            "computer_name": "Elmo",
            "provider_guid": "{5770385f-c22a-43e0-bf4c-06f5698ffbd9}",
            "event_data": {
                "ProcessGuid": "{dd01dab0-ea23-633f-a63d-010000004600}",
                "ProcessId": "10428",
                "Image": "C:\\Users\\mrdor\\PycharmProjects\\Hunterbee\\venv\\Scripts\\python.exe",
                "User": "ELMO\\mrdor",
                "RuleName": "-",
                "UtcTime": "2022-10-07 08:59:08.583"
            }
        }
    },
    "53": {
        "@timestamp": "2022-10-07T08:59:09.498Z",
        "host": {
            "ip": [
                "fe80::7cd2:efa8:dba2:6fc0",
                "169.254.111.192",
                "fe80::35dd:35f1:3699:95e0",
                "172.30.112.1",
                "fe80::d55:b4a9:26a4:7406",
                "169.254.116.6",
                "fe80::bc21:1b56:1d1:4b9f",
                "169.254.75.159",
                "fe80::4807:9ca5:cd67:6ac6",
                "169.254.106.198",
                "fe80::e097:4ef1:6314:5a55",
                "169.254.90.85",
                "fe80::211f:b772:c6da:bfb3",
                "172.27.16.1",
                "fe80::b17a:5e0b:f5a9:457d",
                "172.21.208.1",
                "fe80::f90c:d738:c01c:abc6",
                "172.28.192.1"
            ],
            "name": "Elmo"
        },
        "winlog": {
            "provider_name": "Microsoft-Windows-Sysmon",
            "event_data": {
                "ParentProcessGuid": "{dd01dab0-e463-633f-c137-010000004600}",
                "TerminalSessionId": "4",
                "RuleName": "-",
                "User": "ELMO\\mrdor",
                "ParentImage": "C:\\Program Files\\JetBrains\\PyCharm 2021.3\\bin\\pycharm64.exe",
                "CommandLine": "\"C:\\Program Files\\JetBrains\\PyCharm 2021.3\\bin\\runnerw.exe\" \"C:\\Program Files\\Git\\cmd\\git.exe\" -c credential.helper= -c core.quotepath=false -c log.showSignature=false status --porcelain -z --no-renames --untracked-files=all --ignored=matching -- server/downloads/Wireshark/wireshark-logs-16.json server/downloads/Wireshark/wireshark-logs-17.json server/downloads/Wireshark/wireshark-logs-18.json server/downloads/Sysmon/sysmon-logs-8.json",
                "ProcessId": "15780",
                "FileVersion": "1.0.0.1",
                "Product": "IntelliJ Platform",
                "LogonGuid": "{dd01dab0-b9ee-633f-e637-282600000000}",
                "Hashes": "MD5=23E6EC0009C0C7081DB498A691B89E87",
                "Description": "Command line runner",
                "OriginalFileName": "runnerw.exe",
                "ParentProcessId": "18532",
                "Image": "C:\\Program Files\\JetBrains\\PyCharm 2021.3\\bin\\runnerw.exe",
                "Company": "JetBrains s.r.o.",
                "IntegrityLevel": "High",
                "ParentUser": "ELMO\\mrdor",
                "ParentCommandLine": "\"C:\\Program Files\\JetBrains\\PyCharm 2021.3\\bin\\pycharm64.exe\" ",
                "ProcessGuid": "{dd01dab0-ea5d-633f-f13e-010000004600}",
                "UtcTime": "2022-10-07 08:59:09.493",
                "CurrentDirectory": "C:\\Users\\mrdor\\PycharmProjects\\Hunterbee\\",
                "LogonId": "0x262837e6"
            },
            "provider_guid": "{5770385f-c22a-43e0-bf4c-06f5698ffbd9}",
            "task": "Process Create (rule: ProcessCreate)",
            "computer_name": "Elmo"
        }
    },
    "54": {
        "@timestamp": "2022-10-07T08:59:09.538Z",
        "host": {
            "ip": [
                "fe80::7cd2:efa8:dba2:6fc0",
                "169.254.111.192",
                "fe80::35dd:35f1:3699:95e0",
                "172.30.112.1",
                "fe80::d55:b4a9:26a4:7406",
                "169.254.116.6",
                "fe80::bc21:1b56:1d1:4b9f",
                "169.254.75.159",
                "fe80::4807:9ca5:cd67:6ac6",
                "169.254.106.198",
                "fe80::e097:4ef1:6314:5a55",
                "169.254.90.85",
                "fe80::211f:b772:c6da:bfb3",
                "172.27.16.1",
                "fe80::b17a:5e0b:f5a9:457d",
                "172.21.208.1",
                "fe80::f90c:d738:c01c:abc6",
                "172.28.192.1"
            ],
            "name": "Elmo"
        },
        "winlog": {
            "task": "Process Create (rule: ProcessCreate)",
            "provider_guid": "{5770385f-c22a-43e0-bf4c-06f5698ffbd9}",
            "computer_name": "Elmo",
            "event_data": {
                "Hashes": "MD5=23E6EC0009C0C7081DB498A691B89E87",
                "ParentProcessGuid": "{dd01dab0-e463-633f-c137-010000004600}",
                "Product": "IntelliJ Platform",
                "CommandLine": "\"C:\\Program Files\\JetBrains\\PyCharm 2021.3\\bin\\runnerw.exe\" \"C:\\Program Files\\Git\\cmd\\git.exe\" -c credential.helper= -c core.quotepath=false -c log.showSignature=false status --porcelain -z --untracked-files=no --ignored=no -- client/tempfiles/Logs/Sysmon/sysmon-logs-10.json client/tempfiles/Logs/Sysmon/sysmon-logs-8.json client/tempfiles/Logs/Sysmon/winlogbeat-20221007-10.ndjson client/tempfiles/Logs/Sysmon/winlogbeat-20221007-11.ndjson client/tempfiles/Logs/Sysmon/winlogbeat-20221007-12.ndjson client/tempfiles/Logs/Wireshark/wireshark-logs-16.json client/tempfiles/Logs/Wireshark/wireshark-logs-16.pcap client/tempfiles/Logs/Wireshark/wireshark-logs-17.json client/tempfiles/Logs/Wireshark/wireshark-logs-17.pcap server/downloads/Sysmon/sysmon-logs-8.json server/downloads/Wireshark/wireshark-logs-16.json server/downloads/Wireshark/wireshark-logs-17.json server/downloads/Wireshark/wireshark-logs-18.json",
                "LogonGuid": "{dd01dab0-b9ee-633f-e637-282600000000}",
                "ParentImage": "C:\\Program Files\\JetBrains\\PyCharm 2021.3\\bin\\pycharm64.exe",
                "ParentUser": "ELMO\\mrdor",
                "ProcessId": "8512",
                "FileVersion": "1.0.0.1",
                "TerminalSessionId": "4",
                "Company": "JetBrains s.r.o.",
                "ParentCommandLine": "\"C:\\Program Files\\JetBrains\\PyCharm 2021.3\\bin\\pycharm64.exe\" ",
                "LogonId": "0x262837e6",
                "RuleName": "-",
                "UtcTime": "2022-10-07 08:59:09.535",
                "OriginalFileName": "runnerw.exe",
                "CurrentDirectory": "C:\\Users\\mrdor\\PycharmProjects\\Hunterbee\\",
                "ProcessGuid": "{dd01dab0-ea5d-633f-f33e-010000004600}",
                "Description": "Command line runner",
                "Image": "C:\\Program Files\\JetBrains\\PyCharm 2021.3\\bin\\runnerw.exe",
                "User": "ELMO\\mrdor",
                "IntegrityLevel": "High",
                "ParentProcessId": "18532"
            },
            "provider_name": "Microsoft-Windows-Sysmon"
        }
    },
    "55": {
        "@timestamp": "2022-10-07T08:59:09.609Z",
        "host": {
            "name": "Elmo",
            "ip": [
                "fe80::7cd2:efa8:dba2:6fc0",
                "169.254.111.192",
                "fe80::35dd:35f1:3699:95e0",
                "172.30.112.1",
                "fe80::d55:b4a9:26a4:7406",
                "169.254.116.6",
                "fe80::bc21:1b56:1d1:4b9f",
                "169.254.75.159",
                "fe80::4807:9ca5:cd67:6ac6",
                "169.254.106.198",
                "fe80::e097:4ef1:6314:5a55",
                "169.254.90.85",
                "fe80::211f:b772:c6da:bfb3",
                "172.27.16.1",
                "fe80::b17a:5e0b:f5a9:457d",
                "172.21.208.1",
                "fe80::f90c:d738:c01c:abc6",
                "172.28.192.1"
            ]
        },
        "winlog": {
            "provider_name": "Microsoft-Windows-Sysmon",
            "provider_guid": "{5770385f-c22a-43e0-bf4c-06f5698ffbd9}",
            "task": "Process Create (rule: ProcessCreate)",
            "computer_name": "Elmo",
            "event_data": {
                "Company": "The Git Development Community",
                "ParentImage": "C:\\Program Files\\JetBrains\\PyCharm 2021.3\\bin\\runnerw.exe",
                "IntegrityLevel": "High",
                "OriginalFileName": "git.exe",
                "User": "ELMO\\mrdor",
                "LogonId": "0x262837e6",
                "ParentProcessGuid": "{dd01dab0-ea5d-633f-f13e-010000004600}",
                "RuleName": "-",
                "ProcessId": "13920",
                "CurrentDirectory": "C:\\Users\\mrdor\\PycharmProjects\\Hunterbee\\",
                "ParentCommandLine": "\"C:\\Program Files\\JetBrains\\PyCharm 2021.3\\bin\\runnerw.exe\" \"C:\\Program Files\\Git\\cmd\\git.exe\" -c credential.helper= -c core.quotepath=false -c log.showSignature=false status --porcelain -z --no-renames --untracked-files=all --ignored=matching -- server/downloads/Wireshark/wireshark-logs-16.json server/downloads/Wireshark/wireshark-logs-17.json server/downloads/Wireshark/wireshark-logs-18.json server/downloads/Sysmon/sysmon-logs-8.json",
                "TerminalSessionId": "4",
                "ParentProcessId": "15780",
                "CommandLine": "\"C:\\Program Files\\Git\\cmd\\git.exe\" -c credential.helper= -c core.quotepath=false -c log.showSignature=false status --porcelain -z --no-renames --untracked-files=all --ignored=matching -- server/downloads/Wireshark/wireshark-logs-16.json server/downloads/Wireshark/wireshark-logs-17.json server/downloads/Wireshark/wireshark-logs-18.json server/downloads/Sysmon/sysmon-logs-8.json",
                "UtcTime": "2022-10-07 08:59:09.584",
                "LogonGuid": "{dd01dab0-b9ee-633f-e637-282600000000}",
                "ProcessGuid": "{dd01dab0-ea5d-633f-f53e-010000004600}",
                "Image": "C:\\Program Files\\Git\\cmd\\git.exe",
                "ParentUser": "ELMO\\mrdor",
                "Description": "Git for Windows",
                "Hashes": "MD5=E87C1D27A0D6D4B36F05407A40418E0D",
                "FileVersion": "-",
                "Product": "Git"
            }
        }
    },
    "56": {
        "@timestamp": "2022-10-07T08:59:09.622Z",
        "winlog": {
            "computer_name": "Elmo",
            "provider_guid": "{5770385f-c22a-43e0-bf4c-06f5698ffbd9}",
            "provider_name": "Microsoft-Windows-Sysmon",
            "task": "Process Create (rule: ProcessCreate)",
            "event_data": {
                "LogonGuid": "{dd01dab0-b9ee-633f-e637-282600000000}",
                "TerminalSessionId": "4",
                "UtcTime": "2022-10-07 08:59:09.620",
                "Image": "C:\\Program Files\\Git\\cmd\\git.exe",
                "User": "ELMO\\mrdor",
                "IntegrityLevel": "High",
                "ParentUser": "ELMO\\mrdor",
                "LogonId": "0x262837e6",
                "ParentImage": "C:\\Program Files\\JetBrains\\PyCharm 2021.3\\bin\\runnerw.exe",
                "Product": "Git",
