                "ProcessGuid": "{dd01dab0-f103-633f-db42-010000004600}",
                "ParentUser": "ELMO\\mrdor",
                "Hashes": "MD5=A85C48F3129B10CF5593FBF3B02836FF",
                "Product": "Dumpcap",
                "Company": "The Wireshark developer community",
                "UtcTime": "2022-10-07 09:27:31.556",
                "ParentProcessId": "21864",
                "CurrentDirectory": "C:\\Users\\mrdor\\PycharmProjects\\Hunterbee\\client\\wireshark\\",
                "ParentImage": "C:\\Program Files\\Wireshark\\tshark.exe",
                "Description": "Dumpcap"
            },
            "task": "Process Create (rule: ProcessCreate)",
            "computer_name": "Elmo"
        }
    },
    "354": {
        "@timestamp": "2022-10-07T09:27:31.791Z",
        "host": {
            "name": "Elmo",
            "ip": [
                "fe80::7cd2:efa8:dba2:6fc0",
                "169.254.111.192",
                "fe80::35dd:35f1:3699:95e0",
                "172.30.112.1",
                "fe80::d55:b4a9:26a4:7406",
                "169.254.116.6",
                "fe80::bc21:1b56:1d1:4b9f",
                "169.254.75.159",
                "fe80::4807:9ca5:cd67:6ac6",
                "169.254.106.198",
                "fe80::e097:4ef1:6314:5a55",
                "169.254.90.85",
                "fe80::211f:b772:c6da:bfb3",
                "172.27.16.1",
                "fe80::b17a:5e0b:f5a9:457d",
                "172.21.208.1",
                "fe80::f90c:d738:c01c:abc6",
                "172.28.192.1"
            ]
        },
        "winlog": {
            "provider_guid": "{5770385f-c22a-43e0-bf4c-06f5698ffbd9}",
            "computer_name": "Elmo",
            "event_data": {
                "LogonId": "0x262837e6",
                "Company": "The Wireshark developer community",
                "UtcTime": "2022-10-07 09:27:31.789",
                "ProcessId": "1012",
                "CommandLine": "\"C:\\Program Files\\Wireshark\\dumpcap.exe\" -n -c 25 -i - -Z 21864 -w C:/Users/mrdor/PycharmProjects/Hunterbee/client/tempfiles/Logs/Wireshark/wireshark-logs-25.pcap",
                "TerminalSessionId": "4",
                "Image": "C:\\Program Files\\Wireshark\\dumpcap.exe",
                "Description": "Dumpcap",
                "LogonGuid": "{dd01dab0-b9ee-633f-e637-282600000000}",
                "ParentUser": "ELMO\\mrdor",
                "Hashes": "MD5=A85C48F3129B10CF5593FBF3B02836FF",
                "ParentCommandLine": "\"C:/Program Files/Wireshark/tshark.exe\" -l -n -T pdml -c 25 -w C:/Users/mrdor/PycharmProjects/Hunterbee/client/tempfiles/Logs/Wireshark/wireshark-logs-25.pcap -i -",
                "CurrentDirectory": "C:\\Users\\mrdor\\PycharmProjects\\Hunterbee\\client\\wireshark\\",
                "IntegrityLevel": "High",
                "ProcessGuid": "{dd01dab0-f103-633f-dd42-010000004600}",
                "ParentProcessGuid": "{dd01dab0-f103-633f-da42-010000004600}",
                "Product": "Dumpcap",
                "User": "ELMO\\mrdor",
                "ParentProcessId": "21864",
                "FileVersion": "3.6.2",
                "RuleName": "-",
                "OriginalFileName": "Dumpcap.exe",
                "ParentImage": "C:\\Program Files\\Wireshark\\tshark.exe"
            },
            "task": "Process Create (rule: ProcessCreate)",
            "provider_name": "Microsoft-Windows-Sysmon"
        }
    },
    "355": {
        "@timestamp": "2022-10-07T09:27:32.163Z",
        "host": {
            "ip": [
                "fe80::7cd2:efa8:dba2:6fc0",
                "169.254.111.192",
                "fe80::35dd:35f1:3699:95e0",
                "172.30.112.1",
                "fe80::d55:b4a9:26a4:7406",
                "169.254.116.6",
                "fe80::bc21:1b56:1d1:4b9f",
                "169.254.75.159",
                "fe80::4807:9ca5:cd67:6ac6",
                "169.254.106.198",
                "fe80::e097:4ef1:6314:5a55",
                "169.254.90.85",
                "fe80::211f:b772:c6da:bfb3",
                "172.27.16.1",
                "fe80::b17a:5e0b:f5a9:457d",
                "172.21.208.1",
                "fe80::f90c:d738:c01c:abc6",
                "172.28.192.1"
            ],
            "name": "Elmo"
        },
        "winlog": {
            "computer_name": "Elmo",
            "provider_guid": "{5770385f-c22a-43e0-bf4c-06f5698ffbd9}",
            "provider_name": "Microsoft-Windows-Sysmon",
            "event_data": {
                "Company": "Microsoft Corporation",
                "RuleName": "-",
                "ProcessId": "17500",
                "Description": "Windows Command Processor",
                "ParentProcessGuid": "{dd01dab0-effb-633f-f440-010000004600}",
                "CurrentDirectory": "C:\\Users\\mrdor\\PycharmProjects\\Hunterbee\\client\\wireshark\\",
                "LogonId": "0x262837e6",
                "ParentUser": "ELMO\\mrdor",
                "LogonGuid": "{dd01dab0-b9ee-633f-e637-282600000000}",
                "UtcTime": "2022-10-07 09:27:32.161",
                "CommandLine": "C:\\Windows\\system32\\cmd.exe /c \"tshark -r C:/Users/mrdor/PycharmProjects/Hunterbee/client/tempfiles/Logs/Wireshark/wireshark-logs-25.pcap -T json > C:/Users/mrdor/PycharmProjects/Hunterbee/client/tempfiles/Logs/Wireshark/wireshark-logs-25.json\"",
                "ParentProcessId": "15692",
                "IntegrityLevel": "High",
                "ProcessGuid": "{dd01dab0-f104-633f-df42-010000004600}",
                "Product": "Microsoft\u00c2\u00ae Windows\u00c2\u00ae Operating System",
                "FileVersion": "10.0.19041.746 (WinBuild.160101.0800)",
                "ParentCommandLine": "C:\\Users\\mrdor\\AppData\\Local\\Programs\\Python\\Python39\\python.exe C:/Users/mrdor/PycharmProjects/Hunterbee/client/wireshark/wireshark_interface.py",
                "OriginalFileName": "Cmd.Exe",
                "Hashes": "MD5=8A2122E8162DBEF04694B9C3E0B6CDEE",
                "ParentImage": "C:\\Users\\mrdor\\AppData\\Local\\Programs\\Python\\Python39\\python.exe",
                "Image": "C:\\Windows\\System32\\cmd.exe",
                "User": "ELMO\\mrdor",
                "TerminalSessionId": "4"
            },
            "task": "Process Create (rule: ProcessCreate)"
        }
    }
}