                "ProcessGuid": "{dd01dab0-0055-6340-c255-010000004600}",
                "LogonId": "0x262837e6",
                "TerminalSessionId": "4",
                "CurrentDirectory": "C:\\Users\\mrdor\\PycharmProjects\\Hunterbee\\client\\wireshark\\",
                "ParentUser": "ELMO\\mrdor",
                "ParentCommandLine": "C:\\Users\\mrdor\\AppData\\Local\\Programs\\Python\\Python39\\python.exe C:/Users/mrdor/PycharmProjects/Hunterbee/client/wireshark/wireshark_interface.py",
                "ParentProcessId": "11260"
            },
            "task": "Process Create (rule: ProcessCreate)",
            "computer_name": "Elmo"
        },
        "host": {
            "ip": [
                "fe80::7cd2:efa8:dba2:6fc0",
                "169.254.111.192",
                "fe80::e431:7896:8d85:5aa",
                "172.21.208.1",
                "fe80::48ae:546b:7a20:7f52",
                "172.30.112.1",
                "fe80::f45e:e853:b6c1:9350",
                "192.168.56.1",
                "fe80::bc21:1b56:1d1:4b9f",
                "169.254.75.159",
                "fe80::4807:9ca5:cd67:6ac6",
                "169.254.106.198",
                "fe80::e097:4ef1:6314:5a55",
                "169.254.90.85",
                "fe80::d55:b4a9:26a4:7406",
                "192.168.1.102",
                "fe80::211f:b772:c6da:bfb3",
                "172.27.16.1",
                "fe80::f90c:d738:c01c:abc6",
                "172.28.192.1",
                "fe80::68fb:280b:ac6f:30de",
                "172.23.96.1"
            ],
            "name": "Elmo"
        }
    },
    "89": {
        "@timestamp": "2022-10-07T10:32:54.056Z",
        "winlog": {
            "computer_name": "Elmo",
            "task": "Process Create (rule: ProcessCreate)",
            "event_data": {
                "Company": "The Wireshark developer community",
                "LogonGuid": "{dd01dab0-b9ee-633f-e637-282600000000}",
                "ParentImage": "C:\\Program Files\\Wireshark\\tshark.exe",
                "FileVersion": "3.6.2",
                "Description": "Dumpcap",
                "IntegrityLevel": "High",
                "ParentProcessGuid": "{dd01dab0-0055-6340-c255-010000004600}",
                "CurrentDirectory": "C:\\Users\\mrdor\\PycharmProjects\\Hunterbee\\client\\wireshark\\",
                "ParentUser": "ELMO\\mrdor",
                "TerminalSessionId": "4",
                "ProcessId": "16856",
                "OriginalFileName": "Dumpcap.exe",
                "RuleName": "-",
                "ParentProcessId": "12128",
                "ParentCommandLine": "\"C:/Program Files/Wireshark/tshark.exe\" -D",
                "CommandLine": "\"C:\\Program Files\\Wireshark\\dumpcap.exe\" -D -Z none",
                "User": "ELMO\\mrdor",
                "ProcessGuid": "{dd01dab0-0056-6340-c355-010000004600}",
                "LogonId": "0x262837e6",
                "Image": "C:\\Program Files\\Wireshark\\dumpcap.exe",
                "Product": "Dumpcap",
                "Hashes": "MD5=A85C48F3129B10CF5593FBF3B02836FF",
                "UtcTime": "2022-10-07 10:32:54.049"
            },
            "provider_name": "Microsoft-Windows-Sysmon",
            "provider_guid": "{5770385f-c22a-43e0-bf4c-06f5698ffbd9}"
        },
        "host": {
            "name": "Elmo",
            "ip": [
                "fe80::7cd2:efa8:dba2:6fc0",
                "169.254.111.192",
                "fe80::e431:7896:8d85:5aa",
                "172.21.208.1",
                "fe80::48ae:546b:7a20:7f52",
                "172.30.112.1",
                "fe80::f45e:e853:b6c1:9350",
                "192.168.56.1",
                "fe80::bc21:1b56:1d1:4b9f",
                "169.254.75.159",
                "fe80::4807:9ca5:cd67:6ac6",
                "169.254.106.198",
                "fe80::e097:4ef1:6314:5a55",
                "169.254.90.85",
                "fe80::d55:b4a9:26a4:7406",
                "192.168.1.102",
                "fe80::211f:b772:c6da:bfb3",
                "172.27.16.1",
                "fe80::f90c:d738:c01c:abc6",
                "172.28.192.1",
                "fe80::68fb:280b:ac6f:30de",
                "172.23.96.1"
            ]
        }
    },
    "90": {
        "@timestamp": "2022-10-07T10:32:54.353Z",
        "winlog": {
            "event_data": {
                "IntegrityLevel": "High",
                "LogonGuid": "{dd01dab0-b9ee-633f-e637-282600000000}",
                "ProcessId": "5712",
                "ParentProcessGuid": "{dd01dab0-ffc6-633f-1855-010000004600}",
                "ParentProcessId": "11260",
                "ParentUser": "ELMO\\mrdor",
                "Description": "TShark",
                "Company": "The Wireshark developer community",
                "ParentImage": "C:\\Users\\mrdor\\AppData\\Local\\Programs\\Python\\Python39\\python.exe",
                "Image": "C:\\Program Files\\Wireshark\\tshark.exe",
                "Hashes": "MD5=2C7476F44C33FE4FE26600AE7AE3900D",
                "CommandLine": "\"C:/Program Files/Wireshark/tshark.exe\" -v",
                "TerminalSessionId": "4",
                "ProcessGuid": "{dd01dab0-0056-6340-c555-010000004600}",
                "FileVersion": "3.6.2",
                "CurrentDirectory": "C:\\Users\\mrdor\\PycharmProjects\\Hunterbee\\client\\wireshark\\",
                "UtcTime": "2022-10-07 10:32:54.344",
                "OriginalFileName": "TShark.exe",
                "Product": "TShark",
                "ParentCommandLine": "C:\\Users\\mrdor\\AppData\\Local\\Programs\\Python\\Python39\\python.exe C:/Users/mrdor/PycharmProjects/Hunterbee/client/wireshark/wireshark_interface.py",
                "User": "ELMO\\mrdor",
                "LogonId": "0x262837e6",
                "RuleName": "-"
            },
            "provider_name": "Microsoft-Windows-Sysmon",
            "task": "Process Create (rule: ProcessCreate)",
            "provider_guid": "{5770385f-c22a-43e0-bf4c-06f5698ffbd9}",
            "computer_name": "Elmo"
        },
        "host": {
            "name": "Elmo",
            "ip": [
                "fe80::7cd2:efa8:dba2:6fc0",
                "169.254.111.192",
                "fe80::e431:7896:8d85:5aa",
                "172.21.208.1",
                "fe80::48ae:546b:7a20:7f52",
                "172.30.112.1",
                "fe80::f45e:e853:b6c1:9350",
                "192.168.56.1",
                "fe80::bc21:1b56:1d1:4b9f",
                "169.254.75.159",
                "fe80::4807:9ca5:cd67:6ac6",
                "169.254.106.198",
                "fe80::e097:4ef1:6314:5a55",
                "169.254.90.85",
                "fe80::d55:b4a9:26a4:7406",
                "192.168.1.102",
                "fe80::211f:b772:c6da:bfb3",
                "172.27.16.1",
                "fe80::f90c:d738:c01c:abc6",
                "172.28.192.1",
                "fe80::68fb:280b:ac6f:30de",
                "172.23.96.1"
            ]
        }
    },
    "91": {
        "@timestamp": "2022-10-07T10:32:55.627Z",
        "host": {
            "name": "Elmo",
            "ip": [
                "fe80::7cd2:efa8:dba2:6fc0",
                "169.254.111.192",
                "fe80::e431:7896:8d85:5aa",
                "172.21.208.1",
                "fe80::48ae:546b:7a20:7f52",
                "172.30.112.1",
                "fe80::f45e:e853:b6c1:9350",
                "192.168.56.1",
                "fe80::bc21:1b56:1d1:4b9f",
                "169.254.75.159",
                "fe80::4807:9ca5:cd67:6ac6",
                "169.254.106.198",
                "fe80::e097:4ef1:6314:5a55",
                "169.254.90.85",
                "fe80::d55:b4a9:26a4:7406",
                "192.168.1.102",
                "fe80::211f:b772:c6da:bfb3",
                "172.27.16.1",
                "fe80::f90c:d738:c01c:abc6",
                "172.28.192.1",
                "fe80::68fb:280b:ac6f:30de",
                "172.23.96.1"
            ]
        },
        "winlog": {
            "provider_guid": "{5770385f-c22a-43e0-bf4c-06f5698ffbd9}",
            "provider_name": "Microsoft-Windows-Sysmon",
            "event_data": {
                "LogonId": "0x262837e6",
                "FileVersion": "3.6.2",
                "ParentProcessGuid": "{dd01dab0-ffc6-633f-1855-010000004600}",
                "OriginalFileName": "Dumpcap.exe",
                "TerminalSessionId": "4",
                "Description": "Dumpcap",
                "ParentCommandLine": "C:\\Users\\mrdor\\AppData\\Local\\Programs\\Python\\Python39\\python.exe C:/Users/mrdor/PycharmProjects/Hunterbee/client/wireshark/wireshark_interface.py",
                "Company": "The Wireshark developer community",
                "CommandLine": "\"C:/Program Files/Wireshark/dumpcap.exe\" -q -i Wi-Fi -w -",
                "UtcTime": "2022-10-07 10:32:55.605",
                "CurrentDirectory": "C:\\Users\\mrdor\\PycharmProjects\\Hunterbee\\client\\wireshark\\",
                "User": "ELMO\\mrdor",
                "RuleName": "-",
                "ParentUser": "ELMO\\mrdor",
                "ParentImage": "C:\\Users\\mrdor\\AppData\\Local\\Programs\\Python\\Python39\\python.exe",
                "Product": "Dumpcap",
                "Image": "C:\\Program Files\\Wireshark\\dumpcap.exe",
                "IntegrityLevel": "High",
                "Hashes": "MD5=A85C48F3129B10CF5593FBF3B02836FF",
                "ProcessId": "13680",
                "LogonGuid": "{dd01dab0-b9ee-633f-e637-282600000000}",
                "ParentProcessId": "11260",
                "ProcessGuid": "{dd01dab0-0057-6340-c655-010000004600}"
            },
            "task": "Process Create (rule: ProcessCreate)",
            "computer_name": "Elmo"
        }
    },
    "92": {
        "@timestamp": "2022-10-07T10:32:55.639Z",
        "winlog": {
            "task": "Process Create (rule: ProcessCreate)",
            "provider_guid": "{5770385f-c22a-43e0-bf4c-06f5698ffbd9}",
            "provider_name": "Microsoft-Windows-Sysmon",
            "event_data": {
                "ParentCommandLine": "C:\\Users\\mrdor\\AppData\\Local\\Programs\\Python\\Python39\\python.exe C:/Users/mrdor/PycharmProjects/Hunterbee/client/wireshark/wireshark_interface.py",
                "ParentProcessGuid": "{dd01dab0-ffc6-633f-1855-010000004600}",
                "RuleName": "-",
                "ProcessId": "13392",
                "FileVersion": "3.6.2",
                "Product": "TShark",
                "OriginalFileName": "TShark.exe",
                "User": "ELMO\\mrdor",
                "TerminalSessionId": "4",
                "Description": "TShark",
                "UtcTime": "2022-10-07 10:32:55.626",
                "Image": "C:\\Program Files\\Wireshark\\tshark.exe",
                "IntegrityLevel": "High",
                "ParentProcessId": "11260",
                "ParentUser": "ELMO\\mrdor",
                "CommandLine": "\"C:/Program Files/Wireshark/tshark.exe\" -D",
                "LogonId": "0x262837e6",
                "Company": "The Wireshark developer community",
                "LogonGuid": "{dd01dab0-b9ee-633f-e637-282600000000}",
                "ParentImage": "C:\\Users\\mrdor\\AppData\\Local\\Programs\\Python\\Python39\\python.exe",
                "CurrentDirectory": "C:\\Users\\mrdor\\PycharmProjects\\Hunterbee\\client\\wireshark\\",
                "ProcessGuid": "{dd01dab0-0057-6340-c755-010000004600}",
                "Hashes": "MD5=2C7476F44C33FE4FE26600AE7AE3900D"
            },
            "computer_name": "Elmo"
        },
        "host": {
            "ip": [
                "fe80::7cd2:efa8:dba2:6fc0",
                "169.254.111.192",
                "fe80::e431:7896:8d85:5aa",
                "172.21.208.1",
                "fe80::48ae:546b:7a20:7f52",
                "172.30.112.1",
                "fe80::f45e:e853:b6c1:9350",
                "192.168.56.1",
                "fe80::bc21:1b56:1d1:4b9f",
                "169.254.75.159",
                "fe80::4807:9ca5:cd67:6ac6",
                "169.254.106.198",
                "fe80::e097:4ef1:6314:5a55",
                "169.254.90.85",
                "fe80::d55:b4a9:26a4:7406",
                "192.168.1.102",
                "fe80::211f:b772:c6da:bfb3",
                "172.27.16.1",
                "fe80::f90c:d738:c01c:abc6",
                "172.28.192.1",
                "fe80::68fb:280b:ac6f:30de",
                "172.23.96.1"
            ],
            "name": "Elmo"
        }
    },
    "93": {
        "@timestamp": "2022-10-07T10:32:56.962Z",
        "winlog": {
            "provider_guid": "{5770385f-c22a-43e0-bf4c-06f5698ffbd9}",
            "provider_name": "Microsoft-Windows-Sysmon",
            "task": "Process Create (rule: ProcessCreate)",
            "computer_name": "Elmo",
            "event_data": {
                "ProcessGuid": "{dd01dab0-0058-6340-c855-010000004600}",
                "CurrentDirectory": "C:\\Users\\mrdor\\PycharmProjects\\Hunterbee\\client\\wireshark\\",
                "UtcTime": "2022-10-07 10:32:56.952",
                "Company": "The Wireshark developer community",
                "RuleName": "-",
                "User": "ELMO\\mrdor",
                "TerminalSessionId": "4",
                "IntegrityLevel": "High",
                "OriginalFileName": "Dumpcap.exe",
                "LogonGuid": "{dd01dab0-b9ee-633f-e637-282600000000}",
                "ParentProcessGuid": "{dd01dab0-0057-6340-c755-010000004600}",
                "ProcessId": "8568",
                "ParentProcessId": "13392",
                "ParentUser": "ELMO\\mrdor",
                "Image": "C:\\Program Files\\Wireshark\\dumpcap.exe",
                "FileVersion": "3.6.2",
                "ParentImage": "C:\\Program Files\\Wireshark\\tshark.exe",
                "Product": "Dumpcap",
                "Description": "Dumpcap",
                "Hashes": "MD5=A85C48F3129B10CF5593FBF3B02836FF",
                "CommandLine": "\"C:\\Program Files\\Wireshark\\dumpcap.exe\" -D -Z none",
                "LogonId": "0x262837e6",
                "ParentCommandLine": "\"C:/Program Files/Wireshark/tshark.exe\" -D"
            }
        },
        "host": {
            "name": "Elmo",
            "ip": [
                "fe80::7cd2:efa8:dba2:6fc0",
                "169.254.111.192",
                "fe80::e431:7896:8d85:5aa",
                "172.21.208.1",
                "fe80::48ae:546b:7a20:7f52",
                "172.30.112.1",
                "fe80::f45e:e853:b6c1:9350",
                "192.168.56.1",
                "fe80::bc21:1b56:1d1:4b9f",
                "169.254.75.159",
                "fe80::4807:9ca5:cd67:6ac6",
                "169.254.106.198",
                "fe80::e097:4ef1:6314:5a55",
                "169.254.90.85",
                "fe80::d55:b4a9:26a4:7406",
                "192.168.1.102",
                "fe80::211f:b772:c6da:bfb3",
                "172.27.16.1",
                "fe80::f90c:d738:c01c:abc6",
                "172.28.192.1",
                "fe80::68fb:280b:ac6f:30de",
                "172.23.96.1"
            ]
        }
    },
    "94": {
        "@timestamp": "2022-10-07T10:32:57.594Z",
        "host": {
            "ip": [
                "fe80::7cd2:efa8:dba2:6fc0",
                "169.254.111.192",
                "fe80::e431:7896:8d85:5aa",
                "172.21.208.1",
                "fe80::48ae:546b:7a20:7f52",
                "172.30.112.1",
                "fe80::f45e:e853:b6c1:9350",
                "192.168.56.1",
                "fe80::bc21:1b56:1d1:4b9f",
                "169.254.75.159",
                "fe80::4807:9ca5:cd67:6ac6",
                "169.254.106.198",
                "fe80::e097:4ef1:6314:5a55",
                "169.254.90.85",
                "fe80::d55:b4a9:26a4:7406",
                "192.168.1.102",
                "fe80::211f:b772:c6da:bfb3",
                "172.27.16.1",
                "fe80::f90c:d738:c01c:abc6",
                "172.28.192.1",
                "fe80::68fb:280b:ac6f:30de",
                "172.23.96.1"
            ],
            "name": "Elmo"
        },
        "winlog": {
            "task": "Process Create (rule: ProcessCreate)",
            "provider_name": "Microsoft-Windows-Sysmon",
            "event_data": {
                "Description": "TShark",
                "Product": "TShark",
                "ParentProcessGuid": "{dd01dab0-ffc6-633f-1855-010000004600}",
                "ProcessGuid": "{dd01dab0-0059-6340-ca55-010000004600}",
                "ProcessId": "12544",
                "LogonId": "0x262837e6",
                "CurrentDirectory": "C:\\Users\\mrdor\\PycharmProjects\\Hunterbee\\client\\wireshark\\",
                "TerminalSessionId": "4",
                "Image": "C:\\Program Files\\Wireshark\\tshark.exe",
                "LogonGuid": "{dd01dab0-b9ee-633f-e637-282600000000}",
                "UtcTime": "2022-10-07 10:32:57.590",
                "IntegrityLevel": "High",
                "Hashes": "MD5=2C7476F44C33FE4FE26600AE7AE3900D",
                "RuleName": "-",
                "ParentImage": "C:\\Users\\mrdor\\AppData\\Local\\Programs\\Python\\Python39\\python.exe",
                "Company": "The Wireshark developer community",
                "ParentUser": "ELMO\\mrdor",
                "ParentCommandLine": "C:\\Users\\mrdor\\AppData\\Local\\Programs\\Python\\Python39\\python.exe C:/Users/mrdor/PycharmProjects/Hunterbee/client/wireshark/wireshark_interface.py",
                "User": "ELMO\\mrdor",
                "CommandLine": "\"C:/Program Files/Wireshark/tshark.exe\" -l -n -T pdml -c 25 -w C:/Users/mrdor/PycharmProjects/Hunterbee/client/tempfiles/Logs/Wireshark/wireshark-logs-10.pcap -i -",
                "FileVersion": "3.6.2",
                "OriginalFileName": "TShark.exe",
                "ParentProcessId": "11260"
            },
            "computer_name": "Elmo",
            "provider_guid": "{5770385f-c22a-43e0-bf4c-06f5698ffbd9}"
        }
    },
    "95": {
        "@timestamp": "2022-10-07T10:32:58.528Z",
        "host": {
            "ip": [
                "fe80::7cd2:efa8:dba2:6fc0",
                "169.254.111.192",
                "fe80::e431:7896:8d85:5aa",
                "172.21.208.1",
                "fe80::48ae:546b:7a20:7f52",
                "172.30.112.1",
                "fe80::f45e:e853:b6c1:9350",
                "192.168.56.1",
                "fe80::bc21:1b56:1d1:4b9f",
                "169.254.75.159",
                "fe80::4807:9ca5:cd67:6ac6",
                "169.254.106.198",
                "fe80::e097:4ef1:6314:5a55",
                "169.254.90.85",
                "fe80::d55:b4a9:26a4:7406",
                "192.168.1.102",
                "fe80::211f:b772:c6da:bfb3",
                "172.27.16.1",
                "fe80::f90c:d738:c01c:abc6",
                "172.28.192.1",
                "fe80::68fb:280b:ac6f:30de",
                "172.23.96.1"
            ],
            "name": "Elmo"
        },
        "winlog": {
            "computer_name": "Elmo",
            "provider_name": "Microsoft-Windows-Sysmon",
            "provider_guid": "{5770385f-c22a-43e0-bf4c-06f5698ffbd9}",
            "event_data": {
                "ParentUser": "ELMO\\mrdor",
                "CommandLine": "\"C:\\Program Files\\Wireshark\\dumpcap.exe\" -D -Z none",
                "TerminalSessionId": "4",
                "ParentProcessId": "12544",
                "ParentProcessGuid": "{dd01dab0-0059-6340-ca55-010000004600}",
                "User": "ELMO\\mrdor",
                "Company": "The Wireshark developer community",
                "LogonId": "0x262837e6",
                "ParentCommandLine": "\"C:/Program Files/Wireshark/tshark.exe\" -l -n -T pdml -c 25 -w C:/Users/mrdor/PycharmProjects/Hunterbee/client/tempfiles/Logs/Wireshark/wireshark-logs-10.pcap -i -",
                "ParentImage": "C:\\Program Files\\Wireshark\\tshark.exe",
                "ProcessId": "21552",
                "Image": "C:\\Program Files\\Wireshark\\dumpcap.exe",
                "Description": "Dumpcap",
                "UtcTime": "2022-10-07 10:32:58.524",
                "CurrentDirectory": "C:\\Users\\mrdor\\PycharmProjects\\Hunterbee\\client\\wireshark\\",
                "Product": "Dumpcap",
                "ProcessGuid": "{dd01dab0-005a-6340-cb55-010000004600}",
                "OriginalFileName": "Dumpcap.exe",
                "Hashes": "MD5=A85C48F3129B10CF5593FBF3B02836FF",
                "IntegrityLevel": "High",
                "FileVersion": "3.6.2",
                "LogonGuid": "{dd01dab0-b9ee-633f-e637-282600000000}",
                "RuleName": "-"
            },
            "task": "Process Create (rule: ProcessCreate)"
        }
    },
    "96": {
        "@timestamp": "2022-10-07T10:32:59.183Z",
        "host": {
            "name": "Elmo",
            "ip": [
                "fe80::7cd2:efa8:dba2:6fc0",
                "169.254.111.192",
                "fe80::e431:7896:8d85:5aa",
                "172.21.208.1",
                "fe80::48ae:546b:7a20:7f52",
                "172.30.112.1",
                "fe80::f45e:e853:b6c1:9350",
                "192.168.56.1",
                "fe80::bc21:1b56:1d1:4b9f",
                "169.254.75.159",
                "fe80::4807:9ca5:cd67:6ac6",
                "169.254.106.198",
                "fe80::e097:4ef1:6314:5a55",
                "169.254.90.85",
                "fe80::d55:b4a9:26a4:7406",
                "192.168.1.102",
                "fe80::211f:b772:c6da:bfb3",
                "172.27.16.1",
                "fe80::f90c:d738:c01c:abc6",
                "172.28.192.1",
                "fe80::68fb:280b:ac6f:30de",
                "172.23.96.1"
            ]
        },
        "winlog": {
            "task": "Process Create (rule: ProcessCreate)",
            "provider_name": "Microsoft-Windows-Sysmon",
            "provider_guid": "{5770385f-c22a-43e0-bf4c-06f5698ffbd9}",
            "event_data": {
                "LogonId": "0x262837e6",
                "FileVersion": "3.6.2",
                "LogonGuid": "{dd01dab0-b9ee-633f-e637-282600000000}",
                "IntegrityLevel": "High",
                "ParentUser": "ELMO\\mrdor",
                "Company": "The Wireshark developer community",
                "Hashes": "MD5=A85C48F3129B10CF5593FBF3B02836FF",
                "Image": "C:\\Program Files\\Wireshark\\dumpcap.exe",
                "ParentProcessId": "12544",
                "ParentCommandLine": "\"C:/Program Files/Wireshark/tshark.exe\" -l -n -T pdml -c 25 -w C:/Users/mrdor/PycharmProjects/Hunterbee/client/tempfiles/Logs/Wireshark/wireshark-logs-10.pcap -i -",
                "TerminalSessionId": "4",
                "ParentImage": "C:\\Program Files\\Wireshark\\tshark.exe",
                "CurrentDirectory": "C:\\Users\\mrdor\\PycharmProjects\\Hunterbee\\client\\wireshark\\",
                "CommandLine": "\"C:\\Program Files\\Wireshark\\dumpcap.exe\" -n -c 25 -i - -Z 12544 -w C:/Users/mrdor/PycharmProjects/Hunterbee/client/tempfiles/Logs/Wireshark/wireshark-logs-10.pcap",
                "User": "ELMO\\mrdor",
                "RuleName": "-",
                "ProcessId": "9516",
                "Product": "Dumpcap",
                "OriginalFileName": "Dumpcap.exe",
                "ParentProcessGuid": "{dd01dab0-0059-6340-ca55-010000004600}",
                "UtcTime": "2022-10-07 10:32:59.178",
                "ProcessGuid": "{dd01dab0-005b-6340-cd55-010000004600}",
                "Description": "Dumpcap"
            },
            "computer_name": "Elmo"
        }
    },
    "97": {
        "@timestamp": "2022-10-07T10:33:05.300Z",
        "host": {
            "ip": [
                "fe80::7cd2:efa8:dba2:6fc0",
                "169.254.111.192",
                "fe80::e431:7896:8d85:5aa",
                "172.21.208.1",
                "fe80::48ae:546b:7a20:7f52",
                "172.30.112.1",
                "fe80::f45e:e853:b6c1:9350",
                "192.168.56.1",
                "fe80::bc21:1b56:1d1:4b9f",
                "169.254.75.159",
                "fe80::4807:9ca5:cd67:6ac6",
                "169.254.106.198",
                "fe80::e097:4ef1:6314:5a55",
                "169.254.90.85",
                "fe80::d55:b4a9:26a4:7406",
                "192.168.1.102",
                "fe80::211f:b772:c6da:bfb3",
                "172.27.16.1",
                "fe80::f90c:d738:c01c:abc6",
                "172.28.192.1",
                "fe80::68fb:280b:ac6f:30de",
                "172.23.96.1"
            ],
            "name": "Elmo"
        },
        "winlog": {
            "computer_name": "Elmo",
            "provider_name": "Microsoft-Windows-Sysmon",
            "event_data": {
                "UtcTime": "2022-10-07 10:33:05.294",
                "Company": "Microsoft Corporation",
                "IntegrityLevel": "High",
                "Hashes": "MD5=8A2122E8162DBEF04694B9C3E0B6CDEE",
                "ParentCommandLine": "C:\\Users\\mrdor\\AppData\\Local\\Programs\\Python\\Python39\\python.exe C:/Users/mrdor/PycharmProjects/Hunterbee/client/wireshark/wireshark_interface.py",
                "Product": "Microsoft\u00c2\u00ae Windows\u00c2\u00ae Operating System",
                "ParentImage": "C:\\Users\\mrdor\\AppData\\Local\\Programs\\Python\\Python39\\python.exe",
                "LogonId": "0x262837e6",
                "ParentProcessGuid": "{dd01dab0-ffc6-633f-1855-010000004600}",
                "ParentProcessId": "11260",
                "CommandLine": "C:\\Windows\\system32\\cmd.exe /c \"tshark -r C:/Users/mrdor/PycharmProjects/Hunterbee/client/tempfiles/Logs/Wireshark/wireshark-logs-10.pcap -T json > C:/Users/mrdor/PycharmProjects/Hunterbee/client/tempfiles/Logs/Wireshark/wireshark-logs-10.json\"",
                "LogonGuid": "{dd01dab0-b9ee-633f-e637-282600000000}",
                "ProcessId": "19744",
                "FileVersion": "10.0.19041.746 (WinBuild.160101.0800)",
                "CurrentDirectory": "C:\\Users\\mrdor\\PycharmProjects\\Hunterbee\\client\\wireshark\\",
                "RuleName": "-",
                "User": "ELMO\\mrdor",
                "Image": "C:\\Windows\\System32\\cmd.exe",
                "Description": "Windows Command Processor",
                "OriginalFileName": "Cmd.Exe",
                "TerminalSessionId": "4",
                "ParentUser": "ELMO\\mrdor",
                "ProcessGuid": "{dd01dab0-0061-6340-cf55-010000004600}"
            },
            "task": "Process Create (rule: ProcessCreate)",
            "provider_guid": "{5770385f-c22a-43e0-bf4c-06f5698ffbd9}"
        }
    },
    "98": {
        "@timestamp": "2022-10-07T10:33:05.380Z",
        "host": {
            "name": "Elmo",
            "ip": [
                "fe80::7cd2:efa8:dba2:6fc0",
                "169.254.111.192",
                "fe80::e431:7896:8d85:5aa",
                "172.21.208.1",
                "fe80::48ae:546b:7a20:7f52",
                "172.30.112.1",
                "fe80::f45e:e853:b6c1:9350",
                "192.168.56.1",
                "fe80::bc21:1b56:1d1:4b9f",
                "169.254.75.159",
                "fe80::4807:9ca5:cd67:6ac6",
                "169.254.106.198",
                "fe80::e097:4ef1:6314:5a55",
                "169.254.90.85",
                "fe80::d55:b4a9:26a4:7406",
                "192.168.1.102",
                "fe80::211f:b772:c6da:bfb3",
                "172.27.16.1",
                "fe80::f90c:d738:c01c:abc6",
                "172.28.192.1",
                "fe80::68fb:280b:ac6f:30de",
                "172.23.96.1"
            ]
        },
        "winlog": {
            "provider_name": "Microsoft-Windows-Sysmon",
            "task": "Process Create (rule: ProcessCreate)",
            "computer_name": "Elmo",
            "provider_guid": "{5770385f-c22a-43e0-bf4c-06f5698ffbd9}",
            "event_data": {
                "Company": "The Wireshark developer community",
                "ProcessGuid": "{dd01dab0-0061-6340-d055-010000004600}",
                "OriginalFileName": "TShark.exe",
                "ParentProcessGuid": "{dd01dab0-0061-6340-cf55-010000004600}",
                "ParentImage": "C:\\Windows\\System32\\cmd.exe",
                "LogonId": "0x262837e6",
                "User": "ELMO\\mrdor",
                "IntegrityLevel": "High",
                "Product": "TShark",
                "CommandLine": "tshark  -r C:/Users/mrdor/PycharmProjects/Hunterbee/client/tempfiles/Logs/Wireshark/wireshark-logs-10.pcap -T json ",
                "TerminalSessionId": "4",
                "CurrentDirectory": "C:\\Users\\mrdor\\PycharmProjects\\Hunterbee\\client\\wireshark\\",
                "Hashes": "MD5=2C7476F44C33FE4FE26600AE7AE3900D",
                "ParentProcessId": "19744",
                "ParentCommandLine": "C:\\Windows\\system32\\cmd.exe /c \"tshark -r C:/Users/mrdor/PycharmProjects/Hunterbee/client/tempfiles/Logs/Wireshark/wireshark-logs-10.pcap -T json > C:/Users/mrdor/PycharmProjects/Hunterbee/client/tempfiles/Logs/Wireshark/wireshark-logs-10.json\"",
                "ParentUser": "ELMO\\mrdor",
                "Image": "C:\\Program Files\\Wireshark\\tshark.exe",
                "RuleName": "-",
                "ProcessId": "17784",
                "UtcTime": "2022-10-07 10:33:05.369",
                "Description": "TShark",
                "FileVersion": "3.6.2",
                "LogonGuid": "{dd01dab0-b9ee-633f-e637-282600000000}"
            }
        }
    },
    "99": {
        "@timestamp": "2022-10-07T10:33:06.272Z",
        "winlog": {
            "provider_guid": "{5770385f-c22a-43e0-bf4c-06f5698ffbd9}",
            "task": "Process Create (rule: ProcessCreate)",
            "provider_name": "Microsoft-Windows-Sysmon",
            "event_data": {
                "User": "ELMO\\mrdor",
                "LogonGuid": "{dd01dab0-b9ee-633f-e637-282600000000}",
                "ParentCommandLine": "C:\\Users\\mrdor\\AppData\\Local\\Programs\\Python\\Python39\\python.exe C:/Users/mrdor/PycharmProjects/Hunterbee/client/wireshark/wireshark_interface.py",
                "RuleName": "-",
                "ParentImage": "C:\\Users\\mrdor\\AppData\\Local\\Programs\\Python\\Python39\\python.exe",
                "ProcessId": "18592",
                "FileVersion": "3.6.2",
                "Product": "TShark",
                "TerminalSessionId": "4",
                "CommandLine": "\"C:/Program Files/Wireshark/tshark.exe\" -D",
                "LogonId": "0x262837e6",
                "ParentUser": "ELMO\\mrdor",
                "Company": "The Wireshark developer community",
                "CurrentDirectory": "C:\\Users\\mrdor\\PycharmProjects\\Hunterbee\\client\\wireshark\\",
                "Description": "TShark",
                "IntegrityLevel": "High",
                "ParentProcessId": "11260",
                "UtcTime": "2022-10-07 10:33:06.270",
                "Image": "C:\\Program Files\\Wireshark\\tshark.exe",
                "ParentProcessGuid": "{dd01dab0-ffc6-633f-1855-010000004600}",
                "Hashes": "MD5=2C7476F44C33FE4FE26600AE7AE3900D",
                "ProcessGuid": "{dd01dab0-0062-6340-d155-010000004600}",
                "OriginalFileName": "TShark.exe"
            },
            "computer_name": "Elmo"
        },
        "host": {
            "name": "Elmo",
            "ip": [
                "fe80::7cd2:efa8:dba2:6fc0",
                "169.254.111.192",
                "fe80::e431:7896:8d85:5aa",
                "172.21.208.1",
                "fe80::48ae:546b:7a20:7f52",
                "172.30.112.1",
                "fe80::f45e:e853:b6c1:9350",
                "192.168.56.1",
                "fe80::bc21:1b56:1d1:4b9f",
                "169.254.75.159",
                "fe80::4807:9ca5:cd67:6ac6",
                "169.254.106.198",
                "fe80::e097:4ef1:6314:5a55",
                "169.254.90.85",
                "fe80::d55:b4a9:26a4:7406",
                "192.168.1.102",
                "fe80::211f:b772:c6da:bfb3",
                "172.27.16.1",
                "fe80::f90c:d738:c01c:abc6",
                "172.28.192.1",
                "fe80::68fb:280b:ac6f:30de",
                "172.23.96.1"
            ]
        }
    },
    "100": {
        "@timestamp": "2022-10-07T10:33:06.697Z",
        "host": {
            "ip": [
                "fe80::7cd2:efa8:dba2:6fc0",
                "169.254.111.192",
                "fe80::e431:7896:8d85:5aa",
                "172.21.208.1",
                "fe80::48ae:546b:7a20:7f52",
                "172.30.112.1",
                "fe80::f45e:e853:b6c1:9350",
                "192.168.56.1",
                "fe80::bc21:1b56:1d1:4b9f",
                "169.254.75.159",
                "fe80::4807:9ca5:cd67:6ac6",
                "169.254.106.198",
                "fe80::e097:4ef1:6314:5a55",
                "169.254.90.85",
                "fe80::d55:b4a9:26a4:7406",
                "192.168.1.102",
                "fe80::211f:b772:c6da:bfb3",
                "172.27.16.1",
                "fe80::f90c:d738:c01c:abc6",
                "172.28.192.1",
                "fe80::68fb:280b:ac6f:30de",
                "172.23.96.1"
            ],
            "name": "Elmo"
        },
        "winlog": {
            "provider_name": "Microsoft-Windows-Sysmon",
            "provider_guid": "{5770385f-c22a-43e0-bf4c-06f5698ffbd9}",
            "event_data": {
                "Image": "C:\\Program Files\\Wireshark\\dumpcap.exe",
                "OriginalFileName": "Dumpcap.exe",
                "ProcessGuid": "{dd01dab0-0062-6340-d255-010000004600}",
                "LogonId": "0x262837e6",
                "ProcessId": "11560",
                "Description": "Dumpcap",
                "RuleName": "-",
                "Company": "The Wireshark developer community",
                "ParentProcessId": "18592",
                "ParentImage": "C:\\Program Files\\Wireshark\\tshark.exe",
                "CommandLine": "\"C:\\Program Files\\Wireshark\\dumpcap.exe\" -D -Z none",
                "ParentProcessGuid": "{dd01dab0-0062-6340-d155-010000004600}",
                "User": "ELMO\\mrdor",
                "Product": "Dumpcap",
                "CurrentDirectory": "C:\\Users\\mrdor\\PycharmProjects\\Hunterbee\\client\\wireshark\\",
                "TerminalSessionId": "4",
                "IntegrityLevel": "High",
                "Hashes": "MD5=A85C48F3129B10CF5593FBF3B02836FF",
                "ParentUser": "ELMO\\mrdor",
                "ParentCommandLine": "\"C:/Program Files/Wireshark/tshark.exe\" -D",
                "FileVersion": "3.6.2",
                "UtcTime": "2022-10-07 10:33:06.695",
                "LogonGuid": "{dd01dab0-b9ee-633f-e637-282600000000}"
            },
            "task": "Process Create (rule: ProcessCreate)",
            "computer_name": "Elmo"
        }
    },
    "101": {
        "@timestamp": "2022-10-07T10:33:06.996Z",
        "winlog": {
            "provider_guid": "{5770385f-c22a-43e0-bf4c-06f5698ffbd9}",
            "provider_name": "Microsoft-Windows-Sysmon",
            "event_data": {
                "LogonId": "0x262837e6",
                "ProcessId": "21404",
                "User": "ELMO\\mrdor",
                "TerminalSessionId": "4",
                "OriginalFileName": "TShark.exe",
                "LogonGuid": "{dd01dab0-b9ee-633f-e637-282600000000}",
                "ParentProcessId": "11260",
                "Hashes": "MD5=2C7476F44C33FE4FE26600AE7AE3900D",
                "IntegrityLevel": "High",
                "Product": "TShark",
                "ParentProcessGuid": "{dd01dab0-ffc6-633f-1855-010000004600}",
                "ParentImage": "C:\\Users\\mrdor\\AppData\\Local\\Programs\\Python\\Python39\\python.exe",
                "ParentUser": "ELMO\\mrdor",
                "Image": "C:\\Program Files\\Wireshark\\tshark.exe",
                "UtcTime": "2022-10-07 10:33:06.994",
                "FileVersion": "3.6.2",
                "Company": "The Wireshark developer community",
                "ParentCommandLine": "C:\\Users\\mrdor\\AppData\\Local\\Programs\\Python\\Python39\\python.exe C:/Users/mrdor/PycharmProjects/Hunterbee/client/wireshark/wireshark_interface.py",
                "Description": "TShark",
                "CommandLine": "\"C:/Program Files/Wireshark/tshark.exe\" -v",
                "CurrentDirectory": "C:\\Users\\mrdor\\PycharmProjects\\Hunterbee\\client\\wireshark\\",
                "RuleName": "-",
                "ProcessGuid": "{dd01dab0-0062-6340-d455-010000004600}"
            },
            "task": "Process Create (rule: ProcessCreate)",
            "computer_name": "Elmo"
        },
        "host": {
            "ip": [
                "fe80::7cd2:efa8:dba2:6fc0",
                "169.254.111.192",
                "fe80::e431:7896:8d85:5aa",
                "172.21.208.1",
                "fe80::48ae:546b:7a20:7f52",
                "172.30.112.1",
                "fe80::f45e:e853:b6c1:9350",
                "192.168.56.1",
                "fe80::bc21:1b56:1d1:4b9f",
                "169.254.75.159",
                "fe80::4807:9ca5:cd67:6ac6",
                "169.254.106.198",
                "fe80::e097:4ef1:6314:5a55",
                "169.254.90.85",
                "fe80::d55:b4a9:26a4:7406",
                "192.168.1.102",
                "fe80::211f:b772:c6da:bfb3",
                "172.27.16.1",
                "fe80::f90c:d738:c01c:abc6",
                "172.28.192.1",
                "fe80::68fb:280b:ac6f:30de",
                "172.23.96.1"
            ],
            "name": "Elmo"
        }
    },
    "102": {
        "@timestamp": "2022-10-07T10:33:07.474Z",
        "host": {
            "name": "Elmo",
            "ip": [
                "fe80::7cd2:efa8:dba2:6fc0",
                "169.254.111.192",
                "fe80::e431:7896:8d85:5aa",
                "172.21.208.1",
                "fe80::48ae:546b:7a20:7f52",
                "172.30.112.1",
                "fe80::f45e:e853:b6c1:9350",
                "192.168.56.1",
                "fe80::bc21:1b56:1d1:4b9f",
                "169.254.75.159",
                "fe80::4807:9ca5:cd67:6ac6",
                "169.254.106.198",
                "fe80::e097:4ef1:6314:5a55",
                "169.254.90.85",
                "fe80::d55:b4a9:26a4:7406",
                "192.168.1.102",
                "fe80::211f:b772:c6da:bfb3",
                "172.27.16.1",
                "fe80::f90c:d738:c01c:abc6",
                "172.28.192.1",
                "fe80::68fb:280b:ac6f:30de",
                "172.23.96.1"
            ]
        },
        "winlog": {
            "event_data": {
                "CommandLine": "\"C:/Program Files/Wireshark/dumpcap.exe\" -q -i Wi-Fi -w -",
                "Company": "The Wireshark developer community",
                "ParentCommandLine": "C:\\Users\\mrdor\\AppData\\Local\\Programs\\Python\\Python39\\python.exe C:/Users/mrdor/PycharmProjects/Hunterbee/client/wireshark/wireshark_interface.py",
                "IntegrityLevel": "High",
                "ParentImage": "C:\\Users\\mrdor\\AppData\\Local\\Programs\\Python\\Python39\\python.exe",
                "OriginalFileName": "Dumpcap.exe",
                "ParentProcessId": "11260",
                "UtcTime": "2022-10-07 10:33:07.467",
                "LogonId": "0x262837e6",
                "ParentUser": "ELMO\\mrdor",
                "TerminalSessionId": "4",
                "FileVersion": "3.6.2",
                "Product": "Dumpcap",
                "Image": "C:\\Program Files\\Wireshark\\dumpcap.exe",
                "User": "ELMO\\mrdor",
                "ProcessGuid": "{dd01dab0-0063-6340-d555-010000004600}",
                "ParentProcessGuid": "{dd01dab0-ffc6-633f-1855-010000004600}",
                "Description": "Dumpcap",
                "RuleName": "-",
                "LogonGuid": "{dd01dab0-b9ee-633f-e637-282600000000}",
                "CurrentDirectory": "C:\\Users\\mrdor\\PycharmProjects\\Hunterbee\\client\\wireshark\\",
                "ProcessId": "18856",
                "Hashes": "MD5=A85C48F3129B10CF5593FBF3B02836FF"
            },
            "computer_name": "Elmo",
            "provider_guid": "{5770385f-c22a-43e0-bf4c-06f5698ffbd9}",
            "provider_name": "Microsoft-Windows-Sysmon",
            "task": "Process Create (rule: ProcessCreate)"
        }
    },
    "103": {
        "@timestamp": "2022-10-07T10:33:07.487Z",
        "winlog": {
            "computer_name": "Elmo",
            "task": "Process Create (rule: ProcessCreate)",
            "event_data": {
                "LogonGuid": "{dd01dab0-b9ee-633f-e637-282600000000}",
                "TerminalSessionId": "4",
                "ProcessId": "16212",
                "ParentProcessGuid": "{dd01dab0-ffc6-633f-1855-010000004600}",
                "ParentImage": "C:\\Users\\mrdor\\AppData\\Local\\Programs\\Python\\Python39\\python.exe",
                "ParentCommandLine": "C:\\Users\\mrdor\\AppData\\Local\\Programs\\Python\\Python39\\python.exe C:/Users/mrdor/PycharmProjects/Hunterbee/client/wireshark/wireshark_interface.py",
                "UtcTime": "2022-10-07 10:33:07.477",
                "Description": "TShark",
                "Company": "The Wireshark developer community",
                "ParentUser": "ELMO\\mrdor",
                "FileVersion": "3.6.2",
                "Image": "C:\\Program Files\\Wireshark\\tshark.exe",
                "IntegrityLevel": "High",
                "RuleName": "-",
                "CurrentDirectory": "C:\\Users\\mrdor\\PycharmProjects\\Hunterbee\\client\\wireshark\\",
                "Hashes": "MD5=2C7476F44C33FE4FE26600AE7AE3900D",
                "CommandLine": "\"C:/Program Files/Wireshark/tshark.exe\" -D",
                "ParentProcessId": "11260",
                "LogonId": "0x262837e6",
                "ProcessGuid": "{dd01dab0-0063-6340-d655-010000004600}",
                "User": "ELMO\\mrdor",
                "OriginalFileName": "TShark.exe",
                "Product": "TShark"
            },
            "provider_name": "Microsoft-Windows-Sysmon",
            "provider_guid": "{5770385f-c22a-43e0-bf4c-06f5698ffbd9}"
        },
        "host": {
            "name": "Elmo",
            "ip": [
                "fe80::7cd2:efa8:dba2:6fc0",
                "169.254.111.192",
                "fe80::e431:7896:8d85:5aa",
                "172.21.208.1",
                "fe80::48ae:546b:7a20:7f52",
                "172.30.112.1",
                "fe80::f45e:e853:b6c1:9350",
                "192.168.56.1",
                "fe80::bc21:1b56:1d1:4b9f",
                "169.254.75.159",
                "fe80::4807:9ca5:cd67:6ac6",
                "169.254.106.198",
                "fe80::e097:4ef1:6314:5a55",
                "169.254.90.85",
                "fe80::d55:b4a9:26a4:7406",
                "192.168.1.102",
                "fe80::211f:b772:c6da:bfb3",
                "172.27.16.1",
                "fe80::f90c:d738:c01c:abc6",
                "172.28.192.1",
                "fe80::68fb:280b:ac6f:30de",
                "172.23.96.1"
            ]
        }
    },
    "104": {
        "@timestamp": "2022-10-07T10:33:08.163Z",
        "host": {
            "ip": [
                "fe80::7cd2:efa8:dba2:6fc0",
                "169.254.111.192",
                "fe80::e431:7896:8d85:5aa",
                "172.21.208.1",
                "fe80::48ae:546b:7a20:7f52",
                "172.30.112.1",
                "fe80::f45e:e853:b6c1:9350",
                "192.168.56.1",
                "fe80::bc21:1b56:1d1:4b9f",
                "169.254.75.159",
                "fe80::4807:9ca5:cd67:6ac6",
                "169.254.106.198",
                "fe80::e097:4ef1:6314:5a55",
                "169.254.90.85",
                "fe80::d55:b4a9:26a4:7406",
                "192.168.1.102",
                "fe80::211f:b772:c6da:bfb3",
                "172.27.16.1",
                "fe80::f90c:d738:c01c:abc6",
                "172.28.192.1",
                "fe80::68fb:280b:ac6f:30de",
                "172.23.96.1"
            ],
            "name": "Elmo"
        },
        "winlog": {
            "provider_name": "Microsoft-Windows-Sysmon",
            "computer_name": "Elmo",
            "task": "Process Create (rule: ProcessCreate)",
            "provider_guid": "{5770385f-c22a-43e0-bf4c-06f5698ffbd9}",
            "event_data": {
                "LogonId": "0x262837e6",
                "ProcessGuid": "{dd01dab0-0064-6340-d755-010000004600}",
                "Description": "Dumpcap",
                "ParentProcessId": "16212",
                "UtcTime": "2022-10-07 10:33:08.155",
                "ProcessId": "16540",
                "Product": "Dumpcap",
                "CommandLine": "\"C:\\Program Files\\Wireshark\\dumpcap.exe\" -D -Z none",
                "CurrentDirectory": "C:\\Users\\mrdor\\PycharmProjects\\Hunterbee\\client\\wireshark\\",
                "Hashes": "MD5=A85C48F3129B10CF5593FBF3B02836FF",
                "OriginalFileName": "Dumpcap.exe",
                "LogonGuid": "{dd01dab0-b9ee-633f-e637-282600000000}",
                "RuleName": "-",
                "FileVersion": "3.6.2",
                "ParentImage": "C:\\Program Files\\Wireshark\\tshark.exe",
                "Image": "C:\\Program Files\\Wireshark\\dumpcap.exe",
                "ParentCommandLine": "\"C:/Program Files/Wireshark/tshark.exe\" -D",
                "Company": "The Wireshark developer community",
                "IntegrityLevel": "High",
                "TerminalSessionId": "4",
                "ParentUser": "ELMO\\mrdor",
                "User": "ELMO\\mrdor",
                "ParentProcessGuid": "{dd01dab0-0063-6340-d655-010000004600}"
            }
        }
    },
    "105": {
        "@timestamp": "2022-10-07T10:33:08.630Z",
        "host": {
            "ip": [
                "fe80::7cd2:efa8:dba2:6fc0",
                "169.254.111.192",
                "fe80::e431:7896:8d85:5aa",
                "172.21.208.1",
                "fe80::48ae:546b:7a20:7f52",
                "172.30.112.1",
                "fe80::f45e:e853:b6c1:9350",
                "192.168.56.1",
                "fe80::bc21:1b56:1d1:4b9f",
                "169.254.75.159",
                "fe80::4807:9ca5:cd67:6ac6",
                "169.254.106.198",
                "fe80::e097:4ef1:6314:5a55",
                "169.254.90.85",
                "fe80::d55:b4a9:26a4:7406",
                "192.168.1.102",
                "fe80::211f:b772:c6da:bfb3",
                "172.27.16.1",
                "fe80::f90c:d738:c01c:abc6",
                "172.28.192.1",
                "fe80::68fb:280b:ac6f:30de",
                "172.23.96.1"
            ],
            "name": "Elmo"
        },
        "winlog": {
            "provider_guid": "{5770385f-c22a-43e0-bf4c-06f5698ffbd9}",
            "task": "Process Create (rule: ProcessCreate)",
            "event_data": {
                "ProcessId": "22200",
                "ParentCommandLine": "C:\\Users\\mrdor\\AppData\\Local\\Programs\\Python\\Python39\\python.exe C:/Users/mrdor/PycharmProjects/Hunterbee/client/wireshark/wireshark_interface.py",
