                "ProcessGuid": "{dd01dab0-f84b-633f-214f-010000004600}",
                "ParentProcessId": "22388",
                "OriginalFileName": "Cmd.Exe",
                "Hashes": "MD5=8A2122E8162DBEF04694B9C3E0B6CDEE",
                "RuleName": "-",
                "TerminalSessionId": "4",
                "ProcessId": "12444",
                "IntegrityLevel": "High",
                "ParentUser": "ELMO\\mrdor",
                "LogonGuid": "{dd01dab0-b9ee-633f-e637-282600000000}",
                "LogonId": "0x262837e6",
                "Company": "Microsoft Corporation",
                "FileVersion": "10.0.19041.746 (WinBuild.160101.0800)",
                "User": "ELMO\\mrdor"
            },
            "provider_guid": "{5770385f-c22a-43e0-bf4c-06f5698ffbd9}",
            "computer_name": "Elmo",
            "provider_name": "Microsoft-Windows-Sysmon"
        }
    },
    "130": {
        "@timestamp": "2022-10-07T09:58:35.213Z",
        "host": {
            "name": "Elmo",
            "ip": [
                "fe80::7cd2:efa8:dba2:6fc0",
                "169.254.111.192",
                "fe80::e431:7896:8d85:5aa",
                "172.21.208.1",
                "fe80::48ae:546b:7a20:7f52",
                "172.30.112.1",
                "fe80::bc21:1b56:1d1:4b9f",
                "169.254.75.159",
                "fe80::4807:9ca5:cd67:6ac6",
                "169.254.106.198",
                "fe80::e097:4ef1:6314:5a55",
                "169.254.90.85",
                "fe80::d55:b4a9:26a4:7406",
                "192.168.1.102",
                "fe80::211f:b772:c6da:bfb3",
                "172.27.16.1",
                "fe80::f90c:d738:c01c:abc6",
                "172.28.192.1"
            ]
        },
        "winlog": {
            "event_data": {
                "ParentImage": "C:\\Windows\\System32\\cmd.exe",
                "Product": "TShark",
                "User": "ELMO\\mrdor",
                "LogonId": "0x262837e6",
                "ParentProcessGuid": "{dd01dab0-f84b-633f-214f-010000004600}",
                "RuleName": "-",
                "ParentCommandLine": "C:\\Windows\\system32\\cmd.exe /c \"tshark -r C:/Users/mrdor/PycharmProjects/Hunterbee/client/tempfiles/Logs/Wireshark/wireshark-logs-125.pcap -T json > C:/Users/mrdor/PycharmProjects/Hunterbee/client/tempfiles/Logs/Wireshark/wireshark-logs-125.json\"",
                "ProcessId": "5216",
                "Image": "C:\\Program Files\\Wireshark\\tshark.exe",
                "LogonGuid": "{dd01dab0-b9ee-633f-e637-282600000000}",
                "TerminalSessionId": "4",
                "ParentUser": "ELMO\\mrdor",
                "CommandLine": "tshark  -r C:/Users/mrdor/PycharmProjects/Hunterbee/client/tempfiles/Logs/Wireshark/wireshark-logs-125.pcap -T json ",
                "CurrentDirectory": "C:\\Users\\mrdor\\PycharmProjects\\Hunterbee\\client\\wireshark\\",
                "IntegrityLevel": "High",
                "Company": "The Wireshark developer community",
                "OriginalFileName": "TShark.exe",
                "ParentProcessId": "12444",
                "ProcessGuid": "{dd01dab0-f84b-633f-224f-010000004600}",
                "FileVersion": "3.6.2",
                "Hashes": "MD5=2C7476F44C33FE4FE26600AE7AE3900D",
                "UtcTime": "2022-10-07 09:58:35.211",
                "Description": "TShark"
            },
            "provider_name": "Microsoft-Windows-Sysmon",
            "computer_name": "Elmo",
            "provider_guid": "{5770385f-c22a-43e0-bf4c-06f5698ffbd9}",
            "task": "Process Create (rule: ProcessCreate)"
        }
    },
    "131": {
        "@timestamp": "2022-10-07T09:58:35.607Z",
        "host": {
            "name": "Elmo",
            "ip": [
                "fe80::7cd2:efa8:dba2:6fc0",
                "169.254.111.192",
                "fe80::e431:7896:8d85:5aa",
                "172.21.208.1",
                "fe80::48ae:546b:7a20:7f52",
                "172.30.112.1",
                "fe80::bc21:1b56:1d1:4b9f",
                "169.254.75.159",
                "fe80::4807:9ca5:cd67:6ac6",
                "169.254.106.198",
                "fe80::e097:4ef1:6314:5a55",
                "169.254.90.85",
                "fe80::d55:b4a9:26a4:7406",
                "192.168.1.102",
                "fe80::211f:b772:c6da:bfb3",
                "172.27.16.1",
                "fe80::f90c:d738:c01c:abc6",
                "172.28.192.1"
            ]
        },
        "winlog": {
            "provider_name": "Microsoft-Windows-Sysmon",
            "computer_name": "Elmo",
            "provider_guid": "{5770385f-c22a-43e0-bf4c-06f5698ffbd9}",
            "task": "Process Create (rule: ProcessCreate)",
            "event_data": {
                "User": "ELMO\\mrdor",
                "ParentCommandLine": "C:\\Users\\mrdor\\AppData\\Local\\Programs\\Python\\Python39\\python.exe C:/Users/mrdor/PycharmProjects/Hunterbee/client/wireshark/wireshark_interface.py",
                "ParentUser": "ELMO\\mrdor",
                "UtcTime": "2022-10-07 09:58:35.605",
                "Description": "TShark",
                "ProcessGuid": "{dd01dab0-f84b-633f-234f-010000004600}",
                "Hashes": "MD5=2C7476F44C33FE4FE26600AE7AE3900D",
                "CurrentDirectory": "C:\\Users\\mrdor\\PycharmProjects\\Hunterbee\\client\\wireshark\\",
                "RuleName": "-",
                "Image": "C:\\Program Files\\Wireshark\\tshark.exe",
                "IntegrityLevel": "High",
                "Product": "TShark",
                "ProcessId": "8112",
                "Company": "The Wireshark developer community",
                "ParentProcessId": "22388",
                "ParentImage": "C:\\Users\\mrdor\\AppData\\Local\\Programs\\Python\\Python39\\python.exe",
                "OriginalFileName": "TShark.exe",
                "LogonGuid": "{dd01dab0-b9ee-633f-e637-282600000000}",
                "ParentProcessGuid": "{dd01dab0-f517-633f-4847-010000004600}",
                "CommandLine": "\"C:/Program Files/Wireshark/tshark.exe\" -D",
                "TerminalSessionId": "4",
                "FileVersion": "3.6.2",
                "LogonId": "0x262837e6"
            }
        }
    },
    "132": {
        "@timestamp": "2022-10-07T09:58:35.838Z",
        "host": {
            "ip": [
                "fe80::7cd2:efa8:dba2:6fc0",
                "169.254.111.192",
                "fe80::e431:7896:8d85:5aa",
                "172.21.208.1",
                "fe80::48ae:546b:7a20:7f52",
                "172.30.112.1",
                "fe80::bc21:1b56:1d1:4b9f",
                "169.254.75.159",
                "fe80::4807:9ca5:cd67:6ac6",
                "169.254.106.198",
                "fe80::e097:4ef1:6314:5a55",
                "169.254.90.85",
                "fe80::d55:b4a9:26a4:7406",
                "192.168.1.102",
                "fe80::211f:b772:c6da:bfb3",
                "172.27.16.1",
                "fe80::f90c:d738:c01c:abc6",
                "172.28.192.1"
            ],
            "name": "Elmo"
        },
        "winlog": {
            "event_data": {
                "Image": "C:\\Program Files\\Wireshark\\dumpcap.exe",
                "CommandLine": "\"C:\\Program Files\\Wireshark\\dumpcap.exe\" -D -Z none",
                "ParentImage": "C:\\Program Files\\Wireshark\\tshark.exe",
                "Hashes": "MD5=A85C48F3129B10CF5593FBF3B02836FF",
                "Company": "The Wireshark developer community",
                "FileVersion": "3.6.2",
                "LogonGuid": "{dd01dab0-b9ee-633f-e637-282600000000}",
                "OriginalFileName": "Dumpcap.exe",
                "CurrentDirectory": "C:\\Users\\mrdor\\PycharmProjects\\Hunterbee\\client\\wireshark\\",
                "User": "ELMO\\mrdor",
                "RuleName": "-",
                "IntegrityLevel": "High",
                "Description": "Dumpcap",
                "LogonId": "0x262837e6",
                "UtcTime": "2022-10-07 09:58:35.836",
                "ProcessGuid": "{dd01dab0-f84b-633f-244f-010000004600}",
                "ParentProcessGuid": "{dd01dab0-f84b-633f-234f-010000004600}",
                "ParentCommandLine": "\"C:/Program Files/Wireshark/tshark.exe\" -D",
                "TerminalSessionId": "4",
                "ParentProcessId": "8112",
                "ParentUser": "ELMO\\mrdor",
                "ProcessId": "10536",
                "Product": "Dumpcap"
            },
            "task": "Process Create (rule: ProcessCreate)",
            "computer_name": "Elmo",
            "provider_guid": "{5770385f-c22a-43e0-bf4c-06f5698ffbd9}",
            "provider_name": "Microsoft-Windows-Sysmon"
        }
    },
    "133": {
        "@timestamp": "2022-10-07T09:58:35.979Z",
        "winlog": {
            "provider_guid": "{5770385f-c22a-43e0-bf4c-06f5698ffbd9}",
            "event_data": {
                "TerminalSessionId": "4",
                "ParentUser": "ELMO\\mrdor",
                "Company": "The Wireshark developer community",
                "CurrentDirectory": "C:\\Users\\mrdor\\PycharmProjects\\Hunterbee\\client\\wireshark\\",
                "OriginalFileName": "TShark.exe",
                "CommandLine": "\"C:/Program Files/Wireshark/tshark.exe\" -v",
                "RuleName": "-",
                "ProcessId": "22512",
                "ParentProcessGuid": "{dd01dab0-f517-633f-4847-010000004600}",
                "ProcessGuid": "{dd01dab0-f84b-633f-264f-010000004600}",
                "Image": "C:\\Program Files\\Wireshark\\tshark.exe",
                "ParentProcessId": "22388",
                "Hashes": "MD5=2C7476F44C33FE4FE26600AE7AE3900D",
                "ParentImage": "C:\\Users\\mrdor\\AppData\\Local\\Programs\\Python\\Python39\\python.exe",
                "IntegrityLevel": "High",
                "ParentCommandLine": "C:\\Users\\mrdor\\AppData\\Local\\Programs\\Python\\Python39\\python.exe C:/Users/mrdor/PycharmProjects/Hunterbee/client/wireshark/wireshark_interface.py",
                "LogonGuid": "{dd01dab0-b9ee-633f-e637-282600000000}",
                "Description": "TShark",
                "LogonId": "0x262837e6",
                "User": "ELMO\\mrdor",
                "UtcTime": "2022-10-07 09:58:35.977",
                "FileVersion": "3.6.2",
                "Product": "TShark"
            },
            "provider_name": "Microsoft-Windows-Sysmon",
            "computer_name": "Elmo",
            "task": "Process Create (rule: ProcessCreate)"
        },
        "host": {
            "name": "Elmo",
            "ip": [
                "fe80::7cd2:efa8:dba2:6fc0",
                "169.254.111.192",
                "fe80::e431:7896:8d85:5aa",
                "172.21.208.1",
                "fe80::48ae:546b:7a20:7f52",
                "172.30.112.1",
                "fe80::bc21:1b56:1d1:4b9f",
                "169.254.75.159",
                "fe80::4807:9ca5:cd67:6ac6",
                "169.254.106.198",
                "fe80::e097:4ef1:6314:5a55",
                "169.254.90.85",
                "fe80::d55:b4a9:26a4:7406",
                "192.168.1.102",
                "fe80::211f:b772:c6da:bfb3",
                "172.27.16.1",
                "fe80::f90c:d738:c01c:abc6",
                "172.28.192.1"
            ]
        }
    },
    "134": {
        "@timestamp": "2022-10-07T09:58:36.248Z",
        "host": {
            "name": "Elmo",
            "ip": [
                "fe80::7cd2:efa8:dba2:6fc0",
                "169.254.111.192",
                "fe80::e431:7896:8d85:5aa",
                "172.21.208.1",
                "fe80::48ae:546b:7a20:7f52",
                "172.30.112.1",
                "fe80::bc21:1b56:1d1:4b9f",
                "169.254.75.159",
                "fe80::4807:9ca5:cd67:6ac6",
                "169.254.106.198",
                "fe80::e097:4ef1:6314:5a55",
                "169.254.90.85",
                "fe80::d55:b4a9:26a4:7406",
                "192.168.1.102",
                "fe80::211f:b772:c6da:bfb3",
                "172.27.16.1",
                "fe80::f90c:d738:c01c:abc6",
                "172.28.192.1"
            ]
        },
        "winlog": {
            "provider_guid": "{5770385f-c22a-43e0-bf4c-06f5698ffbd9}",
            "task": "Process Create (rule: ProcessCreate)",
            "computer_name": "Elmo",
            "event_data": {
                "Description": "Dumpcap",
                "ParentUser": "ELMO\\mrdor",
                "RuleName": "-",
                "OriginalFileName": "Dumpcap.exe",
                "TerminalSessionId": "4",
                "IntegrityLevel": "High",
                "ParentProcessId": "22388",
                "Product": "Dumpcap",
                "LogonGuid": "{dd01dab0-b9ee-633f-e637-282600000000}",
                "LogonId": "0x262837e6",
                "CurrentDirectory": "C:\\Users\\mrdor\\PycharmProjects\\Hunterbee\\client\\wireshark\\",
                "User": "ELMO\\mrdor",
                "ProcessId": "15944",
                "FileVersion": "3.6.2",
                "Hashes": "MD5=A85C48F3129B10CF5593FBF3B02836FF",
                "Company": "The Wireshark developer community",
                "ParentProcessGuid": "{dd01dab0-f517-633f-4847-010000004600}",
                "Image": "C:\\Program Files\\Wireshark\\dumpcap.exe",
                "ParentImage": "C:\\Users\\mrdor\\AppData\\Local\\Programs\\Python\\Python39\\python.exe",
                "ParentCommandLine": "C:\\Users\\mrdor\\AppData\\Local\\Programs\\Python\\Python39\\python.exe C:/Users/mrdor/PycharmProjects/Hunterbee/client/wireshark/wireshark_interface.py",
                "CommandLine": "\"C:/Program Files/Wireshark/dumpcap.exe\" -q -i Wi-Fi -w -",
                "UtcTime": "2022-10-07 09:58:36.246",
                "ProcessGuid": "{dd01dab0-f84c-633f-274f-010000004600}"
            },
            "provider_name": "Microsoft-Windows-Sysmon"
        }
    },
    "135": {
        "@timestamp": "2022-10-07T09:58:36.252Z",
        "host": {
            "name": "Elmo",
            "ip": [
                "fe80::7cd2:efa8:dba2:6fc0",
                "169.254.111.192",
                "fe80::e431:7896:8d85:5aa",
                "172.21.208.1",
                "fe80::48ae:546b:7a20:7f52",
                "172.30.112.1",
                "fe80::bc21:1b56:1d1:4b9f",
                "169.254.75.159",
                "fe80::4807:9ca5:cd67:6ac6",
                "169.254.106.198",
                "fe80::e097:4ef1:6314:5a55",
                "169.254.90.85",
                "fe80::d55:b4a9:26a4:7406",
                "192.168.1.102",
                "fe80::211f:b772:c6da:bfb3",
                "172.27.16.1",
                "fe80::f90c:d738:c01c:abc6",
                "172.28.192.1"
            ]
        },
        "winlog": {
            "task": "Process Create (rule: ProcessCreate)",
            "event_data": {
                "Product": "TShark",
                "ParentCommandLine": "C:\\Users\\mrdor\\AppData\\Local\\Programs\\Python\\Python39\\python.exe C:/Users/mrdor/PycharmProjects/Hunterbee/client/wireshark/wireshark_interface.py",
                "ParentProcessGuid": "{dd01dab0-f517-633f-4847-010000004600}",
                "ParentImage": "C:\\Users\\mrdor\\AppData\\Local\\Programs\\Python\\Python39\\python.exe",
                "CurrentDirectory": "C:\\Users\\mrdor\\PycharmProjects\\Hunterbee\\client\\wireshark\\",
                "RuleName": "-",
                "ProcessGuid": "{dd01dab0-f84c-633f-284f-010000004600}",
                "Description": "TShark",
                "OriginalFileName": "TShark.exe",
                "UtcTime": "2022-10-07 09:58:36.250",
                "ProcessId": "4340",
                "CommandLine": "\"C:/Program Files/Wireshark/tshark.exe\" -D",
                "ParentUser": "ELMO\\mrdor",
                "Image": "C:\\Program Files\\Wireshark\\tshark.exe",
                "LogonId": "0x262837e6",
                "LogonGuid": "{dd01dab0-b9ee-633f-e637-282600000000}",
                "TerminalSessionId": "4",
                "FileVersion": "3.6.2",
                "Company": "The Wireshark developer community",
                "IntegrityLevel": "High",
                "Hashes": "MD5=2C7476F44C33FE4FE26600AE7AE3900D",
                "ParentProcessId": "22388",
                "User": "ELMO\\mrdor"
            },
            "provider_guid": "{5770385f-c22a-43e0-bf4c-06f5698ffbd9}",
            "computer_name": "Elmo",
            "provider_name": "Microsoft-Windows-Sysmon"
        }
    },
    "136": {
        "@timestamp": "2022-10-07T09:58:36.514Z",
        "host": {
            "ip": [
                "fe80::7cd2:efa8:dba2:6fc0",
                "169.254.111.192",
                "fe80::e431:7896:8d85:5aa",
                "172.21.208.1",
                "fe80::48ae:546b:7a20:7f52",
                "172.30.112.1",
                "fe80::bc21:1b56:1d1:4b9f",
                "169.254.75.159",
                "fe80::4807:9ca5:cd67:6ac6",
                "169.254.106.198",
                "fe80::e097:4ef1:6314:5a55",
                "169.254.90.85",
                "fe80::d55:b4a9:26a4:7406",
                "192.168.1.102",
                "fe80::211f:b772:c6da:bfb3",
                "172.27.16.1",
                "fe80::f90c:d738:c01c:abc6",
                "172.28.192.1"
            ],
            "name": "Elmo"
        },
        "winlog": {
            "provider_name": "Microsoft-Windows-Sysmon",
            "computer_name": "Elmo",
            "provider_guid": "{5770385f-c22a-43e0-bf4c-06f5698ffbd9}",
            "task": "Process Create (rule: ProcessCreate)",
            "event_data": {
                "IntegrityLevel": "High",
                "ParentProcessGuid": "{dd01dab0-f84c-633f-284f-010000004600}",
                "RuleName": "-",
                "TerminalSessionId": "4",
                "ParentProcessId": "4340",
                "UtcTime": "2022-10-07 09:58:36.511",
                "Hashes": "MD5=A85C48F3129B10CF5593FBF3B02836FF",
                "Product": "Dumpcap",
                "ParentCommandLine": "\"C:/Program Files/Wireshark/tshark.exe\" -D",
                "Image": "C:\\Program Files\\Wireshark\\dumpcap.exe",
                "LogonGuid": "{dd01dab0-b9ee-633f-e637-282600000000}",
                "OriginalFileName": "Dumpcap.exe",
                "Company": "The Wireshark developer community",
                "LogonId": "0x262837e6",
                "ParentImage": "C:\\Program Files\\Wireshark\\tshark.exe",
                "ProcessGuid": "{dd01dab0-f84c-633f-294f-010000004600}",
                "CurrentDirectory": "C:\\Users\\mrdor\\PycharmProjects\\Hunterbee\\client\\wireshark\\",
                "User": "ELMO\\mrdor",
                "CommandLine": "\"C:\\Program Files\\Wireshark\\dumpcap.exe\" -D -Z none",
                "ParentUser": "ELMO\\mrdor",
                "Description": "Dumpcap",
                "ProcessId": "13816",
                "FileVersion": "3.6.2"
            }
        }
    },
    "137": {
        "@timestamp": "2022-10-07T09:58:36.658Z",
        "host": {
            "name": "Elmo",
            "ip": [
                "fe80::7cd2:efa8:dba2:6fc0",
                "169.254.111.192",
                "fe80::e431:7896:8d85:5aa",
                "172.21.208.1",
                "fe80::48ae:546b:7a20:7f52",
                "172.30.112.1",
                "fe80::bc21:1b56:1d1:4b9f",
                "169.254.75.159",
                "fe80::4807:9ca5:cd67:6ac6",
                "169.254.106.198",
                "fe80::e097:4ef1:6314:5a55",
                "169.254.90.85",
                "fe80::d55:b4a9:26a4:7406",
                "192.168.1.102",
                "fe80::211f:b772:c6da:bfb3",
                "172.27.16.1",
                "fe80::f90c:d738:c01c:abc6",
                "172.28.192.1"
            ]
        },
        "winlog": {
            "task": "Process Create (rule: ProcessCreate)",
            "computer_name": "Elmo",
            "event_data": {
                "OriginalFileName": "TShark.exe",
                "RuleName": "-",
                "LogonGuid": "{dd01dab0-b9ee-633f-e637-282600000000}",
                "CurrentDirectory": "C:\\Users\\mrdor\\PycharmProjects\\Hunterbee\\client\\wireshark\\",
                "Company": "The Wireshark developer community",
                "CommandLine": "\"C:/Program Files/Wireshark/tshark.exe\" -l -n -T pdml -c 25 -w C:/Users/mrdor/PycharmProjects/Hunterbee/client/tempfiles/Logs/Wireshark/wireshark-logs-126.pcap -i -",
                "Product": "TShark",
                "Hashes": "MD5=2C7476F44C33FE4FE26600AE7AE3900D",
                "ParentProcessGuid": "{dd01dab0-f517-633f-4847-010000004600}",
                "UtcTime": "2022-10-07 09:58:36.656",
                "FileVersion": "3.6.2",
                "User": "ELMO\\mrdor",
                "ProcessId": "8876",
                "ProcessGuid": "{dd01dab0-f84c-633f-2b4f-010000004600}",
                "TerminalSessionId": "4",
                "ParentProcessId": "22388",
                "IntegrityLevel": "High",
                "Image": "C:\\Program Files\\Wireshark\\tshark.exe",
                "ParentCommandLine": "C:\\Users\\mrdor\\AppData\\Local\\Programs\\Python\\Python39\\python.exe C:/Users/mrdor/PycharmProjects/Hunterbee/client/wireshark/wireshark_interface.py",
                "LogonId": "0x262837e6",
                "ParentImage": "C:\\Users\\mrdor\\AppData\\Local\\Programs\\Python\\Python39\\python.exe",
                "Description": "TShark",
                "ParentUser": "ELMO\\mrdor"
            },
            "provider_name": "Microsoft-Windows-Sysmon",
            "provider_guid": "{5770385f-c22a-43e0-bf4c-06f5698ffbd9}"
        }
    },
    "138": {
        "@timestamp": "2022-10-07T09:58:36.897Z",
        "host": {
            "ip": [
                "fe80::7cd2:efa8:dba2:6fc0",
                "169.254.111.192",
                "fe80::e431:7896:8d85:5aa",
                "172.21.208.1",
                "fe80::48ae:546b:7a20:7f52",
                "172.30.112.1",
                "fe80::bc21:1b56:1d1:4b9f",
                "169.254.75.159",
                "fe80::4807:9ca5:cd67:6ac6",
                "169.254.106.198",
                "fe80::e097:4ef1:6314:5a55",
                "169.254.90.85",
                "fe80::d55:b4a9:26a4:7406",
                "192.168.1.102",
                "fe80::211f:b772:c6da:bfb3",
                "172.27.16.1",
                "fe80::f90c:d738:c01c:abc6",
                "172.28.192.1"
            ],
            "name": "Elmo"
        },
        "winlog": {
            "task": "Process Create (rule: ProcessCreate)",
            "computer_name": "Elmo",
            "provider_name": "Microsoft-Windows-Sysmon",
            "event_data": {
                "LogonId": "0x262837e6",
                "IntegrityLevel": "High",
                "ParentProcessGuid": "{dd01dab0-f84c-633f-2b4f-010000004600}",
                "Hashes": "MD5=A85C48F3129B10CF5593FBF3B02836FF",
                "ParentCommandLine": "\"C:/Program Files/Wireshark/tshark.exe\" -l -n -T pdml -c 25 -w C:/Users/mrdor/PycharmProjects/Hunterbee/client/tempfiles/Logs/Wireshark/wireshark-logs-126.pcap -i -",
                "RuleName": "-",
                "ProcessId": "7676",
                "OriginalFileName": "Dumpcap.exe",
                "UtcTime": "2022-10-07 09:58:36.895",
                "Image": "C:\\Program Files\\Wireshark\\dumpcap.exe",
                "User": "ELMO\\mrdor",
                "LogonGuid": "{dd01dab0-b9ee-633f-e637-282600000000}",
                "FileVersion": "3.6.2",
                "ParentImage": "C:\\Program Files\\Wireshark\\tshark.exe",
                "ProcessGuid": "{dd01dab0-f84c-633f-2c4f-010000004600}",
                "ParentProcessId": "8876",
                "CommandLine": "\"C:\\Program Files\\Wireshark\\dumpcap.exe\" -D -Z none",
                "TerminalSessionId": "4",
                "Description": "Dumpcap",
                "Product": "Dumpcap",
                "CurrentDirectory": "C:\\Users\\mrdor\\PycharmProjects\\Hunterbee\\client\\wireshark\\",
                "ParentUser": "ELMO\\mrdor",
                "Company": "The Wireshark developer community"
            },
            "provider_guid": "{5770385f-c22a-43e0-bf4c-06f5698ffbd9}"
        }
    },
    "139": {
        "@timestamp": "2022-10-07T09:58:37.114Z",
        "winlog": {
            "provider_name": "Microsoft-Windows-Sysmon",
            "provider_guid": "{5770385f-c22a-43e0-bf4c-06f5698ffbd9}",
            "event_data": {
                "IntegrityLevel": "High",
                "ParentProcessGuid": "{dd01dab0-f84c-633f-2b4f-010000004600}",
                "Image": "C:\\Program Files\\Wireshark\\dumpcap.exe",
                "CurrentDirectory": "C:\\Users\\mrdor\\PycharmProjects\\Hunterbee\\client\\wireshark\\",
                "LogonGuid": "{dd01dab0-b9ee-633f-e637-282600000000}",
                "Hashes": "MD5=A85C48F3129B10CF5593FBF3B02836FF",
                "RuleName": "-",
                "LogonId": "0x262837e6",
                "TerminalSessionId": "4",
                "ParentImage": "C:\\Program Files\\Wireshark\\tshark.exe",
                "ParentUser": "ELMO\\mrdor",
                "ParentCommandLine": "\"C:/Program Files/Wireshark/tshark.exe\" -l -n -T pdml -c 25 -w C:/Users/mrdor/PycharmProjects/Hunterbee/client/tempfiles/Logs/Wireshark/wireshark-logs-126.pcap -i -",
                "Company": "The Wireshark developer community",
                "User": "ELMO\\mrdor",
                "CommandLine": "\"C:\\Program Files\\Wireshark\\dumpcap.exe\" -n -c 25 -i - -Z 8876 -w C:/Users/mrdor/PycharmProjects/Hunterbee/client/tempfiles/Logs/Wireshark/wireshark-logs-126.pcap",
                "OriginalFileName": "Dumpcap.exe",
                "ProcessId": "16512",
                "FileVersion": "3.6.2",
                "Description": "Dumpcap",
                "ProcessGuid": "{dd01dab0-f84d-633f-2e4f-010000004600}",
                "Product": "Dumpcap",
                "ParentProcessId": "8876",
                "UtcTime": "2022-10-07 09:58:37.112"
            },
            "task": "Process Create (rule: ProcessCreate)",
            "computer_name": "Elmo"
        },
        "host": {
            "name": "Elmo",
            "ip": [
                "fe80::7cd2:efa8:dba2:6fc0",
                "169.254.111.192",
                "fe80::e431:7896:8d85:5aa",
                "172.21.208.1",
                "fe80::48ae:546b:7a20:7f52",
                "172.30.112.1",
                "fe80::bc21:1b56:1d1:4b9f",
                "169.254.75.159",
                "fe80::4807:9ca5:cd67:6ac6",
                "169.254.106.198",
                "fe80::e097:4ef1:6314:5a55",
                "169.254.90.85",
                "fe80::d55:b4a9:26a4:7406",
                "192.168.1.102",
                "fe80::211f:b772:c6da:bfb3",
                "172.27.16.1",
                "fe80::f90c:d738:c01c:abc6",
                "172.28.192.1"
            ]
        }
    },
    "140": {
        "@timestamp": "2022-10-07T09:58:37.432Z",
        "winlog": {
            "computer_name": "Elmo",
            "provider_name": "Microsoft-Windows-Sysmon",
            "provider_guid": "{5770385f-c22a-43e0-bf4c-06f5698ffbd9}",
            "task": "Process Create (rule: ProcessCreate)",
            "event_data": {
                "OriginalFileName": "Cmd.Exe",
                "TerminalSessionId": "4",
                "ProcessId": "12292",
                "ParentCommandLine": "C:\\Users\\mrdor\\AppData\\Local\\Programs\\Python\\Python39\\python.exe C:/Users/mrdor/PycharmProjects/Hunterbee/client/wireshark/wireshark_interface.py",
                "ParentUser": "ELMO\\mrdor",
                "LogonId": "0x262837e6",
                "ParentProcessId": "22388",
                "Image": "C:\\Windows\\System32\\cmd.exe",
                "CommandLine": "C:\\Windows\\system32\\cmd.exe /c \"tshark -r C:/Users/mrdor/PycharmProjects/Hunterbee/client/tempfiles/Logs/Wireshark/wireshark-logs-126.pcap -T json > C:/Users/mrdor/PycharmProjects/Hunterbee/client/tempfiles/Logs/Wireshark/wireshark-logs-126.json\"",
                "Company": "Microsoft Corporation",
                "CurrentDirectory": "C:\\Users\\mrdor\\PycharmProjects\\Hunterbee\\client\\wireshark\\",
                "Product": "Microsoft\u00c2\u00ae Windows\u00c2\u00ae Operating System",
                "Hashes": "MD5=8A2122E8162DBEF04694B9C3E0B6CDEE",
                "UtcTime": "2022-10-07 09:58:37.430",
                "ProcessGuid": "{dd01dab0-f84d-633f-304f-010000004600}",
                "IntegrityLevel": "High",
                "ParentProcessGuid": "{dd01dab0-f517-633f-4847-010000004600}",
                "LogonGuid": "{dd01dab0-b9ee-633f-e637-282600000000}",
                "Description": "Windows Command Processor",
                "ParentImage": "C:\\Users\\mrdor\\AppData\\Local\\Programs\\Python\\Python39\\python.exe",
                "FileVersion": "10.0.19041.746 (WinBuild.160101.0800)",
                "User": "ELMO\\mrdor",
                "RuleName": "-"
            }
        },
        "host": {
            "ip": [
                "fe80::7cd2:efa8:dba2:6fc0",
                "169.254.111.192",
                "fe80::e431:7896:8d85:5aa",
                "172.21.208.1",
                "fe80::48ae:546b:7a20:7f52",
                "172.30.112.1",
                "fe80::bc21:1b56:1d1:4b9f",
                "169.254.75.159",
                "fe80::4807:9ca5:cd67:6ac6",
                "169.254.106.198",
                "fe80::e097:4ef1:6314:5a55",
                "169.254.90.85",
                "fe80::d55:b4a9:26a4:7406",
                "192.168.1.102",
                "fe80::211f:b772:c6da:bfb3",
                "172.27.16.1",
                "fe80::f90c:d738:c01c:abc6",
                "172.28.192.1"
            ],
            "name": "Elmo"
        }
    },
    "141": {
        "@timestamp": "2022-10-07T09:58:37.442Z",
        "host": {
            "name": "Elmo",
            "ip": [
                "fe80::7cd2:efa8:dba2:6fc0",
                "169.254.111.192",
                "fe80::e431:7896:8d85:5aa",
                "172.21.208.1",
                "fe80::48ae:546b:7a20:7f52",
                "172.30.112.1",
                "fe80::bc21:1b56:1d1:4b9f",
                "169.254.75.159",
                "fe80::4807:9ca5:cd67:6ac6",
                "169.254.106.198",
                "fe80::e097:4ef1:6314:5a55",
                "169.254.90.85",
                "fe80::d55:b4a9:26a4:7406",
                "192.168.1.102",
                "fe80::211f:b772:c6da:bfb3",
                "172.27.16.1",
                "fe80::f90c:d738:c01c:abc6",
                "172.28.192.1"
            ]
        },
        "winlog": {
            "computer_name": "Elmo",
            "provider_name": "Microsoft-Windows-Sysmon",
            "provider_guid": "{5770385f-c22a-43e0-bf4c-06f5698ffbd9}",
            "event_data": {
                "ParentUser": "ELMO\\mrdor",
                "Company": "The Wireshark developer community",
                "UtcTime": "2022-10-07 09:58:37.440",
                "ProcessGuid": "{dd01dab0-f84d-633f-314f-010000004600}",
                "User": "ELMO\\mrdor",
                "IntegrityLevel": "High",
                "Hashes": "MD5=2C7476F44C33FE4FE26600AE7AE3900D",
                "Description": "TShark",
                "LogonId": "0x262837e6",
                "FileVersion": "3.6.2",
                "Product": "TShark",
                "OriginalFileName": "TShark.exe",
                "RuleName": "-",
                "CommandLine": "tshark  -r C:/Users/mrdor/PycharmProjects/Hunterbee/client/tempfiles/Logs/Wireshark/wireshark-logs-126.pcap -T json ",
                "ParentCommandLine": "C:\\Windows\\system32\\cmd.exe /c \"tshark -r C:/Users/mrdor/PycharmProjects/Hunterbee/client/tempfiles/Logs/Wireshark/wireshark-logs-126.pcap -T json > C:/Users/mrdor/PycharmProjects/Hunterbee/client/tempfiles/Logs/Wireshark/wireshark-logs-126.json\"",
                "ParentImage": "C:\\Windows\\System32\\cmd.exe",
                "ProcessId": "3168",
                "ParentProcessGuid": "{dd01dab0-f84d-633f-304f-010000004600}",
                "LogonGuid": "{dd01dab0-b9ee-633f-e637-282600000000}",
                "CurrentDirectory": "C:\\Users\\mrdor\\PycharmProjects\\Hunterbee\\client\\wireshark\\",
                "ParentProcessId": "12292",
                "Image": "C:\\Program Files\\Wireshark\\tshark.exe",
                "TerminalSessionId": "4"
            },
            "task": "Process Create (rule: ProcessCreate)"
        }
    },
    "142": {
        "@timestamp": "2022-10-07T09:58:37.827Z",
        "host": {
            "name": "Elmo",
            "ip": [
                "fe80::7cd2:efa8:dba2:6fc0",
                "169.254.111.192",
                "fe80::e431:7896:8d85:5aa",
                "172.21.208.1",
                "fe80::48ae:546b:7a20:7f52",
                "172.30.112.1",
                "fe80::bc21:1b56:1d1:4b9f",
                "169.254.75.159",
                "fe80::4807:9ca5:cd67:6ac6",
                "169.254.106.198",
                "fe80::e097:4ef1:6314:5a55",
                "169.254.90.85",
                "fe80::d55:b4a9:26a4:7406",
                "192.168.1.102",
                "fe80::211f:b772:c6da:bfb3",
                "172.27.16.1",
                "fe80::f90c:d738:c01c:abc6",
                "172.28.192.1"
            ]
        },
        "winlog": {
            "computer_name": "Elmo",
            "provider_name": "Microsoft-Windows-Sysmon",
            "provider_guid": "{5770385f-c22a-43e0-bf4c-06f5698ffbd9}",
            "event_data": {
                "ProcessId": "12592",
                "Company": "The Wireshark developer community",
                "ParentUser": "ELMO\\mrdor",
                "CommandLine": "\"C:/Program Files/Wireshark/tshark.exe\" -D",
                "OriginalFileName": "TShark.exe",
                "LogonGuid": "{dd01dab0-b9ee-633f-e637-282600000000}",
                "Description": "TShark",
                "ParentImage": "C:\\Users\\mrdor\\AppData\\Local\\Programs\\Python\\Python39\\python.exe",
                "FileVersion": "3.6.2",
                "ParentProcessId": "22388",
                "User": "ELMO\\mrdor",
                "ParentProcessGuid": "{dd01dab0-f517-633f-4847-010000004600}",
                "LogonId": "0x262837e6",
                "Image": "C:\\Program Files\\Wireshark\\tshark.exe",
                "Product": "TShark",
                "IntegrityLevel": "High",
                "ParentCommandLine": "C:\\Users\\mrdor\\AppData\\Local\\Programs\\Python\\Python39\\python.exe C:/Users/mrdor/PycharmProjects/Hunterbee/client/wireshark/wireshark_interface.py",
                "TerminalSessionId": "4",
                "CurrentDirectory": "C:\\Users\\mrdor\\PycharmProjects\\Hunterbee\\client\\wireshark\\",
                "UtcTime": "2022-10-07 09:58:37.825",
                "ProcessGuid": "{dd01dab0-f84d-633f-324f-010000004600}",
                "Hashes": "MD5=2C7476F44C33FE4FE26600AE7AE3900D",
                "RuleName": "-"
            },
            "task": "Process Create (rule: ProcessCreate)"
        }
    },
    "143": {
        "@timestamp": "2022-10-07T09:58:38.061Z",
        "winlog": {
            "event_data": {
                "IntegrityLevel": "High",
                "Hashes": "MD5=A85C48F3129B10CF5593FBF3B02836FF",
                "RuleName": "-",
                "Description": "Dumpcap",
                "LogonId": "0x262837e6",
                "ParentUser": "ELMO\\mrdor",
                "LogonGuid": "{dd01dab0-b9ee-633f-e637-282600000000}",
                "User": "ELMO\\mrdor",
                "ParentCommandLine": "\"C:/Program Files/Wireshark/tshark.exe\" -D",
                "ParentProcessGuid": "{dd01dab0-f84d-633f-324f-010000004600}",
                "ParentProcessId": "12592",
                "FileVersion": "3.6.2",
                "CurrentDirectory": "C:\\Users\\mrdor\\PycharmProjects\\Hunterbee\\client\\wireshark\\",
                "Company": "The Wireshark developer community",
                "CommandLine": "\"C:\\Program Files\\Wireshark\\dumpcap.exe\" -D -Z none",
                "Product": "Dumpcap",
                "Image": "C:\\Program Files\\Wireshark\\dumpcap.exe",
                "TerminalSessionId": "4",
                "ProcessId": "13824",
                "ParentImage": "C:\\Program Files\\Wireshark\\tshark.exe",
                "UtcTime": "2022-10-07 09:58:38.059",
                "ProcessGuid": "{dd01dab0-f84e-633f-334f-010000004600}",
                "OriginalFileName": "Dumpcap.exe"
            },
            "task": "Process Create (rule: ProcessCreate)",
            "computer_name": "Elmo",
            "provider_guid": "{5770385f-c22a-43e0-bf4c-06f5698ffbd9}",
            "provider_name": "Microsoft-Windows-Sysmon"
        },
        "host": {
            "name": "Elmo",
            "ip": [
                "fe80::7cd2:efa8:dba2:6fc0",
                "169.254.111.192",
                "fe80::e431:7896:8d85:5aa",
                "172.21.208.1",
                "fe80::48ae:546b:7a20:7f52",
                "172.30.112.1",
                "fe80::bc21:1b56:1d1:4b9f",
                "169.254.75.159",
                "fe80::4807:9ca5:cd67:6ac6",
                "169.254.106.198",
                "fe80::e097:4ef1:6314:5a55",
                "169.254.90.85",
                "fe80::d55:b4a9:26a4:7406",
                "192.168.1.102",
                "fe80::211f:b772:c6da:bfb3",
                "172.27.16.1",
                "fe80::f90c:d738:c01c:abc6",
                "172.28.192.1"
            ]
        }
    },
    "144": {
        "@timestamp": "2022-10-07T09:58:38.203Z",
        "host": {
            "name": "Elmo",
            "ip": [
                "fe80::7cd2:efa8:dba2:6fc0",
                "169.254.111.192",
                "fe80::e431:7896:8d85:5aa",
                "172.21.208.1",
                "fe80::48ae:546b:7a20:7f52",
                "172.30.112.1",
                "fe80::bc21:1b56:1d1:4b9f",
                "169.254.75.159",
                "fe80::4807:9ca5:cd67:6ac6",
                "169.254.106.198",
                "fe80::e097:4ef1:6314:5a55",
                "169.254.90.85",
                "fe80::d55:b4a9:26a4:7406",
                "192.168.1.102",
                "fe80::211f:b772:c6da:bfb3",
                "172.27.16.1",
                "fe80::f90c:d738:c01c:abc6",
                "172.28.192.1"
            ]
        },
        "winlog": {
            "computer_name": "Elmo",
            "event_data": {
                "FileVersion": "3.6.2",
                "ParentImage": "C:\\Users\\mrdor\\AppData\\Local\\Programs\\Python\\Python39\\python.exe",
                "Product": "TShark",
                "IntegrityLevel": "High",
                "CurrentDirectory": "C:\\Users\\mrdor\\PycharmProjects\\Hunterbee\\client\\wireshark\\",
                "LogonGuid": "{dd01dab0-b9ee-633f-e637-282600000000}",
                "ProcessGuid": "{dd01dab0-f84e-633f-354f-010000004600}",
                "ParentProcessGuid": "{dd01dab0-f517-633f-4847-010000004600}",
                "CommandLine": "\"C:/Program Files/Wireshark/tshark.exe\" -v",
                "User": "ELMO\\mrdor",
                "TerminalSessionId": "4",
                "Hashes": "MD5=2C7476F44C33FE4FE26600AE7AE3900D",
                "RuleName": "-",
                "LogonId": "0x262837e6",
                "ProcessId": "14740",
                "Description": "TShark",
                "OriginalFileName": "TShark.exe",
                "ParentUser": "ELMO\\mrdor",
                "ParentProcessId": "22388",
                "UtcTime": "2022-10-07 09:58:38.202",
                "Image": "C:\\Program Files\\Wireshark\\tshark.exe",
                "Company": "The Wireshark developer community",
                "ParentCommandLine": "C:\\Users\\mrdor\\AppData\\Local\\Programs\\Python\\Python39\\python.exe C:/Users/mrdor/PycharmProjects/Hunterbee/client/wireshark/wireshark_interface.py"
            },
            "provider_guid": "{5770385f-c22a-43e0-bf4c-06f5698ffbd9}",
            "provider_name": "Microsoft-Windows-Sysmon",
            "task": "Process Create (rule: ProcessCreate)"
        }
    },
    "145": {
        "@timestamp": "2022-10-07T09:58:38.455Z",
        "host": {
            "ip": [
                "fe80::7cd2:efa8:dba2:6fc0",
                "169.254.111.192",
                "fe80::e431:7896:8d85:5aa",
                "172.21.208.1",
                "fe80::48ae:546b:7a20:7f52",
                "172.30.112.1",
                "fe80::bc21:1b56:1d1:4b9f",
                "169.254.75.159",
                "fe80::4807:9ca5:cd67:6ac6",
                "169.254.106.198",
                "fe80::e097:4ef1:6314:5a55",
                "169.254.90.85",
                "fe80::d55:b4a9:26a4:7406",
                "192.168.1.102",
                "fe80::211f:b772:c6da:bfb3",
                "172.27.16.1",
                "fe80::f90c:d738:c01c:abc6",
                "172.28.192.1"
            ],
            "name": "Elmo"
        },
        "winlog": {
            "task": "Process Create (rule: ProcessCreate)",
            "provider_guid": "{5770385f-c22a-43e0-bf4c-06f5698ffbd9}",
            "event_data": {
                "LogonGuid": "{dd01dab0-b9ee-633f-e637-282600000000}",
                "LogonId": "0x262837e6",
                "User": "ELMO\\mrdor",
                "UtcTime": "2022-10-07 09:58:38.453",
                "Company": "The Wireshark developer community",
                "TerminalSessionId": "4",
                "ProcessId": "15916",
                "RuleName": "-",
                "CommandLine": "\"C:/Program Files/Wireshark/dumpcap.exe\" -q -i Wi-Fi -w -",
                "Description": "Dumpcap",
                "Product": "Dumpcap",
                "ParentCommandLine": "C:\\Users\\mrdor\\AppData\\Local\\Programs\\Python\\Python39\\python.exe C:/Users/mrdor/PycharmProjects/Hunterbee/client/wireshark/wireshark_interface.py",
                "ParentProcessGuid": "{dd01dab0-f517-633f-4847-010000004600}",
                "ProcessGuid": "{dd01dab0-f84e-633f-364f-010000004600}",
                "Image": "C:\\Program Files\\Wireshark\\dumpcap.exe",
                "IntegrityLevel": "High",
                "ParentImage": "C:\\Users\\mrdor\\AppData\\Local\\Programs\\Python\\Python39\\python.exe",
                "Hashes": "MD5=A85C48F3129B10CF5593FBF3B02836FF",
                "ParentProcessId": "22388",
                "OriginalFileName": "Dumpcap.exe",
                "CurrentDirectory": "C:\\Users\\mrdor\\PycharmProjects\\Hunterbee\\client\\wireshark\\",
                "FileVersion": "3.6.2",
                "ParentUser": "ELMO\\mrdor"
            },
            "provider_name": "Microsoft-Windows-Sysmon",
            "computer_name": "Elmo"
        }
    },
    "146": {
        "@timestamp": "2022-10-07T09:58:38.458Z",
        "host": {
            "ip": [
                "fe80::7cd2:efa8:dba2:6fc0",
                "169.254.111.192",
                "fe80::e431:7896:8d85:5aa",
                "172.21.208.1",
                "fe80::48ae:546b:7a20:7f52",
                "172.30.112.1",
                "fe80::bc21:1b56:1d1:4b9f",
                "169.254.75.159",
                "fe80::4807:9ca5:cd67:6ac6",
                "169.254.106.198",
                "fe80::e097:4ef1:6314:5a55",
                "169.254.90.85",
                "fe80::d55:b4a9:26a4:7406",
                "192.168.1.102",
                "fe80::211f:b772:c6da:bfb3",
                "172.27.16.1",
                "fe80::f90c:d738:c01c:abc6",
                "172.28.192.1"
            ],
            "name": "Elmo"
        },
        "winlog": {
            "computer_name": "Elmo",
            "provider_name": "Microsoft-Windows-Sysmon",
            "provider_guid": "{5770385f-c22a-43e0-bf4c-06f5698ffbd9}",
            "event_data": {
                "Hashes": "MD5=2C7476F44C33FE4FE26600AE7AE3900D",
                "ParentProcessId": "22388",
                "TerminalSessionId": "4",
                "IntegrityLevel": "High",
                "LogonGuid": "{dd01dab0-b9ee-633f-e637-282600000000}",
                "Company": "The Wireshark developer community",
                "CurrentDirectory": "C:\\Users\\mrdor\\PycharmProjects\\Hunterbee\\client\\wireshark\\",
                "LogonId": "0x262837e6",
                "ParentCommandLine": "C:\\Users\\mrdor\\AppData\\Local\\Programs\\Python\\Python39\\python.exe C:/Users/mrdor/PycharmProjects/Hunterbee/client/wireshark/wireshark_interface.py",
                "ParentUser": "ELMO\\mrdor",
                "RuleName": "-",
                "ParentImage": "C:\\Users\\mrdor\\AppData\\Local\\Programs\\Python\\Python39\\python.exe",
                "ProcessGuid": "{dd01dab0-f84e-633f-374f-010000004600}",
                "CommandLine": "\"C:/Program Files/Wireshark/tshark.exe\" -D",
                "ParentProcessGuid": "{dd01dab0-f517-633f-4847-010000004600}",
                "User": "ELMO\\mrdor",
                "Image": "C:\\Program Files\\Wireshark\\tshark.exe",
                "Description": "TShark",
                "OriginalFileName": "TShark.exe",
                "ProcessId": "6452",
                "UtcTime": "2022-10-07 09:58:38.456",
                "Product": "TShark",
                "FileVersion": "3.6.2"
            },
            "task": "Process Create (rule: ProcessCreate)"
        }
    },
    "147": {
        "@timestamp": "2022-10-07T09:58:38.704Z",
        "host": {
            "name": "Elmo",
            "ip": [
                "fe80::7cd2:efa8:dba2:6fc0",
                "169.254.111.192",
                "fe80::e431:7896:8d85:5aa",
                "172.21.208.1",
                "fe80::48ae:546b:7a20:7f52",
                "172.30.112.1",
                "fe80::bc21:1b56:1d1:4b9f",
                "169.254.75.159",
                "fe80::4807:9ca5:cd67:6ac6",
                "169.254.106.198",
                "fe80::e097:4ef1:6314:5a55",
                "169.254.90.85",
                "fe80::d55:b4a9:26a4:7406",
                "192.168.1.102",
                "fe80::211f:b772:c6da:bfb3",
                "172.27.16.1",
                "fe80::f90c:d738:c01c:abc6",
                "172.28.192.1"
            ]
        },
        "winlog": {
            "task": "Process Create (rule: ProcessCreate)",
            "provider_guid": "{5770385f-c22a-43e0-bf4c-06f5698ffbd9}",
            "event_data": {
                "UtcTime": "2022-10-07 09:58:38.702",
                "IntegrityLevel": "High",
                "LogonGuid": "{dd01dab0-b9ee-633f-e637-282600000000}",
                "Hashes": "MD5=A85C48F3129B10CF5593FBF3B02836FF",
                "ProcessId": "18232",
                "ParentCommandLine": "\"C:/Program Files/Wireshark/tshark.exe\" -D",
                "ParentProcessGuid": "{dd01dab0-f84e-633f-374f-010000004600}",
                "ParentUser": "ELMO\\mrdor",
                "Image": "C:\\Program Files\\Wireshark\\dumpcap.exe",
                "FileVersion": "3.6.2",
                "CommandLine": "\"C:\\Program Files\\Wireshark\\dumpcap.exe\" -D -Z none",
                "CurrentDirectory": "C:\\Users\\mrdor\\PycharmProjects\\Hunterbee\\client\\wireshark\\",
                "Description": "Dumpcap",
                "ParentProcessId": "6452",
                "User": "ELMO\\mrdor",
                "ParentImage": "C:\\Program Files\\Wireshark\\tshark.exe",
                "ProcessGuid": "{dd01dab0-f84e-633f-394f-010000004600}",
                "TerminalSessionId": "4",
                "LogonId": "0x262837e6",
                "Product": "Dumpcap",
                "OriginalFileName": "Dumpcap.exe",
                "RuleName": "-",
                "Company": "The Wireshark developer community"
            },
            "provider_name": "Microsoft-Windows-Sysmon",
            "computer_name": "Elmo"
        }
    },
    "148": {
        "@timestamp": "2022-10-07T09:58:38.848Z",
        "host": {
            "name": "Elmo",
            "ip": [
                "fe80::7cd2:efa8:dba2:6fc0",
                "169.254.111.192",
                "fe80::e431:7896:8d85:5aa",
                "172.21.208.1",
                "fe80::48ae:546b:7a20:7f52",
                "172.30.112.1",
                "fe80::bc21:1b56:1d1:4b9f",
                "169.254.75.159",
                "fe80::4807:9ca5:cd67:6ac6",
                "169.254.106.198",
                "fe80::e097:4ef1:6314:5a55",
                "169.254.90.85",
                "fe80::d55:b4a9:26a4:7406",
                "192.168.1.102",
                "fe80::211f:b772:c6da:bfb3",
                "172.27.16.1",
                "fe80::f90c:d738:c01c:abc6",
                "172.28.192.1"
            ]
        },
        "winlog": {
            "provider_guid": "{5770385f-c22a-43e0-bf4c-06f5698ffbd9}",
            "computer_name": "Elmo",
            "event_data": {
