                "ProcessGuid": "{dd01dab0-f53e-633f-ac47-010000004600}",
                "UtcTime": "2022-10-07 09:45:34.732",
                "Product": "TShark",
                "Description": "TShark"
            },
            "task": "Process Create (rule: ProcessCreate)",
            "computer_name": "Elmo",
            "provider_guid": "{5770385f-c22a-43e0-bf4c-06f5698ffbd9}",
            "provider_name": "Microsoft-Windows-Sysmon"
        },
        "host": {
            "ip": [
                "fe80::7cd2:efa8:dba2:6fc0",
                "169.254.111.192",
                "fe80::e431:7896:8d85:5aa",
                "172.21.208.1",
                "fe80::48ae:546b:7a20:7f52",
                "172.30.112.1",
                "fe80::bc21:1b56:1d1:4b9f",
                "169.254.75.159",
                "fe80::4807:9ca5:cd67:6ac6",
                "169.254.106.198",
                "fe80::e097:4ef1:6314:5a55",
                "169.254.90.85",
                "fe80::d55:b4a9:26a4:7406",
                "192.168.1.102",
                "fe80::211f:b772:c6da:bfb3",
                "172.27.16.1",
                "fe80::f90c:d738:c01c:abc6",
                "172.28.192.1"
            ],
            "name": "Elmo"
        }
    },
    "57": {
        "@timestamp": "2022-10-07T09:45:34.961Z",
        "host": {
            "ip": [
                "fe80::7cd2:efa8:dba2:6fc0",
                "169.254.111.192",
                "fe80::e431:7896:8d85:5aa",
                "172.21.208.1",
                "fe80::48ae:546b:7a20:7f52",
                "172.30.112.1",
                "fe80::bc21:1b56:1d1:4b9f",
                "169.254.75.159",
                "fe80::4807:9ca5:cd67:6ac6",
                "169.254.106.198",
                "fe80::e097:4ef1:6314:5a55",
                "169.254.90.85",
                "fe80::d55:b4a9:26a4:7406",
                "192.168.1.102",
                "fe80::211f:b772:c6da:bfb3",
                "172.27.16.1",
                "fe80::f90c:d738:c01c:abc6",
                "172.28.192.1"
            ],
            "name": "Elmo"
        },
        "winlog": {
            "event_data": {
                "CommandLine": "\"C:\\Program Files\\Wireshark\\dumpcap.exe\" -D -Z none",
                "TerminalSessionId": "4",
                "ProcessGuid": "{dd01dab0-f53e-633f-ad47-010000004600}",
                "Company": "The Wireshark developer community",
                "ParentImage": "C:\\Program Files\\Wireshark\\tshark.exe",
                "Product": "Dumpcap",
                "UtcTime": "2022-10-07 09:45:34.960",
                "FileVersion": "3.6.2",
                "Hashes": "MD5=A85C48F3129B10CF5593FBF3B02836FF",
                "CurrentDirectory": "C:\\Users\\mrdor\\PycharmProjects\\Hunterbee\\client\\wireshark\\",
                "LogonId": "0x262837e6",
                "ParentProcessId": "5224",
                "ParentCommandLine": "\"C:/Program Files/Wireshark/tshark.exe\" -l -n -T pdml -c 25 -w C:/Users/mrdor/PycharmProjects/Hunterbee/client/tempfiles/Logs/Wireshark/wireshark-logs-3.pcap -i -",
                "OriginalFileName": "Dumpcap.exe",
                "RuleName": "-",
                "ParentProcessGuid": "{dd01dab0-f53e-633f-ac47-010000004600}",
                "Image": "C:\\Program Files\\Wireshark\\dumpcap.exe",
                "Description": "Dumpcap",
                "IntegrityLevel": "High",
                "User": "ELMO\\mrdor",
                "LogonGuid": "{dd01dab0-b9ee-633f-e637-282600000000}",
                "ParentUser": "ELMO\\mrdor",
                "ProcessId": "8224"
            },
            "provider_name": "Microsoft-Windows-Sysmon",
            "computer_name": "Elmo",
            "task": "Process Create (rule: ProcessCreate)",
            "provider_guid": "{5770385f-c22a-43e0-bf4c-06f5698ffbd9}"
        }
    },
    "58": {
        "@timestamp": "2022-10-07T09:45:35.179Z",
        "host": {
            "name": "Elmo",
            "ip": [
                "fe80::7cd2:efa8:dba2:6fc0",
                "169.254.111.192",
                "fe80::e431:7896:8d85:5aa",
                "172.21.208.1",
                "fe80::48ae:546b:7a20:7f52",
                "172.30.112.1",
                "fe80::bc21:1b56:1d1:4b9f",
                "169.254.75.159",
                "fe80::4807:9ca5:cd67:6ac6",
                "169.254.106.198",
                "fe80::e097:4ef1:6314:5a55",
                "169.254.90.85",
                "fe80::d55:b4a9:26a4:7406",
                "192.168.1.102",
                "fe80::211f:b772:c6da:bfb3",
                "172.27.16.1",
                "fe80::f90c:d738:c01c:abc6",
                "172.28.192.1"
            ]
        },
        "winlog": {
            "provider_guid": "{5770385f-c22a-43e0-bf4c-06f5698ffbd9}",
            "provider_name": "Microsoft-Windows-Sysmon",
            "event_data": {
                "FileVersion": "3.6.2",
                "OriginalFileName": "Dumpcap.exe",
                "UtcTime": "2022-10-07 09:45:35.177",
                "User": "ELMO\\mrdor",
                "RuleName": "-",
                "CurrentDirectory": "C:\\Users\\mrdor\\PycharmProjects\\Hunterbee\\client\\wireshark\\",
                "ParentCommandLine": "\"C:/Program Files/Wireshark/tshark.exe\" -l -n -T pdml -c 25 -w C:/Users/mrdor/PycharmProjects/Hunterbee/client/tempfiles/Logs/Wireshark/wireshark-logs-3.pcap -i -",
                "ParentUser": "ELMO\\mrdor",
                "Image": "C:\\Program Files\\Wireshark\\dumpcap.exe",
                "ProcessGuid": "{dd01dab0-f53f-633f-af47-010000004600}",
                "ParentImage": "C:\\Program Files\\Wireshark\\tshark.exe",
                "ProcessId": "11496",
                "CommandLine": "\"C:\\Program Files\\Wireshark\\dumpcap.exe\" -n -c 25 -i - -Z 5224 -w C:/Users/mrdor/PycharmProjects/Hunterbee/client/tempfiles/Logs/Wireshark/wireshark-logs-3.pcap",
                "LogonGuid": "{dd01dab0-b9ee-633f-e637-282600000000}",
                "TerminalSessionId": "4",
                "Company": "The Wireshark developer community",
                "LogonId": "0x262837e6",
                "ParentProcessGuid": "{dd01dab0-f53e-633f-ac47-010000004600}",
                "ParentProcessId": "5224",
                "IntegrityLevel": "High",
                "Description": "Dumpcap",
                "Hashes": "MD5=A85C48F3129B10CF5593FBF3B02836FF",
                "Product": "Dumpcap"
            },
            "computer_name": "Elmo",
            "task": "Process Create (rule: ProcessCreate)"
        }
    },
    "59": {
        "@timestamp": "2022-10-07T09:45:52.560Z",
        "host": {
            "name": "Elmo",
            "ip": [
                "fe80::7cd2:efa8:dba2:6fc0",
                "169.254.111.192",
                "fe80::e431:7896:8d85:5aa",
                "172.21.208.1",
                "fe80::48ae:546b:7a20:7f52",
                "172.30.112.1",
                "fe80::bc21:1b56:1d1:4b9f",
                "169.254.75.159",
                "fe80::4807:9ca5:cd67:6ac6",
                "169.254.106.198",
                "fe80::e097:4ef1:6314:5a55",
                "169.254.90.85",
                "fe80::d55:b4a9:26a4:7406",
                "192.168.1.102",
                "fe80::211f:b772:c6da:bfb3",
                "172.27.16.1",
                "fe80::f90c:d738:c01c:abc6",
                "172.28.192.1"
            ]
        },
        "winlog": {
            "provider_name": "Microsoft-Windows-Sysmon",
            "task": "Process Create (rule: ProcessCreate)",
            "computer_name": "Elmo",
            "provider_guid": "{5770385f-c22a-43e0-bf4c-06f5698ffbd9}",
            "event_data": {
                "ProcessId": "8564",
                "CommandLine": "C:\\Windows\\system32\\cmd.exe /c \"tshark -r C:/Users/mrdor/PycharmProjects/Hunterbee/client/tempfiles/Logs/Wireshark/wireshark-logs-3.pcap -T json > C:/Users/mrdor/PycharmProjects/Hunterbee/client/tempfiles/Logs/Wireshark/wireshark-logs-3.json\"",
                "UtcTime": "2022-10-07 09:45:52.558",
                "IntegrityLevel": "High",
                "ParentImage": "C:\\Users\\mrdor\\AppData\\Local\\Programs\\Python\\Python39\\python.exe",
                "Company": "Microsoft Corporation",
                "FileVersion": "10.0.19041.746 (WinBuild.160101.0800)",
                "Description": "Windows Command Processor",
                "OriginalFileName": "Cmd.Exe",
                "LogonId": "0x262837e6",
                "RuleName": "-",
                "ProcessGuid": "{dd01dab0-f550-633f-b147-010000004600}",
                "Product": "Microsoft\u00c2\u00ae Windows\u00c2\u00ae Operating System",
                "ParentUser": "ELMO\\mrdor",
                "User": "ELMO\\mrdor",
                "Hashes": "MD5=8A2122E8162DBEF04694B9C3E0B6CDEE",
                "Image": "C:\\Windows\\System32\\cmd.exe",
                "CurrentDirectory": "C:\\Users\\mrdor\\PycharmProjects\\Hunterbee\\client\\wireshark\\",
                "TerminalSessionId": "4",
                "ParentProcessId": "22388",
                "ParentCommandLine": "C:\\Users\\mrdor\\AppData\\Local\\Programs\\Python\\Python39\\python.exe C:/Users/mrdor/PycharmProjects/Hunterbee/client/wireshark/wireshark_interface.py",
                "LogonGuid": "{dd01dab0-b9ee-633f-e637-282600000000}",
                "ParentProcessGuid": "{dd01dab0-f517-633f-4847-010000004600}"
            }
        }
    },
    "60": {
        "@timestamp": "2022-10-07T09:45:52.570Z",
        "host": {
            "ip": [
                "fe80::7cd2:efa8:dba2:6fc0",
                "169.254.111.192",
                "fe80::e431:7896:8d85:5aa",
                "172.21.208.1",
                "fe80::48ae:546b:7a20:7f52",
                "172.30.112.1",
                "fe80::bc21:1b56:1d1:4b9f",
                "169.254.75.159",
                "fe80::4807:9ca5:cd67:6ac6",
                "169.254.106.198",
                "fe80::e097:4ef1:6314:5a55",
                "169.254.90.85",
                "fe80::d55:b4a9:26a4:7406",
                "192.168.1.102",
                "fe80::211f:b772:c6da:bfb3",
                "172.27.16.1",
                "fe80::f90c:d738:c01c:abc6",
                "172.28.192.1"
            ],
            "name": "Elmo"
        },
        "winlog": {
            "provider_guid": "{5770385f-c22a-43e0-bf4c-06f5698ffbd9}",
            "provider_name": "Microsoft-Windows-Sysmon",
            "task": "Process Create (rule: ProcessCreate)",
            "computer_name": "Elmo",
            "event_data": {
                "User": "ELMO\\mrdor",
                "Description": "TShark",
                "CurrentDirectory": "C:\\Users\\mrdor\\PycharmProjects\\Hunterbee\\client\\wireshark\\",
                "RuleName": "-",
                "Hashes": "MD5=2C7476F44C33FE4FE26600AE7AE3900D",
                "CommandLine": "tshark  -r C:/Users/mrdor/PycharmProjects/Hunterbee/client/tempfiles/Logs/Wireshark/wireshark-logs-3.pcap -T json ",
                "OriginalFileName": "TShark.exe",
                "Company": "The Wireshark developer community",
                "TerminalSessionId": "4",
                "UtcTime": "2022-10-07 09:45:52.568",
                "ParentCommandLine": "C:\\Windows\\system32\\cmd.exe /c \"tshark -r C:/Users/mrdor/PycharmProjects/Hunterbee/client/tempfiles/Logs/Wireshark/wireshark-logs-3.pcap -T json > C:/Users/mrdor/PycharmProjects/Hunterbee/client/tempfiles/Logs/Wireshark/wireshark-logs-3.json\"",
                "LogonGuid": "{dd01dab0-b9ee-633f-e637-282600000000}",
                "ParentProcessGuid": "{dd01dab0-f550-633f-b147-010000004600}",
                "ParentImage": "C:\\Windows\\System32\\cmd.exe",
                "Product": "TShark",
                "LogonId": "0x262837e6",
                "Image": "C:\\Program Files\\Wireshark\\tshark.exe",
                "ParentProcessId": "8564",
                "ProcessId": "16444",
                "ProcessGuid": "{dd01dab0-f550-633f-b247-010000004600}",
                "FileVersion": "3.6.2",
                "ParentUser": "ELMO\\mrdor",
                "IntegrityLevel": "High"
            }
        }
    },
    "61": {
        "@timestamp": "2022-10-07T09:45:52.928Z",
        "host": {
            "name": "Elmo",
            "ip": [
                "fe80::7cd2:efa8:dba2:6fc0",
                "169.254.111.192",
                "fe80::e431:7896:8d85:5aa",
                "172.21.208.1",
                "fe80::48ae:546b:7a20:7f52",
                "172.30.112.1",
                "fe80::bc21:1b56:1d1:4b9f",
                "169.254.75.159",
                "fe80::4807:9ca5:cd67:6ac6",
                "169.254.106.198",
                "fe80::e097:4ef1:6314:5a55",
                "169.254.90.85",
                "fe80::d55:b4a9:26a4:7406",
                "192.168.1.102",
                "fe80::211f:b772:c6da:bfb3",
                "172.27.16.1",
                "fe80::f90c:d738:c01c:abc6",
                "172.28.192.1"
            ]
        },
        "winlog": {
            "computer_name": "Elmo",
            "event_data": {
                "UtcTime": "2022-10-07 09:45:52.926",
                "ParentProcessId": "22388",
                "LogonId": "0x262837e6",
                "TerminalSessionId": "4",
                "RuleName": "-",
                "CurrentDirectory": "C:\\Users\\mrdor\\PycharmProjects\\Hunterbee\\client\\wireshark\\",
                "FileVersion": "3.6.2",
                "Company": "The Wireshark developer community",
                "LogonGuid": "{dd01dab0-b9ee-633f-e637-282600000000}",
                "Hashes": "MD5=2C7476F44C33FE4FE26600AE7AE3900D",
                "Image": "C:\\Program Files\\Wireshark\\tshark.exe",
                "OriginalFileName": "TShark.exe",
                "User": "ELMO\\mrdor",
                "IntegrityLevel": "High",
                "CommandLine": "\"C:/Program Files/Wireshark/tshark.exe\" -D",
                "ProcessGuid": "{dd01dab0-f550-633f-b347-010000004600}",
                "Product": "TShark",
                "ParentProcessGuid": "{dd01dab0-f517-633f-4847-010000004600}",
                "ParentUser": "ELMO\\mrdor",
                "ParentImage": "C:\\Users\\mrdor\\AppData\\Local\\Programs\\Python\\Python39\\python.exe",
                "ParentCommandLine": "C:\\Users\\mrdor\\AppData\\Local\\Programs\\Python\\Python39\\python.exe C:/Users/mrdor/PycharmProjects/Hunterbee/client/wireshark/wireshark_interface.py",
                "ProcessId": "15308",
                "Description": "TShark"
            },
            "provider_name": "Microsoft-Windows-Sysmon",
            "provider_guid": "{5770385f-c22a-43e0-bf4c-06f5698ffbd9}",
            "task": "Process Create (rule: ProcessCreate)"
        }
    },
    "62": {
        "@timestamp": "2022-10-07T09:45:53.144Z",
        "winlog": {
            "provider_name": "Microsoft-Windows-Sysmon",
            "computer_name": "Elmo",
            "task": "Process Create (rule: ProcessCreate)",
            "provider_guid": "{5770385f-c22a-43e0-bf4c-06f5698ffbd9}",
            "event_data": {
                "User": "ELMO\\mrdor",
                "TerminalSessionId": "4",
                "FileVersion": "3.6.2",
                "ProcessGuid": "{dd01dab0-f551-633f-b447-010000004600}",
                "Product": "Dumpcap",
                "LogonGuid": "{dd01dab0-b9ee-633f-e637-282600000000}",
                "LogonId": "0x262837e6",
                "Hashes": "MD5=A85C48F3129B10CF5593FBF3B02836FF",
                "Image": "C:\\Program Files\\Wireshark\\dumpcap.exe",
                "CommandLine": "\"C:\\Program Files\\Wireshark\\dumpcap.exe\" -D -Z none",
                "UtcTime": "2022-10-07 09:45:53.142",
                "CurrentDirectory": "C:\\Users\\mrdor\\PycharmProjects\\Hunterbee\\client\\wireshark\\",
                "Description": "Dumpcap",
                "IntegrityLevel": "High",
                "ParentCommandLine": "\"C:/Program Files/Wireshark/tshark.exe\" -D",
                "OriginalFileName": "Dumpcap.exe",
                "ParentProcessGuid": "{dd01dab0-f550-633f-b347-010000004600}",
                "ParentProcessId": "15308",
                "ProcessId": "2976",
                "ParentUser": "ELMO\\mrdor",
                "Company": "The Wireshark developer community",
                "ParentImage": "C:\\Program Files\\Wireshark\\tshark.exe",
                "RuleName": "-"
            }
        },
        "host": {
            "ip": [
                "fe80::7cd2:efa8:dba2:6fc0",
                "169.254.111.192",
                "fe80::e431:7896:8d85:5aa",
                "172.21.208.1",
                "fe80::48ae:546b:7a20:7f52",
                "172.30.112.1",
                "fe80::bc21:1b56:1d1:4b9f",
                "169.254.75.159",
                "fe80::4807:9ca5:cd67:6ac6",
                "169.254.106.198",
                "fe80::e097:4ef1:6314:5a55",
                "169.254.90.85",
                "fe80::d55:b4a9:26a4:7406",
                "192.168.1.102",
                "fe80::211f:b772:c6da:bfb3",
                "172.27.16.1",
                "fe80::f90c:d738:c01c:abc6",
                "172.28.192.1"
            ],
            "name": "Elmo"
        }
    },
    "63": {
        "@timestamp": "2022-10-07T09:45:53.281Z",
        "host": {
            "ip": [
                "fe80::7cd2:efa8:dba2:6fc0",
                "169.254.111.192",
                "fe80::e431:7896:8d85:5aa",
                "172.21.208.1",
                "fe80::48ae:546b:7a20:7f52",
                "172.30.112.1",
                "fe80::bc21:1b56:1d1:4b9f",
                "169.254.75.159",
                "fe80::4807:9ca5:cd67:6ac6",
                "169.254.106.198",
                "fe80::e097:4ef1:6314:5a55",
                "169.254.90.85",
                "fe80::d55:b4a9:26a4:7406",
                "192.168.1.102",
                "fe80::211f:b772:c6da:bfb3",
                "172.27.16.1",
                "fe80::f90c:d738:c01c:abc6",
                "172.28.192.1"
            ],
            "name": "Elmo"
        },
        "winlog": {
            "event_data": {
                "UtcTime": "2022-10-07 09:45:53.278",
                "Image": "C:\\Program Files\\Wireshark\\tshark.exe",
                "CommandLine": "\"C:/Program Files/Wireshark/tshark.exe\" -v",
                "CurrentDirectory": "C:\\Users\\mrdor\\PycharmProjects\\Hunterbee\\client\\wireshark\\",
                "IntegrityLevel": "High",
                "OriginalFileName": "TShark.exe",
                "ParentProcessGuid": "{dd01dab0-f517-633f-4847-010000004600}",
                "ParentProcessId": "22388",
                "FileVersion": "3.6.2",
                "Company": "The Wireshark developer community",
                "RuleName": "-",
                "ProcessGuid": "{dd01dab0-f551-633f-b647-010000004600}",
                "User": "ELMO\\mrdor",
                "ParentImage": "C:\\Users\\mrdor\\AppData\\Local\\Programs\\Python\\Python39\\python.exe",
                "Description": "TShark",
                "LogonGuid": "{dd01dab0-b9ee-633f-e637-282600000000}",
                "ParentUser": "ELMO\\mrdor",
                "LogonId": "0x262837e6",
                "ProcessId": "10696",
                "Product": "TShark",
                "Hashes": "MD5=2C7476F44C33FE4FE26600AE7AE3900D",
                "TerminalSessionId": "4",
                "ParentCommandLine": "C:\\Users\\mrdor\\AppData\\Local\\Programs\\Python\\Python39\\python.exe C:/Users/mrdor/PycharmProjects/Hunterbee/client/wireshark/wireshark_interface.py"
            },
            "provider_name": "Microsoft-Windows-Sysmon",
            "computer_name": "Elmo",
            "task": "Process Create (rule: ProcessCreate)",
            "provider_guid": "{5770385f-c22a-43e0-bf4c-06f5698ffbd9}"
        }
    },
    "64": {
        "@timestamp": "2022-10-07T09:45:53.531Z",
        "host": {
            "name": "Elmo",
            "ip": [
                "fe80::7cd2:efa8:dba2:6fc0",
                "169.254.111.192",
                "fe80::e431:7896:8d85:5aa",
                "172.21.208.1",
                "fe80::48ae:546b:7a20:7f52",
                "172.30.112.1",
                "fe80::bc21:1b56:1d1:4b9f",
                "169.254.75.159",
                "fe80::4807:9ca5:cd67:6ac6",
                "169.254.106.198",
                "fe80::e097:4ef1:6314:5a55",
                "169.254.90.85",
                "fe80::d55:b4a9:26a4:7406",
                "192.168.1.102",
                "fe80::211f:b772:c6da:bfb3",
                "172.27.16.1",
                "fe80::f90c:d738:c01c:abc6",
                "172.28.192.1"
            ]
        },
        "winlog": {
            "task": "Process Create (rule: ProcessCreate)",
            "provider_guid": "{5770385f-c22a-43e0-bf4c-06f5698ffbd9}",
            "provider_name": "Microsoft-Windows-Sysmon",
            "computer_name": "Elmo",
            "event_data": {
                "CurrentDirectory": "C:\\Users\\mrdor\\PycharmProjects\\Hunterbee\\client\\wireshark\\",
                "ParentImage": "C:\\Users\\mrdor\\AppData\\Local\\Programs\\Python\\Python39\\python.exe",
                "ParentUser": "ELMO\\mrdor",
                "ProcessId": "20716",
                "Company": "The Wireshark developer community",
                "Image": "C:\\Program Files\\Wireshark\\dumpcap.exe",
                "Product": "Dumpcap",
                "User": "ELMO\\mrdor",
                "IntegrityLevel": "High",
                "OriginalFileName": "Dumpcap.exe",
                "Hashes": "MD5=A85C48F3129B10CF5593FBF3B02836FF",
                "FileVersion": "3.6.2",
                "ParentProcessId": "22388",
                "ParentCommandLine": "C:\\Users\\mrdor\\AppData\\Local\\Programs\\Python\\Python39\\python.exe C:/Users/mrdor/PycharmProjects/Hunterbee/client/wireshark/wireshark_interface.py",
                "Description": "Dumpcap",
                "LogonId": "0x262837e6",
                "TerminalSessionId": "4",
                "CommandLine": "\"C:/Program Files/Wireshark/dumpcap.exe\" -q -i Wi-Fi -w -",
                "UtcTime": "2022-10-07 09:45:53.529",
                "ParentProcessGuid": "{dd01dab0-f517-633f-4847-010000004600}",
                "RuleName": "-",
                "ProcessGuid": "{dd01dab0-f551-633f-b747-010000004600}",
                "LogonGuid": "{dd01dab0-b9ee-633f-e637-282600000000}"
            }
        }
    },
    "65": {
        "@timestamp": "2022-10-07T09:45:53.535Z",
        "host": {
            "name": "Elmo",
            "ip": [
                "fe80::7cd2:efa8:dba2:6fc0",
                "169.254.111.192",
                "fe80::e431:7896:8d85:5aa",
                "172.21.208.1",
                "fe80::48ae:546b:7a20:7f52",
                "172.30.112.1",
                "fe80::bc21:1b56:1d1:4b9f",
                "169.254.75.159",
                "fe80::4807:9ca5:cd67:6ac6",
                "169.254.106.198",
                "fe80::e097:4ef1:6314:5a55",
                "169.254.90.85",
                "fe80::d55:b4a9:26a4:7406",
                "192.168.1.102",
                "fe80::211f:b772:c6da:bfb3",
                "172.27.16.1",
                "fe80::f90c:d738:c01c:abc6",
                "172.28.192.1"
            ]
        },
        "winlog": {
            "computer_name": "Elmo",
            "provider_guid": "{5770385f-c22a-43e0-bf4c-06f5698ffbd9}",
            "event_data": {
                "CommandLine": "\"C:/Program Files/Wireshark/tshark.exe\" -D",
                "ParentImage": "C:\\Users\\mrdor\\AppData\\Local\\Programs\\Python\\Python39\\python.exe",
                "ParentCommandLine": "C:\\Users\\mrdor\\AppData\\Local\\Programs\\Python\\Python39\\python.exe C:/Users/mrdor/PycharmProjects/Hunterbee/client/wireshark/wireshark_interface.py",
                "CurrentDirectory": "C:\\Users\\mrdor\\PycharmProjects\\Hunterbee\\client\\wireshark\\",
                "Product": "TShark",
                "OriginalFileName": "TShark.exe",
                "LogonGuid": "{dd01dab0-b9ee-633f-e637-282600000000}",
                "IntegrityLevel": "High",
                "ParentUser": "ELMO\\mrdor",
                "RuleName": "-",
                "TerminalSessionId": "4",
                "ParentProcessGuid": "{dd01dab0-f517-633f-4847-010000004600}",
                "User": "ELMO\\mrdor",
                "UtcTime": "2022-10-07 09:45:53.533",
                "ProcessGuid": "{dd01dab0-f551-633f-b847-010000004600}",
                "ProcessId": "6956",
                "Company": "The Wireshark developer community",
                "LogonId": "0x262837e6",
                "Image": "C:\\Program Files\\Wireshark\\tshark.exe",
                "Description": "TShark",
                "FileVersion": "3.6.2",
                "ParentProcessId": "22388",
                "Hashes": "MD5=2C7476F44C33FE4FE26600AE7AE3900D"
            },
            "provider_name": "Microsoft-Windows-Sysmon",
            "task": "Process Create (rule: ProcessCreate)"
        }
    },
    "66": {
        "@timestamp": "2022-10-07T09:45:53.758Z",
        "host": {
            "ip": [
                "fe80::7cd2:efa8:dba2:6fc0",
                "169.254.111.192",
                "fe80::e431:7896:8d85:5aa",
                "172.21.208.1",
                "fe80::48ae:546b:7a20:7f52",
                "172.30.112.1",
                "fe80::bc21:1b56:1d1:4b9f",
                "169.254.75.159",
                "fe80::4807:9ca5:cd67:6ac6",
                "169.254.106.198",
                "fe80::e097:4ef1:6314:5a55",
                "169.254.90.85",
                "fe80::d55:b4a9:26a4:7406",
                "192.168.1.102",
                "fe80::211f:b772:c6da:bfb3",
                "172.27.16.1",
                "fe80::f90c:d738:c01c:abc6",
                "172.28.192.1"
            ],
            "name": "Elmo"
        },
        "winlog": {
            "computer_name": "Elmo",
            "provider_name": "Microsoft-Windows-Sysmon",
            "provider_guid": "{5770385f-c22a-43e0-bf4c-06f5698ffbd9}",
            "event_data": {
                "Hashes": "MD5=A85C48F3129B10CF5593FBF3B02836FF",
                "ProcessId": "23296",
                "CommandLine": "\"C:\\Program Files\\Wireshark\\dumpcap.exe\" -D -Z none",
                "ParentUser": "ELMO\\mrdor",
                "Company": "The Wireshark developer community",
                "CurrentDirectory": "C:\\Users\\mrdor\\PycharmProjects\\Hunterbee\\client\\wireshark\\",
                "FileVersion": "3.6.2",
                "User": "ELMO\\mrdor",
                "Description": "Dumpcap",
                "ParentImage": "C:\\Program Files\\Wireshark\\tshark.exe",
                "LogonId": "0x262837e6",
                "ParentProcessGuid": "{dd01dab0-f551-633f-b847-010000004600}",
                "UtcTime": "2022-10-07 09:45:53.756",
                "IntegrityLevel": "High",
                "Product": "Dumpcap",
                "ParentCommandLine": "\"C:/Program Files/Wireshark/tshark.exe\" -D",
                "RuleName": "-",
                "ProcessGuid": "{dd01dab0-f551-633f-b947-010000004600}",
                "TerminalSessionId": "4",
                "OriginalFileName": "Dumpcap.exe",
                "Image": "C:\\Program Files\\Wireshark\\dumpcap.exe",
                "LogonGuid": "{dd01dab0-b9ee-633f-e637-282600000000}",
                "ParentProcessId": "6956"
            },
            "task": "Process Create (rule: ProcessCreate)"
        }
    },
    "67": {
        "@timestamp": "2022-10-07T09:45:53.898Z",
        "host": {
            "name": "Elmo",
            "ip": [
                "fe80::7cd2:efa8:dba2:6fc0",
                "169.254.111.192",
                "fe80::e431:7896:8d85:5aa",
                "172.21.208.1",
                "fe80::48ae:546b:7a20:7f52",
                "172.30.112.1",
                "fe80::bc21:1b56:1d1:4b9f",
                "169.254.75.159",
                "fe80::4807:9ca5:cd67:6ac6",
                "169.254.106.198",
                "fe80::e097:4ef1:6314:5a55",
                "169.254.90.85",
                "fe80::d55:b4a9:26a4:7406",
                "192.168.1.102",
                "fe80::211f:b772:c6da:bfb3",
                "172.27.16.1",
                "fe80::f90c:d738:c01c:abc6",
                "172.28.192.1"
            ]
        },
        "winlog": {
            "event_data": {
                "FileVersion": "3.6.2",
                "CurrentDirectory": "C:\\Users\\mrdor\\PycharmProjects\\Hunterbee\\client\\wireshark\\",
                "OriginalFileName": "TShark.exe",
                "ParentCommandLine": "C:\\Users\\mrdor\\AppData\\Local\\Programs\\Python\\Python39\\python.exe C:/Users/mrdor/PycharmProjects/Hunterbee/client/wireshark/wireshark_interface.py",
                "ProcessGuid": "{dd01dab0-f551-633f-bb47-010000004600}",
                "LogonGuid": "{dd01dab0-b9ee-633f-e637-282600000000}",
                "Hashes": "MD5=2C7476F44C33FE4FE26600AE7AE3900D",
                "Description": "TShark",
                "ParentImage": "C:\\Users\\mrdor\\AppData\\Local\\Programs\\Python\\Python39\\python.exe",
                "Company": "The Wireshark developer community",
                "TerminalSessionId": "4",
                "UtcTime": "2022-10-07 09:45:53.896",
                "LogonId": "0x262837e6",
                "Image": "C:\\Program Files\\Wireshark\\tshark.exe",
                "User": "ELMO\\mrdor",
                "ParentProcessGuid": "{dd01dab0-f517-633f-4847-010000004600}",
                "ParentUser": "ELMO\\mrdor",
                "CommandLine": "\"C:/Program Files/Wireshark/tshark.exe\" -l -n -T pdml -c 25 -w C:/Users/mrdor/PycharmProjects/Hunterbee/client/tempfiles/Logs/Wireshark/wireshark-logs-4.pcap -i -",
                "IntegrityLevel": "High",
                "RuleName": "-",
                "ProcessId": "11420",
                "Product": "TShark",
                "ParentProcessId": "22388"
            },
            "provider_name": "Microsoft-Windows-Sysmon",
            "computer_name": "Elmo",
            "provider_guid": "{5770385f-c22a-43e0-bf4c-06f5698ffbd9}",
            "task": "Process Create (rule: ProcessCreate)"
        }
    },
    "68": {
        "@timestamp": "2022-10-07T09:45:54.118Z",
        "host": {
            "name": "Elmo",
            "ip": [
                "fe80::7cd2:efa8:dba2:6fc0",
                "169.254.111.192",
                "fe80::e431:7896:8d85:5aa",
                "172.21.208.1",
                "fe80::48ae:546b:7a20:7f52",
                "172.30.112.1",
                "fe80::bc21:1b56:1d1:4b9f",
                "169.254.75.159",
                "fe80::4807:9ca5:cd67:6ac6",
                "169.254.106.198",
                "fe80::e097:4ef1:6314:5a55",
                "169.254.90.85",
                "fe80::d55:b4a9:26a4:7406",
                "192.168.1.102",
                "fe80::211f:b772:c6da:bfb3",
                "172.27.16.1",
                "fe80::f90c:d738:c01c:abc6",
                "172.28.192.1"
            ]
        },
        "winlog": {
            "task": "Process Create (rule: ProcessCreate)",
            "provider_name": "Microsoft-Windows-Sysmon",
            "computer_name": "Elmo",
            "event_data": {
                "TerminalSessionId": "4",
                "User": "ELMO\\mrdor",
                "CurrentDirectory": "C:\\Users\\mrdor\\PycharmProjects\\Hunterbee\\client\\wireshark\\",
                "Product": "Dumpcap",
                "Company": "The Wireshark developer community",
                "ParentProcessId": "11420",
                "UtcTime": "2022-10-07 09:45:54.116",
                "ProcessGuid": "{dd01dab0-f552-633f-bc47-010000004600}",
                "LogonId": "0x262837e6",
                "Hashes": "MD5=A85C48F3129B10CF5593FBF3B02836FF",
                "ParentCommandLine": "\"C:/Program Files/Wireshark/tshark.exe\" -l -n -T pdml -c 25 -w C:/Users/mrdor/PycharmProjects/Hunterbee/client/tempfiles/Logs/Wireshark/wireshark-logs-4.pcap -i -",
                "LogonGuid": "{dd01dab0-b9ee-633f-e637-282600000000}",
                "ParentImage": "C:\\Program Files\\Wireshark\\tshark.exe",
                "ProcessId": "23012",
                "ParentUser": "ELMO\\mrdor",
                "ParentProcessGuid": "{dd01dab0-f551-633f-bb47-010000004600}",
                "CommandLine": "\"C:\\Program Files\\Wireshark\\dumpcap.exe\" -D -Z none",
                "RuleName": "-",
                "Image": "C:\\Program Files\\Wireshark\\dumpcap.exe",
                "FileVersion": "3.6.2",
                "Description": "Dumpcap",
                "OriginalFileName": "Dumpcap.exe",
                "IntegrityLevel": "High"
            },
            "provider_guid": "{5770385f-c22a-43e0-bf4c-06f5698ffbd9}"
        }
    },
    "69": {
        "@timestamp": "2022-10-07T09:45:54.324Z",
        "host": {
            "name": "Elmo",
            "ip": [
                "fe80::7cd2:efa8:dba2:6fc0",
                "169.254.111.192",
                "fe80::e431:7896:8d85:5aa",
                "172.21.208.1",
                "fe80::48ae:546b:7a20:7f52",
                "172.30.112.1",
                "fe80::bc21:1b56:1d1:4b9f",
                "169.254.75.159",
                "fe80::4807:9ca5:cd67:6ac6",
                "169.254.106.198",
                "fe80::e097:4ef1:6314:5a55",
                "169.254.90.85",
                "fe80::d55:b4a9:26a4:7406",
                "192.168.1.102",
                "fe80::211f:b772:c6da:bfb3",
                "172.27.16.1",
                "fe80::f90c:d738:c01c:abc6",
                "172.28.192.1"
            ]
        },
        "winlog": {
            "provider_guid": "{5770385f-c22a-43e0-bf4c-06f5698ffbd9}",
            "provider_name": "Microsoft-Windows-Sysmon",
            "task": "Process Create (rule: ProcessCreate)",
            "event_data": {
                "CommandLine": "\"C:\\Program Files\\Wireshark\\dumpcap.exe\" -n -c 25 -i - -Z 11420 -w C:/Users/mrdor/PycharmProjects/Hunterbee/client/tempfiles/Logs/Wireshark/wireshark-logs-4.pcap",
                "ParentCommandLine": "\"C:/Program Files/Wireshark/tshark.exe\" -l -n -T pdml -c 25 -w C:/Users/mrdor/PycharmProjects/Hunterbee/client/tempfiles/Logs/Wireshark/wireshark-logs-4.pcap -i -",
                "ProcessGuid": "{dd01dab0-f552-633f-be47-010000004600}",
                "Image": "C:\\Program Files\\Wireshark\\dumpcap.exe",
                "Hashes": "MD5=A85C48F3129B10CF5593FBF3B02836FF",
                "ParentImage": "C:\\Program Files\\Wireshark\\tshark.exe",
                "CurrentDirectory": "C:\\Users\\mrdor\\PycharmProjects\\Hunterbee\\client\\wireshark\\",
                "ProcessId": "8880",
                "Product": "Dumpcap",
                "UtcTime": "2022-10-07 09:45:54.322",
                "FileVersion": "3.6.2",
                "RuleName": "-",
                "Company": "The Wireshark developer community",
                "TerminalSessionId": "4",
                "ParentProcessId": "11420",
                "IntegrityLevel": "High",
                "ParentUser": "ELMO\\mrdor",
                "ParentProcessGuid": "{dd01dab0-f551-633f-bb47-010000004600}",
                "Description": "Dumpcap",
                "User": "ELMO\\mrdor",
                "OriginalFileName": "Dumpcap.exe",
                "LogonId": "0x262837e6",
                "LogonGuid": "{dd01dab0-b9ee-633f-e637-282600000000}"
            },
            "computer_name": "Elmo"
        }
    },
    "70": {
        "@timestamp": "2022-10-07T09:45:54.703Z",
        "host": {
            "ip": [
                "fe80::7cd2:efa8:dba2:6fc0",
                "169.254.111.192",
                "fe80::e431:7896:8d85:5aa",
                "172.21.208.1",
                "fe80::48ae:546b:7a20:7f52",
                "172.30.112.1",
                "fe80::bc21:1b56:1d1:4b9f",
                "169.254.75.159",
                "fe80::4807:9ca5:cd67:6ac6",
                "169.254.106.198",
                "fe80::e097:4ef1:6314:5a55",
                "169.254.90.85",
                "fe80::d55:b4a9:26a4:7406",
                "192.168.1.102",
                "fe80::211f:b772:c6da:bfb3",
                "172.27.16.1",
                "fe80::f90c:d738:c01c:abc6",
                "172.28.192.1"
            ],
            "name": "Elmo"
        },
        "winlog": {
            "provider_name": "Microsoft-Windows-Sysmon",
            "event_data": {
                "DestinationIsIpv6": "false",
                "Protocol": "tcp",
                "User": "ELMO\\mrdor",
                "Image": "C:\\Users\\mrdor\\AppData\\Roaming\\JetBrains\\PyCharm2021.3\\plugins\\github-copilot-intellij\\copilot-agent\\bin\\copilot-agent-win.exe",
                "SourcePortName": "-",
                "UtcTime": "2022-10-07 09:46:51.629",
                "DestinationPort": "443",
                "DestinationPortName": "https",
                "ProcessGuid": "{dd01dab0-e488-633f-c437-010000004600}",
                "SourceHostname": "Elmo",
                "SourcePort": "50953",
                "SourceIsIpv6": "false",
                "DestinationIp": "142.54.189.107",
                "SourceIp": "192.168.1.102",
                "DestinationHostname": "ns1.pagetraffic.tech",
                "RuleName": "Usermode",
                "Initiated": "true",
                "ProcessId": "1380"
            },
            "provider_guid": "{5770385f-c22a-43e0-bf4c-06f5698ffbd9}",
            "computer_name": "Elmo",
            "task": "Network connection detected (rule: NetworkConnect)"
        }
    },
    "71": {
        "@timestamp": "2022-10-07T09:46:11.765Z",
        "winlog": {
            "computer_name": "Elmo",
            "provider_name": "Microsoft-Windows-Sysmon",
            "provider_guid": "{5770385f-c22a-43e0-bf4c-06f5698ffbd9}",
            "event_data": {
                "IntegrityLevel": "High",
                "ParentCommandLine": "C:\\Users\\mrdor\\AppData\\Local\\Programs\\Python\\Python39\\python.exe C:/Users/mrdor/PycharmProjects/Hunterbee/client/wireshark/wireshark_interface.py",
                "ProcessId": "19272",
                "ParentImage": "C:\\Users\\mrdor\\AppData\\Local\\Programs\\Python\\Python39\\python.exe",
                "ProcessGuid": "{dd01dab0-f563-633f-c047-010000004600}",
                "Product": "Microsoft\u00c2\u00ae Windows\u00c2\u00ae Operating System",
                "ParentUser": "ELMO\\mrdor",
                "OriginalFileName": "Cmd.Exe",
                "User": "ELMO\\mrdor",
                "ParentProcessId": "22388",
                "Description": "Windows Command Processor",
                "RuleName": "-",
                "LogonGuid": "{dd01dab0-b9ee-633f-e637-282600000000}",
                "CurrentDirectory": "C:\\Users\\mrdor\\PycharmProjects\\Hunterbee\\client\\wireshark\\",
                "UtcTime": "2022-10-07 09:46:11.762",
                "TerminalSessionId": "4",
                "Hashes": "MD5=8A2122E8162DBEF04694B9C3E0B6CDEE",
                "LogonId": "0x262837e6",
                "ParentProcessGuid": "{dd01dab0-f517-633f-4847-010000004600}",
                "Image": "C:\\Windows\\System32\\cmd.exe",
                "FileVersion": "10.0.19041.746 (WinBuild.160101.0800)",
                "Company": "Microsoft Corporation",
                "CommandLine": "C:\\Windows\\system32\\cmd.exe /c \"tshark -r C:/Users/mrdor/PycharmProjects/Hunterbee/client/tempfiles/Logs/Wireshark/wireshark-logs-4.pcap -T json > C:/Users/mrdor/PycharmProjects/Hunterbee/client/tempfiles/Logs/Wireshark/wireshark-logs-4.json\""
            },
            "task": "Process Create (rule: ProcessCreate)"
        },
        "host": {
            "name": "Elmo",
            "ip": [
                "fe80::7cd2:efa8:dba2:6fc0",
                "169.254.111.192",
                "fe80::e431:7896:8d85:5aa",
                "172.21.208.1",
                "fe80::48ae:546b:7a20:7f52",
                "172.30.112.1",
                "fe80::bc21:1b56:1d1:4b9f",
                "169.254.75.159",
                "fe80::4807:9ca5:cd67:6ac6",
                "169.254.106.198",
                "fe80::e097:4ef1:6314:5a55",
                "169.254.90.85",
                "fe80::d55:b4a9:26a4:7406",
                "192.168.1.102",
                "fe80::211f:b772:c6da:bfb3",
                "172.27.16.1",
                "fe80::f90c:d738:c01c:abc6",
                "172.28.192.1"
            ]
        }
    },
    "72": {
        "@timestamp": "2022-10-07T09:46:11.776Z",
        "host": {
            "name": "Elmo",
            "ip": [
                "fe80::7cd2:efa8:dba2:6fc0",
                "169.254.111.192",
                "fe80::e431:7896:8d85:5aa",
                "172.21.208.1",
                "fe80::48ae:546b:7a20:7f52",
                "172.30.112.1",
                "fe80::bc21:1b56:1d1:4b9f",
                "169.254.75.159",
                "fe80::4807:9ca5:cd67:6ac6",
                "169.254.106.198",
                "fe80::e097:4ef1:6314:5a55",
                "169.254.90.85",
                "fe80::d55:b4a9:26a4:7406",
                "192.168.1.102",
                "fe80::211f:b772:c6da:bfb3",
                "172.27.16.1",
                "fe80::f90c:d738:c01c:abc6",
                "172.28.192.1"
            ]
        },
        "winlog": {
            "event_data": {
                "Hashes": "MD5=2C7476F44C33FE4FE26600AE7AE3900D",
                "LogonGuid": "{dd01dab0-b9ee-633f-e637-282600000000}",
                "IntegrityLevel": "High",
                "ProcessId": "15608",
                "Description": "TShark",
                "Image": "C:\\Program Files\\Wireshark\\tshark.exe",
                "User": "ELMO\\mrdor",
                "ParentImage": "C:\\Windows\\System32\\cmd.exe",
                "ParentCommandLine": "C:\\Windows\\system32\\cmd.exe /c \"tshark -r C:/Users/mrdor/PycharmProjects/Hunterbee/client/tempfiles/Logs/Wireshark/wireshark-logs-4.pcap -T json > C:/Users/mrdor/PycharmProjects/Hunterbee/client/tempfiles/Logs/Wireshark/wireshark-logs-4.json\"",
                "TerminalSessionId": "4",
                "CommandLine": "tshark  -r C:/Users/mrdor/PycharmProjects/Hunterbee/client/tempfiles/Logs/Wireshark/wireshark-logs-4.pcap -T json ",
                "ParentProcessGuid": "{dd01dab0-f563-633f-c047-010000004600}",
                "Product": "TShark",
                "OriginalFileName": "TShark.exe",
                "ProcessGuid": "{dd01dab0-f563-633f-c147-010000004600}",
                "FileVersion": "3.6.2",
                "ParentUser": "ELMO\\mrdor",
                "Company": "The Wireshark developer community",
                "ParentProcessId": "19272",
                "RuleName": "-",
                "CurrentDirectory": "C:\\Users\\mrdor\\PycharmProjects\\Hunterbee\\client\\wireshark\\",
                "LogonId": "0x262837e6",
                "UtcTime": "2022-10-07 09:46:11.774"
            },
            "task": "Process Create (rule: ProcessCreate)",
            "provider_name": "Microsoft-Windows-Sysmon",
            "provider_guid": "{5770385f-c22a-43e0-bf4c-06f5698ffbd9}",
            "computer_name": "Elmo"
        }
    },
    "73": {
        "@timestamp": "2022-10-07T09:46:12.148Z",
        "host": {
            "ip": [
                "fe80::7cd2:efa8:dba2:6fc0",
                "169.254.111.192",
                "fe80::e431:7896:8d85:5aa",
                "172.21.208.1",
                "fe80::48ae:546b:7a20:7f52",
                "172.30.112.1",
                "fe80::bc21:1b56:1d1:4b9f",
                "169.254.75.159",
                "fe80::4807:9ca5:cd67:6ac6",
                "169.254.106.198",
                "fe80::e097:4ef1:6314:5a55",
                "169.254.90.85",
                "fe80::d55:b4a9:26a4:7406",
                "192.168.1.102",
                "fe80::211f:b772:c6da:bfb3",
                "172.27.16.1",
                "fe80::f90c:d738:c01c:abc6",
                "172.28.192.1"
            ],
            "name": "Elmo"
        },
        "winlog": {
            "event_data": {
                "OriginalFileName": "TShark.exe",
                "IntegrityLevel": "High",
                "RuleName": "-",
                "Company": "The Wireshark developer community",
                "CurrentDirectory": "C:\\Users\\mrdor\\PycharmProjects\\Hunterbee\\client\\wireshark\\",
                "ParentImage": "C:\\Users\\mrdor\\AppData\\Local\\Programs\\Python\\Python39\\python.exe",
                "LogonGuid": "{dd01dab0-b9ee-633f-e637-282600000000}",
                "FileVersion": "3.6.2",
                "User": "ELMO\\mrdor",
                "CommandLine": "\"C:/Program Files/Wireshark/tshark.exe\" -D",
                "ParentProcessId": "22388",
                "ParentUser": "ELMO\\mrdor",
                "Product": "TShark",
                "ProcessId": "13688",
                "ParentCommandLine": "C:\\Users\\mrdor\\AppData\\Local\\Programs\\Python\\Python39\\python.exe C:/Users/mrdor/PycharmProjects/Hunterbee/client/wireshark/wireshark_interface.py",
                "Image": "C:\\Program Files\\Wireshark\\tshark.exe",
                "LogonId": "0x262837e6",
                "Hashes": "MD5=2C7476F44C33FE4FE26600AE7AE3900D",
                "TerminalSessionId": "4",
                "ParentProcessGuid": "{dd01dab0-f517-633f-4847-010000004600}",
                "ProcessGuid": "{dd01dab0-f564-633f-c247-010000004600}",
                "Description": "TShark",
                "UtcTime": "2022-10-07 09:46:12.146"
            },
            "provider_name": "Microsoft-Windows-Sysmon",
            "task": "Process Create (rule: ProcessCreate)",
            "computer_name": "Elmo",
            "provider_guid": "{5770385f-c22a-43e0-bf4c-06f5698ffbd9}"
        }
    },
    "74": {
        "@timestamp": "2022-10-07T09:46:12.363Z",
        "host": {
            "ip": [
                "fe80::7cd2:efa8:dba2:6fc0",
                "169.254.111.192",
                "fe80::e431:7896:8d85:5aa",
                "172.21.208.1",
                "fe80::48ae:546b:7a20:7f52",
                "172.30.112.1",
                "fe80::bc21:1b56:1d1:4b9f",
                "169.254.75.159",
                "fe80::4807:9ca5:cd67:6ac6",
                "169.254.106.198",
                "fe80::e097:4ef1:6314:5a55",
                "169.254.90.85",
                "fe80::d55:b4a9:26a4:7406",
                "192.168.1.102",
                "fe80::211f:b772:c6da:bfb3",
                "172.27.16.1",
                "fe80::f90c:d738:c01c:abc6",
                "172.28.192.1"
            ],
            "name": "Elmo"
        },
        "winlog": {
            "task": "Process Create (rule: ProcessCreate)",
            "computer_name": "Elmo",
            "provider_name": "Microsoft-Windows-Sysmon",
            "provider_guid": "{5770385f-c22a-43e0-bf4c-06f5698ffbd9}",
            "event_data": {
                "UtcTime": "2022-10-07 09:46:12.361",
                "Image": "C:\\Program Files\\Wireshark\\dumpcap.exe",
                "ParentProcessId": "13688",
                "OriginalFileName": "Dumpcap.exe",
                "CommandLine": "\"C:\\Program Files\\Wireshark\\dumpcap.exe\" -D -Z none",
                "Description": "Dumpcap",
                "Product": "Dumpcap",
                "Hashes": "MD5=A85C48F3129B10CF5593FBF3B02836FF",
                "ParentProcessGuid": "{dd01dab0-f564-633f-c247-010000004600}",
                "CurrentDirectory": "C:\\Users\\mrdor\\PycharmProjects\\Hunterbee\\client\\wireshark\\",
                "ProcessGuid": "{dd01dab0-f564-633f-c347-010000004600}",
                "Company": "The Wireshark developer community",
                "TerminalSessionId": "4",
                "User": "ELMO\\mrdor",
                "IntegrityLevel": "High",
                "LogonGuid": "{dd01dab0-b9ee-633f-e637-282600000000}",
                "ProcessId": "2732",
                "RuleName": "-",
                "LogonId": "0x262837e6",
                "ParentCommandLine": "\"C:/Program Files/Wireshark/tshark.exe\" -D",
                "ParentImage": "C:\\Program Files\\Wireshark\\tshark.exe",
                "ParentUser": "ELMO\\mrdor",
                "FileVersion": "3.6.2"
            }
        }
    },
    "75": {
        "@timestamp": "2022-10-07T09:46:12.503Z",
        "winlog": {
            "provider_guid": "{5770385f-c22a-43e0-bf4c-06f5698ffbd9}",
            "task": "Process Create (rule: ProcessCreate)",
            "computer_name": "Elmo",
            "event_data": {
                "Hashes": "MD5=2C7476F44C33FE4FE26600AE7AE3900D",
                "ProcessId": "540",
