                "ProcessGuid": "{dd01dab0-f97b-633f-a754-010000004600}",
                "OriginalFileName": "-",
                "CurrentDirectory": "G:\\Steam\\",
                "LogonId": "0x26286720"
            }
        }
    },
    "196": {
        "@timestamp": "2022-10-07T10:03:39.582Z",
        "winlog": {
            "provider_guid": "{5770385f-c22a-43e0-bf4c-06f5698ffbd9}",
            "provider_name": "Microsoft-Windows-Sysmon",
            "task": "Dns query (rule: DnsQuery)",
            "event_data": {
                "RuleName": "-",
                "ProcessId": "13092",
                "QueryStatus": "0",
                "UtcTime": "2022-10-07 10:03:52.211",
                "ProcessGuid": "{dd01dab0-f971-633f-9854-010000004600}",
                "QueryResults": "208.110.86.68;",
                "User": "ELMO\\mrdor",
                "QueryName": "api.steampowered.com",
                "Image": "G:\\Steam\\steam.exe"
            },
            "computer_name": "Elmo"
        },
        "host": {
            "name": "Elmo",
            "ip": [
                "fe80::7cd2:efa8:dba2:6fc0",
                "169.254.111.192",
                "fe80::e431:7896:8d85:5aa",
                "172.21.208.1",
                "fe80::48ae:546b:7a20:7f52",
                "172.30.112.1",
                "fe80::bc21:1b56:1d1:4b9f",
                "169.254.75.159",
                "fe80::4807:9ca5:cd67:6ac6",
                "169.254.106.198",
                "fe80::e097:4ef1:6314:5a55",
                "169.254.90.85",
                "fe80::d55:b4a9:26a4:7406",
                "192.168.1.102",
                "fe80::211f:b772:c6da:bfb3",
                "172.27.16.1",
                "fe80::f90c:d738:c01c:abc6",
                "172.28.192.1"
            ]
        }
    },
    "197": {
        "@timestamp": "2022-10-07T10:03:39.582Z",
        "host": {
            "ip": [
                "fe80::7cd2:efa8:dba2:6fc0",
                "169.254.111.192",
                "fe80::e431:7896:8d85:5aa",
                "172.21.208.1",
                "fe80::48ae:546b:7a20:7f52",
                "172.30.112.1",
                "fe80::bc21:1b56:1d1:4b9f",
                "169.254.75.159",
                "fe80::4807:9ca5:cd67:6ac6",
                "169.254.106.198",
                "fe80::e097:4ef1:6314:5a55",
                "169.254.90.85",
                "fe80::d55:b4a9:26a4:7406",
                "192.168.1.102",
                "fe80::211f:b772:c6da:bfb3",
                "172.27.16.1",
                "fe80::f90c:d738:c01c:abc6",
                "172.28.192.1"
            ],
            "name": "Elmo"
        },
        "winlog": {
            "provider_name": "Microsoft-Windows-Sysmon",
            "computer_name": "Elmo",
            "provider_guid": "{5770385f-c22a-43e0-bf4c-06f5698ffbd9}",
            "event_data": {
                "Image": "C:\\Program Files\\NVIDIA Corporation\\NVIDIA GeForce Experience\\NVIDIA Share.exe",
                "RuleName": "-",
                "QueryStatus": "0",
                "QueryName": "static.nvidiagrid.net",
                "UtcTime": "2022-10-07 10:03:52.234",
                "ProcessGuid": "{dd01dab0-ba6e-633f-3b34-010000004600}",
                "ProcessId": "17292",
                "User": "ELMO\\mrdor",
                "QueryResults": "148.251.160.245;"
            },
            "task": "Dns query (rule: DnsQuery)"
        }
    },
    "198": {
        "@timestamp": "2022-10-07T10:03:40.592Z",
        "host": {
            "name": "Elmo",
            "ip": [
                "fe80::7cd2:efa8:dba2:6fc0",
                "169.254.111.192",
                "fe80::e431:7896:8d85:5aa",
                "172.21.208.1",
                "fe80::48ae:546b:7a20:7f52",
                "172.30.112.1",
                "fe80::bc21:1b56:1d1:4b9f",
                "169.254.75.159",
                "fe80::4807:9ca5:cd67:6ac6",
                "169.254.106.198",
                "fe80::e097:4ef1:6314:5a55",
                "169.254.90.85",
                "fe80::d55:b4a9:26a4:7406",
                "192.168.1.102",
                "fe80::211f:b772:c6da:bfb3",
                "172.27.16.1",
                "fe80::f90c:d738:c01c:abc6",
                "172.28.192.1"
            ]
        },
        "winlog": {
            "task": "Dns query (rule: DnsQuery)",
            "computer_name": "Elmo",
            "provider_guid": "{5770385f-c22a-43e0-bf4c-06f5698ffbd9}",
            "event_data": {
                "UtcTime": "2022-10-07 10:03:53.905",
                "QueryName": "ext4-lhr1.steamserver.net",
                "ProcessId": "13092",
                "Image": "G:\\Steam\\steam.exe",
                "RuleName": "-",
                "QueryResults": "162.254.196.84;",
                "User": "ELMO\\mrdor",
                "QueryStatus": "0",
                "ProcessGuid": "{dd01dab0-f971-633f-9854-010000004600}"
            },
            "provider_name": "Microsoft-Windows-Sysmon"
        }
    },
    "199": {
        "@timestamp": "2022-10-07T10:03:40.592Z",
        "winlog": {
            "event_data": {
                "ProcessId": "13092",
                "QueryResults": "162.254.196.68;",
                "ProcessGuid": "{dd01dab0-f971-633f-9854-010000004600}",
                "Image": "G:\\Steam\\steam.exe",
                "RuleName": "-",
                "UtcTime": "2022-10-07 10:03:53.994",
                "QueryName": "ext3-lhr1.steamserver.net",
                "QueryStatus": "0",
                "User": "ELMO\\mrdor"
            },
            "provider_name": "Microsoft-Windows-Sysmon",
            "task": "Dns query (rule: DnsQuery)",
            "computer_name": "Elmo",
            "provider_guid": "{5770385f-c22a-43e0-bf4c-06f5698ffbd9}"
        },
        "host": {
            "ip": [
                "fe80::7cd2:efa8:dba2:6fc0",
                "169.254.111.192",
                "fe80::e431:7896:8d85:5aa",
                "172.21.208.1",
                "fe80::48ae:546b:7a20:7f52",
                "172.30.112.1",
                "fe80::bc21:1b56:1d1:4b9f",
                "169.254.75.159",
                "fe80::4807:9ca5:cd67:6ac6",
                "169.254.106.198",
                "fe80::e097:4ef1:6314:5a55",
                "169.254.90.85",
                "fe80::d55:b4a9:26a4:7406",
                "192.168.1.102",
                "fe80::211f:b772:c6da:bfb3",
                "172.27.16.1",
                "fe80::f90c:d738:c01c:abc6",
                "172.28.192.1"
            ],
            "name": "Elmo"
        }
    },
    "200": {
        "@timestamp": "2022-10-07T10:03:40.592Z",
        "host": {
            "name": "Elmo",
            "ip": [
                "fe80::7cd2:efa8:dba2:6fc0",
                "169.254.111.192",
                "fe80::e431:7896:8d85:5aa",
                "172.21.208.1",
                "fe80::48ae:546b:7a20:7f52",
                "172.30.112.1",
                "fe80::bc21:1b56:1d1:4b9f",
                "169.254.75.159",
                "fe80::4807:9ca5:cd67:6ac6",
                "169.254.106.198",
                "fe80::e097:4ef1:6314:5a55",
                "169.254.90.85",
                "fe80::d55:b4a9:26a4:7406",
                "192.168.1.102",
                "fe80::211f:b772:c6da:bfb3",
                "172.27.16.1",
                "fe80::f90c:d738:c01c:abc6",
                "172.28.192.1"
            ]
        },
        "winlog": {
            "task": "Dns query (rule: DnsQuery)",
            "computer_name": "Elmo",
            "provider_guid": "{5770385f-c22a-43e0-bf4c-06f5698ffbd9}",
            "provider_name": "Microsoft-Windows-Sysmon",
            "event_data": {
                "Image": "G:\\Steam\\steam.exe",
                "ProcessGuid": "{dd01dab0-f971-633f-9854-010000004600}",
                "ProcessId": "13092",
                "User": "ELMO\\mrdor",
                "QueryName": "ext2-fra1.steamserver.net",
                "QueryStatus": "0",
                "RuleName": "-",
                "UtcTime": "2022-10-07 10:03:54.121",
                "QueryResults": "162.254.197.54;"
            }
        }
    },
    "201": {
        "@timestamp": "2022-10-07T10:03:42.608Z",
        "winlog": {
            "provider_guid": "{5770385f-c22a-43e0-bf4c-06f5698ffbd9}",
            "computer_name": "Elmo",
            "event_data": {
                "QueryName": "ext1-fra2.steamserver.net",
                "ProcessId": "13092",
                "Image": "G:\\Steam\\steam.exe",
                "RuleName": "-",
                "UtcTime": "2022-10-07 10:03:55.043",
                "ProcessGuid": "{dd01dab0-f971-633f-9854-010000004600}",
                "QueryStatus": "0",
                "QueryResults": "155.133.226.75;",
                "User": "ELMO\\mrdor"
            },
            "provider_name": "Microsoft-Windows-Sysmon",
            "task": "Dns query (rule: DnsQuery)"
        },
        "host": {
            "name": "Elmo",
            "ip": [
                "fe80::7cd2:efa8:dba2:6fc0",
                "169.254.111.192",
                "fe80::e431:7896:8d85:5aa",
                "172.21.208.1",
                "fe80::48ae:546b:7a20:7f52",
                "172.30.112.1",
                "fe80::bc21:1b56:1d1:4b9f",
                "169.254.75.159",
                "fe80::4807:9ca5:cd67:6ac6",
                "169.254.106.198",
                "fe80::e097:4ef1:6314:5a55",
                "169.254.90.85",
                "fe80::d55:b4a9:26a4:7406",
                "192.168.1.102",
                "fe80::211f:b772:c6da:bfb3",
                "172.27.16.1",
                "fe80::f90c:d738:c01c:abc6",
                "172.28.192.1"
            ]
        }
    },
    "202": {
        "@timestamp": "2022-10-07T10:03:42.608Z",
        "winlog": {
            "task": "Dns query (rule: DnsQuery)",
            "provider_guid": "{5770385f-c22a-43e0-bf4c-06f5698ffbd9}",
            "provider_name": "Microsoft-Windows-Sysmon",
            "computer_name": "Elmo",
            "event_data": {
                "RuleName": "-",
                "ProcessGuid": "{dd01dab0-f971-633f-9854-010000004600}",
                "ProcessId": "13092",
                "QueryName": "ext2-fra2.steamserver.net",
                "QueryStatus": "0",
                "User": "ELMO\\mrdor",
                "Image": "G:\\Steam\\steam.exe",
                "UtcTime": "2022-10-07 10:03:55.470",
                "QueryResults": "155.133.226.78;"
            }
        },
        "host": {
            "name": "Elmo",
            "ip": [
                "fe80::7cd2:efa8:dba2:6fc0",
                "169.254.111.192",
                "fe80::e431:7896:8d85:5aa",
                "172.21.208.1",
                "fe80::48ae:546b:7a20:7f52",
                "172.30.112.1",
                "fe80::bc21:1b56:1d1:4b9f",
                "169.254.75.159",
                "fe80::4807:9ca5:cd67:6ac6",
                "169.254.106.198",
                "fe80::e097:4ef1:6314:5a55",
                "169.254.90.85",
                "fe80::d55:b4a9:26a4:7406",
                "192.168.1.102",
                "fe80::211f:b772:c6da:bfb3",
                "172.27.16.1",
                "fe80::f90c:d738:c01c:abc6",
                "172.28.192.1"
            ]
        }
    },
    "203": {
        "@timestamp": "2022-10-07T10:03:42.608Z",
        "host": {
            "name": "Elmo",
            "ip": [
                "fe80::7cd2:efa8:dba2:6fc0",
                "169.254.111.192",
                "fe80::e431:7896:8d85:5aa",
                "172.21.208.1",
                "fe80::48ae:546b:7a20:7f52",
                "172.30.112.1",
                "fe80::bc21:1b56:1d1:4b9f",
                "169.254.75.159",
                "fe80::4807:9ca5:cd67:6ac6",
                "169.254.106.198",
                "fe80::e097:4ef1:6314:5a55",
                "169.254.90.85",
                "fe80::d55:b4a9:26a4:7406",
                "192.168.1.102",
                "fe80::211f:b772:c6da:bfb3",
                "172.27.16.1",
                "fe80::f90c:d738:c01c:abc6",
                "172.28.192.1"
            ]
        },
        "winlog": {
            "event_data": {
                "RuleName": "-",
                "User": "ELMO\\mrdor",
                "UtcTime": "2022-10-07 10:03:55.573",
                "ProcessGuid": "{dd01dab0-f971-633f-9854-010000004600}",
                "ProcessId": "13092",
                "QueryName": "ext1-sto1.steamserver.net",
                "QueryResults": "162.254.198.44;",
                "QueryStatus": "0",
                "Image": "G:\\Steam\\steam.exe"
            },
            "task": "Dns query (rule: DnsQuery)",
            "provider_guid": "{5770385f-c22a-43e0-bf4c-06f5698ffbd9}",
            "provider_name": "Microsoft-Windows-Sysmon",
            "computer_name": "Elmo"
        }
    },
    "204": {
        "@timestamp": "2022-10-07T10:03:43.071Z",
        "host": {
            "name": "Elmo",
            "ip": [
                "fe80::7cd2:efa8:dba2:6fc0",
                "169.254.111.192",
                "fe80::e431:7896:8d85:5aa",
                "172.21.208.1",
                "fe80::48ae:546b:7a20:7f52",
                "172.30.112.1",
                "fe80::bc21:1b56:1d1:4b9f",
                "169.254.75.159",
                "fe80::4807:9ca5:cd67:6ac6",
                "169.254.106.198",
                "fe80::e097:4ef1:6314:5a55",
                "169.254.90.85",
                "fe80::d55:b4a9:26a4:7406",
                "192.168.1.102",
                "fe80::211f:b772:c6da:bfb3",
                "172.27.16.1",
                "fe80::f90c:d738:c01c:abc6",
                "172.28.192.1"
            ]
        },
        "winlog": {
            "task": "File created (rule: FileCreate)",
            "provider_name": "Microsoft-Windows-Sysmon",
            "event_data": {
                "User": "ELMO\\mrdor",
                "RuleName": "Downloads",
                "UtcTime": "2022-10-07 10:03:43.071",
                "ProcessGuid": "{dd01dab0-f971-633f-9854-010000004600}",
                "ProcessId": "13092",
                "Image": "G:\\Steam\\Steam.exe",
                "TargetFilename": "G:\\Steam\\steamapps\\workshop\\downloads\\570\\.temp_write_1afe98b4",
                "CreationUtcTime": "2022-10-07 10:03:43.071"
            },
            "computer_name": "Elmo",
            "provider_guid": "{5770385f-c22a-43e0-bf4c-06f5698ffbd9}"
        }
    },
    "205": {
        "@timestamp": "2022-10-07T10:03:43.268Z",
        "host": {
            "name": "Elmo",
            "ip": [
                "fe80::7cd2:efa8:dba2:6fc0",
                "169.254.111.192",
                "fe80::e431:7896:8d85:5aa",
                "172.21.208.1",
                "fe80::48ae:546b:7a20:7f52",
                "172.30.112.1",
                "fe80::bc21:1b56:1d1:4b9f",
                "169.254.75.159",
                "fe80::4807:9ca5:cd67:6ac6",
                "169.254.106.198",
                "fe80::e097:4ef1:6314:5a55",
                "169.254.90.85",
                "fe80::d55:b4a9:26a4:7406",
                "192.168.1.102",
                "fe80::211f:b772:c6da:bfb3",
                "172.27.16.1",
                "fe80::f90c:d738:c01c:abc6",
                "172.28.192.1"
            ]
        },
        "winlog": {
            "provider_guid": "{5770385f-c22a-43e0-bf4c-06f5698ffbd9}",
            "event_data": {
                "FileVersion": "07.56.62.07",
                "LogonId": "0x26286720",
                "OriginalFileName": "steamwebhelper.exe",
                "ProcessGuid": "{dd01dab0-f97f-633f-a954-010000004600}",
                "CurrentDirectory": "G:\\Steam\\",
                "ParentUser": "ELMO\\mrdor",
                "Image": "G:\\Steam\\bin\\cef\\cef.win7x64\\steamwebhelper.exe",
                "Product": "Steam Client WebHelper",
                "ProcessId": "1616",
                "Hashes": "MD5=5E7D392B4C7E4DDC60C0AAF314BA8638",
                "RuleName": "-",
                "CommandLine": "\"G:\\Steam\\bin\\cef\\cef.win7x64\\steamwebhelper.exe\" --type=renderer --log-file=\"G:\\Steam\\logs\\cef_log.txt\" --field-trial-handle=1832,14903002950680054974,4744369765436006072,131072 --enable-features=CastMediaRouteProvider --disable-features=SameSiteByDefaultCookies --enable-blink-features=ResizeObserver,Worklet,AudioWorklet --disable-blink-features=Badging --lang=en-US --log-file=\"G:\\Steam\\logs\\cef_log.txt\" --product-version=\"Valve Steam Client\" --buildid=1665100899 --steamid=0 --device-scale-factor=1 --num-raster-threads=4 --enable-main-frame-before-activation --renderer-client-id=4 --mojo-platform-channel-handle=2516 /prefetch:1",
                "ParentProcessId": "20264",
                "ParentImage": "G:\\Steam\\bin\\cef\\cef.win7x64\\steamwebhelper.exe",
                "IntegrityLevel": "Low",
                "ParentCommandLine": "G:\\Steam\\bin\\cef\\cef.win7x64\\steamwebhelper.exe \"-lang=en_US\" \"-cachedir=C:\\Users\\mrdor\\AppData\\Local\\Steam\\htmlcache\" \"-steampid=13092\" \"-buildid=1665100899\" \"-steamid=0\" \"-logdir=G:\\Steam\\logs\" \"-composer-mode=0\" \"-steamuniverse=Public\" \"-realm=Global\" \"-clientui=G:\\Steam\\clientui\" --enable-media-stream --enable-smooth-scrolling --enable-direct-write \"--log-file=G:\\Steam\\logs\\cef_log.txt\" --disable-quick-menu --disable-features=SameSiteByDefaultCookies --enable-blink-features=ResizeObserver,Worklet,AudioWorklet --disable-blink-features=Badging",
                "Description": "Steam Client WebHelper",
                "LogonGuid": "{dd01dab0-b9ee-633f-2067-282600000000}",
                "User": "ELMO\\mrdor",
                "UtcTime": "2022-10-07 10:03:43.265",
                "TerminalSessionId": "4",
                "ParentProcessGuid": "{dd01dab0-f975-633f-9954-010000004600}",
                "Company": "Valve Corporation"
            },
            "provider_name": "Microsoft-Windows-Sysmon",
            "computer_name": "Elmo",
            "task": "Process Create (rule: ProcessCreate)"
        }
    },
    "206": {
        "@timestamp": "2022-10-07T10:03:44.673Z",
        "winlog": {
            "task": "Registry value set (rule: RegistryEvent)",
            "provider_name": "Microsoft-Windows-Sysmon",
            "provider_guid": "{5770385f-c22a-43e0-bf4c-06f5698ffbd9}",
            "event_data": {
                "RuleName": "T1042",
                "EventType": "SetValue",
                "Image": "G:\\Steam\\Steam.exe",
                "Details": "\"G:\\Steam\\Steam.exe\" -- \"%%1\"",
                "TargetObject": "HKU\\S-1-5-21-328187559-2963526314-2733536162-1001_Classes\\steam\\Shell\\Open\\Command\\(Default)",
                "User": "ELMO\\mrdor",
                "UtcTime": "2022-10-07 10:03:44.672",
                "ProcessGuid": "{dd01dab0-f971-633f-9854-010000004600}",
                "ProcessId": "13092"
            },
            "computer_name": "Elmo"
        },
        "host": {
            "name": "Elmo",
            "ip": [
                "fe80::7cd2:efa8:dba2:6fc0",
                "169.254.111.192",
                "fe80::e431:7896:8d85:5aa",
                "172.21.208.1",
                "fe80::48ae:546b:7a20:7f52",
                "172.30.112.1",
                "fe80::bc21:1b56:1d1:4b9f",
                "169.254.75.159",
                "fe80::4807:9ca5:cd67:6ac6",
                "169.254.106.198",
                "fe80::e097:4ef1:6314:5a55",
                "169.254.90.85",
                "fe80::d55:b4a9:26a4:7406",
                "192.168.1.102",
                "fe80::211f:b772:c6da:bfb3",
                "172.27.16.1",
                "fe80::f90c:d738:c01c:abc6",
                "172.28.192.1"
            ]
        }
    },
    "207": {
        "@timestamp": "2022-10-07T10:03:44.674Z",
        "host": {
            "name": "Elmo",
            "ip": [
                "fe80::7cd2:efa8:dba2:6fc0",
                "169.254.111.192",
                "fe80::e431:7896:8d85:5aa",
                "172.21.208.1",
                "fe80::48ae:546b:7a20:7f52",
                "172.30.112.1",
                "fe80::bc21:1b56:1d1:4b9f",
                "169.254.75.159",
                "fe80::4807:9ca5:cd67:6ac6",
                "169.254.106.198",
                "fe80::e097:4ef1:6314:5a55",
                "169.254.90.85",
                "fe80::d55:b4a9:26a4:7406",
                "192.168.1.102",
                "fe80::211f:b772:c6da:bfb3",
                "172.27.16.1",
                "fe80::f90c:d738:c01c:abc6",
                "172.28.192.1"
            ]
        },
        "winlog": {
            "provider_name": "Microsoft-Windows-Sysmon",
            "provider_guid": "{5770385f-c22a-43e0-bf4c-06f5698ffbd9}",
            "task": "Registry value set (rule: RegistryEvent)",
            "computer_name": "Elmo",
            "event_data": {
                "Details": "\"G:\\Steam\\Steam.exe\" -- \"%%1\"",
                "User": "ELMO\\mrdor",
                "RuleName": "T1042",
                "EventType": "SetValue",
                "ProcessId": "13092",
                "UtcTime": "2022-10-07 10:03:44.673",
                "Image": "G:\\Steam\\Steam.exe",
                "TargetObject": "HKU\\S-1-5-21-328187559-2963526314-2733536162-1001_Classes\\steamlink\\Shell\\Open\\Command\\(Default)",
                "ProcessGuid": "{dd01dab0-f971-633f-9854-010000004600}"
            }
        }
    },
    "208": {
        "@timestamp": "2022-10-07T10:03:44.674Z",
        "host": {
            "name": "Elmo",
            "ip": [
                "fe80::7cd2:efa8:dba2:6fc0",
                "169.254.111.192",
                "fe80::e431:7896:8d85:5aa",
                "172.21.208.1",
                "fe80::48ae:546b:7a20:7f52",
                "172.30.112.1",
                "fe80::bc21:1b56:1d1:4b9f",
                "169.254.75.159",
                "fe80::4807:9ca5:cd67:6ac6",
                "169.254.106.198",
                "fe80::e097:4ef1:6314:5a55",
                "169.254.90.85",
                "fe80::d55:b4a9:26a4:7406",
                "192.168.1.102",
                "fe80::211f:b772:c6da:bfb3",
                "172.27.16.1",
                "fe80::f90c:d738:c01c:abc6",
                "172.28.192.1"
            ]
        },
        "winlog": {
            "provider_name": "Microsoft-Windows-Sysmon",
            "task": "Registry value set (rule: RegistryEvent)",
            "provider_guid": "{5770385f-c22a-43e0-bf4c-06f5698ffbd9}",
            "computer_name": "Elmo",
            "event_data": {
                "UtcTime": "2022-10-07 10:03:44.673",
                "EventType": "SetValue",
                "ProcessGuid": "{dd01dab0-f976-633f-a154-010000004600}",
                "User": "NT AUTHORITY\\SYSTEM",
                "TargetObject": "HKCR\\steam\\Shell\\Open\\Command\\(Default)",
                "Image": "C:\\Program Files (x86)\\Common Files\\Steam\\steamservice.exe",
                "Details": "\"G:\\Steam\\steam.exe\" -- \"%%1\"",
                "RuleName": "T1042",
                "ProcessId": "19264"
            }
        }
    },
    "209": {
        "@timestamp": "2022-10-07T10:03:44.674Z",
        "winlog": {
            "event_data": {
                "User": "NT AUTHORITY\\SYSTEM",
                "EventType": "SetValue",
                "UtcTime": "2022-10-07 10:03:44.674",
                "TargetObject": "HKCR\\steamlink\\Shell\\Open\\Command\\(Default)",
                "Details": "\"G:\\Steam\\steam.exe\" -- \"%%1\"",
                "Image": "C:\\Program Files (x86)\\Common Files\\Steam\\steamservice.exe",
                "RuleName": "T1042",
                "ProcessGuid": "{dd01dab0-f976-633f-a154-010000004600}",
                "ProcessId": "19264"
            },
            "computer_name": "Elmo",
            "provider_guid": "{5770385f-c22a-43e0-bf4c-06f5698ffbd9}",
            "provider_name": "Microsoft-Windows-Sysmon",
            "task": "Registry value set (rule: RegistryEvent)"
        },
        "host": {
            "name": "Elmo",
            "ip": [
                "fe80::7cd2:efa8:dba2:6fc0",
                "169.254.111.192",
                "fe80::e431:7896:8d85:5aa",
                "172.21.208.1",
                "fe80::48ae:546b:7a20:7f52",
                "172.30.112.1",
                "fe80::bc21:1b56:1d1:4b9f",
                "169.254.75.159",
                "fe80::4807:9ca5:cd67:6ac6",
                "169.254.106.198",
                "fe80::e097:4ef1:6314:5a55",
                "169.254.90.85",
                "fe80::d55:b4a9:26a4:7406",
                "192.168.1.102",
                "fe80::211f:b772:c6da:bfb3",
                "172.27.16.1",
                "fe80::f90c:d738:c01c:abc6",
                "172.28.192.1"
            ]
        }
    },
    "210": {
        "@timestamp": "2022-10-07T10:03:44.703Z",
        "winlog": {
            "event_data": {
                "LogonGuid": "{dd01dab0-b9ee-633f-2067-282600000000}",
                "ProcessGuid": "{dd01dab0-f980-633f-aa54-010000004600}",
                "IntegrityLevel": "Low",
                "RuleName": "-",
                "UtcTime": "2022-10-07 10:03:44.698",
                "Product": "Steam Client WebHelper",
                "TerminalSessionId": "4",
                "Hashes": "MD5=5E7D392B4C7E4DDC60C0AAF314BA8638",
                "ParentUser": "ELMO\\mrdor",
                "ParentProcessId": "20264",
                "ParentCommandLine": "G:\\Steam\\bin\\cef\\cef.win7x64\\steamwebhelper.exe \"-lang=en_US\" \"-cachedir=C:\\Users\\mrdor\\AppData\\Local\\Steam\\htmlcache\" \"-steampid=13092\" \"-buildid=1665100899\" \"-steamid=0\" \"-logdir=G:\\Steam\\logs\" \"-composer-mode=0\" \"-steamuniverse=Public\" \"-realm=Global\" \"-clientui=G:\\Steam\\clientui\" --enable-media-stream --enable-smooth-scrolling --enable-direct-write \"--log-file=G:\\Steam\\logs\\cef_log.txt\" --disable-quick-menu --disable-features=SameSiteByDefaultCookies --enable-blink-features=ResizeObserver,Worklet,AudioWorklet --disable-blink-features=Badging",
                "Company": "Valve Corporation",
                "ParentProcessGuid": "{dd01dab0-f975-633f-9954-010000004600}",
                "ParentImage": "G:\\Steam\\bin\\cef\\cef.win7x64\\steamwebhelper.exe",
                "FileVersion": "07.56.62.07",
                "ProcessId": "18536",
                "Image": "G:\\Steam\\bin\\cef\\cef.win7x64\\steamwebhelper.exe",
                "OriginalFileName": "steamwebhelper.exe",
                "LogonId": "0x26286720",
                "Description": "Steam Client WebHelper",
                "CommandLine": "\"G:\\Steam\\bin\\cef\\cef.win7x64\\steamwebhelper.exe\" --type=renderer --log-file=\"G:\\Steam\\logs\\cef_log.txt\" --field-trial-handle=1832,14903002950680054974,4744369765436006072,131072 --enable-features=CastMediaRouteProvider --disable-features=SameSiteByDefaultCookies --enable-blink-features=ResizeObserver,Worklet,AudioWorklet --disable-blink-features=Badging --lang=en-US --log-file=\"G:\\Steam\\logs\\cef_log.txt\" --product-version=\"Valve Steam Client\" --buildid=1665100899 --steamid=0 --device-scale-factor=1 --num-raster-threads=4 --enable-main-frame-before-activation --renderer-client-id=5 --mojo-platform-channel-handle=2552 /prefetch:1",
                "CurrentDirectory": "G:\\Steam\\",
                "User": "ELMO\\mrdor"
            },
            "provider_name": "Microsoft-Windows-Sysmon",
            "provider_guid": "{5770385f-c22a-43e0-bf4c-06f5698ffbd9}",
            "computer_name": "Elmo",
            "task": "Process Create (rule: ProcessCreate)"
        },
        "host": {
            "ip": [
                "fe80::7cd2:efa8:dba2:6fc0",
                "169.254.111.192",
                "fe80::e431:7896:8d85:5aa",
                "172.21.208.1",
                "fe80::48ae:546b:7a20:7f52",
                "172.30.112.1",
                "fe80::bc21:1b56:1d1:4b9f",
                "169.254.75.159",
                "fe80::4807:9ca5:cd67:6ac6",
                "169.254.106.198",
                "fe80::e097:4ef1:6314:5a55",
                "169.254.90.85",
                "fe80::d55:b4a9:26a4:7406",
                "192.168.1.102",
                "fe80::211f:b772:c6da:bfb3",
                "172.27.16.1",
                "fe80::f90c:d738:c01c:abc6",
                "172.28.192.1"
            ],
            "name": "Elmo"
        }
    },
    "211": {
        "@timestamp": "2022-10-07T10:03:44.750Z",
        "host": {
            "name": "Elmo",
            "ip": [
                "fe80::7cd2:efa8:dba2:6fc0",
                "169.254.111.192",
                "fe80::e431:7896:8d85:5aa",
                "172.21.208.1",
                "fe80::48ae:546b:7a20:7f52",
                "172.30.112.1",
                "fe80::bc21:1b56:1d1:4b9f",
                "169.254.75.159",
                "fe80::4807:9ca5:cd67:6ac6",
                "169.254.106.198",
                "fe80::e097:4ef1:6314:5a55",
                "169.254.90.85",
                "fe80::d55:b4a9:26a4:7406",
                "192.168.1.102",
                "fe80::211f:b772:c6da:bfb3",
                "172.27.16.1",
                "fe80::f90c:d738:c01c:abc6",
                "172.28.192.1"
            ]
        },
        "winlog": {
            "provider_guid": "{5770385f-c22a-43e0-bf4c-06f5698ffbd9}",
            "event_data": {
                "ProcessGuid": "{dd01dab0-f980-633f-ab54-010000004600}",
                "ParentProcessId": "20264",
                "User": "ELMO\\mrdor",
                "UtcTime": "2022-10-07 10:03:44.745",
                "ProcessId": "5236",
                "Hashes": "MD5=5E7D392B4C7E4DDC60C0AAF314BA8638",
                "ParentUser": "ELMO\\mrdor",
                "Image": "G:\\Steam\\bin\\cef\\cef.win7x64\\steamwebhelper.exe",
                "LogonGuid": "{dd01dab0-b9ee-633f-2067-282600000000}",
                "TerminalSessionId": "4",
                "Company": "Valve Corporation",
                "LogonId": "0x26286720",
                "FileVersion": "07.56.62.07",
                "ParentImage": "G:\\Steam\\bin\\cef\\cef.win7x64\\steamwebhelper.exe",
                "RuleName": "-",
                "CommandLine": "\"G:\\Steam\\bin\\cef\\cef.win7x64\\steamwebhelper.exe\" --type=renderer --log-file=\"G:\\Steam\\logs\\cef_log.txt\" --field-trial-handle=1832,14903002950680054974,4744369765436006072,131072 --enable-features=CastMediaRouteProvider --disable-features=SameSiteByDefaultCookies --enable-blink-features=ResizeObserver,Worklet,AudioWorklet --disable-blink-features=Badging --lang=en-US --log-file=\"G:\\Steam\\logs\\cef_log.txt\" --product-version=\"Valve Steam Client\" --buildid=1665100899 --steamid=0 --device-scale-factor=1 --num-raster-threads=4 --enable-main-frame-before-activation --renderer-client-id=6 --mojo-platform-channel-handle=2964 /prefetch:1",
                "Product": "Steam Client WebHelper",
                "Description": "Steam Client WebHelper",
                "ParentProcessGuid": "{dd01dab0-f975-633f-9954-010000004600}",
                "OriginalFileName": "steamwebhelper.exe",
                "CurrentDirectory": "G:\\Steam\\",
                "IntegrityLevel": "Low",
                "ParentCommandLine": "G:\\Steam\\bin\\cef\\cef.win7x64\\steamwebhelper.exe \"-lang=en_US\" \"-cachedir=C:\\Users\\mrdor\\AppData\\Local\\Steam\\htmlcache\" \"-steampid=13092\" \"-buildid=1665100899\" \"-steamid=0\" \"-logdir=G:\\Steam\\logs\" \"-composer-mode=0\" \"-steamuniverse=Public\" \"-realm=Global\" \"-clientui=G:\\Steam\\clientui\" --enable-media-stream --enable-smooth-scrolling --enable-direct-write \"--log-file=G:\\Steam\\logs\\cef_log.txt\" --disable-quick-menu --disable-features=SameSiteByDefaultCookies --enable-blink-features=ResizeObserver,Worklet,AudioWorklet --disable-blink-features=Badging"
            },
            "computer_name": "Elmo",
            "provider_name": "Microsoft-Windows-Sysmon",
            "task": "Process Create (rule: ProcessCreate)"
        }
    },
    "212": {
        "@timestamp": "2022-10-07T10:03:44.774Z",
        "winlog": {
            "provider_guid": "{5770385f-c22a-43e0-bf4c-06f5698ffbd9}",
            "event_data": {
                "ProcessId": "13092",
                "QueryStatus": "0",
                "QueryResults": "type:  5 steamcdn-a.akamaihd.net.edgesuite.net;type:  5 a1843.g1.akamai.net;2.19.126.196;2.19.126.197;",
                "ProcessGuid": "{dd01dab0-f971-633f-9854-010000004600}",
                "Image": "G:\\Steam\\steam.exe",
                "RuleName": "-",
                "UtcTime": "2022-10-07 10:03:58.583",
                "QueryName": "steamcdn-a.akamaihd.net",
                "User": "ELMO\\mrdor"
            },
            "computer_name": "Elmo",
            "provider_name": "Microsoft-Windows-Sysmon",
            "task": "Dns query (rule: DnsQuery)"
        },
        "host": {
            "name": "Elmo",
            "ip": [
                "fe80::7cd2:efa8:dba2:6fc0",
                "169.254.111.192",
                "fe80::e431:7896:8d85:5aa",
                "172.21.208.1",
                "fe80::48ae:546b:7a20:7f52",
                "172.30.112.1",
                "fe80::bc21:1b56:1d1:4b9f",
                "169.254.75.159",
                "fe80::4807:9ca5:cd67:6ac6",
                "169.254.106.198",
                "fe80::e097:4ef1:6314:5a55",
                "169.254.90.85",
                "fe80::d55:b4a9:26a4:7406",
                "192.168.1.102",
                "fe80::211f:b772:c6da:bfb3",
                "172.27.16.1",
                "fe80::f90c:d738:c01c:abc6",
                "172.28.192.1"
            ]
        }
    },
    "213": {
        "@timestamp": "2022-10-07T10:03:44.839Z",
        "winlog": {
            "provider_name": "Microsoft-Windows-Sysmon",
            "provider_guid": "{5770385f-c22a-43e0-bf4c-06f5698ffbd9}",
            "task": "Process Create (rule: ProcessCreate)",
            "event_data": {
                "User": "ELMO\\mrdor",
                "Image": "G:\\Steam\\bin\\cef\\cef.win7x64\\steamwebhelper.exe",
                "OriginalFileName": "steamwebhelper.exe",
                "CurrentDirectory": "G:\\Steam\\",
                "Description": "Steam Client WebHelper",
                "IntegrityLevel": "Low",
                "ParentProcessGuid": "{dd01dab0-f975-633f-9954-010000004600}",
                "RuleName": "-",
                "FileVersion": "07.56.62.07",
                "UtcTime": "2022-10-07 10:03:44.830",
                "ProcessId": "20096",
                "Company": "Valve Corporation",
                "Product": "Steam Client WebHelper",
                "CommandLine": "\"G:\\Steam\\bin\\cef\\cef.win7x64\\steamwebhelper.exe\" --type=renderer --log-file=\"G:\\Steam\\logs\\cef_log.txt\" --field-trial-handle=1832,14903002950680054974,4744369765436006072,131072 --enable-features=CastMediaRouteProvider --disable-features=SameSiteByDefaultCookies --enable-blink-features=ResizeObserver,Worklet,AudioWorklet --disable-blink-features=Badging --lang=en-US --log-file=\"G:\\Steam\\logs\\cef_log.txt\" --product-version=\"Valve Steam Client\" --buildid=1665100899 --steamid=0 --device-scale-factor=1 --num-raster-threads=4 --enable-main-frame-before-activation --renderer-client-id=7 --mojo-platform-channel-handle=3152 /prefetch:1",
                "ParentImage": "G:\\Steam\\bin\\cef\\cef.win7x64\\steamwebhelper.exe",
                "ParentCommandLine": "G:\\Steam\\bin\\cef\\cef.win7x64\\steamwebhelper.exe \"-lang=en_US\" \"-cachedir=C:\\Users\\mrdor\\AppData\\Local\\Steam\\htmlcache\" \"-steampid=13092\" \"-buildid=1665100899\" \"-steamid=0\" \"-logdir=G:\\Steam\\logs\" \"-composer-mode=0\" \"-steamuniverse=Public\" \"-realm=Global\" \"-clientui=G:\\Steam\\clientui\" --enable-media-stream --enable-smooth-scrolling --enable-direct-write \"--log-file=G:\\Steam\\logs\\cef_log.txt\" --disable-quick-menu --disable-features=SameSiteByDefaultCookies --enable-blink-features=ResizeObserver,Worklet,AudioWorklet --disable-blink-features=Badging",
                "ParentProcessId": "20264",
                "ParentUser": "ELMO\\mrdor",
                "LogonGuid": "{dd01dab0-b9ee-633f-2067-282600000000}",
                "Hashes": "MD5=5E7D392B4C7E4DDC60C0AAF314BA8638",
                "ProcessGuid": "{dd01dab0-f980-633f-ac54-010000004600}",
                "TerminalSessionId": "4",
                "LogonId": "0x26286720"
            },
            "computer_name": "Elmo"
        },
        "host": {
            "name": "Elmo",
            "ip": [
                "fe80::7cd2:efa8:dba2:6fc0",
                "169.254.111.192",
                "fe80::e431:7896:8d85:5aa",
                "172.21.208.1",
                "fe80::48ae:546b:7a20:7f52",
                "172.30.112.1",
                "fe80::bc21:1b56:1d1:4b9f",
                "169.254.75.159",
                "fe80::4807:9ca5:cd67:6ac6",
                "169.254.106.198",
                "fe80::e097:4ef1:6314:5a55",
                "169.254.90.85",
                "fe80::d55:b4a9:26a4:7406",
                "192.168.1.102",
                "fe80::211f:b772:c6da:bfb3",
                "172.27.16.1",
                "fe80::f90c:d738:c01c:abc6",
                "172.28.192.1"
            ]
        }
    },
    "214": {
        "@timestamp": "2022-10-07T10:03:45.787Z",
        "host": {
            "ip": [
                "fe80::7cd2:efa8:dba2:6fc0",
                "169.254.111.192",
                "fe80::e431:7896:8d85:5aa",
                "172.21.208.1",
                "fe80::48ae:546b:7a20:7f52",
                "172.30.112.1",
                "fe80::bc21:1b56:1d1:4b9f",
                "169.254.75.159",
                "fe80::4807:9ca5:cd67:6ac6",
                "169.254.106.198",
                "fe80::e097:4ef1:6314:5a55",
                "169.254.90.85",
                "fe80::d55:b4a9:26a4:7406",
                "192.168.1.102",
                "fe80::211f:b772:c6da:bfb3",
                "172.27.16.1",
                "fe80::f90c:d738:c01c:abc6",
                "172.28.192.1"
            ],
            "name": "Elmo"
        },
        "winlog": {
            "provider_guid": "{5770385f-c22a-43e0-bf4c-06f5698ffbd9}",
            "provider_name": "Microsoft-Windows-Sysmon",
            "event_data": {
                "QueryStatus": "0",
                "Image": "G:\\Steam\\steam.exe",
                "User": "ELMO\\mrdor",
                "RuleName": "-",
                "QueryName": "steamstore-a.akamaihd.net",
                "ProcessId": "13092",
                "QueryResults": "type:  5 steamstore-a.akamaihd.net.edgesuite.net;type:  5 a1737.b.akamai.net;2.16.238.157;2.16.238.136;",
                "UtcTime": "2022-10-07 10:03:58.669",
                "ProcessGuid": "{dd01dab0-f971-633f-9854-010000004600}"
            },
            "computer_name": "Elmo",
            "task": "Dns query (rule: DnsQuery)"
        }
    },
    "215": {
        "@timestamp": "2022-10-07T10:03:46.799Z",
        "host": {
            "name": "Elmo",
            "ip": [
                "fe80::7cd2:efa8:dba2:6fc0",
                "169.254.111.192",
                "fe80::e431:7896:8d85:5aa",
                "172.21.208.1",
                "fe80::48ae:546b:7a20:7f52",
                "172.30.112.1",
                "fe80::bc21:1b56:1d1:4b9f",
                "169.254.75.159",
                "fe80::4807:9ca5:cd67:6ac6",
                "169.254.106.198",
                "fe80::e097:4ef1:6314:5a55",
                "169.254.90.85",
                "fe80::d55:b4a9:26a4:7406",
                "192.168.1.102",
                "fe80::211f:b772:c6da:bfb3",
                "172.27.16.1",
                "fe80::f90c:d738:c01c:abc6",
                "172.28.192.1"
            ]
        },
        "winlog": {
            "provider_guid": "{5770385f-c22a-43e0-bf4c-06f5698ffbd9}",
            "provider_name": "Microsoft-Windows-Sysmon",
            "event_data": {
                "QueryStatus": "0",
                "Image": "G:\\Steam\\steam.exe",
                "User": "ELMO\\mrdor",
                "UtcTime": "2022-10-07 10:03:59.193",
                "QueryResults": "type:  5 steamusercontent-a.akamaihd.net.edgesuite.net;type:  5 a323.dscb.akamai.net;184.86.251.196;184.86.251.214;",
                "RuleName": "-",
                "ProcessGuid": "{dd01dab0-f971-633f-9854-010000004600}",
                "QueryName": "steamusercontent-a.akamaihd.net",
                "ProcessId": "13092"
            },
            "task": "Dns query (rule: DnsQuery)",
            "computer_name": "Elmo"
        }
    },
    "216": {
        "@timestamp": "2022-10-07T10:03:47.803Z",
        "winlog": {
            "task": "Dns query (rule: DnsQuery)",
            "event_data": {
                "UtcTime": "2022-10-07 10:04:01.133",
                "QueryName": "steam-chat.com",
                "QueryStatus": "0",
                "User": "ELMO\\mrdor",
                "RuleName": "-",
                "QueryResults": "95.100.70.59;",
                "ProcessId": "17580",
                "ProcessGuid": "{dd01dab0-f976-633f-9e54-010000004600}",
                "Image": "G:\\Steam\\bin\\cef\\cef.win7x64\\steamwebhelper.exe"
            },
            "provider_guid": "{5770385f-c22a-43e0-bf4c-06f5698ffbd9}",
            "computer_name": "Elmo",
            "provider_name": "Microsoft-Windows-Sysmon"
        },
        "host": {
            "name": "Elmo",
            "ip": [
                "fe80::7cd2:efa8:dba2:6fc0",
                "169.254.111.192",
                "fe80::e431:7896:8d85:5aa",
                "172.21.208.1",
                "fe80::48ae:546b:7a20:7f52",
                "172.30.112.1",
                "fe80::bc21:1b56:1d1:4b9f",
                "169.254.75.159",
                "fe80::4807:9ca5:cd67:6ac6",
                "169.254.106.198",
                "fe80::e097:4ef1:6314:5a55",
                "169.254.90.85",
                "fe80::d55:b4a9:26a4:7406",
                "192.168.1.102",
                "fe80::211f:b772:c6da:bfb3",
                "172.27.16.1",
                "fe80::f90c:d738:c01c:abc6",
                "172.28.192.1"
            ]
        }
    },
    "217": {
        "@timestamp": "2022-10-07T10:03:47.803Z",
        "host": {
            "name": "Elmo",
            "ip": [
                "fe80::7cd2:efa8:dba2:6fc0",
                "169.254.111.192",
                "fe80::e431:7896:8d85:5aa",
                "172.21.208.1",
                "fe80::48ae:546b:7a20:7f52",
                "172.30.112.1",
                "fe80::bc21:1b56:1d1:4b9f",
                "169.254.75.159",
                "fe80::4807:9ca5:cd67:6ac6",
                "169.254.106.198",
                "fe80::e097:4ef1:6314:5a55",
                "169.254.90.85",
                "fe80::d55:b4a9:26a4:7406",
                "192.168.1.102",
                "fe80::211f:b772:c6da:bfb3",
                "172.27.16.1",
                "fe80::f90c:d738:c01c:abc6",
                "172.28.192.1"
            ]
        },
        "winlog": {
            "provider_name": "Microsoft-Windows-Sysmon",
            "task": "Dns query (rule: DnsQuery)",
            "event_data": {
                "User": "ELMO\\mrdor",
                "ProcessGuid": "{dd01dab0-f976-633f-9e54-010000004600}",
                "RuleName": "-",
                "UtcTime": "2022-10-07 10:04:01.537",
                "QueryStatus": "0",
                "ProcessId": "17580",
                "QueryResults": "type:  5 steamstore-a.akamaihd.net.edgesuite.net;type:  5 a1737.b.akamai.net;2.16.238.157;2.16.238.136;",
                "Image": "G:\\Steam\\bin\\cef\\cef.win7x64\\steamwebhelper.exe",
                "QueryName": "steamstore-a.akamaihd.net"
            },
            "computer_name": "Elmo",
            "provider_guid": "{5770385f-c22a-43e0-bf4c-06f5698ffbd9}"
        }
    },
    "218": {
        "@timestamp": "2022-10-07T10:03:48.812Z",
        "winlog": {
            "event_data": {
                "QueryName": "store.steampowered.com",
                "RuleName": "-",
                "UtcTime": "2022-10-07 10:04:01.574",
                "QueryStatus": "0",
                "Image": "G:\\Steam\\bin\\cef\\cef.win7x64\\steamwebhelper.exe",
                "ProcessGuid": "{dd01dab0-f976-633f-9e54-010000004600}",
                "ProcessId": "17580",
                "QueryResults": "148.251.160.250;",
                "User": "ELMO\\mrdor"
            },
            "computer_name": "Elmo",
            "provider_guid": "{5770385f-c22a-43e0-bf4c-06f5698ffbd9}",
            "provider_name": "Microsoft-Windows-Sysmon",
            "task": "Dns query (rule: DnsQuery)"
        },
        "host": {
            "ip": [
                "fe80::7cd2:efa8:dba2:6fc0",
                "169.254.111.192",
                "fe80::e431:7896:8d85:5aa",
                "172.21.208.1",
                "fe80::48ae:546b:7a20:7f52",
                "172.30.112.1",
                "fe80::bc21:1b56:1d1:4b9f",
                "169.254.75.159",
                "fe80::4807:9ca5:cd67:6ac6",
                "169.254.106.198",
                "fe80::e097:4ef1:6314:5a55",
                "169.254.90.85",
                "fe80::d55:b4a9:26a4:7406",
                "192.168.1.102",
                "fe80::211f:b772:c6da:bfb3",
                "172.27.16.1",
                "fe80::f90c:d738:c01c:abc6",
                "172.28.192.1"
            ],
            "name": "Elmo"
        }
    },
    "219": {
        "@timestamp": "2022-10-07T10:03:50.836Z",
        "host": {
            "name": "Elmo",
            "ip": [
                "fe80::7cd2:efa8:dba2:6fc0",
                "169.254.111.192",
                "fe80::e431:7896:8d85:5aa",
                "172.21.208.1",
                "fe80::48ae:546b:7a20:7f52",
                "172.30.112.1",
                "fe80::bc21:1b56:1d1:4b9f",
                "169.254.75.159",
                "fe80::4807:9ca5:cd67:6ac6",
                "169.254.106.198",
                "fe80::e097:4ef1:6314:5a55",
                "169.254.90.85",
                "fe80::d55:b4a9:26a4:7406",
                "192.168.1.102",
                "fe80::211f:b772:c6da:bfb3",
                "172.27.16.1",
                "fe80::f90c:d738:c01c:abc6",
                "172.28.192.1"
            ]
        },
        "winlog": {
            "provider_guid": "{5770385f-c22a-43e0-bf4c-06f5698ffbd9}",
            "task": "Dns query (rule: DnsQuery)",
            "provider_name": "Microsoft-Windows-Sysmon",
            "event_data": {
                "QueryResults": "142.54.189.110;",
                "Image": "G:\\Steam\\bin\\cef\\cef.win7x64\\steamwebhelper.exe",
                "RuleName": "-",
                "ProcessId": "17580",
                "QueryStatus": "0",
                "ProcessGuid": "{dd01dab0-f976-633f-9e54-010000004600}",
                "User": "ELMO\\mrdor",
                "QueryName": "community.cloudflare.steamstatic.com",
                "UtcTime": "2022-10-07 10:04:03.535"
            },
            "computer_name": "Elmo"
        }
    },
    "220": {
        "@timestamp": "2022-10-07T10:03:56.009Z",
        "winlog": {
            "provider_guid": "{5770385f-c22a-43e0-bf4c-06f5698ffbd9}",
            "provider_name": "Microsoft-Windows-Sysmon",
            "task": "Dns query (rule: DnsQuery)",
            "computer_name": "Elmo",
            "event_data": {
                "UtcTime": "2022-10-07 10:04:09.158",
