                "ProcessGuid": "{6c5fe7fc-0218-633f-5d00-000000000300}",
                "QueryName": "moiazureorigin.clo.footprintdns.com",
                "User": "CC64FAAE-BF24-4\\WDAGUtilityAccount",
                "RuleName": "-",
                "UtcTime": "2022-10-06 16:34:36.058",
                "QueryStatus": "0"
            },
            "computer_name": "cc64faae-bf24-454e-84e2-d13617cacb46",
            "task": "Dns query (rule: DnsQuery)",
            "provider_name": "Microsoft-Windows-Sysmon",
            "provider_guid": "{5770385f-c22a-43e0-bf4c-06f5698ffbd9}"
        }
    },
    "41": {
        "@timestamp": "2022-10-06T16:34:38.225Z",
        "host": {
            "ip": [
                "fe80::81d3:bff6:130:a96c",
                "172.30.115.76"
            ],
            "name": "cc64faae-bf24-454e-84e2-d13617cacb46"
        },
        "winlog": {
            "event_data": {
                "ParentUser": "CC64FAAE-BF24-4\\WDAGUtilityAccount",
                "ProcessId": "3536",
                "LogonGuid": "{6c5fe7fc-0201-633f-ca17-040000000000}",
                "User": "CC64FAAE-BF24-4\\WDAGUtilityAccount",
                "OriginalFileName": "mimikatz.exe",
                "IntegrityLevel": "High",
                "RuleName": "-",
                "UtcTime": "2022-10-06 16:34:38.215",
                "LogonId": "0x417ca",
                "ProcessGuid": "{6c5fe7fc-039e-633f-d600-000000000300}",
                "Company": "gentilkiwi (Benjamin DELPY)",
                "FileVersion": "2.2.0.0",
                "CurrentDirectory": "C:\\Users\\WDAGUtilityAccount\\Desktop\\mimikatz_trunk\\x64\\",
                "Description": "mimikatz for Windows",
                "Hashes": "MD5=29EFD64DD3C7FE1E2B022B7AD73A1BA5",
                "CommandLine": "\"C:\\Users\\WDAGUtilityAccount\\Desktop\\mimikatz_trunk\\x64\\mimikatz.exe\" ",
                "ParentProcessId": "3388",
                "ParentImage": "C:\\Windows\\explorer.exe",
                "ParentCommandLine": "C:\\Windows\\Explorer.EXE",
                "ParentProcessGuid": "{6c5fe7fc-0204-633f-4700-000000000300}",
                "TerminalSessionId": "1",
                "Product": "mimikatz",
                "Image": "C:\\Users\\WDAGUtilityAccount\\Desktop\\mimikatz_trunk\\x64\\mimikatz.exe"
            },
            "provider_name": "Microsoft-Windows-Sysmon",
            "computer_name": "cc64faae-bf24-454e-84e2-d13617cacb46",
            "task": "Process Create (rule: ProcessCreate)",
            "provider_guid": "{5770385f-c22a-43e0-bf4c-06f5698ffbd9}"
        }
    },
    "42": {
        "@timestamp": "2022-10-06T16:34:38.230Z",
        "host": {
            "ip": [
                "fe80::81d3:bff6:130:a96c",
                "172.30.115.76"
            ],
            "name": "cc64faae-bf24-454e-84e2-d13617cacb46"
        },
        "winlog": {
            "event_data": {
                "Details": "Binary Data",
                "UtcTime": "2022-10-06 16:34:38.216",
                "ProcessId": "468",
                "Image": "C:\\Windows\\System32\\svchost.exe",
                "RuleName": "InvDB",
                "EventType": "SetValue",
                "User": "NT AUTHORITY\\SYSTEM",
                "ProcessGuid": "{6c5fe7fc-eb2f-633b-0e00-000000000300}",
                "TargetObject": "HKU\\S-1-5-21-2047949552-857980807-821054962-504\\SOFTWARE\\Microsoft\\Windows NT\\CurrentVersion\\AppCompatFlags\\Compatibility Assistant\\Store\\C:\\Users\\WDAGUtilityAccount\\Desktop\\mimikatz_trunk\\x64\\mimikatz.exe"
            },
            "computer_name": "cc64faae-bf24-454e-84e2-d13617cacb46",
            "provider_name": "Microsoft-Windows-Sysmon",
            "task": "Registry value set (rule: RegistryEvent)",
            "provider_guid": "{5770385f-c22a-43e0-bf4c-06f5698ffbd9}"
        }
    },
    "43": {
        "@timestamp": "2022-10-06T16:34:38.700Z",
        "host": {
            "name": "cc64faae-bf24-454e-84e2-d13617cacb46",
            "ip": [
                "fe80::81d3:bff6:130:a96c",
                "172.30.115.76"
            ]
        },
        "winlog": {
            "computer_name": "cc64faae-bf24-454e-84e2-d13617cacb46",
            "task": "Dns query (rule: DnsQuery)",
            "provider_guid": "{5770385f-c22a-43e0-bf4c-06f5698ffbd9}",
            "event_data": {
                "RuleName": "-",
                "QueryStatus": "0",
                "Image": "C:\\Windows\\System32\\svchost.exe",
                "ProcessId": "1776",
                "QueryName": "moiazureorigin.clo.footprintdns.com",
                "QueryResults": "type:  5 glborigintest.trafficmanager.net;type:  5 canarywesteu1.westeurope.cloudapp.azure.com;::ffff:255.255.255.255;",
                "User": "NT AUTHORITY\\LOCAL SERVICE",
                "UtcTime": "2022-10-06 16:34:36.061",
                "ProcessGuid": "{6c5fe7fc-eb36-633b-1a00-000000000300}"
            },
            "provider_name": "Microsoft-Windows-Sysmon"
        }
    },
    "44": {
        "@timestamp": "2022-10-06T16:34:57.941Z",
        "winlog": {
            "provider_name": "Microsoft-Windows-Sysmon",
            "provider_guid": "{5770385f-c22a-43e0-bf4c-06f5698ffbd9}",
            "event_data": {
                "OriginalFileName": "msedge.exe",
                "RuleName": "-",
                "ParentImage": "C:\\Program Files (x86)\\Microsoft\\Edge\\Application\\msedge.exe",
                "ParentProcessGuid": "{6c5fe7fc-0339-633f-be00-000000000300}",
                "User": "CC64FAAE-BF24-4\\WDAGUtilityAccount",
                "ParentProcessId": "4636",
                "CurrentDirectory": "C:\\Program Files (x86)\\Microsoft\\Edge\\Application\\106.0.1370.34\\",
                "Company": "Microsoft Corporation",
                "TerminalSessionId": "1",
                "ParentUser": "CC64FAAE-BF24-4\\WDAGUtilityAccount",
                "CommandLine": "\"C:\\Program Files (x86)\\Microsoft\\Edge\\Application\\msedge.exe\" --type=gpu-process --disable-gpu-sandbox --use-gl=disabled --gpu-vendor-id=5140 --gpu-device-id=140 --gpu-sub-system-id=0 --gpu-revision=0 --gpu-driver-version=10.0.19041.2075 --gpu-preferences=UAAAAAAAAADoAAAYAAAAAAAAAAAAAAAAAABgAAAAAAAwAAAAAAAAAAAAAACQAAAAAAAAAAAAAAAAAAAAAAAAAEgAAAAAAAAASAAAAAAAAAAYAAAAAgAAABAAAAAAAAAAGAAAAAAAAAAQAAAAAAAAAAAAAAAOAAAAEAAAAAAAAAABAAAADgAAAAgAAAAAAAAACAAAAAAAAAA= --mojo-platform-channel-handle=4756 --field-trial-handle=2092,i,14371040823821677114,17582907313627881064,131072 /prefetch:2",
                "ProcessId": "3848",
                "FileVersion": "106.0.1370.34",
                "LogonId": "0x417ca",
                "IntegrityLevel": "High",
                "Image": "C:\\Program Files (x86)\\Microsoft\\Edge\\Application\\msedge.exe",
                "LogonGuid": "{6c5fe7fc-0201-633f-ca17-040000000000}",
                "Hashes": "MD5=DD3A4DD70B67F66AF35B6C4F7CF5EEAE",
                "UtcTime": "2022-10-06 16:34:57.938",
                "Description": "Microsoft Edge",
                "Product": "Microsoft Edge",
                "ProcessGuid": "{6c5fe7fc-03b1-633f-d800-000000000300}",
                "ParentCommandLine": "\"C:\\Program Files (x86)\\Microsoft\\Edge\\Application\\msedge.exe\" --no-startup-window /prefetch:5"
            },
            "computer_name": "cc64faae-bf24-454e-84e2-d13617cacb46",
            "task": "Process Create (rule: ProcessCreate)"
        },
        "host": {
            "name": "cc64faae-bf24-454e-84e2-d13617cacb46",
            "ip": [
                "fe80::81d3:bff6:130:a96c",
                "172.30.115.76"
            ]
        }
    },
    "45": {
        "@timestamp": "2022-10-06T16:35:00.417Z",
        "host": {
            "name": "cc64faae-bf24-454e-84e2-d13617cacb46",
            "ip": [
                "fe80::81d3:bff6:130:a96c",
                "172.30.115.76"
            ]
        },
        "winlog": {
            "provider_guid": "{5770385f-c22a-43e0-bf4c-06f5698ffbd9}",
            "provider_name": "Microsoft-Windows-Sysmon",
            "event_data": {
                "Product": "Microsoft Edge",
                "RuleName": "-",
                "Image": "C:\\Program Files (x86)\\Microsoft\\Edge\\Application\\msedge.exe",
                "User": "CC64FAAE-BF24-4\\WDAGUtilityAccount",
                "Company": "Microsoft Corporation",
                "ProcessId": "2500",
                "ParentImage": "C:\\Program Files (x86)\\Microsoft\\Edge\\Application\\msedge.exe",
                "ParentCommandLine": "\"C:\\Program Files (x86)\\Microsoft\\Edge\\Application\\msedge.exe\" --no-startup-window /prefetch:5",
                "IntegrityLevel": "Low",
                "Hashes": "MD5=DD3A4DD70B67F66AF35B6C4F7CF5EEAE",
                "ParentProcessId": "4636",
                "Description": "Microsoft Edge",
                "LogonId": "0x417ca",
                "LogonGuid": "{6c5fe7fc-0201-633f-ca17-040000000000}",
                "ProcessGuid": "{6c5fe7fc-03b4-633f-d900-000000000300}",
                "CurrentDirectory": "C:\\Program Files (x86)\\Microsoft\\Edge\\Application\\106.0.1370.34\\",
                "TerminalSessionId": "1",
                "ParentProcessGuid": "{6c5fe7fc-0339-633f-be00-000000000300}",
                "ParentUser": "CC64FAAE-BF24-4\\WDAGUtilityAccount",
                "FileVersion": "106.0.1370.34",
                "CommandLine": "\"C:\\Program Files (x86)\\Microsoft\\Edge\\Application\\msedge.exe\" --type=utility --utility-sub-type=unzip.mojom.Unzipper --lang=en-US --service-sandbox-type=utility --mojo-platform-channel-handle=3148 --field-trial-handle=2092,i,14371040823821677114,17582907313627881064,131072 /prefetch:8",
                "UtcTime": "2022-10-06 16:35:00.414",
                "OriginalFileName": "msedge.exe"
            },
            "task": "Process Create (rule: ProcessCreate)",
            "computer_name": "cc64faae-bf24-454e-84e2-d13617cacb46"
        }
    },
    "46": {
        "@timestamp": "2022-10-06T16:35:10.511Z",
        "host": {
            "ip": [
                "fe80::81d3:bff6:130:a96c",
                "172.30.115.76"
            ],
            "name": "cc64faae-bf24-454e-84e2-d13617cacb46"
        },
        "winlog": {
            "event_data": {
                "ProcessId": "3536",
                "Image": "C:\\Users\\WDAGUtilityAccount\\Desktop\\mimikatz_trunk\\x64\\mimikatz.exe",
                "User": "CC64FAAE-BF24-4\\WDAGUtilityAccount",
                "RuleName": "-",
                "UtcTime": "2022-10-06 16:35:10.497",
                "ProcessGuid": "{6c5fe7fc-039e-633f-d600-000000000300}"
            },
            "provider_name": "Microsoft-Windows-Sysmon",
            "task": "Process terminated (rule: ProcessTerminate)",
            "provider_guid": "{5770385f-c22a-43e0-bf4c-06f5698ffbd9}",
            "computer_name": "cc64faae-bf24-454e-84e2-d13617cacb46"
        }
    },
    "47": {
        "@timestamp": "2022-10-06T16:35:12.498Z",
        "host": {
            "name": "cc64faae-bf24-454e-84e2-d13617cacb46",
            "ip": [
                "fe80::81d3:bff6:130:a96c",
                "172.30.115.76"
            ]
        },
        "winlog": {
            "task": "Registry value set (rule: RegistryEvent)",
            "provider_guid": "{5770385f-c22a-43e0-bf4c-06f5698ffbd9}",
            "computer_name": "cc64faae-bf24-454e-84e2-d13617cacb46",
            "provider_name": "Microsoft-Windows-Sysmon",
            "event_data": {
                "EventType": "SetValue",
                "Image": "C:\\Windows\\System32\\svchost.exe",
                "ProcessId": "468",
                "Details": "Binary Data",
                "User": "NT AUTHORITY\\SYSTEM",
                "RuleName": "InvDB",
                "TargetObject": "HKU\\S-1-5-21-2047949552-857980807-821054962-504\\SOFTWARE\\Microsoft\\Windows NT\\CurrentVersion\\AppCompatFlags\\Compatibility Assistant\\Store\\C:\\Users\\WDAGUtilityAccount\\Desktop\\mimikatz_trunk\\x64\\mimikatz.exe",
                "UtcTime": "2022-10-06 16:35:12.497",
                "ProcessGuid": "{6c5fe7fc-eb2f-633b-0e00-000000000300}"
            }
        }
    },
    "48": {
        "@timestamp": "2022-10-06T16:35:15.553Z",
        "host": {
            "ip": [
                "fe80::81d3:bff6:130:a96c",
                "172.30.115.76"
            ],
            "name": "cc64faae-bf24-454e-84e2-d13617cacb46"
        },
        "winlog": {
            "provider_name": "Microsoft-Windows-Sysmon",
            "computer_name": "cc64faae-bf24-454e-84e2-d13617cacb46",
            "provider_guid": "{5770385f-c22a-43e0-bf4c-06f5698ffbd9}",
            "task": "Process Create (rule: ProcessCreate)",
            "event_data": {
                "ParentProcessId": "772",
                "IntegrityLevel": "High",
                "ParentUser": "-",
                "ParentProcessGuid": "{00000000-0000-0000-0000-000000000000}",
                "ParentImage": "-",
                "Hashes": "MD5=E4A834784FA08C17D47A1E72429C5109",
                "OriginalFileName": "OpenWith.exe",
                "Product": "Microsoft\u00c2\u00ae Windows\u00c2\u00ae Operating System",
                "ProcessId": "4796",
                "RuleName": "-",
                "TerminalSessionId": "1",
                "Image": "C:\\Windows\\System32\\OpenWith.exe",
                "CommandLine": "C:\\Windows\\system32\\OpenWith.exe -Embedding",
                "LogonId": "0x417ca",
                "ProcessGuid": "{6c5fe7fc-03c3-633f-db00-000000000300}",
                "CurrentDirectory": "C:\\Windows\\system32\\",
                "User": "CC64FAAE-BF24-4\\WDAGUtilityAccount",
                "LogonGuid": "{6c5fe7fc-0201-633f-ca17-040000000000}",
                "Description": "Pick an app",
                "FileVersion": "10.0.19041.746 (WinBuild.160101.0800)",
                "Company": "Microsoft Corporation",
                "ParentCommandLine": "-",
                "UtcTime": "2022-10-06 16:35:15.552"
            }
        }
    },
    "49": {
        "@timestamp": "2022-10-06T16:35:17.565Z",
        "host": {
            "name": "cc64faae-bf24-454e-84e2-d13617cacb46",
            "ip": [
                "fe80::81d3:bff6:130:a96c",
                "172.30.115.76"
            ]
        },
        "winlog": {
            "provider_guid": "{5770385f-c22a-43e0-bf4c-06f5698ffbd9}",
            "provider_name": "Microsoft-Windows-Sysmon",
            "event_data": {
                "TerminalSessionId": "1",
                "CurrentDirectory": "C:\\Windows\\system32\\",
                "LogonId": "0x417ca",
                "ParentUser": "CC64FAAE-BF24-4\\WDAGUtilityAccount",
                "Image": "C:\\Windows\\System32\\notepad.exe",
                "CommandLine": "\"C:\\Windows\\system32\\NOTEPAD.EXE\" C:\\Logs\\winlogbeat-20221006-4.ndjson",
                "User": "CC64FAAE-BF24-4\\WDAGUtilityAccount",
                "RuleName": "-",
                "FileVersion": "10.0.19041.1865 (WinBuild.160101.0800)",
                "Hashes": "MD5=27F71B12CB585541885A31BE22F61C83",
                "ParentProcessGuid": "{6c5fe7fc-03c3-633f-db00-000000000300}",
                "ParentCommandLine": "C:\\Windows\\system32\\OpenWith.exe -Embedding",
                "ProcessId": "5884",
                "Company": "Microsoft Corporation",
                "ProcessGuid": "{6c5fe7fc-03c5-633f-dc00-000000000300}",
                "Product": "Microsoft\u00c2\u00ae Windows\u00c2\u00ae Operating System",
                "OriginalFileName": "NOTEPAD.EXE",
                "LogonGuid": "{6c5fe7fc-0201-633f-ca17-040000000000}",
                "IntegrityLevel": "High",
                "UtcTime": "2022-10-06 16:35:17.564",
                "ParentProcessId": "4796",
                "ParentImage": "C:\\Windows\\System32\\OpenWith.exe",
                "Description": "Notepad"
            },
            "task": "Process Create (rule: ProcessCreate)",
            "computer_name": "cc64faae-bf24-454e-84e2-d13617cacb46"
        }
    },
    "50": {
        "@timestamp": "2022-10-06T16:35:37.679Z",
        "host": {
            "ip": [
                "fe80::81d3:bff6:130:a96c",
                "172.30.115.76"
            ],
            "name": "cc64faae-bf24-454e-84e2-d13617cacb46"
        },
        "winlog": {
            "computer_name": "cc64faae-bf24-454e-84e2-d13617cacb46",
            "provider_guid": "{5770385f-c22a-43e0-bf4c-06f5698ffbd9}",
            "provider_name": "Microsoft-Windows-Sysmon",
            "event_data": {
                "ProcessId": "5468",
                "OriginalFileName": "msedge.exe",
                "Hashes": "MD5=DD3A4DD70B67F66AF35B6C4F7CF5EEAE",
                "CommandLine": "\"C:\\Program Files (x86)\\Microsoft\\Edge\\Application\\msedge.exe\" --type=utility --utility-sub-type=unzip.mojom.Unzipper --lang=en-US --service-sandbox-type=utility --mojo-platform-channel-handle=1856 --field-trial-handle=2092,i,14371040823821677114,17582907313627881064,131072 /prefetch:8",
                "User": "CC64FAAE-BF24-4\\WDAGUtilityAccount",
                "Description": "Microsoft Edge",
                "LogonId": "0x417ca",
                "ParentProcessId": "4636",
                "UtcTime": "2022-10-06 16:35:37.674",
                "IntegrityLevel": "Low",
                "RuleName": "-",
                "ParentCommandLine": "\"C:\\Program Files (x86)\\Microsoft\\Edge\\Application\\msedge.exe\" --no-startup-window /prefetch:5",
                "FileVersion": "106.0.1370.34",
                "ProcessGuid": "{6c5fe7fc-03d9-633f-dd00-000000000300}",
                "TerminalSessionId": "1",
                "ParentUser": "CC64FAAE-BF24-4\\WDAGUtilityAccount",
                "LogonGuid": "{6c5fe7fc-0201-633f-ca17-040000000000}",
                "Product": "Microsoft Edge",
                "Company": "Microsoft Corporation",
                "CurrentDirectory": "C:\\Program Files (x86)\\Microsoft\\Edge\\Application\\106.0.1370.34\\",
                "ParentProcessGuid": "{6c5fe7fc-0339-633f-be00-000000000300}",
                "Image": "C:\\Program Files (x86)\\Microsoft\\Edge\\Application\\msedge.exe",
                "ParentImage": "C:\\Program Files (x86)\\Microsoft\\Edge\\Application\\msedge.exe"
            },
            "task": "Process Create (rule: ProcessCreate)"
        }
    },
    "51": {
        "@timestamp": "2022-10-06T16:35:41.810Z",
        "winlog": {
            "event_data": {
                "QueryResults": "::ffff:142.54.189.109;",
                "Image": "C:\\Windows\\System32\\BackgroundTransferHost.exe",
                "QueryName": "img-prod-cms-rt-microsoft-com.akamaized.net",
                "QueryStatus": "0",
                "RuleName": "-",
                "User": "CC64FAAE-BF24-4\\WDAGUtilityAccount",
                "UtcTime": "2022-10-06 16:35:39.861",
                "ProcessGuid": "{6c5fe7fc-03db-633f-e200-000000000300}",
                "ProcessId": "3048"
            },
            "provider_guid": "{5770385f-c22a-43e0-bf4c-06f5698ffbd9}",
            "computer_name": "cc64faae-bf24-454e-84e2-d13617cacb46",
            "task": "Dns query (rule: DnsQuery)",
            "provider_name": "Microsoft-Windows-Sysmon"
        },
        "host": {
            "ip": [
                "fe80::81d3:bff6:130:a96c",
                "172.30.115.76"
            ],
            "name": "cc64faae-bf24-454e-84e2-d13617cacb46"
        }
    },
    "52": {
        "@timestamp": "2022-10-07T10:00:35.900Z",
        "host": {
            "name": "Elmo",
            "ip": [
                "fe80::7cd2:efa8:dba2:6fc0",
                "169.254.111.192",
                "fe80::e431:7896:8d85:5aa",
                "172.21.208.1",
                "fe80::48ae:546b:7a20:7f52",
                "172.30.112.1",
                "fe80::bc21:1b56:1d1:4b9f",
                "169.254.75.159",
                "fe80::4807:9ca5:cd67:6ac6",
                "169.254.106.198",
                "fe80::e097:4ef1:6314:5a55",
                "169.254.90.85",
                "fe80::d55:b4a9:26a4:7406",
                "192.168.1.102",
                "fe80::211f:b772:c6da:bfb3",
                "172.27.16.1",
                "fe80::f90c:d738:c01c:abc6",
                "172.28.192.1"
            ]
        },
        "winlog": {
            "computer_name": "Elmo",
            "provider_name": "Microsoft-Windows-Sysmon",
            "provider_guid": "{5770385f-c22a-43e0-bf4c-06f5698ffbd9}",
            "task": "Process Create (rule: ProcessCreate)",
            "event_data": {
                "OriginalFileName": "TShark.exe",
                "IntegrityLevel": "High",
                "ParentCommandLine": "C:\\Users\\mrdor\\AppData\\Local\\Programs\\Python\\Python39\\python.exe C:/Users/mrdor/PycharmProjects/Hunterbee/client/wireshark/wireshark_interface.py",
                "LogonId": "0x262837e6",
                "RuleName": "-",
                "ProcessGuid": "{dd01dab0-f8c3-633f-3a52-010000004600}",
                "CommandLine": "\"C:/Program Files/Wireshark/tshark.exe\" -D",
                "LogonGuid": "{dd01dab0-b9ee-633f-e637-282600000000}",
                "Product": "TShark",
                "ParentProcessId": "22388",
                "Hashes": "MD5=2C7476F44C33FE4FE26600AE7AE3900D",
                "UtcTime": "2022-10-07 10:00:35.898",
                "Description": "TShark",
                "User": "ELMO\\mrdor",
                "CurrentDirectory": "C:\\Users\\mrdor\\PycharmProjects\\Hunterbee\\client\\wireshark\\",
                "ParentProcessGuid": "{dd01dab0-f517-633f-4847-010000004600}",
                "Image": "C:\\Program Files\\Wireshark\\tshark.exe",
                "Company": "The Wireshark developer community",
                "ProcessId": "23180",
                "TerminalSessionId": "4",
                "ParentUser": "ELMO\\mrdor",
                "FileVersion": "3.6.2",
                "ParentImage": "C:\\Users\\mrdor\\AppData\\Local\\Programs\\Python\\Python39\\python.exe"
            }
        }
    },
    "53": {
        "@timestamp": "2022-10-07T10:00:36.142Z",
        "host": {
            "name": "Elmo",
            "ip": [
                "fe80::7cd2:efa8:dba2:6fc0",
                "169.254.111.192",
                "fe80::e431:7896:8d85:5aa",
                "172.21.208.1",
                "fe80::48ae:546b:7a20:7f52",
                "172.30.112.1",
                "fe80::bc21:1b56:1d1:4b9f",
                "169.254.75.159",
                "fe80::4807:9ca5:cd67:6ac6",
                "169.254.106.198",
                "fe80::e097:4ef1:6314:5a55",
                "169.254.90.85",
                "fe80::d55:b4a9:26a4:7406",
                "192.168.1.102",
                "fe80::211f:b772:c6da:bfb3",
                "172.27.16.1",
                "fe80::f90c:d738:c01c:abc6",
                "172.28.192.1"
            ]
        },
        "winlog": {
            "event_data": {
                "Hashes": "MD5=A85C48F3129B10CF5593FBF3B02836FF",
                "ParentImage": "C:\\Program Files\\Wireshark\\tshark.exe",
                "UtcTime": "2022-10-07 10:00:36.140",
                "TerminalSessionId": "4",
                "Image": "C:\\Program Files\\Wireshark\\dumpcap.exe",
                "OriginalFileName": "Dumpcap.exe",
                "ParentUser": "ELMO\\mrdor",
                "Description": "Dumpcap",
                "CurrentDirectory": "C:\\Users\\mrdor\\PycharmProjects\\Hunterbee\\client\\wireshark\\",
                "LogonId": "0x262837e6",
                "ParentProcessGuid": "{dd01dab0-f8c3-633f-3a52-010000004600}",
                "ParentCommandLine": "\"C:/Program Files/Wireshark/tshark.exe\" -D",
                "Company": "The Wireshark developer community",
                "FileVersion": "3.6.2",
                "Product": "Dumpcap",
                "LogonGuid": "{dd01dab0-b9ee-633f-e637-282600000000}",
                "IntegrityLevel": "High",
                "ProcessGuid": "{dd01dab0-f8c4-633f-3b52-010000004600}",
                "User": "ELMO\\mrdor",
                "ParentProcessId": "23180",
                "ProcessId": "19668",
                "CommandLine": "\"C:\\Program Files\\Wireshark\\dumpcap.exe\" -D -Z none",
                "RuleName": "-"
            },
            "task": "Process Create (rule: ProcessCreate)",
            "computer_name": "Elmo",
            "provider_guid": "{5770385f-c22a-43e0-bf4c-06f5698ffbd9}",
            "provider_name": "Microsoft-Windows-Sysmon"
        }
    },
    "54": {
        "@timestamp": "2022-10-07T10:00:36.283Z",
        "winlog": {
            "provider_guid": "{5770385f-c22a-43e0-bf4c-06f5698ffbd9}",
            "computer_name": "Elmo",
            "task": "Process Create (rule: ProcessCreate)",
            "event_data": {
                "Product": "TShark",
                "CommandLine": "\"C:/Program Files/Wireshark/tshark.exe\" -v",
                "Description": "TShark",
                "IntegrityLevel": "High",
                "Hashes": "MD5=2C7476F44C33FE4FE26600AE7AE3900D",
                "ParentImage": "C:\\Users\\mrdor\\AppData\\Local\\Programs\\Python\\Python39\\python.exe",
                "ProcessId": "12140",
                "LogonGuid": "{dd01dab0-b9ee-633f-e637-282600000000}",
                "FileVersion": "3.6.2",
                "ParentProcessGuid": "{dd01dab0-f517-633f-4847-010000004600}",
                "RuleName": "-",
                "UtcTime": "2022-10-07 10:00:36.281",
                "ParentUser": "ELMO\\mrdor",
                "Company": "The Wireshark developer community",
                "TerminalSessionId": "4",
                "CurrentDirectory": "C:\\Users\\mrdor\\PycharmProjects\\Hunterbee\\client\\wireshark\\",
                "User": "ELMO\\mrdor",
                "ParentCommandLine": "C:\\Users\\mrdor\\AppData\\Local\\Programs\\Python\\Python39\\python.exe C:/Users/mrdor/PycharmProjects/Hunterbee/client/wireshark/wireshark_interface.py",
                "ParentProcessId": "22388",
                "OriginalFileName": "TShark.exe",
                "ProcessGuid": "{dd01dab0-f8c4-633f-3d52-010000004600}",
                "LogonId": "0x262837e6",
                "Image": "C:\\Program Files\\Wireshark\\tshark.exe"
            },
            "provider_name": "Microsoft-Windows-Sysmon"
        },
        "host": {
            "name": "Elmo",
            "ip": [
                "fe80::7cd2:efa8:dba2:6fc0",
                "169.254.111.192",
                "fe80::e431:7896:8d85:5aa",
                "172.21.208.1",
                "fe80::48ae:546b:7a20:7f52",
                "172.30.112.1",
                "fe80::bc21:1b56:1d1:4b9f",
                "169.254.75.159",
                "fe80::4807:9ca5:cd67:6ac6",
                "169.254.106.198",
                "fe80::e097:4ef1:6314:5a55",
                "169.254.90.85",
                "fe80::d55:b4a9:26a4:7406",
                "192.168.1.102",
                "fe80::211f:b772:c6da:bfb3",
                "172.27.16.1",
                "fe80::f90c:d738:c01c:abc6",
                "172.28.192.1"
            ]
        }
    },
    "55": {
        "@timestamp": "2022-10-07T10:00:36.536Z",
        "host": {
            "name": "Elmo",
            "ip": [
                "fe80::7cd2:efa8:dba2:6fc0",
                "169.254.111.192",
                "fe80::e431:7896:8d85:5aa",
                "172.21.208.1",
                "fe80::48ae:546b:7a20:7f52",
                "172.30.112.1",
                "fe80::bc21:1b56:1d1:4b9f",
                "169.254.75.159",
                "fe80::4807:9ca5:cd67:6ac6",
                "169.254.106.198",
                "fe80::e097:4ef1:6314:5a55",
                "169.254.90.85",
                "fe80::d55:b4a9:26a4:7406",
                "192.168.1.102",
                "fe80::211f:b772:c6da:bfb3",
                "172.27.16.1",
                "fe80::f90c:d738:c01c:abc6",
                "172.28.192.1"
            ]
        },
        "winlog": {
            "task": "Process Create (rule: ProcessCreate)",
            "computer_name": "Elmo",
            "provider_name": "Microsoft-Windows-Sysmon",
            "event_data": {
                "IntegrityLevel": "High",
                "Description": "Dumpcap",
                "Hashes": "MD5=A85C48F3129B10CF5593FBF3B02836FF",
                "ParentImage": "C:\\Users\\mrdor\\AppData\\Local\\Programs\\Python\\Python39\\python.exe",
                "Product": "Dumpcap",
                "User": "ELMO\\mrdor",
                "RuleName": "-",
                "ProcessId": "15524",
                "CurrentDirectory": "C:\\Users\\mrdor\\PycharmProjects\\Hunterbee\\client\\wireshark\\",
                "LogonGuid": "{dd01dab0-b9ee-633f-e637-282600000000}",
                "FileVersion": "3.6.2",
                "ParentUser": "ELMO\\mrdor",
                "TerminalSessionId": "4",
                "UtcTime": "2022-10-07 10:00:36.535",
                "Image": "C:\\Program Files\\Wireshark\\dumpcap.exe",
                "CommandLine": "\"C:/Program Files/Wireshark/dumpcap.exe\" -q -i Wi-Fi -w -",
                "ParentProcessGuid": "{dd01dab0-f517-633f-4847-010000004600}",
                "ProcessGuid": "{dd01dab0-f8c4-633f-3e52-010000004600}",
                "OriginalFileName": "Dumpcap.exe",
                "ParentProcessId": "22388",
                "Company": "The Wireshark developer community",
                "LogonId": "0x262837e6",
                "ParentCommandLine": "C:\\Users\\mrdor\\AppData\\Local\\Programs\\Python\\Python39\\python.exe C:/Users/mrdor/PycharmProjects/Hunterbee/client/wireshark/wireshark_interface.py"
            },
            "provider_guid": "{5770385f-c22a-43e0-bf4c-06f5698ffbd9}"
        }
    },
    "56": {
        "@timestamp": "2022-10-07T10:00:36.540Z",
        "host": {
            "ip": [
                "fe80::7cd2:efa8:dba2:6fc0",
                "169.254.111.192",
                "fe80::e431:7896:8d85:5aa",
                "172.21.208.1",
                "fe80::48ae:546b:7a20:7f52",
                "172.30.112.1",
                "fe80::bc21:1b56:1d1:4b9f",
                "169.254.75.159",
                "fe80::4807:9ca5:cd67:6ac6",
                "169.254.106.198",
                "fe80::e097:4ef1:6314:5a55",
                "169.254.90.85",
                "fe80::d55:b4a9:26a4:7406",
                "192.168.1.102",
                "fe80::211f:b772:c6da:bfb3",
                "172.27.16.1",
                "fe80::f90c:d738:c01c:abc6",
                "172.28.192.1"
            ],
            "name": "Elmo"
        },
        "winlog": {
            "computer_name": "Elmo",
            "provider_name": "Microsoft-Windows-Sysmon",
            "task": "Process Create (rule: ProcessCreate)",
            "provider_guid": "{5770385f-c22a-43e0-bf4c-06f5698ffbd9}",
            "event_data": {
                "ParentUser": "ELMO\\mrdor",
                "User": "ELMO\\mrdor",
                "Product": "TShark",
                "CurrentDirectory": "C:\\Users\\mrdor\\PycharmProjects\\Hunterbee\\client\\wireshark\\",
                "ParentProcessId": "22388",
                "ProcessId": "18340",
                "LogonId": "0x262837e6",
                "ParentImage": "C:\\Users\\mrdor\\AppData\\Local\\Programs\\Python\\Python39\\python.exe",
                "ParentCommandLine": "C:\\Users\\mrdor\\AppData\\Local\\Programs\\Python\\Python39\\python.exe C:/Users/mrdor/PycharmProjects/Hunterbee/client/wireshark/wireshark_interface.py",
                "Description": "TShark",
                "TerminalSessionId": "4",
                "Image": "C:\\Program Files\\Wireshark\\tshark.exe",
                "UtcTime": "2022-10-07 10:00:36.538",
                "FileVersion": "3.6.2",
                "ParentProcessGuid": "{dd01dab0-f517-633f-4847-010000004600}",
                "ProcessGuid": "{dd01dab0-f8c4-633f-3f52-010000004600}",
                "LogonGuid": "{dd01dab0-b9ee-633f-e637-282600000000}",
                "IntegrityLevel": "High",
                "CommandLine": "\"C:/Program Files/Wireshark/tshark.exe\" -D",
                "Company": "The Wireshark developer community",
                "OriginalFileName": "TShark.exe",
                "Hashes": "MD5=2C7476F44C33FE4FE26600AE7AE3900D",
                "RuleName": "-"
            }
        }
    },
    "57": {
        "@timestamp": "2022-10-07T10:00:36.768Z",
        "host": {
            "ip": [
                "fe80::7cd2:efa8:dba2:6fc0",
                "169.254.111.192",
                "fe80::e431:7896:8d85:5aa",
                "172.21.208.1",
                "fe80::48ae:546b:7a20:7f52",
                "172.30.112.1",
                "fe80::bc21:1b56:1d1:4b9f",
                "169.254.75.159",
                "fe80::4807:9ca5:cd67:6ac6",
                "169.254.106.198",
                "fe80::e097:4ef1:6314:5a55",
                "169.254.90.85",
                "fe80::d55:b4a9:26a4:7406",
                "192.168.1.102",
                "fe80::211f:b772:c6da:bfb3",
                "172.27.16.1",
                "fe80::f90c:d738:c01c:abc6",
                "172.28.192.1"
            ],
            "name": "Elmo"
        },
        "winlog": {
            "provider_guid": "{5770385f-c22a-43e0-bf4c-06f5698ffbd9}",
            "provider_name": "Microsoft-Windows-Sysmon",
            "computer_name": "Elmo",
            "task": "Process Create (rule: ProcessCreate)",
            "event_data": {
                "Hashes": "MD5=A85C48F3129B10CF5593FBF3B02836FF",
                "Product": "Dumpcap",
                "LogonId": "0x262837e6",
                "ParentUser": "ELMO\\mrdor",
                "CurrentDirectory": "C:\\Users\\mrdor\\PycharmProjects\\Hunterbee\\client\\wireshark\\",
                "ProcessGuid": "{dd01dab0-f8c4-633f-4052-010000004600}",
                "ProcessId": "7260",
                "CommandLine": "\"C:\\Program Files\\Wireshark\\dumpcap.exe\" -D -Z none",
                "FileVersion": "3.6.2",
                "Description": "Dumpcap",
                "ParentProcessGuid": "{dd01dab0-f8c4-633f-3f52-010000004600}",
                "RuleName": "-",
                "ParentCommandLine": "\"C:/Program Files/Wireshark/tshark.exe\" -D",
                "UtcTime": "2022-10-07 10:00:36.766",
                "LogonGuid": "{dd01dab0-b9ee-633f-e637-282600000000}",
                "ParentProcessId": "18340",
                "Company": "The Wireshark developer community",
                "IntegrityLevel": "High",
                "Image": "C:\\Program Files\\Wireshark\\dumpcap.exe",
                "OriginalFileName": "Dumpcap.exe",
                "User": "ELMO\\mrdor",
                "TerminalSessionId": "4",
                "ParentImage": "C:\\Program Files\\Wireshark\\tshark.exe"
            }
        }
    },
    "58": {
        "@timestamp": "2022-10-07T10:00:36.906Z",
        "host": {
            "name": "Elmo",
            "ip": [
                "fe80::7cd2:efa8:dba2:6fc0",
                "169.254.111.192",
                "fe80::e431:7896:8d85:5aa",
                "172.21.208.1",
                "fe80::48ae:546b:7a20:7f52",
                "172.30.112.1",
                "fe80::bc21:1b56:1d1:4b9f",
                "169.254.75.159",
                "fe80::4807:9ca5:cd67:6ac6",
                "169.254.106.198",
                "fe80::e097:4ef1:6314:5a55",
                "169.254.90.85",
                "fe80::d55:b4a9:26a4:7406",
                "192.168.1.102",
                "fe80::211f:b772:c6da:bfb3",
                "172.27.16.1",
                "fe80::f90c:d738:c01c:abc6",
                "172.28.192.1"
            ]
        },
        "winlog": {
            "task": "Process Create (rule: ProcessCreate)",
            "provider_guid": "{5770385f-c22a-43e0-bf4c-06f5698ffbd9}",
            "provider_name": "Microsoft-Windows-Sysmon",
            "event_data": {
                "IntegrityLevel": "High",
                "RuleName": "-",
                "ParentCommandLine": "C:\\Users\\mrdor\\AppData\\Local\\Programs\\Python\\Python39\\python.exe C:/Users/mrdor/PycharmProjects/Hunterbee/client/wireshark/wireshark_interface.py",
                "Description": "TShark",
                "ParentImage": "C:\\Users\\mrdor\\AppData\\Local\\Programs\\Python\\Python39\\python.exe",
                "CurrentDirectory": "C:\\Users\\mrdor\\PycharmProjects\\Hunterbee\\client\\wireshark\\",
                "ParentUser": "ELMO\\mrdor",
                "LogonId": "0x262837e6",
                "CommandLine": "\"C:/Program Files/Wireshark/tshark.exe\" -l -n -T pdml -c 25 -w C:/Users/mrdor/PycharmProjects/Hunterbee/client/tempfiles/Logs/Wireshark/wireshark-logs-177.pcap -i -",
                "LogonGuid": "{dd01dab0-b9ee-633f-e637-282600000000}",
                "ParentProcessId": "22388",
                "ProcessId": "12584",
                "FileVersion": "3.6.2",
                "OriginalFileName": "TShark.exe",
                "TerminalSessionId": "4",
                "ParentProcessGuid": "{dd01dab0-f517-633f-4847-010000004600}",
                "ProcessGuid": "{dd01dab0-f8c4-633f-4252-010000004600}",
                "Image": "C:\\Program Files\\Wireshark\\tshark.exe",
                "User": "ELMO\\mrdor",
                "UtcTime": "2022-10-07 10:00:36.905",
                "Product": "TShark",
                "Company": "The Wireshark developer community",
                "Hashes": "MD5=2C7476F44C33FE4FE26600AE7AE3900D"
            },
            "computer_name": "Elmo"
        }
    },
    "59": {
        "@timestamp": "2022-10-07T10:00:37.137Z",
        "host": {
            "name": "Elmo",
            "ip": [
                "fe80::7cd2:efa8:dba2:6fc0",
                "169.254.111.192",
                "fe80::e431:7896:8d85:5aa",
                "172.21.208.1",
                "fe80::48ae:546b:7a20:7f52",
                "172.30.112.1",
                "fe80::bc21:1b56:1d1:4b9f",
                "169.254.75.159",
                "fe80::4807:9ca5:cd67:6ac6",
                "169.254.106.198",
                "fe80::e097:4ef1:6314:5a55",
                "169.254.90.85",
                "fe80::d55:b4a9:26a4:7406",
                "192.168.1.102",
                "fe80::211f:b772:c6da:bfb3",
                "172.27.16.1",
                "fe80::f90c:d738:c01c:abc6",
                "172.28.192.1"
            ]
        },
        "winlog": {
            "event_data": {
                "LogonGuid": "{dd01dab0-b9ee-633f-e637-282600000000}",
                "ParentProcessId": "12584",
                "Description": "Dumpcap",
                "OriginalFileName": "Dumpcap.exe",
                "FileVersion": "3.6.2",
                "RuleName": "-",
                "ProcessId": "17328",
                "TerminalSessionId": "4",
                "CommandLine": "\"C:\\Program Files\\Wireshark\\dumpcap.exe\" -D -Z none",
                "ParentImage": "C:\\Program Files\\Wireshark\\tshark.exe",
                "ParentUser": "ELMO\\mrdor",
                "ParentCommandLine": "\"C:/Program Files/Wireshark/tshark.exe\" -l -n -T pdml -c 25 -w C:/Users/mrdor/PycharmProjects/Hunterbee/client/tempfiles/Logs/Wireshark/wireshark-logs-177.pcap -i -",
                "LogonId": "0x262837e6",
                "ProcessGuid": "{dd01dab0-f8c5-633f-4352-010000004600}",
                "Company": "The Wireshark developer community",
                "Image": "C:\\Program Files\\Wireshark\\dumpcap.exe",
                "UtcTime": "2022-10-07 10:00:37.135",
                "User": "ELMO\\mrdor",
                "IntegrityLevel": "High",
                "CurrentDirectory": "C:\\Users\\mrdor\\PycharmProjects\\Hunterbee\\client\\wireshark\\",
                "ParentProcessGuid": "{dd01dab0-f8c4-633f-4252-010000004600}",
                "Product": "Dumpcap",
                "Hashes": "MD5=A85C48F3129B10CF5593FBF3B02836FF"
            },
            "provider_name": "Microsoft-Windows-Sysmon",
            "computer_name": "Elmo",
            "task": "Process Create (rule: ProcessCreate)",
            "provider_guid": "{5770385f-c22a-43e0-bf4c-06f5698ffbd9}"
        }
    },
    "60": {
        "@timestamp": "2022-10-07T10:00:37.354Z",
        "host": {
            "ip": [
                "fe80::7cd2:efa8:dba2:6fc0",
                "169.254.111.192",
                "fe80::e431:7896:8d85:5aa",
                "172.21.208.1",
                "fe80::48ae:546b:7a20:7f52",
                "172.30.112.1",
                "fe80::bc21:1b56:1d1:4b9f",
                "169.254.75.159",
                "fe80::4807:9ca5:cd67:6ac6",
                "169.254.106.198",
                "fe80::e097:4ef1:6314:5a55",
                "169.254.90.85",
                "fe80::d55:b4a9:26a4:7406",
                "192.168.1.102",
                "fe80::211f:b772:c6da:bfb3",
                "172.27.16.1",
                "fe80::f90c:d738:c01c:abc6",
                "172.28.192.1"
            ],
            "name": "Elmo"
        },
        "winlog": {
            "event_data": {
                "ProcessGuid": "{dd01dab0-f8c5-633f-4552-010000004600}",
                "CommandLine": "\"C:\\Program Files\\Wireshark\\dumpcap.exe\" -n -c 25 -i - -Z 12584 -w C:/Users/mrdor/PycharmProjects/Hunterbee/client/tempfiles/Logs/Wireshark/wireshark-logs-177.pcap",
                "ParentUser": "ELMO\\mrdor",
                "FileVersion": "3.6.2",
                "LogonId": "0x262837e6",
                "Image": "C:\\Program Files\\Wireshark\\dumpcap.exe",
                "Company": "The Wireshark developer community",
                "Hashes": "MD5=A85C48F3129B10CF5593FBF3B02836FF",
                "UtcTime": "2022-10-07 10:00:37.352",
                "LogonGuid": "{dd01dab0-b9ee-633f-e637-282600000000}",
                "IntegrityLevel": "High",
                "ProcessId": "14792",
                "ParentProcessId": "12584",
                "OriginalFileName": "Dumpcap.exe",
                "RuleName": "-",
                "User": "ELMO\\mrdor",
                "TerminalSessionId": "4",
                "CurrentDirectory": "C:\\Users\\mrdor\\PycharmProjects\\Hunterbee\\client\\wireshark\\",
                "ParentProcessGuid": "{dd01dab0-f8c4-633f-4252-010000004600}",
                "ParentImage": "C:\\Program Files\\Wireshark\\tshark.exe",
                "Description": "Dumpcap",
                "Product": "Dumpcap",
                "ParentCommandLine": "\"C:/Program Files/Wireshark/tshark.exe\" -l -n -T pdml -c 25 -w C:/Users/mrdor/PycharmProjects/Hunterbee/client/tempfiles/Logs/Wireshark/wireshark-logs-177.pcap -i -"
            },
            "task": "Process Create (rule: ProcessCreate)",
            "computer_name": "Elmo",
            "provider_guid": "{5770385f-c22a-43e0-bf4c-06f5698ffbd9}",
            "provider_name": "Microsoft-Windows-Sysmon"
        }
    },
    "61": {
        "@timestamp": "2022-10-07T10:00:37.676Z",
        "winlog": {
            "provider_guid": "{5770385f-c22a-43e0-bf4c-06f5698ffbd9}",
            "provider_name": "Microsoft-Windows-Sysmon",
            "task": "Process Create (rule: ProcessCreate)",
            "computer_name": "Elmo",
            "event_data": {
                "ParentProcessGuid": "{dd01dab0-f517-633f-4847-010000004600}",
                "RuleName": "-",
                "ProcessId": "9168",
                "LogonId": "0x262837e6",
                "TerminalSessionId": "4",
                "LogonGuid": "{dd01dab0-b9ee-633f-e637-282600000000}",
                "Hashes": "MD5=8A2122E8162DBEF04694B9C3E0B6CDEE",
                "ProcessGuid": "{dd01dab0-f8c5-633f-4752-010000004600}",
                "FileVersion": "10.0.19041.746 (WinBuild.160101.0800)",
                "Description": "Windows Command Processor",
                "ParentImage": "C:\\Users\\mrdor\\AppData\\Local\\Programs\\Python\\Python39\\python.exe",
                "UtcTime": "2022-10-07 10:00:37.673",
                "User": "ELMO\\mrdor",
                "Company": "Microsoft Corporation",
                "CurrentDirectory": "C:\\Users\\mrdor\\PycharmProjects\\Hunterbee\\client\\wireshark\\",
                "IntegrityLevel": "High",
                "CommandLine": "C:\\Windows\\system32\\cmd.exe /c \"tshark -r C:/Users/mrdor/PycharmProjects/Hunterbee/client/tempfiles/Logs/Wireshark/wireshark-logs-177.pcap -T json > C:/Users/mrdor/PycharmProjects/Hunterbee/client/tempfiles/Logs/Wireshark/wireshark-logs-177.json\"",
                "ParentCommandLine": "C:\\Users\\mrdor\\AppData\\Local\\Programs\\Python\\Python39\\python.exe C:/Users/mrdor/PycharmProjects/Hunterbee/client/wireshark/wireshark_interface.py",
                "Image": "C:\\Windows\\System32\\cmd.exe",
                "Product": "Microsoft\u00c2\u00ae Windows\u00c2\u00ae Operating System",
                "ParentUser": "ELMO\\mrdor",
                "OriginalFileName": "Cmd.Exe",
                "ParentProcessId": "22388"
            }
        },
        "host": {
            "ip": [
                "fe80::7cd2:efa8:dba2:6fc0",
                "169.254.111.192",
                "fe80::e431:7896:8d85:5aa",
                "172.21.208.1",
                "fe80::48ae:546b:7a20:7f52",
                "172.30.112.1",
                "fe80::bc21:1b56:1d1:4b9f",
                "169.254.75.159",
                "fe80::4807:9ca5:cd67:6ac6",
                "169.254.106.198",
                "fe80::e097:4ef1:6314:5a55",
                "169.254.90.85",
                "fe80::d55:b4a9:26a4:7406",
                "192.168.1.102",
                "fe80::211f:b772:c6da:bfb3",
                "172.27.16.1",
                "fe80::f90c:d738:c01c:abc6",
                "172.28.192.1"
            ],
            "name": "Elmo"
        }
    },
    "62": {
        "@timestamp": "2022-10-07T10:00:37.685Z",
        "host": {
            "name": "Elmo",
            "ip": [
                "fe80::7cd2:efa8:dba2:6fc0",
                "169.254.111.192",
                "fe80::e431:7896:8d85:5aa",
                "172.21.208.1",
                "fe80::48ae:546b:7a20:7f52",
                "172.30.112.1",
                "fe80::bc21:1b56:1d1:4b9f",
                "169.254.75.159",
                "fe80::4807:9ca5:cd67:6ac6",
                "169.254.106.198",
                "fe80::e097:4ef1:6314:5a55",
                "169.254.90.85",
                "fe80::d55:b4a9:26a4:7406",
                "192.168.1.102",
                "fe80::211f:b772:c6da:bfb3",
                "172.27.16.1",
                "fe80::f90c:d738:c01c:abc6",
                "172.28.192.1"
            ]
        },
        "winlog": {
            "task": "Process Create (rule: ProcessCreate)",
            "provider_guid": "{5770385f-c22a-43e0-bf4c-06f5698ffbd9}",
            "computer_name": "Elmo",
            "provider_name": "Microsoft-Windows-Sysmon",
            "event_data": {
                "IntegrityLevel": "High",
                "Description": "TShark",
                "ProcessId": "1876",
                "Company": "The Wireshark developer community",
                "User": "ELMO\\mrdor",
                "Hashes": "MD5=2C7476F44C33FE4FE26600AE7AE3900D",
                "ParentImage": "C:\\Windows\\System32\\cmd.exe",
                "OriginalFileName": "TShark.exe",
                "LogonGuid": "{dd01dab0-b9ee-633f-e637-282600000000}",
                "UtcTime": "2022-10-07 10:00:37.684",
                "ParentCommandLine": "C:\\Windows\\system32\\cmd.exe /c \"tshark -r C:/Users/mrdor/PycharmProjects/Hunterbee/client/tempfiles/Logs/Wireshark/wireshark-logs-177.pcap -T json > C:/Users/mrdor/PycharmProjects/Hunterbee/client/tempfiles/Logs/Wireshark/wireshark-logs-177.json\"",
                "CurrentDirectory": "C:\\Users\\mrdor\\PycharmProjects\\Hunterbee\\client\\wireshark\\",
                "ParentProcessId": "9168",
                "CommandLine": "tshark  -r C:/Users/mrdor/PycharmProjects/Hunterbee/client/tempfiles/Logs/Wireshark/wireshark-logs-177.pcap -T json ",
                "LogonId": "0x262837e6",
                "ParentProcessGuid": "{dd01dab0-f8c5-633f-4752-010000004600}",
                "FileVersion": "3.6.2",
                "RuleName": "-",
                "ParentUser": "ELMO\\mrdor",
                "Product": "TShark",
                "Image": "C:\\Program Files\\Wireshark\\tshark.exe",
                "TerminalSessionId": "4",
                "ProcessGuid": "{dd01dab0-f8c5-633f-4852-010000004600}"
            }
        }
    },
    "63": {
        "@timestamp": "2022-10-07T10:00:38.066Z",
        "host": {
            "ip": [
                "fe80::7cd2:efa8:dba2:6fc0",
                "169.254.111.192",
                "fe80::e431:7896:8d85:5aa",
                "172.21.208.1",
                "fe80::48ae:546b:7a20:7f52",
                "172.30.112.1",
                "fe80::bc21:1b56:1d1:4b9f",
                "169.254.75.159",
                "fe80::4807:9ca5:cd67:6ac6",
                "169.254.106.198",
                "fe80::e097:4ef1:6314:5a55",
                "169.254.90.85",
                "fe80::d55:b4a9:26a4:7406",
                "192.168.1.102",
                "fe80::211f:b772:c6da:bfb3",
                "172.27.16.1",
                "fe80::f90c:d738:c01c:abc6",
                "172.28.192.1"
            ],
            "name": "Elmo"
        },
        "winlog": {
            "event_data": {
                "LogonId": "0x262837e6",
                "UtcTime": "2022-10-07 10:00:38.064",
                "FileVersion": "3.6.2",
                "CommandLine": "\"C:/Program Files/Wireshark/tshark.exe\" -D",
                "CurrentDirectory": "C:\\Users\\mrdor\\PycharmProjects\\Hunterbee\\client\\wireshark\\",
                "RuleName": "-",
                "Image": "C:\\Program Files\\Wireshark\\tshark.exe",
                "Description": "TShark",
                "Product": "TShark",
                "User": "ELMO\\mrdor",
