                "ProcessGuid": "{dd01dab0-730f-6338-882c-010000004000}",
                "ProcessId": "10808",
                "ParentProcessId": "16560",
                "CommandLine": "\\??\\C:\\Windows\\system32\\conhost.exe 0xffffffff -ForceV1",
                "CurrentDirectory": "C:\\Windows",
                "TerminalSessionId": "4",
                "Hashes": "MD5=0D698AF330FD17BEE3BF90011D49251D,SHA256=3C1C6D813D2B031D988204155FC198FE4F32FF56C05DABBCFCD5486131F4FB9D",
                "ParentCommandLine": "C:\\Users\\mrdor\\PycharmProjects\\Hunterbee\\venv\\Scripts\\python.exe \"C:\\Program Files\\JetBrains\\PyCharm 2021.3\\plugins\\python\\helpers\\pycodestyle.py\" --max-line-length=120 -",
                "ParentUser": "ELMO\\mrdor",
                "Company": "Microsoft Corporation",
                "User": "ELMO\\mrdor",
                "FileVersion": "10.0.19041.1566 (WinBuild.160101.0800)",
                "ParentProcessGuid": "{dd01dab0-730f-6338-872c-010000004000}",
                "Description": "Console Window Host"
            },
            "task": "Process Create (rule: ProcessCreate)",
            "provider_guid": "{5770385f-c22a-43e0-bf4c-06f5698ffbd9}",
            "provider_name": "Microsoft-Windows-Sysmon"
        }
    },
    "15": {
        "@timestamp": "2022-10-01T17:04:26.071Z",
        "winlog": {
            "task": "Process Create (rule: ProcessCreate)",
            "provider_guid": "{5770385f-c22a-43e0-bf4c-06f5698ffbd9}",
            "provider_name": "Microsoft-Windows-Sysmon",
            "event_data": {
                "ParentUser": "ELMO\\mrdor",
                "Image": "C:\\Windows\\System32\\conhost.exe",
                "Product": "Microsoft\u00c2\u00ae Windows\u00c2\u00ae Operating System",
                "ParentImage": "C:\\Users\\mrdor\\PycharmProjects\\Hunterbee\\venv\\Scripts\\python.exe",
                "UtcTime": "2022-10-01 17:04:26.065",
                "CurrentDirectory": "C:\\Windows",
                "ParentProcessGuid": "{dd01dab0-731a-6338-8a2c-010000004000}",
                "OriginalFileName": "CONHOST.EXE",
                "ProcessGuid": "{dd01dab0-731a-6338-8b2c-010000004000}",
                "IntegrityLevel": "High",
                "Company": "Microsoft Corporation",
                "LogonId": "0x20c41d50",
                "ProcessId": "17608",
                "RuleName": "-",
                "Description": "Console Window Host",
                "ParentProcessId": "17008",
                "TerminalSessionId": "4",
                "FileVersion": "10.0.19041.1566 (WinBuild.160101.0800)",
                "LogonGuid": "{dd01dab0-9c1c-6335-501d-c42000000000}",
                "User": "ELMO\\mrdor",
                "ParentCommandLine": "C:\\Users\\mrdor\\PycharmProjects\\Hunterbee\\venv\\Scripts\\python.exe \"C:\\Program Files\\JetBrains\\PyCharm 2021.3\\plugins\\python\\helpers\\pycodestyle.py\" --max-line-length=120 -",
                "CommandLine": "\\??\\C:\\Windows\\system32\\conhost.exe 0xffffffff -ForceV1",
                "Hashes": "MD5=0D698AF330FD17BEE3BF90011D49251D,SHA256=3C1C6D813D2B031D988204155FC198FE4F32FF56C05DABBCFCD5486131F4FB9D"
            },
            "computer_name": "Elmo"
        },
        "host": {
            "name": "Elmo",
            "ip": [
                "fe80::a124:aaad:caaa:fa18",
                "169.254.250.24",
                "fe80::6190:cebb:c47a:6085",
                "169.254.96.133",
                "fe80::64c9:75f2:e438:b0d8",
                "172.18.80.1",
                "fe80::d190:aca4:5de:d03c",
                "172.27.96.1",
                "fe80::b4d7:de0d:3edb:1bc4",
                "192.168.56.1",
                "fe80::f4db:5a2e:ad57:1420",
                "169.254.20.32",
                "fe80::d555:f80:832f:7ce5",
                "169.254.124.229",
                "fe80::9810:b4f4:77ea:e9a6",
                "169.254.233.166",
                "fe80::28a0:2b41:f083:29b0",
                "192.168.1.102",
                "fe80::b1a0:c04c:13f6:7545",
                "172.29.64.1",
                "fe80::c5b2:4950:2d20:bb68",
                "172.28.176.1",
                "fe80::d003:415c:ba1e:166c",
                "172.25.64.1",
                "fe80::b8d9:d9dd:b164:c469",
                "169.254.196.105"
            ]
        }
    },
    "16": {
        "@timestamp": "2022-10-01T17:04:27.864Z",
        "winlog": {
            "provider_guid": "{5770385f-c22a-43e0-bf4c-06f5698ffbd9}",
            "task": "Process Create (rule: ProcessCreate)",
            "computer_name": "Elmo",
            "provider_name": "Microsoft-Windows-Sysmon",
            "event_data": {
                "LogonId": "0x20c41d50",
                "Company": "Microsoft Corporation",
                "User": "ELMO\\mrdor",
                "RuleName": "-",
                "CurrentDirectory": "C:\\Windows",
                "ParentProcessId": "4992",
                "Description": "Console Window Host",
                "ParentImage": "C:\\Users\\mrdor\\PycharmProjects\\Hunterbee\\venv\\Scripts\\python.exe",
                "ParentProcessGuid": "{dd01dab0-731b-6338-8d2c-010000004000}",
                "ParentUser": "ELMO\\mrdor",
                "ProcessId": "12868",
                "Image": "C:\\Windows\\System32\\conhost.exe",
                "ParentCommandLine": "C:\\Users\\mrdor\\PycharmProjects\\Hunterbee\\venv\\Scripts\\python.exe \"C:\\Program Files\\JetBrains\\PyCharm 2021.3\\plugins\\python\\helpers\\pycodestyle.py\" --max-line-length=120 -",
                "ProcessGuid": "{dd01dab0-731b-6338-8e2c-010000004000}",
                "Product": "Microsoft\u00c2\u00ae Windows\u00c2\u00ae Operating System",
                "IntegrityLevel": "High",
                "FileVersion": "10.0.19041.1566 (WinBuild.160101.0800)",
                "OriginalFileName": "CONHOST.EXE",
                "Hashes": "MD5=0D698AF330FD17BEE3BF90011D49251D,SHA256=3C1C6D813D2B031D988204155FC198FE4F32FF56C05DABBCFCD5486131F4FB9D",
                "UtcTime": "2022-10-01 17:04:27.862",
                "CommandLine": "\\??\\C:\\Windows\\system32\\conhost.exe 0xffffffff -ForceV1",
                "LogonGuid": "{dd01dab0-9c1c-6335-501d-c42000000000}",
                "TerminalSessionId": "4"
            }
        },
        "host": {
            "ip": [
                "fe80::a124:aaad:caaa:fa18",
                "169.254.250.24",
                "fe80::6190:cebb:c47a:6085",
                "169.254.96.133",
                "fe80::64c9:75f2:e438:b0d8",
                "172.18.80.1",
                "fe80::d190:aca4:5de:d03c",
                "172.27.96.1",
                "fe80::b4d7:de0d:3edb:1bc4",
                "192.168.56.1",
                "fe80::f4db:5a2e:ad57:1420",
                "169.254.20.32",
                "fe80::d555:f80:832f:7ce5",
                "169.254.124.229",
                "fe80::9810:b4f4:77ea:e9a6",
                "169.254.233.166",
                "fe80::28a0:2b41:f083:29b0",
                "192.168.1.102",
                "fe80::b1a0:c04c:13f6:7545",
                "172.29.64.1",
                "fe80::c5b2:4950:2d20:bb68",
                "172.28.176.1",
                "fe80::d003:415c:ba1e:166c",
                "172.25.64.1",
                "fe80::b8d9:d9dd:b164:c469",
                "169.254.196.105"
            ],
            "name": "Elmo"
        }
    },
    "17": {
        "@timestamp": "2022-10-01T17:04:29.437Z",
        "host": {
            "name": "Elmo",
            "ip": [
                "fe80::a124:aaad:caaa:fa18",
                "169.254.250.24",
                "fe80::6190:cebb:c47a:6085",
                "169.254.96.133",
                "fe80::64c9:75f2:e438:b0d8",
                "172.18.80.1",
                "fe80::d190:aca4:5de:d03c",
                "172.27.96.1",
                "fe80::b4d7:de0d:3edb:1bc4",
                "192.168.56.1",
                "fe80::f4db:5a2e:ad57:1420",
                "169.254.20.32",
                "fe80::d555:f80:832f:7ce5",
                "169.254.124.229",
                "fe80::9810:b4f4:77ea:e9a6",
                "169.254.233.166",
                "fe80::28a0:2b41:f083:29b0",
                "192.168.1.102",
                "fe80::b1a0:c04c:13f6:7545",
                "172.29.64.1",
                "fe80::c5b2:4950:2d20:bb68",
                "172.28.176.1",
                "fe80::d003:415c:ba1e:166c",
                "172.25.64.1",
                "fe80::b8d9:d9dd:b164:c469",
                "169.254.196.105"
            ]
        },
        "winlog": {
            "provider_guid": "{5770385f-c22a-43e0-bf4c-06f5698ffbd9}",
            "task": "Process Create (rule: ProcessCreate)",
            "computer_name": "Elmo",
            "provider_name": "Microsoft-Windows-Sysmon",
            "event_data": {
                "ProcessGuid": "{dd01dab0-731d-6338-902c-010000004000}",
                "ProcessId": "9164",
                "ParentImage": "C:\\Program Files\\JetBrains\\PyCharm 2021.3\\bin\\pycharm64.exe",
                "LogonGuid": "{dd01dab0-9c1c-6335-501d-c42000000000}",
                "UtcTime": "2022-10-01 17:04:29.435",
                "IntegrityLevel": "High",
                "Product": "IntelliJ Platform",
                "Company": "JetBrains s.r.o.",
                "Hashes": "MD5=23E6EC0009C0C7081DB498A691B89E87,SHA256=4B763DE958DD9B0C8F9390EC8D033AD848D3BD432AA031BAA8911B1AD8914E13",
                "ParentCommandLine": "\"C:\\Program Files\\JetBrains\\PyCharm 2021.3\\bin\\pycharm64.exe\" ",
                "FileVersion": "1.0.0.1",
                "CurrentDirectory": "C:\\Users\\mrdor\\PycharmProjects\\Hunterbee\\",
                "TerminalSessionId": "4",
                "OriginalFileName": "runnerw.exe",
                "Description": "Command line runner",
                "RuleName": "-",
                "CommandLine": "\"C:\\Program Files\\JetBrains\\PyCharm 2021.3\\bin\\runnerw.exe\" \"C:\\Program Files\\Git\\cmd\\git.exe\" -c credential.helper= -c core.quotepath=false -c log.showSignature=false status --porcelain -z --untracked-files=no --ignored=no -- .idea/workspace.xml client/sysmon/logs.py client/sysmon/sample_configs/sysmonconfig-export.xml client/sysmon/sysmon_configs/sysmonconfig-export.xml client/sysmon/winlogbeat/bat_files/check.bat client/sysmon/winlogbeat/bat_files/install.bat client/sysmon/winlogbeat/bat_files/start.bat client/sysmon/winlogbeat/bat_files/stop.bat client/sysmon/winlogbeat/winlogbeat_interface.py client/utils.py client/winlogbeat/bat_files/check.bat client/winlogbeat/bat_files/install.bat client/winlogbeat/bat_files/start.bat client/winlogbeat/bat_files/stop.bat client/winlogbeat/winlogbeat_interface.py",
                "ParentProcessGuid": "{dd01dab0-5d45-6338-f024-010000004000}",
                "LogonId": "0x20c41d50",
                "Image": "C:\\Program Files\\JetBrains\\PyCharm 2021.3\\bin\\runnerw.exe",
                "ParentUser": "ELMO\\mrdor",
                "User": "ELMO\\mrdor",
                "ParentProcessId": "5728"
            }
        }
    },
    "18": {
        "@timestamp": "2022-10-01T17:04:29.443Z",
        "host": {
            "name": "Elmo",
            "ip": [
                "fe80::a124:aaad:caaa:fa18",
                "169.254.250.24",
                "fe80::6190:cebb:c47a:6085",
                "169.254.96.133",
                "fe80::64c9:75f2:e438:b0d8",
                "172.18.80.1",
                "fe80::d190:aca4:5de:d03c",
                "172.27.96.1",
                "fe80::b4d7:de0d:3edb:1bc4",
                "192.168.56.1",
                "fe80::f4db:5a2e:ad57:1420",
                "169.254.20.32",
                "fe80::d555:f80:832f:7ce5",
                "169.254.124.229",
                "fe80::9810:b4f4:77ea:e9a6",
                "169.254.233.166",
                "fe80::28a0:2b41:f083:29b0",
                "192.168.1.102",
                "fe80::b1a0:c04c:13f6:7545",
                "172.29.64.1",
                "fe80::c5b2:4950:2d20:bb68",
                "172.28.176.1",
                "fe80::d003:415c:ba1e:166c",
                "172.25.64.1",
                "fe80::b8d9:d9dd:b164:c469",
                "169.254.196.105"
            ]
        },
        "winlog": {
            "provider_guid": "{5770385f-c22a-43e0-bf4c-06f5698ffbd9}",
            "event_data": {
                "ProcessId": "8132",
                "Product": "Microsoft\u00c2\u00ae Windows\u00c2\u00ae Operating System",
                "Hashes": "MD5=0D698AF330FD17BEE3BF90011D49251D,SHA256=3C1C6D813D2B031D988204155FC198FE4F32FF56C05DABBCFCD5486131F4FB9D",
                "ParentImage": "C:\\Program Files\\JetBrains\\PyCharm 2021.3\\bin\\runnerw.exe",
                "Description": "Console Window Host",
                "OriginalFileName": "CONHOST.EXE",
                "CommandLine": "\\??\\C:\\Windows\\system32\\conhost.exe 0xffffffff -ForceV1",
                "LogonGuid": "{dd01dab0-9c1c-6335-501d-c42000000000}",
                "ProcessGuid": "{dd01dab0-731d-6338-912c-010000004000}",
                "Image": "C:\\Windows\\System32\\conhost.exe",
                "ParentProcessGuid": "{dd01dab0-731d-6338-902c-010000004000}",
                "UtcTime": "2022-10-01 17:04:29.440",
                "LogonId": "0x20c41d50",
                "IntegrityLevel": "High",
                "ParentCommandLine": "\"C:\\Program Files\\JetBrains\\PyCharm 2021.3\\bin\\runnerw.exe\" \"C:\\Program Files\\Git\\cmd\\git.exe\" -c credential.helper= -c core.quotepath=false -c log.showSignature=false status --porcelain -z --untracked-files=no --ignored=no -- .idea/workspace.xml client/sysmon/logs.py client/sysmon/sample_configs/sysmonconfig-export.xml client/sysmon/sysmon_configs/sysmonconfig-export.xml client/sysmon/winlogbeat/bat_files/check.bat client/sysmon/winlogbeat/bat_files/install.bat client/sysmon/winlogbeat/bat_files/start.bat client/sysmon/winlogbeat/bat_files/stop.bat client/sysmon/winlogbeat/winlogbeat_interface.py client/utils.py client/winlogbeat/bat_files/check.bat client/winlogbeat/bat_files/install.bat client/winlogbeat/bat_files/start.bat client/winlogbeat/bat_files/stop.bat client/winlogbeat/winlogbeat_interface.py",
                "RuleName": "-",
                "ParentProcessId": "9164",
                "ParentUser": "ELMO\\mrdor",
                "Company": "Microsoft Corporation",
                "FileVersion": "10.0.19041.1566 (WinBuild.160101.0800)",
                "User": "ELMO\\mrdor",
                "TerminalSessionId": "4",
                "CurrentDirectory": "C:\\Windows"
            },
            "computer_name": "Elmo",
            "provider_name": "Microsoft-Windows-Sysmon",
            "task": "Process Create (rule: ProcessCreate)"
        }
    },
    "19": {
        "@timestamp": "2022-10-01T17:04:29.513Z",
        "host": {
            "name": "Elmo",
            "ip": [
                "fe80::a124:aaad:caaa:fa18",
                "169.254.250.24",
                "fe80::6190:cebb:c47a:6085",
                "169.254.96.133",
                "fe80::64c9:75f2:e438:b0d8",
                "172.18.80.1",
                "fe80::d190:aca4:5de:d03c",
                "172.27.96.1",
                "fe80::b4d7:de0d:3edb:1bc4",
                "192.168.56.1",
                "fe80::f4db:5a2e:ad57:1420",
                "169.254.20.32",
                "fe80::d555:f80:832f:7ce5",
                "169.254.124.229",
                "fe80::9810:b4f4:77ea:e9a6",
                "169.254.233.166",
                "fe80::28a0:2b41:f083:29b0",
                "192.168.1.102",
                "fe80::b1a0:c04c:13f6:7545",
                "172.29.64.1",
                "fe80::c5b2:4950:2d20:bb68",
                "172.28.176.1",
                "fe80::d003:415c:ba1e:166c",
                "172.25.64.1",
                "fe80::b8d9:d9dd:b164:c469",
                "169.254.196.105"
            ]
        },
        "winlog": {
            "provider_name": "Microsoft-Windows-Sysmon",
            "event_data": {
                "ParentUser": "ELMO\\mrdor",
                "Product": "IntelliJ Platform",
                "LogonId": "0x20c41d50",
                "User": "ELMO\\mrdor",
                "ParentProcessGuid": "{dd01dab0-5d45-6338-f024-010000004000}",
                "ParentImage": "C:\\Program Files\\JetBrains\\PyCharm 2021.3\\bin\\pycharm64.exe",
                "Image": "C:\\Program Files\\JetBrains\\PyCharm 2021.3\\bin\\runnerw.exe",
                "Description": "Command line runner",
                "CommandLine": "\"C:\\Program Files\\JetBrains\\PyCharm 2021.3\\bin\\runnerw.exe\" \"C:\\Program Files\\Git\\cmd\\git.exe\" -c credential.helper= -c core.quotepath=false -c log.showSignature=false diff --name-status --no-renames HEAD -- client/utils.py",
                "LogonGuid": "{dd01dab0-9c1c-6335-501d-c42000000000}",
                "ParentCommandLine": "\"C:\\Program Files\\JetBrains\\PyCharm 2021.3\\bin\\pycharm64.exe\" ",
                "UtcTime": "2022-10-01 17:04:29.511",
                "ProcessGuid": "{dd01dab0-731d-6338-942c-010000004000}",
                "ProcessId": "1944",
                "OriginalFileName": "runnerw.exe",
                "IntegrityLevel": "High",
                "FileVersion": "1.0.0.1",
                "RuleName": "-",
                "Hashes": "MD5=23E6EC0009C0C7081DB498A691B89E87,SHA256=4B763DE958DD9B0C8F9390EC8D033AD848D3BD432AA031BAA8911B1AD8914E13",
                "TerminalSessionId": "4",
                "ParentProcessId": "5728",
                "CurrentDirectory": "C:\\Users\\mrdor\\PycharmProjects\\Hunterbee\\",
                "Company": "JetBrains s.r.o."
            },
            "computer_name": "Elmo",
            "task": "Process Create (rule: ProcessCreate)",
            "provider_guid": "{5770385f-c22a-43e0-bf4c-06f5698ffbd9}"
        }
    },
    "20": {
        "@timestamp": "2022-10-01T17:04:29.517Z",
        "host": {
            "ip": [
                "fe80::a124:aaad:caaa:fa18",
                "169.254.250.24",
                "fe80::6190:cebb:c47a:6085",
                "169.254.96.133",
                "fe80::64c9:75f2:e438:b0d8",
                "172.18.80.1",
                "fe80::d190:aca4:5de:d03c",
                "172.27.96.1",
                "fe80::b4d7:de0d:3edb:1bc4",
                "192.168.56.1",
                "fe80::f4db:5a2e:ad57:1420",
                "169.254.20.32",
                "fe80::d555:f80:832f:7ce5",
                "169.254.124.229",
                "fe80::9810:b4f4:77ea:e9a6",
                "169.254.233.166",
                "fe80::28a0:2b41:f083:29b0",
                "192.168.1.102",
                "fe80::b1a0:c04c:13f6:7545",
                "172.29.64.1",
                "fe80::c5b2:4950:2d20:bb68",
                "172.28.176.1",
                "fe80::d003:415c:ba1e:166c",
                "172.25.64.1",
                "fe80::b8d9:d9dd:b164:c469",
                "169.254.196.105"
            ],
            "name": "Elmo"
        },
        "winlog": {
            "task": "Process Create (rule: ProcessCreate)",
            "computer_name": "Elmo",
            "event_data": {
                "Description": "Console Window Host",
                "ProcessId": "2656",
                "ParentUser": "ELMO\\mrdor",
                "ParentProcessGuid": "{dd01dab0-731d-6338-942c-010000004000}",
                "Product": "Microsoft\u00c2\u00ae Windows\u00c2\u00ae Operating System",
                "User": "ELMO\\mrdor",
                "LogonGuid": "{dd01dab0-9c1c-6335-501d-c42000000000}",
                "LogonId": "0x20c41d50",
                "UtcTime": "2022-10-01 17:04:29.515",
                "ParentImage": "C:\\Program Files\\JetBrains\\PyCharm 2021.3\\bin\\runnerw.exe",
                "OriginalFileName": "CONHOST.EXE",
                "CommandLine": "\\??\\C:\\Windows\\system32\\conhost.exe 0xffffffff -ForceV1",
                "CurrentDirectory": "C:\\Windows",
                "Image": "C:\\Windows\\System32\\conhost.exe",
                "Company": "Microsoft Corporation",
                "FileVersion": "10.0.19041.1566 (WinBuild.160101.0800)",
                "IntegrityLevel": "High",
                "ParentProcessId": "1944",
                "Hashes": "MD5=0D698AF330FD17BEE3BF90011D49251D,SHA256=3C1C6D813D2B031D988204155FC198FE4F32FF56C05DABBCFCD5486131F4FB9D",
                "TerminalSessionId": "4",
                "ParentCommandLine": "\"C:\\Program Files\\JetBrains\\PyCharm 2021.3\\bin\\runnerw.exe\" \"C:\\Program Files\\Git\\cmd\\git.exe\" -c credential.helper= -c core.quotepath=false -c log.showSignature=false diff --name-status --no-renames HEAD -- client/utils.py",
                "ProcessGuid": "{dd01dab0-731d-6338-952c-010000004000}",
                "RuleName": "-"
            },
            "provider_guid": "{5770385f-c22a-43e0-bf4c-06f5698ffbd9}",
            "provider_name": "Microsoft-Windows-Sysmon"
        }
    },
    "21": {
        "@timestamp": "2022-10-01T17:04:30.680Z",
        "winlog": {
            "event_data": {
                "OriginalFileName": "-",
                "CommandLine": "C:\\Users\\mrdor\\AppData\\Local\\JetBrains\\PyCharm2021.3\\tmp\\sendctrlc.x64.B37C5E935F3DA60B2940592241F826DA.exe 12572",
                "RuleName": "-",
                "TerminalSessionId": "4",
                "ProcessGuid": "{dd01dab0-731e-6338-982c-010000004000}",
                "ParentProcessId": "5728",
                "ParentCommandLine": "\"C:\\Program Files\\JetBrains\\PyCharm 2021.3\\bin\\pycharm64.exe\" ",
                "UtcTime": "2022-10-01 17:04:30.678",
                "CurrentDirectory": "C:\\Program Files\\JetBrains\\PyCharm 2021.3\\jbr\\bin\\",
                "ParentUser": "ELMO\\mrdor",
                "FileVersion": "-",
                "Description": "-",
                "LogonId": "0x20c41d50",
                "IntegrityLevel": "High",
                "ProcessId": "15620",
                "Hashes": "MD5=B37C5E935F3DA60B2940592241F826DA,SHA256=72057F18A99A02DFB21976BB733B0DB8442D869D02F18D1D478007DB22B5C388",
                "ParentImage": "C:\\Program Files\\JetBrains\\PyCharm 2021.3\\bin\\pycharm64.exe",
                "User": "ELMO\\mrdor",
                "Company": "-",
                "Product": "-",
                "ParentProcessGuid": "{dd01dab0-5d45-6338-f024-010000004000}",
                "LogonGuid": "{dd01dab0-9c1c-6335-501d-c42000000000}",
                "Image": "C:\\Users\\mrdor\\AppData\\Local\\JetBrains\\PyCharm2021.3\\tmp\\sendctrlc.x64.B37C5E935F3DA60B2940592241F826DA.exe"
            },
            "provider_guid": "{5770385f-c22a-43e0-bf4c-06f5698ffbd9}",
            "task": "Process Create (rule: ProcessCreate)",
            "provider_name": "Microsoft-Windows-Sysmon",
            "computer_name": "Elmo"
        },
        "host": {
            "ip": [
                "fe80::a124:aaad:caaa:fa18",
                "169.254.250.24",
                "fe80::6190:cebb:c47a:6085",
                "169.254.96.133",
                "fe80::64c9:75f2:e438:b0d8",
                "172.18.80.1",
                "fe80::d190:aca4:5de:d03c",
                "172.27.96.1",
                "fe80::b4d7:de0d:3edb:1bc4",
                "192.168.56.1",
                "fe80::f4db:5a2e:ad57:1420",
                "169.254.20.32",
                "fe80::d555:f80:832f:7ce5",
                "169.254.124.229",
                "fe80::9810:b4f4:77ea:e9a6",
                "169.254.233.166",
                "fe80::28a0:2b41:f083:29b0",
                "192.168.1.102",
                "fe80::b1a0:c04c:13f6:7545",
                "172.29.64.1",
                "fe80::c5b2:4950:2d20:bb68",
                "172.28.176.1",
                "fe80::d003:415c:ba1e:166c",
                "172.25.64.1",
                "fe80::b8d9:d9dd:b164:c469",
                "169.254.196.105"
            ],
            "name": "Elmo"
        }
    },
    "22": {
        "@timestamp": "2022-10-01T17:04:30.684Z",
        "host": {
            "name": "Elmo",
            "ip": [
                "fe80::a124:aaad:caaa:fa18",
                "169.254.250.24",
                "fe80::6190:cebb:c47a:6085",
                "169.254.96.133",
                "fe80::64c9:75f2:e438:b0d8",
                "172.18.80.1",
                "fe80::d190:aca4:5de:d03c",
                "172.27.96.1",
                "fe80::b4d7:de0d:3edb:1bc4",
                "192.168.56.1",
                "fe80::f4db:5a2e:ad57:1420",
                "169.254.20.32",
                "fe80::d555:f80:832f:7ce5",
                "169.254.124.229",
                "fe80::9810:b4f4:77ea:e9a6",
                "169.254.233.166",
                "fe80::28a0:2b41:f083:29b0",
                "192.168.1.102",
                "fe80::b1a0:c04c:13f6:7545",
                "172.29.64.1",
                "fe80::c5b2:4950:2d20:bb68",
                "172.28.176.1",
                "fe80::d003:415c:ba1e:166c",
                "172.25.64.1",
                "fe80::b8d9:d9dd:b164:c469",
                "169.254.196.105"
            ]
        },
        "winlog": {
            "task": "Process Create (rule: ProcessCreate)",
            "provider_name": "Microsoft-Windows-Sysmon",
            "event_data": {
                "OriginalFileName": "CONHOST.EXE",
                "Hashes": "MD5=0D698AF330FD17BEE3BF90011D49251D,SHA256=3C1C6D813D2B031D988204155FC198FE4F32FF56C05DABBCFCD5486131F4FB9D",
                "Product": "Microsoft\u00c2\u00ae Windows\u00c2\u00ae Operating System",
                "UtcTime": "2022-10-01 17:04:30.682",
                "Image": "C:\\Windows\\System32\\conhost.exe",
                "ParentImage": "C:\\Users\\mrdor\\AppData\\Local\\JetBrains\\PyCharm2021.3\\tmp\\sendctrlc.x64.B37C5E935F3DA60B2940592241F826DA.exe",
                "TerminalSessionId": "4",
                "ParentUser": "ELMO\\mrdor",
                "LogonId": "0x20c41d50",
                "Company": "Microsoft Corporation",
                "CurrentDirectory": "C:\\Windows",
                "LogonGuid": "{dd01dab0-9c1c-6335-501d-c42000000000}",
                "ParentProcessGuid": "{dd01dab0-731e-6338-982c-010000004000}",
                "RuleName": "-",
                "ProcessGuid": "{dd01dab0-731e-6338-992c-010000004000}",
                "FileVersion": "10.0.19041.1566 (WinBuild.160101.0800)",
                "ParentProcessId": "15620",
                "Description": "Console Window Host",
                "IntegrityLevel": "High",
                "CommandLine": "\\??\\C:\\Windows\\system32\\conhost.exe 0xffffffff -ForceV1",
                "ParentCommandLine": "C:\\Users\\mrdor\\AppData\\Local\\JetBrains\\PyCharm2021.3\\tmp\\sendctrlc.x64.B37C5E935F3DA60B2940592241F826DA.exe 12572",
                "ProcessId": "15416",
                "User": "ELMO\\mrdor"
            },
            "computer_name": "Elmo",
            "provider_guid": "{5770385f-c22a-43e0-bf4c-06f5698ffbd9}"
        }
    },
    "23": {
        "@timestamp": "2022-10-01T17:04:34.367Z",
        "winlog": {
            "provider_guid": "{5770385f-c22a-43e0-bf4c-06f5698ffbd9}",
            "provider_name": "Microsoft-Windows-Sysmon",
            "task": "Process Create (rule: ProcessCreate)",
            "computer_name": "Elmo",
            "event_data": {
                "CommandLine": "\\??\\C:\\Windows\\system32\\conhost.exe 0xffffffff -ForceV1",
                "IntegrityLevel": "High",
                "FileVersion": "10.0.19041.1566 (WinBuild.160101.0800)",
                "Product": "Microsoft\u00c2\u00ae Windows\u00c2\u00ae Operating System",
                "OriginalFileName": "CONHOST.EXE",
                "CurrentDirectory": "C:\\Windows",
                "Hashes": "MD5=0D698AF330FD17BEE3BF90011D49251D,SHA256=3C1C6D813D2B031D988204155FC198FE4F32FF56C05DABBCFCD5486131F4FB9D",
                "ProcessId": "13880",
                "ParentImage": "C:\\Users\\mrdor\\PycharmProjects\\Hunterbee\\venv\\Scripts\\python.exe",
                "LogonId": "0x20c41d50",
                "ParentProcessId": "1852",
                "ParentUser": "ELMO\\mrdor",
                "TerminalSessionId": "4",
                "User": "ELMO\\mrdor",
                "UtcTime": "2022-10-01 17:04:34.365",
                "RuleName": "-",
                "ProcessGuid": "{dd01dab0-7322-6338-9b2c-010000004000}",
                "Image": "C:\\Windows\\System32\\conhost.exe",
                "ParentCommandLine": "C:\\Users\\mrdor\\PycharmProjects\\Hunterbee\\venv\\Scripts\\python.exe \"C:\\Program Files\\JetBrains\\PyCharm 2021.3\\plugins\\python\\helpers\\pycodestyle.py\" --max-line-length=120 -",
                "Description": "Console Window Host",
                "ParentProcessGuid": "{dd01dab0-7322-6338-9a2c-010000004000}",
                "Company": "Microsoft Corporation",
                "LogonGuid": "{dd01dab0-9c1c-6335-501d-c42000000000}"
            }
        },
        "host": {
            "name": "Elmo",
            "ip": [
                "fe80::a124:aaad:caaa:fa18",
                "169.254.250.24",
                "fe80::6190:cebb:c47a:6085",
                "169.254.96.133",
                "fe80::64c9:75f2:e438:b0d8",
                "172.18.80.1",
                "fe80::d190:aca4:5de:d03c",
                "172.27.96.1",
                "fe80::b4d7:de0d:3edb:1bc4",
                "192.168.56.1",
                "fe80::f4db:5a2e:ad57:1420",
                "169.254.20.32",
                "fe80::d555:f80:832f:7ce5",
                "169.254.124.229",
                "fe80::9810:b4f4:77ea:e9a6",
                "169.254.233.166",
                "fe80::28a0:2b41:f083:29b0",
                "192.168.1.102",
                "fe80::b1a0:c04c:13f6:7545",
                "172.29.64.1",
                "fe80::c5b2:4950:2d20:bb68",
                "172.28.176.1",
                "fe80::d003:415c:ba1e:166c",
                "172.25.64.1",
                "fe80::b8d9:d9dd:b164:c469",
                "169.254.196.105"
            ]
        }
    },
    "24": {
        "@timestamp": "2022-10-01T17:04:36.653Z",
        "winlog": {
            "computer_name": "Elmo",
            "task": "Process Create (rule: ProcessCreate)",
            "provider_guid": "{5770385f-c22a-43e0-bf4c-06f5698ffbd9}",
            "provider_name": "Microsoft-Windows-Sysmon",
            "event_data": {
                "Product": "Microsoft\u00c2\u00ae Windows\u00c2\u00ae Operating System",
                "Image": "C:\\Windows\\System32\\conhost.exe",
                "Company": "Microsoft Corporation",
                "LogonId": "0x20c41d50",
                "ParentCommandLine": "C:\\Users\\mrdor\\PycharmProjects\\Hunterbee\\venv\\Scripts\\python.exe C:/Users/mrdor/PycharmProjects/Hunterbee/client/sysmon/sysmon_interface.py",
                "CommandLine": "\\??\\C:\\Windows\\system32\\conhost.exe 0xffffffff -ForceV1",
                "ParentProcessGuid": "{dd01dab0-7324-6338-9d2c-010000004000}",
                "RuleName": "-",
                "TerminalSessionId": "4",
                "ProcessGuid": "{dd01dab0-7324-6338-9e2c-010000004000}",
                "User": "ELMO\\mrdor",
                "ParentProcessId": "4688",
                "ProcessId": "11256",
                "IntegrityLevel": "High",
                "UtcTime": "2022-10-01 17:04:36.650",
                "ParentUser": "ELMO\\mrdor",
                "FileVersion": "10.0.19041.1566 (WinBuild.160101.0800)",
                "ParentImage": "C:\\Users\\mrdor\\PycharmProjects\\Hunterbee\\venv\\Scripts\\python.exe",
                "CurrentDirectory": "C:\\Windows",
                "LogonGuid": "{dd01dab0-9c1c-6335-501d-c42000000000}",
                "Description": "Console Window Host",
                "Hashes": "MD5=0D698AF330FD17BEE3BF90011D49251D,SHA256=3C1C6D813D2B031D988204155FC198FE4F32FF56C05DABBCFCD5486131F4FB9D",
                "OriginalFileName": "CONHOST.EXE"
            }
        },
        "host": {
            "ip": [
                "fe80::a124:aaad:caaa:fa18",
                "169.254.250.24",
                "fe80::6190:cebb:c47a:6085",
                "169.254.96.133",
                "fe80::64c9:75f2:e438:b0d8",
                "172.18.80.1",
                "fe80::d190:aca4:5de:d03c",
                "172.27.96.1",
                "fe80::b4d7:de0d:3edb:1bc4",
                "192.168.56.1",
                "fe80::f4db:5a2e:ad57:1420",
                "169.254.20.32",
                "fe80::d555:f80:832f:7ce5",
                "169.254.124.229",
                "fe80::9810:b4f4:77ea:e9a6",
                "169.254.233.166",
                "fe80::28a0:2b41:f083:29b0",
                "192.168.1.102",
                "fe80::b1a0:c04c:13f6:7545",
                "172.29.64.1",
                "fe80::c5b2:4950:2d20:bb68",
                "172.28.176.1",
                "fe80::d003:415c:ba1e:166c",
                "172.25.64.1",
                "fe80::b8d9:d9dd:b164:c469",
                "169.254.196.105"
            ],
            "name": "Elmo"
        }
    },
    "25": {
        "@timestamp": "2022-10-01T17:04:46.525Z",
        "host": {
            "name": "Elmo",
            "ip": [
                "fe80::a124:aaad:caaa:fa18",
                "169.254.250.24",
                "fe80::6190:cebb:c47a:6085",
                "169.254.96.133",
                "fe80::64c9:75f2:e438:b0d8",
                "172.18.80.1",
                "fe80::d190:aca4:5de:d03c",
                "172.27.96.1",
                "fe80::b4d7:de0d:3edb:1bc4",
                "192.168.56.1",
                "fe80::f4db:5a2e:ad57:1420",
                "169.254.20.32",
                "fe80::d555:f80:832f:7ce5",
                "169.254.124.229",
                "fe80::9810:b4f4:77ea:e9a6",
                "169.254.233.166",
                "fe80::28a0:2b41:f083:29b0",
                "192.168.1.102",
                "fe80::b1a0:c04c:13f6:7545",
                "172.29.64.1",
                "fe80::c5b2:4950:2d20:bb68",
                "172.28.176.1",
                "fe80::d003:415c:ba1e:166c",
                "172.25.64.1",
                "fe80::b8d9:d9dd:b164:c469",
                "169.254.196.105"
            ]
        },
        "winlog": {
            "computer_name": "Elmo",
            "task": "Process Create (rule: ProcessCreate)",
            "provider_name": "Microsoft-Windows-Sysmon",
            "provider_guid": "{5770385f-c22a-43e0-bf4c-06f5698ffbd9}",
            "event_data": {
                "ParentProcessGuid": "{dd01dab0-732e-6338-a02c-010000004000}",
                "ParentUser": "ELMO\\mrdor",
                "CommandLine": "\\??\\C:\\Windows\\system32\\conhost.exe 0xffffffff -ForceV1",
                "Hashes": "MD5=0D698AF330FD17BEE3BF90011D49251D,SHA256=3C1C6D813D2B031D988204155FC198FE4F32FF56C05DABBCFCD5486131F4FB9D",
                "Product": "Microsoft\u00c2\u00ae Windows\u00c2\u00ae Operating System",
                "LogonId": "0x20c41d50",
                "Description": "Console Window Host",
                "OriginalFileName": "CONHOST.EXE",
                "UtcTime": "2022-10-01 17:04:46.522",
                "ProcessGuid": "{dd01dab0-732e-6338-a12c-010000004000}",
                "Image": "C:\\Windows\\System32\\conhost.exe",
                "IntegrityLevel": "High",
                "FileVersion": "10.0.19041.1566 (WinBuild.160101.0800)",
                "Company": "Microsoft Corporation",
                "LogonGuid": "{dd01dab0-9c1c-6335-501d-c42000000000}",
                "ParentProcessId": "14700",
                "User": "ELMO\\mrdor",
                "RuleName": "-",
                "TerminalSessionId": "4",
                "ParentImage": "C:\\Users\\mrdor\\PycharmProjects\\Hunterbee\\venv\\Scripts\\python.exe",
                "ProcessId": "16784",
                "CurrentDirectory": "C:\\Windows",
                "ParentCommandLine": "C:\\Users\\mrdor\\PycharmProjects\\Hunterbee\\venv\\Scripts\\python.exe \"C:\\Program Files\\JetBrains\\PyCharm 2021.3\\plugins\\python\\helpers\\pycodestyle.py\" --max-line-length=120 -"
            }
        }
    },
    "26": {
        "@timestamp": "2022-10-01T17:04:47.386Z",
        "winlog": {
            "task": "Process Create (rule: ProcessCreate)",
            "provider_name": "Microsoft-Windows-Sysmon",
            "event_data": {
                "Hashes": "MD5=23E6EC0009C0C7081DB498A691B89E87,SHA256=4B763DE958DD9B0C8F9390EC8D033AD848D3BD432AA031BAA8911B1AD8914E13",
                "TerminalSessionId": "4",
                "CurrentDirectory": "C:\\Users\\mrdor\\PycharmProjects\\Hunterbee\\",
                "IntegrityLevel": "High",
                "LogonId": "0x20c41d50",
                "LogonGuid": "{dd01dab0-9c1c-6335-501d-c42000000000}",
                "RuleName": "-",
                "User": "ELMO\\mrdor",
                "FileVersion": "1.0.0.1",
                "OriginalFileName": "runnerw.exe",
                "Product": "IntelliJ Platform",
                "ProcessGuid": "{dd01dab0-732f-6338-a32c-010000004000}",
                "Image": "C:\\Program Files\\JetBrains\\PyCharm 2021.3\\bin\\runnerw.exe",
                "ParentProcessId": "5728",
                "CommandLine": "\"C:\\Program Files\\JetBrains\\PyCharm 2021.3\\bin\\runnerw.exe\" \"C:\\Program Files\\Git\\cmd\\git.exe\" -c credential.helper= -c core.quotepath=false -c log.showSignature=false status --porcelain -z --untracked-files=no --ignored=no -- .idea/workspace.xml client/sysmon/logs.py client/sysmon/sample_configs/sysmonconfig-export.xml client/sysmon/sysmon_configs/sysmonconfig-export.xml client/sysmon/winlogbeat/bat_files/check.bat client/sysmon/winlogbeat/bat_files/install.bat client/sysmon/winlogbeat/bat_files/start.bat client/sysmon/winlogbeat/bat_files/stop.bat client/sysmon/winlogbeat/winlogbeat_interface.py client/utils.py client/winlogbeat/bat_files/check.bat client/winlogbeat/bat_files/install.bat client/winlogbeat/bat_files/start.bat client/winlogbeat/bat_files/stop.bat client/winlogbeat/winlogbeat_interface.py",
                "Company": "JetBrains s.r.o.",
                "ParentImage": "C:\\Program Files\\JetBrains\\PyCharm 2021.3\\bin\\pycharm64.exe",
                "ProcessId": "2896",
                "ParentCommandLine": "\"C:\\Program Files\\JetBrains\\PyCharm 2021.3\\bin\\pycharm64.exe\" ",
                "Description": "Command line runner",
                "ParentProcessGuid": "{dd01dab0-5d45-6338-f024-010000004000}",
                "ParentUser": "ELMO\\mrdor",
                "UtcTime": "2022-10-01 17:04:47.383"
            },
            "provider_guid": "{5770385f-c22a-43e0-bf4c-06f5698ffbd9}",
            "computer_name": "Elmo"
        },
        "host": {
            "ip": [
                "fe80::a124:aaad:caaa:fa18",
                "169.254.250.24",
                "fe80::6190:cebb:c47a:6085",
                "169.254.96.133",
                "fe80::64c9:75f2:e438:b0d8",
                "172.18.80.1",
                "fe80::d190:aca4:5de:d03c",
                "172.27.96.1",
                "fe80::b4d7:de0d:3edb:1bc4",
                "192.168.56.1",
                "fe80::f4db:5a2e:ad57:1420",
                "169.254.20.32",
                "fe80::d555:f80:832f:7ce5",
                "169.254.124.229",
                "fe80::9810:b4f4:77ea:e9a6",
                "169.254.233.166",
                "fe80::28a0:2b41:f083:29b0",
                "192.168.1.102",
                "fe80::b1a0:c04c:13f6:7545",
                "172.29.64.1",
                "fe80::c5b2:4950:2d20:bb68",
                "172.28.176.1",
                "fe80::d003:415c:ba1e:166c",
                "172.25.64.1",
                "fe80::b8d9:d9dd:b164:c469",
                "169.254.196.105"
            ],
            "name": "Elmo"
        }
    },
    "27": {
        "@timestamp": "2022-10-01T17:04:47.393Z",
        "host": {
            "ip": [
                "fe80::a124:aaad:caaa:fa18",
                "169.254.250.24",
                "fe80::6190:cebb:c47a:6085",
                "169.254.96.133",
                "fe80::64c9:75f2:e438:b0d8",
                "172.18.80.1",
                "fe80::d190:aca4:5de:d03c",
                "172.27.96.1",
                "fe80::b4d7:de0d:3edb:1bc4",
                "192.168.56.1",
                "fe80::f4db:5a2e:ad57:1420",
                "169.254.20.32",
                "fe80::d555:f80:832f:7ce5",
                "169.254.124.229",
                "fe80::9810:b4f4:77ea:e9a6",
                "169.254.233.166",
                "fe80::28a0:2b41:f083:29b0",
                "192.168.1.102",
                "fe80::b1a0:c04c:13f6:7545",
                "172.29.64.1",
                "fe80::c5b2:4950:2d20:bb68",
                "172.28.176.1",
                "fe80::d003:415c:ba1e:166c",
                "172.25.64.1",
                "fe80::b8d9:d9dd:b164:c469",
                "169.254.196.105"
            ],
            "name": "Elmo"
        },
        "winlog": {
            "provider_guid": "{5770385f-c22a-43e0-bf4c-06f5698ffbd9}",
            "event_data": {
                "ParentCommandLine": "\"C:\\Program Files\\JetBrains\\PyCharm 2021.3\\bin\\runnerw.exe\" \"C:\\Program Files\\Git\\cmd\\git.exe\" -c credential.helper= -c core.quotepath=false -c log.showSignature=false status --porcelain -z --untracked-files=no --ignored=no -- .idea/workspace.xml client/sysmon/logs.py client/sysmon/sample_configs/sysmonconfig-export.xml client/sysmon/sysmon_configs/sysmonconfig-export.xml client/sysmon/winlogbeat/bat_files/check.bat client/sysmon/winlogbeat/bat_files/install.bat client/sysmon/winlogbeat/bat_files/start.bat client/sysmon/winlogbeat/bat_files/stop.bat client/sysmon/winlogbeat/winlogbeat_interface.py client/utils.py client/winlogbeat/bat_files/check.bat client/winlogbeat/bat_files/install.bat client/winlogbeat/bat_files/start.bat client/winlogbeat/bat_files/stop.bat client/winlogbeat/winlogbeat_interface.py",
                "ProcessId": "19552",
                "ProcessGuid": "{dd01dab0-732f-6338-a42c-010000004000}",
                "Hashes": "MD5=0D698AF330FD17BEE3BF90011D49251D,SHA256=3C1C6D813D2B031D988204155FC198FE4F32FF56C05DABBCFCD5486131F4FB9D",
                "RuleName": "-",
                "CommandLine": "\\??\\C:\\Windows\\system32\\conhost.exe 0xffffffff -ForceV1",
                "FileVersion": "10.0.19041.1566 (WinBuild.160101.0800)",
                "ParentImage": "C:\\Program Files\\JetBrains\\PyCharm 2021.3\\bin\\runnerw.exe",
                "ParentProcessGuid": "{dd01dab0-732f-6338-a32c-010000004000}",
                "OriginalFileName": "CONHOST.EXE",
                "CurrentDirectory": "C:\\Windows",
                "ParentProcessId": "2896",
                "Description": "Console Window Host",
                "LogonGuid": "{dd01dab0-9c1c-6335-501d-c42000000000}",
                "LogonId": "0x20c41d50",
                "IntegrityLevel": "High",
                "Company": "Microsoft Corporation",
                "User": "ELMO\\mrdor",
                "Product": "Microsoft\u00c2\u00ae Windows\u00c2\u00ae Operating System",
                "TerminalSessionId": "4",
                "UtcTime": "2022-10-01 17:04:47.389",
                "ParentUser": "ELMO\\mrdor",
                "Image": "C:\\Windows\\System32\\conhost.exe"
            },
            "provider_name": "Microsoft-Windows-Sysmon",
            "task": "Process Create (rule: ProcessCreate)",
            "computer_name": "Elmo"
        }
    }
}