{
    "0": {
        "@timestamp": "2022-10-01T09:46:09.556Z",
        "winlog": {
            "task": "Process accessed (rule: ProcessAccess)",
            "event_data": {
                "SourceProcessId": "4880",
                "SourceThreadId": "10416",
                "CallTrace": "C:\\Windows\\SYSTEM32\\ntdll.dll+9d4c4|C:\\Windows\\SYSTEM32\\KERNELBASE.dll+2c13e|C:\\ProgramData\\Microsoft\\Windows Defender\\Definition Updates\\{183B6726-AD8A-4D60-9D52-01CF17905D6C}\\mpengine.dll+1f3901|C:\\ProgramData\\Microsoft\\Windows Defender\\Definition Updates\\{183B6726-AD8A-4D60-9D52-01CF17905D6C}\\mpengine.dll+1f3768|C:\\ProgramData\\Microsoft\\Windows Defender\\Definition Updates\\{183B6726-AD8A-4D60-9D52-01CF17905D6C}\\mpengine.dll+4d8b7c|C:\\ProgramData\\Microsoft\\Windows Defender\\Definition Updates\\{183B6726-AD8A-4D60-9D52-01CF17905D6C}\\mpengine.dll+52c00d|C:\\ProgramData\\Microsoft\\Windows Defender\\Definition Updates\\{183B6726-AD8A-4D60-9D52-01CF17905D6C}\\mpengine.dll+799e31|C:\\ProgramData\\Microsoft\\Windows Defender\\Definition Updates\\{183B6726-AD8A-4D60-9D52-01CF17905D6C}\\mpengine.dll+5374f|C:\\ProgramData\\Microsoft\\Windows Defender\\Definition Updates\\{183B6726-AD8A-4D60-9D52-01CF17905D6C}\\mpengine.dll+54070|C:\\ProgramData\\Microsoft\\Windows Defender\\Definition Updates\\{183B6726-AD8A-4D60-9D52-01CF17905D6C}\\mpengine.dll+53635|C:\\ProgramData\\Microsoft\\Windows Defender\\Definition Updates\\{183B6726-AD8A-4D60-9D52-01CF17905D6C}\\mpengine.dll+52e16|C:\\ProgramData\\Microsoft\\Windows Defender\\Definition Updates\\{183B6726-AD8A-4D60-9D52-01CF17905D6C}\\mpengine.dll+517fa|C:\\ProgramData\\Microsoft\\Windows Defender\\Definition Updates\\{183B6726-AD8A-4D60-9D52-01CF17905D6C}\\mpengine.dll+142acb|C:\\ProgramData\\Microsoft\\Windows Defender\\Definition Updates\\{183B6726-AD8A-4D60-9D52-01CF17905D6C}\\mpengine.dll+142700|C:\\ProgramData\\Microsoft\\Windows Defender\\Definition Updates\\{183B6726-AD8A-4D60-9D52-01CF17905D6C}\\mpengine.dll+71827d|C:\\ProgramData\\Microsoft\\Windows Defender\\Definition Updates\\{183B6726-AD8A-4D60-9D52-01CF17905D6C}\\mpengine.dll+b5b06|C:\\ProgramData\\Microsoft\\Windows Defender\\Definition Updates\\{183B6726-AD8A-4D60-9D52-01CF17905D6C}\\mpengine.dll+b3ea1|C:\\ProgramData\\Microsoft\\Windows Defender\\Definition Updates\\{183B6726-AD8A-4D60-9D52-01CF17905D6C}\\mpengine.dll+2a50ba|C:\\ProgramData\\Microsoft\\Windows Defender\\Definition Updates\\{183B6726-AD8A-4D60-9D52-01CF17905D6C}\\mpengine.dll+51fb9b|C:\\ProgramData\\Microsoft\\Windows Defender\\Definition Updates\\{183B6726-AD8A-4D60-9D52-01CF17905D6C}\\mpengine.dll+51c967|C:\\ProgramData\\Microsoft\\Windows Defender\\Definition Updates\\{183B6726-AD8A-4D60-9D52-01CF17905D6C}\\mpengine.dll+518530|C:\\ProgramData\\Microsoft\\Windows Defender\\Definition Updates\\{183B6726-AD8A-4D60-9D52-01CF17905D6C}\\mpengine.dll+519eff|C:\\ProgramData\\Microsoft\\Windows Defender\\Definition Updates\\{183B6726-AD8A-4D60-9D52-01CF17905D6C}\\mpengine.dll+523dbe|C:\\ProgramData\\Microsoft\\Windows Defender\\Definition Updates\\{183B6726-AD8A-4D60-9D52-01CF17905D6C}\\mpengine.dll+52ad8f",
                "RuleName": "-",
                "TargetUser": "NT AUTHORITY\\SYSTEM",
                "TargetProcessId": "768",
                "SourceUser": "NT AUTHORITY\\SYSTEM",
                "UtcTime": "2022-10-01 09:46:09.555",
                "TargetImage": "C:\\Windows\\system32\\lsass.exe",
                "GrantedAccess": "0x1000",
                "SourceProcessGUID": "{dd01dab0-1032-6326-6500-000000004000}",
                "SourceImage": "C:\\ProgramData\\Microsoft\\Windows Defender\\Platform\\4.18.2207.7-0\\MsMpEng.exe",
                "TargetProcessGUID": "{dd01dab0-1021-6326-0e00-000000004000}"
            },
            "provider_name": "Microsoft-Windows-Sysmon",
            "provider_guid": "{5770385f-c22a-43e0-bf4c-06f5698ffbd9}",
            "computer_name": "Elmo"
        },
        "host": {
            "ip": [
                "fe80::a124:aaad:caaa:fa18",
                "169.254.250.24",
                "fe80::6190:cebb:c47a:6085",
                "169.254.96.133",
                "fe80::64c9:75f2:e438:b0d8",
                "172.18.80.1",
                "fe80::10b7:21de:f236:21d6",
                "172.17.128.1",
                "fe80::b4d7:de0d:3edb:1bc4",
                "192.168.56.1",
                "fe80::f4db:5a2e:ad57:1420",
                "169.254.20.32",
                "fe80::d555:f80:832f:7ce5",
                "169.254.124.229",
                "fe80::9810:b4f4:77ea:e9a6",
                "169.254.233.166",
                "fe80::28a0:2b41:f083:29b0",
                "192.168.1.102",
                "fe80::b1a0:c04c:13f6:7545",
                "172.29.64.1",
                "fe80::c5b2:4950:2d20:bb68",
                "172.28.176.1",
                "fe80::a17a:7f68:dfff:a27c",
                "172.25.0.1",
                "fe80::b8d9:d9dd:b164:c469",
                "169.254.196.105"
            ],
            "name": "Elmo"
        }
    },
    "1": {
        "@timestamp": "2022-10-01T09:46:09.557Z",
        "host": {
            "ip": [
                "fe80::a124:aaad:caaa:fa18",
                "169.254.250.24",
                "fe80::6190:cebb:c47a:6085",
                "169.254.96.133",
                "fe80::64c9:75f2:e438:b0d8",
                "172.18.80.1",
                "fe80::10b7:21de:f236:21d6",
                "172.17.128.1",
                "fe80::b4d7:de0d:3edb:1bc4",
                "192.168.56.1",
                "fe80::f4db:5a2e:ad57:1420",
                "169.254.20.32",
                "fe80::d555:f80:832f:7ce5",
                "169.254.124.229",
                "fe80::9810:b4f4:77ea:e9a6",
                "169.254.233.166",
                "fe80::28a0:2b41:f083:29b0",
                "192.168.1.102",
                "fe80::b1a0:c04c:13f6:7545",
                "172.29.64.1",
                "fe80::c5b2:4950:2d20:bb68",
                "172.28.176.1",
                "fe80::a17a:7f68:dfff:a27c",
                "172.25.0.1",
                "fe80::b8d9:d9dd:b164:c469",
                "169.254.196.105"
            ],
            "name": "Elmo"
        },
        "winlog": {
            "computer_name": "Elmo",
            "task": "Process accessed (rule: ProcessAccess)",
            "provider_guid": "{5770385f-c22a-43e0-bf4c-06f5698ffbd9}",
            "event_data": {
                "TargetImage": "C:\\Windows\\system32\\lsass.exe",
                "SourceProcessId": "4880",
                "SourceImage": "C:\\ProgramData\\Microsoft\\Windows Defender\\Platform\\4.18.2207.7-0\\MsMpEng.exe",
                "TargetProcessId": "768",
                "TargetProcessGUID": "{dd01dab0-1021-6326-0e00-000000004000}",
                "CallTrace": "C:\\Windows\\SYSTEM32\\ntdll.dll+9d4c4|C:\\Windows\\SYSTEM32\\KERNELBASE.dll+2c13e|C:\\ProgramData\\Microsoft\\Windows Defender\\Definition Updates\\{183B6726-AD8A-4D60-9D52-01CF17905D6C}\\mpengine.dll+1f3901|C:\\ProgramData\\Microsoft\\Windows Defender\\Definition Updates\\{183B6726-AD8A-4D60-9D52-01CF17905D6C}\\mpengine.dll+1f3768|C:\\ProgramData\\Microsoft\\Windows Defender\\Definition Updates\\{183B6726-AD8A-4D60-9D52-01CF17905D6C}\\mpengine.dll+70336f|C:\\ProgramData\\Microsoft\\Windows Defender\\Definition Updates\\{183B6726-AD8A-4D60-9D52-01CF17905D6C}\\mpengine.dll+52bff3|C:\\ProgramData\\Microsoft\\Windows Defender\\Definition Updates\\{183B6726-AD8A-4D60-9D52-01CF17905D6C}\\mpengine.dll+799e31|C:\\ProgramData\\Microsoft\\Windows Defender\\Definition Updates\\{183B6726-AD8A-4D60-9D52-01CF17905D6C}\\mpengine.dll+5374f|C:\\ProgramData\\Microsoft\\Windows Defender\\Definition Updates\\{183B6726-AD8A-4D60-9D52-01CF17905D6C}\\mpengine.dll+54070|C:\\ProgramData\\Microsoft\\Windows Defender\\Definition Updates\\{183B6726-AD8A-4D60-9D52-01CF17905D6C}\\mpengine.dll+53635|C:\\ProgramData\\Microsoft\\Windows Defender\\Definition Updates\\{183B6726-AD8A-4D60-9D52-01CF17905D6C}\\mpengine.dll+52e16|C:\\ProgramData\\Microsoft\\Windows Defender\\Definition Updates\\{183B6726-AD8A-4D60-9D52-01CF17905D6C}\\mpengine.dll+517fa|C:\\ProgramData\\Microsoft\\Windows Defender\\Definition Updates\\{183B6726-AD8A-4D60-9D52-01CF17905D6C}\\mpengine.dll+142acb|C:\\ProgramData\\Microsoft\\Windows Defender\\Definition Updates\\{183B6726-AD8A-4D60-9D52-01CF17905D6C}\\mpengine.dll+142700|C:\\ProgramData\\Microsoft\\Windows Defender\\Definition Updates\\{183B6726-AD8A-4D60-9D52-01CF17905D6C}\\mpengine.dll+71827d|C:\\ProgramData\\Microsoft\\Windows Defender\\Definition Updates\\{183B6726-AD8A-4D60-9D52-01CF17905D6C}\\mpengine.dll+b5b06|C:\\ProgramData\\Microsoft\\Windows Defender\\Definition Updates\\{183B6726-AD8A-4D60-9D52-01CF17905D6C}\\mpengine.dll+b3ea1|C:\\ProgramData\\Microsoft\\Windows Defender\\Definition Updates\\{183B6726-AD8A-4D60-9D52-01CF17905D6C}\\mpengine.dll+2a50ba|C:\\ProgramData\\Microsoft\\Windows Defender\\Definition Updates\\{183B6726-AD8A-4D60-9D52-01CF17905D6C}\\mpengine.dll+51fb9b|C:\\ProgramData\\Microsoft\\Windows Defender\\Definition Updates\\{183B6726-AD8A-4D60-9D52-01CF17905D6C}\\mpengine.dll+51feab|C:\\ProgramData\\Microsoft\\Windows Defender\\Definition Updates\\{183B6726-AD8A-4D60-9D52-01CF17905D6C}\\mpengine.dll+51c990|C:\\ProgramData\\Microsoft\\Windows Defender\\Definition Updates\\{183B6726-AD8A-4D60-9D52-01CF17905D6C}\\mpengine.dll+518530|C:\\ProgramData\\Microsoft\\Windows Defender\\Definition Updates\\{183B6726-AD8A-4D60-9D52-01CF17905D6C}\\mpengine.dll+519eff|C:\\ProgramData\\Microsoft\\Windows Defender\\Definition Updates\\{183B6726-AD8A-4D60-9D52-01CF17905D6C}\\mpengine.dll+523dbe",
                "SourceUser": "NT AUTHORITY\\SYSTEM",
                "GrantedAccess": "0x1010",
                "RuleName": "-",
                "UtcTime": "2022-10-01 09:46:09.556",
                "SourceProcessGUID": "{dd01dab0-1032-6326-6500-000000004000}",
                "SourceThreadId": "10416",
                "TargetUser": "NT AUTHORITY\\SYSTEM"
            },
            "provider_name": "Microsoft-Windows-Sysmon"
        }
    },
    "2": {
        "@timestamp": "2022-10-01T09:46:09.557Z",
        "host": {
            "name": "Elmo",
            "ip": [
                "fe80::a124:aaad:caaa:fa18",
                "169.254.250.24",
                "fe80::6190:cebb:c47a:6085",
                "169.254.96.133",
                "fe80::64c9:75f2:e438:b0d8",
                "172.18.80.1",
                "fe80::10b7:21de:f236:21d6",
                "172.17.128.1",
                "fe80::b4d7:de0d:3edb:1bc4",
                "192.168.56.1",
                "fe80::f4db:5a2e:ad57:1420",
                "169.254.20.32",
                "fe80::d555:f80:832f:7ce5",
                "169.254.124.229",
                "fe80::9810:b4f4:77ea:e9a6",
                "169.254.233.166",
                "fe80::28a0:2b41:f083:29b0",
                "192.168.1.102",
                "fe80::b1a0:c04c:13f6:7545",
                "172.29.64.1",
                "fe80::c5b2:4950:2d20:bb68",
                "172.28.176.1",
                "fe80::a17a:7f68:dfff:a27c",
                "172.25.0.1",
                "fe80::b8d9:d9dd:b164:c469",
                "169.254.196.105"
            ]
        },
        "winlog": {
            "provider_name": "Microsoft-Windows-Sysmon",
            "provider_guid": "{5770385f-c22a-43e0-bf4c-06f5698ffbd9}",
            "computer_name": "Elmo",
            "event_data": {
                "TargetProcessId": "768",
                "TargetProcessGUID": "{dd01dab0-1021-6326-0e00-000000004000}",
                "CallTrace": "C:\\Windows\\SYSTEM32\\ntdll.dll+9d4c4|C:\\Windows\\SYSTEM32\\KERNELBASE.dll+2c13e|C:\\ProgramData\\Microsoft\\Windows Defender\\Definition Updates\\{183B6726-AD8A-4D60-9D52-01CF17905D6C}\\mpengine.dll+1f3901|C:\\ProgramData\\Microsoft\\Windows Defender\\Definition Updates\\{183B6726-AD8A-4D60-9D52-01CF17905D6C}\\mpengine.dll+1f3768|C:\\ProgramData\\Microsoft\\Windows Defender\\Definition Updates\\{183B6726-AD8A-4D60-9D52-01CF17905D6C}\\mpengine.dll+4d8b7c|C:\\ProgramData\\Microsoft\\Windows Defender\\Definition Updates\\{183B6726-AD8A-4D60-9D52-01CF17905D6C}\\mpengine.dll+52c00d|C:\\ProgramData\\Microsoft\\Windows Defender\\Definition Updates\\{183B6726-AD8A-4D60-9D52-01CF17905D6C}\\mpengine.dll+799e31|C:\\ProgramData\\Microsoft\\Windows Defender\\Definition Updates\\{183B6726-AD8A-4D60-9D52-01CF17905D6C}\\mpengine.dll+5374f|C:\\ProgramData\\Microsoft\\Windows Defender\\Definition Updates\\{183B6726-AD8A-4D60-9D52-01CF17905D6C}\\mpengine.dll+54070|C:\\ProgramData\\Microsoft\\Windows Defender\\Definition Updates\\{183B6726-AD8A-4D60-9D52-01CF17905D6C}\\mpengine.dll+53635|C:\\ProgramData\\Microsoft\\Windows Defender\\Definition Updates\\{183B6726-AD8A-4D60-9D52-01CF17905D6C}\\mpengine.dll+52e16|C:\\ProgramData\\Microsoft\\Windows Defender\\Definition Updates\\{183B6726-AD8A-4D60-9D52-01CF17905D6C}\\mpengine.dll+517fa|C:\\ProgramData\\Microsoft\\Windows Defender\\Definition Updates\\{183B6726-AD8A-4D60-9D52-01CF17905D6C}\\mpengine.dll+142acb|C:\\ProgramData\\Microsoft\\Windows Defender\\Definition Updates\\{183B6726-AD8A-4D60-9D52-01CF17905D6C}\\mpengine.dll+142700|C:\\ProgramData\\Microsoft\\Windows Defender\\Definition Updates\\{183B6726-AD8A-4D60-9D52-01CF17905D6C}\\mpengine.dll+71827d|C:\\ProgramData\\Microsoft\\Windows Defender\\Definition Updates\\{183B6726-AD8A-4D60-9D52-01CF17905D6C}\\mpengine.dll+b5b06|C:\\ProgramData\\Microsoft\\Windows Defender\\Definition Updates\\{183B6726-AD8A-4D60-9D52-01CF17905D6C}\\mpengine.dll+b3ea1|C:\\ProgramData\\Microsoft\\Windows Defender\\Definition Updates\\{183B6726-AD8A-4D60-9D52-01CF17905D6C}\\mpengine.dll+2a50ba|C:\\ProgramData\\Microsoft\\Windows Defender\\Definition Updates\\{183B6726-AD8A-4D60-9D52-01CF17905D6C}\\mpengine.dll+51fb9b|C:\\ProgramData\\Microsoft\\Windows Defender\\Definition Updates\\{183B6726-AD8A-4D60-9D52-01CF17905D6C}\\mpengine.dll+51feab|C:\\ProgramData\\Microsoft\\Windows Defender\\Definition Updates\\{183B6726-AD8A-4D60-9D52-01CF17905D6C}\\mpengine.dll+51c990|C:\\ProgramData\\Microsoft\\Windows Defender\\Definition Updates\\{183B6726-AD8A-4D60-9D52-01CF17905D6C}\\mpengine.dll+518530|C:\\ProgramData\\Microsoft\\Windows Defender\\Definition Updates\\{183B6726-AD8A-4D60-9D52-01CF17905D6C}\\mpengine.dll+519eff|C:\\ProgramData\\Microsoft\\Windows Defender\\Definition Updates\\{183B6726-AD8A-4D60-9D52-01CF17905D6C}\\mpengine.dll+523dbe",
                "TargetUser": "NT AUTHORITY\\SYSTEM",
                "SourceProcessId": "4880",
                "SourceProcessGUID": "{dd01dab0-1032-6326-6500-000000004000}",
                "SourceThreadId": "10416",
                "SourceUser": "NT AUTHORITY\\SYSTEM",
                "UtcTime": "2022-10-01 09:46:09.556",
                "SourceImage": "C:\\ProgramData\\Microsoft\\Windows Defender\\Platform\\4.18.2207.7-0\\MsMpEng.exe",
                "TargetImage": "C:\\Windows\\system32\\lsass.exe",
                "GrantedAccess": "0x1000",
                "RuleName": "-"
            },
            "task": "Process accessed (rule: ProcessAccess)"
        }
    },
    "3": {
        "@timestamp": "2022-10-01T09:46:34.330Z",
        "host": {
            "ip": [
                "fe80::a124:aaad:caaa:fa18",
                "169.254.250.24",
                "fe80::6190:cebb:c47a:6085",
                "169.254.96.133",
                "fe80::64c9:75f2:e438:b0d8",
                "172.18.80.1",
                "fe80::10b7:21de:f236:21d6",
                "172.17.128.1",
                "fe80::b4d7:de0d:3edb:1bc4",
                "192.168.56.1",
                "fe80::f4db:5a2e:ad57:1420",
                "169.254.20.32",
                "fe80::d555:f80:832f:7ce5",
                "169.254.124.229",
                "fe80::9810:b4f4:77ea:e9a6",
                "169.254.233.166",
                "fe80::28a0:2b41:f083:29b0",
                "192.168.1.102",
                "fe80::b1a0:c04c:13f6:7545",
                "172.29.64.1",
                "fe80::c5b2:4950:2d20:bb68",
                "172.28.176.1",
                "fe80::a17a:7f68:dfff:a27c",
                "172.25.0.1",
                "fe80::b8d9:d9dd:b164:c469",
                "169.254.196.105"
            ],
            "name": "Elmo"
        },
        "winlog": {
            "computer_name": "Elmo",
            "provider_guid": "{5770385f-c22a-43e0-bf4c-06f5698ffbd9}",
            "event_data": {
                "ParentUser": "ELMO\\mrdor",
                "ParentCommandLine": "\"G:\\Steam\\Steam.exe\" ",
                "OriginalFileName": "-",
                "FileVersion": "-",
                "Product": "-",
                "CurrentDirectory": "G:\\Steam\\",
                "ParentProcessId": "10152",
                "RuleName": "-",
                "LogonId": "0x20c432ea",
                "IntegrityLevel": "Medium",
                "ParentProcessGuid": "{dd01dab0-0c4c-6338-8b17-010000004000}",
                "Hashes": "MD5=D6D6DDF71C2A46B4735C20EC16270AB6,SHA256=0D422EFDFA17DC6E1EBF0ED9E2902FD7C0EAA2F77B8A5A8F1DF1478453A37AB8",
                "UtcTime": "2022-10-01 09:46:34.327",
                "ProcessId": "9248",
                "User": "ELMO\\mrdor",
                "LogonGuid": "{dd01dab0-9c1d-6335-ea32-c42000000000}",
                "ParentImage": "G:\\Steam\\steam.exe",
                "ProcessGuid": "{dd01dab0-0c7a-6338-aa17-010000004000}",
                "TerminalSessionId": "4",
                "Image": "G:\\Steam\\bin\\gldriverquery.exe",
                "Company": "-",
                "CommandLine": ".\\bin\\gldriverquery.exe",
                "Description": "-"
            },
            "task": "Process Create (rule: ProcessCreate)",
            "provider_name": "Microsoft-Windows-Sysmon"
        }
    },
    "4": {
        "@timestamp": "2022-10-01T09:46:36.240Z",
        "host": {
            "name": "Elmo",
            "ip": [
                "fe80::a124:aaad:caaa:fa18",
                "169.254.250.24",
                "fe80::6190:cebb:c47a:6085",
                "169.254.96.133",
                "fe80::64c9:75f2:e438:b0d8",
                "172.18.80.1",
                "fe80::10b7:21de:f236:21d6",
                "172.17.128.1",
                "fe80::b4d7:de0d:3edb:1bc4",
                "192.168.56.1",
                "fe80::f4db:5a2e:ad57:1420",
                "169.254.20.32",
                "fe80::d555:f80:832f:7ce5",
                "169.254.124.229",
                "fe80::9810:b4f4:77ea:e9a6",
                "169.254.233.166",
                "fe80::28a0:2b41:f083:29b0",
                "192.168.1.102",
                "fe80::b1a0:c04c:13f6:7545",
                "172.29.64.1",
                "fe80::c5b2:4950:2d20:bb68",
                "172.28.176.1",
                "fe80::a17a:7f68:dfff:a27c",
                "172.25.0.1",
                "fe80::b8d9:d9dd:b164:c469",
                "169.254.196.105"
            ]
        },
        "winlog": {
            "provider_name": "Microsoft-Windows-Sysmon",
            "provider_guid": "{5770385f-c22a-43e0-bf4c-06f5698ffbd9}",
            "event_data": {
                "Hashes": "MD5=BF9A815D03D534B95AA39569DA9E713F,SHA256=F979DFB3E68943C6EDA7DBE6C3E17662DB3EAE69CF305B936755FE77C264FCD1",
                "ParentImage": "G:\\Steam\\steam.exe",
                "Company": "-",
                "LogonGuid": "{dd01dab0-9c1d-6335-ea32-c42000000000}",
                "ProcessId": "14444",
                "Image": "G:\\Steam\\bin\\vulkandriverquery64.exe",
                "FileVersion": "-",
                "Description": "-",
                "Product": "-",
                "IntegrityLevel": "Medium",
                "CurrentDirectory": "G:\\Steam\\",
                "RuleName": "-",
                "OriginalFileName": "-",
                "LogonId": "0x20c432ea",
                "TerminalSessionId": "4",
                "User": "ELMO\\mrdor",
                "ParentProcessId": "10152",
                "CommandLine": ".\\bin\\vulkandriverquery64.exe",
                "ParentCommandLine": "\"G:\\Steam\\Steam.exe\" ",
                "ParentProcessGuid": "{dd01dab0-0c4c-6338-8b17-010000004000}",
                "ParentUser": "ELMO\\mrdor",
                "ProcessGuid": "{dd01dab0-0c7c-6338-ab17-010000004000}",
                "UtcTime": "2022-10-01 09:46:36.237"
            },
            "task": "Process Create (rule: ProcessCreate)",
            "computer_name": "Elmo"
        }
    },
    "5": {
        "@timestamp": "2022-10-01T09:46:36.244Z",
        "host": {
            "ip": [
                "fe80::a124:aaad:caaa:fa18",
                "169.254.250.24",
                "fe80::6190:cebb:c47a:6085",
                "169.254.96.133",
                "fe80::64c9:75f2:e438:b0d8",
                "172.18.80.1",
                "fe80::10b7:21de:f236:21d6",
                "172.17.128.1",
                "fe80::b4d7:de0d:3edb:1bc4",
                "192.168.56.1",
                "fe80::f4db:5a2e:ad57:1420",
                "169.254.20.32",
                "fe80::d555:f80:832f:7ce5",
                "169.254.124.229",
                "fe80::9810:b4f4:77ea:e9a6",
                "169.254.233.166",
                "fe80::28a0:2b41:f083:29b0",
                "192.168.1.102",
                "fe80::b1a0:c04c:13f6:7545",
                "172.29.64.1",
                "fe80::c5b2:4950:2d20:bb68",
                "172.28.176.1",
                "fe80::a17a:7f68:dfff:a27c",
                "172.25.0.1",
                "fe80::b8d9:d9dd:b164:c469",
                "169.254.196.105"
            ],
            "name": "Elmo"
        },
        "winlog": {
            "provider_guid": "{5770385f-c22a-43e0-bf4c-06f5698ffbd9}",
            "provider_name": "Microsoft-Windows-Sysmon",
            "computer_name": "Elmo",
            "event_data": {
                "CommandLine": "\\??\\C:\\Windows\\system32\\conhost.exe 0xffffffff -ForceV1",
                "User": "ELMO\\mrdor",
                "ParentUser": "ELMO\\mrdor",
                "ProcessId": "16576",
                "ParentProcessGuid": "{dd01dab0-0c7c-6338-ab17-010000004000}",
                "CurrentDirectory": "C:\\Windows",
                "ParentCommandLine": ".\\bin\\vulkandriverquery64.exe",
                "RuleName": "-",
                "Description": "Console Window Host",
                "ParentImage": "G:\\Steam\\bin\\vulkandriverquery64.exe",
                "UtcTime": "2022-10-01 09:46:36.242",
                "OriginalFileName": "CONHOST.EXE",
                "LogonId": "0x20c432ea",
                "FileVersion": "10.0.19041.1566 (WinBuild.160101.0800)",
                "Product": "Microsoft\u00c2\u00ae Windows\u00c2\u00ae Operating System",
                "IntegrityLevel": "Medium",
                "ParentProcessId": "14444",
                "ProcessGuid": "{dd01dab0-0c7c-6338-ac17-010000004000}",
                "Image": "C:\\Windows\\System32\\conhost.exe",
                "Hashes": "MD5=0D698AF330FD17BEE3BF90011D49251D,SHA256=3C1C6D813D2B031D988204155FC198FE4F32FF56C05DABBCFCD5486131F4FB9D",
                "TerminalSessionId": "4",
                "Company": "Microsoft Corporation",
                "LogonGuid": "{dd01dab0-9c1d-6335-ea32-c42000000000}"
            },
            "task": "Process Create (rule: ProcessCreate)"
        }
    },
    "6": {
        "@timestamp": "2022-10-01T09:46:39.967Z",
        "host": {
            "ip": [
                "fe80::a124:aaad:caaa:fa18",
                "169.254.250.24",
                "fe80::6190:cebb:c47a:6085",
                "169.254.96.133",
                "fe80::64c9:75f2:e438:b0d8",
                "172.18.80.1",
                "fe80::10b7:21de:f236:21d6",
                "172.17.128.1",
                "fe80::b4d7:de0d:3edb:1bc4",
                "192.168.56.1",
                "fe80::f4db:5a2e:ad57:1420",
                "169.254.20.32",
                "fe80::d555:f80:832f:7ce5",
                "169.254.124.229",
                "fe80::9810:b4f4:77ea:e9a6",
                "169.254.233.166",
                "fe80::28a0:2b41:f083:29b0",
                "192.168.1.102",
                "fe80::b1a0:c04c:13f6:7545",
                "172.29.64.1",
                "fe80::c5b2:4950:2d20:bb68",
                "172.28.176.1",
                "fe80::a17a:7f68:dfff:a27c",
                "172.25.0.1",
                "fe80::b8d9:d9dd:b164:c469",
                "169.254.196.105"
            ],
            "name": "Elmo"
        },
        "winlog": {
            "provider_guid": "{5770385f-c22a-43e0-bf4c-06f5698ffbd9}",
            "event_data": {
                "TerminalSessionId": "4",
                "Product": "Steam Client WebHelper",
                "ProcessGuid": "{dd01dab0-0c7f-6338-ad17-010000004000}",
                "CommandLine": "\"G:\\Steam\\bin\\cef\\cef.win7x64\\steamwebhelper.exe\" --type=renderer --log-file=\"G:\\Steam\\logs\\cef_log.txt\" --field-trial-handle=1740,11130590672844940701,4330340255637368701,131072 --enable-features=CastMediaRouteProvider --disable-features=SameSiteByDefaultCookies --enable-blink-features=ResizeObserver,Worklet,AudioWorklet --disable-blink-features=Badging --lang=en-US --log-file=\"G:\\Steam\\logs\\cef_log.txt\" --product-version=\"Valve Steam Client\" --buildid=1663887315 --steamid=0 --device-scale-factor=1 --num-raster-threads=4 --enable-main-frame-before-activation --renderer-client-id=4 --mojo-platform-channel-handle=2444 /prefetch:1",
                "CurrentDirectory": "G:\\Steam\\",
                "ProcessId": "9984",
                "User": "ELMO\\mrdor",
                "IntegrityLevel": "Low",
                "Description": "Steam Client WebHelper",
                "Image": "G:\\Steam\\bin\\cef\\cef.win7x64\\steamwebhelper.exe",
                "UtcTime": "2022-10-01 09:46:39.961",
                "LogonGuid": "{dd01dab0-9c1d-6335-ea32-c42000000000}",
                "LogonId": "0x20c432ea",
                "Hashes": "MD5=F7676A1FD5AE40DEA659B6E24F7D7452,SHA256=54E12562DA894972DA956BC2F1AB0C500E40DC3B379A79A66592941F255A6FE6",
                "FileVersion": "07.52.39.57",
                "ParentUser": "ELMO\\mrdor",
                "Company": "Valve Corporation",
                "RuleName": "-",
                "ParentImage": "G:\\Steam\\bin\\cef\\cef.win7x64\\steamwebhelper.exe",
                "OriginalFileName": "steamwebhelper.exe",
                "ParentProcessId": "20672",
                "ParentProcessGuid": "{dd01dab0-0c57-6338-9317-010000004000}",
                "ParentCommandLine": "G:\\Steam\\bin\\cef\\cef.win7x64\\steamwebhelper.exe \"-lang=en_US\" \"-cachedir=C:\\Users\\mrdor\\AppData\\Local\\Steam\\htmlcache\" \"-steampid=10152\" \"-buildid=1663887315\" \"-steamid=0\" \"-logdir=G:\\Steam\\logs\" \"-composer-mode=0\" \"-steamuniverse=Public\" \"-realm=Global\" \"-clientui=G:\\Steam\\clientui\" --enable-media-stream --enable-smooth-scrolling --enable-direct-write \"--log-file=G:\\Steam\\logs\\cef_log.txt\" --disable-quick-menu --disable-features=SameSiteByDefaultCookies --enable-blink-features=ResizeObserver,Worklet,AudioWorklet --disable-blink-features=Badging"
            },
            "computer_name": "Elmo",
            "task": "Process Create (rule: ProcessCreate)",
            "provider_name": "Microsoft-Windows-Sysmon"
        }
    },
    "7": {
        "@timestamp": "2022-10-01T09:46:40.693Z",
        "host": {
            "name": "Elmo",
            "ip": [
                "fe80::a124:aaad:caaa:fa18",
                "169.254.250.24",
                "fe80::6190:cebb:c47a:6085",
                "169.254.96.133",
                "fe80::64c9:75f2:e438:b0d8",
                "172.18.80.1",
                "fe80::10b7:21de:f236:21d6",
                "172.17.128.1",
                "fe80::b4d7:de0d:3edb:1bc4",
                "192.168.56.1",
                "fe80::f4db:5a2e:ad57:1420",
                "169.254.20.32",
                "fe80::d555:f80:832f:7ce5",
                "169.254.124.229",
                "fe80::9810:b4f4:77ea:e9a6",
                "169.254.233.166",
                "fe80::28a0:2b41:f083:29b0",
                "192.168.1.102",
                "fe80::b1a0:c04c:13f6:7545",
                "172.29.64.1",
                "fe80::c5b2:4950:2d20:bb68",
                "172.28.176.1",
                "fe80::a17a:7f68:dfff:a27c",
                "172.25.0.1",
                "fe80::b8d9:d9dd:b164:c469",
                "169.254.196.105"
            ]
        },
        "winlog": {
            "task": "Process Create (rule: ProcessCreate)",
            "provider_name": "Microsoft-Windows-Sysmon",
            "provider_guid": "{5770385f-c22a-43e0-bf4c-06f5698ffbd9}",
            "event_data": {
                "ParentProcessGuid": "{dd01dab0-0c4c-6338-8b17-010000004000}",
                "UtcTime": "2022-10-01 09:46:40.690",
                "FileVersion": "-",
                "Image": "G:\\Steam\\bin\\vulkandriverquery.exe",
                "RuleName": "-",
                "Company": "-",
                "CurrentDirectory": "G:\\Steam\\",
                "LogonGuid": "{dd01dab0-9c1d-6335-ea32-c42000000000}",
                "Description": "-",
                "User": "ELMO\\mrdor",
                "ParentImage": "G:\\Steam\\steam.exe",
                "TerminalSessionId": "4",
                "Hashes": "MD5=C89703DE1081B01102EB54D20776268C,SHA256=00931CDEE1D68BB0EA4DD1D748802A069E7199FE13FD72498B32FE0A999813B9",
                "IntegrityLevel": "Medium",
                "ParentCommandLine": "\"G:\\Steam\\Steam.exe\" ",
                "ParentUser": "ELMO\\mrdor",
                "ProcessId": "20880",
                "ParentProcessId": "10152",
                "CommandLine": ".\\bin\\vulkandriverquery.exe",
                "Product": "-",
                "ProcessGuid": "{dd01dab0-0c80-6338-ae17-010000004000}",
                "OriginalFileName": "-",
                "LogonId": "0x20c432ea"
            },
            "computer_name": "Elmo"
        }
    },
    "8": {
        "@timestamp": "2022-10-01T09:46:40.708Z",
        "host": {
            "ip": [
                "fe80::a124:aaad:caaa:fa18",
                "169.254.250.24",
                "fe80::6190:cebb:c47a:6085",
                "169.254.96.133",
                "fe80::64c9:75f2:e438:b0d8",
                "172.18.80.1",
                "fe80::10b7:21de:f236:21d6",
                "172.17.128.1",
                "fe80::b4d7:de0d:3edb:1bc4",
                "192.168.56.1",
                "fe80::f4db:5a2e:ad57:1420",
                "169.254.20.32",
                "fe80::d555:f80:832f:7ce5",
                "169.254.124.229",
                "fe80::9810:b4f4:77ea:e9a6",
                "169.254.233.166",
                "fe80::28a0:2b41:f083:29b0",
                "192.168.1.102",
                "fe80::b1a0:c04c:13f6:7545",
                "172.29.64.1",
                "fe80::c5b2:4950:2d20:bb68",
                "172.28.176.1",
                "fe80::a17a:7f68:dfff:a27c",
                "172.25.0.1",
                "fe80::b8d9:d9dd:b164:c469",
                "169.254.196.105"
            ],
            "name": "Elmo"
        },
        "winlog": {
            "task": "Process Create (rule: ProcessCreate)",
            "provider_guid": "{5770385f-c22a-43e0-bf4c-06f5698ffbd9}",
            "computer_name": "Elmo",
            "event_data": {
                "Image": "C:\\Windows\\System32\\conhost.exe",
                "ParentProcessId": "20880",
                "Company": "Microsoft Corporation",
                "LogonGuid": "{dd01dab0-9c1d-6335-ea32-c42000000000}",
                "FileVersion": "10.0.19041.1566 (WinBuild.160101.0800)",
                "Hashes": "MD5=0D698AF330FD17BEE3BF90011D49251D,SHA256=3C1C6D813D2B031D988204155FC198FE4F32FF56C05DABBCFCD5486131F4FB9D",
                "OriginalFileName": "CONHOST.EXE",
                "CommandLine": "\\??\\C:\\Windows\\system32\\conhost.exe 0xffffffff -ForceV1",
                "Product": "Microsoft\u00c2\u00ae Windows\u00c2\u00ae Operating System",
                "Description": "Console Window Host",
                "User": "ELMO\\mrdor",
                "CurrentDirectory": "C:\\Windows",
                "ParentUser": "ELMO\\mrdor",
                "RuleName": "-",
                "ProcessGuid": "{dd01dab0-0c80-6338-af17-010000004000}",
                "ProcessId": "21892",
                "ParentProcessGuid": "{dd01dab0-0c80-6338-ae17-010000004000}",
                "LogonId": "0x20c432ea",
                "UtcTime": "2022-10-01 09:46:40.705",
                "ParentCommandLine": ".\\bin\\vulkandriverquery.exe",
                "ParentImage": "G:\\Steam\\bin\\vulkandriverquery.exe",
                "TerminalSessionId": "4",
                "IntegrityLevel": "Medium"
            },
            "provider_name": "Microsoft-Windows-Sysmon"
        }
    },
    "9": {
        "@timestamp": "2022-10-01T09:46:58.149Z",
        "host": {
            "ip": [
                "fe80::a124:aaad:caaa:fa18",
                "169.254.250.24",
                "fe80::6190:cebb:c47a:6085",
                "169.254.96.133",
                "fe80::64c9:75f2:e438:b0d8",
                "172.18.80.1",
                "fe80::10b7:21de:f236:21d6",
                "172.17.128.1",
                "fe80::b4d7:de0d:3edb:1bc4",
                "192.168.56.1",
                "fe80::f4db:5a2e:ad57:1420",
                "169.254.20.32",
                "fe80::d555:f80:832f:7ce5",
                "169.254.124.229",
                "fe80::9810:b4f4:77ea:e9a6",
                "169.254.233.166",
                "fe80::28a0:2b41:f083:29b0",
                "192.168.1.102",
                "fe80::b1a0:c04c:13f6:7545",
                "172.29.64.1",
                "fe80::c5b2:4950:2d20:bb68",
                "172.28.176.1",
                "fe80::a17a:7f68:dfff:a27c",
                "172.25.0.1",
                "fe80::b8d9:d9dd:b164:c469",
                "169.254.196.105"
            ],
            "name": "Elmo"
        },
        "winlog": {
            "event_data": {
                "FileVersion": "07.52.39.57",
                "ParentProcessId": "20672",
                "ParentImage": "G:\\Steam\\bin\\cef\\cef.win7x64\\steamwebhelper.exe",
                "Description": "Steam Client WebHelper",
                "Product": "Steam Client WebHelper",
                "TerminalSessionId": "4",
                "LogonId": "0x20c432ea",
                "ParentCommandLine": "G:\\Steam\\bin\\cef\\cef.win7x64\\steamwebhelper.exe \"-lang=en_US\" \"-cachedir=C:\\Users\\mrdor\\AppData\\Local\\Steam\\htmlcache\" \"-steampid=10152\" \"-buildid=1663887315\" \"-steamid=0\" \"-logdir=G:\\Steam\\logs\" \"-composer-mode=0\" \"-steamuniverse=Public\" \"-realm=Global\" \"-clientui=G:\\Steam\\clientui\" --enable-media-stream --enable-smooth-scrolling --enable-direct-write \"--log-file=G:\\Steam\\logs\\cef_log.txt\" --disable-quick-menu --disable-features=SameSiteByDefaultCookies --enable-blink-features=ResizeObserver,Worklet,AudioWorklet --disable-blink-features=Badging",
                "CurrentDirectory": "G:\\Steam\\",
                "RuleName": "-",
                "Company": "Valve Corporation",
                "ProcessGuid": "{dd01dab0-0c92-6338-b017-010000004000}",
                "User": "ELMO\\mrdor",
                "Hashes": "MD5=F7676A1FD5AE40DEA659B6E24F7D7452,SHA256=54E12562DA894972DA956BC2F1AB0C500E40DC3B379A79A66592941F255A6FE6",
                "OriginalFileName": "steamwebhelper.exe",
                "CommandLine": "\"G:\\Steam\\bin\\cef\\cef.win7x64\\steamwebhelper.exe\" --type=renderer --log-file=\"G:\\Steam\\logs\\cef_log.txt\" --field-trial-handle=1740,11130590672844940701,4330340255637368701,131072 --enable-features=CastMediaRouteProvider --disable-features=SameSiteByDefaultCookies --enable-blink-features=ResizeObserver,Worklet,AudioWorklet --disable-blink-features=Badging --lang=en-US --log-file=\"G:\\Steam\\logs\\cef_log.txt\" --product-version=\"Valve Steam Client\" --buildid=1663887315 --steamid=0 --device-scale-factor=1 --num-raster-threads=4 --enable-main-frame-before-activation --renderer-client-id=5 --mojo-platform-channel-handle=2780 /prefetch:1",
                "Image": "G:\\Steam\\bin\\cef\\cef.win7x64\\steamwebhelper.exe",
                "IntegrityLevel": "Low",
                "ProcessId": "23096",
                "ParentProcessGuid": "{dd01dab0-0c57-6338-9317-010000004000}",
                "ParentUser": "ELMO\\mrdor",
                "UtcTime": "2022-10-01 09:46:58.145",
                "LogonGuid": "{dd01dab0-9c1d-6335-ea32-c42000000000}"
            },
            "computer_name": "Elmo",
            "provider_name": "Microsoft-Windows-Sysmon",
            "task": "Process Create (rule: ProcessCreate)",
            "provider_guid": "{5770385f-c22a-43e0-bf4c-06f5698ffbd9}"
        }
    },
    "10": {
        "@timestamp": "2022-10-01T09:46:58.169Z",
        "host": {
            "ip": [
                "fe80::a124:aaad:caaa:fa18",
                "169.254.250.24",
                "fe80::6190:cebb:c47a:6085",
                "169.254.96.133",
                "fe80::64c9:75f2:e438:b0d8",
                "172.18.80.1",
                "fe80::10b7:21de:f236:21d6",
                "172.17.128.1",
                "fe80::b4d7:de0d:3edb:1bc4",
                "192.168.56.1",
                "fe80::f4db:5a2e:ad57:1420",
                "169.254.20.32",
                "fe80::d555:f80:832f:7ce5",
                "169.254.124.229",
                "fe80::9810:b4f4:77ea:e9a6",
                "169.254.233.166",
                "fe80::28a0:2b41:f083:29b0",
                "192.168.1.102",
                "fe80::b1a0:c04c:13f6:7545",
                "172.29.64.1",
                "fe80::c5b2:4950:2d20:bb68",
                "172.28.176.1",
                "fe80::a17a:7f68:dfff:a27c",
                "172.25.0.1",
                "fe80::b8d9:d9dd:b164:c469",
                "169.254.196.105"
            ],
            "name": "Elmo"
        },
        "winlog": {
            "event_data": {
                "ParentProcessGuid": "{dd01dab0-0c57-6338-9317-010000004000}",
                "ProcessId": "2444",
                "ParentUser": "ELMO\\mrdor",
                "IntegrityLevel": "Low",
                "CurrentDirectory": "G:\\Steam\\",
                "LogonGuid": "{dd01dab0-9c1d-6335-ea32-c42000000000}",
                "UtcTime": "2022-10-01 09:46:58.163",
                "ParentProcessId": "20672",
                "Company": "Valve Corporation",
                "CommandLine": "\"G:\\Steam\\bin\\cef\\cef.win7x64\\steamwebhelper.exe\" --type=renderer --log-file=\"G:\\Steam\\logs\\cef_log.txt\" --field-trial-handle=1740,11130590672844940701,4330340255637368701,131072 --enable-features=CastMediaRouteProvider --disable-features=SameSiteByDefaultCookies --enable-blink-features=ResizeObserver,Worklet,AudioWorklet --disable-blink-features=Badging --lang=en-US --log-file=\"G:\\Steam\\logs\\cef_log.txt\" --product-version=\"Valve Steam Client\" --buildid=1663887315 --steamid=0 --device-scale-factor=1 --num-raster-threads=4 --enable-main-frame-before-activation --renderer-client-id=6 --mojo-platform-channel-handle=2968 /prefetch:1",
                "RuleName": "-",
                "Description": "Steam Client WebHelper",
                "Product": "Steam Client WebHelper",
                "FileVersion": "07.52.39.57",
                "TerminalSessionId": "4",
                "LogonId": "0x20c432ea",
                "Hashes": "MD5=F7676A1FD5AE40DEA659B6E24F7D7452,SHA256=54E12562DA894972DA956BC2F1AB0C500E40DC3B379A79A66592941F255A6FE6",
                "Image": "G:\\Steam\\bin\\cef\\cef.win7x64\\steamwebhelper.exe",
                "User": "ELMO\\mrdor",
                "ParentCommandLine": "G:\\Steam\\bin\\cef\\cef.win7x64\\steamwebhelper.exe \"-lang=en_US\" \"-cachedir=C:\\Users\\mrdor\\AppData\\Local\\Steam\\htmlcache\" \"-steampid=10152\" \"-buildid=1663887315\" \"-steamid=0\" \"-logdir=G:\\Steam\\logs\" \"-composer-mode=0\" \"-steamuniverse=Public\" \"-realm=Global\" \"-clientui=G:\\Steam\\clientui\" --enable-media-stream --enable-smooth-scrolling --enable-direct-write \"--log-file=G:\\Steam\\logs\\cef_log.txt\" --disable-quick-menu --disable-features=SameSiteByDefaultCookies --enable-blink-features=ResizeObserver,Worklet,AudioWorklet --disable-blink-features=Badging",
                "OriginalFileName": "steamwebhelper.exe",
                "ParentImage": "G:\\Steam\\bin\\cef\\cef.win7x64\\steamwebhelper.exe",
                "ProcessGuid": "{dd01dab0-0c92-6338-b117-010000004000}"
            },
            "task": "Process Create (rule: ProcessCreate)",
            "computer_name": "Elmo",
            "provider_name": "Microsoft-Windows-Sysmon",
            "provider_guid": "{5770385f-c22a-43e0-bf4c-06f5698ffbd9}"
        }
    },
    "11": {
        "@timestamp": "2022-10-01T09:46:58.354Z",
        "host": {
            "ip": [
                "fe80::a124:aaad:caaa:fa18",
                "169.254.250.24",
                "fe80::6190:cebb:c47a:6085",
                "169.254.96.133",
                "fe80::64c9:75f2:e438:b0d8",
                "172.18.80.1",
                "fe80::10b7:21de:f236:21d6",
                "172.17.128.1",
                "fe80::b4d7:de0d:3edb:1bc4",
                "192.168.56.1",
                "fe80::f4db:5a2e:ad57:1420",
                "169.254.20.32",
                "fe80::d555:f80:832f:7ce5",
                "169.254.124.229",
                "fe80::9810:b4f4:77ea:e9a6",
                "169.254.233.166",
                "fe80::28a0:2b41:f083:29b0",
                "192.168.1.102",
                "fe80::b1a0:c04c:13f6:7545",
                "172.29.64.1",
                "fe80::c5b2:4950:2d20:bb68",
                "172.28.176.1",
                "fe80::a17a:7f68:dfff:a27c",
                "172.25.0.1",
                "fe80::b8d9:d9dd:b164:c469",
                "169.254.196.105"
            ],
            "name": "Elmo"
        },
        "winlog": {
            "computer_name": "Elmo",
            "event_data": {
                "Description": "Steam Client WebHelper",
                "ParentProcessId": "20672",
                "ProcessGuid": "{dd01dab0-0c92-6338-b217-010000004000}",
                "ProcessId": "10692",
                "FileVersion": "07.52.39.57",
                "Hashes": "MD5=F7676A1FD5AE40DEA659B6E24F7D7452,SHA256=54E12562DA894972DA956BC2F1AB0C500E40DC3B379A79A66592941F255A6FE6",
                "Product": "Steam Client WebHelper",
                "ParentProcessGuid": "{dd01dab0-0c57-6338-9317-010000004000}",
                "CurrentDirectory": "G:\\Steam\\",
                "ParentImage": "G:\\Steam\\bin\\cef\\cef.win7x64\\steamwebhelper.exe",
                "ParentCommandLine": "G:\\Steam\\bin\\cef\\cef.win7x64\\steamwebhelper.exe \"-lang=en_US\" \"-cachedir=C:\\Users\\mrdor\\AppData\\Local\\Steam\\htmlcache\" \"-steampid=10152\" \"-buildid=1663887315\" \"-steamid=0\" \"-logdir=G:\\Steam\\logs\" \"-composer-mode=0\" \"-steamuniverse=Public\" \"-realm=Global\" \"-clientui=G:\\Steam\\clientui\" --enable-media-stream --enable-smooth-scrolling --enable-direct-write \"--log-file=G:\\Steam\\logs\\cef_log.txt\" --disable-quick-menu --disable-features=SameSiteByDefaultCookies --enable-blink-features=ResizeObserver,Worklet,AudioWorklet --disable-blink-features=Badging",
                "LogonId": "0x20c432ea",
                "LogonGuid": "{dd01dab0-9c1d-6335-ea32-c42000000000}",
                "User": "ELMO\\mrdor",
                "TerminalSessionId": "4",
                "UtcTime": "2022-10-01 09:46:58.350",
                "Company": "Valve Corporation",
                "IntegrityLevel": "Low",
                "ParentUser": "ELMO\\mrdor",
                "CommandLine": "\"G:\\Steam\\bin\\cef\\cef.win7x64\\steamwebhelper.exe\" --type=renderer --log-file=\"G:\\Steam\\logs\\cef_log.txt\" --field-trial-handle=1740,11130590672844940701,4330340255637368701,131072 --enable-features=CastMediaRouteProvider --disable-features=SameSiteByDefaultCookies --enable-blink-features=ResizeObserver,Worklet,AudioWorklet --disable-blink-features=Badging --lang=en-US --log-file=\"G:\\Steam\\logs\\cef_log.txt\" --product-version=\"Valve Steam Client\" --buildid=1663887315 --steamid=0 --device-scale-factor=1 --num-raster-threads=4 --enable-main-frame-before-activation --renderer-client-id=7 --mojo-platform-channel-handle=3152 /prefetch:1",
                "RuleName": "-",
                "OriginalFileName": "steamwebhelper.exe",
                "Image": "G:\\Steam\\bin\\cef\\cef.win7x64\\steamwebhelper.exe"
            },
            "task": "Process Create (rule: ProcessCreate)",
            "provider_name": "Microsoft-Windows-Sysmon",
            "provider_guid": "{5770385f-c22a-43e0-bf4c-06f5698ffbd9}"
        }
    },
    "12": {
        "@timestamp": "2022-10-01T09:46:58.505Z",
        "host": {
            "name": "Elmo",
            "ip": [
                "fe80::a124:aaad:caaa:fa18",
                "169.254.250.24",
                "fe80::6190:cebb:c47a:6085",
                "169.254.96.133",
                "fe80::64c9:75f2:e438:b0d8",
                "172.18.80.1",
                "fe80::10b7:21de:f236:21d6",
                "172.17.128.1",
                "fe80::b4d7:de0d:3edb:1bc4",
                "192.168.56.1",
                "fe80::f4db:5a2e:ad57:1420",
                "169.254.20.32",
                "fe80::d555:f80:832f:7ce5",
                "169.254.124.229",
                "fe80::9810:b4f4:77ea:e9a6",
                "169.254.233.166",
                "fe80::28a0:2b41:f083:29b0",
                "192.168.1.102",
                "fe80::b1a0:c04c:13f6:7545",
                "172.29.64.1",
                "fe80::c5b2:4950:2d20:bb68",
                "172.28.176.1",
                "fe80::a17a:7f68:dfff:a27c",
                "172.25.0.1",
                "fe80::b8d9:d9dd:b164:c469",
                "169.254.196.105"
            ]
        },
        "winlog": {
            "computer_name": "Elmo",
            "task": "Process Create (rule: ProcessCreate)",
            "event_data": {
                "User": "ELMO\\mrdor",
                "Description": "Steam Client WebHelper",
                "Company": "Valve Corporation",
                "ParentImage": "G:\\Steam\\bin\\cef\\cef.win7x64\\steamwebhelper.exe",
                "OriginalFileName": "steamwebhelper.exe",
                "Image": "G:\\Steam\\bin\\cef\\cef.win7x64\\steamwebhelper.exe",
                "ProcessId": "10164",
                "CurrentDirectory": "G:\\Steam\\",
                "LogonId": "0x20c432ea",
                "Hashes": "MD5=F7676A1FD5AE40DEA659B6E24F7D7452,SHA256=54E12562DA894972DA956BC2F1AB0C500E40DC3B379A79A66592941F255A6FE6",
                "UtcTime": "2022-10-01 09:46:58.501",
                "TerminalSessionId": "4",
                "IntegrityLevel": "Low",
                "ParentProcessGuid": "{dd01dab0-0c57-6338-9317-010000004000}",
                "ParentProcessId": "20672",
