{
    "0": {
        "@timestamp": "2022-10-01T17:01:12.635Z",
        "winlog": {
            "task": "RawAccessRead detected (rule: RawAccessRead)",
            "provider_name": "Microsoft-Windows-Sysmon",
            "computer_name": "Elmo",
            "provider_guid": "{5770385f-c22a-43e0-bf4c-06f5698ffbd9}",
            "event_data": {
                "UtcTime": "2022-10-01 17:01:12.634",
                "ProcessGuid": "{dd01dab0-1022-6326-0f00-000000004000}",
                "ProcessId": "1144",
                "Image": "C:\\Windows\\System32\\svchost.exe",
                "Device": "\\Device\\HarddiskVolume3",
                "User": "NT AUTHORITY\\SYSTEM",
                "RuleName": "-"
            }
        },
        "host": {
            "ip": [
                "fe80::a124:aaad:caaa:fa18",
                "169.254.250.24",
                "fe80::6190:cebb:c47a:6085",
                "169.254.96.133",
                "fe80::64c9:75f2:e438:b0d8",
                "172.18.80.1",
                "fe80::d190:aca4:5de:d03c",
                "172.27.96.1",
                "fe80::b4d7:de0d:3edb:1bc4",
                "192.168.56.1",
                "fe80::f4db:5a2e:ad57:1420",
                "169.254.20.32",
                "fe80::d555:f80:832f:7ce5",
                "169.254.124.229",
                "fe80::9810:b4f4:77ea:e9a6",
                "169.254.233.166",
                "fe80::28a0:2b41:f083:29b0",
                "192.168.1.102",
                "fe80::b1a0:c04c:13f6:7545",
                "172.29.64.1",
                "fe80::c5b2:4950:2d20:bb68",
                "172.28.176.1",
                "fe80::d003:415c:ba1e:166c",
                "172.25.64.1",
                "fe80::b8d9:d9dd:b164:c469",
                "169.254.196.105"
            ],
            "name": "Elmo"
        }
    },
    "1": {
        "@timestamp": "2022-10-01T17:01:12.635Z",
        "host": {
            "name": "Elmo",
            "ip": [
                "fe80::a124:aaad:caaa:fa18",
                "169.254.250.24",
                "fe80::6190:cebb:c47a:6085",
                "169.254.96.133",
                "fe80::64c9:75f2:e438:b0d8",
                "172.18.80.1",
                "fe80::d190:aca4:5de:d03c",
                "172.27.96.1",
                "fe80::b4d7:de0d:3edb:1bc4",
                "192.168.56.1",
                "fe80::f4db:5a2e:ad57:1420",
                "169.254.20.32",
                "fe80::d555:f80:832f:7ce5",
                "169.254.124.229",
                "fe80::9810:b4f4:77ea:e9a6",
                "169.254.233.166",
                "fe80::28a0:2b41:f083:29b0",
                "192.168.1.102",
                "fe80::b1a0:c04c:13f6:7545",
                "172.29.64.1",
                "fe80::c5b2:4950:2d20:bb68",
                "172.28.176.1",
                "fe80::d003:415c:ba1e:166c",
                "172.25.64.1",
                "fe80::b8d9:d9dd:b164:c469",
                "169.254.196.105"
            ]
        },
        "winlog": {
            "event_data": {
                "ProcessGuid": "{dd01dab0-1022-6326-0f00-000000004000}",
                "ProcessId": "1144",
                "Image": "C:\\Windows\\System32\\svchost.exe",
                "Device": "\\Device\\HarddiskVolume3",
                "User": "NT AUTHORITY\\SYSTEM",
                "RuleName": "-",
                "UtcTime": "2022-10-01 17:01:12.635"
            },
            "provider_name": "Microsoft-Windows-Sysmon",
            "computer_name": "Elmo",
            "task": "RawAccessRead detected (rule: RawAccessRead)",
            "provider_guid": "{5770385f-c22a-43e0-bf4c-06f5698ffbd9}"
        }
    },
    "2": {
        "@timestamp": "2022-10-01T17:01:12.636Z",
        "host": {
            "ip": [
                "fe80::a124:aaad:caaa:fa18",
                "169.254.250.24",
                "fe80::6190:cebb:c47a:6085",
                "169.254.96.133",
                "fe80::64c9:75f2:e438:b0d8",
                "172.18.80.1",
                "fe80::d190:aca4:5de:d03c",
                "172.27.96.1",
                "fe80::b4d7:de0d:3edb:1bc4",
                "192.168.56.1",
                "fe80::f4db:5a2e:ad57:1420",
                "169.254.20.32",
                "fe80::d555:f80:832f:7ce5",
                "169.254.124.229",
                "fe80::9810:b4f4:77ea:e9a6",
                "169.254.233.166",
                "fe80::28a0:2b41:f083:29b0",
                "192.168.1.102",
                "fe80::b1a0:c04c:13f6:7545",
                "172.29.64.1",
                "fe80::c5b2:4950:2d20:bb68",
                "172.28.176.1",
                "fe80::d003:415c:ba1e:166c",
                "172.25.64.1",
                "fe80::b8d9:d9dd:b164:c469",
                "169.254.196.105"
            ],
            "name": "Elmo"
        },
        "winlog": {
            "event_data": {
                "Device": "\\Device\\HarddiskVolume3",
                "User": "NT AUTHORITY\\SYSTEM",
                "RuleName": "-",
                "UtcTime": "2022-10-01 17:01:12.635",
                "ProcessGuid": "{dd01dab0-1022-6326-0f00-000000004000}",
                "ProcessId": "1144",
                "Image": "C:\\Windows\\System32\\svchost.exe"
            },
            "computer_name": "Elmo",
            "provider_guid": "{5770385f-c22a-43e0-bf4c-06f5698ffbd9}",
            "task": "RawAccessRead detected (rule: RawAccessRead)",
            "provider_name": "Microsoft-Windows-Sysmon"
        }
    },
    "3": {
        "@timestamp": "2022-10-01T17:01:12.636Z",
        "host": {
            "ip": [
                "fe80::a124:aaad:caaa:fa18",
                "169.254.250.24",
                "fe80::6190:cebb:c47a:6085",
                "169.254.96.133",
                "fe80::64c9:75f2:e438:b0d8",
                "172.18.80.1",
                "fe80::d190:aca4:5de:d03c",
                "172.27.96.1",
                "fe80::b4d7:de0d:3edb:1bc4",
                "192.168.56.1",
                "fe80::f4db:5a2e:ad57:1420",
                "169.254.20.32",
                "fe80::d555:f80:832f:7ce5",
                "169.254.124.229",
                "fe80::9810:b4f4:77ea:e9a6",
                "169.254.233.166",
                "fe80::28a0:2b41:f083:29b0",
                "192.168.1.102",
                "fe80::b1a0:c04c:13f6:7545",
                "172.29.64.1",
                "fe80::c5b2:4950:2d20:bb68",
                "172.28.176.1",
                "fe80::d003:415c:ba1e:166c",
                "172.25.64.1",
                "fe80::b8d9:d9dd:b164:c469",
                "169.254.196.105"
            ],
            "name": "Elmo"
        },
        "winlog": {
            "provider_name": "Microsoft-Windows-Sysmon",
            "task": "RawAccessRead detected (rule: RawAccessRead)",
            "event_data": {
                "Image": "C:\\Windows\\System32\\svchost.exe",
                "Device": "\\Device\\HarddiskVolume3",
                "User": "NT AUTHORITY\\SYSTEM",
                "RuleName": "-",
                "UtcTime": "2022-10-01 17:01:12.635",
                "ProcessGuid": "{dd01dab0-1022-6326-0f00-000000004000}",
                "ProcessId": "1144"
            },
            "computer_name": "Elmo",
            "provider_guid": "{5770385f-c22a-43e0-bf4c-06f5698ffbd9}"
        }
    },
    "4": {
        "@timestamp": "2022-10-01T17:01:12.636Z",
        "winlog": {
            "computer_name": "Elmo",
            "provider_name": "Microsoft-Windows-Sysmon",
            "task": "RawAccessRead detected (rule: RawAccessRead)",
            "provider_guid": "{5770385f-c22a-43e0-bf4c-06f5698ffbd9}",
            "event_data": {
                "Image": "C:\\Windows\\System32\\svchost.exe",
                "Device": "\\Device\\HarddiskVolume3",
                "User": "NT AUTHORITY\\SYSTEM",
                "RuleName": "-",
                "UtcTime": "2022-10-01 17:01:12.635",
                "ProcessGuid": "{dd01dab0-1022-6326-0f00-000000004000}",
                "ProcessId": "1144"
            }
        },
        "host": {
            "ip": [
                "fe80::a124:aaad:caaa:fa18",
                "169.254.250.24",
                "fe80::6190:cebb:c47a:6085",
                "169.254.96.133",
                "fe80::64c9:75f2:e438:b0d8",
                "172.18.80.1",
                "fe80::d190:aca4:5de:d03c",
                "172.27.96.1",
                "fe80::b4d7:de0d:3edb:1bc4",
                "192.168.56.1",
                "fe80::f4db:5a2e:ad57:1420",
                "169.254.20.32",
                "fe80::d555:f80:832f:7ce5",
                "169.254.124.229",
                "fe80::9810:b4f4:77ea:e9a6",
                "169.254.233.166",
                "fe80::28a0:2b41:f083:29b0",
                "192.168.1.102",
                "fe80::b1a0:c04c:13f6:7545",
                "172.29.64.1",
                "fe80::c5b2:4950:2d20:bb68",
                "172.28.176.1",
                "fe80::d003:415c:ba1e:166c",
                "172.25.64.1",
                "fe80::b8d9:d9dd:b164:c469",
                "169.254.196.105"
            ],
            "name": "Elmo"
        }
    },
    "5": {
        "@timestamp": "2022-10-01T17:01:12.636Z",
        "winlog": {
            "provider_guid": "{5770385f-c22a-43e0-bf4c-06f5698ffbd9}",
            "task": "RawAccessRead detected (rule: RawAccessRead)",
            "computer_name": "Elmo",
            "provider_name": "Microsoft-Windows-Sysmon",
            "event_data": {
                "UtcTime": "2022-10-01 17:01:12.635",
                "ProcessGuid": "{dd01dab0-1022-6326-0f00-000000004000}",
                "ProcessId": "1144",
                "Image": "C:\\Windows\\System32\\svchost.exe",
                "Device": "\\Device\\HarddiskVolume3",
                "User": "NT AUTHORITY\\SYSTEM",
                "RuleName": "-"
            }
        },
        "host": {
            "ip": [
                "fe80::a124:aaad:caaa:fa18",
                "169.254.250.24",
                "fe80::6190:cebb:c47a:6085",
                "169.254.96.133",
                "fe80::64c9:75f2:e438:b0d8",
                "172.18.80.1",
                "fe80::d190:aca4:5de:d03c",
                "172.27.96.1",
                "fe80::b4d7:de0d:3edb:1bc4",
                "192.168.56.1",
                "fe80::f4db:5a2e:ad57:1420",
                "169.254.20.32",
                "fe80::d555:f80:832f:7ce5",
                "169.254.124.229",
                "fe80::9810:b4f4:77ea:e9a6",
                "169.254.233.166",
                "fe80::28a0:2b41:f083:29b0",
                "192.168.1.102",
                "fe80::b1a0:c04c:13f6:7545",
                "172.29.64.1",
                "fe80::c5b2:4950:2d20:bb68",
                "172.28.176.1",
                "fe80::d003:415c:ba1e:166c",
                "172.25.64.1",
                "fe80::b8d9:d9dd:b164:c469",
                "169.254.196.105"
            ],
            "name": "Elmo"
        }
    },
    "6": {
        "@timestamp": "2022-10-01T17:01:12.636Z",
        "host": {
            "name": "Elmo",
            "ip": [
                "fe80::a124:aaad:caaa:fa18",
                "169.254.250.24",
                "fe80::6190:cebb:c47a:6085",
                "169.254.96.133",
                "fe80::64c9:75f2:e438:b0d8",
                "172.18.80.1",
                "fe80::d190:aca4:5de:d03c",
                "172.27.96.1",
                "fe80::b4d7:de0d:3edb:1bc4",
                "192.168.56.1",
                "fe80::f4db:5a2e:ad57:1420",
                "169.254.20.32",
                "fe80::d555:f80:832f:7ce5",
                "169.254.124.229",
                "fe80::9810:b4f4:77ea:e9a6",
                "169.254.233.166",
                "fe80::28a0:2b41:f083:29b0",
                "192.168.1.102",
                "fe80::b1a0:c04c:13f6:7545",
                "172.29.64.1",
                "fe80::c5b2:4950:2d20:bb68",
                "172.28.176.1",
                "fe80::d003:415c:ba1e:166c",
                "172.25.64.1",
                "fe80::b8d9:d9dd:b164:c469",
                "169.254.196.105"
            ]
        },
        "winlog": {
            "provider_guid": "{5770385f-c22a-43e0-bf4c-06f5698ffbd9}",
            "event_data": {
                "ProcessGuid": "{dd01dab0-1022-6326-0f00-000000004000}",
                "ProcessId": "1144",
                "Image": "C:\\Windows\\System32\\svchost.exe",
                "Device": "\\Device\\HarddiskVolume3",
                "User": "NT AUTHORITY\\SYSTEM",
                "RuleName": "-",
                "UtcTime": "2022-10-01 17:01:12.636"
            },
            "task": "RawAccessRead detected (rule: RawAccessRead)",
            "provider_name": "Microsoft-Windows-Sysmon",
            "computer_name": "Elmo"
        }
    },
    "7": {
        "@timestamp": "2022-10-01T17:01:12.637Z",
        "host": {
            "name": "Elmo",
            "ip": [
                "fe80::a124:aaad:caaa:fa18",
                "169.254.250.24",
                "fe80::6190:cebb:c47a:6085",
                "169.254.96.133",
                "fe80::64c9:75f2:e438:b0d8",
                "172.18.80.1",
                "fe80::d190:aca4:5de:d03c",
                "172.27.96.1",
                "fe80::b4d7:de0d:3edb:1bc4",
                "192.168.56.1",
                "fe80::f4db:5a2e:ad57:1420",
                "169.254.20.32",
                "fe80::d555:f80:832f:7ce5",
                "169.254.124.229",
                "fe80::9810:b4f4:77ea:e9a6",
                "169.254.233.166",
                "fe80::28a0:2b41:f083:29b0",
                "192.168.1.102",
                "fe80::b1a0:c04c:13f6:7545",
                "172.29.64.1",
                "fe80::c5b2:4950:2d20:bb68",
                "172.28.176.1",
                "fe80::d003:415c:ba1e:166c",
                "172.25.64.1",
                "fe80::b8d9:d9dd:b164:c469",
                "169.254.196.105"
            ]
        },
        "winlog": {
            "task": "RawAccessRead detected (rule: RawAccessRead)",
            "provider_guid": "{5770385f-c22a-43e0-bf4c-06f5698ffbd9}",
            "computer_name": "Elmo",
            "event_data": {
                "Device": "\\Device\\HarddiskVolume3",
                "User": "NT AUTHORITY\\SYSTEM",
                "RuleName": "-",
                "UtcTime": "2022-10-01 17:01:12.636",
                "ProcessGuid": "{dd01dab0-1022-6326-0f00-000000004000}",
                "ProcessId": "1144",
                "Image": "C:\\Windows\\System32\\svchost.exe"
            },
            "provider_name": "Microsoft-Windows-Sysmon"
        }
    },
    "8": {
        "@timestamp": "2022-10-01T17:01:12.637Z",
        "host": {
            "ip": [
                "fe80::a124:aaad:caaa:fa18",
                "169.254.250.24",
                "fe80::6190:cebb:c47a:6085",
                "169.254.96.133",
                "fe80::64c9:75f2:e438:b0d8",
                "172.18.80.1",
                "fe80::d190:aca4:5de:d03c",
                "172.27.96.1",
                "fe80::b4d7:de0d:3edb:1bc4",
                "192.168.56.1",
                "fe80::f4db:5a2e:ad57:1420",
                "169.254.20.32",
                "fe80::d555:f80:832f:7ce5",
                "169.254.124.229",
                "fe80::9810:b4f4:77ea:e9a6",
                "169.254.233.166",
                "fe80::28a0:2b41:f083:29b0",
                "192.168.1.102",
                "fe80::b1a0:c04c:13f6:7545",
                "172.29.64.1",
                "fe80::c5b2:4950:2d20:bb68",
                "172.28.176.1",
                "fe80::d003:415c:ba1e:166c",
                "172.25.64.1",
                "fe80::b8d9:d9dd:b164:c469",
                "169.254.196.105"
            ],
            "name": "Elmo"
        },
        "winlog": {
            "provider_name": "Microsoft-Windows-Sysmon",
            "provider_guid": "{5770385f-c22a-43e0-bf4c-06f5698ffbd9}",
            "task": "RawAccessRead detected (rule: RawAccessRead)",
            "computer_name": "Elmo",
            "event_data": {
                "ProcessGuid": "{dd01dab0-1022-6326-0f00-000000004000}",
                "ProcessId": "1144",
                "Image": "C:\\Windows\\System32\\svchost.exe",
                "Device": "\\Device\\HarddiskVolume3",
                "User": "NT AUTHORITY\\SYSTEM",
                "RuleName": "-",
                "UtcTime": "2022-10-01 17:01:12.636"
            }
        }
    },
    "9": {
        "@timestamp": "2022-10-01T17:01:12.637Z",
        "host": {
            "name": "Elmo",
            "ip": [
                "fe80::a124:aaad:caaa:fa18",
                "169.254.250.24",
                "fe80::6190:cebb:c47a:6085",
                "169.254.96.133",
                "fe80::64c9:75f2:e438:b0d8",
                "172.18.80.1",
                "fe80::d190:aca4:5de:d03c",
                "172.27.96.1",
                "fe80::b4d7:de0d:3edb:1bc4",
                "192.168.56.1",
                "fe80::f4db:5a2e:ad57:1420",
                "169.254.20.32",
                "fe80::d555:f80:832f:7ce5",
                "169.254.124.229",
                "fe80::9810:b4f4:77ea:e9a6",
                "169.254.233.166",
                "fe80::28a0:2b41:f083:29b0",
                "192.168.1.102",
                "fe80::b1a0:c04c:13f6:7545",
                "172.29.64.1",
                "fe80::c5b2:4950:2d20:bb68",
                "172.28.176.1",
                "fe80::d003:415c:ba1e:166c",
                "172.25.64.1",
                "fe80::b8d9:d9dd:b164:c469",
                "169.254.196.105"
            ]
        },
        "winlog": {
            "provider_guid": "{5770385f-c22a-43e0-bf4c-06f5698ffbd9}",
            "task": "RawAccessRead detected (rule: RawAccessRead)",
            "provider_name": "Microsoft-Windows-Sysmon",
            "computer_name": "Elmo",
            "event_data": {
                "Image": "C:\\Windows\\System32\\svchost.exe",
                "Device": "\\Device\\HarddiskVolume3",
                "User": "NT AUTHORITY\\SYSTEM",
                "RuleName": "-",
                "UtcTime": "2022-10-01 17:01:12.636",
                "ProcessGuid": "{dd01dab0-1022-6326-0f00-000000004000}",
                "ProcessId": "1144"
            }
        }
    },
    "10": {
        "@timestamp": "2022-10-01T17:01:12.637Z",
        "host": {
            "name": "Elmo",
            "ip": [
                "fe80::a124:aaad:caaa:fa18",
                "169.254.250.24",
                "fe80::6190:cebb:c47a:6085",
                "169.254.96.133",
                "fe80::64c9:75f2:e438:b0d8",
                "172.18.80.1",
                "fe80::d190:aca4:5de:d03c",
                "172.27.96.1",
                "fe80::b4d7:de0d:3edb:1bc4",
                "192.168.56.1",
                "fe80::f4db:5a2e:ad57:1420",
                "169.254.20.32",
                "fe80::d555:f80:832f:7ce5",
                "169.254.124.229",
                "fe80::9810:b4f4:77ea:e9a6",
                "169.254.233.166",
                "fe80::28a0:2b41:f083:29b0",
                "192.168.1.102",
                "fe80::b1a0:c04c:13f6:7545",
                "172.29.64.1",
                "fe80::c5b2:4950:2d20:bb68",
                "172.28.176.1",
                "fe80::d003:415c:ba1e:166c",
                "172.25.64.1",
                "fe80::b8d9:d9dd:b164:c469",
                "169.254.196.105"
            ]
        },
        "winlog": {
            "provider_guid": "{5770385f-c22a-43e0-bf4c-06f5698ffbd9}",
            "computer_name": "Elmo",
            "event_data": {
                "User": "NT AUTHORITY\\SYSTEM",
                "RuleName": "-",
                "UtcTime": "2022-10-01 17:01:12.637",
                "ProcessGuid": "{dd01dab0-1022-6326-0f00-000000004000}",
                "ProcessId": "1144",
                "Image": "C:\\Windows\\System32\\svchost.exe",
                "Device": "\\Device\\HarddiskVolume3"
            },
            "task": "RawAccessRead detected (rule: RawAccessRead)",
            "provider_name": "Microsoft-Windows-Sysmon"
        }
    },
    "11": {
        "@timestamp": "2022-10-01T17:01:12.638Z",
        "host": {
            "ip": [
                "fe80::a124:aaad:caaa:fa18",
                "169.254.250.24",
                "fe80::6190:cebb:c47a:6085",
                "169.254.96.133",
                "fe80::64c9:75f2:e438:b0d8",
                "172.18.80.1",
                "fe80::d190:aca4:5de:d03c",
                "172.27.96.1",
                "fe80::b4d7:de0d:3edb:1bc4",
                "192.168.56.1",
                "fe80::f4db:5a2e:ad57:1420",
                "169.254.20.32",
                "fe80::d555:f80:832f:7ce5",
                "169.254.124.229",
                "fe80::9810:b4f4:77ea:e9a6",
                "169.254.233.166",
                "fe80::28a0:2b41:f083:29b0",
                "192.168.1.102",
                "fe80::b1a0:c04c:13f6:7545",
                "172.29.64.1",
                "fe80::c5b2:4950:2d20:bb68",
                "172.28.176.1",
                "fe80::d003:415c:ba1e:166c",
                "172.25.64.1",
                "fe80::b8d9:d9dd:b164:c469",
                "169.254.196.105"
            ],
            "name": "Elmo"
        },
        "winlog": {
            "computer_name": "Elmo",
            "event_data": {
                "ProcessId": "1144",
                "Image": "C:\\Windows\\System32\\svchost.exe",
                "Device": "\\Device\\HarddiskVolume3",
                "User": "NT AUTHORITY\\SYSTEM",
                "RuleName": "-",
                "UtcTime": "2022-10-01 17:01:12.637",
                "ProcessGuid": "{dd01dab0-1022-6326-0f00-000000004000}"
            },
            "task": "RawAccessRead detected (rule: RawAccessRead)",
            "provider_guid": "{5770385f-c22a-43e0-bf4c-06f5698ffbd9}",
            "provider_name": "Microsoft-Windows-Sysmon"
        }
    },
    "12": {
        "@timestamp": "2022-10-01T17:01:12.638Z",
        "winlog": {
            "event_data": {
                "ProcessGuid": "{dd01dab0-1022-6326-0f00-000000004000}",
                "ProcessId": "1144",
                "Image": "C:\\Windows\\System32\\svchost.exe",
                "Device": "\\Device\\HarddiskVolume3",
                "User": "NT AUTHORITY\\SYSTEM",
                "RuleName": "-",
                "UtcTime": "2022-10-01 17:01:12.637"
            },
            "task": "RawAccessRead detected (rule: RawAccessRead)",
            "provider_name": "Microsoft-Windows-Sysmon",
            "computer_name": "Elmo",
            "provider_guid": "{5770385f-c22a-43e0-bf4c-06f5698ffbd9}"
        },
        "host": {
            "ip": [
                "fe80::a124:aaad:caaa:fa18",
                "169.254.250.24",
                "fe80::6190:cebb:c47a:6085",
                "169.254.96.133",
                "fe80::64c9:75f2:e438:b0d8",
                "172.18.80.1",
                "fe80::d190:aca4:5de:d03c",
                "172.27.96.1",
                "fe80::b4d7:de0d:3edb:1bc4",
                "192.168.56.1",
                "fe80::f4db:5a2e:ad57:1420",
                "169.254.20.32",
                "fe80::d555:f80:832f:7ce5",
                "169.254.124.229",
                "fe80::9810:b4f4:77ea:e9a6",
                "169.254.233.166",
                "fe80::28a0:2b41:f083:29b0",
                "192.168.1.102",
                "fe80::b1a0:c04c:13f6:7545",
                "172.29.64.1",
                "fe80::c5b2:4950:2d20:bb68",
                "172.28.176.1",
                "fe80::d003:415c:ba1e:166c",
                "172.25.64.1",
                "fe80::b8d9:d9dd:b164:c469",
                "169.254.196.105"
            ],
            "name": "Elmo"
        }
    },
    "13": {
        "@timestamp": "2022-10-01T17:01:12.638Z",
        "host": {
            "name": "Elmo",
            "ip": [
                "fe80::a124:aaad:caaa:fa18",
                "169.254.250.24",
                "fe80::6190:cebb:c47a:6085",
                "169.254.96.133",
                "fe80::64c9:75f2:e438:b0d8",
                "172.18.80.1",
                "fe80::d190:aca4:5de:d03c",
                "172.27.96.1",
                "fe80::b4d7:de0d:3edb:1bc4",
                "192.168.56.1",
                "fe80::f4db:5a2e:ad57:1420",
                "169.254.20.32",
                "fe80::d555:f80:832f:7ce5",
                "169.254.124.229",
                "fe80::9810:b4f4:77ea:e9a6",
                "169.254.233.166",
                "fe80::28a0:2b41:f083:29b0",
                "192.168.1.102",
                "fe80::b1a0:c04c:13f6:7545",
                "172.29.64.1",
                "fe80::c5b2:4950:2d20:bb68",
                "172.28.176.1",
                "fe80::d003:415c:ba1e:166c",
                "172.25.64.1",
                "fe80::b8d9:d9dd:b164:c469",
                "169.254.196.105"
            ]
        },
        "winlog": {
            "provider_guid": "{5770385f-c22a-43e0-bf4c-06f5698ffbd9}",
            "provider_name": "Microsoft-Windows-Sysmon",
            "computer_name": "Elmo",
            "task": "RawAccessRead detected (rule: RawAccessRead)",
            "event_data": {
                "Image": "C:\\Windows\\System32\\svchost.exe",
                "Device": "\\Device\\HarddiskVolume3",
                "User": "NT AUTHORITY\\SYSTEM",
                "RuleName": "-",
                "UtcTime": "2022-10-01 17:01:12.637",
                "ProcessGuid": "{dd01dab0-1022-6326-0f00-000000004000}",
                "ProcessId": "1144"
            }
        }
    },
    "14": {
        "@timestamp": "2022-10-01T17:01:12.638Z",
        "host": {
            "name": "Elmo",
            "ip": [
                "fe80::a124:aaad:caaa:fa18",
                "169.254.250.24",
                "fe80::6190:cebb:c47a:6085",
                "169.254.96.133",
                "fe80::64c9:75f2:e438:b0d8",
                "172.18.80.1",
                "fe80::d190:aca4:5de:d03c",
                "172.27.96.1",
                "fe80::b4d7:de0d:3edb:1bc4",
                "192.168.56.1",
                "fe80::f4db:5a2e:ad57:1420",
                "169.254.20.32",
                "fe80::d555:f80:832f:7ce5",
                "169.254.124.229",
                "fe80::9810:b4f4:77ea:e9a6",
                "169.254.233.166",
                "fe80::28a0:2b41:f083:29b0",
                "192.168.1.102",
                "fe80::b1a0:c04c:13f6:7545",
                "172.29.64.1",
                "fe80::c5b2:4950:2d20:bb68",
                "172.28.176.1",
                "fe80::d003:415c:ba1e:166c",
                "172.25.64.1",
                "fe80::b8d9:d9dd:b164:c469",
                "169.254.196.105"
            ]
        },
        "winlog": {
            "provider_name": "Microsoft-Windows-Sysmon",
            "event_data": {
                "Device": "\\Device\\HarddiskVolume3",
                "User": "NT AUTHORITY\\SYSTEM",
                "RuleName": "-",
                "UtcTime": "2022-10-01 17:01:12.637",
                "ProcessGuid": "{dd01dab0-1022-6326-0f00-000000004000}",
                "ProcessId": "1144",
                "Image": "C:\\Windows\\System32\\svchost.exe"
            },
            "provider_guid": "{5770385f-c22a-43e0-bf4c-06f5698ffbd9}",
            "task": "RawAccessRead detected (rule: RawAccessRead)",
            "computer_name": "Elmo"
        }
    },
    "15": {
        "@timestamp": "2022-10-01T17:01:12.638Z",
        "winlog": {
            "task": "RawAccessRead detected (rule: RawAccessRead)",
            "provider_guid": "{5770385f-c22a-43e0-bf4c-06f5698ffbd9}",
            "provider_name": "Microsoft-Windows-Sysmon",
            "event_data": {
                "ProcessId": "1144",
                "Image": "C:\\Windows\\System32\\svchost.exe",
                "Device": "\\Device\\HarddiskVolume3",
                "User": "NT AUTHORITY\\SYSTEM",
                "RuleName": "-",
                "UtcTime": "2022-10-01 17:01:12.638",
                "ProcessGuid": "{dd01dab0-1022-6326-0f00-000000004000}"
            },
            "computer_name": "Elmo"
        },
        "host": {
            "ip": [
                "fe80::a124:aaad:caaa:fa18",
                "169.254.250.24",
                "fe80::6190:cebb:c47a:6085",
                "169.254.96.133",
                "fe80::64c9:75f2:e438:b0d8",
                "172.18.80.1",
                "fe80::d190:aca4:5de:d03c",
                "172.27.96.1",
                "fe80::b4d7:de0d:3edb:1bc4",
                "192.168.56.1",
                "fe80::f4db:5a2e:ad57:1420",
                "169.254.20.32",
                "fe80::d555:f80:832f:7ce5",
                "169.254.124.229",
                "fe80::9810:b4f4:77ea:e9a6",
                "169.254.233.166",
                "fe80::28a0:2b41:f083:29b0",
                "192.168.1.102",
                "fe80::b1a0:c04c:13f6:7545",
                "172.29.64.1",
                "fe80::c5b2:4950:2d20:bb68",
                "172.28.176.1",
                "fe80::d003:415c:ba1e:166c",
                "172.25.64.1",
                "fe80::b8d9:d9dd:b164:c469",
                "169.254.196.105"
            ],
            "name": "Elmo"
        }
    },
    "16": {
        "@timestamp": "2022-10-01T17:01:38.149Z",
        "winlog": {
            "provider_guid": "{5770385f-c22a-43e0-bf4c-06f5698ffbd9}",
            "task": "Process Create (rule: ProcessCreate)",
            "computer_name": "Elmo",
            "provider_name": "Microsoft-Windows-Sysmon",
            "event_data": {
                "Product": "Microsoft\u00c2\u00ae Windows\u00c2\u00ae Operating System",
                "CommandLine": "\"C:\\Windows\\system32\\BackgroundTaskHost.exe\" -ServerName:BackgroundTaskHost.WebAccountProvider",
                "CurrentDirectory": "C:\\Windows\\SystemApps\\Microsoft.AAD.BrokerPlugin_cw5n1h2txyewy\\",
                "Description": "Background Task Host",
                "ParentUser": "NT AUTHORITY\\SYSTEM",
                "IntegrityLevel": "AppContainer",
                "OriginalFileName": "backgroundTaskHost.exe",
                "ParentCommandLine": "C:\\Windows\\system32\\svchost.exe -k DcomLaunch -p",
                "FileVersion": "10.0.19041.546 (WinBuild.160101.0800)",
                "ProcessId": "19108",
                "ParentProcessId": "1144",
                "ProcessGuid": "{dd01dab0-7272-6338-152c-010000004000}",
                "LogonId": "0x20c432ea",
                "LogonGuid": "{dd01dab0-9c1d-6335-ea32-c42000000000}",
                "TerminalSessionId": "4",
                "Image": "C:\\Windows\\System32\\backgroundTaskHost.exe",
                "User": "ELMO\\mrdor",
                "ParentProcessGuid": "{dd01dab0-1022-6326-0f00-000000004000}",
                "RuleName": "-",
                "Hashes": "MD5=DA7063B17DBB8BBB3015351016868006,SHA256=20330D3CA71D58F4AEB432676CB6A3D5B97005954E45132FB083E90782EFDD50",
                "ParentImage": "C:\\Windows\\System32\\svchost.exe",
                "Company": "Microsoft Corporation",
                "UtcTime": "2022-10-01 17:01:38.145"
            }
        },
        "host": {
            "ip": [
                "fe80::a124:aaad:caaa:fa18",
                "169.254.250.24",
                "fe80::6190:cebb:c47a:6085",
                "169.254.96.133",
                "fe80::64c9:75f2:e438:b0d8",
                "172.18.80.1",
                "fe80::d190:aca4:5de:d03c",
                "172.27.96.1",
                "fe80::b4d7:de0d:3edb:1bc4",
                "192.168.56.1",
                "fe80::f4db:5a2e:ad57:1420",
                "169.254.20.32",
                "fe80::d555:f80:832f:7ce5",
                "169.254.124.229",
                "fe80::9810:b4f4:77ea:e9a6",
                "169.254.233.166",
                "fe80::28a0:2b41:f083:29b0",
                "192.168.1.102",
                "fe80::b1a0:c04c:13f6:7545",
                "172.29.64.1",
                "fe80::c5b2:4950:2d20:bb68",
                "172.28.176.1",
                "fe80::d003:415c:ba1e:166c",
                "172.25.64.1",
                "fe80::b8d9:d9dd:b164:c469",
                "169.254.196.105"
            ],
            "name": "Elmo"
        }
    },
    "17": {
        "@timestamp": "2022-10-01T17:02:21.321Z",
        "winlog": {
            "provider_guid": "{5770385f-c22a-43e0-bf4c-06f5698ffbd9}",
            "task": "Process accessed (rule: ProcessAccess)",
            "computer_name": "Elmo",
            "event_data": {
                "SourceThreadId": "17716",
                "TargetProcessId": "768",
                "GrantedAccess": "0x1000",
                "CallTrace": "C:\\Windows\\SYSTEM32\\ntdll.dll+9d4c4|C:\\Windows\\System32\\KERNELBASE.dll+32ea6|c:\\windows\\system32\\lsm.dll+e3e8|c:\\windows\\system32\\lsm.dll+11508|C:\\Windows\\System32\\RPCRT4.dll+796e3|C:\\Windows\\System32\\RPCRT4.dll+dd77b|C:\\Windows\\System32\\RPCRT4.dll+5d11c|C:\\Windows\\System32\\RPCRT4.dll+5a278|C:\\Windows\\System32\\RPCRT4.dll+3a416|C:\\Windows\\System32\\RPCRT4.dll+39d68|C:\\Windows\\System32\\RPCRT4.dll+4887f|C:\\Windows\\System32\\RPCRT4.dll+47c88|C:\\Windows\\System32\\RPCRT4.dll+47271|C:\\Windows\\System32\\RPCRT4.dll+46cde|C:\\Windows\\System32\\RPCRT4.dll+4b3b2|C:\\Windows\\SYSTEM32\\ntdll.dll+20330|C:\\Windows\\SYSTEM32\\ntdll.dll+52f76|C:\\Windows\\System32\\KERNEL32.DLL+17034|C:\\Windows\\SYSTEM32\\ntdll.dll+526a1",
                "RuleName": "-",
                "SourceProcessId": "1312",
                "TargetProcessGUID": "{dd01dab0-1021-6326-0e00-000000004000}",
                "SourceUser": "NT AUTHORITY\\SYSTEM",
                "SourceImage": "C:\\Windows\\system32\\svchost.exe",
                "TargetImage": "C:\\Windows\\system32\\lsass.exe",
                "TargetUser": "NT AUTHORITY\\SYSTEM",
                "SourceProcessGUID": "{dd01dab0-1022-6326-1300-000000004000}",
                "UtcTime": "2022-10-01 17:02:21.321"
            },
            "provider_name": "Microsoft-Windows-Sysmon"
        },
        "host": {
            "name": "Elmo",
            "ip": [
                "fe80::a124:aaad:caaa:fa18",
                "169.254.250.24",
                "fe80::6190:cebb:c47a:6085",
                "169.254.96.133",
                "fe80::64c9:75f2:e438:b0d8",
                "172.18.80.1",
                "fe80::d190:aca4:5de:d03c",
                "172.27.96.1",
                "fe80::b4d7:de0d:3edb:1bc4",
                "192.168.56.1",
                "fe80::f4db:5a2e:ad57:1420",
                "169.254.20.32",
                "fe80::d555:f80:832f:7ce5",
                "169.254.124.229",
                "fe80::9810:b4f4:77ea:e9a6",
                "169.254.233.166",
                "fe80::28a0:2b41:f083:29b0",
                "192.168.1.102",
                "fe80::b1a0:c04c:13f6:7545",
                "172.29.64.1",
                "fe80::c5b2:4950:2d20:bb68",
                "172.28.176.1",
                "fe80::d003:415c:ba1e:166c",
                "172.25.64.1",
                "fe80::b8d9:d9dd:b164:c469",
                "169.254.196.105"
            ]
        }
    },
    "18": {
        "@timestamp": "2022-10-01T17:02:21.321Z",
        "host": {
            "ip": [
                "fe80::a124:aaad:caaa:fa18",
                "169.254.250.24",
                "fe80::6190:cebb:c47a:6085",
                "169.254.96.133",
                "fe80::64c9:75f2:e438:b0d8",
                "172.18.80.1",
                "fe80::d190:aca4:5de:d03c",
                "172.27.96.1",
                "fe80::b4d7:de0d:3edb:1bc4",
                "192.168.56.1",
                "fe80::f4db:5a2e:ad57:1420",
                "169.254.20.32",
                "fe80::d555:f80:832f:7ce5",
                "169.254.124.229",
                "fe80::9810:b4f4:77ea:e9a6",
                "169.254.233.166",
                "fe80::28a0:2b41:f083:29b0",
                "192.168.1.102",
                "fe80::b1a0:c04c:13f6:7545",
                "172.29.64.1",
                "fe80::c5b2:4950:2d20:bb68",
                "172.28.176.1",
                "fe80::d003:415c:ba1e:166c",
                "172.25.64.1",
                "fe80::b8d9:d9dd:b164:c469",
                "169.254.196.105"
            ],
            "name": "Elmo"
        },
        "winlog": {
            "computer_name": "Elmo",
            "task": "Process accessed (rule: ProcessAccess)",
            "provider_name": "Microsoft-Windows-Sysmon",
            "event_data": {
                "SourceProcessId": "1312",
                "SourceThreadId": "17716",
                "TargetImage": "C:\\Windows\\system32\\lsass.exe",
                "RuleName": "-",
                "UtcTime": "2022-10-01 17:02:21.321",
                "CallTrace": "C:\\Windows\\SYSTEM32\\ntdll.dll+9d4c4|C:\\Windows\\System32\\KERNELBASE.dll+32ea6|c:\\windows\\system32\\lsm.dll+e3e8|c:\\windows\\system32\\lsm.dll+d85b|c:\\windows\\system32\\lsm.dll+1160e|C:\\Windows\\System32\\RPCRT4.dll+796e3|C:\\Windows\\System32\\RPCRT4.dll+dd77b|C:\\Windows\\System32\\RPCRT4.dll+5d11c|C:\\Windows\\System32\\RPCRT4.dll+5a278|C:\\Windows\\System32\\RPCRT4.dll+3a416|C:\\Windows\\System32\\RPCRT4.dll+39d68|C:\\Windows\\System32\\RPCRT4.dll+4887f|C:\\Windows\\System32\\RPCRT4.dll+47c88|C:\\Windows\\System32\\RPCRT4.dll+47271|C:\\Windows\\System32\\RPCRT4.dll+46cde|C:\\Windows\\System32\\RPCRT4.dll+4b3b2|C:\\Windows\\SYSTEM32\\ntdll.dll+20330|C:\\Windows\\SYSTEM32\\ntdll.dll+52f76|C:\\Windows\\System32\\KERNEL32.DLL+17034|C:\\Windows\\SYSTEM32\\ntdll.dll+526a1",
                "SourceUser": "NT AUTHORITY\\SYSTEM",
                "TargetProcessGUID": "{dd01dab0-1021-6326-0e00-000000004000}",
                "SourceProcessGUID": "{dd01dab0-1022-6326-1300-000000004000}",
                "SourceImage": "C:\\Windows\\system32\\svchost.exe",
                "TargetProcessId": "768",
                "GrantedAccess": "0x1000",
                "TargetUser": "NT AUTHORITY\\SYSTEM"
            },
            "provider_guid": "{5770385f-c22a-43e0-bf4c-06f5698ffbd9}"
        }
    },
    "19": {
        "@timestamp": "2022-10-01T17:02:21.348Z",
        "host": {
            "ip": [
                "fe80::a124:aaad:caaa:fa18",
                "169.254.250.24",
                "fe80::6190:cebb:c47a:6085",
                "169.254.96.133",
                "fe80::64c9:75f2:e438:b0d8",
                "172.18.80.1",
                "fe80::d190:aca4:5de:d03c",
                "172.27.96.1",
                "fe80::b4d7:de0d:3edb:1bc4",
                "192.168.56.1",
                "fe80::f4db:5a2e:ad57:1420",
                "169.254.20.32",
                "fe80::d555:f80:832f:7ce5",
                "169.254.124.229",
                "fe80::9810:b4f4:77ea:e9a6",
                "169.254.233.166",
                "fe80::28a0:2b41:f083:29b0",
                "192.168.1.102",
                "fe80::b1a0:c04c:13f6:7545",
                "172.29.64.1",
                "fe80::c5b2:4950:2d20:bb68",
                "172.28.176.1",
                "fe80::d003:415c:ba1e:166c",
                "172.25.64.1",
                "fe80::b8d9:d9dd:b164:c469",
                "169.254.196.105"
            ],
            "name": "Elmo"
        },
        "winlog": {
            "provider_guid": "{5770385f-c22a-43e0-bf4c-06f5698ffbd9}",
            "event_data": {
                "IntegrityLevel": "System",
                "ParentProcessGuid": "{00000000-0000-0000-0000-000000000000}",
                "ParentUser": "-",
                "LogonId": "0x3e7",
                "Company": "Microsoft Corporation",
                "UtcTime": "2022-10-01 17:02:21.326",
                "ProcessId": "17268",
                "CommandLine": "C:\\Windows\\servicing\\TrustedInstaller.exe",
                "Description": "Windows Modules Installer",
                "Product": "Microsoft\u00c2\u00ae Windows\u00c2\u00ae Operating System",
                "ParentProcessId": "92",
                "Hashes": "MD5=D098F2FC042FBF6879D47E3A86FBB4A1,SHA256=7F0E3E2682A24A6B27484226CC0C7B30F837EA08B01F82C7B7AC094BF0A88CE5",
                "Image": "C:\\Windows\\servicing\\TrustedInstaller.exe",
                "ParentImage": "-",
                "User": "NT AUTHORITY\\SYSTEM",
                "FileVersion": "10.0.19041.1741 (WinBuild.160101.0800)",
                "ProcessGuid": "{dd01dab0-729d-6338-162c-010000004000}",
                "OriginalFileName": "TrustedInstaller.exe",
                "TerminalSessionId": "0",
                "LogonGuid": "{dd01dab0-1021-6326-e703-000000000000}",
                "RuleName": "-",
                "CurrentDirectory": "C:\\Windows\\system32\\",
                "ParentCommandLine": "-"
            },
            "provider_name": "Microsoft-Windows-Sysmon",
            "task": "Process Create (rule: ProcessCreate)",
            "computer_name": "Elmo"
        }
    },
    "20": {
        "@timestamp": "2022-10-01T17:02:21.396Z",
        "host": {
            "name": "Elmo",
            "ip": [
                "fe80::a124:aaad:caaa:fa18",
                "169.254.250.24",
                "fe80::6190:cebb:c47a:6085",
                "169.254.96.133",
                "fe80::64c9:75f2:e438:b0d8",
                "172.18.80.1",
                "fe80::d190:aca4:5de:d03c",
                "172.27.96.1",
                "fe80::b4d7:de0d:3edb:1bc4",
                "192.168.56.1",
                "fe80::f4db:5a2e:ad57:1420",
                "169.254.20.32",
                "fe80::d555:f80:832f:7ce5",
                "169.254.124.229",
                "fe80::9810:b4f4:77ea:e9a6",
                "169.254.233.166",
                "fe80::28a0:2b41:f083:29b0",
                "192.168.1.102",
                "fe80::b1a0:c04c:13f6:7545",
                "172.29.64.1",
                "fe80::c5b2:4950:2d20:bb68",
                "172.28.176.1",
                "fe80::d003:415c:ba1e:166c",
                "172.25.64.1",
                "fe80::b8d9:d9dd:b164:c469",
                "169.254.196.105"
            ]
        },
        "winlog": {
            "provider_name": "Microsoft-Windows-Sysmon",
            "computer_name": "Elmo",
            "task": "Process Create (rule: ProcessCreate)",
            "provider_guid": "{5770385f-c22a-43e0-bf4c-06f5698ffbd9}",
            "event_data": {
                "LogonId": "0x3e7",
                "ParentProcessId": "1144",
                "CommandLine": "C:\\Windows\\winsxs\\amd64_microsoft-windows-servicingstack_31bf3856ad364e35_10.0.19041.1940_none_7dd80d767cb5c7b0\\TiWorker.exe -Embedding",
                "User": "NT AUTHORITY\\SYSTEM",
                "ParentUser": "NT AUTHORITY\\SYSTEM",
                "Image": "C:\\Windows\\WinSxS\\amd64_microsoft-windows-servicingstack_31bf3856ad364e35_10.0.19041.1940_none_7dd80d767cb5c7b0\\TiWorker.exe",
                "Product": "Microsoft\u00c2\u00ae Windows\u00c2\u00ae Operating System",
                "Hashes": "MD5=5E5B4DFD8F87F3B4C907E7C872BC4866,SHA256=B87F907F63F3B6059759DBFBCEF2A10A5745FA1BC35BDF28C300553922926864",
                "RuleName": "-",
                "UtcTime": "2022-10-01 17:02:21.383",
                "Description": "Windows Modules Installer Worker",
                "ParentImage": "C:\\Windows\\System32\\svchost.exe",
                "LogonGuid": "{dd01dab0-1021-6326-e703-000000000000}",
                "ParentCommandLine": "C:\\Windows\\system32\\svchost.exe -k DcomLaunch -p",
                "CurrentDirectory": "C:\\Windows\\system32\\",
                "FileVersion": "10.0.19041.1940 (WinBuild.160101.0800)",
                "TerminalSessionId": "0",
                "IntegrityLevel": "System",
                "ProcessGuid": "{dd01dab0-729d-6338-172c-010000004000}",
                "ParentProcessGuid": "{dd01dab0-1022-6326-0f00-000000004000}",
                "Company": "Microsoft Corporation",
                "ProcessId": "4820",
                "OriginalFileName": "TiWorker.exe"
            }
        }
    },
    "21": {
        "@timestamp": "2022-10-01T17:02:43.249Z",
        "host": {
            "name": "Elmo",
            "ip": [
                "fe80::a124:aaad:caaa:fa18",
                "169.254.250.24",
                "fe80::6190:cebb:c47a:6085",
                "169.254.96.133",
                "fe80::64c9:75f2:e438:b0d8",
                "172.18.80.1",
                "fe80::d190:aca4:5de:d03c",
                "172.27.96.1",
                "fe80::b4d7:de0d:3edb:1bc4",
                "192.168.56.1",
                "fe80::f4db:5a2e:ad57:1420",
                "169.254.20.32",
                "fe80::d555:f80:832f:7ce5",
                "169.254.124.229",
                "fe80::9810:b4f4:77ea:e9a6",
                "169.254.233.166",
                "fe80::28a0:2b41:f083:29b0",
                "192.168.1.102",
                "fe80::b1a0:c04c:13f6:7545",
                "172.29.64.1",
                "fe80::c5b2:4950:2d20:bb68",
                "172.28.176.1",
                "fe80::d003:415c:ba1e:166c",
                "172.25.64.1",
                "fe80::b8d9:d9dd:b164:c469",
                "169.254.196.105"
            ]
        },
        "winlog": {
            "event_data": {
                "LogonId": "0x20c41d50",
                "UtcTime": "2022-10-01 17:02:43.247",
                "ProcessId": "18948",
                "Image": "C:\\Program Files\\JetBrains\\PyCharm 2021.3\\bin\\runnerw.exe",
                "OriginalFileName": "runnerw.exe",
                "Hashes": "MD5=23E6EC0009C0C7081DB498A691B89E87,SHA256=4B763DE958DD9B0C8F9390EC8D033AD848D3BD432AA031BAA8911B1AD8914E13",
                "ParentProcessId": "5728",
                "RuleName": "-",
                "User": "ELMO\\mrdor",
                "ParentProcessGuid": "{dd01dab0-5d45-6338-f024-010000004000}",
                "ParentImage": "C:\\Program Files\\JetBrains\\PyCharm 2021.3\\bin\\pycharm64.exe",
                "Description": "Command line runner",
                "Product": "IntelliJ Platform",
