{
    "0": {
        "@timestamp": "2022-10-01T17:03:21.108Z",
        "host": {
            "name": "Elmo",
            "ip": [
                "fe80::a124:aaad:caaa:fa18",
                "169.254.250.24",
                "fe80::6190:cebb:c47a:6085",
                "169.254.96.133",
                "fe80::64c9:75f2:e438:b0d8",
                "172.18.80.1",
                "fe80::d190:aca4:5de:d03c",
                "172.27.96.1",
                "fe80::b4d7:de0d:3edb:1bc4",
                "192.168.56.1",
                "fe80::f4db:5a2e:ad57:1420",
                "169.254.20.32",
                "fe80::d555:f80:832f:7ce5",
                "169.254.124.229",
                "fe80::9810:b4f4:77ea:e9a6",
                "169.254.233.166",
                "fe80::28a0:2b41:f083:29b0",
                "192.168.1.102",
                "fe80::b1a0:c04c:13f6:7545",
                "172.29.64.1",
                "fe80::c5b2:4950:2d20:bb68",
                "172.28.176.1",
                "fe80::d003:415c:ba1e:166c",
                "172.25.64.1",
                "fe80::b8d9:d9dd:b164:c469",
                "169.254.196.105"
            ]
        },
        "winlog": {
            "event_data": {
                "ParentImage": "C:\\Program Files\\JetBrains\\PyCharm 2021.3\\bin\\runnerw.exe",
                "TerminalSessionId": "4",
                "User": "ELMO\\mrdor",
                "Product": "Microsoft\u00c2\u00ae Windows\u00c2\u00ae Operating System",
                "CurrentDirectory": "C:\\Windows",
                "LogonGuid": "{dd01dab0-9c1c-6335-501d-c42000000000}",
                "ProcessGuid": "{dd01dab0-72d9-6338-692c-010000004000}",
                "FileVersion": "10.0.19041.1566 (WinBuild.160101.0800)",
                "Description": "Console Window Host",
                "IntegrityLevel": "High",
                "UtcTime": "2022-10-01 17:03:21.106",
                "ParentCommandLine": "\"C:\\Program Files\\JetBrains\\PyCharm 2021.3\\bin\\runnerw.exe\" \"C:\\Program Files\\Git\\cmd\\git.exe\" -c credential.helper= -c core.quotepath=false -c log.showSignature=false status --porcelain -z --untracked-files=no --ignored=no -- client/sysmon/logs.py client/sysmon/sample_configs/sysmonconfig-export.xml client/sysmon/sysmon_configs/sysmonconfig-export.xml client/sysmon/winlogbeat/bat_files/check.bat client/sysmon/winlogbeat/bat_files/install.bat client/sysmon/winlogbeat/bat_files/start.bat client/sysmon/winlogbeat/bat_files/stop.bat client/sysmon/winlogbeat/winlogbeat_interface.py client/tempfiles/Logs/Sysmon/winlogbeat-20221001-2.ndjson client/winlogbeat/bat_files/check.bat client/winlogbeat/bat_files/install.bat client/winlogbeat/bat_files/start.bat client/winlogbeat/bat_files/stop.bat client/winlogbeat/winlogbeat_interface.py",
                "Company": "Microsoft Corporation",
                "ParentProcessId": "13144",
                "Image": "C:\\Windows\\System32\\conhost.exe",
                "CommandLine": "\\??\\C:\\Windows\\system32\\conhost.exe 0xffffffff -ForceV1",
                "Hashes": "MD5=0D698AF330FD17BEE3BF90011D49251D,SHA256=3C1C6D813D2B031D988204155FC198FE4F32FF56C05DABBCFCD5486131F4FB9D",
                "ParentUser": "ELMO\\mrdor",
                "ParentProcessGuid": "{dd01dab0-72d9-6338-682c-010000004000}",
                "RuleName": "-",
                "LogonId": "0x20c41d50",
                "ProcessId": "3708",
                "OriginalFileName": "CONHOST.EXE"
            },
            "computer_name": "Elmo",
            "provider_name": "Microsoft-Windows-Sysmon",
            "task": "Process Create (rule: ProcessCreate)",
            "provider_guid": "{5770385f-c22a-43e0-bf4c-06f5698ffbd9}"
        }
    },
    "1": {
        "@timestamp": "2022-10-01T17:03:21.292Z",
        "winlog": {
            "event_data": {
                "LogonId": "0x20c41d50",
                "LogonGuid": "{dd01dab0-9c1c-6335-501d-c42000000000}",
                "Hashes": "MD5=0D698AF330FD17BEE3BF90011D49251D,SHA256=3C1C6D813D2B031D988204155FC198FE4F32FF56C05DABBCFCD5486131F4FB9D",
                "ParentImage": "C:\\Users\\mrdor\\PycharmProjects\\Hunterbee\\venv\\Scripts\\python.exe",
                "Image": "C:\\Windows\\System32\\conhost.exe",
                "UtcTime": "2022-10-01 17:03:21.291",
                "OriginalFileName": "CONHOST.EXE",
                "CommandLine": "\\??\\C:\\Windows\\system32\\conhost.exe 0xffffffff -ForceV1",
                "ParentCommandLine": "C:\\Users\\mrdor\\PycharmProjects\\Hunterbee\\venv\\Scripts\\python.exe \"C:\\Program Files\\JetBrains\\PyCharm 2021.3\\plugins\\python\\helpers\\pycodestyle.py\" --max-line-length=120 -",
                "ParentUser": "ELMO\\mrdor",
                "Product": "Microsoft\u00c2\u00ae Windows\u00c2\u00ae Operating System",
                "ParentProcessGuid": "{dd01dab0-72d9-6338-6c2c-010000004000}",
                "IntegrityLevel": "High",
                "ProcessGuid": "{dd01dab0-72d9-6338-6d2c-010000004000}",
                "User": "ELMO\\mrdor",
                "FileVersion": "10.0.19041.1566 (WinBuild.160101.0800)",
                "ProcessId": "18624",
                "TerminalSessionId": "4",
                "CurrentDirectory": "C:\\Windows",
                "Company": "Microsoft Corporation",
                "ParentProcessId": "19668",
                "Description": "Console Window Host",
                "RuleName": "-"
            },
            "provider_guid": "{5770385f-c22a-43e0-bf4c-06f5698ffbd9}",
            "provider_name": "Microsoft-Windows-Sysmon",
            "task": "Process Create (rule: ProcessCreate)",
            "computer_name": "Elmo"
        },
        "host": {
            "name": "Elmo",
            "ip": [
                "fe80::a124:aaad:caaa:fa18",
                "169.254.250.24",
                "fe80::6190:cebb:c47a:6085",
                "169.254.96.133",
                "fe80::64c9:75f2:e438:b0d8",
                "172.18.80.1",
                "fe80::d190:aca4:5de:d03c",
                "172.27.96.1",
                "fe80::b4d7:de0d:3edb:1bc4",
                "192.168.56.1",
                "fe80::f4db:5a2e:ad57:1420",
                "169.254.20.32",
                "fe80::d555:f80:832f:7ce5",
                "169.254.124.229",
                "fe80::9810:b4f4:77ea:e9a6",
                "169.254.233.166",
                "fe80::28a0:2b41:f083:29b0",
                "192.168.1.102",
                "fe80::b1a0:c04c:13f6:7545",
                "172.29.64.1",
                "fe80::c5b2:4950:2d20:bb68",
                "172.28.176.1",
                "fe80::d003:415c:ba1e:166c",
                "172.25.64.1",
                "fe80::b8d9:d9dd:b164:c469",
                "169.254.196.105"
            ]
        }
    },
    "2": {
        "@timestamp": "2022-10-01T17:03:22.412Z",
        "host": {
            "name": "Elmo",
            "ip": [
                "fe80::a124:aaad:caaa:fa18",
                "169.254.250.24",
                "fe80::6190:cebb:c47a:6085",
                "169.254.96.133",
                "fe80::64c9:75f2:e438:b0d8",
                "172.18.80.1",
                "fe80::d190:aca4:5de:d03c",
                "172.27.96.1",
                "fe80::b4d7:de0d:3edb:1bc4",
                "192.168.56.1",
                "fe80::f4db:5a2e:ad57:1420",
                "169.254.20.32",
                "fe80::d555:f80:832f:7ce5",
                "169.254.124.229",
                "fe80::9810:b4f4:77ea:e9a6",
                "169.254.233.166",
                "fe80::28a0:2b41:f083:29b0",
                "192.168.1.102",
                "fe80::b1a0:c04c:13f6:7545",
                "172.29.64.1",
                "fe80::c5b2:4950:2d20:bb68",
                "172.28.176.1",
                "fe80::d003:415c:ba1e:166c",
                "172.25.64.1",
                "fe80::b8d9:d9dd:b164:c469",
                "169.254.196.105"
            ]
        },
        "winlog": {
            "computer_name": "Elmo",
            "provider_guid": "{5770385f-c22a-43e0-bf4c-06f5698ffbd9}",
            "task": "Process Create (rule: ProcessCreate)",
            "provider_name": "Microsoft-Windows-Sysmon",
            "event_data": {
                "RuleName": "-",
                "LogonGuid": "{dd01dab0-9c1c-6335-501d-c42000000000}",
                "Hashes": "MD5=0D698AF330FD17BEE3BF90011D49251D,SHA256=3C1C6D813D2B031D988204155FC198FE4F32FF56C05DABBCFCD5486131F4FB9D",
                "OriginalFileName": "CONHOST.EXE",
                "Image": "C:\\Windows\\System32\\conhost.exe",
                "User": "ELMO\\mrdor",
                "ProcessGuid": "{dd01dab0-72da-6338-702c-010000004000}",
                "ParentCommandLine": "C:\\Users\\mrdor\\PycharmProjects\\Hunterbee\\venv\\Scripts\\python.exe C:/Users/mrdor/PycharmProjects/Hunterbee/server/server.py",
                "Product": "Microsoft\u00c2\u00ae Windows\u00c2\u00ae Operating System",
                "ParentImage": "C:\\Users\\mrdor\\PycharmProjects\\Hunterbee\\venv\\Scripts\\python.exe",
                "ParentProcessId": "12572",
                "LogonId": "0x20c41d50",
                "ParentProcessGuid": "{dd01dab0-72da-6338-6f2c-010000004000}",
                "Company": "Microsoft Corporation",
                "CommandLine": "\\??\\C:\\Windows\\system32\\conhost.exe 0xffffffff -ForceV1",
                "IntegrityLevel": "High",
                "FileVersion": "10.0.19041.1566 (WinBuild.160101.0800)",
                "CurrentDirectory": "C:\\Windows",
                "Description": "Console Window Host",
                "ProcessId": "12980",
                "TerminalSessionId": "4",
                "UtcTime": "2022-10-01 17:03:22.408",
                "ParentUser": "ELMO\\mrdor"
            }
        }
    },
    "3": {
        "@timestamp": "2022-10-01T17:03:23.597Z",
        "host": {
            "name": "Elmo",
            "ip": [
                "fe80::a124:aaad:caaa:fa18",
                "169.254.250.24",
                "fe80::6190:cebb:c47a:6085",
                "169.254.96.133",
                "fe80::64c9:75f2:e438:b0d8",
                "172.18.80.1",
                "fe80::d190:aca4:5de:d03c",
                "172.27.96.1",
                "fe80::b4d7:de0d:3edb:1bc4",
                "192.168.56.1",
                "fe80::f4db:5a2e:ad57:1420",
                "169.254.20.32",
                "fe80::d555:f80:832f:7ce5",
                "169.254.124.229",
                "fe80::9810:b4f4:77ea:e9a6",
                "169.254.233.166",
                "fe80::28a0:2b41:f083:29b0",
                "192.168.1.102",
                "fe80::b1a0:c04c:13f6:7545",
                "172.29.64.1",
                "fe80::c5b2:4950:2d20:bb68",
                "172.28.176.1",
                "fe80::d003:415c:ba1e:166c",
                "172.25.64.1",
                "fe80::b8d9:d9dd:b164:c469",
                "169.254.196.105"
            ]
        },
        "winlog": {
            "provider_name": "Microsoft-Windows-Sysmon",
            "provider_guid": "{5770385f-c22a-43e0-bf4c-06f5698ffbd9}",
            "event_data": {
                "CallTrace": "C:\\Windows\\SYSTEM32\\ntdll.dll+9d4c4|C:\\Windows\\System32\\KERNELBASE.dll+2c13e|c:\\windows\\system32\\sysmain.dll+80e5f|c:\\windows\\system32\\sysmain.dll+60ce6|c:\\windows\\system32\\sysmain.dll+2a7d3|c:\\windows\\system32\\sysmain.dll+2a331|c:\\windows\\system32\\sysmain.dll+66cf1|c:\\windows\\system32\\sysmain.dll+7b59e|c:\\windows\\system32\\sysmain.dll+67ecf|C:\\Windows\\system32\\svchost.exe+4340|C:\\Windows\\System32\\sechost.dll+df78|C:\\Windows\\System32\\KERNEL32.DLL+17034|C:\\Windows\\SYSTEM32\\ntdll.dll+526a1",
                "SourceUser": "NT AUTHORITY\\SYSTEM",
                "UtcTime": "2022-10-01 17:03:23.596",
                "SourceProcessGUID": "{dd01dab0-1027-6326-3800-000000004000}",
                "SourceThreadId": "3036",
                "RuleName": "-",
                "TargetImage": "C:\\Windows\\system32\\lsass.exe",
                "GrantedAccess": "0x2000",
                "SourceImage": "C:\\Windows\\system32\\svchost.exe",
                "TargetProcessGUID": "{dd01dab0-1021-6326-0e00-000000004000}",
                "TargetProcessId": "768",
                "SourceProcessId": "2944",
                "TargetUser": "NT AUTHORITY\\SYSTEM"
            },
            "task": "Process accessed (rule: ProcessAccess)",
            "computer_name": "Elmo"
        }
    },
    "4": {
        "@timestamp": "2022-10-01T17:03:33.743Z",
        "host": {
            "ip": [
                "fe80::a124:aaad:caaa:fa18",
                "169.254.250.24",
                "fe80::6190:cebb:c47a:6085",
                "169.254.96.133",
                "fe80::64c9:75f2:e438:b0d8",
                "172.18.80.1",
                "fe80::d190:aca4:5de:d03c",
                "172.27.96.1",
                "fe80::b4d7:de0d:3edb:1bc4",
                "192.168.56.1",
                "fe80::f4db:5a2e:ad57:1420",
                "169.254.20.32",
                "fe80::d555:f80:832f:7ce5",
                "169.254.124.229",
                "fe80::9810:b4f4:77ea:e9a6",
                "169.254.233.166",
                "fe80::28a0:2b41:f083:29b0",
                "192.168.1.102",
                "fe80::b1a0:c04c:13f6:7545",
                "172.29.64.1",
                "fe80::c5b2:4950:2d20:bb68",
                "172.28.176.1",
                "fe80::d003:415c:ba1e:166c",
                "172.25.64.1",
                "fe80::b8d9:d9dd:b164:c469",
                "169.254.196.105"
            ],
            "name": "Elmo"
        },
        "winlog": {
            "provider_guid": "{5770385f-c22a-43e0-bf4c-06f5698ffbd9}",
            "provider_name": "Microsoft-Windows-Sysmon",
            "task": "Process Create (rule: ProcessCreate)",
            "computer_name": "Elmo",
            "event_data": {
                "CurrentDirectory": "C:\\Users\\mrdor\\PycharmProjects\\Hunterbee\\",
                "Image": "C:\\Program Files\\JetBrains\\PyCharm 2021.3\\bin\\runnerw.exe",
                "RuleName": "-",
                "Hashes": "MD5=23E6EC0009C0C7081DB498A691B89E87,SHA256=4B763DE958DD9B0C8F9390EC8D033AD848D3BD432AA031BAA8911B1AD8914E13",
                "UtcTime": "2022-10-01 17:03:33.740",
                "IntegrityLevel": "High",
                "ProcessId": "9812",
                "Description": "Command line runner",
                "ParentCommandLine": "\"C:\\Program Files\\JetBrains\\PyCharm 2021.3\\bin\\pycharm64.exe\" ",
                "OriginalFileName": "runnerw.exe",
                "CommandLine": "\"C:\\Program Files\\JetBrains\\PyCharm 2021.3\\bin\\runnerw.exe\" \"C:\\Program Files\\Git\\cmd\\git.exe\" -c credential.helper= -c core.quotepath=false -c log.showSignature=false status --porcelain -z --untracked-files=no --ignored=no -- client/sysmon/logs.py client/sysmon/sample_configs/sysmonconfig-export.xml client/sysmon/sysmon_configs/sysmonconfig-export.xml client/sysmon/winlogbeat/bat_files/check.bat client/sysmon/winlogbeat/bat_files/install.bat client/sysmon/winlogbeat/bat_files/start.bat client/sysmon/winlogbeat/bat_files/stop.bat client/sysmon/winlogbeat/winlogbeat_interface.py client/tempfiles/Logs/Sysmon/winlogbeat-20221001-2.ndjson client/tempfiles/Logs/Sysmon/winlogbeat-20221001-3.ndjson client/winlogbeat/bat_files/check.bat client/winlogbeat/bat_files/install.bat client/winlogbeat/bat_files/start.bat client/winlogbeat/bat_files/stop.bat client/winlogbeat/winlogbeat_interface.py",
                "Product": "IntelliJ Platform",
                "FileVersion": "1.0.0.1",
                "LogonId": "0x20c41d50",
                "ParentImage": "C:\\Program Files\\JetBrains\\PyCharm 2021.3\\bin\\pycharm64.exe",
                "User": "ELMO\\mrdor",
                "ParentProcessId": "5728",
                "ProcessGuid": "{dd01dab0-72e5-6338-722c-010000004000}",
                "ParentUser": "ELMO\\mrdor",
                "ParentProcessGuid": "{dd01dab0-5d45-6338-f024-010000004000}",
                "Company": "JetBrains s.r.o.",
                "LogonGuid": "{dd01dab0-9c1c-6335-501d-c42000000000}",
                "TerminalSessionId": "4"
            }
        }
    },
    "5": {
        "@timestamp": "2022-10-01T17:03:33.747Z",
        "host": {
            "name": "Elmo",
            "ip": [
                "fe80::a124:aaad:caaa:fa18",
                "169.254.250.24",
                "fe80::6190:cebb:c47a:6085",
                "169.254.96.133",
                "fe80::64c9:75f2:e438:b0d8",
                "172.18.80.1",
                "fe80::d190:aca4:5de:d03c",
                "172.27.96.1",
                "fe80::b4d7:de0d:3edb:1bc4",
                "192.168.56.1",
                "fe80::f4db:5a2e:ad57:1420",
                "169.254.20.32",
                "fe80::d555:f80:832f:7ce5",
                "169.254.124.229",
                "fe80::9810:b4f4:77ea:e9a6",
                "169.254.233.166",
                "fe80::28a0:2b41:f083:29b0",
                "192.168.1.102",
                "fe80::b1a0:c04c:13f6:7545",
                "172.29.64.1",
                "fe80::c5b2:4950:2d20:bb68",
                "172.28.176.1",
                "fe80::d003:415c:ba1e:166c",
                "172.25.64.1",
                "fe80::b8d9:d9dd:b164:c469",
                "169.254.196.105"
            ]
        },
        "winlog": {
            "computer_name": "Elmo",
            "task": "Process Create (rule: ProcessCreate)",
            "event_data": {
                "CommandLine": "\\??\\C:\\Windows\\system32\\conhost.exe 0xffffffff -ForceV1",
                "ParentCommandLine": "\"C:\\Program Files\\JetBrains\\PyCharm 2021.3\\bin\\runnerw.exe\" \"C:\\Program Files\\Git\\cmd\\git.exe\" -c credential.helper= -c core.quotepath=false -c log.showSignature=false status --porcelain -z --untracked-files=no --ignored=no -- client/sysmon/logs.py client/sysmon/sample_configs/sysmonconfig-export.xml client/sysmon/sysmon_configs/sysmonconfig-export.xml client/sysmon/winlogbeat/bat_files/check.bat client/sysmon/winlogbeat/bat_files/install.bat client/sysmon/winlogbeat/bat_files/start.bat client/sysmon/winlogbeat/bat_files/stop.bat client/sysmon/winlogbeat/winlogbeat_interface.py client/tempfiles/Logs/Sysmon/winlogbeat-20221001-2.ndjson client/tempfiles/Logs/Sysmon/winlogbeat-20221001-3.ndjson client/winlogbeat/bat_files/check.bat client/winlogbeat/bat_files/install.bat client/winlogbeat/bat_files/start.bat client/winlogbeat/bat_files/stop.bat client/winlogbeat/winlogbeat_interface.py",
                "CurrentDirectory": "C:\\Windows",
                "ProcessId": "11584",
                "Company": "Microsoft Corporation",
                "Hashes": "MD5=0D698AF330FD17BEE3BF90011D49251D,SHA256=3C1C6D813D2B031D988204155FC198FE4F32FF56C05DABBCFCD5486131F4FB9D",
                "Product": "Microsoft\u00c2\u00ae Windows\u00c2\u00ae Operating System",
                "ParentImage": "C:\\Program Files\\JetBrains\\PyCharm 2021.3\\bin\\runnerw.exe",
                "UtcTime": "2022-10-01 17:03:33.744",
                "Description": "Console Window Host",
                "User": "ELMO\\mrdor",
                "LogonGuid": "{dd01dab0-9c1c-6335-501d-c42000000000}",
                "ParentUser": "ELMO\\mrdor",
                "RuleName": "-",
                "Image": "C:\\Windows\\System32\\conhost.exe",
                "LogonId": "0x20c41d50",
                "ParentProcessId": "9812",
                "ProcessGuid": "{dd01dab0-72e5-6338-732c-010000004000}",
                "TerminalSessionId": "4",
                "IntegrityLevel": "High",
                "ParentProcessGuid": "{dd01dab0-72e5-6338-722c-010000004000}",
                "FileVersion": "10.0.19041.1566 (WinBuild.160101.0800)",
                "OriginalFileName": "CONHOST.EXE"
            },
            "provider_name": "Microsoft-Windows-Sysmon",
            "provider_guid": "{5770385f-c22a-43e0-bf4c-06f5698ffbd9}"
        }
    },
    "6": {
        "@timestamp": "2022-10-01T17:03:33.838Z",
        "winlog": {
            "provider_guid": "{5770385f-c22a-43e0-bf4c-06f5698ffbd9}",
            "provider_name": "Microsoft-Windows-Sysmon",
            "task": "Process Create (rule: ProcessCreate)",
            "computer_name": "Elmo",
            "event_data": {
                "ParentProcessId": "7788",
                "ProcessId": "18968",
                "IntegrityLevel": "High",
                "Company": "Microsoft Corporation",
                "ParentImage": "C:\\Users\\mrdor\\PycharmProjects\\Kashf\\venv\\Scripts\\python.exe",
                "ParentUser": "ELMO\\mrdor",
                "RuleName": "-",
                "ParentCommandLine": "C:\\Users\\mrdor\\PycharmProjects\\Kashf\\venv\\Scripts\\python.exe \"C:\\Program Files\\JetBrains\\PyCharm 2021.3\\plugins\\python\\helpers\\pycodestyle.py\" --max-line-length=120 -",
                "TerminalSessionId": "4",
                "ProcessGuid": "{dd01dab0-72e5-6338-772c-010000004000}",
                "User": "ELMO\\mrdor",
                "ParentProcessGuid": "{dd01dab0-72e5-6338-762c-010000004000}",
                "CommandLine": "\\??\\C:\\Windows\\system32\\conhost.exe 0xffffffff -ForceV1",
                "Hashes": "MD5=0D698AF330FD17BEE3BF90011D49251D,SHA256=3C1C6D813D2B031D988204155FC198FE4F32FF56C05DABBCFCD5486131F4FB9D",
                "Product": "Microsoft\u00c2\u00ae Windows\u00c2\u00ae Operating System",
                "OriginalFileName": "CONHOST.EXE",
                "Image": "C:\\Windows\\System32\\conhost.exe",
                "FileVersion": "10.0.19041.1566 (WinBuild.160101.0800)",
                "CurrentDirectory": "C:\\Windows",
                "Description": "Console Window Host",
                "LogonGuid": "{dd01dab0-9c1c-6335-501d-c42000000000}",
                "LogonId": "0x20c41d50",
                "UtcTime": "2022-10-01 17:03:33.836"
            }
        },
        "host": {
            "ip": [
                "fe80::a124:aaad:caaa:fa18",
                "169.254.250.24",
                "fe80::6190:cebb:c47a:6085",
                "169.254.96.133",
                "fe80::64c9:75f2:e438:b0d8",
                "172.18.80.1",
                "fe80::d190:aca4:5de:d03c",
                "172.27.96.1",
                "fe80::b4d7:de0d:3edb:1bc4",
                "192.168.56.1",
                "fe80::f4db:5a2e:ad57:1420",
                "169.254.20.32",
                "fe80::d555:f80:832f:7ce5",
                "169.254.124.229",
                "fe80::9810:b4f4:77ea:e9a6",
                "169.254.233.166",
                "fe80::28a0:2b41:f083:29b0",
                "192.168.1.102",
                "fe80::b1a0:c04c:13f6:7545",
                "172.29.64.1",
                "fe80::c5b2:4950:2d20:bb68",
                "172.28.176.1",
                "fe80::d003:415c:ba1e:166c",
                "172.25.64.1",
                "fe80::b8d9:d9dd:b164:c469",
                "169.254.196.105"
            ],
            "name": "Elmo"
        }
    },
    "7": {
        "@timestamp": "2022-10-01T17:03:34.034Z",
        "host": {
            "name": "Elmo",
            "ip": [
                "fe80::a124:aaad:caaa:fa18",
                "169.254.250.24",
                "fe80::6190:cebb:c47a:6085",
                "169.254.96.133",
                "fe80::64c9:75f2:e438:b0d8",
                "172.18.80.1",
                "fe80::d190:aca4:5de:d03c",
                "172.27.96.1",
                "fe80::b4d7:de0d:3edb:1bc4",
                "192.168.56.1",
                "fe80::f4db:5a2e:ad57:1420",
                "169.254.20.32",
                "fe80::d555:f80:832f:7ce5",
                "169.254.124.229",
                "fe80::9810:b4f4:77ea:e9a6",
                "169.254.233.166",
                "fe80::28a0:2b41:f083:29b0",
                "192.168.1.102",
                "fe80::b1a0:c04c:13f6:7545",
                "172.29.64.1",
                "fe80::c5b2:4950:2d20:bb68",
                "172.28.176.1",
                "fe80::d003:415c:ba1e:166c",
                "172.25.64.1",
                "fe80::b8d9:d9dd:b164:c469",
                "169.254.196.105"
            ]
        },
        "winlog": {
            "provider_guid": "{5770385f-c22a-43e0-bf4c-06f5698ffbd9}",
            "computer_name": "Elmo",
            "task": "Process Create (rule: ProcessCreate)",
            "provider_name": "Microsoft-Windows-Sysmon",
            "event_data": {
                "ProcessId": "9236",
                "IntegrityLevel": "High",
                "RuleName": "-",
                "CommandLine": "\\??\\C:\\Windows\\system32\\conhost.exe 0xffffffff -ForceV1",
                "LogonGuid": "{dd01dab0-9c1c-6335-501d-c42000000000}",
                "UtcTime": "2022-10-01 17:03:34.024",
                "FileVersion": "10.0.19041.1566 (WinBuild.160101.0800)",
                "LogonId": "0x20c41d50",
                "ParentUser": "ELMO\\mrdor",
                "ParentCommandLine": "C:\\Users\\mrdor\\PycharmProjects\\Hunterbee\\venv\\Scripts\\python.exe \"C:\\Program Files\\JetBrains\\PyCharm 2021.3\\plugins\\python\\helpers\\pycodestyle.py\" --max-line-length=120 -",
                "ParentImage": "C:\\Users\\mrdor\\PycharmProjects\\Hunterbee\\venv\\Scripts\\python.exe",
                "ProcessGuid": "{dd01dab0-72e6-6338-7a2c-010000004000}",
                "OriginalFileName": "CONHOST.EXE",
                "Company": "Microsoft Corporation",
                "Product": "Microsoft\u00c2\u00ae Windows\u00c2\u00ae Operating System",
                "User": "ELMO\\mrdor",
                "Hashes": "MD5=0D698AF330FD17BEE3BF90011D49251D,SHA256=3C1C6D813D2B031D988204155FC198FE4F32FF56C05DABBCFCD5486131F4FB9D",
                "Image": "C:\\Windows\\System32\\conhost.exe",
                "CurrentDirectory": "C:\\Windows",
                "ParentProcessId": "6040",
                "ParentProcessGuid": "{dd01dab0-72e6-6338-792c-010000004000}",
                "Description": "Console Window Host",
                "TerminalSessionId": "4"
            }
        }
    },
    "8": {
        "@timestamp": "2022-10-01T17:03:41.052Z",
        "host": {
            "name": "Elmo",
            "ip": [
                "fe80::a124:aaad:caaa:fa18",
                "169.254.250.24",
                "fe80::6190:cebb:c47a:6085",
                "169.254.96.133",
                "fe80::64c9:75f2:e438:b0d8",
                "172.18.80.1",
                "fe80::d190:aca4:5de:d03c",
                "172.27.96.1",
                "fe80::b4d7:de0d:3edb:1bc4",
                "192.168.56.1",
                "fe80::f4db:5a2e:ad57:1420",
                "169.254.20.32",
                "fe80::d555:f80:832f:7ce5",
                "169.254.124.229",
                "fe80::9810:b4f4:77ea:e9a6",
                "169.254.233.166",
                "fe80::28a0:2b41:f083:29b0",
                "192.168.1.102",
                "fe80::b1a0:c04c:13f6:7545",
                "172.29.64.1",
                "fe80::c5b2:4950:2d20:bb68",
                "172.28.176.1",
                "fe80::d003:415c:ba1e:166c",
                "172.25.64.1",
                "fe80::b8d9:d9dd:b164:c469",
                "169.254.196.105"
            ]
        },
        "winlog": {
            "computer_name": "Elmo",
            "event_data": {
                "CommandLine": "\"C:\\Program Files (x86)\\Google\\Update\\GoogleUpdate.exe\" /ua /installsource scheduler",
                "Hashes": "MD5=6BF197B8C7DE4B004C5D6FA415FC7867,SHA256=61A92167587E540275B374890BE8FD0319FE03C4F19CC79A8C2FB6871CF21E73",
                "FileVersion": "1.3.36.111",
                "OriginalFileName": "GoogleUpdate.exe",
                "LogonGuid": "{dd01dab0-1021-6326-e703-000000000000}",
                "ParentProcessGuid": "{dd01dab0-1024-6326-2600-000000004000}",
                "ParentImage": "C:\\Windows\\System32\\svchost.exe",
                "ProcessGuid": "{dd01dab0-72ed-6338-7c2c-010000004000}",
                "IntegrityLevel": "System",
                "Image": "C:\\Program Files (x86)\\Google\\Update\\GoogleUpdate.exe",
                "Description": "Google Installer",
                "ParentProcessId": "1368",
                "UtcTime": "2022-10-01 17:03:41.048",
                "Company": "Google LLC",
                "TerminalSessionId": "0",
                "LogonId": "0x3e7",
                "RuleName": "-",
                "ParentCommandLine": "C:\\Windows\\system32\\svchost.exe -k netsvcs -p -s Schedule",
                "CurrentDirectory": "C:\\Windows\\system32\\",
                "User": "NT AUTHORITY\\SYSTEM",
                "ProcessId": "20172",
                "Product": "Google Update",
                "ParentUser": "NT AUTHORITY\\SYSTEM"
            },
            "provider_guid": "{5770385f-c22a-43e0-bf4c-06f5698ffbd9}",
            "task": "Process Create (rule: ProcessCreate)",
            "provider_name": "Microsoft-Windows-Sysmon"
        }
    },
    "9": {
        "@timestamp": "2022-10-01T17:03:53.671Z",
        "host": {
            "name": "Elmo",
            "ip": [
                "fe80::a124:aaad:caaa:fa18",
                "169.254.250.24",
                "fe80::6190:cebb:c47a:6085",
                "169.254.96.133",
                "fe80::64c9:75f2:e438:b0d8",
                "172.18.80.1",
                "fe80::d190:aca4:5de:d03c",
                "172.27.96.1",
                "fe80::b4d7:de0d:3edb:1bc4",
                "192.168.56.1",
                "fe80::f4db:5a2e:ad57:1420",
                "169.254.20.32",
                "fe80::d555:f80:832f:7ce5",
                "169.254.124.229",
                "fe80::9810:b4f4:77ea:e9a6",
                "169.254.233.166",
                "fe80::28a0:2b41:f083:29b0",
                "192.168.1.102",
                "fe80::b1a0:c04c:13f6:7545",
                "172.29.64.1",
                "fe80::c5b2:4950:2d20:bb68",
                "172.28.176.1",
                "fe80::d003:415c:ba1e:166c",
                "172.25.64.1",
                "fe80::b8d9:d9dd:b164:c469",
                "169.254.196.105"
            ]
        },
        "winlog": {
            "provider_name": "Microsoft-Windows-Sysmon",
            "computer_name": "Elmo",
            "provider_guid": "{5770385f-c22a-43e0-bf4c-06f5698ffbd9}",
            "task": "Process Create (rule: ProcessCreate)",
            "event_data": {
                "Description": "Command line runner",
                "Company": "JetBrains s.r.o.",
                "CommandLine": "\"C:\\Program Files\\JetBrains\\PyCharm 2021.3\\bin\\runnerw.exe\" \"C:\\Program Files\\Git\\cmd\\git.exe\" -c credential.helper= -c core.quotepath=false -c log.showSignature=false status --porcelain -z --untracked-files=no --ignored=no -- client/sysmon/logs.py client/sysmon/sample_configs/sysmonconfig-export.xml client/sysmon/sysmon_configs/sysmonconfig-export.xml client/sysmon/winlogbeat/bat_files/check.bat client/sysmon/winlogbeat/bat_files/install.bat client/sysmon/winlogbeat/bat_files/start.bat client/sysmon/winlogbeat/bat_files/stop.bat client/sysmon/winlogbeat/winlogbeat_interface.py client/tempfiles/Logs/Sysmon/winlogbeat-20221001-3.ndjson client/winlogbeat/bat_files/check.bat client/winlogbeat/bat_files/install.bat client/winlogbeat/bat_files/start.bat client/winlogbeat/bat_files/stop.bat client/winlogbeat/winlogbeat_interface.py",
                "Product": "IntelliJ Platform",
                "LogonId": "0x20c41d50",
                "CurrentDirectory": "C:\\Users\\mrdor\\PycharmProjects\\Hunterbee\\",
                "User": "ELMO\\mrdor",
                "LogonGuid": "{dd01dab0-9c1c-6335-501d-c42000000000}",
                "ParentProcessId": "5728",
                "ProcessGuid": "{dd01dab0-72f9-6338-7d2c-010000004000}",
                "FileVersion": "1.0.0.1",
                "UtcTime": "2022-10-01 17:03:53.668",
                "OriginalFileName": "runnerw.exe",
                "ProcessId": "11136",
                "TerminalSessionId": "4",
                "ParentCommandLine": "\"C:\\Program Files\\JetBrains\\PyCharm 2021.3\\bin\\pycharm64.exe\" ",
                "ParentUser": "ELMO\\mrdor",
                "RuleName": "-",
                "IntegrityLevel": "High",
                "ParentProcessGuid": "{dd01dab0-5d45-6338-f024-010000004000}",
                "ParentImage": "C:\\Program Files\\JetBrains\\PyCharm 2021.3\\bin\\pycharm64.exe",
                "Image": "C:\\Program Files\\JetBrains\\PyCharm 2021.3\\bin\\runnerw.exe",
                "Hashes": "MD5=23E6EC0009C0C7081DB498A691B89E87,SHA256=4B763DE958DD9B0C8F9390EC8D033AD848D3BD432AA031BAA8911B1AD8914E13"
            }
        }
    },
    "10": {
        "@timestamp": "2022-10-01T17:03:53.675Z",
        "host": {
            "name": "Elmo",
            "ip": [
                "fe80::a124:aaad:caaa:fa18",
                "169.254.250.24",
                "fe80::6190:cebb:c47a:6085",
                "169.254.96.133",
                "fe80::64c9:75f2:e438:b0d8",
                "172.18.80.1",
                "fe80::d190:aca4:5de:d03c",
                "172.27.96.1",
                "fe80::b4d7:de0d:3edb:1bc4",
                "192.168.56.1",
                "fe80::f4db:5a2e:ad57:1420",
                "169.254.20.32",
                "fe80::d555:f80:832f:7ce5",
                "169.254.124.229",
                "fe80::9810:b4f4:77ea:e9a6",
                "169.254.233.166",
                "fe80::28a0:2b41:f083:29b0",
                "192.168.1.102",
                "fe80::b1a0:c04c:13f6:7545",
                "172.29.64.1",
                "fe80::c5b2:4950:2d20:bb68",
                "172.28.176.1",
                "fe80::d003:415c:ba1e:166c",
                "172.25.64.1",
                "fe80::b8d9:d9dd:b164:c469",
                "169.254.196.105"
            ]
        },
        "winlog": {
            "event_data": {
                "ParentUser": "ELMO\\mrdor",
                "Image": "C:\\Windows\\System32\\conhost.exe",
                "LogonGuid": "{dd01dab0-9c1c-6335-501d-c42000000000}",
                "ParentCommandLine": "\"C:\\Program Files\\JetBrains\\PyCharm 2021.3\\bin\\runnerw.exe\" \"C:\\Program Files\\Git\\cmd\\git.exe\" -c credential.helper= -c core.quotepath=false -c log.showSignature=false status --porcelain -z --untracked-files=no --ignored=no -- client/sysmon/logs.py client/sysmon/sample_configs/sysmonconfig-export.xml client/sysmon/sysmon_configs/sysmonconfig-export.xml client/sysmon/winlogbeat/bat_files/check.bat client/sysmon/winlogbeat/bat_files/install.bat client/sysmon/winlogbeat/bat_files/start.bat client/sysmon/winlogbeat/bat_files/stop.bat client/sysmon/winlogbeat/winlogbeat_interface.py client/tempfiles/Logs/Sysmon/winlogbeat-20221001-3.ndjson client/winlogbeat/bat_files/check.bat client/winlogbeat/bat_files/install.bat client/winlogbeat/bat_files/start.bat client/winlogbeat/bat_files/stop.bat client/winlogbeat/winlogbeat_interface.py",
                "ProcessGuid": "{dd01dab0-72f9-6338-7e2c-010000004000}",
                "IntegrityLevel": "High",
                "ParentProcessId": "11136",
                "Description": "Console Window Host",
                "LogonId": "0x20c41d50",
                "FileVersion": "10.0.19041.1566 (WinBuild.160101.0800)",
                "RuleName": "-",
                "Company": "Microsoft Corporation",
                "User": "ELMO\\mrdor",
                "Hashes": "MD5=0D698AF330FD17BEE3BF90011D49251D,SHA256=3C1C6D813D2B031D988204155FC198FE4F32FF56C05DABBCFCD5486131F4FB9D",
                "ProcessId": "15284",
                "ParentProcessGuid": "{dd01dab0-72f9-6338-7d2c-010000004000}",
                "CurrentDirectory": "C:\\Windows",
                "Product": "Microsoft\u00c2\u00ae Windows\u00c2\u00ae Operating System",
                "UtcTime": "2022-10-01 17:03:53.673",
                "OriginalFileName": "CONHOST.EXE",
                "CommandLine": "\\??\\C:\\Windows\\system32\\conhost.exe 0xffffffff -ForceV1",
                "TerminalSessionId": "4",
                "ParentImage": "C:\\Program Files\\JetBrains\\PyCharm 2021.3\\bin\\runnerw.exe"
            },
            "computer_name": "Elmo",
            "provider_name": "Microsoft-Windows-Sysmon",
            "provider_guid": "{5770385f-c22a-43e0-bf4c-06f5698ffbd9}",
            "task": "Process Create (rule: ProcessCreate)"
        }
    },
    "11": {
        "@timestamp": "2022-10-01T17:03:53.956Z",
        "winlog": {
            "provider_name": "Microsoft-Windows-Sysmon",
            "computer_name": "Elmo",
            "event_data": {
                "OriginalFileName": "CONHOST.EXE",
                "ParentCommandLine": "C:\\Users\\mrdor\\PycharmProjects\\Hunterbee\\venv\\Scripts\\python.exe \"C:\\Program Files\\JetBrains\\PyCharm 2021.3\\plugins\\python\\helpers\\pycodestyle.py\" --max-line-length=120 -",
                "User": "ELMO\\mrdor",
                "IntegrityLevel": "High",
                "ProcessGuid": "{dd01dab0-72f9-6338-822c-010000004000}",
                "RuleName": "-",
                "TerminalSessionId": "4",
                "ParentProcessId": "4996",
                "ParentImage": "C:\\Users\\mrdor\\PycharmProjects\\Hunterbee\\venv\\Scripts\\python.exe",
                "Company": "Microsoft Corporation",
                "LogonId": "0x20c41d50",
                "Product": "Microsoft\u00c2\u00ae Windows\u00c2\u00ae Operating System",
                "UtcTime": "2022-10-01 17:03:53.953",
                "CurrentDirectory": "C:\\Windows",
                "ProcessId": "13352",
                "Description": "Console Window Host",
                "ParentUser": "ELMO\\mrdor",
                "FileVersion": "10.0.19041.1566 (WinBuild.160101.0800)",
                "LogonGuid": "{dd01dab0-9c1c-6335-501d-c42000000000}",
                "ParentProcessGuid": "{dd01dab0-72f9-6338-812c-010000004000}",
                "Image": "C:\\Windows\\System32\\conhost.exe",
                "CommandLine": "\\??\\C:\\Windows\\system32\\conhost.exe 0xffffffff -ForceV1",
                "Hashes": "MD5=0D698AF330FD17BEE3BF90011D49251D,SHA256=3C1C6D813D2B031D988204155FC198FE4F32FF56C05DABBCFCD5486131F4FB9D"
            },
            "task": "Process Create (rule: ProcessCreate)",
            "provider_guid": "{5770385f-c22a-43e0-bf4c-06f5698ffbd9}"
        },
        "host": {
            "ip": [
                "fe80::a124:aaad:caaa:fa18",
                "169.254.250.24",
                "fe80::6190:cebb:c47a:6085",
                "169.254.96.133",
                "fe80::64c9:75f2:e438:b0d8",
                "172.18.80.1",
                "fe80::d190:aca4:5de:d03c",
                "172.27.96.1",
                "fe80::b4d7:de0d:3edb:1bc4",
                "192.168.56.1",
                "fe80::f4db:5a2e:ad57:1420",
                "169.254.20.32",
                "fe80::d555:f80:832f:7ce5",
                "169.254.124.229",
                "fe80::9810:b4f4:77ea:e9a6",
                "169.254.233.166",
                "fe80::28a0:2b41:f083:29b0",
                "192.168.1.102",
                "fe80::b1a0:c04c:13f6:7545",
                "172.29.64.1",
                "fe80::c5b2:4950:2d20:bb68",
                "172.28.176.1",
                "fe80::d003:415c:ba1e:166c",
                "172.25.64.1",
                "fe80::b8d9:d9dd:b164:c469",
                "169.254.196.105"
            ],
            "name": "Elmo"
        }
    },
    "12": {
        "@timestamp": "2022-10-01T17:03:58.750Z",
        "winlog": {
            "computer_name": "Elmo",
            "provider_name": "Microsoft-Windows-Sysmon",
            "task": "Process Create (rule: ProcessCreate)",
            "provider_guid": "{5770385f-c22a-43e0-bf4c-06f5698ffbd9}",
            "event_data": {
                "Description": "Console Window Host",
                "IntegrityLevel": "High",
                "Hashes": "MD5=0D698AF330FD17BEE3BF90011D49251D,SHA256=3C1C6D813D2B031D988204155FC198FE4F32FF56C05DABBCFCD5486131F4FB9D",
                "TerminalSessionId": "4",
                "ParentUser": "ELMO\\mrdor",
                "FileVersion": "10.0.19041.1566 (WinBuild.160101.0800)",
                "ProcessGuid": "{dd01dab0-72fe-6338-852c-010000004000}",
                "Image": "C:\\Windows\\System32\\conhost.exe",
                "ProcessId": "13204",
                "ParentCommandLine": "C:\\Users\\mrdor\\PycharmProjects\\Hunterbee\\venv\\Scripts\\python.exe \"C:\\Program Files\\JetBrains\\PyCharm 2021.3\\plugins\\python\\helpers\\pycodestyle.py\" --max-line-length=120 -",
                "User": "ELMO\\mrdor",
                "OriginalFileName": "CONHOST.EXE",
                "LogonId": "0x20c41d50",
                "RuleName": "-",
                "UtcTime": "2022-10-01 17:03:58.747",
                "ParentProcessId": "18152",
                "ParentImage": "C:\\Users\\mrdor\\PycharmProjects\\Hunterbee\\venv\\Scripts\\python.exe",
                "Product": "Microsoft\u00c2\u00ae Windows\u00c2\u00ae Operating System",
                "Company": "Microsoft Corporation",
                "CurrentDirectory": "C:\\Windows",
                "LogonGuid": "{dd01dab0-9c1c-6335-501d-c42000000000}",
                "ParentProcessGuid": "{dd01dab0-72fe-6338-842c-010000004000}",
                "CommandLine": "\\??\\C:\\Windows\\system32\\conhost.exe 0xffffffff -ForceV1"
            }
        },
        "host": {
            "ip": [
                "fe80::a124:aaad:caaa:fa18",
                "169.254.250.24",
                "fe80::6190:cebb:c47a:6085",
                "169.254.96.133",
                "fe80::64c9:75f2:e438:b0d8",
                "172.18.80.1",
                "fe80::d190:aca4:5de:d03c",
                "172.27.96.1",
                "fe80::b4d7:de0d:3edb:1bc4",
                "192.168.56.1",
                "fe80::f4db:5a2e:ad57:1420",
                "169.254.20.32",
                "fe80::d555:f80:832f:7ce5",
                "169.254.124.229",
                "fe80::9810:b4f4:77ea:e9a6",
                "169.254.233.166",
                "fe80::28a0:2b41:f083:29b0",
                "192.168.1.102",
                "fe80::b1a0:c04c:13f6:7545",
                "172.29.64.1",
                "fe80::c5b2:4950:2d20:bb68",
                "172.28.176.1",
                "fe80::d003:415c:ba1e:166c",
                "172.25.64.1",
                "fe80::b8d9:d9dd:b164:c469",
                "169.254.196.105"
            ],
            "name": "Elmo"
        }
    },
    "13": {
        "@timestamp": "2022-10-01T17:03:59.354Z",
        "host": {
            "name": "Elmo",
            "ip": [
                "fe80::a124:aaad:caaa:fa18",
                "169.254.250.24",
                "fe80::6190:cebb:c47a:6085",
                "169.254.96.133",
                "fe80::64c9:75f2:e438:b0d8",
                "172.18.80.1",
                "fe80::d190:aca4:5de:d03c",
                "172.27.96.1",
                "fe80::b4d7:de0d:3edb:1bc4",
                "192.168.56.1",
                "fe80::f4db:5a2e:ad57:1420",
                "169.254.20.32",
                "fe80::d555:f80:832f:7ce5",
                "169.254.124.229",
                "fe80::9810:b4f4:77ea:e9a6",
                "169.254.233.166",
                "fe80::28a0:2b41:f083:29b0",
                "192.168.1.102",
                "fe80::b1a0:c04c:13f6:7545",
                "172.29.64.1",
                "fe80::c5b2:4950:2d20:bb68",
                "172.28.176.1",
                "fe80::d003:415c:ba1e:166c",
                "172.25.64.1",
                "fe80::b8d9:d9dd:b164:c469",
                "169.254.196.105"
            ]
        },
        "winlog": {
            "task": "Process accessed (rule: ProcessAccess)",
            "event_data": {
                "TargetImage": "C:\\Windows\\system32\\lsass.exe",
                "SourceProcessGUID": "{dd01dab0-1032-6326-6500-000000004000}",
                "SourceProcessId": "4880",
                "SourceUser": "NT AUTHORITY\\SYSTEM",
                "TargetUser": "NT AUTHORITY\\SYSTEM",
                "TargetProcessId": "768",
                "SourceImage": "C:\\ProgramData\\Microsoft\\Windows Defender\\Platform\\4.18.2207.7-0\\MsMpEng.exe",
                "GrantedAccess": "0x101000",
                "UtcTime": "2022-10-01 17:03:59.353",
                "TargetProcessGUID": "{dd01dab0-1021-6326-0e00-000000004000}",
                "CallTrace": "C:\\Windows\\SYSTEM32\\ntdll.dll+9d4c4|C:\\Windows\\SYSTEM32\\KERNELBASE.dll+2c13e|C:\\ProgramData\\Microsoft\\Windows Defender\\Definition Updates\\{183B6726-AD8A-4D60-9D52-01CF17905D6C}\\mpengine.dll+1f3901|C:\\ProgramData\\Microsoft\\Windows Defender\\Definition Updates\\{183B6726-AD8A-4D60-9D52-01CF17905D6C}\\mpengine.dll+1f3768|C:\\ProgramData\\Microsoft\\Windows Defender\\Definition Updates\\{183B6726-AD8A-4D60-9D52-01CF17905D6C}\\mpengine.dll+1f352b|C:\\ProgramData\\Microsoft\\Windows Defender\\Definition Updates\\{183B6726-AD8A-4D60-9D52-01CF17905D6C}\\mpengine.dll+4b4463|C:\\ProgramData\\Microsoft\\Windows Defender\\Definition Updates\\{183B6726-AD8A-4D60-9D52-01CF17905D6C}\\mpengine.dll+4b4ac1|C:\\ProgramData\\Microsoft\\Windows Defender\\Definition Updates\\{183B6726-AD8A-4D60-9D52-01CF17905D6C}\\mpengine.dll+4e6fbf|C:\\ProgramData\\Microsoft\\Windows Defender\\Definition Updates\\{183B6726-AD8A-4D60-9D52-01CF17905D6C}\\mpengine.dll+4f7ff1|C:\\ProgramData\\Microsoft\\Windows Defender\\Definition Updates\\{183B6726-AD8A-4D60-9D52-01CF17905D6C}\\mpengine.dll+4f4952|C:\\ProgramData\\Microsoft\\Windows Defender\\Definition Updates\\{183B6726-AD8A-4D60-9D52-01CF17905D6C}\\mpengine.dll+4ea5f9|C:\\ProgramData\\Microsoft\\Windows Defender\\Definition Updates\\{183B6726-AD8A-4D60-9D52-01CF17905D6C}\\mpengine.dll+4ea901|C:\\Windows\\SYSTEM32\\sechost.dll+380b|C:\\Windows\\SYSTEM32\\sechost.dll+3647|C:\\Windows\\SYSTEM32\\sechost.dll+b88a|C:\\ProgramData\\Microsoft\\Windows Defender\\Definition Updates\\{183B6726-AD8A-4D60-9D52-01CF17905D6C}\\mpengine.dll+4e59bf|C:\\ProgramData\\Microsoft\\Windows Defender\\Definition Updates\\{183B6726-AD8A-4D60-9D52-01CF17905D6C}\\mpengine.dll+40523a|C:\\Windows\\SYSTEM32\\KERNEL32.DLL+17034|C:\\Windows\\SYSTEM32\\ntdll.dll+526a1",
                "RuleName": "-",
                "SourceThreadId": "13304"
            },
            "provider_name": "Microsoft-Windows-Sysmon",
            "provider_guid": "{5770385f-c22a-43e0-bf4c-06f5698ffbd9}",
            "computer_name": "Elmo"
        }
    },
    "14": {
        "@timestamp": "2022-10-01T17:04:15.116Z",
        "host": {
            "name": "Elmo",
            "ip": [
                "fe80::a124:aaad:caaa:fa18",
                "169.254.250.24",
                "fe80::6190:cebb:c47a:6085",
                "169.254.96.133",
                "fe80::64c9:75f2:e438:b0d8",
                "172.18.80.1",
                "fe80::d190:aca4:5de:d03c",
                "172.27.96.1",
                "fe80::b4d7:de0d:3edb:1bc4",
                "192.168.56.1",
                "fe80::f4db:5a2e:ad57:1420",
                "169.254.20.32",
                "fe80::d555:f80:832f:7ce5",
                "169.254.124.229",
                "fe80::9810:b4f4:77ea:e9a6",
                "169.254.233.166",
                "fe80::28a0:2b41:f083:29b0",
                "192.168.1.102",
                "fe80::b1a0:c04c:13f6:7545",
                "172.29.64.1",
                "fe80::c5b2:4950:2d20:bb68",
                "172.28.176.1",
                "fe80::d003:415c:ba1e:166c",
                "172.25.64.1",
                "fe80::b8d9:d9dd:b164:c469",
                "169.254.196.105"
            ]
        },
        "winlog": {
            "computer_name": "Elmo",
            "event_data": {
                "IntegrityLevel": "High",
                "Product": "Microsoft\u00c2\u00ae Windows\u00c2\u00ae Operating System",
                "UtcTime": "2022-10-01 17:04:15.113",
                "OriginalFileName": "CONHOST.EXE",
                "Image": "C:\\Windows\\System32\\conhost.exe",
                "RuleName": "-",
                "LogonGuid": "{dd01dab0-9c1c-6335-501d-c42000000000}",
                "ParentImage": "C:\\Users\\mrdor\\PycharmProjects\\Hunterbee\\venv\\Scripts\\python.exe",
                "LogonId": "0x20c41d50",
