                "ProcessGuid": "{dd01dab0-0c92-6338-b317-010000004000}",
                "FileVersion": "07.52.39.57",
                "CommandLine": "\"G:\\Steam\\bin\\cef\\cef.win7x64\\steamwebhelper.exe\" --type=renderer --log-file=\"G:\\Steam\\logs\\cef_log.txt\" --field-trial-handle=1740,11130590672844940701,4330340255637368701,131072 --enable-features=CastMediaRouteProvider --disable-features=SameSiteByDefaultCookies --enable-blink-features=ResizeObserver,Worklet,AudioWorklet --disable-blink-features=Badging --lang=en-US --log-file=\"G:\\Steam\\logs\\cef_log.txt\" --product-version=\"Valve Steam Client\" --buildid=1663887315 --steamid=0 --device-scale-factor=1 --num-raster-threads=4 --enable-main-frame-before-activation --renderer-client-id=8 --mojo-platform-channel-handle=3204 /prefetch:1",
                "LogonGuid": "{dd01dab0-9c1d-6335-ea32-c42000000000}",
                "ParentCommandLine": "G:\\Steam\\bin\\cef\\cef.win7x64\\steamwebhelper.exe \"-lang=en_US\" \"-cachedir=C:\\Users\\mrdor\\AppData\\Local\\Steam\\htmlcache\" \"-steampid=10152\" \"-buildid=1663887315\" \"-steamid=0\" \"-logdir=G:\\Steam\\logs\" \"-composer-mode=0\" \"-steamuniverse=Public\" \"-realm=Global\" \"-clientui=G:\\Steam\\clientui\" --enable-media-stream --enable-smooth-scrolling --enable-direct-write \"--log-file=G:\\Steam\\logs\\cef_log.txt\" --disable-quick-menu --disable-features=SameSiteByDefaultCookies --enable-blink-features=ResizeObserver,Worklet,AudioWorklet --disable-blink-features=Badging",
                "ParentUser": "ELMO\\mrdor",
                "RuleName": "-",
                "Product": "Steam Client WebHelper"
            },
            "provider_name": "Microsoft-Windows-Sysmon",
            "provider_guid": "{5770385f-c22a-43e0-bf4c-06f5698ffbd9}"
        }
    },
    "13": {
        "@timestamp": "2022-10-01T09:47:39.602Z",
        "host": {
            "name": "Elmo",
            "ip": [
                "fe80::a124:aaad:caaa:fa18",
                "169.254.250.24",
                "fe80::6190:cebb:c47a:6085",
                "169.254.96.133",
                "fe80::64c9:75f2:e438:b0d8",
                "172.18.80.1",
                "fe80::10b7:21de:f236:21d6",
                "172.17.128.1",
                "fe80::b4d7:de0d:3edb:1bc4",
                "192.168.56.1",
                "fe80::f4db:5a2e:ad57:1420",
                "169.254.20.32",
                "fe80::d555:f80:832f:7ce5",
                "169.254.124.229",
                "fe80::9810:b4f4:77ea:e9a6",
                "169.254.233.166",
                "fe80::28a0:2b41:f083:29b0",
                "192.168.1.102",
                "fe80::b1a0:c04c:13f6:7545",
                "172.29.64.1",
                "fe80::c5b2:4950:2d20:bb68",
                "172.28.176.1",
                "fe80::a17a:7f68:dfff:a27c",
                "172.25.0.1",
                "fe80::b8d9:d9dd:b164:c469",
                "169.254.196.105"
            ]
        },
        "winlog": {
            "event_data": {
                "ParentProcessId": "10148",
                "Description": "Google Chrome",
                "IntegrityLevel": "Low",
                "Hashes": "MD5=B0BD1FF76F58006D879FEE68A1241528,SHA256=03155D327C65A8768C571018132E17336FA38349EB0C96E9CBBF5EA905ED750E",
                "Image": "C:\\Program Files\\Google\\Chrome\\Application\\chrome.exe",
                "LogonId": "0x20c432ea",
                "RuleName": "-",
                "CurrentDirectory": "C:\\Program Files\\Google\\Chrome\\Application\\105.0.5195.127\\",
                "ProcessId": "7924",
                "UtcTime": "2022-10-01 09:47:39.597",
                "Company": "Google LLC",
                "ParentImage": "C:\\Program Files\\Google\\Chrome\\Application\\chrome.exe",
                "User": "ELMO\\mrdor",
                "OriginalFileName": "chrome.exe",
                "ParentProcessGuid": "{dd01dab0-9e59-6335-13eb-000000004000}",
                "TerminalSessionId": "4",
                "ParentUser": "ELMO\\mrdor",
                "ParentCommandLine": "\"C:\\Program Files\\Google\\Chrome\\Application\\chrome.exe\" ",
                "ProcessGuid": "{dd01dab0-0cbb-6338-b417-010000004000}",
                "Product": "Google Chrome",
                "CommandLine": "\"C:\\Program Files\\Google\\Chrome\\Application\\chrome.exe\" --type=renderer --extension-process --display-capture-permissions-policy-allowed --lang=en-US --device-scale-factor=1 --num-raster-threads=4 --enable-main-frame-before-activation --renderer-client-id=2415 --launch-time-ticks=1179188554990 --mojo-platform-channel-handle=19332 --field-trial-handle=1796,i,14988065249277015715,17380255830629821243,131072 --enable-features=ParallelDownloading /prefetch:1",
                "LogonGuid": "{dd01dab0-9c1d-6335-ea32-c42000000000}",
                "FileVersion": "105.0.5195.127"
            },
            "task": "Process Create (rule: ProcessCreate)",
            "computer_name": "Elmo",
            "provider_name": "Microsoft-Windows-Sysmon",
            "provider_guid": "{5770385f-c22a-43e0-bf4c-06f5698ffbd9}"
        }
    },
    "14": {
        "@timestamp": "2022-10-01T09:47:52.120Z",
        "winlog": {
            "computer_name": "Elmo",
            "task": "Process Create (rule: ProcessCreate)",
            "event_data": {
                "ParentCommandLine": "\"C:\\Program Files\\Google\\Chrome\\Application\\chrome.exe\" ",
                "ParentUser": "ELMO\\mrdor",
                "RuleName": "-",
                "CurrentDirectory": "C:\\Program Files\\Google\\Chrome\\Application\\105.0.5195.127\\",
                "Image": "C:\\Program Files\\Google\\Chrome\\Application\\chrome.exe",
                "CommandLine": "\"C:\\Program Files\\Google\\Chrome\\Application\\chrome.exe\" --type=renderer --extension-process --display-capture-permissions-policy-allowed --lang=en-US --device-scale-factor=1 --num-raster-threads=4 --enable-main-frame-before-activation --renderer-client-id=2416 --launch-time-ticks=1179201072271 --mojo-platform-channel-handle=13380 --field-trial-handle=1796,i,14988065249277015715,17380255830629821243,131072 --enable-features=ParallelDownloading /prefetch:1",
                "ParentProcessGuid": "{dd01dab0-9e59-6335-13eb-000000004000}",
                "UtcTime": "2022-10-01 09:47:52.116",
                "Hashes": "MD5=B0BD1FF76F58006D879FEE68A1241528,SHA256=03155D327C65A8768C571018132E17336FA38349EB0C96E9CBBF5EA905ED750E",
                "ParentProcessId": "10148",
                "OriginalFileName": "chrome.exe",
                "Company": "Google LLC",
                "ParentImage": "C:\\Program Files\\Google\\Chrome\\Application\\chrome.exe",
                "User": "ELMO\\mrdor",
                "LogonId": "0x20c432ea",
                "ProcessId": "17720",
                "FileVersion": "105.0.5195.127",
                "Description": "Google Chrome",
                "Product": "Google Chrome",
                "LogonGuid": "{dd01dab0-9c1d-6335-ea32-c42000000000}",
                "TerminalSessionId": "4",
                "IntegrityLevel": "Low",
                "ProcessGuid": "{dd01dab0-0cc8-6338-b517-010000004000}"
            },
            "provider_name": "Microsoft-Windows-Sysmon",
            "provider_guid": "{5770385f-c22a-43e0-bf4c-06f5698ffbd9}"
        },
        "host": {
            "ip": [
                "fe80::a124:aaad:caaa:fa18",
                "169.254.250.24",
                "fe80::6190:cebb:c47a:6085",
                "169.254.96.133",
                "fe80::64c9:75f2:e438:b0d8",
                "172.18.80.1",
                "fe80::10b7:21de:f236:21d6",
                "172.17.128.1",
                "fe80::b4d7:de0d:3edb:1bc4",
                "192.168.56.1",
                "fe80::f4db:5a2e:ad57:1420",
                "169.254.20.32",
                "fe80::d555:f80:832f:7ce5",
                "169.254.124.229",
                "fe80::9810:b4f4:77ea:e9a6",
                "169.254.233.166",
                "fe80::28a0:2b41:f083:29b0",
                "192.168.1.102",
                "fe80::b1a0:c04c:13f6:7545",
                "172.29.64.1",
                "fe80::c5b2:4950:2d20:bb68",
                "172.28.176.1",
                "fe80::a17a:7f68:dfff:a27c",
                "172.25.0.1",
                "fe80::b8d9:d9dd:b164:c469",
                "169.254.196.105"
            ],
            "name": "Elmo"
        }
    },
    "15": {
        "@timestamp": "2022-10-01T09:47:52.254Z",
        "host": {
            "name": "Elmo",
            "ip": [
                "fe80::a124:aaad:caaa:fa18",
                "169.254.250.24",
                "fe80::6190:cebb:c47a:6085",
                "169.254.96.133",
                "fe80::64c9:75f2:e438:b0d8",
                "172.18.80.1",
                "fe80::10b7:21de:f236:21d6",
                "172.17.128.1",
                "fe80::b4d7:de0d:3edb:1bc4",
                "192.168.56.1",
                "fe80::f4db:5a2e:ad57:1420",
                "169.254.20.32",
                "fe80::d555:f80:832f:7ce5",
                "169.254.124.229",
                "fe80::9810:b4f4:77ea:e9a6",
                "169.254.233.166",
                "fe80::28a0:2b41:f083:29b0",
                "192.168.1.102",
                "fe80::b1a0:c04c:13f6:7545",
                "172.29.64.1",
                "fe80::c5b2:4950:2d20:bb68",
                "172.28.176.1",
                "fe80::a17a:7f68:dfff:a27c",
                "172.25.0.1",
                "fe80::b8d9:d9dd:b164:c469",
                "169.254.196.105"
            ]
        },
        "winlog": {
            "task": "Process Create (rule: ProcessCreate)",
            "provider_name": "Microsoft-Windows-Sysmon",
            "computer_name": "Elmo",
            "provider_guid": "{5770385f-c22a-43e0-bf4c-06f5698ffbd9}",
            "event_data": {
                "User": "ELMO\\mrdor",
                "ParentUser": "ELMO\\mrdor",
                "CurrentDirectory": "C:\\Program Files\\Google\\Chrome\\Application\\105.0.5195.127\\",
                "ProcessId": "12248",
                "UtcTime": "2022-10-01 09:47:52.251",
                "LogonGuid": "{dd01dab0-9c1d-6335-ea32-c42000000000}",
                "RuleName": "-",
                "ParentProcessGuid": "{dd01dab0-9e59-6335-13eb-000000004000}",
                "Hashes": "MD5=B0BD1FF76F58006D879FEE68A1241528,SHA256=03155D327C65A8768C571018132E17336FA38349EB0C96E9CBBF5EA905ED750E",
                "ParentProcessId": "10148",
                "ParentCommandLine": "\"C:\\Program Files\\Google\\Chrome\\Application\\chrome.exe\" ",
                "Product": "Google Chrome",
                "Image": "C:\\Program Files\\Google\\Chrome\\Application\\chrome.exe",
                "Description": "Google Chrome",
                "OriginalFileName": "chrome.exe",
                "LogonId": "0x20c432ea",
                "IntegrityLevel": "Low",
                "CommandLine": "\"C:\\Program Files\\Google\\Chrome\\Application\\chrome.exe\" --type=renderer --display-capture-permissions-policy-allowed --lang=en-US --device-scale-factor=1 --num-raster-threads=4 --enable-main-frame-before-activation --renderer-client-id=2417 --launch-time-ticks=1179201209437 --mojo-platform-channel-handle=16964 --field-trial-handle=1796,i,14988065249277015715,17380255830629821243,131072 --enable-features=ParallelDownloading /prefetch:1",
                "FileVersion": "105.0.5195.127",
                "TerminalSessionId": "4",
                "ParentImage": "C:\\Program Files\\Google\\Chrome\\Application\\chrome.exe",
                "ProcessGuid": "{dd01dab0-0cc8-6338-b617-010000004000}",
                "Company": "Google LLC"
            }
        }
    },
    "16": {
        "@timestamp": "2022-10-01T09:48:01.531Z",
        "host": {
            "ip": [
                "fe80::a124:aaad:caaa:fa18",
                "169.254.250.24",
                "fe80::6190:cebb:c47a:6085",
                "169.254.96.133",
                "fe80::64c9:75f2:e438:b0d8",
                "172.18.80.1",
                "fe80::10b7:21de:f236:21d6",
                "172.17.128.1",
                "fe80::b4d7:de0d:3edb:1bc4",
                "192.168.56.1",
                "fe80::f4db:5a2e:ad57:1420",
                "169.254.20.32",
                "fe80::d555:f80:832f:7ce5",
                "169.254.124.229",
                "fe80::9810:b4f4:77ea:e9a6",
                "169.254.233.166",
                "fe80::28a0:2b41:f083:29b0",
                "192.168.1.102",
                "fe80::b1a0:c04c:13f6:7545",
                "172.29.64.1",
                "fe80::c5b2:4950:2d20:bb68",
                "172.28.176.1",
                "fe80::a17a:7f68:dfff:a27c",
                "172.25.0.1",
                "fe80::b8d9:d9dd:b164:c469",
                "169.254.196.105"
            ],
            "name": "Elmo"
        },
        "winlog": {
            "task": "Process Create (rule: ProcessCreate)",
            "computer_name": "Elmo",
            "provider_guid": "{5770385f-c22a-43e0-bf4c-06f5698ffbd9}",
            "event_data": {
                "ParentProcessId": "20672",
                "TerminalSessionId": "4",
                "FileVersion": "07.52.39.57",
                "ProcessGuid": "{dd01dab0-0cd1-6338-b717-010000004000}",
                "Image": "G:\\Steam\\bin\\cef\\cef.win7x64\\steamwebhelper.exe",
                "User": "ELMO\\mrdor",
                "ProcessId": "15072",
                "ParentImage": "G:\\Steam\\bin\\cef\\cef.win7x64\\steamwebhelper.exe",
                "CurrentDirectory": "G:\\Steam\\",
                "IntegrityLevel": "Medium",
                "Product": "Steam Client WebHelper",
                "ParentProcessGuid": "{dd01dab0-0c57-6338-9317-010000004000}",
                "RuleName": "-",
                "OriginalFileName": "steamwebhelper.exe",
                "ParentCommandLine": "G:\\Steam\\bin\\cef\\cef.win7x64\\steamwebhelper.exe \"-lang=en_US\" \"-cachedir=C:\\Users\\mrdor\\AppData\\Local\\Steam\\htmlcache\" \"-steampid=10152\" \"-buildid=1663887315\" \"-steamid=0\" \"-logdir=G:\\Steam\\logs\" \"-composer-mode=0\" \"-steamuniverse=Public\" \"-realm=Global\" \"-clientui=G:\\Steam\\clientui\" --enable-media-stream --enable-smooth-scrolling --enable-direct-write \"--log-file=G:\\Steam\\logs\\cef_log.txt\" --disable-quick-menu --disable-features=SameSiteByDefaultCookies --enable-blink-features=ResizeObserver,Worklet,AudioWorklet --disable-blink-features=Badging",
                "Hashes": "MD5=F7676A1FD5AE40DEA659B6E24F7D7452,SHA256=54E12562DA894972DA956BC2F1AB0C500E40DC3B379A79A66592941F255A6FE6",
                "UtcTime": "2022-10-01 09:48:01.523",
                "Company": "Valve Corporation",
                "LogonGuid": "{dd01dab0-9c1d-6335-ea32-c42000000000}",
                "ParentUser": "ELMO\\mrdor",
                "CommandLine": "\"G:\\Steam\\bin\\cef\\cef.win7x64\\steamwebhelper.exe\" --type=gpu-process --field-trial-handle=1740,11130590672844940701,4330340255637368701,131072 --enable-features=CastMediaRouteProvider --disable-features=SameSiteByDefaultCookies --disable-gpu-sandbox --use-gl=disabled --gpu-vendor-id=4318 --gpu-device-id=5121 --gpu-sub-system-id=2236420163 --gpu-revision=161 --gpu-driver-version=30.0.15.1215 --log-file=\"G:\\Steam\\logs\\cef_log.txt\" --product-version=\"Valve Steam Client\" --lang=en-US --buildid=1663887315 --steamid=0 --gpu-preferences=MAAAAAAAAADoAAAwAAAAAAAAAAAAAAAAAABgAAAIAAAQAAAAAAAAAAAAAAAAAAAAKAAAAAQAAAAgAAAAAAAAACgAAAAAAAAAMAAAAAAAAAA4AAAAAAAAABAAAAAAAAAAAAAAAAUAAAAQAAAAAAAAAAAAAAAGAAAAEAAAAAAAAAABAAAABQAAABAAAAAAAAAAAQAAAAYAAAA= --log-file=\"G:\\Steam\\logs\\cef_log.txt\" --mojo-platform-channel-handle=3616 /prefetch:2",
                "LogonId": "0x20c432ea",
                "Description": "Steam Client WebHelper"
            },
            "provider_name": "Microsoft-Windows-Sysmon"
        }
    },
    "17": {
        "@timestamp": "2022-10-01T09:48:20.530Z",
        "host": {
            "ip": [
                "fe80::a124:aaad:caaa:fa18",
                "169.254.250.24",
                "fe80::6190:cebb:c47a:6085",
                "169.254.96.133",
                "fe80::64c9:75f2:e438:b0d8",
                "172.18.80.1",
                "fe80::10b7:21de:f236:21d6",
                "172.17.128.1",
                "fe80::b4d7:de0d:3edb:1bc4",
                "192.168.56.1",
                "fe80::f4db:5a2e:ad57:1420",
                "169.254.20.32",
                "fe80::d555:f80:832f:7ce5",
                "169.254.124.229",
                "fe80::9810:b4f4:77ea:e9a6",
                "169.254.233.166",
                "fe80::28a0:2b41:f083:29b0",
                "192.168.1.102",
                "fe80::b1a0:c04c:13f6:7545",
                "172.29.64.1",
                "fe80::c5b2:4950:2d20:bb68",
                "172.28.176.1",
                "fe80::a17a:7f68:dfff:a27c",
                "172.25.0.1",
                "fe80::b8d9:d9dd:b164:c469",
                "169.254.196.105"
            ],
            "name": "Elmo"
        },
        "winlog": {
            "provider_guid": "{5770385f-c22a-43e0-bf4c-06f5698ffbd9}",
            "event_data": {
                "IntegrityLevel": "High",
                "CurrentDirectory": "C:\\Users\\mrdor\\PycharmProjects\\Hunterbee\\",
                "Hashes": "MD5=23E6EC0009C0C7081DB498A691B89E87,SHA256=4B763DE958DD9B0C8F9390EC8D033AD848D3BD432AA031BAA8911B1AD8914E13",
                "ParentProcessGuid": "{dd01dab0-f28d-6337-b90a-010000004000}",
                "Product": "IntelliJ Platform",
                "ParentProcessId": "20072",
                "ParentCommandLine": "\"C:\\Program Files\\JetBrains\\PyCharm 2021.3\\bin\\pycharm64.exe\" ",
                "UtcTime": "2022-10-01 09:48:20.528",
                "Description": "Command line runner",
                "Image": "C:\\Program Files\\JetBrains\\PyCharm 2021.3\\bin\\runnerw.exe",
                "ProcessId": "10632",
                "FileVersion": "1.0.0.1",
                "CommandLine": "\"C:\\Program Files\\JetBrains\\PyCharm 2021.3\\bin\\runnerw.exe\" \"C:\\Program Files\\Git\\cmd\\git.exe\" -c credential.helper= -c core.quotepath=false -c log.showSignature=false status --porcelain -z --untracked-files=no --ignored=no -- client/utils.py client/utils/utils.py tempfiles/Logs/Sysmon/sysmon-logs-20221001.json tempfiles/Logs/Sysmon/winlogbeat-20221001-1.ndjson tempfiles/Logs/Sysmon/winlogbeat-20221001-2.ndjson tempfiles/Logs/Sysmon/winlogbeat-20221001.ndjson",
                "TerminalSessionId": "4",
                "ParentUser": "ELMO\\mrdor",
                "LogonGuid": "{dd01dab0-9c1c-6335-501d-c42000000000}",
                "RuleName": "-",
                "ParentImage": "C:\\Program Files\\JetBrains\\PyCharm 2021.3\\bin\\pycharm64.exe",
                "ProcessGuid": "{dd01dab0-0ce4-6338-b817-010000004000}",
                "OriginalFileName": "runnerw.exe",
                "LogonId": "0x20c41d50",
                "Company": "JetBrains s.r.o.",
                "User": "ELMO\\mrdor"
            },
            "provider_name": "Microsoft-Windows-Sysmon",
            "computer_name": "Elmo",
            "task": "Process Create (rule: ProcessCreate)"
        }
    },
    "18": {
        "@timestamp": "2022-10-01T09:48:20.534Z",
        "host": {
            "name": "Elmo",
            "ip": [
                "fe80::a124:aaad:caaa:fa18",
                "169.254.250.24",
                "fe80::6190:cebb:c47a:6085",
                "169.254.96.133",
                "fe80::64c9:75f2:e438:b0d8",
                "172.18.80.1",
                "fe80::10b7:21de:f236:21d6",
                "172.17.128.1",
                "fe80::b4d7:de0d:3edb:1bc4",
                "192.168.56.1",
                "fe80::f4db:5a2e:ad57:1420",
                "169.254.20.32",
                "fe80::d555:f80:832f:7ce5",
                "169.254.124.229",
                "fe80::9810:b4f4:77ea:e9a6",
                "169.254.233.166",
                "fe80::28a0:2b41:f083:29b0",
                "192.168.1.102",
                "fe80::b1a0:c04c:13f6:7545",
                "172.29.64.1",
                "fe80::c5b2:4950:2d20:bb68",
                "172.28.176.1",
                "fe80::a17a:7f68:dfff:a27c",
                "172.25.0.1",
                "fe80::b8d9:d9dd:b164:c469",
                "169.254.196.105"
            ]
        },
        "winlog": {
            "computer_name": "Elmo",
            "task": "Process Create (rule: ProcessCreate)",
            "provider_name": "Microsoft-Windows-Sysmon",
            "provider_guid": "{5770385f-c22a-43e0-bf4c-06f5698ffbd9}",
            "event_data": {
                "ProcessGuid": "{dd01dab0-0ce4-6338-b917-010000004000}",
                "Company": "Microsoft Corporation",
                "Hashes": "MD5=0D698AF330FD17BEE3BF90011D49251D,SHA256=3C1C6D813D2B031D988204155FC198FE4F32FF56C05DABBCFCD5486131F4FB9D",
                "ParentProcessGuid": "{dd01dab0-0ce4-6338-b817-010000004000}",
                "TerminalSessionId": "4",
                "RuleName": "-",
                "LogonId": "0x20c41d50",
                "UtcTime": "2022-10-01 09:48:20.532",
                "Description": "Console Window Host",
                "Product": "Microsoft\u00c2\u00ae Windows\u00c2\u00ae Operating System",
                "User": "ELMO\\mrdor",
                "ParentUser": "ELMO\\mrdor",
                "IntegrityLevel": "High",
                "ProcessId": "18056",
                "CommandLine": "\\??\\C:\\Windows\\system32\\conhost.exe 0xffffffff -ForceV1",
                "LogonGuid": "{dd01dab0-9c1c-6335-501d-c42000000000}",
                "OriginalFileName": "CONHOST.EXE",
                "ParentProcessId": "10632",
                "ParentCommandLine": "\"C:\\Program Files\\JetBrains\\PyCharm 2021.3\\bin\\runnerw.exe\" \"C:\\Program Files\\Git\\cmd\\git.exe\" -c credential.helper= -c core.quotepath=false -c log.showSignature=false status --porcelain -z --untracked-files=no --ignored=no -- client/utils.py client/utils/utils.py tempfiles/Logs/Sysmon/sysmon-logs-20221001.json tempfiles/Logs/Sysmon/winlogbeat-20221001-1.ndjson tempfiles/Logs/Sysmon/winlogbeat-20221001-2.ndjson tempfiles/Logs/Sysmon/winlogbeat-20221001.ndjson",
                "FileVersion": "10.0.19041.1566 (WinBuild.160101.0800)",
                "CurrentDirectory": "C:\\Windows",
                "ParentImage": "C:\\Program Files\\JetBrains\\PyCharm 2021.3\\bin\\runnerw.exe",
                "Image": "C:\\Windows\\System32\\conhost.exe"
            }
        }
    },
    "19": {
        "@timestamp": "2022-10-01T09:48:20.734Z",
        "host": {
            "name": "Elmo",
            "ip": [
                "fe80::a124:aaad:caaa:fa18",
                "169.254.250.24",
                "fe80::6190:cebb:c47a:6085",
                "169.254.96.133",
                "fe80::64c9:75f2:e438:b0d8",
                "172.18.80.1",
                "fe80::10b7:21de:f236:21d6",
                "172.17.128.1",
                "fe80::b4d7:de0d:3edb:1bc4",
                "192.168.56.1",
                "fe80::f4db:5a2e:ad57:1420",
                "169.254.20.32",
                "fe80::d555:f80:832f:7ce5",
                "169.254.124.229",
                "fe80::9810:b4f4:77ea:e9a6",
                "169.254.233.166",
                "fe80::28a0:2b41:f083:29b0",
                "192.168.1.102",
                "fe80::b1a0:c04c:13f6:7545",
                "172.29.64.1",
                "fe80::c5b2:4950:2d20:bb68",
                "172.28.176.1",
                "fe80::a17a:7f68:dfff:a27c",
                "172.25.0.1",
                "fe80::b8d9:d9dd:b164:c469",
                "169.254.196.105"
            ]
        },
        "winlog": {
            "event_data": {
                "UtcTime": "2022-10-01 09:48:20.732",
                "CommandLine": "\\??\\C:\\Windows\\system32\\conhost.exe 0xffffffff -ForceV1",
                "CurrentDirectory": "C:\\Windows",
                "Hashes": "MD5=0D698AF330FD17BEE3BF90011D49251D,SHA256=3C1C6D813D2B031D988204155FC198FE4F32FF56C05DABBCFCD5486131F4FB9D",
                "ParentImage": "C:\\Users\\mrdor\\PycharmProjects\\Hunterbee\\venv\\Scripts\\python.exe",
                "ParentCommandLine": "C:\\Users\\mrdor\\PycharmProjects\\Hunterbee\\venv\\Scripts\\python.exe \"C:\\Program Files\\JetBrains\\PyCharm 2021.3\\plugins\\python\\helpers\\pycodestyle.py\" --max-line-length=120 -",
                "Company": "Microsoft Corporation",
                "ParentProcessId": "21560",
                "LogonGuid": "{dd01dab0-9c1c-6335-501d-c42000000000}",
                "OriginalFileName": "CONHOST.EXE",
                "RuleName": "-",
                "ProcessId": "10508",
                "ParentUser": "ELMO\\mrdor",
                "Description": "Console Window Host",
                "Product": "Microsoft\u00c2\u00ae Windows\u00c2\u00ae Operating System",
                "User": "ELMO\\mrdor",
                "IntegrityLevel": "High",
                "Image": "C:\\Windows\\System32\\conhost.exe",
                "LogonId": "0x20c41d50",
                "TerminalSessionId": "4",
                "ProcessGuid": "{dd01dab0-0ce4-6338-bd17-010000004000}",
                "FileVersion": "10.0.19041.1566 (WinBuild.160101.0800)",
                "ParentProcessGuid": "{dd01dab0-0ce4-6338-bc17-010000004000}"
            },
            "task": "Process Create (rule: ProcessCreate)",
            "computer_name": "Elmo",
            "provider_name": "Microsoft-Windows-Sysmon",
            "provider_guid": "{5770385f-c22a-43e0-bf4c-06f5698ffbd9}"
        }
    },
    "20": {
        "@timestamp": "2022-10-01T09:48:27.476Z",
        "host": {
            "ip": [
                "fe80::a124:aaad:caaa:fa18",
                "169.254.250.24",
                "fe80::6190:cebb:c47a:6085",
                "169.254.96.133",
                "fe80::64c9:75f2:e438:b0d8",
                "172.18.80.1",
                "fe80::10b7:21de:f236:21d6",
                "172.17.128.1",
                "fe80::b4d7:de0d:3edb:1bc4",
                "192.168.56.1",
                "fe80::f4db:5a2e:ad57:1420",
                "169.254.20.32",
                "fe80::d555:f80:832f:7ce5",
                "169.254.124.229",
                "fe80::9810:b4f4:77ea:e9a6",
                "169.254.233.166",
                "fe80::28a0:2b41:f083:29b0",
                "192.168.1.102",
                "fe80::b1a0:c04c:13f6:7545",
                "172.29.64.1",
                "fe80::c5b2:4950:2d20:bb68",
                "172.28.176.1",
                "fe80::a17a:7f68:dfff:a27c",
                "172.25.0.1",
                "fe80::b8d9:d9dd:b164:c469",
                "169.254.196.105"
            ],
            "name": "Elmo"
        },
        "winlog": {
            "provider_name": "Microsoft-Windows-Sysmon",
            "computer_name": "Elmo",
            "event_data": {
                "ProcessGuid": "{dd01dab0-0ceb-6338-bf17-010000004000}",
                "Company": "-",
                "UtcTime": "2022-10-01 09:48:27.474",
                "CurrentDirectory": "C:\\Program Files\\JetBrains\\PyCharm 2021.3\\jbr\\bin\\",
                "TerminalSessionId": "4",
                "ParentProcessId": "20072",
                "ProcessId": "7716",
                "Image": "C:\\Users\\mrdor\\AppData\\Local\\JetBrains\\PyCharm2021.3\\tmp\\sendctrlc.x64.B37C5E935F3DA60B2940592241F826DA.exe",
                "ParentUser": "ELMO\\mrdor",
                "FileVersion": "-",
                "IntegrityLevel": "High",
                "LogonId": "0x20c41d50",
                "Hashes": "MD5=B37C5E935F3DA60B2940592241F826DA,SHA256=72057F18A99A02DFB21976BB733B0DB8442D869D02F18D1D478007DB22B5C388",
                "ParentProcessGuid": "{dd01dab0-f28d-6337-b90a-010000004000}",
                "CommandLine": "C:\\Users\\mrdor\\AppData\\Local\\JetBrains\\PyCharm2021.3\\tmp\\sendctrlc.x64.B37C5E935F3DA60B2940592241F826DA.exe 11696",
                "Description": "-",
                "User": "ELMO\\mrdor",
                "LogonGuid": "{dd01dab0-9c1c-6335-501d-c42000000000}",
                "RuleName": "-",
                "ParentCommandLine": "\"C:\\Program Files\\JetBrains\\PyCharm 2021.3\\bin\\pycharm64.exe\" ",
                "ParentImage": "C:\\Program Files\\JetBrains\\PyCharm 2021.3\\bin\\pycharm64.exe",
                "Product": "-",
                "OriginalFileName": "-"
            },
            "task": "Process Create (rule: ProcessCreate)",
            "provider_guid": "{5770385f-c22a-43e0-bf4c-06f5698ffbd9}"
        }
    },
    "21": {
        "@timestamp": "2022-10-01T09:48:27.480Z",
        "winlog": {
            "provider_guid": "{5770385f-c22a-43e0-bf4c-06f5698ffbd9}",
            "event_data": {
                "RuleName": "-",
                "Image": "C:\\Windows\\System32\\conhost.exe",
                "ParentProcessGuid": "{dd01dab0-0ceb-6338-bf17-010000004000}",
                "CommandLine": "\\??\\C:\\Windows\\system32\\conhost.exe 0xffffffff -ForceV1",
                "User": "ELMO\\mrdor",
                "LogonId": "0x20c41d50",
                "LogonGuid": "{dd01dab0-9c1c-6335-501d-c42000000000}",
                "TerminalSessionId": "4",
                "UtcTime": "2022-10-01 09:48:27.478",
                "ParentProcessId": "7716",
                "ParentImage": "C:\\Users\\mrdor\\AppData\\Local\\JetBrains\\PyCharm2021.3\\tmp\\sendctrlc.x64.B37C5E935F3DA60B2940592241F826DA.exe",
                "ParentUser": "ELMO\\mrdor",
                "ProcessGuid": "{dd01dab0-0ceb-6338-c017-010000004000}",
                "ParentCommandLine": "C:\\Users\\mrdor\\AppData\\Local\\JetBrains\\PyCharm2021.3\\tmp\\sendctrlc.x64.B37C5E935F3DA60B2940592241F826DA.exe 11696",
                "IntegrityLevel": "High",
                "OriginalFileName": "CONHOST.EXE",
                "Hashes": "MD5=0D698AF330FD17BEE3BF90011D49251D,SHA256=3C1C6D813D2B031D988204155FC198FE4F32FF56C05DABBCFCD5486131F4FB9D",
                "FileVersion": "10.0.19041.1566 (WinBuild.160101.0800)",
                "ProcessId": "19716",
                "Product": "Microsoft\u00c2\u00ae Windows\u00c2\u00ae Operating System",
                "Description": "Console Window Host",
                "Company": "Microsoft Corporation",
                "CurrentDirectory": "C:\\Windows"
            },
            "task": "Process Create (rule: ProcessCreate)",
            "computer_name": "Elmo",
            "provider_name": "Microsoft-Windows-Sysmon"
        },
        "host": {
            "ip": [
                "fe80::a124:aaad:caaa:fa18",
                "169.254.250.24",
                "fe80::6190:cebb:c47a:6085",
                "169.254.96.133",
                "fe80::64c9:75f2:e438:b0d8",
                "172.18.80.1",
                "fe80::10b7:21de:f236:21d6",
                "172.17.128.1",
                "fe80::b4d7:de0d:3edb:1bc4",
                "192.168.56.1",
                "fe80::f4db:5a2e:ad57:1420",
                "169.254.20.32",
                "fe80::d555:f80:832f:7ce5",
                "169.254.124.229",
                "fe80::9810:b4f4:77ea:e9a6",
                "169.254.233.166",
                "fe80::28a0:2b41:f083:29b0",
                "192.168.1.102",
                "fe80::b1a0:c04c:13f6:7545",
                "172.29.64.1",
                "fe80::c5b2:4950:2d20:bb68",
                "172.28.176.1",
                "fe80::a17a:7f68:dfff:a27c",
                "172.25.0.1",
                "fe80::b8d9:d9dd:b164:c469",
                "169.254.196.105"
            ],
            "name": "Elmo"
        }
    },
    "22": {
        "@timestamp": "2022-10-01T09:48:31.683Z",
        "host": {
            "name": "Elmo",
            "ip": [
                "fe80::a124:aaad:caaa:fa18",
                "169.254.250.24",
                "fe80::6190:cebb:c47a:6085",
                "169.254.96.133",
                "fe80::64c9:75f2:e438:b0d8",
                "172.18.80.1",
                "fe80::10b7:21de:f236:21d6",
                "172.17.128.1",
                "fe80::b4d7:de0d:3edb:1bc4",
                "192.168.56.1",
                "fe80::f4db:5a2e:ad57:1420",
                "169.254.20.32",
                "fe80::d555:f80:832f:7ce5",
                "169.254.124.229",
                "fe80::9810:b4f4:77ea:e9a6",
                "169.254.233.166",
                "fe80::28a0:2b41:f083:29b0",
                "192.168.1.102",
                "fe80::b1a0:c04c:13f6:7545",
                "172.29.64.1",
                "fe80::c5b2:4950:2d20:bb68",
                "172.28.176.1",
                "fe80::a17a:7f68:dfff:a27c",
                "172.25.0.1",
                "fe80::b8d9:d9dd:b164:c469",
                "169.254.196.105"
            ]
        },
        "winlog": {
            "computer_name": "Elmo",
            "provider_guid": "{5770385f-c22a-43e0-bf4c-06f5698ffbd9}",
            "provider_name": "Microsoft-Windows-Sysmon",
            "event_data": {
                "UtcTime": "2022-10-01 09:48:31.680",
                "Product": "IntelliJ Platform",
                "ProcessGuid": "{dd01dab0-0cef-6338-c117-010000004000}",
                "Description": "Command line runner",
                "ParentUser": "ELMO\\mrdor",
                "OriginalFileName": "runnerw.exe",
                "Hashes": "MD5=23E6EC0009C0C7081DB498A691B89E87,SHA256=4B763DE958DD9B0C8F9390EC8D033AD848D3BD432AA031BAA8911B1AD8914E13",
                "LogonGuid": "{dd01dab0-9c1c-6335-501d-c42000000000}",
                "ParentProcessGuid": "{dd01dab0-f28d-6337-b90a-010000004000}",
                "ParentProcessId": "20072",
                "CurrentDirectory": "C:\\Users\\mrdor\\PycharmProjects\\Hunterbee\\",
                "FileVersion": "1.0.0.1",
                "LogonId": "0x20c41d50",
                "ParentCommandLine": "\"C:\\Program Files\\JetBrains\\PyCharm 2021.3\\bin\\pycharm64.exe\" ",
                "CommandLine": "\"C:\\Program Files\\JetBrains\\PyCharm 2021.3\\bin\\runnerw.exe\" \"C:\\Program Files\\Git\\cmd\\git.exe\" -c credential.helper= -c core.quotepath=false -c log.showSignature=false status --porcelain -z --untracked-files=no --ignored=no -- .idea/workspace.xml client/utils.py client/utils/utils.py",
                "IntegrityLevel": "High",
                "ParentImage": "C:\\Program Files\\JetBrains\\PyCharm 2021.3\\bin\\pycharm64.exe",
                "ProcessId": "11152",
                "TerminalSessionId": "4",
                "Image": "C:\\Program Files\\JetBrains\\PyCharm 2021.3\\bin\\runnerw.exe",
                "User": "ELMO\\mrdor",
                "Company": "JetBrains s.r.o.",
                "RuleName": "-"
            },
            "task": "Process Create (rule: ProcessCreate)"
        }
    },
    "23": {
        "@timestamp": "2022-10-01T09:48:31.687Z",
        "winlog": {
            "event_data": {
                "ParentImage": "C:\\Program Files\\JetBrains\\PyCharm 2021.3\\bin\\runnerw.exe",
                "OriginalFileName": "CONHOST.EXE",
                "LogonGuid": "{dd01dab0-9c1c-6335-501d-c42000000000}",
                "FileVersion": "10.0.19041.1566 (WinBuild.160101.0800)",
                "IntegrityLevel": "High",
                "ParentUser": "ELMO\\mrdor",
                "Image": "C:\\Windows\\System32\\conhost.exe",
                "CurrentDirectory": "C:\\Windows",
                "User": "ELMO\\mrdor",
                "RuleName": "-",
                "CommandLine": "\\??\\C:\\Windows\\system32\\conhost.exe 0xffffffff -ForceV1",
                "ProcessGuid": "{dd01dab0-0cef-6338-c217-010000004000}",
                "ProcessId": "2788",
                "TerminalSessionId": "4",
                "ParentProcessGuid": "{dd01dab0-0cef-6338-c117-010000004000}",
                "Description": "Console Window Host",
                "ParentCommandLine": "\"C:\\Program Files\\JetBrains\\PyCharm 2021.3\\bin\\runnerw.exe\" \"C:\\Program Files\\Git\\cmd\\git.exe\" -c credential.helper= -c core.quotepath=false -c log.showSignature=false status --porcelain -z --untracked-files=no --ignored=no -- .idea/workspace.xml client/utils.py client/utils/utils.py",
                "Product": "Microsoft\u00c2\u00ae Windows\u00c2\u00ae Operating System",
                "ParentProcessId": "11152",
                "UtcTime": "2022-10-01 09:48:31.685",
                "Company": "Microsoft Corporation",
                "LogonId": "0x20c41d50",
                "Hashes": "MD5=0D698AF330FD17BEE3BF90011D49251D,SHA256=3C1C6D813D2B031D988204155FC198FE4F32FF56C05DABBCFCD5486131F4FB9D"
            },
            "provider_guid": "{5770385f-c22a-43e0-bf4c-06f5698ffbd9}",
            "task": "Process Create (rule: ProcessCreate)",
            "provider_name": "Microsoft-Windows-Sysmon",
            "computer_name": "Elmo"
        },
        "host": {
            "name": "Elmo",
            "ip": [
                "fe80::a124:aaad:caaa:fa18",
                "169.254.250.24",
                "fe80::6190:cebb:c47a:6085",
                "169.254.96.133",
                "fe80::64c9:75f2:e438:b0d8",
                "172.18.80.1",
                "fe80::10b7:21de:f236:21d6",
                "172.17.128.1",
                "fe80::b4d7:de0d:3edb:1bc4",
                "192.168.56.1",
                "fe80::f4db:5a2e:ad57:1420",
                "169.254.20.32",
                "fe80::d555:f80:832f:7ce5",
                "169.254.124.229",
                "fe80::9810:b4f4:77ea:e9a6",
                "169.254.233.166",
                "fe80::28a0:2b41:f083:29b0",
                "192.168.1.102",
                "fe80::b1a0:c04c:13f6:7545",
                "172.29.64.1",
                "fe80::c5b2:4950:2d20:bb68",
                "172.28.176.1",
                "fe80::a17a:7f68:dfff:a27c",
                "172.25.0.1",
                "fe80::b8d9:d9dd:b164:c469",
                "169.254.196.105"
            ]
        }
    },
    "24": {
        "@timestamp": "2022-10-01T09:48:36.479Z",
        "host": {
            "ip": [
                "fe80::a124:aaad:caaa:fa18",
                "169.254.250.24",
                "fe80::6190:cebb:c47a:6085",
                "169.254.96.133",
                "fe80::64c9:75f2:e438:b0d8",
                "172.18.80.1",
                "fe80::10b7:21de:f236:21d6",
                "172.17.128.1",
                "fe80::b4d7:de0d:3edb:1bc4",
                "192.168.56.1",
                "fe80::f4db:5a2e:ad57:1420",
                "169.254.20.32",
                "fe80::d555:f80:832f:7ce5",
                "169.254.124.229",
                "fe80::9810:b4f4:77ea:e9a6",
                "169.254.233.166",
                "fe80::28a0:2b41:f083:29b0",
                "192.168.1.102",
                "fe80::b1a0:c04c:13f6:7545",
                "172.29.64.1",
                "fe80::c5b2:4950:2d20:bb68",
                "172.28.176.1",
                "fe80::a17a:7f68:dfff:a27c",
                "172.25.0.1",
                "fe80::b8d9:d9dd:b164:c469",
                "169.254.196.105"
            ],
            "name": "Elmo"
        },
        "winlog": {
            "event_data": {
                "LogonId": "0x20c41d50",
                "Description": "Command line runner",
                "User": "ELMO\\mrdor",
                "RuleName": "-",
                "Company": "JetBrains s.r.o.",
                "Hashes": "MD5=23E6EC0009C0C7081DB498A691B89E87,SHA256=4B763DE958DD9B0C8F9390EC8D033AD848D3BD432AA031BAA8911B1AD8914E13",
                "ParentImage": "C:\\Program Files\\JetBrains\\PyCharm 2021.3\\bin\\pycharm64.exe",
                "ParentProcessId": "20072",
                "CurrentDirectory": "C:\\Users\\mrdor\\PycharmProjects\\Hunterbee\\",
                "Product": "IntelliJ Platform",
                "Image": "C:\\Program Files\\JetBrains\\PyCharm 2021.3\\bin\\runnerw.exe",
                "ParentUser": "ELMO\\mrdor",
                "ProcessGuid": "{dd01dab0-0cf4-6338-c517-010000004000}",
                "ProcessId": "18244",
                "ParentProcessGuid": "{dd01dab0-f28d-6337-b90a-010000004000}",
                "FileVersion": "1.0.0.1",
                "OriginalFileName": "runnerw.exe",
                "CommandLine": "\"C:\\Program Files\\JetBrains\\PyCharm 2021.3\\bin\\runnerw.exe\" \"C:\\Program Files\\Git\\cmd\\git.exe\" -c credential.helper= -c core.quotepath=false -c log.showSignature=false status --porcelain -z --untracked-files=no --ignored=no -- client/utils.py client/utils/utils.py tempfiles/Logs/Sysmon/winlogbeat-20221001-2.ndjson",
                "LogonGuid": "{dd01dab0-9c1c-6335-501d-c42000000000}",
                "ParentCommandLine": "\"C:\\Program Files\\JetBrains\\PyCharm 2021.3\\bin\\pycharm64.exe\" ",
                "TerminalSessionId": "4",
                "UtcTime": "2022-10-01 09:48:36.476",
                "IntegrityLevel": "High"
            },
            "provider_name": "Microsoft-Windows-Sysmon",
            "computer_name": "Elmo",
            "task": "Process Create (rule: ProcessCreate)",
            "provider_guid": "{5770385f-c22a-43e0-bf4c-06f5698ffbd9}"
        }
    },
    "25": {
        "@timestamp": "2022-10-01T09:48:36.483Z",
        "host": {
            "ip": [
                "fe80::a124:aaad:caaa:fa18",
                "169.254.250.24",
                "fe80::6190:cebb:c47a:6085",
                "169.254.96.133",
                "fe80::64c9:75f2:e438:b0d8",
                "172.18.80.1",
                "fe80::10b7:21de:f236:21d6",
                "172.17.128.1",
                "fe80::b4d7:de0d:3edb:1bc4",
                "192.168.56.1",
                "fe80::f4db:5a2e:ad57:1420",
                "169.254.20.32",
                "fe80::d555:f80:832f:7ce5",
                "169.254.124.229",
                "fe80::9810:b4f4:77ea:e9a6",
                "169.254.233.166",
                "fe80::28a0:2b41:f083:29b0",
                "192.168.1.102",
                "fe80::b1a0:c04c:13f6:7545",
                "172.29.64.1",
                "fe80::c5b2:4950:2d20:bb68",
                "172.28.176.1",
                "fe80::a17a:7f68:dfff:a27c",
                "172.25.0.1",
                "fe80::b8d9:d9dd:b164:c469",
                "169.254.196.105"
            ],
            "name": "Elmo"
        },
        "winlog": {
            "computer_name": "Elmo",
            "provider_guid": "{5770385f-c22a-43e0-bf4c-06f5698ffbd9}",
            "task": "Process Create (rule: ProcessCreate)",
            "event_data": {
                "TerminalSessionId": "4",
                "Image": "C:\\Windows\\System32\\conhost.exe",
                "CommandLine": "\\??\\C:\\Windows\\system32\\conhost.exe 0xffffffff -ForceV1",
                "ParentProcessGuid": "{dd01dab0-0cf4-6338-c517-010000004000}",
                "ParentImage": "C:\\Program Files\\JetBrains\\PyCharm 2021.3\\bin\\runnerw.exe",
                "Hashes": "MD5=0D698AF330FD17BEE3BF90011D49251D,SHA256=3C1C6D813D2B031D988204155FC198FE4F32FF56C05DABBCFCD5486131F4FB9D",
                "ParentCommandLine": "\"C:\\Program Files\\JetBrains\\PyCharm 2021.3\\bin\\runnerw.exe\" \"C:\\Program Files\\Git\\cmd\\git.exe\" -c credential.helper= -c core.quotepath=false -c log.showSignature=false status --porcelain -z --untracked-files=no --ignored=no -- client/utils.py client/utils/utils.py tempfiles/Logs/Sysmon/winlogbeat-20221001-2.ndjson",
                "UtcTime": "2022-10-01 09:48:36.481",
                "Description": "Console Window Host",
                "Product": "Microsoft\u00c2\u00ae Windows\u00c2\u00ae Operating System",
                "OriginalFileName": "CONHOST.EXE",
                "User": "ELMO\\mrdor",
                "RuleName": "-",
                "CurrentDirectory": "C:\\Windows",
                "LogonId": "0x20c41d50",
                "ProcessId": "21456",
                "ProcessGuid": "{dd01dab0-0cf4-6338-c617-010000004000}",
                "Company": "Microsoft Corporation",
                "IntegrityLevel": "High",
                "ParentUser": "ELMO\\mrdor",
                "LogonGuid": "{dd01dab0-9c1c-6335-501d-c42000000000}",
                "ParentProcessId": "18244",
                "FileVersion": "10.0.19041.1566 (WinBuild.160101.0800)"
            },
            "provider_name": "Microsoft-Windows-Sysmon"
        }
    }
}