{
    "0": {
        "@timestamp": "2022-10-01T17:06:13.009Z",
        "host": {
            "ip": [
                "fe80::a124:aaad:caaa:fa18",
                "169.254.250.24",
                "fe80::6190:cebb:c47a:6085",
                "169.254.96.133",
                "fe80::64c9:75f2:e438:b0d8",
                "172.18.80.1",
                "fe80::d190:aca4:5de:d03c",
                "172.27.96.1",
                "fe80::b4d7:de0d:3edb:1bc4",
                "192.168.56.1",
                "fe80::f4db:5a2e:ad57:1420",
                "169.254.20.32",
                "fe80::d555:f80:832f:7ce5",
                "169.254.124.229",
                "fe80::9810:b4f4:77ea:e9a6",
                "169.254.233.166",
                "fe80::28a0:2b41:f083:29b0",
                "192.168.1.102",
                "fe80::b1a0:c04c:13f6:7545",
                "172.29.64.1",
                "fe80::c5b2:4950:2d20:bb68",
                "172.28.176.1",
                "fe80::d003:415c:ba1e:166c",
                "172.25.64.1",
                "fe80::b8d9:d9dd:b164:c469",
                "169.254.196.105"
            ],
            "name": "Elmo"
        },
        "winlog": {
            "provider_name": "Microsoft-Windows-Sysmon",
            "provider_guid": "{5770385f-c22a-43e0-bf4c-06f5698ffbd9}",
            "task": "Process accessed (rule: ProcessAccess)",
            "computer_name": "Elmo",
            "event_data": {
                "SourceUser": "NT AUTHORITY\\SYSTEM",
                "TargetUser": "NT AUTHORITY\\SYSTEM",
                "UtcTime": "2022-10-01 17:06:13.008",
                "SourceImage": "C:\\Windows\\system32\\svchost.exe",
                "GrantedAccess": "0x1000",
                "CallTrace": "C:\\Windows\\SYSTEM32\\ntdll.dll+9d4c4|C:\\Windows\\System32\\KERNELBASE.dll+32ea6|c:\\windows\\system32\\lsm.dll+e3e8|c:\\windows\\system32\\lsm.dll+11508|C:\\Windows\\System32\\RPCRT4.dll+796e3|C:\\Windows\\System32\\RPCRT4.dll+dd77b|C:\\Windows\\System32\\RPCRT4.dll+5d11c|C:\\Windows\\System32\\RPCRT4.dll+5a278|C:\\Windows\\System32\\RPCRT4.dll+3a416|C:\\Windows\\System32\\RPCRT4.dll+39d68|C:\\Windows\\System32\\RPCRT4.dll+4887f|C:\\Windows\\System32\\RPCRT4.dll+47c88|C:\\Windows\\System32\\RPCRT4.dll+47271|C:\\Windows\\System32\\RPCRT4.dll+46cde|C:\\Windows\\System32\\RPCRT4.dll+4b3b2|C:\\Windows\\SYSTEM32\\ntdll.dll+20330|C:\\Windows\\SYSTEM32\\ntdll.dll+52f76|C:\\Windows\\System32\\KERNEL32.DLL+17034|C:\\Windows\\SYSTEM32\\ntdll.dll+526a1",
                "SourceProcessGUID": "{dd01dab0-1022-6326-1300-000000004000}",
                "SourceThreadId": "17716",
                "RuleName": "-",
                "SourceProcessId": "1312",
                "TargetProcessGUID": "{dd01dab0-1021-6326-0e00-000000004000}",
                "TargetProcessId": "768",
                "TargetImage": "C:\\Windows\\system32\\lsass.exe"
            }
        }
    },
    "1": {
        "@timestamp": "2022-10-01T17:06:13.009Z",
        "host": {
            "name": "Elmo",
            "ip": [
                "fe80::a124:aaad:caaa:fa18",
                "169.254.250.24",
                "fe80::6190:cebb:c47a:6085",
                "169.254.96.133",
                "fe80::64c9:75f2:e438:b0d8",
                "172.18.80.1",
                "fe80::d190:aca4:5de:d03c",
                "172.27.96.1",
                "fe80::b4d7:de0d:3edb:1bc4",
                "192.168.56.1",
                "fe80::f4db:5a2e:ad57:1420",
                "169.254.20.32",
                "fe80::d555:f80:832f:7ce5",
                "169.254.124.229",
                "fe80::9810:b4f4:77ea:e9a6",
                "169.254.233.166",
                "fe80::28a0:2b41:f083:29b0",
                "192.168.1.102",
                "fe80::b1a0:c04c:13f6:7545",
                "172.29.64.1",
                "fe80::c5b2:4950:2d20:bb68",
                "172.28.176.1",
                "fe80::d003:415c:ba1e:166c",
                "172.25.64.1",
                "fe80::b8d9:d9dd:b164:c469",
                "169.254.196.105"
            ]
        },
        "winlog": {
            "event_data": {
                "SourceProcessGUID": "{dd01dab0-1022-6326-1300-000000004000}",
                "SourceThreadId": "17716",
                "TargetImage": "C:\\Windows\\system32\\lsass.exe",
                "GrantedAccess": "0x1000",
                "RuleName": "-",
                "TargetProcessGUID": "{dd01dab0-1021-6326-0e00-000000004000}",
                "TargetProcessId": "768",
                "CallTrace": "C:\\Windows\\SYSTEM32\\ntdll.dll+9d4c4|C:\\Windows\\System32\\KERNELBASE.dll+32ea6|c:\\windows\\system32\\lsm.dll+e3e8|c:\\windows\\system32\\lsm.dll+d85b|c:\\windows\\system32\\lsm.dll+1160e|C:\\Windows\\System32\\RPCRT4.dll+796e3|C:\\Windows\\System32\\RPCRT4.dll+dd77b|C:\\Windows\\System32\\RPCRT4.dll+5d11c|C:\\Windows\\System32\\RPCRT4.dll+5a278|C:\\Windows\\System32\\RPCRT4.dll+3a416|C:\\Windows\\System32\\RPCRT4.dll+39d68|C:\\Windows\\System32\\RPCRT4.dll+4887f|C:\\Windows\\System32\\RPCRT4.dll+47c88|C:\\Windows\\System32\\RPCRT4.dll+47271|C:\\Windows\\System32\\RPCRT4.dll+46cde|C:\\Windows\\System32\\RPCRT4.dll+4b3b2|C:\\Windows\\SYSTEM32\\ntdll.dll+20330|C:\\Windows\\SYSTEM32\\ntdll.dll+52f76|C:\\Windows\\System32\\KERNEL32.DLL+17034|C:\\Windows\\SYSTEM32\\ntdll.dll+526a1",
                "SourceUser": "NT AUTHORITY\\SYSTEM",
                "SourceImage": "C:\\Windows\\system32\\svchost.exe",
                "TargetUser": "NT AUTHORITY\\SYSTEM",
                "UtcTime": "2022-10-01 17:06:13.008",
                "SourceProcessId": "1312"
            },
            "task": "Process accessed (rule: ProcessAccess)",
            "provider_name": "Microsoft-Windows-Sysmon",
            "computer_name": "Elmo",
            "provider_guid": "{5770385f-c22a-43e0-bf4c-06f5698ffbd9}"
        }
    },
    "2": {
        "@timestamp": "2022-10-01T17:06:13.022Z",
        "host": {
            "name": "Elmo",
            "ip": [
                "fe80::a124:aaad:caaa:fa18",
                "169.254.250.24",
                "fe80::6190:cebb:c47a:6085",
                "169.254.96.133",
                "fe80::64c9:75f2:e438:b0d8",
                "172.18.80.1",
                "fe80::d190:aca4:5de:d03c",
                "172.27.96.1",
                "fe80::b4d7:de0d:3edb:1bc4",
                "192.168.56.1",
                "fe80::f4db:5a2e:ad57:1420",
                "169.254.20.32",
                "fe80::d555:f80:832f:7ce5",
                "169.254.124.229",
                "fe80::9810:b4f4:77ea:e9a6",
                "169.254.233.166",
                "fe80::28a0:2b41:f083:29b0",
                "192.168.1.102",
                "fe80::b1a0:c04c:13f6:7545",
                "172.29.64.1",
                "fe80::c5b2:4950:2d20:bb68",
                "172.28.176.1",
                "fe80::d003:415c:ba1e:166c",
                "172.25.64.1",
                "fe80::b8d9:d9dd:b164:c469",
                "169.254.196.105"
            ]
        },
        "winlog": {
            "computer_name": "Elmo",
            "task": "Process Create (rule: ProcessCreate)",
            "provider_name": "Microsoft-Windows-Sysmon",
            "provider_guid": "{5770385f-c22a-43e0-bf4c-06f5698ffbd9}",
            "event_data": {
                "LogonId": "0x3e4",
                "ParentCommandLine": "C:\\Windows\\system32\\svchost.exe -k netsvcs -p -s Schedule",
                "ParentUser": "NT AUTHORITY\\SYSTEM",
                "Product": "Microsoft\u00c2\u00ae Windows\u00c2\u00ae Operating System",
                "OriginalFileName": "taskhostw.exe",
                "CurrentDirectory": "C:\\Windows\\system32\\",
                "ParentImage": "C:\\Windows\\System32\\svchost.exe",
                "LogonGuid": "{dd01dab0-1022-6326-e403-000000000000}",
                "FileVersion": "10.0.19041.1865 (WinBuild.160101.0800)",
                "Hashes": "MD5=A00BF82660835224CD6606A248321C5D,SHA256=E63709209D09BC0247E785F075DDB28A98C348206109E2B8BA321AD958402728",
                "ParentProcessGuid": "{dd01dab0-1024-6326-2600-000000004000}",
                "Image": "C:\\Windows\\System32\\taskhostw.exe",
                "CommandLine": "taskhostw.exe timer",
                "User": "NT AUTHORITY\\NETWORK SERVICE",
                "UtcTime": "2022-10-01 17:06:13.015",
                "TerminalSessionId": "0",
                "ParentProcessId": "1368",
                "ProcessId": "8700",
                "Description": "Host Process for Windows Tasks",
                "IntegrityLevel": "System",
                "ProcessGuid": "{dd01dab0-7385-6338-212d-010000004000}",
                "Company": "Microsoft Corporation",
                "RuleName": "-"
            }
        }
    },
    "3": {
        "@timestamp": "2022-10-01T17:06:13.084Z",
        "winlog": {
            "provider_guid": "{5770385f-c22a-43e0-bf4c-06f5698ffbd9}",
            "computer_name": "Elmo",
            "event_data": {
                "SourceProcessGUID": "{dd01dab0-1022-6326-1300-000000004000}",
                "SourceProcessId": "1312",
                "SourceThreadId": "17716",
                "SourceImage": "C:\\Windows\\system32\\svchost.exe",
                "GrantedAccess": "0x1000",
                "TargetProcessId": "768",
                "CallTrace": "C:\\Windows\\SYSTEM32\\ntdll.dll+9d4c4|C:\\Windows\\System32\\KERNELBASE.dll+32ea6|c:\\windows\\system32\\lsm.dll+e3e8|c:\\windows\\system32\\lsm.dll+11508|C:\\Windows\\System32\\RPCRT4.dll+796e3|C:\\Windows\\System32\\RPCRT4.dll+dd77b|C:\\Windows\\System32\\RPCRT4.dll+5d11c|C:\\Windows\\System32\\RPCRT4.dll+5a278|C:\\Windows\\System32\\RPCRT4.dll+3a416|C:\\Windows\\System32\\RPCRT4.dll+39d68|C:\\Windows\\System32\\RPCRT4.dll+4887f|C:\\Windows\\System32\\RPCRT4.dll+47c88|C:\\Windows\\System32\\RPCRT4.dll+47271|C:\\Windows\\System32\\RPCRT4.dll+46cde|C:\\Windows\\System32\\RPCRT4.dll+4b3b2|C:\\Windows\\SYSTEM32\\ntdll.dll+20330|C:\\Windows\\SYSTEM32\\ntdll.dll+52f76|C:\\Windows\\System32\\KERNEL32.DLL+17034|C:\\Windows\\SYSTEM32\\ntdll.dll+526a1",
                "UtcTime": "2022-10-01 17:06:13.084",
                "TargetProcessGUID": "{dd01dab0-1021-6326-0e00-000000004000}",
                "TargetImage": "C:\\Windows\\system32\\lsass.exe",
                "SourceUser": "NT AUTHORITY\\SYSTEM",
                "RuleName": "-",
                "TargetUser": "NT AUTHORITY\\SYSTEM"
            },
            "provider_name": "Microsoft-Windows-Sysmon",
            "task": "Process accessed (rule: ProcessAccess)"
        },
        "host": {
            "ip": [
                "fe80::a124:aaad:caaa:fa18",
                "169.254.250.24",
                "fe80::6190:cebb:c47a:6085",
                "169.254.96.133",
                "fe80::64c9:75f2:e438:b0d8",
                "172.18.80.1",
                "fe80::d190:aca4:5de:d03c",
                "172.27.96.1",
                "fe80::b4d7:de0d:3edb:1bc4",
                "192.168.56.1",
                "fe80::f4db:5a2e:ad57:1420",
                "169.254.20.32",
                "fe80::d555:f80:832f:7ce5",
                "169.254.124.229",
                "fe80::9810:b4f4:77ea:e9a6",
                "169.254.233.166",
                "fe80::28a0:2b41:f083:29b0",
                "192.168.1.102",
                "fe80::b1a0:c04c:13f6:7545",
                "172.29.64.1",
                "fe80::c5b2:4950:2d20:bb68",
                "172.28.176.1",
                "fe80::d003:415c:ba1e:166c",
                "172.25.64.1",
                "fe80::b8d9:d9dd:b164:c469",
                "169.254.196.105"
            ],
            "name": "Elmo"
        }
    },
    "4": {
        "@timestamp": "2022-10-01T17:06:13.084Z",
        "winlog": {
            "provider_guid": "{5770385f-c22a-43e0-bf4c-06f5698ffbd9}",
            "task": "Process accessed (rule: ProcessAccess)",
            "provider_name": "Microsoft-Windows-Sysmon",
            "event_data": {
                "SourceProcessId": "1312",
                "TargetProcessGUID": "{dd01dab0-1021-6326-0e00-000000004000}",
                "TargetProcessId": "768",
                "CallTrace": "C:\\Windows\\SYSTEM32\\ntdll.dll+9d4c4|C:\\Windows\\System32\\KERNELBASE.dll+32ea6|c:\\windows\\system32\\lsm.dll+e3e8|c:\\windows\\system32\\lsm.dll+d85b|c:\\windows\\system32\\lsm.dll+1160e|C:\\Windows\\System32\\RPCRT4.dll+796e3|C:\\Windows\\System32\\RPCRT4.dll+dd77b|C:\\Windows\\System32\\RPCRT4.dll+5d11c|C:\\Windows\\System32\\RPCRT4.dll+5a278|C:\\Windows\\System32\\RPCRT4.dll+3a416|C:\\Windows\\System32\\RPCRT4.dll+39d68|C:\\Windows\\System32\\RPCRT4.dll+4887f|C:\\Windows\\System32\\RPCRT4.dll+47c88|C:\\Windows\\System32\\RPCRT4.dll+47271|C:\\Windows\\System32\\RPCRT4.dll+46cde|C:\\Windows\\System32\\RPCRT4.dll+4b3b2|C:\\Windows\\SYSTEM32\\ntdll.dll+20330|C:\\Windows\\SYSTEM32\\ntdll.dll+52f76|C:\\Windows\\System32\\KERNEL32.DLL+17034|C:\\Windows\\SYSTEM32\\ntdll.dll+526a1",
                "SourceProcessGUID": "{dd01dab0-1022-6326-1300-000000004000}",
                "SourceThreadId": "17716",
                "SourceImage": "C:\\Windows\\system32\\svchost.exe",
                "TargetImage": "C:\\Windows\\system32\\lsass.exe",
                "GrantedAccess": "0x1000",
                "TargetUser": "NT AUTHORITY\\SYSTEM",
                "SourceUser": "NT AUTHORITY\\SYSTEM",
                "UtcTime": "2022-10-01 17:06:13.084",
                "RuleName": "-"
            },
            "computer_name": "Elmo"
        },
        "host": {
            "name": "Elmo",
            "ip": [
                "fe80::a124:aaad:caaa:fa18",
                "169.254.250.24",
                "fe80::6190:cebb:c47a:6085",
                "169.254.96.133",
                "fe80::64c9:75f2:e438:b0d8",
                "172.18.80.1",
                "fe80::d190:aca4:5de:d03c",
                "172.27.96.1",
                "fe80::b4d7:de0d:3edb:1bc4",
                "192.168.56.1",
                "fe80::f4db:5a2e:ad57:1420",
                "169.254.20.32",
                "fe80::d555:f80:832f:7ce5",
                "169.254.124.229",
                "fe80::9810:b4f4:77ea:e9a6",
                "169.254.233.166",
                "fe80::28a0:2b41:f083:29b0",
                "192.168.1.102",
                "fe80::b1a0:c04c:13f6:7545",
                "172.29.64.1",
                "fe80::c5b2:4950:2d20:bb68",
                "172.28.176.1",
                "fe80::d003:415c:ba1e:166c",
                "172.25.64.1",
                "fe80::b8d9:d9dd:b164:c469",
                "169.254.196.105"
            ]
        }
    },
    "5": {
        "@timestamp": "2022-10-01T17:06:13.088Z",
        "winlog": {
            "computer_name": "Elmo",
            "provider_guid": "{5770385f-c22a-43e0-bf4c-06f5698ffbd9}",
            "event_data": {
                "User": "NT AUTHORITY\\NETWORK SERVICE",
                "ParentProcessGuid": "{00000000-0000-0000-0000-000000000000}",
                "ParentCommandLine": "-",
                "LogonGuid": "{dd01dab0-1022-6326-e403-000000000000}",
                "UtcTime": "2022-10-01 17:06:13.086",
                "LogonId": "0x3e4",
                "OriginalFileName": "sppsvc.exe",
                "ParentUser": "-",
                "TerminalSessionId": "0",
                "IntegrityLevel": "System",
                "ParentImage": "-",
                "Hashes": "MD5=320823F03672CEB82CC3A169989ABD12,SHA256=060176553354FEF79D3DAFD97BE2EB4EA9D50FEF09FA291D4A9C609DA8034451",
                "RuleName": "-",
                "Product": "Microsoft\u00c2\u00ae Windows\u00c2\u00ae Operating System",
                "Company": "Microsoft Corporation",
                "CurrentDirectory": "C:\\Windows",
                "FileVersion": "10.0.19041.2006 (WinBuild.160101.0800)",
                "Image": "C:\\Windows\\System32\\sppsvc.exe",
                "Description": "Microsoft Software Protection Platform Service",
                "CommandLine": "C:\\Windows\\system32\\sppsvc.exe",
                "ParentProcessId": "92",
                "ProcessId": "8684",
                "ProcessGuid": "{dd01dab0-7385-6338-222d-010000004000}"
            },
            "provider_name": "Microsoft-Windows-Sysmon",
            "task": "Process Create (rule: ProcessCreate)"
        },
        "host": {
            "ip": [
                "fe80::a124:aaad:caaa:fa18",
                "169.254.250.24",
                "fe80::6190:cebb:c47a:6085",
                "169.254.96.133",
                "fe80::64c9:75f2:e438:b0d8",
                "172.18.80.1",
                "fe80::d190:aca4:5de:d03c",
                "172.27.96.1",
                "fe80::b4d7:de0d:3edb:1bc4",
                "192.168.56.1",
                "fe80::f4db:5a2e:ad57:1420",
                "169.254.20.32",
                "fe80::d555:f80:832f:7ce5",
                "169.254.124.229",
                "fe80::9810:b4f4:77ea:e9a6",
                "169.254.233.166",
                "fe80::28a0:2b41:f083:29b0",
                "192.168.1.102",
                "fe80::b1a0:c04c:13f6:7545",
                "172.29.64.1",
                "fe80::c5b2:4950:2d20:bb68",
                "172.28.176.1",
                "fe80::d003:415c:ba1e:166c",
                "172.25.64.1",
                "fe80::b8d9:d9dd:b164:c469",
                "169.254.196.105"
            ],
            "name": "Elmo"
        }
    },
    "6": {
        "@timestamp": "2022-10-01T17:06:16.538Z",
        "host": {
            "name": "Elmo",
            "ip": [
                "fe80::a124:aaad:caaa:fa18",
                "169.254.250.24",
                "fe80::6190:cebb:c47a:6085",
                "169.254.96.133",
                "fe80::64c9:75f2:e438:b0d8",
                "172.18.80.1",
                "fe80::d190:aca4:5de:d03c",
                "172.27.96.1",
                "fe80::b4d7:de0d:3edb:1bc4",
                "192.168.56.1",
                "fe80::f4db:5a2e:ad57:1420",
                "169.254.20.32",
                "fe80::d555:f80:832f:7ce5",
                "169.254.124.229",
                "fe80::9810:b4f4:77ea:e9a6",
                "169.254.233.166",
                "fe80::28a0:2b41:f083:29b0",
                "192.168.1.102",
                "fe80::b1a0:c04c:13f6:7545",
                "172.29.64.1",
                "fe80::c5b2:4950:2d20:bb68",
                "172.28.176.1",
                "fe80::d003:415c:ba1e:166c",
                "172.25.64.1",
                "fe80::b8d9:d9dd:b164:c469",
                "169.254.196.105"
            ]
        },
        "winlog": {
            "provider_name": "Microsoft-Windows-Sysmon",
            "computer_name": "Elmo",
            "event_data": {
                "ParentImage": "C:\\Windows\\System32\\svchost.exe",
                "ParentUser": "NT AUTHORITY\\SYSTEM",
                "UtcTime": "2022-10-01 17:06:16.485",
                "RuleName": "-",
                "Hashes": "MD5=40F9FB27E09B4811A1224DCF19AF3C5A,SHA256=1C2276191439A99702475EDBB3F017BD8937193134E5A9B9FEAC7B9B57CB2736",
                "Company": "Microsoft Corporation",
                "CurrentDirectory": "C:\\Windows\\system32\\",
                "LogonGuid": "{dd01dab0-1022-6326-e403-000000000000}",
                "OriginalFileName": "SppExtComObj.exe",
                "Image": "C:\\Windows\\System32\\SppExtComObj.Exe",
                "Product": "Microsoft\u00c2\u00ae Windows\u00c2\u00ae Operating System",
                "ParentProcessId": "1144",
                "ProcessId": "21260",
                "LogonId": "0x3e4",
                "ProcessGuid": "{dd01dab0-7388-6338-232d-010000004000}",
                "ParentProcessGuid": "{dd01dab0-1022-6326-0f00-000000004000}",
                "Description": "KMS Connection Broker",
                "User": "NT AUTHORITY\\NETWORK SERVICE",
                "TerminalSessionId": "0",
                "CommandLine": "C:\\Windows\\system32\\SppExtComObj.exe -Embedding",
                "ParentCommandLine": "C:\\Windows\\system32\\svchost.exe -k DcomLaunch -p",
                "FileVersion": "10.0.19041.1806 (WinBuild.160101.0800)",
                "IntegrityLevel": "System"
            },
            "provider_guid": "{5770385f-c22a-43e0-bf4c-06f5698ffbd9}",
            "task": "Process Create (rule: ProcessCreate)"
        }
    },
    "7": {
        "@timestamp": "2022-10-01T17:06:16.646Z",
        "host": {
            "name": "Elmo",
            "ip": [
                "fe80::a124:aaad:caaa:fa18",
                "169.254.250.24",
                "fe80::6190:cebb:c47a:6085",
                "169.254.96.133",
                "fe80::64c9:75f2:e438:b0d8",
                "172.18.80.1",
                "fe80::d190:aca4:5de:d03c",
                "172.27.96.1",
                "fe80::b4d7:de0d:3edb:1bc4",
                "192.168.56.1",
                "fe80::f4db:5a2e:ad57:1420",
                "169.254.20.32",
                "fe80::d555:f80:832f:7ce5",
                "169.254.124.229",
                "fe80::9810:b4f4:77ea:e9a6",
                "169.254.233.166",
                "fe80::28a0:2b41:f083:29b0",
                "192.168.1.102",
                "fe80::b1a0:c04c:13f6:7545",
                "172.29.64.1",
                "fe80::c5b2:4950:2d20:bb68",
                "172.28.176.1",
                "fe80::d003:415c:ba1e:166c",
                "172.25.64.1",
                "fe80::b8d9:d9dd:b164:c469",
                "169.254.196.105"
            ]
        },
        "winlog": {
            "provider_guid": "{5770385f-c22a-43e0-bf4c-06f5698ffbd9}",
            "computer_name": "Elmo",
            "event_data": {
                "ParentImage": "C:\\Windows\\System32\\SppExtComObj.Exe",
                "Hashes": "MD5=F82F4AAE1215418D43B0F9274CB19EA3,SHA256=BAE28691EE1DF6693795C679A8D097EDF39ACE2758DAE4A80D00FBB79CC0BB77",
                "ParentProcessId": "21260",
                "CommandLine": "\"C:\\Windows\\System32\\SLUI.exe\" RuleId=502ff3ba-669a-4674-bbb1-601f34a3b968;Action=AutoActivateSilent;AppId=55c92734-d682-4d71-983e-d6ec3f16059f;SkuId=2de67392-b7a7-462a-b1ca-108dd189f588;NotificationInterval=1440;Trigger=TimerEvent",
                "RuleName": "-",
                "Image": "C:\\Windows\\System32\\slui.exe",
                "Company": "Microsoft Corporation",
                "Product": "Microsoft\u00c2\u00ae Windows\u00c2\u00ae Operating System",
                "ProcessId": "5352",
                "User": "NT AUTHORITY\\NETWORK SERVICE",
                "LogonId": "0x3e4",
                "UtcTime": "2022-10-01 17:06:16.619",
                "Description": "Windows Activation Client",
                "ProcessGuid": "{dd01dab0-7388-6338-242d-010000004000}",
                "ParentUser": "NT AUTHORITY\\NETWORK SERVICE",
                "ParentCommandLine": "C:\\Windows\\system32\\SppExtComObj.exe -Embedding",
                "CurrentDirectory": "C:\\Windows\\system32\\",
                "OriginalFileName": "slui.exe",
                "FileVersion": "10.0.19041.1865 (WinBuild.160101.0800)",
                "LogonGuid": "{dd01dab0-1022-6326-e403-000000000000}",
                "IntegrityLevel": "System",
                "TerminalSessionId": "0",
                "ParentProcessGuid": "{dd01dab0-7388-6338-232d-010000004000}"
            },
            "provider_name": "Microsoft-Windows-Sysmon",
            "task": "Process Create (rule: ProcessCreate)"
        }
    },
    "8": {
        "@timestamp": "2022-10-01T17:06:26.222Z",
        "winlog": {
            "provider_guid": "{5770385f-c22a-43e0-bf4c-06f5698ffbd9}",
            "provider_name": "Microsoft-Windows-Sysmon",
            "task": "Process Create (rule: ProcessCreate)",
            "event_data": {
                "CommandLine": "\"C:\\Program Files\\JetBrains\\PyCharm 2021.3\\bin\\runnerw.exe\" \"C:\\Program Files\\Git\\cmd\\git.exe\" -c credential.helper= -c core.quotepath=false -c log.showSignature=false status --porcelain -z --no-renames --untracked-files=all --ignored=matching -- server/downloads/Sysmon/sysmon-logs-2.json server/downloads/Sysmon/sysmon-logs-4.json server/downloads/Sysmon/sysmon-logs-3.json server/downloads/Sysmon/sysmon-logs-1.json server/downloads/Sysmon/sysmon-logs-0.json",
                "User": "ELMO\\mrdor",
                "RuleName": "-",
                "Description": "Command line runner",
                "Product": "IntelliJ Platform",
                "Company": "JetBrains s.r.o.",
                "ProcessGuid": "{dd01dab0-7392-6338-252d-010000004000}",
                "Image": "C:\\Program Files\\JetBrains\\PyCharm 2021.3\\bin\\runnerw.exe",
                "IntegrityLevel": "High",
                "ParentImage": "C:\\Program Files\\JetBrains\\PyCharm 2021.3\\bin\\pycharm64.exe",
                "UtcTime": "2022-10-01 17:06:26.219",
                "LogonGuid": "{dd01dab0-9c1c-6335-501d-c42000000000}",
                "ParentProcessGuid": "{dd01dab0-5d45-6338-f024-010000004000}",
                "FileVersion": "1.0.0.1",
                "CurrentDirectory": "C:\\Users\\mrdor\\PycharmProjects\\Hunterbee\\",
                "OriginalFileName": "runnerw.exe",
                "ParentCommandLine": "\"C:\\Program Files\\JetBrains\\PyCharm 2021.3\\bin\\pycharm64.exe\" ",
                "ParentProcessId": "5728",
                "ParentUser": "ELMO\\mrdor",
                "TerminalSessionId": "4",
                "Hashes": "MD5=23E6EC0009C0C7081DB498A691B89E87,SHA256=4B763DE958DD9B0C8F9390EC8D033AD848D3BD432AA031BAA8911B1AD8914E13",
                "ProcessId": "10692",
                "LogonId": "0x20c41d50"
            },
            "computer_name": "Elmo"
        },
        "host": {
            "name": "Elmo",
            "ip": [
                "fe80::a124:aaad:caaa:fa18",
                "169.254.250.24",
                "fe80::6190:cebb:c47a:6085",
                "169.254.96.133",
                "fe80::64c9:75f2:e438:b0d8",
                "172.18.80.1",
                "fe80::d190:aca4:5de:d03c",
                "172.27.96.1",
                "fe80::b4d7:de0d:3edb:1bc4",
                "192.168.56.1",
                "fe80::f4db:5a2e:ad57:1420",
                "169.254.20.32",
                "fe80::d555:f80:832f:7ce5",
                "169.254.124.229",
                "fe80::9810:b4f4:77ea:e9a6",
                "169.254.233.166",
                "fe80::28a0:2b41:f083:29b0",
                "192.168.1.102",
                "fe80::b1a0:c04c:13f6:7545",
                "172.29.64.1",
                "fe80::c5b2:4950:2d20:bb68",
                "172.28.176.1",
                "fe80::d003:415c:ba1e:166c",
                "172.25.64.1",
                "fe80::b8d9:d9dd:b164:c469",
                "169.254.196.105"
            ]
        }
    },
    "9": {
        "@timestamp": "2022-10-01T17:06:26.227Z",
        "winlog": {
            "event_data": {
                "LogonGuid": "{dd01dab0-9c1c-6335-501d-c42000000000}",
                "LogonId": "0x20c41d50",
                "ParentImage": "C:\\Program Files\\JetBrains\\PyCharm 2021.3\\bin\\runnerw.exe",
                "Description": "Console Window Host",
                "Product": "Microsoft\u00c2\u00ae Windows\u00c2\u00ae Operating System",
                "ParentProcessGuid": "{dd01dab0-7392-6338-252d-010000004000}",
                "FileVersion": "10.0.19041.1566 (WinBuild.160101.0800)",
                "CurrentDirectory": "C:\\Windows",
                "UtcTime": "2022-10-01 17:06:26.225",
                "ProcessId": "18664",
                "CommandLine": "\\??\\C:\\Windows\\system32\\conhost.exe 0xffffffff -ForceV1",
                "User": "ELMO\\mrdor",
                "ParentUser": "ELMO\\mrdor",
                "RuleName": "-",
                "Image": "C:\\Windows\\System32\\conhost.exe",
                "TerminalSessionId": "4",
                "Company": "Microsoft Corporation",
                "OriginalFileName": "CONHOST.EXE",
                "ProcessGuid": "{dd01dab0-7392-6338-262d-010000004000}",
                "IntegrityLevel": "High",
                "Hashes": "MD5=0D698AF330FD17BEE3BF90011D49251D,SHA256=3C1C6D813D2B031D988204155FC198FE4F32FF56C05DABBCFCD5486131F4FB9D",
                "ParentProcessId": "10692",
                "ParentCommandLine": "\"C:\\Program Files\\JetBrains\\PyCharm 2021.3\\bin\\runnerw.exe\" \"C:\\Program Files\\Git\\cmd\\git.exe\" -c credential.helper= -c core.quotepath=false -c log.showSignature=false status --porcelain -z --no-renames --untracked-files=all --ignored=matching -- server/downloads/Sysmon/sysmon-logs-2.json server/downloads/Sysmon/sysmon-logs-4.json server/downloads/Sysmon/sysmon-logs-3.json server/downloads/Sysmon/sysmon-logs-1.json server/downloads/Sysmon/sysmon-logs-0.json"
            },
            "provider_guid": "{5770385f-c22a-43e0-bf4c-06f5698ffbd9}",
            "task": "Process Create (rule: ProcessCreate)",
            "provider_name": "Microsoft-Windows-Sysmon",
            "computer_name": "Elmo"
        },
        "host": {
            "name": "Elmo",
            "ip": [
                "fe80::a124:aaad:caaa:fa18",
                "169.254.250.24",
                "fe80::6190:cebb:c47a:6085",
                "169.254.96.133",
                "fe80::64c9:75f2:e438:b0d8",
                "172.18.80.1",
                "fe80::d190:aca4:5de:d03c",
                "172.27.96.1",
                "fe80::b4d7:de0d:3edb:1bc4",
                "192.168.56.1",
                "fe80::f4db:5a2e:ad57:1420",
                "169.254.20.32",
                "fe80::d555:f80:832f:7ce5",
                "169.254.124.229",
                "fe80::9810:b4f4:77ea:e9a6",
                "169.254.233.166",
                "fe80::28a0:2b41:f083:29b0",
                "192.168.1.102",
                "fe80::b1a0:c04c:13f6:7545",
                "172.29.64.1",
                "fe80::c5b2:4950:2d20:bb68",
                "172.28.176.1",
                "fe80::d003:415c:ba1e:166c",
                "172.25.64.1",
                "fe80::b8d9:d9dd:b164:c469",
                "169.254.196.105"
            ]
        }
    },
    "10": {
        "@timestamp": "2022-10-01T17:06:26.350Z",
        "winlog": {
            "provider_guid": "{5770385f-c22a-43e0-bf4c-06f5698ffbd9}",
            "task": "Process Create (rule: ProcessCreate)",
            "event_data": {
                "ParentProcessGuid": "{dd01dab0-5d45-6338-f024-010000004000}",
                "UtcTime": "2022-10-01 17:06:26.346",
                "TerminalSessionId": "4",
                "Company": "JetBrains s.r.o.",
                "CurrentDirectory": "C:\\Users\\mrdor\\PycharmProjects\\Hunterbee\\",
                "FileVersion": "1.0.0.1",
                "CommandLine": "\"C:\\Program Files\\JetBrains\\PyCharm 2021.3\\bin\\runnerw.exe\" \"C:\\Program Files\\Git\\cmd\\git.exe\" -c credential.helper= -c core.quotepath=false -c log.showSignature=false status --porcelain -z --untracked-files=no --ignored=no -- client/sysmon/logs.py client/sysmon/sample_configs/sysmonconfig-export.xml client/sysmon/sysmon_configs/sysmonconfig-export.xml client/sysmon/winlogbeat/bat_files/check.bat client/sysmon/winlogbeat/bat_files/install.bat client/sysmon/winlogbeat/bat_files/start.bat client/sysmon/winlogbeat/bat_files/stop.bat client/sysmon/winlogbeat/winlogbeat_interface.py client/tempfiles/Logs/Sysmon/sysmon-logs-0.json client/tempfiles/Logs/Sysmon/sysmon-logs-1.json client/tempfiles/Logs/Sysmon/sysmon-logs-2.json client/tempfiles/Logs/Sysmon/sysmon-logs-3.json client/tempfiles/Logs/Sysmon/sysmon-logs-4.json client/tempfiles/Logs/Sysmon/sysmon-logs-6.json client/tempfiles/Logs/Sysmon/winlogbeat-20221001-6.ndjson client/tempfiles/Logs/Sysmon/winlogbeat-20221001-7.ndjson client/tempfiles/Logs/Sysmon/winlogbeat-20221001-8.ndjson client/winlogbeat/bat_files/check.bat client/winlogbeat/bat_files/install.bat client/winlogbeat/bat_files/start.bat client/winlogbeat/bat_files/stop.bat client/winlogbeat/winlogbeat_interface.py server/downloads/Sysmon/sysmon-logs-0.json server/downloads/Sysmon/sysmon-logs-1.json server/downloads/Sysmon/sysmon-logs-2.json server/downloads/Sysmon/sysmon-logs-3.json server/downloads/Sysmon/sysmon-logs-4.json",
                "ParentUser": "ELMO\\mrdor",
                "OriginalFileName": "runnerw.exe",
                "User": "ELMO\\mrdor",
                "Hashes": "MD5=23E6EC0009C0C7081DB498A691B89E87,SHA256=4B763DE958DD9B0C8F9390EC8D033AD848D3BD432AA031BAA8911B1AD8914E13",
                "ParentProcessId": "5728",
                "RuleName": "-",
                "IntegrityLevel": "High",
                "ParentCommandLine": "\"C:\\Program Files\\JetBrains\\PyCharm 2021.3\\bin\\pycharm64.exe\" ",
                "Product": "IntelliJ Platform",
                "Image": "C:\\Program Files\\JetBrains\\PyCharm 2021.3\\bin\\runnerw.exe",
                "LogonId": "0x20c41d50",
                "Description": "Command line runner",
                "LogonGuid": "{dd01dab0-9c1c-6335-501d-c42000000000}",
                "ProcessGuid": "{dd01dab0-7392-6338-292d-010000004000}",
                "ProcessId": "20076",
                "ParentImage": "C:\\Program Files\\JetBrains\\PyCharm 2021.3\\bin\\pycharm64.exe"
            },
            "provider_name": "Microsoft-Windows-Sysmon",
            "computer_name": "Elmo"
        },
        "host": {
            "name": "Elmo",
            "ip": [
                "fe80::a124:aaad:caaa:fa18",
                "169.254.250.24",
                "fe80::6190:cebb:c47a:6085",
                "169.254.96.133",
                "fe80::64c9:75f2:e438:b0d8",
                "172.18.80.1",
                "fe80::d190:aca4:5de:d03c",
                "172.27.96.1",
                "fe80::b4d7:de0d:3edb:1bc4",
                "192.168.56.1",
                "fe80::f4db:5a2e:ad57:1420",
                "169.254.20.32",
                "fe80::d555:f80:832f:7ce5",
                "169.254.124.229",
                "fe80::9810:b4f4:77ea:e9a6",
                "169.254.233.166",
                "fe80::28a0:2b41:f083:29b0",
                "192.168.1.102",
                "fe80::b1a0:c04c:13f6:7545",
                "172.29.64.1",
                "fe80::c5b2:4950:2d20:bb68",
                "172.28.176.1",
                "fe80::d003:415c:ba1e:166c",
                "172.25.64.1",
                "fe80::b8d9:d9dd:b164:c469",
                "169.254.196.105"
            ]
        }
    },
    "11": {
        "@timestamp": "2022-10-01T17:06:26.362Z",
        "host": {
            "ip": [
                "fe80::a124:aaad:caaa:fa18",
                "169.254.250.24",
                "fe80::6190:cebb:c47a:6085",
                "169.254.96.133",
                "fe80::64c9:75f2:e438:b0d8",
                "172.18.80.1",
                "fe80::d190:aca4:5de:d03c",
                "172.27.96.1",
                "fe80::b4d7:de0d:3edb:1bc4",
                "192.168.56.1",
                "fe80::f4db:5a2e:ad57:1420",
                "169.254.20.32",
                "fe80::d555:f80:832f:7ce5",
                "169.254.124.229",
                "fe80::9810:b4f4:77ea:e9a6",
                "169.254.233.166",
                "fe80::28a0:2b41:f083:29b0",
                "192.168.1.102",
                "fe80::b1a0:c04c:13f6:7545",
                "172.29.64.1",
                "fe80::c5b2:4950:2d20:bb68",
                "172.28.176.1",
                "fe80::d003:415c:ba1e:166c",
                "172.25.64.1",
                "fe80::b8d9:d9dd:b164:c469",
                "169.254.196.105"
            ],
            "name": "Elmo"
        },
        "winlog": {
            "provider_guid": "{5770385f-c22a-43e0-bf4c-06f5698ffbd9}",
            "provider_name": "Microsoft-Windows-Sysmon",
            "computer_name": "Elmo",
            "event_data": {
                "Company": "Microsoft Corporation",
                "TerminalSessionId": "4",
                "ParentUser": "ELMO\\mrdor",
                "User": "ELMO\\mrdor",
                "RuleName": "-",
                "Image": "C:\\Windows\\System32\\conhost.exe",
                "Product": "Microsoft\u00c2\u00ae Windows\u00c2\u00ae Operating System",
                "ProcessId": "7172",
                "OriginalFileName": "CONHOST.EXE",
                "IntegrityLevel": "High",
                "CurrentDirectory": "C:\\Windows",
                "Description": "Console Window Host",
                "LogonGuid": "{dd01dab0-9c1c-6335-501d-c42000000000}",
                "Hashes": "MD5=0D698AF330FD17BEE3BF90011D49251D,SHA256=3C1C6D813D2B031D988204155FC198FE4F32FF56C05DABBCFCD5486131F4FB9D",
                "ParentProcessId": "20076",
                "FileVersion": "10.0.19041.1566 (WinBuild.160101.0800)",
                "ParentProcessGuid": "{dd01dab0-7392-6338-292d-010000004000}",
                "UtcTime": "2022-10-01 17:06:26.352",
                "CommandLine": "\\??\\C:\\Windows\\system32\\conhost.exe 0xffffffff -ForceV1",
                "ProcessGuid": "{dd01dab0-7392-6338-2a2d-010000004000}",
                "ParentImage": "C:\\Program Files\\JetBrains\\PyCharm 2021.3\\bin\\runnerw.exe",
                "ParentCommandLine": "\"C:\\Program Files\\JetBrains\\PyCharm 2021.3\\bin\\runnerw.exe\" \"C:\\Program Files\\Git\\cmd\\git.exe\" -c credential.helper= -c core.quotepath=false -c log.showSignature=false status --porcelain -z --untracked-files=no --ignored=no -- client/sysmon/logs.py client/sysmon/sample_configs/sysmonconfig-export.xml client/sysmon/sysmon_configs/sysmonconfig-export.xml client/sysmon/winlogbeat/bat_files/check.bat client/sysmon/winlogbeat/bat_files/install.bat client/sysmon/winlogbeat/bat_files/start.bat client/sysmon/winlogbeat/bat_files/stop.bat client/sysmon/winlogbeat/winlogbeat_interface.py client/tempfiles/Logs/Sysmon/sysmon-logs-0.json client/tempfiles/Logs/Sysmon/sysmon-logs-1.json client/tempfiles/Logs/Sysmon/sysmon-logs-2.json client/tempfiles/Logs/Sysmon/sysmon-logs-3.json client/tempfiles/Logs/Sysmon/sysmon-logs-4.json client/tempfiles/Logs/Sysmon/sysmon-logs-6.json client/tempfiles/Logs/Sysmon/winlogbeat-20221001-6.ndjson client/tempfiles/Logs/Sysmon/winlogbeat-20221001-7.ndjson client/tempfiles/Logs/Sysmon/winlogbeat-20221001-8.ndjson client/winlogbeat/bat_files/check.bat client/winlogbeat/bat_files/install.bat client/winlogbeat/bat_files/start.bat client/winlogbeat/bat_files/stop.bat client/winlogbeat/winlogbeat_interface.py server/downloads/Sysmon/sysmon-logs-0.json server/downloads/Sysmon/sysmon-logs-1.json server/downloads/Sysmon/sysmon-logs-2.json server/downloads/Sysmon/sysmon-logs-3.json server/downloads/Sysmon/sysmon-logs-4.json",
                "LogonId": "0x20c41d50"
            },
            "task": "Process Create (rule: ProcessCreate)"
        }
    },
    "12": {
        "@timestamp": "2022-10-01T17:06:26.428Z",
        "host": {
            "name": "Elmo",
            "ip": [
                "fe80::a124:aaad:caaa:fa18",
                "169.254.250.24",
                "fe80::6190:cebb:c47a:6085",
                "169.254.96.133",
                "fe80::64c9:75f2:e438:b0d8",
                "172.18.80.1",
                "fe80::d190:aca4:5de:d03c",
                "172.27.96.1",
                "fe80::b4d7:de0d:3edb:1bc4",
                "192.168.56.1",
                "fe80::f4db:5a2e:ad57:1420",
                "169.254.20.32",
                "fe80::d555:f80:832f:7ce5",
                "169.254.124.229",
                "fe80::9810:b4f4:77ea:e9a6",
                "169.254.233.166",
                "fe80::28a0:2b41:f083:29b0",
                "192.168.1.102",
                "fe80::b1a0:c04c:13f6:7545",
                "172.29.64.1",
                "fe80::c5b2:4950:2d20:bb68",
                "172.28.176.1",
                "fe80::d003:415c:ba1e:166c",
                "172.25.64.1",
                "fe80::b8d9:d9dd:b164:c469",
                "169.254.196.105"
            ]
        },
        "winlog": {
            "event_data": {
                "ParentUser": "ELMO\\mrdor",
                "Hashes": "MD5=0D698AF330FD17BEE3BF90011D49251D,SHA256=3C1C6D813D2B031D988204155FC198FE4F32FF56C05DABBCFCD5486131F4FB9D",
                "LogonId": "0x20c41d50",
                "RuleName": "-",
                "User": "ELMO\\mrdor",
                "TerminalSessionId": "4",
                "ParentProcessId": "17012",
                "IntegrityLevel": "High",
                "Product": "Microsoft\u00c2\u00ae Windows\u00c2\u00ae Operating System",
                "ParentImage": "C:\\Users\\mrdor\\PycharmProjects\\Kashf\\venv\\Scripts\\python.exe",
                "ProcessId": "23336",
                "CurrentDirectory": "C:\\Windows",
                "ParentProcessGuid": "{dd01dab0-7392-6338-2d2d-010000004000}",
                "FileVersion": "10.0.19041.1566 (WinBuild.160101.0800)",
                "Company": "Microsoft Corporation",
                "ParentCommandLine": "C:\\Users\\mrdor\\PycharmProjects\\Kashf\\venv\\Scripts\\python.exe \"C:\\Program Files\\JetBrains\\PyCharm 2021.3\\plugins\\python\\helpers\\pycodestyle.py\" --max-line-length=120 -",
                "CommandLine": "\\??\\C:\\Windows\\system32\\conhost.exe 0xffffffff -ForceV1",
                "OriginalFileName": "CONHOST.EXE",
                "UtcTime": "2022-10-01 17:06:26.426",
                "ProcessGuid": "{dd01dab0-7392-6338-2e2d-010000004000}",
                "Image": "C:\\Windows\\System32\\conhost.exe",
                "Description": "Console Window Host",
                "LogonGuid": "{dd01dab0-9c1c-6335-501d-c42000000000}"
            },
            "task": "Process Create (rule: ProcessCreate)",
            "provider_guid": "{5770385f-c22a-43e0-bf4c-06f5698ffbd9}",
            "provider_name": "Microsoft-Windows-Sysmon",
            "computer_name": "Elmo"
        }
    },
    "13": {
        "@timestamp": "2022-10-01T17:06:26.695Z",
        "host": {
            "ip": [
                "fe80::a124:aaad:caaa:fa18",
                "169.254.250.24",
                "fe80::6190:cebb:c47a:6085",
                "169.254.96.133",
                "fe80::64c9:75f2:e438:b0d8",
                "172.18.80.1",
                "fe80::d190:aca4:5de:d03c",
                "172.27.96.1",
                "fe80::b4d7:de0d:3edb:1bc4",
                "192.168.56.1",
                "fe80::f4db:5a2e:ad57:1420",
                "169.254.20.32",
                "fe80::d555:f80:832f:7ce5",
                "169.254.124.229",
                "fe80::9810:b4f4:77ea:e9a6",
                "169.254.233.166",
                "fe80::28a0:2b41:f083:29b0",
                "192.168.1.102",
                "fe80::b1a0:c04c:13f6:7545",
                "172.29.64.1",
                "fe80::c5b2:4950:2d20:bb68",
                "172.28.176.1",
                "fe80::d003:415c:ba1e:166c",
                "172.25.64.1",
                "fe80::b8d9:d9dd:b164:c469",
                "169.254.196.105"
            ],
            "name": "Elmo"
        },
        "winlog": {
            "event_data": {
                "RuleName": "-",
                "CurrentDirectory": "C:\\Windows",
                "ProcessGuid": "{dd01dab0-7392-6338-312d-010000004000}",
                "TerminalSessionId": "4",
                "ProcessId": "10220",
                "ParentCommandLine": "C:\\Users\\mrdor\\PycharmProjects\\Hunterbee\\venv\\Scripts\\python.exe \"C:\\Program Files\\JetBrains\\PyCharm 2021.3\\plugins\\python\\helpers\\pycodestyle.py\" --max-line-length=120 -",
                "Image": "C:\\Windows\\System32\\conhost.exe",
                "LogonId": "0x20c41d50",
                "ParentProcessGuid": "{dd01dab0-7392-6338-302d-010000004000}",
                "ParentProcessId": "10892",
                "LogonGuid": "{dd01dab0-9c1c-6335-501d-c42000000000}",
                "Description": "Console Window Host",
                "ParentUser": "ELMO\\mrdor",
                "FileVersion": "10.0.19041.1566 (WinBuild.160101.0800)",
                "Company": "Microsoft Corporation",
                "UtcTime": "2022-10-01 17:06:26.692",
                "User": "ELMO\\mrdor",
                "ParentImage": "C:\\Users\\mrdor\\PycharmProjects\\Hunterbee\\venv\\Scripts\\python.exe",
                "IntegrityLevel": "High",
                "Product": "Microsoft\u00c2\u00ae Windows\u00c2\u00ae Operating System",
                "CommandLine": "\\??\\C:\\Windows\\system32\\conhost.exe 0xffffffff -ForceV1",
                "Hashes": "MD5=0D698AF330FD17BEE3BF90011D49251D,SHA256=3C1C6D813D2B031D988204155FC198FE4F32FF56C05DABBCFCD5486131F4FB9D",
                "OriginalFileName": "CONHOST.EXE"
            },
            "provider_guid": "{5770385f-c22a-43e0-bf4c-06f5698ffbd9}",
            "computer_name": "Elmo",
            "provider_name": "Microsoft-Windows-Sysmon",
            "task": "Process Create (rule: ProcessCreate)"
        }
    },
    "14": {
        "@timestamp": "2022-10-01T17:06:35.900Z",
        "host": {
            "name": "Elmo",
            "ip": [
                "fe80::a124:aaad:caaa:fa18",
                "169.254.250.24",
                "fe80::6190:cebb:c47a:6085",
                "169.254.96.133",
                "fe80::64c9:75f2:e438:b0d8",
                "172.18.80.1",
                "fe80::d190:aca4:5de:d03c",
                "172.27.96.1",
                "fe80::b4d7:de0d:3edb:1bc4",
                "192.168.56.1",
                "fe80::f4db:5a2e:ad57:1420",
                "169.254.20.32",
                "fe80::d555:f80:832f:7ce5",
                "169.254.124.229",
                "fe80::9810:b4f4:77ea:e9a6",
                "169.254.233.166",
                "fe80::28a0:2b41:f083:29b0",
                "192.168.1.102",
                "fe80::b1a0:c04c:13f6:7545",
                "172.29.64.1",
                "fe80::c5b2:4950:2d20:bb68",
                "172.28.176.1",
                "fe80::d003:415c:ba1e:166c",
                "172.25.64.1",
                "fe80::b8d9:d9dd:b164:c469",
                "169.254.196.105"
            ]
        },
        "winlog": {
            "task": "Process Create (rule: ProcessCreate)",
            "event_data": {
                "LogonId": "0x20c41d50",
                "Product": "-",
                "Hashes": "MD5=B37C5E935F3DA60B2940592241F826DA,SHA256=72057F18A99A02DFB21976BB733B0DB8442D869D02F18D1D478007DB22B5C388",
                "IntegrityLevel": "High",
                "ParentCommandLine": "\"C:\\Program Files\\JetBrains\\PyCharm 2021.3\\bin\\pycharm64.exe\" ",
                "FileVersion": "-",
                "Description": "-",
                "OriginalFileName": "-",
                "ParentImage": "C:\\Program Files\\JetBrains\\PyCharm 2021.3\\bin\\pycharm64.exe",
                "User": "ELMO\\mrdor",
                "Image": "C:\\Users\\mrdor\\AppData\\Local\\JetBrains\\PyCharm2021.3\\tmp\\sendctrlc.x64.B37C5E935F3DA60B2940592241F826DA.exe",
                "TerminalSessionId": "4",
                "UtcTime": "2022-10-01 17:06:35.897",
                "ProcessGuid": "{dd01dab0-739b-6338-332d-010000004000}",
                "ParentProcessGuid": "{dd01dab0-5d45-6338-f024-010000004000}",
                "LogonGuid": "{dd01dab0-9c1c-6335-501d-c42000000000}",
                "CurrentDirectory": "C:\\Program Files\\JetBrains\\PyCharm 2021.3\\jbr\\bin\\",
                "ParentUser": "ELMO\\mrdor",
                "RuleName": "-",
                "Company": "-",
                "CommandLine": "C:\\Users\\mrdor\\AppData\\Local\\JetBrains\\PyCharm2021.3\\tmp\\sendctrlc.x64.B37C5E935F3DA60B2940592241F826DA.exe 20752",
                "ParentProcessId": "5728",
                "ProcessId": "6336"
            },
            "provider_guid": "{5770385f-c22a-43e0-bf4c-06f5698ffbd9}",
            "provider_name": "Microsoft-Windows-Sysmon",
            "computer_name": "Elmo"
        }
    },
    "15": {
        "@timestamp": "2022-10-01T17:06:35.904Z",
        "host": {
            "ip": [
                "fe80::a124:aaad:caaa:fa18",
                "169.254.250.24",
                "fe80::6190:cebb:c47a:6085",
                "169.254.96.133",
                "fe80::64c9:75f2:e438:b0d8",
                "172.18.80.1",
                "fe80::d190:aca4:5de:d03c",
                "172.27.96.1",
                "fe80::b4d7:de0d:3edb:1bc4",
                "192.168.56.1",
                "fe80::f4db:5a2e:ad57:1420",
                "169.254.20.32",
                "fe80::d555:f80:832f:7ce5",
                "169.254.124.229",
                "fe80::9810:b4f4:77ea:e9a6",
                "169.254.233.166",
                "fe80::28a0:2b41:f083:29b0",
                "192.168.1.102",
                "fe80::b1a0:c04c:13f6:7545",
                "172.29.64.1",
                "fe80::c5b2:4950:2d20:bb68",
                "172.28.176.1",
                "fe80::d003:415c:ba1e:166c",
                "172.25.64.1",
                "fe80::b8d9:d9dd:b164:c469",
                "169.254.196.105"
            ],
            "name": "Elmo"
        },
        "winlog": {
            "event_data": {
                "Product": "Microsoft\u00c2\u00ae Windows\u00c2\u00ae Operating System",
                "FileVersion": "10.0.19041.1566 (WinBuild.160101.0800)",
