                "ProcessGuid": "{dd01dab0-7232-6338-052c-010000004000}",
                "Product": "Microsoft\u00c2\u00ae Windows\u00c2\u00ae Operating System",
                "User": "ELMO\\mrdor",
                "Image": "C:\\Windows\\System32\\WindowsPowerShell\\v1.0\\powershell.exe",
                "IntegrityLevel": "High",
                "Hashes": "MD5=04029E121A0CFA5991749937DD22A1D9,SHA256=9F914D42706FE215501044ACD85A32D58AAEF1419D404FDDFA5D3B48F66CCD9F",
                "ParentImage": "C:\\Windows\\System32\\cmd.exe",
                "LogonGuid": "{dd01dab0-9c1c-6335-501d-c42000000000}",
                "TerminalSessionId": "4",
                "FileVersion": "10.0.19041.546 (WinBuild.160101.0800)",
                "Company": "Microsoft Corporation",
                "Description": "Windows PowerShell",
                "ParentUser": "ELMO\\mrdor",
                "ProcessId": "7332",
                "CurrentDirectory": "C:\\Program Files (x86)\\ELK Stack\\winlogbeat\\",
                "ParentProcessId": "22688",
                "LogonId": "0x20c41d50",
                "ParentCommandLine": "C:\\Windows\\system32\\cmd.exe /c C:/Users/mrdor/PycharmProjects/Hunterbee/client/sysmon/winlogbeat/bat_files/start.bat \"C:/Program Files (x86)/ELK Stack/winlogbeat\"",
                "RuleName": "-",
                "OriginalFileName": "PowerShell.EXE",
                "UtcTime": "2022-10-01 17:00:34.992",
                "CommandLine": "powershell  -command \"Start-Service winlogbeat\""
            },
            "computer_name": "Elmo",
            "provider_name": "Microsoft-Windows-Sysmon"
        },
        "host": {
            "ip": [
                "fe80::a124:aaad:caaa:fa18",
                "169.254.250.24",
                "fe80::6190:cebb:c47a:6085",
                "169.254.96.133",
                "fe80::64c9:75f2:e438:b0d8",
                "172.18.80.1",
                "fe80::d190:aca4:5de:d03c",
                "172.27.96.1",
                "fe80::b4d7:de0d:3edb:1bc4",
                "192.168.56.1",
                "fe80::f4db:5a2e:ad57:1420",
                "169.254.20.32",
                "fe80::d555:f80:832f:7ce5",
                "169.254.124.229",
                "fe80::9810:b4f4:77ea:e9a6",
                "169.254.233.166",
                "fe80::28a0:2b41:f083:29b0",
                "192.168.1.102",
                "fe80::b1a0:c04c:13f6:7545",
                "172.29.64.1",
                "fe80::c5b2:4950:2d20:bb68",
                "172.28.176.1",
                "fe80::d003:415c:ba1e:166c",
                "172.25.64.1",
                "fe80::b8d9:d9dd:b164:c469",
                "169.254.196.105"
            ],
            "name": "Elmo"
        }
    },
    "16": {
        "@timestamp": "2022-10-01T17:00:35.123Z",
        "host": {
            "ip": [
                "fe80::a124:aaad:caaa:fa18",
                "169.254.250.24",
                "fe80::6190:cebb:c47a:6085",
                "169.254.96.133",
                "fe80::64c9:75f2:e438:b0d8",
                "172.18.80.1",
                "fe80::d190:aca4:5de:d03c",
                "172.27.96.1",
                "fe80::b4d7:de0d:3edb:1bc4",
                "192.168.56.1",
                "fe80::f4db:5a2e:ad57:1420",
                "169.254.20.32",
                "fe80::d555:f80:832f:7ce5",
                "169.254.124.229",
                "fe80::9810:b4f4:77ea:e9a6",
                "169.254.233.166",
                "fe80::28a0:2b41:f083:29b0",
                "192.168.1.102",
                "fe80::b1a0:c04c:13f6:7545",
                "172.29.64.1",
                "fe80::c5b2:4950:2d20:bb68",
                "172.28.176.1",
                "fe80::d003:415c:ba1e:166c",
                "172.25.64.1",
                "fe80::b8d9:d9dd:b164:c469",
                "169.254.196.105"
            ],
            "name": "Elmo"
        },
        "winlog": {
            "provider_name": "Microsoft-Windows-Sysmon",
            "task": "Process Create (rule: ProcessCreate)",
            "computer_name": "Elmo",
            "provider_guid": "{5770385f-c22a-43e0-bf4c-06f5698ffbd9}",
            "event_data": {
                "OriginalFileName": "CONHOST.EXE",
                "TerminalSessionId": "4",
                "ParentUser": "ELMO\\mrdor",
                "ProcessGuid": "{dd01dab0-7233-6338-072c-010000004000}",
                "Hashes": "MD5=0D698AF330FD17BEE3BF90011D49251D,SHA256=3C1C6D813D2B031D988204155FC198FE4F32FF56C05DABBCFCD5486131F4FB9D",
                "ProcessId": "18488",
                "ParentCommandLine": "C:\\Users\\mrdor\\PycharmProjects\\Hunterbee\\venv\\Scripts\\python.exe \"C:\\Program Files\\JetBrains\\PyCharm 2021.3\\plugins\\python\\helpers\\pycodestyle.py\" --max-line-length=120 -",
                "LogonId": "0x20c41d50",
                "UtcTime": "2022-10-01 17:00:35.121",
                "FileVersion": "10.0.19041.1566 (WinBuild.160101.0800)",
                "IntegrityLevel": "High",
                "ParentProcessGuid": "{dd01dab0-7233-6338-062c-010000004000}",
                "RuleName": "-",
                "Description": "Console Window Host",
                "CurrentDirectory": "C:\\Windows",
                "Image": "C:\\Windows\\System32\\conhost.exe",
                "ParentProcessId": "10952",
                "Company": "Microsoft Corporation",
                "ParentImage": "C:\\Users\\mrdor\\PycharmProjects\\Hunterbee\\venv\\Scripts\\python.exe",
                "Product": "Microsoft\u00c2\u00ae Windows\u00c2\u00ae Operating System",
                "LogonGuid": "{dd01dab0-9c1c-6335-501d-c42000000000}",
                "CommandLine": "\\??\\C:\\Windows\\system32\\conhost.exe 0xffffffff -ForceV1",
                "User": "ELMO\\mrdor"
            }
        }
    },
    "17": {
        "@timestamp": "2022-10-01T17:00:35.162Z",
        "winlog": {
            "provider_name": "Microsoft-Windows-Sysmon",
            "task": "Process Create (rule: ProcessCreate)",
            "computer_name": "Elmo",
            "event_data": {
                "ParentUser": "-",
                "OriginalFileName": "winlogbeat.exe",
                "ProcessId": "12196",
                "CommandLine": "\"C:\\Program Files (x86)\\ELK Stack\\winlogbeat\\winlogbeat.exe\" --environment=windows_service -c \"C:\\Program Files (x86)\\ELK Stack\\winlogbeat\\winlogbeat.yml\" --path.home \"C:\\Program Files (x86)\\ELK Stack\\winlogbeat\" --path.data \"C:\\ProgramData\\winlogbeat\" --path.logs \"C:\\ProgramData\\winlogbeat\\logs\" -E logging.files.redirect_stderr=true",
                "TerminalSessionId": "0",
                "UtcTime": "2022-10-01 17:00:35.160",
                "FileVersion": "8.1.2",
                "ParentProcessId": "92",
                "ParentProcessGuid": "{00000000-0000-0000-0000-000000000000}",
                "Image": "C:\\Program Files (x86)\\ELK Stack\\winlogbeat\\winlogbeat.exe",
                "Product": "Winlogbeat",
                "RuleName": "-",
                "Company": "Elastic",
                "Hashes": "MD5=F3F49B8D3461C9DE1D0DF84A8FBDEA0F,SHA256=BC04EB7490E8320DE167116D782921AE8EE3869986D1E62DCB6B704E1E6B1F5C",
                "ParentImage": "-",
                "ProcessGuid": "{dd01dab0-7233-6338-092c-010000004000}",
                "Description": "Winlogbeat ships Windows event logs to Elasticsearch or Logstash.",
                "User": "NT AUTHORITY\\SYSTEM",
                "LogonId": "0x3e7",
                "CurrentDirectory": "C:\\Windows\\system32\\",
                "ParentCommandLine": "-",
                "IntegrityLevel": "System",
                "LogonGuid": "{dd01dab0-1021-6326-e703-000000000000}"
            },
            "provider_guid": "{5770385f-c22a-43e0-bf4c-06f5698ffbd9}"
        },
        "host": {
            "ip": [
                "fe80::a124:aaad:caaa:fa18",
                "169.254.250.24",
                "fe80::6190:cebb:c47a:6085",
                "169.254.96.133",
                "fe80::64c9:75f2:e438:b0d8",
                "172.18.80.1",
                "fe80::d190:aca4:5de:d03c",
                "172.27.96.1",
                "fe80::b4d7:de0d:3edb:1bc4",
                "192.168.56.1",
                "fe80::f4db:5a2e:ad57:1420",
                "169.254.20.32",
                "fe80::d555:f80:832f:7ce5",
                "169.254.124.229",
                "fe80::9810:b4f4:77ea:e9a6",
                "169.254.233.166",
                "fe80::28a0:2b41:f083:29b0",
                "192.168.1.102",
                "fe80::b1a0:c04c:13f6:7545",
                "172.29.64.1",
                "fe80::c5b2:4950:2d20:bb68",
                "172.28.176.1",
                "fe80::d003:415c:ba1e:166c",
                "172.25.64.1",
                "fe80::b8d9:d9dd:b164:c469",
                "169.254.196.105"
            ],
            "name": "Elmo"
        }
    },
    "18": {
        "@timestamp": "2022-10-01T17:00:43.293Z",
        "host": {
            "ip": [
                "fe80::a124:aaad:caaa:fa18",
                "169.254.250.24",
                "fe80::6190:cebb:c47a:6085",
                "169.254.96.133",
                "fe80::64c9:75f2:e438:b0d8",
                "172.18.80.1",
                "fe80::d190:aca4:5de:d03c",
                "172.27.96.1",
                "fe80::b4d7:de0d:3edb:1bc4",
                "192.168.56.1",
                "fe80::f4db:5a2e:ad57:1420",
                "169.254.20.32",
                "fe80::d555:f80:832f:7ce5",
                "169.254.124.229",
                "fe80::9810:b4f4:77ea:e9a6",
                "169.254.233.166",
                "fe80::28a0:2b41:f083:29b0",
                "192.168.1.102",
                "fe80::b1a0:c04c:13f6:7545",
                "172.29.64.1",
                "fe80::c5b2:4950:2d20:bb68",
                "172.28.176.1",
                "fe80::d003:415c:ba1e:166c",
                "172.25.64.1",
                "fe80::b8d9:d9dd:b164:c469",
                "169.254.196.105"
            ],
            "name": "Elmo"
        },
        "winlog": {
            "provider_name": "Microsoft-Windows-Sysmon",
            "task": "Process Create (rule: ProcessCreate)",
            "provider_guid": "{5770385f-c22a-43e0-bf4c-06f5698ffbd9}",
            "event_data": {
                "OriginalFileName": "runnerw.exe",
                "Description": "Command line runner",
                "Product": "IntelliJ Platform",
                "ProcessGuid": "{dd01dab0-723b-6338-0a2c-010000004000}",
                "ProcessId": "22496",
                "Image": "C:\\Program Files\\JetBrains\\PyCharm 2021.3\\bin\\runnerw.exe",
                "LogonGuid": "{dd01dab0-9c1c-6335-501d-c42000000000}",
                "UtcTime": "2022-10-01 17:00:43.291",
                "TerminalSessionId": "4",
                "Hashes": "MD5=23E6EC0009C0C7081DB498A691B89E87,SHA256=4B763DE958DD9B0C8F9390EC8D033AD848D3BD432AA031BAA8911B1AD8914E13",
                "ParentImage": "C:\\Program Files\\JetBrains\\PyCharm 2021.3\\bin\\pycharm64.exe",
                "FileVersion": "1.0.0.1",
                "CommandLine": "\"C:\\Program Files\\JetBrains\\PyCharm 2021.3\\bin\\runnerw.exe\" \"C:\\Program Files\\Git\\cmd\\git.exe\" -c credential.helper= -c core.quotepath=false -c log.showSignature=false status --porcelain -z --untracked-files=no --ignored=no -- client/sysmon/logs.py client/sysmon/sample_configs/sysmonconfig-export.xml client/sysmon/sysmon_configs/sysmonconfig-export.xml client/sysmon/winlogbeat/bat_files/check.bat client/sysmon/winlogbeat/bat_files/install.bat client/sysmon/winlogbeat/bat_files/start.bat client/sysmon/winlogbeat/bat_files/stop.bat client/sysmon/winlogbeat/winlogbeat_interface.py client/tempfiles/Logs/Sysmon/winlogbeat-20221001.ndjson client/winlogbeat/bat_files/check.bat client/winlogbeat/bat_files/install.bat client/winlogbeat/bat_files/start.bat client/winlogbeat/bat_files/stop.bat client/winlogbeat/winlogbeat_interface.py",
                "ParentProcessId": "5728",
                "ParentCommandLine": "\"C:\\Program Files\\JetBrains\\PyCharm 2021.3\\bin\\pycharm64.exe\" ",
                "ParentUser": "ELMO\\mrdor",
                "LogonId": "0x20c41d50",
                "IntegrityLevel": "High",
                "ParentProcessGuid": "{dd01dab0-5d45-6338-f024-010000004000}",
                "RuleName": "-",
                "Company": "JetBrains s.r.o.",
                "CurrentDirectory": "C:\\Users\\mrdor\\PycharmProjects\\Hunterbee\\",
                "User": "ELMO\\mrdor"
            },
            "computer_name": "Elmo"
        }
    },
    "19": {
        "@timestamp": "2022-10-01T17:00:43.298Z",
        "host": {
            "ip": [
                "fe80::a124:aaad:caaa:fa18",
                "169.254.250.24",
                "fe80::6190:cebb:c47a:6085",
                "169.254.96.133",
                "fe80::64c9:75f2:e438:b0d8",
                "172.18.80.1",
                "fe80::d190:aca4:5de:d03c",
                "172.27.96.1",
                "fe80::b4d7:de0d:3edb:1bc4",
                "192.168.56.1",
                "fe80::f4db:5a2e:ad57:1420",
                "169.254.20.32",
                "fe80::d555:f80:832f:7ce5",
                "169.254.124.229",
                "fe80::9810:b4f4:77ea:e9a6",
                "169.254.233.166",
                "fe80::28a0:2b41:f083:29b0",
                "192.168.1.102",
                "fe80::b1a0:c04c:13f6:7545",
                "172.29.64.1",
                "fe80::c5b2:4950:2d20:bb68",
                "172.28.176.1",
                "fe80::d003:415c:ba1e:166c",
                "172.25.64.1",
                "fe80::b8d9:d9dd:b164:c469",
                "169.254.196.105"
            ],
            "name": "Elmo"
        },
        "winlog": {
            "computer_name": "Elmo",
            "provider_guid": "{5770385f-c22a-43e0-bf4c-06f5698ffbd9}",
            "provider_name": "Microsoft-Windows-Sysmon",
            "event_data": {
                "LogonId": "0x20c41d50",
                "Image": "C:\\Windows\\System32\\conhost.exe",
                "CommandLine": "\\??\\C:\\Windows\\system32\\conhost.exe 0xffffffff -ForceV1",
                "User": "ELMO\\mrdor",
                "Hashes": "MD5=0D698AF330FD17BEE3BF90011D49251D,SHA256=3C1C6D813D2B031D988204155FC198FE4F32FF56C05DABBCFCD5486131F4FB9D",
                "RuleName": "-",
                "UtcTime": "2022-10-01 17:00:43.295",
                "Product": "Microsoft\u00c2\u00ae Windows\u00c2\u00ae Operating System",
                "FileVersion": "10.0.19041.1566 (WinBuild.160101.0800)",
                "ParentUser": "ELMO\\mrdor",
                "Company": "Microsoft Corporation",
                "IntegrityLevel": "High",
                "ParentProcessId": "22496",
                "ProcessGuid": "{dd01dab0-723b-6338-0b2c-010000004000}",
                "OriginalFileName": "CONHOST.EXE",
                "LogonGuid": "{dd01dab0-9c1c-6335-501d-c42000000000}",
                "ParentImage": "C:\\Program Files\\JetBrains\\PyCharm 2021.3\\bin\\runnerw.exe",
                "CurrentDirectory": "C:\\Windows",
                "ProcessId": "14680",
                "TerminalSessionId": "4",
                "ParentProcessGuid": "{dd01dab0-723b-6338-0a2c-010000004000}",
                "Description": "Console Window Host",
                "ParentCommandLine": "\"C:\\Program Files\\JetBrains\\PyCharm 2021.3\\bin\\runnerw.exe\" \"C:\\Program Files\\Git\\cmd\\git.exe\" -c credential.helper= -c core.quotepath=false -c log.showSignature=false status --porcelain -z --untracked-files=no --ignored=no -- client/sysmon/logs.py client/sysmon/sample_configs/sysmonconfig-export.xml client/sysmon/sysmon_configs/sysmonconfig-export.xml client/sysmon/winlogbeat/bat_files/check.bat client/sysmon/winlogbeat/bat_files/install.bat client/sysmon/winlogbeat/bat_files/start.bat client/sysmon/winlogbeat/bat_files/stop.bat client/sysmon/winlogbeat/winlogbeat_interface.py client/tempfiles/Logs/Sysmon/winlogbeat-20221001.ndjson client/winlogbeat/bat_files/check.bat client/winlogbeat/bat_files/install.bat client/winlogbeat/bat_files/start.bat client/winlogbeat/bat_files/stop.bat client/winlogbeat/winlogbeat_interface.py"
            },
            "task": "Process Create (rule: ProcessCreate)"
        }
    },
    "20": {
        "@timestamp": "2022-10-01T17:00:43.470Z",
        "winlog": {
            "task": "Process Create (rule: ProcessCreate)",
            "computer_name": "Elmo",
            "event_data": {
                "RuleName": "-",
                "LogonId": "0x20c41d50",
                "FileVersion": "10.0.19041.1566 (WinBuild.160101.0800)",
                "ParentProcessId": "11080",
                "ProcessGuid": "{dd01dab0-723b-6338-0f2c-010000004000}",
                "Product": "Microsoft\u00c2\u00ae Windows\u00c2\u00ae Operating System",
                "IntegrityLevel": "High",
                "TerminalSessionId": "4",
                "UtcTime": "2022-10-01 17:00:43.468",
                "ProcessId": "20024",
                "User": "ELMO\\mrdor",
                "OriginalFileName": "CONHOST.EXE",
                "Company": "Microsoft Corporation",
                "ParentCommandLine": "C:\\Users\\mrdor\\PycharmProjects\\Kashf\\venv\\Scripts\\python.exe \"C:\\Program Files\\JetBrains\\PyCharm 2021.3\\plugins\\python\\helpers\\pycodestyle.py\" --max-line-length=120 -",
                "Image": "C:\\Windows\\System32\\conhost.exe",
                "LogonGuid": "{dd01dab0-9c1c-6335-501d-c42000000000}",
                "CurrentDirectory": "C:\\Windows",
                "Hashes": "MD5=0D698AF330FD17BEE3BF90011D49251D,SHA256=3C1C6D813D2B031D988204155FC198FE4F32FF56C05DABBCFCD5486131F4FB9D",
                "Description": "Console Window Host",
                "ParentImage": "C:\\Users\\mrdor\\PycharmProjects\\Kashf\\venv\\Scripts\\python.exe",
                "ParentProcessGuid": "{dd01dab0-723b-6338-0e2c-010000004000}",
                "ParentUser": "ELMO\\mrdor",
                "CommandLine": "\\??\\C:\\Windows\\system32\\conhost.exe 0xffffffff -ForceV1"
            },
            "provider_guid": "{5770385f-c22a-43e0-bf4c-06f5698ffbd9}",
            "provider_name": "Microsoft-Windows-Sysmon"
        },
        "host": {
            "name": "Elmo",
            "ip": [
                "fe80::a124:aaad:caaa:fa18",
                "169.254.250.24",
                "fe80::6190:cebb:c47a:6085",
                "169.254.96.133",
                "fe80::64c9:75f2:e438:b0d8",
                "172.18.80.1",
                "fe80::d190:aca4:5de:d03c",
                "172.27.96.1",
                "fe80::b4d7:de0d:3edb:1bc4",
                "192.168.56.1",
                "fe80::f4db:5a2e:ad57:1420",
                "169.254.20.32",
                "fe80::d555:f80:832f:7ce5",
                "169.254.124.229",
                "fe80::9810:b4f4:77ea:e9a6",
                "169.254.233.166",
                "fe80::28a0:2b41:f083:29b0",
                "192.168.1.102",
                "fe80::b1a0:c04c:13f6:7545",
                "172.29.64.1",
                "fe80::c5b2:4950:2d20:bb68",
                "172.28.176.1",
                "fe80::d003:415c:ba1e:166c",
                "172.25.64.1",
                "fe80::b8d9:d9dd:b164:c469",
                "169.254.196.105"
            ]
        }
    },
    "21": {
        "@timestamp": "2022-10-01T17:00:43.775Z",
        "host": {
            "name": "Elmo",
            "ip": [
                "fe80::a124:aaad:caaa:fa18",
                "169.254.250.24",
                "fe80::6190:cebb:c47a:6085",
                "169.254.96.133",
                "fe80::64c9:75f2:e438:b0d8",
                "172.18.80.1",
                "fe80::d190:aca4:5de:d03c",
                "172.27.96.1",
                "fe80::b4d7:de0d:3edb:1bc4",
                "192.168.56.1",
                "fe80::f4db:5a2e:ad57:1420",
                "169.254.20.32",
                "fe80::d555:f80:832f:7ce5",
                "169.254.124.229",
                "fe80::9810:b4f4:77ea:e9a6",
                "169.254.233.166",
                "fe80::28a0:2b41:f083:29b0",
                "192.168.1.102",
                "fe80::b1a0:c04c:13f6:7545",
                "172.29.64.1",
                "fe80::c5b2:4950:2d20:bb68",
                "172.28.176.1",
                "fe80::d003:415c:ba1e:166c",
                "172.25.64.1",
                "fe80::b8d9:d9dd:b164:c469",
                "169.254.196.105"
            ]
        },
        "winlog": {
            "event_data": {
                "IntegrityLevel": "High",
                "User": "ELMO\\mrdor",
                "TerminalSessionId": "4",
                "CurrentDirectory": "C:\\Windows",
                "UtcTime": "2022-10-01 17:00:43.773",
                "Company": "Microsoft Corporation",
                "OriginalFileName": "CONHOST.EXE",
                "Hashes": "MD5=0D698AF330FD17BEE3BF90011D49251D,SHA256=3C1C6D813D2B031D988204155FC198FE4F32FF56C05DABBCFCD5486131F4FB9D",
                "ParentUser": "ELMO\\mrdor",
                "FileVersion": "10.0.19041.1566 (WinBuild.160101.0800)",
                "Description": "Console Window Host",
                "ParentProcessGuid": "{dd01dab0-723b-6338-112c-010000004000}",
                "ParentProcessId": "188",
                "ParentImage": "C:\\Users\\mrdor\\PycharmProjects\\Hunterbee\\venv\\Scripts\\python.exe",
                "ParentCommandLine": "C:\\Users\\mrdor\\PycharmProjects\\Hunterbee\\venv\\Scripts\\python.exe \"C:\\Program Files\\JetBrains\\PyCharm 2021.3\\plugins\\python\\helpers\\pycodestyle.py\" --max-line-length=120 -",
                "Product": "Microsoft\u00c2\u00ae Windows\u00c2\u00ae Operating System",
                "ProcessId": "19376",
                "Image": "C:\\Windows\\System32\\conhost.exe",
                "ProcessGuid": "{dd01dab0-723b-6338-122c-010000004000}",
                "LogonId": "0x20c41d50",
                "RuleName": "-",
                "CommandLine": "\\??\\C:\\Windows\\system32\\conhost.exe 0xffffffff -ForceV1",
                "LogonGuid": "{dd01dab0-9c1c-6335-501d-c42000000000}"
            },
            "provider_name": "Microsoft-Windows-Sysmon",
            "computer_name": "Elmo",
            "task": "Process Create (rule: ProcessCreate)",
            "provider_guid": "{5770385f-c22a-43e0-bf4c-06f5698ffbd9}"
        }
    },
    "22": {
        "@timestamp": "2022-10-01T17:01:12.546Z",
        "host": {
            "ip": [
                "fe80::a124:aaad:caaa:fa18",
                "169.254.250.24",
                "fe80::6190:cebb:c47a:6085",
                "169.254.96.133",
                "fe80::64c9:75f2:e438:b0d8",
                "172.18.80.1",
                "fe80::d190:aca4:5de:d03c",
                "172.27.96.1",
                "fe80::b4d7:de0d:3edb:1bc4",
                "192.168.56.1",
                "fe80::f4db:5a2e:ad57:1420",
                "169.254.20.32",
                "fe80::d555:f80:832f:7ce5",
                "169.254.124.229",
                "fe80::9810:b4f4:77ea:e9a6",
                "169.254.233.166",
                "fe80::28a0:2b41:f083:29b0",
                "192.168.1.102",
                "fe80::b1a0:c04c:13f6:7545",
                "172.29.64.1",
                "fe80::c5b2:4950:2d20:bb68",
                "172.28.176.1",
                "fe80::d003:415c:ba1e:166c",
                "172.25.64.1",
                "fe80::b8d9:d9dd:b164:c469",
                "169.254.196.105"
            ],
            "name": "Elmo"
        },
        "winlog": {
            "provider_name": "Microsoft-Windows-Sysmon",
            "event_data": {
                "FileVersion": "10.0.19041.546 (WinBuild.160101.0800)",
                "LogonId": "0x20c432ea",
                "CurrentDirectory": "C:\\Windows\\system32\\",
                "Image": "C:\\Windows\\SysWOW64\\dllhost.exe",
                "TerminalSessionId": "4",
                "ParentImage": "C:\\Windows\\System32\\svchost.exe",
                "ProcessId": "20780",
                "OriginalFileName": "dllhost.exe",
                "ParentProcessId": "1144",
                "Product": "Microsoft\u00c2\u00ae Windows\u00c2\u00ae Operating System",
                "ParentUser": "NT AUTHORITY\\SYSTEM",
                "ProcessGuid": "{dd01dab0-7258-6338-142c-010000004000}",
                "LogonGuid": "{dd01dab0-9c1d-6335-ea32-c42000000000}",
                "IntegrityLevel": "Medium",
                "ParentCommandLine": "C:\\Windows\\system32\\svchost.exe -k DcomLaunch -p",
                "Company": "Microsoft Corporation",
                "Description": "COM Surrogate",
                "User": "ELMO\\mrdor",
                "CommandLine": "\"C:\\Windows\\SysWOW64\\DllHost.exe\" /Processid:{776DBC8D-7347-478C-8D71-791E12EF49D8}",
                "UtcTime": "2022-10-01 17:01:12.544",
                "Hashes": "MD5=6F3C9485F8F97AC04C8E43EF4463A68C,SHA256=3ED69CAAB035258E008EFBCF40DB305891B40BA02CA2737E20DEFA7C2D4AFAF7",
                "ParentProcessGuid": "{dd01dab0-1022-6326-0f00-000000004000}",
                "RuleName": "-"
            },
            "task": "Process Create (rule: ProcessCreate)",
            "computer_name": "Elmo",
            "provider_guid": "{5770385f-c22a-43e0-bf4c-06f5698ffbd9}"
        }
    },
    "23": {
        "@timestamp": "2022-10-01T17:01:12.633Z",
        "host": {
            "ip": [
                "fe80::a124:aaad:caaa:fa18",
                "169.254.250.24",
                "fe80::6190:cebb:c47a:6085",
                "169.254.96.133",
                "fe80::64c9:75f2:e438:b0d8",
                "172.18.80.1",
                "fe80::d190:aca4:5de:d03c",
                "172.27.96.1",
                "fe80::b4d7:de0d:3edb:1bc4",
                "192.168.56.1",
                "fe80::f4db:5a2e:ad57:1420",
                "169.254.20.32",
                "fe80::d555:f80:832f:7ce5",
                "169.254.124.229",
                "fe80::9810:b4f4:77ea:e9a6",
                "169.254.233.166",
                "fe80::28a0:2b41:f083:29b0",
                "192.168.1.102",
                "fe80::b1a0:c04c:13f6:7545",
                "172.29.64.1",
                "fe80::c5b2:4950:2d20:bb68",
                "172.28.176.1",
                "fe80::d003:415c:ba1e:166c",
                "172.25.64.1",
                "fe80::b8d9:d9dd:b164:c469",
                "169.254.196.105"
            ],
            "name": "Elmo"
        },
        "winlog": {
            "provider_guid": "{5770385f-c22a-43e0-bf4c-06f5698ffbd9}",
            "task": "RawAccessRead detected (rule: RawAccessRead)",
            "event_data": {
                "ProcessId": "1144",
                "Image": "C:\\Windows\\System32\\svchost.exe",
                "Device": "\\Device\\HarddiskVolume3",
                "User": "NT AUTHORITY\\SYSTEM",
                "RuleName": "-",
                "UtcTime": "2022-10-01 17:01:12.632",
                "ProcessGuid": "{dd01dab0-1022-6326-0f00-000000004000}"
            },
            "provider_name": "Microsoft-Windows-Sysmon",
            "computer_name": "Elmo"
        }
    },
    "24": {
        "@timestamp": "2022-10-01T17:01:12.633Z",
        "host": {
            "ip": [
                "fe80::a124:aaad:caaa:fa18",
                "169.254.250.24",
                "fe80::6190:cebb:c47a:6085",
                "169.254.96.133",
                "fe80::64c9:75f2:e438:b0d8",
                "172.18.80.1",
                "fe80::d190:aca4:5de:d03c",
                "172.27.96.1",
                "fe80::b4d7:de0d:3edb:1bc4",
                "192.168.56.1",
                "fe80::f4db:5a2e:ad57:1420",
                "169.254.20.32",
                "fe80::d555:f80:832f:7ce5",
                "169.254.124.229",
                "fe80::9810:b4f4:77ea:e9a6",
                "169.254.233.166",
                "fe80::28a0:2b41:f083:29b0",
                "192.168.1.102",
                "fe80::b1a0:c04c:13f6:7545",
                "172.29.64.1",
                "fe80::c5b2:4950:2d20:bb68",
                "172.28.176.1",
                "fe80::d003:415c:ba1e:166c",
                "172.25.64.1",
                "fe80::b8d9:d9dd:b164:c469",
                "169.254.196.105"
            ],
            "name": "Elmo"
        },
        "winlog": {
            "provider_name": "Microsoft-Windows-Sysmon",
            "computer_name": "Elmo",
            "provider_guid": "{5770385f-c22a-43e0-bf4c-06f5698ffbd9}",
            "task": "RawAccessRead detected (rule: RawAccessRead)",
            "event_data": {
                "Image": "C:\\Windows\\System32\\svchost.exe",
                "Device": "\\Device\\HarddiskVolume3",
                "User": "NT AUTHORITY\\SYSTEM",
                "RuleName": "-",
                "UtcTime": "2022-10-01 17:01:12.632",
                "ProcessGuid": "{dd01dab0-1022-6326-0f00-000000004000}",
                "ProcessId": "1144"
            }
        }
    },
    "25": {
        "@timestamp": "2022-10-01T17:01:12.633Z",
        "host": {
            "ip": [
                "fe80::a124:aaad:caaa:fa18",
                "169.254.250.24",
                "fe80::6190:cebb:c47a:6085",
                "169.254.96.133",
                "fe80::64c9:75f2:e438:b0d8",
                "172.18.80.1",
                "fe80::d190:aca4:5de:d03c",
                "172.27.96.1",
                "fe80::b4d7:de0d:3edb:1bc4",
                "192.168.56.1",
                "fe80::f4db:5a2e:ad57:1420",
                "169.254.20.32",
                "fe80::d555:f80:832f:7ce5",
                "169.254.124.229",
                "fe80::9810:b4f4:77ea:e9a6",
                "169.254.233.166",
                "fe80::28a0:2b41:f083:29b0",
                "192.168.1.102",
                "fe80::b1a0:c04c:13f6:7545",
                "172.29.64.1",
                "fe80::c5b2:4950:2d20:bb68",
                "172.28.176.1",
                "fe80::d003:415c:ba1e:166c",
                "172.25.64.1",
                "fe80::b8d9:d9dd:b164:c469",
                "169.254.196.105"
            ],
            "name": "Elmo"
        },
        "winlog": {
            "computer_name": "Elmo",
            "provider_name": "Microsoft-Windows-Sysmon",
            "provider_guid": "{5770385f-c22a-43e0-bf4c-06f5698ffbd9}",
            "task": "RawAccessRead detected (rule: RawAccessRead)",
            "event_data": {
                "ProcessId": "1144",
                "Image": "C:\\Windows\\System32\\svchost.exe",
                "Device": "\\Device\\HarddiskVolume3",
                "User": "NT AUTHORITY\\SYSTEM",
                "RuleName": "-",
                "UtcTime": "2022-10-01 17:01:12.632",
                "ProcessGuid": "{dd01dab0-1022-6326-0f00-000000004000}"
            }
        }
    },
    "26": {
        "@timestamp": "2022-10-01T17:01:12.633Z",
        "host": {
            "name": "Elmo",
            "ip": [
                "fe80::a124:aaad:caaa:fa18",
                "169.254.250.24",
                "fe80::6190:cebb:c47a:6085",
                "169.254.96.133",
                "fe80::64c9:75f2:e438:b0d8",
                "172.18.80.1",
                "fe80::d190:aca4:5de:d03c",
                "172.27.96.1",
                "fe80::b4d7:de0d:3edb:1bc4",
                "192.168.56.1",
                "fe80::f4db:5a2e:ad57:1420",
                "169.254.20.32",
                "fe80::d555:f80:832f:7ce5",
                "169.254.124.229",
                "fe80::9810:b4f4:77ea:e9a6",
                "169.254.233.166",
                "fe80::28a0:2b41:f083:29b0",
                "192.168.1.102",
                "fe80::b1a0:c04c:13f6:7545",
                "172.29.64.1",
                "fe80::c5b2:4950:2d20:bb68",
                "172.28.176.1",
                "fe80::d003:415c:ba1e:166c",
                "172.25.64.1",
                "fe80::b8d9:d9dd:b164:c469",
                "169.254.196.105"
            ]
        },
        "winlog": {
            "provider_guid": "{5770385f-c22a-43e0-bf4c-06f5698ffbd9}",
            "task": "RawAccessRead detected (rule: RawAccessRead)",
            "computer_name": "Elmo",
            "event_data": {
                "User": "NT AUTHORITY\\SYSTEM",
                "RuleName": "-",
                "UtcTime": "2022-10-01 17:01:12.632",
                "ProcessGuid": "{dd01dab0-1022-6326-0f00-000000004000}",
                "ProcessId": "1144",
                "Image": "C:\\Windows\\System32\\svchost.exe",
                "Device": "\\Device\\HarddiskVolume3"
            },
            "provider_name": "Microsoft-Windows-Sysmon"
        }
    },
    "27": {
        "@timestamp": "2022-10-01T17:01:12.633Z",
        "winlog": {
            "provider_guid": "{5770385f-c22a-43e0-bf4c-06f5698ffbd9}",
            "computer_name": "Elmo",
            "task": "RawAccessRead detected (rule: RawAccessRead)",
            "event_data": {
                "User": "NT AUTHORITY\\SYSTEM",
                "RuleName": "-",
                "UtcTime": "2022-10-01 17:01:12.632",
                "ProcessGuid": "{dd01dab0-1022-6326-0f00-000000004000}",
                "ProcessId": "1144",
                "Image": "C:\\Windows\\System32\\svchost.exe",
                "Device": "\\Device\\HarddiskVolume3"
            },
            "provider_name": "Microsoft-Windows-Sysmon"
        },
        "host": {
            "ip": [
                "fe80::a124:aaad:caaa:fa18",
                "169.254.250.24",
                "fe80::6190:cebb:c47a:6085",
                "169.254.96.133",
                "fe80::64c9:75f2:e438:b0d8",
                "172.18.80.1",
                "fe80::d190:aca4:5de:d03c",
                "172.27.96.1",
                "fe80::b4d7:de0d:3edb:1bc4",
                "192.168.56.1",
                "fe80::f4db:5a2e:ad57:1420",
                "169.254.20.32",
                "fe80::d555:f80:832f:7ce5",
                "169.254.124.229",
                "fe80::9810:b4f4:77ea:e9a6",
                "169.254.233.166",
                "fe80::28a0:2b41:f083:29b0",
                "192.168.1.102",
                "fe80::b1a0:c04c:13f6:7545",
                "172.29.64.1",
                "fe80::c5b2:4950:2d20:bb68",
                "172.28.176.1",
                "fe80::d003:415c:ba1e:166c",
                "172.25.64.1",
                "fe80::b8d9:d9dd:b164:c469",
                "169.254.196.105"
            ],
            "name": "Elmo"
        }
    },
    "28": {
        "@timestamp": "2022-10-01T17:01:12.633Z",
        "winlog": {
            "provider_name": "Microsoft-Windows-Sysmon",
            "computer_name": "Elmo",
            "provider_guid": "{5770385f-c22a-43e0-bf4c-06f5698ffbd9}",
            "event_data": {
                "ProcessGuid": "{dd01dab0-1022-6326-0f00-000000004000}",
                "ProcessId": "1144",
                "Image": "C:\\Windows\\System32\\svchost.exe",
                "Device": "\\Device\\HarddiskVolume3",
                "User": "NT AUTHORITY\\SYSTEM",
                "RuleName": "-",
                "UtcTime": "2022-10-01 17:01:12.633"
            },
            "task": "RawAccessRead detected (rule: RawAccessRead)"
        },
        "host": {
            "name": "Elmo",
            "ip": [
                "fe80::a124:aaad:caaa:fa18",
                "169.254.250.24",
                "fe80::6190:cebb:c47a:6085",
                "169.254.96.133",
                "fe80::64c9:75f2:e438:b0d8",
                "172.18.80.1",
                "fe80::d190:aca4:5de:d03c",
                "172.27.96.1",
                "fe80::b4d7:de0d:3edb:1bc4",
                "192.168.56.1",
                "fe80::f4db:5a2e:ad57:1420",
                "169.254.20.32",
                "fe80::d555:f80:832f:7ce5",
                "169.254.124.229",
                "fe80::9810:b4f4:77ea:e9a6",
                "169.254.233.166",
                "fe80::28a0:2b41:f083:29b0",
                "192.168.1.102",
                "fe80::b1a0:c04c:13f6:7545",
                "172.29.64.1",
                "fe80::c5b2:4950:2d20:bb68",
                "172.28.176.1",
                "fe80::d003:415c:ba1e:166c",
                "172.25.64.1",
                "fe80::b8d9:d9dd:b164:c469",
                "169.254.196.105"
            ]
        }
    },
    "29": {
        "@timestamp": "2022-10-01T17:01:12.634Z",
        "host": {
            "ip": [
                "fe80::a124:aaad:caaa:fa18",
                "169.254.250.24",
                "fe80::6190:cebb:c47a:6085",
                "169.254.96.133",
                "fe80::64c9:75f2:e438:b0d8",
                "172.18.80.1",
                "fe80::d190:aca4:5de:d03c",
                "172.27.96.1",
                "fe80::b4d7:de0d:3edb:1bc4",
                "192.168.56.1",
                "fe80::f4db:5a2e:ad57:1420",
                "169.254.20.32",
                "fe80::d555:f80:832f:7ce5",
                "169.254.124.229",
                "fe80::9810:b4f4:77ea:e9a6",
                "169.254.233.166",
                "fe80::28a0:2b41:f083:29b0",
                "192.168.1.102",
                "fe80::b1a0:c04c:13f6:7545",
                "172.29.64.1",
                "fe80::c5b2:4950:2d20:bb68",
                "172.28.176.1",
                "fe80::d003:415c:ba1e:166c",
                "172.25.64.1",
                "fe80::b8d9:d9dd:b164:c469",
                "169.254.196.105"
            ],
            "name": "Elmo"
        },
        "winlog": {
            "task": "RawAccessRead detected (rule: RawAccessRead)",
            "computer_name": "Elmo",
            "provider_name": "Microsoft-Windows-Sysmon",
            "provider_guid": "{5770385f-c22a-43e0-bf4c-06f5698ffbd9}",
            "event_data": {
                "UtcTime": "2022-10-01 17:01:12.633",
                "ProcessGuid": "{dd01dab0-1022-6326-0f00-000000004000}",
                "ProcessId": "1144",
                "Image": "C:\\Windows\\System32\\svchost.exe",
                "Device": "\\Device\\HarddiskVolume3",
                "User": "NT AUTHORITY\\SYSTEM",
                "RuleName": "-"
            }
        }
    },
    "30": {
        "@timestamp": "2022-10-01T17:01:12.634Z",
        "host": {
            "name": "Elmo",
            "ip": [
                "fe80::a124:aaad:caaa:fa18",
                "169.254.250.24",
                "fe80::6190:cebb:c47a:6085",
                "169.254.96.133",
                "fe80::64c9:75f2:e438:b0d8",
                "172.18.80.1",
                "fe80::d190:aca4:5de:d03c",
                "172.27.96.1",
                "fe80::b4d7:de0d:3edb:1bc4",
                "192.168.56.1",
                "fe80::f4db:5a2e:ad57:1420",
                "169.254.20.32",
                "fe80::d555:f80:832f:7ce5",
                "169.254.124.229",
                "fe80::9810:b4f4:77ea:e9a6",
                "169.254.233.166",
                "fe80::28a0:2b41:f083:29b0",
                "192.168.1.102",
                "fe80::b1a0:c04c:13f6:7545",
                "172.29.64.1",
                "fe80::c5b2:4950:2d20:bb68",
                "172.28.176.1",
                "fe80::d003:415c:ba1e:166c",
                "172.25.64.1",
                "fe80::b8d9:d9dd:b164:c469",
                "169.254.196.105"
            ]
        },
        "winlog": {
            "provider_guid": "{5770385f-c22a-43e0-bf4c-06f5698ffbd9}",
            "event_data": {
                "User": "NT AUTHORITY\\SYSTEM",
                "RuleName": "-",
                "UtcTime": "2022-10-01 17:01:12.633",
                "ProcessGuid": "{dd01dab0-1022-6326-0f00-000000004000}",
                "ProcessId": "1144",
                "Image": "C:\\Windows\\System32\\svchost.exe",
                "Device": "\\Device\\HarddiskVolume3"
            },
            "computer_name": "Elmo",
            "task": "RawAccessRead detected (rule: RawAccessRead)",
            "provider_name": "Microsoft-Windows-Sysmon"
        }
    },
    "31": {
        "@timestamp": "2022-10-01T17:01:12.634Z",
        "winlog": {
            "provider_guid": "{5770385f-c22a-43e0-bf4c-06f5698ffbd9}",
            "provider_name": "Microsoft-Windows-Sysmon",
            "task": "RawAccessRead detected (rule: RawAccessRead)",
            "computer_name": "Elmo",
            "event_data": {
                "User": "NT AUTHORITY\\SYSTEM",
                "RuleName": "-",
                "UtcTime": "2022-10-01 17:01:12.634",
                "ProcessGuid": "{dd01dab0-1022-6326-0f00-000000004000}",
                "ProcessId": "1144",
                "Image": "C:\\Windows\\System32\\svchost.exe",
                "Device": "\\Device\\HarddiskVolume3"
            }
        },
        "host": {
            "ip": [
                "fe80::a124:aaad:caaa:fa18",
                "169.254.250.24",
                "fe80::6190:cebb:c47a:6085",
                "169.254.96.133",
                "fe80::64c9:75f2:e438:b0d8",
                "172.18.80.1",
                "fe80::d190:aca4:5de:d03c",
                "172.27.96.1",
                "fe80::b4d7:de0d:3edb:1bc4",
                "192.168.56.1",
                "fe80::f4db:5a2e:ad57:1420",
                "169.254.20.32",
                "fe80::d555:f80:832f:7ce5",
                "169.254.124.229",
                "fe80::9810:b4f4:77ea:e9a6",
                "169.254.233.166",
                "fe80::28a0:2b41:f083:29b0",
                "192.168.1.102",
                "fe80::b1a0:c04c:13f6:7545",
                "172.29.64.1",
                "fe80::c5b2:4950:2d20:bb68",
                "172.28.176.1",
                "fe80::d003:415c:ba1e:166c",
                "172.25.64.1",
                "fe80::b8d9:d9dd:b164:c469",
                "169.254.196.105"
            ],
            "name": "Elmo"
        }
    },
    "32": {
        "@timestamp": "2022-10-01T17:01:12.635Z",
        "host": {
            "name": "Elmo",
            "ip": [
                "fe80::a124:aaad:caaa:fa18",
                "169.254.250.24",
                "fe80::6190:cebb:c47a:6085",
                "169.254.96.133",
                "fe80::64c9:75f2:e438:b0d8",
                "172.18.80.1",
                "fe80::d190:aca4:5de:d03c",
                "172.27.96.1",
                "fe80::b4d7:de0d:3edb:1bc4",
                "192.168.56.1",
                "fe80::f4db:5a2e:ad57:1420",
                "169.254.20.32",
                "fe80::d555:f80:832f:7ce5",
                "169.254.124.229",
                "fe80::9810:b4f4:77ea:e9a6",
                "169.254.233.166",
                "fe80::28a0:2b41:f083:29b0",
                "192.168.1.102",
                "fe80::b1a0:c04c:13f6:7545",
                "172.29.64.1",
                "fe80::c5b2:4950:2d20:bb68",
                "172.28.176.1",
                "fe80::d003:415c:ba1e:166c",
                "172.25.64.1",
                "fe80::b8d9:d9dd:b164:c469",
                "169.254.196.105"
            ]
        },
        "winlog": {
            "task": "RawAccessRead detected (rule: RawAccessRead)",
            "provider_name": "Microsoft-Windows-Sysmon",
            "computer_name": "Elmo",
            "event_data": {
                "RuleName": "-",
                "UtcTime": "2022-10-01 17:01:12.634",
                "ProcessGuid": "{dd01dab0-1022-6326-0f00-000000004000}",
                "ProcessId": "1144",
                "Image": "C:\\Windows\\System32\\svchost.exe",
                "Device": "\\Device\\HarddiskVolume3",
                "User": "NT AUTHORITY\\SYSTEM"
            },
            "provider_guid": "{5770385f-c22a-43e0-bf4c-06f5698ffbd9}"
        }
    },
    "33": {
        "@timestamp": "2022-10-01T17:01:12.635Z",
        "host": {
            "ip": [
                "fe80::a124:aaad:caaa:fa18",
                "169.254.250.24",
                "fe80::6190:cebb:c47a:6085",
                "169.254.96.133",
                "fe80::64c9:75f2:e438:b0d8",
                "172.18.80.1",
                "fe80::d190:aca4:5de:d03c",
                "172.27.96.1",
                "fe80::b4d7:de0d:3edb:1bc4",
                "192.168.56.1",
                "fe80::f4db:5a2e:ad57:1420",
                "169.254.20.32",
                "fe80::d555:f80:832f:7ce5",
                "169.254.124.229",
                "fe80::9810:b4f4:77ea:e9a6",
                "169.254.233.166",
                "fe80::28a0:2b41:f083:29b0",
                "192.168.1.102",
                "fe80::b1a0:c04c:13f6:7545",
                "172.29.64.1",
                "fe80::c5b2:4950:2d20:bb68",
                "172.28.176.1",
                "fe80::d003:415c:ba1e:166c",
                "172.25.64.1",
                "fe80::b8d9:d9dd:b164:c469",
                "169.254.196.105"
            ],
            "name": "Elmo"
        },
        "winlog": {
            "provider_name": "Microsoft-Windows-Sysmon",
            "provider_guid": "{5770385f-c22a-43e0-bf4c-06f5698ffbd9}",
            "event_data": {
                "UtcTime": "2022-10-01 17:01:12.634",
                "ProcessGuid": "{dd01dab0-1022-6326-0f00-000000004000}",
                "ProcessId": "1144",
                "Image": "C:\\Windows\\System32\\svchost.exe",
                "Device": "\\Device\\HarddiskVolume3",
                "User": "NT AUTHORITY\\SYSTEM",
                "RuleName": "-"
            },
            "task": "RawAccessRead detected (rule: RawAccessRead)",
            "computer_name": "Elmo"
        }
    }
}