                "ProcessGuid": "{dd01dab0-7332-6338-b92c-010000004000}",
                "OriginalFileName": "winlogbeat.exe",
                "User": "NT AUTHORITY\\SYSTEM",
                "LogonId": "0x3e7",
                "TerminalSessionId": "0",
                "Company": "Elastic",
                "IntegrityLevel": "System",
                "ParentCommandLine": "-",
                "Description": "Winlogbeat ships Windows event logs to Elasticsearch or Logstash.",
                "FileVersion": "8.1.2",
                "ParentUser": "-",
                "RuleName": "-",
                "ParentImage": "-",
                "ParentProcessGuid": "{00000000-0000-0000-0000-000000000000}",
                "CommandLine": "\"C:\\Program Files (x86)\\ELK Stack\\winlogbeat\\winlogbeat.exe\" --environment=windows_service -c \"C:\\Program Files (x86)\\ELK Stack\\winlogbeat\\winlogbeat.yml\" --path.home \"C:\\Program Files (x86)\\ELK Stack\\winlogbeat\" --path.data \"C:\\ProgramData\\winlogbeat\" --path.logs \"C:\\ProgramData\\winlogbeat\\logs\" -E logging.files.redirect_stderr=true",
                "Image": "C:\\Program Files (x86)\\ELK Stack\\winlogbeat\\winlogbeat.exe",
                "LogonGuid": "{dd01dab0-1021-6326-e703-000000000000}",
                "Hashes": "MD5=F3F49B8D3461C9DE1D0DF84A8FBDEA0F,SHA256=BC04EB7490E8320DE167116D782921AE8EE3869986D1E62DCB6B704E1E6B1F5C",
                "ParentProcessId": "92"
            },
            "provider_name": "Microsoft-Windows-Sysmon"
        }
    },
    "16": {
        "@timestamp": "2022-10-01T17:04:52.297Z",
        "host": {
            "name": "Elmo",
            "ip": [
                "fe80::a124:aaad:caaa:fa18",
                "169.254.250.24",
                "fe80::6190:cebb:c47a:6085",
                "169.254.96.133",
                "fe80::64c9:75f2:e438:b0d8",
                "172.18.80.1",
                "fe80::d190:aca4:5de:d03c",
                "172.27.96.1",
                "fe80::b4d7:de0d:3edb:1bc4",
                "192.168.56.1",
                "fe80::f4db:5a2e:ad57:1420",
                "169.254.20.32",
                "fe80::d555:f80:832f:7ce5",
                "169.254.124.229",
                "fe80::9810:b4f4:77ea:e9a6",
                "169.254.233.166",
                "fe80::28a0:2b41:f083:29b0",
                "192.168.1.102",
                "fe80::b1a0:c04c:13f6:7545",
                "172.29.64.1",
                "fe80::c5b2:4950:2d20:bb68",
                "172.28.176.1",
                "fe80::d003:415c:ba1e:166c",
                "172.25.64.1",
                "fe80::b8d9:d9dd:b164:c469",
                "169.254.196.105"
            ]
        },
        "winlog": {
            "task": "Process Create (rule: ProcessCreate)",
            "event_data": {
                "OriginalFileName": "runnerw.exe",
                "ParentUser": "ELMO\\mrdor",
                "ParentImage": "C:\\Program Files\\JetBrains\\PyCharm 2021.3\\bin\\pycharm64.exe",
                "LogonId": "0x20c41d50",
                "TerminalSessionId": "4",
                "CommandLine": "\"C:\\Program Files\\JetBrains\\PyCharm 2021.3\\bin\\runnerw.exe\" \"C:\\Program Files\\Git\\cmd\\git.exe\" -c credential.helper= -c core.quotepath=false -c log.showSignature=false status --porcelain -z --untracked-files=no --ignored=no -- client/sysmon/logs.py client/sysmon/sample_configs/sysmonconfig-export.xml client/sysmon/sysmon_configs/sysmonconfig-export.xml client/sysmon/winlogbeat/bat_files/check.bat client/sysmon/winlogbeat/bat_files/install.bat client/sysmon/winlogbeat/bat_files/start.bat client/sysmon/winlogbeat/bat_files/stop.bat client/sysmon/winlogbeat/winlogbeat_interface.py client/tempfiles/Logs/Sysmon/sysmon-logs-1.json client/tempfiles/Logs/Sysmon/winlogbeat-20221001-1.ndjson client/tempfiles/Logs/Sysmon/winlogbeat-20221001-3.ndjson client/tempfiles/Logs/Sysmon/winlogbeat-20221001-4.ndjson client/winlogbeat/bat_files/check.bat client/winlogbeat/bat_files/install.bat client/winlogbeat/bat_files/start.bat client/winlogbeat/bat_files/stop.bat client/winlogbeat/winlogbeat_interface.py",
                "Description": "Command line runner",
                "UtcTime": "2022-10-01 17:04:52.286",
                "IntegrityLevel": "High",
                "CurrentDirectory": "C:\\Users\\mrdor\\PycharmProjects\\Hunterbee\\",
                "RuleName": "-",
                "ProcessGuid": "{dd01dab0-7334-6338-ba2c-010000004000}",
                "Company": "JetBrains s.r.o.",
                "ProcessId": "12988",
                "FileVersion": "1.0.0.1",
                "ParentProcessGuid": "{dd01dab0-5d45-6338-f024-010000004000}",
                "Image": "C:\\Program Files\\JetBrains\\PyCharm 2021.3\\bin\\runnerw.exe",
                "ParentProcessId": "5728",
                "ParentCommandLine": "\"C:\\Program Files\\JetBrains\\PyCharm 2021.3\\bin\\pycharm64.exe\" ",
                "User": "ELMO\\mrdor",
                "LogonGuid": "{dd01dab0-9c1c-6335-501d-c42000000000}",
                "Product": "IntelliJ Platform",
                "Hashes": "MD5=23E6EC0009C0C7081DB498A691B89E87,SHA256=4B763DE958DD9B0C8F9390EC8D033AD848D3BD432AA031BAA8911B1AD8914E13"
            },
            "computer_name": "Elmo",
            "provider_name": "Microsoft-Windows-Sysmon",
            "provider_guid": "{5770385f-c22a-43e0-bf4c-06f5698ffbd9}"
        }
    },
    "17": {
        "@timestamp": "2022-10-01T17:04:52.302Z",
        "host": {
            "name": "Elmo",
            "ip": [
                "fe80::a124:aaad:caaa:fa18",
                "169.254.250.24",
                "fe80::6190:cebb:c47a:6085",
                "169.254.96.133",
                "fe80::64c9:75f2:e438:b0d8",
                "172.18.80.1",
                "fe80::d190:aca4:5de:d03c",
                "172.27.96.1",
                "fe80::b4d7:de0d:3edb:1bc4",
                "192.168.56.1",
                "fe80::f4db:5a2e:ad57:1420",
                "169.254.20.32",
                "fe80::d555:f80:832f:7ce5",
                "169.254.124.229",
                "fe80::9810:b4f4:77ea:e9a6",
                "169.254.233.166",
                "fe80::28a0:2b41:f083:29b0",
                "192.168.1.102",
                "fe80::b1a0:c04c:13f6:7545",
                "172.29.64.1",
                "fe80::c5b2:4950:2d20:bb68",
                "172.28.176.1",
                "fe80::d003:415c:ba1e:166c",
                "172.25.64.1",
                "fe80::b8d9:d9dd:b164:c469",
                "169.254.196.105"
            ]
        },
        "winlog": {
            "task": "Process Create (rule: ProcessCreate)",
            "provider_name": "Microsoft-Windows-Sysmon",
            "event_data": {
                "Image": "C:\\Windows\\System32\\conhost.exe",
                "Company": "Microsoft Corporation",
                "RuleName": "-",
                "CurrentDirectory": "C:\\Windows",
                "LogonGuid": "{dd01dab0-9c1c-6335-501d-c42000000000}",
                "ParentProcessGuid": "{dd01dab0-7334-6338-ba2c-010000004000}",
                "ParentProcessId": "12988",
                "ProcessGuid": "{dd01dab0-7334-6338-bb2c-010000004000}",
                "ParentCommandLine": "\"C:\\Program Files\\JetBrains\\PyCharm 2021.3\\bin\\runnerw.exe\" \"C:\\Program Files\\Git\\cmd\\git.exe\" -c credential.helper= -c core.quotepath=false -c log.showSignature=false status --porcelain -z --untracked-files=no --ignored=no -- client/sysmon/logs.py client/sysmon/sample_configs/sysmonconfig-export.xml client/sysmon/sysmon_configs/sysmonconfig-export.xml client/sysmon/winlogbeat/bat_files/check.bat client/sysmon/winlogbeat/bat_files/install.bat client/sysmon/winlogbeat/bat_files/start.bat client/sysmon/winlogbeat/bat_files/stop.bat client/sysmon/winlogbeat/winlogbeat_interface.py client/tempfiles/Logs/Sysmon/sysmon-logs-1.json client/tempfiles/Logs/Sysmon/winlogbeat-20221001-1.ndjson client/tempfiles/Logs/Sysmon/winlogbeat-20221001-3.ndjson client/tempfiles/Logs/Sysmon/winlogbeat-20221001-4.ndjson client/winlogbeat/bat_files/check.bat client/winlogbeat/bat_files/install.bat client/winlogbeat/bat_files/start.bat client/winlogbeat/bat_files/stop.bat client/winlogbeat/winlogbeat_interface.py",
                "Product": "Microsoft\u00c2\u00ae Windows\u00c2\u00ae Operating System",
                "ProcessId": "14396",
                "OriginalFileName": "CONHOST.EXE",
                "CommandLine": "\\??\\C:\\Windows\\system32\\conhost.exe 0xffffffff -ForceV1",
                "ParentUser": "ELMO\\mrdor",
                "FileVersion": "10.0.19041.1566 (WinBuild.160101.0800)",
                "Description": "Console Window Host",
                "LogonId": "0x20c41d50",
                "IntegrityLevel": "High",
                "ParentImage": "C:\\Program Files\\JetBrains\\PyCharm 2021.3\\bin\\runnerw.exe",
                "TerminalSessionId": "4",
                "Hashes": "MD5=0D698AF330FD17BEE3BF90011D49251D,SHA256=3C1C6D813D2B031D988204155FC198FE4F32FF56C05DABBCFCD5486131F4FB9D",
                "UtcTime": "2022-10-01 17:04:52.300",
                "User": "ELMO\\mrdor"
            },
            "computer_name": "Elmo",
            "provider_guid": "{5770385f-c22a-43e0-bf4c-06f5698ffbd9}"
        }
    },
    "18": {
        "@timestamp": "2022-10-01T17:04:52.427Z",
        "host": {
            "ip": [
                "fe80::a124:aaad:caaa:fa18",
                "169.254.250.24",
                "fe80::6190:cebb:c47a:6085",
                "169.254.96.133",
                "fe80::64c9:75f2:e438:b0d8",
                "172.18.80.1",
                "fe80::d190:aca4:5de:d03c",
                "172.27.96.1",
                "fe80::b4d7:de0d:3edb:1bc4",
                "192.168.56.1",
                "fe80::f4db:5a2e:ad57:1420",
                "169.254.20.32",
                "fe80::d555:f80:832f:7ce5",
                "169.254.124.229",
                "fe80::9810:b4f4:77ea:e9a6",
                "169.254.233.166",
                "fe80::28a0:2b41:f083:29b0",
                "192.168.1.102",
                "fe80::b1a0:c04c:13f6:7545",
                "172.29.64.1",
                "fe80::c5b2:4950:2d20:bb68",
                "172.28.176.1",
                "fe80::d003:415c:ba1e:166c",
                "172.25.64.1",
                "fe80::b8d9:d9dd:b164:c469",
                "169.254.196.105"
            ],
            "name": "Elmo"
        },
        "winlog": {
            "provider_name": "Microsoft-Windows-Sysmon",
            "provider_guid": "{5770385f-c22a-43e0-bf4c-06f5698ffbd9}",
            "computer_name": "Elmo",
            "event_data": {
                "User": "ELMO\\mrdor",
                "Product": "Microsoft\u00c2\u00ae Windows\u00c2\u00ae Operating System",
                "ProcessGuid": "{dd01dab0-7334-6338-bf2c-010000004000}",
                "ParentProcessGuid": "{dd01dab0-7334-6338-be2c-010000004000}",
                "UtcTime": "2022-10-01 17:04:52.425",
                "IntegrityLevel": "High",
                "RuleName": "-",
                "LogonId": "0x20c41d50",
                "TerminalSessionId": "4",
                "Description": "Console Window Host",
                "ParentProcessId": "8392",
                "Company": "Microsoft Corporation",
                "CurrentDirectory": "C:\\Windows",
                "FileVersion": "10.0.19041.1566 (WinBuild.160101.0800)",
                "ProcessId": "6492",
                "Image": "C:\\Windows\\System32\\conhost.exe",
                "CommandLine": "\\??\\C:\\Windows\\system32\\conhost.exe 0xffffffff -ForceV1",
                "ParentImage": "C:\\Users\\mrdor\\PycharmProjects\\Kashf\\venv\\Scripts\\python.exe",
                "ParentCommandLine": "C:\\Users\\mrdor\\PycharmProjects\\Kashf\\venv\\Scripts\\python.exe \"C:\\Program Files\\JetBrains\\PyCharm 2021.3\\plugins\\python\\helpers\\pycodestyle.py\" --max-line-length=120 -",
                "OriginalFileName": "CONHOST.EXE",
                "ParentUser": "ELMO\\mrdor",
                "LogonGuid": "{dd01dab0-9c1c-6335-501d-c42000000000}",
                "Hashes": "MD5=0D698AF330FD17BEE3BF90011D49251D,SHA256=3C1C6D813D2B031D988204155FC198FE4F32FF56C05DABBCFCD5486131F4FB9D"
            },
            "task": "Process Create (rule: ProcessCreate)"
        }
    },
    "19": {
        "@timestamp": "2022-10-01T17:04:52.730Z",
        "winlog": {
            "event_data": {
                "ParentImage": "C:\\Users\\mrdor\\PycharmProjects\\Hunterbee\\venv\\Scripts\\python.exe",
                "Description": "Console Window Host",
                "ParentProcessId": "12872",
                "FileVersion": "10.0.19041.1566 (WinBuild.160101.0800)",
                "Product": "Microsoft\u00c2\u00ae Windows\u00c2\u00ae Operating System",
                "CommandLine": "\\??\\C:\\Windows\\system32\\conhost.exe 0xffffffff -ForceV1",
                "User": "ELMO\\mrdor",
                "ProcessGuid": "{dd01dab0-7334-6338-c22c-010000004000}",
                "ParentCommandLine": "C:\\Users\\mrdor\\PycharmProjects\\Hunterbee\\venv\\Scripts\\python.exe \"C:\\Program Files\\JetBrains\\PyCharm 2021.3\\plugins\\python\\helpers\\pycodestyle.py\" --max-line-length=120 -",
                "ParentProcessGuid": "{dd01dab0-7334-6338-c12c-010000004000}",
                "OriginalFileName": "CONHOST.EXE",
                "UtcTime": "2022-10-01 17:04:52.728",
                "Image": "C:\\Windows\\System32\\conhost.exe",
                "ParentUser": "ELMO\\mrdor",
                "RuleName": "-",
                "ProcessId": "16908",
                "IntegrityLevel": "High",
                "Company": "Microsoft Corporation",
                "LogonId": "0x20c41d50",
                "LogonGuid": "{dd01dab0-9c1c-6335-501d-c42000000000}",
                "Hashes": "MD5=0D698AF330FD17BEE3BF90011D49251D,SHA256=3C1C6D813D2B031D988204155FC198FE4F32FF56C05DABBCFCD5486131F4FB9D",
                "CurrentDirectory": "C:\\Windows",
                "TerminalSessionId": "4"
            },
            "provider_name": "Microsoft-Windows-Sysmon",
            "task": "Process Create (rule: ProcessCreate)",
            "computer_name": "Elmo",
            "provider_guid": "{5770385f-c22a-43e0-bf4c-06f5698ffbd9}"
        },
        "host": {
            "name": "Elmo",
            "ip": [
                "fe80::a124:aaad:caaa:fa18",
                "169.254.250.24",
                "fe80::6190:cebb:c47a:6085",
                "169.254.96.133",
                "fe80::64c9:75f2:e438:b0d8",
                "172.18.80.1",
                "fe80::d190:aca4:5de:d03c",
                "172.27.96.1",
                "fe80::b4d7:de0d:3edb:1bc4",
                "192.168.56.1",
                "fe80::f4db:5a2e:ad57:1420",
                "169.254.20.32",
                "fe80::d555:f80:832f:7ce5",
                "169.254.124.229",
                "fe80::9810:b4f4:77ea:e9a6",
                "169.254.233.166",
                "fe80::28a0:2b41:f083:29b0",
                "192.168.1.102",
                "fe80::b1a0:c04c:13f6:7545",
                "172.29.64.1",
                "fe80::c5b2:4950:2d20:bb68",
                "172.28.176.1",
                "fe80::d003:415c:ba1e:166c",
                "172.25.64.1",
                "fe80::b8d9:d9dd:b164:c469",
                "169.254.196.105"
            ]
        }
    },
    "20": {
        "@timestamp": "2022-10-01T17:05:11.045Z",
        "winlog": {
            "provider_name": "Microsoft-Windows-Sysmon",
            "event_data": {
                "ParentImage": "C:\\Program Files\\JetBrains\\PyCharm 2021.3\\bin\\pycharm64.exe",
                "IntegrityLevel": "High",
                "CommandLine": "\"C:\\Program Files\\JetBrains\\PyCharm 2021.3\\bin\\runnerw.exe\" \"C:\\Program Files\\Git\\cmd\\git.exe\" -c credential.helper= -c core.quotepath=false -c log.showSignature=false status --porcelain -z --untracked-files=no --ignored=no -- client/sysmon/logs.py client/sysmon/sample_configs/sysmonconfig-export.xml client/sysmon/sysmon_configs/sysmonconfig-export.xml client/sysmon/winlogbeat/bat_files/check.bat client/sysmon/winlogbeat/bat_files/install.bat client/sysmon/winlogbeat/bat_files/start.bat client/sysmon/winlogbeat/bat_files/stop.bat client/sysmon/winlogbeat/winlogbeat_interface.py client/tempfiles/Logs/Sysmon/winlogbeat-20221001-5.ndjson client/winlogbeat/bat_files/check.bat client/winlogbeat/bat_files/install.bat client/winlogbeat/bat_files/start.bat client/winlogbeat/bat_files/stop.bat client/winlogbeat/winlogbeat_interface.py",
                "LogonGuid": "{dd01dab0-9c1c-6335-501d-c42000000000}",
                "Product": "IntelliJ Platform",
                "CurrentDirectory": "C:\\Users\\mrdor\\PycharmProjects\\Hunterbee\\",
                "ProcessId": "18744",
                "FileVersion": "1.0.0.1",
                "Hashes": "MD5=23E6EC0009C0C7081DB498A691B89E87,SHA256=4B763DE958DD9B0C8F9390EC8D033AD848D3BD432AA031BAA8911B1AD8914E13",
                "Image": "C:\\Program Files\\JetBrains\\PyCharm 2021.3\\bin\\runnerw.exe",
                "ParentProcessGuid": "{dd01dab0-5d45-6338-f024-010000004000}",
                "TerminalSessionId": "4",
                "Company": "JetBrains s.r.o.",
                "User": "ELMO\\mrdor",
                "ParentUser": "ELMO\\mrdor",
                "OriginalFileName": "runnerw.exe",
                "ParentProcessId": "5728",
                "ProcessGuid": "{dd01dab0-7347-6338-c42c-010000004000}",
                "Description": "Command line runner",
                "ParentCommandLine": "\"C:\\Program Files\\JetBrains\\PyCharm 2021.3\\bin\\pycharm64.exe\" ",
                "LogonId": "0x20c41d50",
                "RuleName": "-",
                "UtcTime": "2022-10-01 17:05:11.043"
            },
            "computer_name": "Elmo",
            "provider_guid": "{5770385f-c22a-43e0-bf4c-06f5698ffbd9}",
            "task": "Process Create (rule: ProcessCreate)"
        },
        "host": {
            "name": "Elmo",
            "ip": [
                "fe80::a124:aaad:caaa:fa18",
                "169.254.250.24",
                "fe80::6190:cebb:c47a:6085",
                "169.254.96.133",
                "fe80::64c9:75f2:e438:b0d8",
                "172.18.80.1",
                "fe80::d190:aca4:5de:d03c",
                "172.27.96.1",
                "fe80::b4d7:de0d:3edb:1bc4",
                "192.168.56.1",
                "fe80::f4db:5a2e:ad57:1420",
                "169.254.20.32",
                "fe80::d555:f80:832f:7ce5",
                "169.254.124.229",
                "fe80::9810:b4f4:77ea:e9a6",
                "169.254.233.166",
                "fe80::28a0:2b41:f083:29b0",
                "192.168.1.102",
                "fe80::b1a0:c04c:13f6:7545",
                "172.29.64.1",
                "fe80::c5b2:4950:2d20:bb68",
                "172.28.176.1",
                "fe80::d003:415c:ba1e:166c",
                "172.25.64.1",
                "fe80::b8d9:d9dd:b164:c469",
                "169.254.196.105"
            ]
        }
    },
    "21": {
        "@timestamp": "2022-10-01T17:05:11.050Z",
        "host": {
            "name": "Elmo",
            "ip": [
                "fe80::a124:aaad:caaa:fa18",
                "169.254.250.24",
                "fe80::6190:cebb:c47a:6085",
                "169.254.96.133",
                "fe80::64c9:75f2:e438:b0d8",
                "172.18.80.1",
                "fe80::d190:aca4:5de:d03c",
                "172.27.96.1",
                "fe80::b4d7:de0d:3edb:1bc4",
                "192.168.56.1",
                "fe80::f4db:5a2e:ad57:1420",
                "169.254.20.32",
                "fe80::d555:f80:832f:7ce5",
                "169.254.124.229",
                "fe80::9810:b4f4:77ea:e9a6",
                "169.254.233.166",
                "fe80::28a0:2b41:f083:29b0",
                "192.168.1.102",
                "fe80::b1a0:c04c:13f6:7545",
                "172.29.64.1",
                "fe80::c5b2:4950:2d20:bb68",
                "172.28.176.1",
                "fe80::d003:415c:ba1e:166c",
                "172.25.64.1",
                "fe80::b8d9:d9dd:b164:c469",
                "169.254.196.105"
            ]
        },
        "winlog": {
            "computer_name": "Elmo",
            "event_data": {
                "Hashes": "MD5=0D698AF330FD17BEE3BF90011D49251D,SHA256=3C1C6D813D2B031D988204155FC198FE4F32FF56C05DABBCFCD5486131F4FB9D",
                "RuleName": "-",
                "Product": "Microsoft\u00c2\u00ae Windows\u00c2\u00ae Operating System",
                "ParentProcessId": "18744",
                "ParentProcessGuid": "{dd01dab0-7347-6338-c42c-010000004000}",
                "Company": "Microsoft Corporation",
                "CommandLine": "\\??\\C:\\Windows\\system32\\conhost.exe 0xffffffff -ForceV1",
                "User": "ELMO\\mrdor",
                "LogonGuid": "{dd01dab0-9c1c-6335-501d-c42000000000}",
                "UtcTime": "2022-10-01 17:05:11.047",
                "Description": "Console Window Host",
                "CurrentDirectory": "C:\\Windows",
                "ProcessGuid": "{dd01dab0-7347-6338-c52c-010000004000}",
                "OriginalFileName": "CONHOST.EXE",
                "FileVersion": "10.0.19041.1566 (WinBuild.160101.0800)",
                "ParentImage": "C:\\Program Files\\JetBrains\\PyCharm 2021.3\\bin\\runnerw.exe",
                "ParentCommandLine": "\"C:\\Program Files\\JetBrains\\PyCharm 2021.3\\bin\\runnerw.exe\" \"C:\\Program Files\\Git\\cmd\\git.exe\" -c credential.helper= -c core.quotepath=false -c log.showSignature=false status --porcelain -z --untracked-files=no --ignored=no -- client/sysmon/logs.py client/sysmon/sample_configs/sysmonconfig-export.xml client/sysmon/sysmon_configs/sysmonconfig-export.xml client/sysmon/winlogbeat/bat_files/check.bat client/sysmon/winlogbeat/bat_files/install.bat client/sysmon/winlogbeat/bat_files/start.bat client/sysmon/winlogbeat/bat_files/stop.bat client/sysmon/winlogbeat/winlogbeat_interface.py client/tempfiles/Logs/Sysmon/winlogbeat-20221001-5.ndjson client/winlogbeat/bat_files/check.bat client/winlogbeat/bat_files/install.bat client/winlogbeat/bat_files/start.bat client/winlogbeat/bat_files/stop.bat client/winlogbeat/winlogbeat_interface.py",
                "IntegrityLevel": "High",
                "TerminalSessionId": "4",
                "Image": "C:\\Windows\\System32\\conhost.exe",
                "ProcessId": "4980",
                "ParentUser": "ELMO\\mrdor",
                "LogonId": "0x20c41d50"
            },
            "provider_guid": "{5770385f-c22a-43e0-bf4c-06f5698ffbd9}",
            "provider_name": "Microsoft-Windows-Sysmon",
            "task": "Process Create (rule: ProcessCreate)"
        }
    },
    "22": {
        "@timestamp": "2022-10-01T17:05:11.281Z",
        "host": {
            "ip": [
                "fe80::a124:aaad:caaa:fa18",
                "169.254.250.24",
                "fe80::6190:cebb:c47a:6085",
                "169.254.96.133",
                "fe80::64c9:75f2:e438:b0d8",
                "172.18.80.1",
                "fe80::d190:aca4:5de:d03c",
                "172.27.96.1",
                "fe80::b4d7:de0d:3edb:1bc4",
                "192.168.56.1",
                "fe80::f4db:5a2e:ad57:1420",
                "169.254.20.32",
                "fe80::d555:f80:832f:7ce5",
                "169.254.124.229",
                "fe80::9810:b4f4:77ea:e9a6",
                "169.254.233.166",
                "fe80::28a0:2b41:f083:29b0",
                "192.168.1.102",
                "fe80::b1a0:c04c:13f6:7545",
                "172.29.64.1",
                "fe80::c5b2:4950:2d20:bb68",
                "172.28.176.1",
                "fe80::d003:415c:ba1e:166c",
                "172.25.64.1",
                "fe80::b8d9:d9dd:b164:c469",
                "169.254.196.105"
            ],
            "name": "Elmo"
        },
        "winlog": {
            "provider_name": "Microsoft-Windows-Sysmon",
            "computer_name": "Elmo",
            "provider_guid": "{5770385f-c22a-43e0-bf4c-06f5698ffbd9}",
            "task": "Process Create (rule: ProcessCreate)",
            "event_data": {
                "CommandLine": "\\??\\C:\\Windows\\system32\\conhost.exe 0xffffffff -ForceV1",
                "IntegrityLevel": "High",
                "Image": "C:\\Windows\\System32\\conhost.exe",
                "RuleName": "-",
                "Product": "Microsoft\u00c2\u00ae Windows\u00c2\u00ae Operating System",
                "Hashes": "MD5=0D698AF330FD17BEE3BF90011D49251D,SHA256=3C1C6D813D2B031D988204155FC198FE4F32FF56C05DABBCFCD5486131F4FB9D",
                "ParentUser": "ELMO\\mrdor",
                "LogonId": "0x20c41d50",
                "UtcTime": "2022-10-01 17:05:11.279",
                "OriginalFileName": "CONHOST.EXE",
                "ParentImage": "C:\\Users\\mrdor\\PycharmProjects\\Kashf\\venv\\Scripts\\python.exe",
                "FileVersion": "10.0.19041.1566 (WinBuild.160101.0800)",
                "TerminalSessionId": "4",
                "ProcessId": "21708",
                "Company": "Microsoft Corporation",
                "ParentCommandLine": "C:\\Users\\mrdor\\PycharmProjects\\Kashf\\venv\\Scripts\\python.exe \"C:\\Program Files\\JetBrains\\PyCharm 2021.3\\plugins\\python\\helpers\\pycodestyle.py\" --max-line-length=120 -",
                "Description": "Console Window Host",
                "LogonGuid": "{dd01dab0-9c1c-6335-501d-c42000000000}",
                "CurrentDirectory": "C:\\Windows",
                "ParentProcessId": "20596",
                "ParentProcessGuid": "{dd01dab0-7347-6338-c82c-010000004000}",
                "User": "ELMO\\mrdor",
                "ProcessGuid": "{dd01dab0-7347-6338-c92c-010000004000}"
            }
        }
    },
    "23": {
        "@timestamp": "2022-10-01T17:05:11.553Z",
        "host": {
            "ip": [
                "fe80::a124:aaad:caaa:fa18",
                "169.254.250.24",
                "fe80::6190:cebb:c47a:6085",
                "169.254.96.133",
                "fe80::64c9:75f2:e438:b0d8",
                "172.18.80.1",
                "fe80::d190:aca4:5de:d03c",
                "172.27.96.1",
                "fe80::b4d7:de0d:3edb:1bc4",
                "192.168.56.1",
                "fe80::f4db:5a2e:ad57:1420",
                "169.254.20.32",
                "fe80::d555:f80:832f:7ce5",
                "169.254.124.229",
                "fe80::9810:b4f4:77ea:e9a6",
                "169.254.233.166",
                "fe80::28a0:2b41:f083:29b0",
                "192.168.1.102",
                "fe80::b1a0:c04c:13f6:7545",
                "172.29.64.1",
                "fe80::c5b2:4950:2d20:bb68",
                "172.28.176.1",
                "fe80::d003:415c:ba1e:166c",
                "172.25.64.1",
                "fe80::b8d9:d9dd:b164:c469",
                "169.254.196.105"
            ],
            "name": "Elmo"
        },
        "winlog": {
            "provider_guid": "{5770385f-c22a-43e0-bf4c-06f5698ffbd9}",
            "event_data": {
                "UtcTime": "2022-10-01 17:05:11.551",
                "LogonId": "0x20c41d50",
                "ProcessGuid": "{dd01dab0-7347-6338-cc2c-010000004000}",
                "Product": "Microsoft\u00c2\u00ae Windows\u00c2\u00ae Operating System",
                "Company": "Microsoft Corporation",
                "Image": "C:\\Windows\\System32\\conhost.exe",
                "ParentUser": "ELMO\\mrdor",
                "User": "ELMO\\mrdor",
                "IntegrityLevel": "High",
                "ParentProcessId": "9588",
                "ParentCommandLine": "C:\\Users\\mrdor\\PycharmProjects\\Hunterbee\\venv\\Scripts\\python.exe \"C:\\Program Files\\JetBrains\\PyCharm 2021.3\\plugins\\python\\helpers\\pycodestyle.py\" --max-line-length=120 -",
                "Description": "Console Window Host",
                "CommandLine": "\\??\\C:\\Windows\\system32\\conhost.exe 0xffffffff -ForceV1",
                "RuleName": "-",
                "LogonGuid": "{dd01dab0-9c1c-6335-501d-c42000000000}",
                "Hashes": "MD5=0D698AF330FD17BEE3BF90011D49251D,SHA256=3C1C6D813D2B031D988204155FC198FE4F32FF56C05DABBCFCD5486131F4FB9D",
                "ParentImage": "C:\\Users\\mrdor\\PycharmProjects\\Hunterbee\\venv\\Scripts\\python.exe",
                "ParentProcessGuid": "{dd01dab0-7347-6338-cb2c-010000004000}",
                "ProcessId": "7628",
                "FileVersion": "10.0.19041.1566 (WinBuild.160101.0800)",
                "TerminalSessionId": "4",
                "OriginalFileName": "CONHOST.EXE",
                "CurrentDirectory": "C:\\Windows"
            },
            "task": "Process Create (rule: ProcessCreate)",
            "computer_name": "Elmo",
            "provider_name": "Microsoft-Windows-Sysmon"
        }
    },
    "24": {
        "@timestamp": "2022-10-01T17:05:24.255Z",
        "winlog": {
            "computer_name": "Elmo",
            "task": "Process Create (rule: ProcessCreate)",
            "provider_name": "Microsoft-Windows-Sysmon",
            "provider_guid": "{5770385f-c22a-43e0-bf4c-06f5698ffbd9}",
            "event_data": {
                "CurrentDirectory": "C:\\Windows",
                "Hashes": "MD5=0D698AF330FD17BEE3BF90011D49251D,SHA256=3C1C6D813D2B031D988204155FC198FE4F32FF56C05DABBCFCD5486131F4FB9D",
                "OriginalFileName": "CONHOST.EXE",
                "LogonId": "0x20c41d50",
                "ProcessId": "2152",
                "Image": "C:\\Windows\\System32\\conhost.exe",
                "ParentCommandLine": "C:\\Users\\mrdor\\PycharmProjects\\Hunterbee\\venv\\Scripts\\python.exe \"C:\\Program Files\\JetBrains\\PyCharm 2021.3\\plugins\\python\\helpers\\pycodestyle.py\" --max-line-length=120 -",
                "Description": "Console Window Host",
                "IntegrityLevel": "High",
                "CommandLine": "\\??\\C:\\Windows\\system32\\conhost.exe 0xffffffff -ForceV1",
                "LogonGuid": "{dd01dab0-9c1c-6335-501d-c42000000000}",
                "Product": "Microsoft\u00c2\u00ae Windows\u00c2\u00ae Operating System",
                "User": "ELMO\\mrdor",
                "RuleName": "-",
                "FileVersion": "10.0.19041.1566 (WinBuild.160101.0800)",
                "ParentProcessGuid": "{dd01dab0-7354-6338-ce2c-010000004000}",
                "ParentProcessId": "2548",
                "UtcTime": "2022-10-01 17:05:24.253",
                "Company": "Microsoft Corporation",
                "ProcessGuid": "{dd01dab0-7354-6338-cf2c-010000004000}",
                "TerminalSessionId": "4",
                "ParentImage": "C:\\Users\\mrdor\\PycharmProjects\\Hunterbee\\venv\\Scripts\\python.exe",
                "ParentUser": "ELMO\\mrdor"
            }
        },
        "host": {
            "ip": [
                "fe80::a124:aaad:caaa:fa18",
                "169.254.250.24",
                "fe80::6190:cebb:c47a:6085",
                "169.254.96.133",
                "fe80::64c9:75f2:e438:b0d8",
                "172.18.80.1",
                "fe80::d190:aca4:5de:d03c",
                "172.27.96.1",
                "fe80::b4d7:de0d:3edb:1bc4",
                "192.168.56.1",
                "fe80::f4db:5a2e:ad57:1420",
                "169.254.20.32",
                "fe80::d555:f80:832f:7ce5",
                "169.254.124.229",
                "fe80::9810:b4f4:77ea:e9a6",
                "169.254.233.166",
                "fe80::28a0:2b41:f083:29b0",
                "192.168.1.102",
                "fe80::b1a0:c04c:13f6:7545",
                "172.29.64.1",
                "fe80::c5b2:4950:2d20:bb68",
                "172.28.176.1",
                "fe80::d003:415c:ba1e:166c",
                "172.25.64.1",
                "fe80::b8d9:d9dd:b164:c469",
                "169.254.196.105"
            ],
            "name": "Elmo"
        }
    },
    "25": {
        "@timestamp": "2022-10-01T17:05:25.034Z",
        "winlog": {
            "task": "Process Create (rule: ProcessCreate)",
            "provider_guid": "{5770385f-c22a-43e0-bf4c-06f5698ffbd9}",
            "computer_name": "Elmo",
            "event_data": {
                "TerminalSessionId": "4",
                "Image": "C:\\Program Files\\JetBrains\\PyCharm 2021.3\\bin\\runnerw.exe",
                "Product": "IntelliJ Platform",
                "LogonGuid": "{dd01dab0-9c1c-6335-501d-c42000000000}",
                "OriginalFileName": "runnerw.exe",
                "ProcessGuid": "{dd01dab0-7355-6338-d12c-010000004000}",
                "FileVersion": "1.0.0.1",
                "RuleName": "-",
                "ProcessId": "2196",
                "Hashes": "MD5=23E6EC0009C0C7081DB498A691B89E87,SHA256=4B763DE958DD9B0C8F9390EC8D033AD848D3BD432AA031BAA8911B1AD8914E13",
                "UtcTime": "2022-10-01 17:05:25.029",
                "CommandLine": "\"C:\\Program Files\\JetBrains\\PyCharm 2021.3\\bin\\runnerw.exe\" \"C:\\Program Files\\Git\\cmd\\git.exe\" -c credential.helper= -c core.quotepath=false -c log.showSignature=false status --porcelain -z --untracked-files=no --ignored=no -- .idea/workspace.xml client/sysmon/logs.py client/sysmon/sample_configs/sysmonconfig-export.xml client/sysmon/sysmon_configs/sysmonconfig-export.xml client/sysmon/winlogbeat/bat_files/check.bat client/sysmon/winlogbeat/bat_files/install.bat client/sysmon/winlogbeat/bat_files/start.bat client/sysmon/winlogbeat/bat_files/stop.bat client/sysmon/winlogbeat/winlogbeat_interface.py client/utils.py client/winlogbeat/bat_files/check.bat client/winlogbeat/bat_files/install.bat client/winlogbeat/bat_files/start.bat client/winlogbeat/bat_files/stop.bat client/winlogbeat/winlogbeat_interface.py",
                "ParentUser": "ELMO\\mrdor",
                "ParentProcessGuid": "{dd01dab0-5d45-6338-f024-010000004000}",
                "ParentProcessId": "5728",
                "ParentImage": "C:\\Program Files\\JetBrains\\PyCharm 2021.3\\bin\\pycharm64.exe",
                "LogonId": "0x20c41d50",
                "CurrentDirectory": "C:\\Users\\mrdor\\PycharmProjects\\Hunterbee\\",
                "Company": "JetBrains s.r.o.",
                "User": "ELMO\\mrdor",
                "ParentCommandLine": "\"C:\\Program Files\\JetBrains\\PyCharm 2021.3\\bin\\pycharm64.exe\" ",
                "Description": "Command line runner",
                "IntegrityLevel": "High"
            },
            "provider_name": "Microsoft-Windows-Sysmon"
        },
        "host": {
            "ip": [
                "fe80::a124:aaad:caaa:fa18",
                "169.254.250.24",
                "fe80::6190:cebb:c47a:6085",
                "169.254.96.133",
                "fe80::64c9:75f2:e438:b0d8",
                "172.18.80.1",
                "fe80::d190:aca4:5de:d03c",
                "172.27.96.1",
                "fe80::b4d7:de0d:3edb:1bc4",
                "192.168.56.1",
                "fe80::f4db:5a2e:ad57:1420",
                "169.254.20.32",
                "fe80::d555:f80:832f:7ce5",
                "169.254.124.229",
                "fe80::9810:b4f4:77ea:e9a6",
                "169.254.233.166",
                "fe80::28a0:2b41:f083:29b0",
                "192.168.1.102",
                "fe80::b1a0:c04c:13f6:7545",
                "172.29.64.1",
                "fe80::c5b2:4950:2d20:bb68",
                "172.28.176.1",
                "fe80::d003:415c:ba1e:166c",
                "172.25.64.1",
                "fe80::b8d9:d9dd:b164:c469",
                "169.254.196.105"
            ],
            "name": "Elmo"
        }
    },
    "26": {
        "@timestamp": "2022-10-01T17:05:25.044Z",
        "host": {
            "ip": [
                "fe80::a124:aaad:caaa:fa18",
                "169.254.250.24",
                "fe80::6190:cebb:c47a:6085",
                "169.254.96.133",
                "fe80::64c9:75f2:e438:b0d8",
                "172.18.80.1",
                "fe80::d190:aca4:5de:d03c",
                "172.27.96.1",
                "fe80::b4d7:de0d:3edb:1bc4",
                "192.168.56.1",
                "fe80::f4db:5a2e:ad57:1420",
                "169.254.20.32",
                "fe80::d555:f80:832f:7ce5",
                "169.254.124.229",
                "fe80::9810:b4f4:77ea:e9a6",
                "169.254.233.166",
                "fe80::28a0:2b41:f083:29b0",
                "192.168.1.102",
                "fe80::b1a0:c04c:13f6:7545",
                "172.29.64.1",
                "fe80::c5b2:4950:2d20:bb68",
                "172.28.176.1",
                "fe80::d003:415c:ba1e:166c",
                "172.25.64.1",
                "fe80::b8d9:d9dd:b164:c469",
                "169.254.196.105"
            ],
            "name": "Elmo"
        },
        "winlog": {
            "computer_name": "Elmo",
            "provider_guid": "{5770385f-c22a-43e0-bf4c-06f5698ffbd9}",
            "provider_name": "Microsoft-Windows-Sysmon",
            "event_data": {
                "CommandLine": "\\??\\C:\\Windows\\system32\\conhost.exe 0xffffffff -ForceV1",
                "LogonId": "0x20c41d50",
                "Company": "Microsoft Corporation",
                "TerminalSessionId": "4",
                "RuleName": "-",
                "OriginalFileName": "CONHOST.EXE",
                "IntegrityLevel": "High",
                "ParentCommandLine": "\"C:\\Program Files\\JetBrains\\PyCharm 2021.3\\bin\\runnerw.exe\" \"C:\\Program Files\\Git\\cmd\\git.exe\" -c credential.helper= -c core.quotepath=false -c log.showSignature=false status --porcelain -z --untracked-files=no --ignored=no -- .idea/workspace.xml client/sysmon/logs.py client/sysmon/sample_configs/sysmonconfig-export.xml client/sysmon/sysmon_configs/sysmonconfig-export.xml client/sysmon/winlogbeat/bat_files/check.bat client/sysmon/winlogbeat/bat_files/install.bat client/sysmon/winlogbeat/bat_files/start.bat client/sysmon/winlogbeat/bat_files/stop.bat client/sysmon/winlogbeat/winlogbeat_interface.py client/utils.py client/winlogbeat/bat_files/check.bat client/winlogbeat/bat_files/install.bat client/winlogbeat/bat_files/start.bat client/winlogbeat/bat_files/stop.bat client/winlogbeat/winlogbeat_interface.py",
                "Description": "Console Window Host",
                "Hashes": "MD5=0D698AF330FD17BEE3BF90011D49251D,SHA256=3C1C6D813D2B031D988204155FC198FE4F32FF56C05DABBCFCD5486131F4FB9D",
                "ParentProcessGuid": "{dd01dab0-7355-6338-d12c-010000004000}",
                "ParentProcessId": "2196",
                "UtcTime": "2022-10-01 17:05:25.039",
                "ProcessId": "14720",
                "Product": "Microsoft\u00c2\u00ae Windows\u00c2\u00ae Operating System",
                "Image": "C:\\Windows\\System32\\conhost.exe",
                "User": "ELMO\\mrdor",
                "LogonGuid": "{dd01dab0-9c1c-6335-501d-c42000000000}",
                "FileVersion": "10.0.19041.1566 (WinBuild.160101.0800)",
                "CurrentDirectory": "C:\\Windows",
                "ParentUser": "ELMO\\mrdor",
                "ParentImage": "C:\\Program Files\\JetBrains\\PyCharm 2021.3\\bin\\runnerw.exe",
                "ProcessGuid": "{dd01dab0-7355-6338-d22c-010000004000}"
            },
            "task": "Process Create (rule: ProcessCreate)"
        }
    },
    "27": {
        "@timestamp": "2022-10-01T17:05:25.138Z",
        "host": {
            "name": "Elmo",
            "ip": [
                "fe80::a124:aaad:caaa:fa18",
                "169.254.250.24",
                "fe80::6190:cebb:c47a:6085",
                "169.254.96.133",
                "fe80::64c9:75f2:e438:b0d8",
                "172.18.80.1",
                "fe80::d190:aca4:5de:d03c",
                "172.27.96.1",
                "fe80::b4d7:de0d:3edb:1bc4",
                "192.168.56.1",
                "fe80::f4db:5a2e:ad57:1420",
                "169.254.20.32",
                "fe80::d555:f80:832f:7ce5",
                "169.254.124.229",
                "fe80::9810:b4f4:77ea:e9a6",
                "169.254.233.166",
                "fe80::28a0:2b41:f083:29b0",
                "192.168.1.102",
                "fe80::b1a0:c04c:13f6:7545",
                "172.29.64.1",
                "fe80::c5b2:4950:2d20:bb68",
                "172.28.176.1",
                "fe80::d003:415c:ba1e:166c",
                "172.25.64.1",
                "fe80::b8d9:d9dd:b164:c469",
                "169.254.196.105"
            ]
        },
        "winlog": {
            "provider_guid": "{5770385f-c22a-43e0-bf4c-06f5698ffbd9}",
            "provider_name": "Microsoft-Windows-Sysmon",
            "task": "Process Create (rule: ProcessCreate)",
            "event_data": {
                "LogonGuid": "{dd01dab0-9c1c-6335-501d-c42000000000}",
                "CurrentDirectory": "C:\\Users\\mrdor\\PycharmProjects\\Hunterbee\\",
                "User": "ELMO\\mrdor",
                "UtcTime": "2022-10-01 17:05:25.134",
                "ParentImage": "C:\\Program Files\\JetBrains\\PyCharm 2021.3\\bin\\pycharm64.exe",
                "ParentProcessGuid": "{dd01dab0-5d45-6338-f024-010000004000}",
                "ProcessId": "21220",
                "Description": "Command line runner",
                "Hashes": "MD5=23E6EC0009C0C7081DB498A691B89E87,SHA256=4B763DE958DD9B0C8F9390EC8D033AD848D3BD432AA031BAA8911B1AD8914E13",
                "ParentProcessId": "5728",
                "Image": "C:\\Program Files\\JetBrains\\PyCharm 2021.3\\bin\\runnerw.exe",
                "FileVersion": "1.0.0.1",
                "Company": "JetBrains s.r.o.",
                "CommandLine": "\"C:\\Program Files\\JetBrains\\PyCharm 2021.3\\bin\\runnerw.exe\" \"C:\\Program Files\\Git\\cmd\\git.exe\" -c credential.helper= -c core.quotepath=false -c log.showSignature=false diff --name-status --no-renames HEAD -- client/utils.py",
                "TerminalSessionId": "4",
                "ParentUser": "ELMO\\mrdor",
                "RuleName": "-",
                "LogonId": "0x20c41d50",
                "ProcessGuid": "{dd01dab0-7355-6338-d52c-010000004000}",
                "IntegrityLevel": "High",
                "OriginalFileName": "runnerw.exe",
                "ParentCommandLine": "\"C:\\Program Files\\JetBrains\\PyCharm 2021.3\\bin\\pycharm64.exe\" ",
                "Product": "IntelliJ Platform"
            },
            "computer_name": "Elmo"
        }
    }
}