                "ProcessGuid": "{dd01dab0-72b3-6338-182c-010000004000}",
                "LogonGuid": "{dd01dab0-9c1c-6335-501d-c42000000000}",
                "IntegrityLevel": "High",
                "TerminalSessionId": "4",
                "CommandLine": "\"C:\\Program Files\\JetBrains\\PyCharm 2021.3\\bin\\runnerw.exe\" \"C:\\Program Files\\Git\\cmd\\git.exe\" -c credential.helper= -c core.quotepath=false -c log.showSignature=false status --porcelain -z --untracked-files=no --ignored=no -- client/sysmon/logs.py client/sysmon/sample_configs/sysmonconfig-export.xml client/sysmon/sysmon_configs/sysmonconfig-export.xml client/sysmon/winlogbeat/bat_files/check.bat client/sysmon/winlogbeat/bat_files/install.bat client/sysmon/winlogbeat/bat_files/start.bat client/sysmon/winlogbeat/bat_files/stop.bat client/sysmon/winlogbeat/winlogbeat_interface.py client/tempfiles/Logs/Sysmon/winlogbeat-20221001-1.ndjson client/tempfiles/Logs/Sysmon/winlogbeat-20221001.ndjson client/winlogbeat/bat_files/check.bat client/winlogbeat/bat_files/install.bat client/winlogbeat/bat_files/start.bat client/winlogbeat/bat_files/stop.bat client/winlogbeat/winlogbeat_interface.py",
                "FileVersion": "1.0.0.1",
                "ParentUser": "ELMO\\mrdor",
                "ParentCommandLine": "\"C:\\Program Files\\JetBrains\\PyCharm 2021.3\\bin\\pycharm64.exe\" ",
                "Company": "JetBrains s.r.o.",
                "CurrentDirectory": "C:\\Users\\mrdor\\PycharmProjects\\Hunterbee\\"
            },
            "provider_name": "Microsoft-Windows-Sysmon",
            "computer_name": "Elmo",
            "provider_guid": "{5770385f-c22a-43e0-bf4c-06f5698ffbd9}",
            "task": "Process Create (rule: ProcessCreate)"
        }
    },
    "22": {
        "@timestamp": "2022-10-01T17:02:43.254Z",
        "winlog": {
            "provider_guid": "{5770385f-c22a-43e0-bf4c-06f5698ffbd9}",
            "task": "Process Create (rule: ProcessCreate)",
            "computer_name": "Elmo",
            "event_data": {
                "ProcessId": "16428",
                "RuleName": "-",
                "Product": "Microsoft\u00c2\u00ae Windows\u00c2\u00ae Operating System",
                "ParentCommandLine": "\"C:\\Program Files\\JetBrains\\PyCharm 2021.3\\bin\\runnerw.exe\" \"C:\\Program Files\\Git\\cmd\\git.exe\" -c credential.helper= -c core.quotepath=false -c log.showSignature=false status --porcelain -z --untracked-files=no --ignored=no -- client/sysmon/logs.py client/sysmon/sample_configs/sysmonconfig-export.xml client/sysmon/sysmon_configs/sysmonconfig-export.xml client/sysmon/winlogbeat/bat_files/check.bat client/sysmon/winlogbeat/bat_files/install.bat client/sysmon/winlogbeat/bat_files/start.bat client/sysmon/winlogbeat/bat_files/stop.bat client/sysmon/winlogbeat/winlogbeat_interface.py client/tempfiles/Logs/Sysmon/winlogbeat-20221001-1.ndjson client/tempfiles/Logs/Sysmon/winlogbeat-20221001.ndjson client/winlogbeat/bat_files/check.bat client/winlogbeat/bat_files/install.bat client/winlogbeat/bat_files/start.bat client/winlogbeat/bat_files/stop.bat client/winlogbeat/winlogbeat_interface.py",
                "TerminalSessionId": "4",
                "OriginalFileName": "CONHOST.EXE",
                "User": "ELMO\\mrdor",
                "ParentImage": "C:\\Program Files\\JetBrains\\PyCharm 2021.3\\bin\\runnerw.exe",
                "Description": "Console Window Host",
                "Company": "Microsoft Corporation",
                "CommandLine": "\\??\\C:\\Windows\\system32\\conhost.exe 0xffffffff -ForceV1",
                "IntegrityLevel": "High",
                "LogonId": "0x20c41d50",
                "Image": "C:\\Windows\\System32\\conhost.exe",
                "CurrentDirectory": "C:\\Windows",
                "ParentProcessId": "18948",
                "ProcessGuid": "{dd01dab0-72b3-6338-192c-010000004000}",
                "ParentUser": "ELMO\\mrdor",
                "LogonGuid": "{dd01dab0-9c1c-6335-501d-c42000000000}",
                "FileVersion": "10.0.19041.1566 (WinBuild.160101.0800)",
                "ParentProcessGuid": "{dd01dab0-72b3-6338-182c-010000004000}",
                "Hashes": "MD5=0D698AF330FD17BEE3BF90011D49251D,SHA256=3C1C6D813D2B031D988204155FC198FE4F32FF56C05DABBCFCD5486131F4FB9D",
                "UtcTime": "2022-10-01 17:02:43.251"
            },
            "provider_name": "Microsoft-Windows-Sysmon"
        },
        "host": {
            "name": "Elmo",
            "ip": [
                "fe80::a124:aaad:caaa:fa18",
                "169.254.250.24",
                "fe80::6190:cebb:c47a:6085",
                "169.254.96.133",
                "fe80::64c9:75f2:e438:b0d8",
                "172.18.80.1",
                "fe80::d190:aca4:5de:d03c",
                "172.27.96.1",
                "fe80::b4d7:de0d:3edb:1bc4",
                "192.168.56.1",
                "fe80::f4db:5a2e:ad57:1420",
                "169.254.20.32",
                "fe80::d555:f80:832f:7ce5",
                "169.254.124.229",
                "fe80::9810:b4f4:77ea:e9a6",
                "169.254.233.166",
                "fe80::28a0:2b41:f083:29b0",
                "192.168.1.102",
                "fe80::b1a0:c04c:13f6:7545",
                "172.29.64.1",
                "fe80::c5b2:4950:2d20:bb68",
                "172.28.176.1",
                "fe80::d003:415c:ba1e:166c",
                "172.25.64.1",
                "fe80::b8d9:d9dd:b164:c469",
                "169.254.196.105"
            ]
        }
    },
    "23": {
        "@timestamp": "2022-10-01T17:02:43.393Z",
        "host": {
            "name": "Elmo",
            "ip": [
                "fe80::a124:aaad:caaa:fa18",
                "169.254.250.24",
                "fe80::6190:cebb:c47a:6085",
                "169.254.96.133",
                "fe80::64c9:75f2:e438:b0d8",
                "172.18.80.1",
                "fe80::d190:aca4:5de:d03c",
                "172.27.96.1",
                "fe80::b4d7:de0d:3edb:1bc4",
                "192.168.56.1",
                "fe80::f4db:5a2e:ad57:1420",
                "169.254.20.32",
                "fe80::d555:f80:832f:7ce5",
                "169.254.124.229",
                "fe80::9810:b4f4:77ea:e9a6",
                "169.254.233.166",
                "fe80::28a0:2b41:f083:29b0",
                "192.168.1.102",
                "fe80::b1a0:c04c:13f6:7545",
                "172.29.64.1",
                "fe80::c5b2:4950:2d20:bb68",
                "172.28.176.1",
                "fe80::d003:415c:ba1e:166c",
                "172.25.64.1",
                "fe80::b8d9:d9dd:b164:c469",
                "169.254.196.105"
            ]
        },
        "winlog": {
            "task": "Process Create (rule: ProcessCreate)",
            "provider_guid": "{5770385f-c22a-43e0-bf4c-06f5698ffbd9}",
            "provider_name": "Microsoft-Windows-Sysmon",
            "computer_name": "Elmo",
            "event_data": {
                "User": "ELMO\\mrdor",
                "IntegrityLevel": "High",
                "UtcTime": "2022-10-01 17:02:43.390",
                "FileVersion": "10.0.19041.1566 (WinBuild.160101.0800)",
                "LogonId": "0x20c41d50",
                "ParentImage": "C:\\Users\\mrdor\\PycharmProjects\\Kashf\\venv\\Scripts\\python.exe",
                "CurrentDirectory": "C:\\Windows",
                "TerminalSessionId": "4",
                "Product": "Microsoft\u00c2\u00ae Windows\u00c2\u00ae Operating System",
                "ParentProcessGuid": "{dd01dab0-72b3-6338-1c2c-010000004000}",
                "Image": "C:\\Windows\\System32\\conhost.exe",
                "ParentCommandLine": "C:\\Users\\mrdor\\PycharmProjects\\Kashf\\venv\\Scripts\\python.exe \"C:\\Program Files\\JetBrains\\PyCharm 2021.3\\plugins\\python\\helpers\\pycodestyle.py\" --max-line-length=120 -",
                "ProcessGuid": "{dd01dab0-72b3-6338-1d2c-010000004000}",
                "ProcessId": "5072",
                "Hashes": "MD5=0D698AF330FD17BEE3BF90011D49251D,SHA256=3C1C6D813D2B031D988204155FC198FE4F32FF56C05DABBCFCD5486131F4FB9D",
                "LogonGuid": "{dd01dab0-9c1c-6335-501d-c42000000000}",
                "ParentProcessId": "18908",
                "CommandLine": "\\??\\C:\\Windows\\system32\\conhost.exe 0xffffffff -ForceV1",
                "ParentUser": "ELMO\\mrdor",
                "Description": "Console Window Host",
                "Company": "Microsoft Corporation",
                "OriginalFileName": "CONHOST.EXE",
                "RuleName": "-"
            }
        }
    },
    "24": {
        "@timestamp": "2022-10-01T17:02:43.792Z",
        "winlog": {
            "provider_guid": "{5770385f-c22a-43e0-bf4c-06f5698ffbd9}",
            "provider_name": "Microsoft-Windows-Sysmon",
            "event_data": {
                "RuleName": "-",
                "LogonGuid": "{dd01dab0-9c1c-6335-501d-c42000000000}",
                "Description": "Console Window Host",
                "LogonId": "0x20c41d50",
                "OriginalFileName": "CONHOST.EXE",
                "CommandLine": "\\??\\C:\\Windows\\system32\\conhost.exe 0xffffffff -ForceV1",
                "TerminalSessionId": "4",
                "ProcessGuid": "{dd01dab0-72b3-6338-202c-010000004000}",
                "ParentCommandLine": "C:\\Users\\mrdor\\PycharmProjects\\Hunterbee\\venv\\Scripts\\python.exe \"C:\\Program Files\\JetBrains\\PyCharm 2021.3\\plugins\\python\\helpers\\pycodestyle.py\" --max-line-length=120 -",
                "Company": "Microsoft Corporation",
                "Image": "C:\\Windows\\System32\\conhost.exe",
                "FileVersion": "10.0.19041.1566 (WinBuild.160101.0800)",
                "ParentImage": "C:\\Users\\mrdor\\PycharmProjects\\Hunterbee\\venv\\Scripts\\python.exe",
                "ProcessId": "2676",
                "CurrentDirectory": "C:\\Windows",
                "User": "ELMO\\mrdor",
                "ParentProcessGuid": "{dd01dab0-72b3-6338-1f2c-010000004000}",
                "ParentUser": "ELMO\\mrdor",
                "ParentProcessId": "23100",
                "Product": "Microsoft\u00c2\u00ae Windows\u00c2\u00ae Operating System",
                "Hashes": "MD5=0D698AF330FD17BEE3BF90011D49251D,SHA256=3C1C6D813D2B031D988204155FC198FE4F32FF56C05DABBCFCD5486131F4FB9D",
                "UtcTime": "2022-10-01 17:02:43.789",
                "IntegrityLevel": "High"
            },
            "task": "Process Create (rule: ProcessCreate)",
            "computer_name": "Elmo"
        },
        "host": {
            "ip": [
                "fe80::a124:aaad:caaa:fa18",
                "169.254.250.24",
                "fe80::6190:cebb:c47a:6085",
                "169.254.96.133",
                "fe80::64c9:75f2:e438:b0d8",
                "172.18.80.1",
                "fe80::d190:aca4:5de:d03c",
                "172.27.96.1",
                "fe80::b4d7:de0d:3edb:1bc4",
                "192.168.56.1",
                "fe80::f4db:5a2e:ad57:1420",
                "169.254.20.32",
                "fe80::d555:f80:832f:7ce5",
                "169.254.124.229",
                "fe80::9810:b4f4:77ea:e9a6",
                "169.254.233.166",
                "fe80::28a0:2b41:f083:29b0",
                "192.168.1.102",
                "fe80::b1a0:c04c:13f6:7545",
                "172.29.64.1",
                "fe80::c5b2:4950:2d20:bb68",
                "172.28.176.1",
                "fe80::d003:415c:ba1e:166c",
                "172.25.64.1",
                "fe80::b8d9:d9dd:b164:c469",
                "169.254.196.105"
            ],
            "name": "Elmo"
        }
    },
    "25": {
        "@timestamp": "2022-10-01T17:02:46.043Z",
        "host": {
            "ip": [
                "fe80::a124:aaad:caaa:fa18",
                "169.254.250.24",
                "fe80::6190:cebb:c47a:6085",
                "169.254.96.133",
                "fe80::64c9:75f2:e438:b0d8",
                "172.18.80.1",
                "fe80::d190:aca4:5de:d03c",
                "172.27.96.1",
                "fe80::b4d7:de0d:3edb:1bc4",
                "192.168.56.1",
                "fe80::f4db:5a2e:ad57:1420",
                "169.254.20.32",
                "fe80::d555:f80:832f:7ce5",
                "169.254.124.229",
                "fe80::9810:b4f4:77ea:e9a6",
                "169.254.233.166",
                "fe80::28a0:2b41:f083:29b0",
                "192.168.1.102",
                "fe80::b1a0:c04c:13f6:7545",
                "172.29.64.1",
                "fe80::c5b2:4950:2d20:bb68",
                "172.28.176.1",
                "fe80::d003:415c:ba1e:166c",
                "172.25.64.1",
                "fe80::b8d9:d9dd:b164:c469",
                "169.254.196.105"
            ],
            "name": "Elmo"
        },
        "winlog": {
            "task": "Process Create (rule: ProcessCreate)",
            "event_data": {
                "LogonGuid": "{dd01dab0-9c1c-6335-501d-c42000000000}",
                "TerminalSessionId": "4",
                "Description": "Console Window Host",
                "Product": "Microsoft\u00c2\u00ae Windows\u00c2\u00ae Operating System",
                "CurrentDirectory": "C:\\Windows",
                "FileVersion": "10.0.19041.1566 (WinBuild.160101.0800)",
                "ParentCommandLine": "\"C:\\Program Files\\Git\\cmd\\git.exe\" -c core.quotepath=false -c log.showSignature=false cat-file --filters ac58cc886d8d4bcda71c9ed9d8d9af1ffbb7679e:server/server.py",
                "LogonId": "0x20c41d50",
                "Hashes": "MD5=0D698AF330FD17BEE3BF90011D49251D,SHA256=3C1C6D813D2B031D988204155FC198FE4F32FF56C05DABBCFCD5486131F4FB9D",
                "User": "ELMO\\mrdor",
                "CommandLine": "\\??\\C:\\Windows\\system32\\conhost.exe 0xffffffff -ForceV1",
                "ParentProcessGuid": "{dd01dab0-72b6-6338-222c-010000004000}",
                "ParentImage": "C:\\Program Files\\Git\\cmd\\git.exe",
                "Image": "C:\\Windows\\System32\\conhost.exe",
                "Company": "Microsoft Corporation",
                "UtcTime": "2022-10-01 17:02:46.040",
                "OriginalFileName": "CONHOST.EXE",
                "ProcessId": "792",
                "ProcessGuid": "{dd01dab0-72b6-6338-232c-010000004000}",
                "ParentUser": "ELMO\\mrdor",
                "IntegrityLevel": "High",
                "ParentProcessId": "10144",
                "RuleName": "-"
            },
            "provider_guid": "{5770385f-c22a-43e0-bf4c-06f5698ffbd9}",
            "provider_name": "Microsoft-Windows-Sysmon",
            "computer_name": "Elmo"
        }
    },
    "26": {
        "@timestamp": "2022-10-01T17:02:47.084Z",
        "host": {
            "name": "Elmo",
            "ip": [
                "fe80::a124:aaad:caaa:fa18",
                "169.254.250.24",
                "fe80::6190:cebb:c47a:6085",
                "169.254.96.133",
                "fe80::64c9:75f2:e438:b0d8",
                "172.18.80.1",
                "fe80::d190:aca4:5de:d03c",
                "172.27.96.1",
                "fe80::b4d7:de0d:3edb:1bc4",
                "192.168.56.1",
                "fe80::f4db:5a2e:ad57:1420",
                "169.254.20.32",
                "fe80::d555:f80:832f:7ce5",
                "169.254.124.229",
                "fe80::9810:b4f4:77ea:e9a6",
                "169.254.233.166",
                "fe80::28a0:2b41:f083:29b0",
                "192.168.1.102",
                "fe80::b1a0:c04c:13f6:7545",
                "172.29.64.1",
                "fe80::c5b2:4950:2d20:bb68",
                "172.28.176.1",
                "fe80::d003:415c:ba1e:166c",
                "172.25.64.1",
                "fe80::b8d9:d9dd:b164:c469",
                "169.254.196.105"
            ]
        },
        "winlog": {
            "provider_guid": "{5770385f-c22a-43e0-bf4c-06f5698ffbd9}",
            "computer_name": "Elmo",
            "task": "Process Create (rule: ProcessCreate)",
            "event_data": {
                "Description": "Console Window Host",
                "Product": "Microsoft\u00c2\u00ae Windows\u00c2\u00ae Operating System",
                "LogonGuid": "{dd01dab0-9c1c-6335-501d-c42000000000}",
                "ProcessId": "23252",
                "UtcTime": "2022-10-01 17:02:47.082",
                "CommandLine": "\\??\\C:\\Windows\\system32\\conhost.exe 0xffffffff -ForceV1",
                "IntegrityLevel": "High",
                "ProcessGuid": "{dd01dab0-72b7-6338-262c-010000004000}",
                "ParentUser": "ELMO\\mrdor",
                "User": "ELMO\\mrdor",
                "TerminalSessionId": "4",
                "RuleName": "-",
                "ParentProcessId": "22656",
                "OriginalFileName": "CONHOST.EXE",
                "FileVersion": "10.0.19041.1566 (WinBuild.160101.0800)",
                "ParentProcessGuid": "{dd01dab0-72b7-6338-252c-010000004000}",
                "ParentImage": "C:\\Users\\mrdor\\PycharmProjects\\Hunterbee\\venv\\Scripts\\python.exe",
                "CurrentDirectory": "C:\\Windows",
                "LogonId": "0x20c41d50",
                "Image": "C:\\Windows\\System32\\conhost.exe",
                "Hashes": "MD5=0D698AF330FD17BEE3BF90011D49251D,SHA256=3C1C6D813D2B031D988204155FC198FE4F32FF56C05DABBCFCD5486131F4FB9D",
                "ParentCommandLine": "C:\\Users\\mrdor\\PycharmProjects\\Hunterbee\\venv\\Scripts\\python.exe \"C:\\Program Files\\JetBrains\\PyCharm 2021.3\\plugins\\python\\helpers\\pycodestyle.py\" --max-line-length=120 -",
                "Company": "Microsoft Corporation"
            },
            "provider_name": "Microsoft-Windows-Sysmon"
        }
    },
    "27": {
        "@timestamp": "2022-10-01T17:02:47.261Z",
        "host": {
            "name": "Elmo",
            "ip": [
                "fe80::a124:aaad:caaa:fa18",
                "169.254.250.24",
                "fe80::6190:cebb:c47a:6085",
                "169.254.96.133",
                "fe80::64c9:75f2:e438:b0d8",
                "172.18.80.1",
                "fe80::d190:aca4:5de:d03c",
                "172.27.96.1",
                "fe80::b4d7:de0d:3edb:1bc4",
                "192.168.56.1",
                "fe80::f4db:5a2e:ad57:1420",
                "169.254.20.32",
                "fe80::d555:f80:832f:7ce5",
                "169.254.124.229",
                "fe80::9810:b4f4:77ea:e9a6",
                "169.254.233.166",
                "fe80::28a0:2b41:f083:29b0",
                "192.168.1.102",
                "fe80::b1a0:c04c:13f6:7545",
                "172.29.64.1",
                "fe80::c5b2:4950:2d20:bb68",
                "172.28.176.1",
                "fe80::d003:415c:ba1e:166c",
                "172.25.64.1",
                "fe80::b8d9:d9dd:b164:c469",
                "169.254.196.105"
            ]
        },
        "winlog": {
            "event_data": {
                "OriginalFileName": "CONHOST.EXE",
                "LogonId": "0x20c41d50",
                "CurrentDirectory": "C:\\Windows",
                "TerminalSessionId": "4",
                "RuleName": "-",
                "Company": "Microsoft Corporation",
                "CommandLine": "\\??\\C:\\Windows\\system32\\conhost.exe 0xffffffff -ForceV1",
                "IntegrityLevel": "High",
                "ParentProcessGuid": "{dd01dab0-72b7-6338-282c-010000004000}",
                "ProcessGuid": "{dd01dab0-72b7-6338-292c-010000004000}",
                "ParentUser": "ELMO\\mrdor",
                "Hashes": "MD5=0D698AF330FD17BEE3BF90011D49251D,SHA256=3C1C6D813D2B031D988204155FC198FE4F32FF56C05DABBCFCD5486131F4FB9D",
                "ProcessId": "22472",
                "Image": "C:\\Windows\\System32\\conhost.exe",
                "UtcTime": "2022-10-01 17:02:47.258",
                "Description": "Console Window Host",
                "ParentProcessId": "23548",
                "ParentCommandLine": "C:\\Users\\mrdor\\PycharmProjects\\Hunterbee\\venv\\Scripts\\python.exe C:/Users/mrdor/PycharmProjects/Hunterbee/server/server.py",
                "Product": "Microsoft\u00c2\u00ae Windows\u00c2\u00ae Operating System",
                "FileVersion": "10.0.19041.1566 (WinBuild.160101.0800)",
                "User": "ELMO\\mrdor",
                "LogonGuid": "{dd01dab0-9c1c-6335-501d-c42000000000}",
                "ParentImage": "C:\\Users\\mrdor\\PycharmProjects\\Hunterbee\\venv\\Scripts\\python.exe"
            },
            "provider_name": "Microsoft-Windows-Sysmon",
            "computer_name": "Elmo",
            "provider_guid": "{5770385f-c22a-43e0-bf4c-06f5698ffbd9}",
            "task": "Process Create (rule: ProcessCreate)"
        }
    },
    "28": {
        "@timestamp": "2022-10-01T17:02:50.178Z",
        "winlog": {
            "provider_guid": "{5770385f-c22a-43e0-bf4c-06f5698ffbd9}",
            "event_data": {
                "CommandLine": "\"C:\\Program Files\\JetBrains\\PyCharm 2021.3\\bin\\runnerw.exe\" \"C:\\Program Files\\Git\\cmd\\git.exe\" -c credential.helper= -c core.quotepath=false -c log.showSignature=false status --porcelain -z --untracked-files=no --ignored=no -- .idea/workspace.xml client/sysmon/logs.py client/sysmon/sample_configs/sysmonconfig-export.xml client/sysmon/sysmon_configs/sysmonconfig-export.xml client/sysmon/winlogbeat/bat_files/check.bat client/sysmon/winlogbeat/bat_files/install.bat client/sysmon/winlogbeat/bat_files/start.bat client/sysmon/winlogbeat/bat_files/stop.bat client/sysmon/winlogbeat/winlogbeat_interface.py client/winlogbeat/bat_files/check.bat client/winlogbeat/bat_files/install.bat client/winlogbeat/bat_files/start.bat client/winlogbeat/bat_files/stop.bat client/winlogbeat/winlogbeat_interface.py",
                "LogonId": "0x20c41d50",
                "TerminalSessionId": "4",
                "ParentCommandLine": "\"C:\\Program Files\\JetBrains\\PyCharm 2021.3\\bin\\pycharm64.exe\" ",
                "RuleName": "-",
                "ProcessId": "19272",
                "ParentProcessId": "5728",
                "Company": "JetBrains s.r.o.",
                "IntegrityLevel": "High",
                "FileVersion": "1.0.0.1",
                "ProcessGuid": "{dd01dab0-72ba-6338-2b2c-010000004000}",
                "Product": "IntelliJ Platform",
                "Hashes": "MD5=23E6EC0009C0C7081DB498A691B89E87,SHA256=4B763DE958DD9B0C8F9390EC8D033AD848D3BD432AA031BAA8911B1AD8914E13",
                "ParentProcessGuid": "{dd01dab0-5d45-6338-f024-010000004000}",
                "ParentUser": "ELMO\\mrdor",
                "Image": "C:\\Program Files\\JetBrains\\PyCharm 2021.3\\bin\\runnerw.exe",
                "LogonGuid": "{dd01dab0-9c1c-6335-501d-c42000000000}",
                "Description": "Command line runner",
                "UtcTime": "2022-10-01 17:02:50.176",
                "CurrentDirectory": "C:\\Users\\mrdor\\PycharmProjects\\Hunterbee\\",
                "OriginalFileName": "runnerw.exe",
                "ParentImage": "C:\\Program Files\\JetBrains\\PyCharm 2021.3\\bin\\pycharm64.exe",
                "User": "ELMO\\mrdor"
            },
            "computer_name": "Elmo",
            "task": "Process Create (rule: ProcessCreate)",
            "provider_name": "Microsoft-Windows-Sysmon"
        },
        "host": {
            "ip": [
                "fe80::a124:aaad:caaa:fa18",
                "169.254.250.24",
                "fe80::6190:cebb:c47a:6085",
                "169.254.96.133",
                "fe80::64c9:75f2:e438:b0d8",
                "172.18.80.1",
                "fe80::d190:aca4:5de:d03c",
                "172.27.96.1",
                "fe80::b4d7:de0d:3edb:1bc4",
                "192.168.56.1",
                "fe80::f4db:5a2e:ad57:1420",
                "169.254.20.32",
                "fe80::d555:f80:832f:7ce5",
                "169.254.124.229",
                "fe80::9810:b4f4:77ea:e9a6",
                "169.254.233.166",
                "fe80::28a0:2b41:f083:29b0",
                "192.168.1.102",
                "fe80::b1a0:c04c:13f6:7545",
                "172.29.64.1",
                "fe80::c5b2:4950:2d20:bb68",
                "172.28.176.1",
                "fe80::d003:415c:ba1e:166c",
                "172.25.64.1",
                "fe80::b8d9:d9dd:b164:c469",
                "169.254.196.105"
            ],
            "name": "Elmo"
        }
    },
    "29": {
        "@timestamp": "2022-10-01T17:02:50.182Z",
        "host": {
            "name": "Elmo",
            "ip": [
                "fe80::a124:aaad:caaa:fa18",
                "169.254.250.24",
                "fe80::6190:cebb:c47a:6085",
                "169.254.96.133",
                "fe80::64c9:75f2:e438:b0d8",
                "172.18.80.1",
                "fe80::d190:aca4:5de:d03c",
                "172.27.96.1",
                "fe80::b4d7:de0d:3edb:1bc4",
                "192.168.56.1",
                "fe80::f4db:5a2e:ad57:1420",
                "169.254.20.32",
                "fe80::d555:f80:832f:7ce5",
                "169.254.124.229",
                "fe80::9810:b4f4:77ea:e9a6",
                "169.254.233.166",
                "fe80::28a0:2b41:f083:29b0",
                "192.168.1.102",
                "fe80::b1a0:c04c:13f6:7545",
                "172.29.64.1",
                "fe80::c5b2:4950:2d20:bb68",
                "172.28.176.1",
                "fe80::d003:415c:ba1e:166c",
                "172.25.64.1",
                "fe80::b8d9:d9dd:b164:c469",
                "169.254.196.105"
            ]
        },
        "winlog": {
            "provider_guid": "{5770385f-c22a-43e0-bf4c-06f5698ffbd9}",
            "provider_name": "Microsoft-Windows-Sysmon",
            "computer_name": "Elmo",
            "task": "Process Create (rule: ProcessCreate)",
            "event_data": {
                "TerminalSessionId": "4",
                "Product": "Microsoft\u00c2\u00ae Windows\u00c2\u00ae Operating System",
                "CurrentDirectory": "C:\\Windows",
                "FileVersion": "10.0.19041.1566 (WinBuild.160101.0800)",
                "ParentProcessId": "19272",
                "RuleName": "-",
                "Hashes": "MD5=0D698AF330FD17BEE3BF90011D49251D,SHA256=3C1C6D813D2B031D988204155FC198FE4F32FF56C05DABBCFCD5486131F4FB9D",
                "ProcessGuid": "{dd01dab0-72ba-6338-2c2c-010000004000}",
                "ParentProcessGuid": "{dd01dab0-72ba-6338-2b2c-010000004000}",
                "Company": "Microsoft Corporation",
                "ParentUser": "ELMO\\mrdor",
                "UtcTime": "2022-10-01 17:02:50.180",
                "OriginalFileName": "CONHOST.EXE",
                "IntegrityLevel": "High",
                "ProcessId": "11456",
                "Image": "C:\\Windows\\System32\\conhost.exe",
                "Description": "Console Window Host",
                "LogonId": "0x20c41d50",
                "CommandLine": "\\??\\C:\\Windows\\system32\\conhost.exe 0xffffffff -ForceV1",
                "LogonGuid": "{dd01dab0-9c1c-6335-501d-c42000000000}",
                "ParentImage": "C:\\Program Files\\JetBrains\\PyCharm 2021.3\\bin\\runnerw.exe",
                "ParentCommandLine": "\"C:\\Program Files\\JetBrains\\PyCharm 2021.3\\bin\\runnerw.exe\" \"C:\\Program Files\\Git\\cmd\\git.exe\" -c credential.helper= -c core.quotepath=false -c log.showSignature=false status --porcelain -z --untracked-files=no --ignored=no -- .idea/workspace.xml client/sysmon/logs.py client/sysmon/sample_configs/sysmonconfig-export.xml client/sysmon/sysmon_configs/sysmonconfig-export.xml client/sysmon/winlogbeat/bat_files/check.bat client/sysmon/winlogbeat/bat_files/install.bat client/sysmon/winlogbeat/bat_files/start.bat client/sysmon/winlogbeat/bat_files/stop.bat client/sysmon/winlogbeat/winlogbeat_interface.py client/winlogbeat/bat_files/check.bat client/winlogbeat/bat_files/install.bat client/winlogbeat/bat_files/start.bat client/winlogbeat/bat_files/stop.bat client/winlogbeat/winlogbeat_interface.py",
                "User": "ELMO\\mrdor"
            }
        }
    },
    "30": {
        "@timestamp": "2022-10-01T17:02:52.123Z",
        "host": {
            "ip": [
                "fe80::a124:aaad:caaa:fa18",
                "169.254.250.24",
                "fe80::6190:cebb:c47a:6085",
                "169.254.96.133",
                "fe80::64c9:75f2:e438:b0d8",
                "172.18.80.1",
                "fe80::d190:aca4:5de:d03c",
                "172.27.96.1",
                "fe80::b4d7:de0d:3edb:1bc4",
                "192.168.56.1",
                "fe80::f4db:5a2e:ad57:1420",
                "169.254.20.32",
                "fe80::d555:f80:832f:7ce5",
                "169.254.124.229",
                "fe80::9810:b4f4:77ea:e9a6",
                "169.254.233.166",
                "fe80::28a0:2b41:f083:29b0",
                "192.168.1.102",
                "fe80::b1a0:c04c:13f6:7545",
                "172.29.64.1",
                "fe80::c5b2:4950:2d20:bb68",
                "172.28.176.1",
                "fe80::d003:415c:ba1e:166c",
                "172.25.64.1",
                "fe80::b8d9:d9dd:b164:c469",
                "169.254.196.105"
            ],
            "name": "Elmo"
        },
        "winlog": {
            "task": "Process Create (rule: ProcessCreate)",
            "provider_guid": "{5770385f-c22a-43e0-bf4c-06f5698ffbd9}",
            "provider_name": "Microsoft-Windows-Sysmon",
            "computer_name": "Elmo",
            "event_data": {
                "Hashes": "MD5=B0BD1FF76F58006D879FEE68A1241528,SHA256=03155D327C65A8768C571018132E17336FA38349EB0C96E9CBBF5EA905ED750E",
                "ParentCommandLine": "\"C:\\Program Files\\Google\\Chrome\\Application\\chrome.exe\" ",
                "FileVersion": "105.0.5195.127",
                "OriginalFileName": "chrome.exe",
                "RuleName": "-",
                "ParentImage": "C:\\Program Files\\Google\\Chrome\\Application\\chrome.exe",
                "LogonGuid": "{dd01dab0-9c1d-6335-ea32-c42000000000}",
                "LogonId": "0x20c432ea",
                "TerminalSessionId": "4",
                "ParentProcessId": "10148",
                "Product": "Google Chrome",
                "Company": "Google LLC",
                "UtcTime": "2022-10-01 17:02:52.121",
                "CommandLine": "\"C:\\Program Files\\Google\\Chrome\\Application\\chrome.exe\" --type=renderer --extension-process --display-capture-permissions-policy-allowed --lang=en-US --device-scale-factor=1 --num-raster-threads=4 --enable-main-frame-before-activation --renderer-client-id=2854 --launch-time-ticks=1205301105300 --mojo-platform-channel-handle=8948 --field-trial-handle=1796,i,14988065249277015715,17380255830629821243,131072 --enable-features=ParallelDownloading /prefetch:1",
                "ProcessId": "10176",
                "Image": "C:\\Program Files\\Google\\Chrome\\Application\\chrome.exe",
                "ParentUser": "ELMO\\mrdor",
                "ProcessGuid": "{dd01dab0-72bc-6338-2f2c-010000004000}",
                "IntegrityLevel": "Low",
                "Description": "Google Chrome",
                "CurrentDirectory": "C:\\Program Files\\Google\\Chrome\\Application\\105.0.5195.127\\",
                "ParentProcessGuid": "{dd01dab0-9e59-6335-13eb-000000004000}",
                "User": "ELMO\\mrdor"
            }
        }
    },
    "31": {
        "@timestamp": "2022-10-01T17:02:52.232Z",
        "host": {
            "ip": [
                "fe80::a124:aaad:caaa:fa18",
                "169.254.250.24",
                "fe80::6190:cebb:c47a:6085",
                "169.254.96.133",
                "fe80::64c9:75f2:e438:b0d8",
                "172.18.80.1",
                "fe80::d190:aca4:5de:d03c",
                "172.27.96.1",
                "fe80::b4d7:de0d:3edb:1bc4",
                "192.168.56.1",
                "fe80::f4db:5a2e:ad57:1420",
                "169.254.20.32",
                "fe80::d555:f80:832f:7ce5",
                "169.254.124.229",
                "fe80::9810:b4f4:77ea:e9a6",
                "169.254.233.166",
                "fe80::28a0:2b41:f083:29b0",
                "192.168.1.102",
                "fe80::b1a0:c04c:13f6:7545",
                "172.29.64.1",
                "fe80::c5b2:4950:2d20:bb68",
                "172.28.176.1",
                "fe80::d003:415c:ba1e:166c",
                "172.25.64.1",
                "fe80::b8d9:d9dd:b164:c469",
                "169.254.196.105"
            ],
            "name": "Elmo"
        },
        "winlog": {
            "event_data": {
                "ParentProcessGuid": "{dd01dab0-9e59-6335-13eb-000000004000}",
                "Image": "C:\\Program Files\\Google\\Chrome\\Application\\chrome.exe",
                "CurrentDirectory": "C:\\Program Files\\Google\\Chrome\\Application\\105.0.5195.127\\",
                "IntegrityLevel": "Low",
                "CommandLine": "\"C:\\Program Files\\Google\\Chrome\\Application\\chrome.exe\" --type=renderer --display-capture-permissions-policy-allowed --lang=en-US --device-scale-factor=1 --num-raster-threads=4 --enable-main-frame-before-activation --renderer-client-id=2855 --launch-time-ticks=1205301213631 --mojo-platform-channel-handle=6576 --field-trial-handle=1796,i,14988065249277015715,17380255830629821243,131072 --enable-features=ParallelDownloading /prefetch:1",
                "LogonGuid": "{dd01dab0-9c1d-6335-ea32-c42000000000}",
                "ProcessId": "1052",
                "Hashes": "MD5=B0BD1FF76F58006D879FEE68A1241528,SHA256=03155D327C65A8768C571018132E17336FA38349EB0C96E9CBBF5EA905ED750E",
                "LogonId": "0x20c432ea",
                "FileVersion": "105.0.5195.127",
                "UtcTime": "2022-10-01 17:02:52.229",
                "ParentProcessId": "10148",
                "ParentImage": "C:\\Program Files\\Google\\Chrome\\Application\\chrome.exe",
                "RuleName": "-",
                "ParentUser": "ELMO\\mrdor",
                "Description": "Google Chrome",
                "User": "ELMO\\mrdor",
                "OriginalFileName": "chrome.exe",
                "TerminalSessionId": "4",
                "ProcessGuid": "{dd01dab0-72bc-6338-302c-010000004000}",
                "Company": "Google LLC",
                "ParentCommandLine": "\"C:\\Program Files\\Google\\Chrome\\Application\\chrome.exe\" ",
                "Product": "Google Chrome"
            },
            "provider_guid": "{5770385f-c22a-43e0-bf4c-06f5698ffbd9}",
            "provider_name": "Microsoft-Windows-Sysmon",
            "task": "Process Create (rule: ProcessCreate)",
            "computer_name": "Elmo"
        }
    },
    "32": {
        "@timestamp": "2022-10-01T17:02:55.386Z",
        "winlog": {
            "provider_guid": "{5770385f-c22a-43e0-bf4c-06f5698ffbd9}",
            "event_data": {
                "Hashes": "MD5=23E6EC0009C0C7081DB498A691B89E87,SHA256=4B763DE958DD9B0C8F9390EC8D033AD848D3BD432AA031BAA8911B1AD8914E13",
                "ParentImage": "C:\\Program Files\\JetBrains\\PyCharm 2021.3\\bin\\pycharm64.exe",
                "CommandLine": "\"C:\\Program Files\\JetBrains\\PyCharm 2021.3\\bin\\runnerw.exe\" \"C:\\Program Files\\Git\\cmd\\git.exe\" -c credential.helper= -c core.quotepath=false -c log.showSignature=false status --porcelain -z --untracked-files=no --ignored=no -- client/sysmon/logs.py client/sysmon/sample_configs/sysmonconfig-export.xml client/sysmon/sysmon_configs/sysmonconfig-export.xml client/sysmon/winlogbeat/bat_files/check.bat client/sysmon/winlogbeat/bat_files/install.bat client/sysmon/winlogbeat/bat_files/start.bat client/sysmon/winlogbeat/bat_files/stop.bat client/sysmon/winlogbeat/winlogbeat_interface.py client/tempfiles/Logs/Sysmon/winlogbeat-20221001-1.ndjson client/winlogbeat/bat_files/check.bat client/winlogbeat/bat_files/install.bat client/winlogbeat/bat_files/start.bat client/winlogbeat/bat_files/stop.bat client/winlogbeat/winlogbeat_interface.py",
                "LogonGuid": "{dd01dab0-9c1c-6335-501d-c42000000000}",
                "ProcessId": "10472",
                "FileVersion": "1.0.0.1",
                "ParentProcessId": "5728",
                "ProcessGuid": "{dd01dab0-72bf-6338-312c-010000004000}",
                "ParentCommandLine": "\"C:\\Program Files\\JetBrains\\PyCharm 2021.3\\bin\\pycharm64.exe\" ",
                "OriginalFileName": "runnerw.exe",
                "ParentProcessGuid": "{dd01dab0-5d45-6338-f024-010000004000}",
                "RuleName": "-",
                "ParentUser": "ELMO\\mrdor",
                "Product": "IntelliJ Platform",
                "CurrentDirectory": "C:\\Users\\mrdor\\PycharmProjects\\Hunterbee\\",
                "Image": "C:\\Program Files\\JetBrains\\PyCharm 2021.3\\bin\\runnerw.exe",
                "Company": "JetBrains s.r.o.",
                "IntegrityLevel": "High",
                "UtcTime": "2022-10-01 17:02:55.383",
                "TerminalSessionId": "4",
                "User": "ELMO\\mrdor",
                "Description": "Command line runner",
                "LogonId": "0x20c41d50"
            },
            "provider_name": "Microsoft-Windows-Sysmon",
            "computer_name": "Elmo",
            "task": "Process Create (rule: ProcessCreate)"
        },
        "host": {
            "ip": [
                "fe80::a124:aaad:caaa:fa18",
                "169.254.250.24",
                "fe80::6190:cebb:c47a:6085",
                "169.254.96.133",
                "fe80::64c9:75f2:e438:b0d8",
                "172.18.80.1",
                "fe80::d190:aca4:5de:d03c",
                "172.27.96.1",
                "fe80::b4d7:de0d:3edb:1bc4",
                "192.168.56.1",
                "fe80::f4db:5a2e:ad57:1420",
                "169.254.20.32",
                "fe80::d555:f80:832f:7ce5",
                "169.254.124.229",
                "fe80::9810:b4f4:77ea:e9a6",
                "169.254.233.166",
                "fe80::28a0:2b41:f083:29b0",
                "192.168.1.102",
                "fe80::b1a0:c04c:13f6:7545",
                "172.29.64.1",
                "fe80::c5b2:4950:2d20:bb68",
                "172.28.176.1",
                "fe80::d003:415c:ba1e:166c",
                "172.25.64.1",
                "fe80::b8d9:d9dd:b164:c469",
                "169.254.196.105"
            ],
            "name": "Elmo"
        }
    },
    "33": {
        "@timestamp": "2022-10-01T17:02:55.390Z",
        "host": {
            "name": "Elmo",
            "ip": [
                "fe80::a124:aaad:caaa:fa18",
                "169.254.250.24",
                "fe80::6190:cebb:c47a:6085",
                "169.254.96.133",
                "fe80::64c9:75f2:e438:b0d8",
                "172.18.80.1",
                "fe80::d190:aca4:5de:d03c",
                "172.27.96.1",
                "fe80::b4d7:de0d:3edb:1bc4",
                "192.168.56.1",
                "fe80::f4db:5a2e:ad57:1420",
                "169.254.20.32",
                "fe80::d555:f80:832f:7ce5",
                "169.254.124.229",
                "fe80::9810:b4f4:77ea:e9a6",
                "169.254.233.166",
                "fe80::28a0:2b41:f083:29b0",
                "192.168.1.102",
                "fe80::b1a0:c04c:13f6:7545",
                "172.29.64.1",
                "fe80::c5b2:4950:2d20:bb68",
                "172.28.176.1",
                "fe80::d003:415c:ba1e:166c",
                "172.25.64.1",
                "fe80::b8d9:d9dd:b164:c469",
                "169.254.196.105"
            ]
        },
        "winlog": {
            "task": "Process Create (rule: ProcessCreate)",
            "provider_guid": "{5770385f-c22a-43e0-bf4c-06f5698ffbd9}",
            "provider_name": "Microsoft-Windows-Sysmon",
            "computer_name": "Elmo",
            "event_data": {
                "RuleName": "-",
                "Description": "Console Window Host",
                "LogonGuid": "{dd01dab0-9c1c-6335-501d-c42000000000}",
                "ParentProcessId": "10472",
                "Hashes": "MD5=0D698AF330FD17BEE3BF90011D49251D,SHA256=3C1C6D813D2B031D988204155FC198FE4F32FF56C05DABBCFCD5486131F4FB9D",
                "ProcessGuid": "{dd01dab0-72bf-6338-322c-010000004000}",
                "ProcessId": "744",
                "OriginalFileName": "CONHOST.EXE",
                "TerminalSessionId": "4",
                "User": "ELMO\\mrdor",
                "ParentImage": "C:\\Program Files\\JetBrains\\PyCharm 2021.3\\bin\\runnerw.exe",
                "ParentCommandLine": "\"C:\\Program Files\\JetBrains\\PyCharm 2021.3\\bin\\runnerw.exe\" \"C:\\Program Files\\Git\\cmd\\git.exe\" -c credential.helper= -c core.quotepath=false -c log.showSignature=false status --porcelain -z --untracked-files=no --ignored=no -- client/sysmon/logs.py client/sysmon/sample_configs/sysmonconfig-export.xml client/sysmon/sysmon_configs/sysmonconfig-export.xml client/sysmon/winlogbeat/bat_files/check.bat client/sysmon/winlogbeat/bat_files/install.bat client/sysmon/winlogbeat/bat_files/start.bat client/sysmon/winlogbeat/bat_files/stop.bat client/sysmon/winlogbeat/winlogbeat_interface.py client/tempfiles/Logs/Sysmon/winlogbeat-20221001-1.ndjson client/winlogbeat/bat_files/check.bat client/winlogbeat/bat_files/install.bat client/winlogbeat/bat_files/start.bat client/winlogbeat/bat_files/stop.bat client/winlogbeat/winlogbeat_interface.py",
                "UtcTime": "2022-10-01 17:02:55.387",
                "Image": "C:\\Windows\\System32\\conhost.exe",
                "CurrentDirectory": "C:\\Windows",
                "LogonId": "0x20c41d50",
                "ParentProcessGuid": "{dd01dab0-72bf-6338-312c-010000004000}",
                "IntegrityLevel": "High",
                "CommandLine": "\\??\\C:\\Windows\\system32\\conhost.exe 0xffffffff -ForceV1",
                "ParentUser": "ELMO\\mrdor",
                "FileVersion": "10.0.19041.1566 (WinBuild.160101.0800)",
                "Product": "Microsoft\u00c2\u00ae Windows\u00c2\u00ae Operating System",
                "Company": "Microsoft Corporation"
            }
        }
    },
    "34": {
        "@timestamp": "2022-10-01T17:02:55.625Z",
        "host": {
            "name": "Elmo",
            "ip": [
                "fe80::a124:aaad:caaa:fa18",
                "169.254.250.24",
                "fe80::6190:cebb:c47a:6085",
                "169.254.96.133",
                "fe80::64c9:75f2:e438:b0d8",
                "172.18.80.1",
                "fe80::d190:aca4:5de:d03c",
                "172.27.96.1",
                "fe80::b4d7:de0d:3edb:1bc4",
                "192.168.56.1",
                "fe80::f4db:5a2e:ad57:1420",
                "169.254.20.32",
                "fe80::d555:f80:832f:7ce5",
                "169.254.124.229",
                "fe80::9810:b4f4:77ea:e9a6",
                "169.254.233.166",
                "fe80::28a0:2b41:f083:29b0",
                "192.168.1.102",
                "fe80::b1a0:c04c:13f6:7545",
                "172.29.64.1",
                "fe80::c5b2:4950:2d20:bb68",
                "172.28.176.1",
                "fe80::d003:415c:ba1e:166c",
                "172.25.64.1",
                "fe80::b8d9:d9dd:b164:c469",
                "169.254.196.105"
            ]
        },
        "winlog": {
            "provider_guid": "{5770385f-c22a-43e0-bf4c-06f5698ffbd9}",
            "event_data": {
                "Product": "Microsoft\u00c2\u00ae Windows\u00c2\u00ae Operating System",
                "Hashes": "MD5=0D698AF330FD17BEE3BF90011D49251D,SHA256=3C1C6D813D2B031D988204155FC198FE4F32FF56C05DABBCFCD5486131F4FB9D",
                "ParentUser": "ELMO\\mrdor",
                "User": "ELMO\\mrdor",
                "ParentImage": "C:\\Users\\mrdor\\PycharmProjects\\Hunterbee\\venv\\Scripts\\python.exe",
                "FileVersion": "10.0.19041.1566 (WinBuild.160101.0800)",
                "CurrentDirectory": "C:\\Windows",
                "Description": "Console Window Host",
                "ProcessId": "2552",
                "LogonId": "0x20c41d50",
                "OriginalFileName": "CONHOST.EXE",
                "Company": "Microsoft Corporation",
                "ParentProcessGuid": "{dd01dab0-72bf-6338-352c-010000004000}",
                "IntegrityLevel": "High",
                "RuleName": "-",
                "Image": "C:\\Windows\\System32\\conhost.exe",
                "TerminalSessionId": "4",
                "ParentProcessId": "8884",
                "UtcTime": "2022-10-01 17:02:55.623",
                "CommandLine": "\\??\\C:\\Windows\\system32\\conhost.exe 0xffffffff -ForceV1",
                "ParentCommandLine": "C:\\Users\\mrdor\\PycharmProjects\\Hunterbee\\venv\\Scripts\\python.exe \"C:\\Program Files\\JetBrains\\PyCharm 2021.3\\plugins\\python\\helpers\\pycodestyle.py\" --max-line-length=120 -",
                "ProcessGuid": "{dd01dab0-72bf-6338-362c-010000004000}",
                "LogonGuid": "{dd01dab0-9c1c-6335-501d-c42000000000}"
            },
            "provider_name": "Microsoft-Windows-Sysmon",
            "computer_name": "Elmo",
            "task": "Process Create (rule: ProcessCreate)"
        }
    }
}